------------Execute (split_train_val_test)------------
rTrain: 0.6, rVal: 0.2, rTest: 0.2, alpha: 0.5, num_clients: 10
Total number of data row in law.csv: 20798
Total number of Training datasets: 12480
Total number of Testing datasets: 4159
Total number of Validation datasets: 4159
ratio :
[[1.62508556e-02 8.15309979e-02 1.01524514e-01 2.94865451e-02
  4.05467163e-02 2.07008525e-01 3.88505478e-01 4.28257315e-02
  4.74745638e-02 4.48460726e-02]
 [4.62716731e-01 2.37487553e-02 9.66888421e-02 1.60937211e-03
  1.75564289e-01 1.00316752e-01 7.97067119e-03 2.77842202e-02
  1.66598262e-03 1.01934385e-01]
 [2.06909979e-01 9.25826722e-03 1.99074242e-01 1.13626173e-02
  2.39561487e-01 1.77889314e-05 4.01530341e-02 5.41293223e-02
  2.90413291e-02 2.10491933e-01]
 [1.88961125e-01 2.50239982e-03 7.45936831e-02 3.97808514e-01
  2.00556470e-03 2.93327708e-03 2.24532274e-01 4.82119193e-02
  5.40638535e-02 4.38738955e-03]]
Total number of data row in dataset: 12480
Total number of clients datasets: 10
----------------(start splitting client datasets from adult_used.csv)----------------
client 1 training data (933, 12)
client 2 training data (822, 12)
client 3 training data (1386, 12)
client 4 training data (518, 12)
client 5 training data (879, 12)
client 6 training data (2086, 12)
client 7 training data (3947, 12)
client 8 training data (539, 12)
client 9 training data (530, 12)
client 10 training data (840, 12)
----------------(finish splitting client datasets took 0.41556453704833984)----------------
------------Done (split_train_val_test)------------
