------------Execute (split_train_val_test)------------
rTrain: 0.6, rVal: 0.2, rTest: 0.2, alpha: 0.5, num_clients: 10
Total number of data row in law.csv: 20798
Total number of Training datasets: 12480
Total number of Testing datasets: 4159
Total number of Validation datasets: 4159
ratio :
[[8.16830931e-02 4.92574188e-01 2.44196505e-01 8.08251464e-05
  1.50849828e-02 2.63156661e-02 2.74568446e-03 2.95580886e-02
  3.01857302e-03 1.04742394e-01]
 [4.11579109e-02 1.95012726e-02 4.29756225e-01 5.97805541e-03
  1.00986380e-02 4.84860122e-02 8.01554160e-02 3.00420598e-02
  2.31592760e-01 1.03231651e-01]
 [2.98477343e-02 1.40078657e-01 3.16505875e-04 5.96437798e-02
  1.35750048e-01 1.45814646e-01 3.65172189e-01 6.65026710e-02
  4.98595301e-02 7.01423844e-03]
 [1.05326429e-01 7.31309735e-02 3.49425955e-03 1.67437863e-02
  8.07564384e-02 4.82147024e-01 3.14389772e-03 1.05424278e-04
  1.93684989e-01 4.14667782e-02]]
Total number of data row in dataset: 12480
Total number of clients datasets: 10
----------------(start splitting client datasets from adult_used.csv)----------------
client 1 training data (922, 12)
client 2 training data (5020, 12)
client 3 training data (2707, 12)
client 4 training data (100, 12)
client 5 training data (395, 12)
client 6 training data (768, 12)
client 7 training data (623, 12)
client 8 training data (406, 12)
client 9 training data (392, 12)
client 10 training data (1147, 12)
----------------(finish splitting client datasets took 0.4479024410247803)----------------
------------Done (split_train_val_test)------------
