Alg.: FairFate; Client dataset: today_20230529\dataset_EQO_run_0; client Count: 10
----------------(start loading 10 client datasets from today_20230529\dataset_EQO_run_0)----------------
----------------(successfully loading 10 client datasets and server testing data from today_20230529\dataset_EQO_run_0)----------------
----------------Execute (FLAlgMain)----------------
----------------(start running algorithm)----------------
global model accuracy on val: 0.617456
global model fairness(EQO, Y) on val: 0.041700
------------ run = 1; t = 1; F_Global = 0.0417, Privileged = Y ------------
training accuracy (client 1) : 0.950153 
client 1 accuracy on val: 0.893244
client 1 fairness(EQO, Y) on val: 0.861400
training accuracy (client 3) : 0.763889 
client 3 accuracy on val: 0.575138
client 3 fairness(EQO, Y) on val: 0.053400
training accuracy (client 4) : 0.801802 
client 4 accuracy on val: 0.797788
client 4 fairness(EQO, Y) on val: 0.367800
global model accuracy on val: 0.822794
global model fairness(EQO, Y) on val: 0.220300
global model accuracy on test: 0.827122
global model fairness(EQO, Y) on test: 0.229700
------------ run = 1; t = 2; F_Global = 0.2203, Privileged = Y ------------
training accuracy (client 3) : 0.513889 
client 3 accuracy on val: 0.782159
client 3 fairness(EQO, Y) on val: 0.144600
training accuracy (client 4) : 0.950450 
client 4 accuracy on val: 0.875932
client 4 fairness(EQO, Y) on val: 0.820900
training accuracy (client 5) : 0.944200 
client 5 accuracy on val: 0.894686
client 5 fairness(EQO, Y) on val: 0.893300
global model accuracy on val: 0.867997
global model fairness(EQO, Y) on val: 0.545100
global model accuracy on test: 0.867516
global model fairness(EQO, Y) on test: 0.590700
------------ run = 1; t = 3; F_Global = 0.5451, Privileged = Y ------------
training accuracy (client 1) : 0.953988 
client 1 accuracy on val: 0.896129
client 1 fairness(EQO, Y) on val: 0.934000
training accuracy (client 2) : 0.951613 
client 2 accuracy on val: 0.890358
client 2 fairness(EQO, Y) on val: 0.810200
training accuracy (client 6) : 0.989915 
client 6 accuracy on val: 0.895408
client 6 fairness(EQO, Y) on val: 1.000000
global model accuracy on val: 0.892282
global model fairness(EQO, Y) on val: 0.862600
global model accuracy on test: 0.894446
global model fairness(EQO, Y) on test: 0.861000
------------ run = 1; t = 4; F_Global = 0.8626, Privileged = Y ------------
training accuracy (client 5) : 0.951542 
client 5 accuracy on val: 0.895408
client 5 fairness(EQO, Y) on val: 0.955400
training accuracy (client 6) : 0.990722 
client 6 accuracy on val: 0.895408
client 6 fairness(EQO, Y) on val: 1.000000
training accuracy (client 8) : 0.995516 
client 8 accuracy on val: 0.894205
client 8 fairness(EQO, Y) on val: 0.962600
global model accuracy on val: 0.895167
global model fairness(EQO, Y) on val: 0.966600
global model accuracy on test: 0.895408
global model fairness(EQO, Y) on test: 0.960400
------------ run = 1; t = 5; F_Global = 0.9666, Privileged = Y ------------
training accuracy (client 1) : 0.952454 
client 1 accuracy on val: 0.897091
client 1 fairness(EQO, Y) on val: 0.929900
training accuracy (client 4) : 0.968468 
client 4 accuracy on val: 0.895408
client 4 fairness(EQO, Y) on val: 0.995900
training accuracy (client 6) : 0.991125 
client 6 accuracy on val: 0.895408
client 6 fairness(EQO, Y) on val: 1.000000
global model accuracy on val: 0.895408
global model fairness(EQO, Y) on val: 0.995900
global model accuracy on test: 0.895408
global model fairness(EQO, Y) on test: 0.990800
------------ run = 1; t = 6; F_Global = 0.9959, Privileged = Y ------------
training accuracy (client 6) : 0.991125 
client 6 accuracy on val: 0.895408
client 6 fairness(EQO, Y) on val: 1.000000
training accuracy (client 8) : 0.995516 
client 8 accuracy on val: 0.895648
client 8 fairness(EQO, Y) on val: 0.996900
training accuracy (client 10) : 0.802280 
client 10 accuracy on val: 0.805963
client 10 fairness(EQO, Y) on val: 1.602600
global model accuracy on val: 0.895408
global model fairness(EQO, Y) on val: 0.987800
global model accuracy on test: 0.895408
global model fairness(EQO, Y) on test: 0.994600
------------ run = 1; t = 7; F_Global = 0.9878, Privileged = Y ------------
training accuracy (client 2) : 0.953405 
client 2 accuracy on val: 0.895408
client 2 fairness(EQO, Y) on val: 0.935100
training accuracy (client 5) : 0.951542 
client 5 accuracy on val: 0.895888
client 5 fairness(EQO, Y) on val: 0.969500
training accuracy (client 6) : 0.990722 
client 6 accuracy on val: 0.895408
client 6 fairness(EQO, Y) on val: 1.000000
global model accuracy on val: 0.895648
global model fairness(EQO, Y) on val: 0.996900
global model accuracy on test: 0.894927
global model fairness(EQO, Y) on test: 1.000000
------------ run = 1; t = 8; F_Global = 0.9969, Privileged = Y ------------
training accuracy (client 1) : 0.953221 
client 1 accuracy on val: 0.898052
client 1 fairness(EQO, Y) on val: 0.901400
training accuracy (client 7) : 0.968240 
client 7 accuracy on val: 0.893484
client 7 fairness(EQO, Y) on val: 0.590800
training accuracy (client 8) : 0.994395 
client 8 accuracy on val: 0.895408
client 8 fairness(EQO, Y) on val: 1.000000
global model accuracy on val: 0.895408
global model fairness(EQO, Y) on val: 0.991900
global model accuracy on test: 0.895408
global model fairness(EQO, Y) on test: 0.994600
------------ run = 1; t = 9; F_Global = 0.9919, Privileged = Y ------------
training accuracy (client 1) : 0.951687 
client 1 accuracy on val: 0.900216
client 1 fairness(EQO, Y) on val: 0.857600
training accuracy (client 7) : 0.967811 
client 7 accuracy on val: 0.892763
client 7 fairness(EQO, Y) on val: 0.571600
training accuracy (client 10) : 0.801567 
client 10 accuracy on val: 0.805723
client 10 fairness(EQO, Y) on val: 1.662000
global model accuracy on val: 0.898052
global model fairness(EQO, Y) on val: 0.909500
global model accuracy on test: 0.899014
global model fairness(EQO, Y) on test: 0.934800
------------ run = 1; t = 10; F_Global = 0.9095, Privileged = Y ------------
training accuracy (client 5) : 0.951542 
client 5 accuracy on val: 0.896610
client 5 fairness(EQO, Y) on val: 0.936000
training accuracy (client 8) : 0.994395 
client 8 accuracy on val: 0.895888
client 8 fairness(EQO, Y) on val: 0.993900
training accuracy (client 9) : 0.937445 
client 9 accuracy on val: 0.844915
client 9 fairness(EQO, Y) on val: 0.184500
global model accuracy on val: 0.898293
global model fairness(EQO, Y) on val: 0.833500
global model accuracy on test: 0.897812
global model fairness(EQO, Y) on test: 0.869100
------------ run = 1; t = 11; F_Global = 0.8335, Privileged = Y ------------
training accuracy (client 2) : 0.958781 
client 2 accuracy on val: 0.898293
client 2 fairness(EQO, Y) on val: 0.837500
training accuracy (client 4) : 0.968468 
client 4 accuracy on val: 0.895888
client 4 fairness(EQO, Y) on val: 0.985800
training accuracy (client 9) : 0.938326 
client 9 accuracy on val: 0.843712
client 9 fairness(EQO, Y) on val: 0.177100
global model accuracy on val: 0.897091
global model fairness(EQO, Y) on val: 0.711000
global model accuracy on test: 0.903342
global model fairness(EQO, Y) on test: 0.703500
------------ run = 1; t = 12; F_Global = 0.711, Privileged = Y ------------
training accuracy (client 6) : 0.991529 
client 6 accuracy on val: 0.895408
client 6 fairness(EQO, Y) on val: 1.000000
training accuracy (client 8) : 0.995516 
client 8 accuracy on val: 0.894927
client 8 fairness(EQO, Y) on val: 0.921000
training accuracy (client 9) : 0.939207 
client 9 accuracy on val: 0.842270
client 9 fairness(EQO, Y) on val: 0.163500
global model accuracy on val: 0.897572
global model fairness(EQO, Y) on val: 0.761600
global model accuracy on test: 0.901178
global model fairness(EQO, Y) on test: 0.781200
------------ run = 1; t = 13; F_Global = 0.7616, Privileged = Y ------------
training accuracy (client 1) : 0.953988 
client 1 accuracy on val: 0.898774
client 1 fairness(EQO, Y) on val: 0.839500
training accuracy (client 5) : 0.950073 
client 5 accuracy on val: 0.898533
client 5 fairness(EQO, Y) on val: 0.785800
training accuracy (client 8) : 0.995516 
client 8 accuracy on val: 0.895648
client 8 fairness(EQO, Y) on val: 0.903700
global model accuracy on val: 0.897812
global model fairness(EQO, Y) on val: 0.778800
global model accuracy on test: 0.901419
global model fairness(EQO, Y) on test: 0.793600
------------ run = 1; t = 14; F_Global = 0.7788, Privileged = Y ------------
training accuracy (client 3) : 0.402778 
client 3 accuracy on val: 0.877855
client 3 fairness(EQO, Y) on val: 0.381900
training accuracy (client 7) : 0.966524 
client 7 accuracy on val: 0.893484
client 7 fairness(EQO, Y) on val: 0.578600
training accuracy (client 9) : 0.939207 
client 9 accuracy on val: 0.841308
client 9 fairness(EQO, Y) on val: 0.156300
global model accuracy on val: 0.896129
global model fairness(EQO, Y) on val: 0.719200
global model accuracy on test: 0.902140
global model fairness(EQO, Y) on test: 0.720900
------------ run = 1; t = 15; F_Global = 0.7192, Privileged = Y ------------
training accuracy (client 1) : 0.953988 
client 1 accuracy on val: 0.899255
client 1 fairness(EQO, Y) on val: 0.800900
training accuracy (client 3) : 0.402778 
client 3 accuracy on val: 0.872085
client 3 fairness(EQO, Y) on val: 0.349100
training accuracy (client 10) : 0.803349 
client 10 accuracy on val: 0.804039
client 10 fairness(EQO, Y) on val: 1.693200
global model accuracy on val: 0.899014
global model fairness(EQO, Y) on val: 0.751300
global model accuracy on test: 0.903102
global model fairness(EQO, Y) on test: 0.756900
------------ run = 1; t = 16; F_Global = 0.7513, Privileged = Y ------------
training accuracy (client 1) : 0.953221 
client 1 accuracy on val: 0.899255
client 1 fairness(EQO, Y) on val: 0.849600
training accuracy (client 5) : 0.950073 
client 5 accuracy on val: 0.897812
client 5 fairness(EQO, Y) on val: 0.847700
training accuracy (client 8) : 0.995516 
client 8 accuracy on val: 0.895408
client 8 fairness(EQO, Y) on val: 0.955400
global model accuracy on val: 0.899736
global model fairness(EQO, Y) on val: 0.770500
global model accuracy on test: 0.902380
global model fairness(EQO, Y) on test: 0.775300
------------ run = 1; t = 17; F_Global = 0.7705, Privileged = Y ------------
training accuracy (client 2) : 0.965950 
client 2 accuracy on val: 0.898293
client 2 fairness(EQO, Y) on val: 0.792900
training accuracy (client 3) : 0.416667 
client 3 accuracy on val: 0.877374
client 3 fairness(EQO, Y) on val: 0.406000
training accuracy (client 4) : 0.968468 
client 4 accuracy on val: 0.896369
client 4 fairness(EQO, Y) on val: 0.955300
global model accuracy on val: 0.900457
global model fairness(EQO, Y) on val: 0.781500
global model accuracy on test: 0.901178
global model fairness(EQO, Y) on test: 0.804200
------------ run = 1; t = 18; F_Global = 0.7815, Privileged = Y ------------
training accuracy (client 1) : 0.954755 
client 1 accuracy on val: 0.899736
client 1 fairness(EQO, Y) on val: 0.823200
training accuracy (client 4) : 0.968468 
client 4 accuracy on val: 0.895888
client 4 fairness(EQO, Y) on val: 0.961400
training accuracy (client 5) : 0.950073 
client 5 accuracy on val: 0.898533
client 5 fairness(EQO, Y) on val: 0.834500
global model accuracy on val: 0.899736
global model fairness(EQO, Y) on val: 0.802900
global model accuracy on test: 0.899255
global model fairness(EQO, Y) on test: 0.837500
------------ run = 1; t = 19; F_Global = 0.8029, Privileged = Y ------------
training accuracy (client 1) : 0.953221 
client 1 accuracy on val: 0.899736
client 1 fairness(EQO, Y) on val: 0.831300
training accuracy (client 4) : 0.968468 
client 4 accuracy on val: 0.895888
client 4 fairness(EQO, Y) on val: 0.965500
training accuracy (client 7) : 0.966953 
client 7 accuracy on val: 0.893484
client 7 fairness(EQO, Y) on val: 0.590800
global model accuracy on val: 0.899495
global model fairness(EQO, Y) on val: 0.806000
global model accuracy on test: 0.899014
global model fairness(EQO, Y) on test: 0.840200
------------ run = 1; t = 20; F_Global = 0.806, Privileged = Y ------------
training accuracy (client 5) : 0.950073 
client 5 accuracy on val: 0.898533
client 5 fairness(EQO, Y) on val: 0.806100
training accuracy (client 7) : 0.966953 
client 7 accuracy on val: 0.893484
client 7 fairness(EQO, Y) on val: 0.590800
training accuracy (client 8) : 0.995516 
client 8 accuracy on val: 0.895408
client 8 fairness(EQO, Y) on val: 0.955400
global model accuracy on val: 0.899495
global model fairness(EQO, Y) on val: 0.810000
global model accuracy on test: 0.899736
global model fairness(EQO, Y) on test: 0.827900
------------ run = 1; t = 21; F_Global = 0.81, Privileged = Y ------------
training accuracy (client 5) : 0.950073 
client 5 accuracy on val: 0.898774
client 5 fairness(EQO, Y) on val: 0.762500
training accuracy (client 6) : 0.991529 
client 6 accuracy on val: 0.895408
client 6 fairness(EQO, Y) on val: 1.000000
training accuracy (client 10) : 0.804418 
client 10 accuracy on val: 0.800192
client 10 fairness(EQO, Y) on val: 1.728400
global model accuracy on val: 0.898293
global model fairness(EQO, Y) on val: 0.845600
global model accuracy on test: 0.898774
global model fairness(EQO, Y) on test: 0.877200
------------ run = 1; t = 22; F_Global = 0.8456, Privileged = Y ------------
training accuracy (client 2) : 0.965950 
client 2 accuracy on val: 0.897572
client 2 fairness(EQO, Y) on val: 0.814300
training accuracy (client 7) : 0.966953 
client 7 accuracy on val: 0.894446
client 7 fairness(EQO, Y) on val: 0.594700
training accuracy (client 8) : 0.995516 
client 8 accuracy on val: 0.895648
client 8 fairness(EQO, Y) on val: 0.972600
global model accuracy on val: 0.897331
global model fairness(EQO, Y) on val: 0.853800
global model accuracy on test: 0.898533
global model fairness(EQO, Y) on test: 0.887600
------------ run = 1; t = 23; F_Global = 0.8538, Privileged = Y ------------
training accuracy (client 1) : 0.953221 
client 1 accuracy on val: 0.899976
client 1 fairness(EQO, Y) on val: 0.820100
training accuracy (client 7) : 0.966094 
client 7 accuracy on val: 0.893724
client 7 fairness(EQO, Y) on val: 0.591800
training accuracy (client 10) : 0.801567 
client 10 accuracy on val: 0.797788
client 10 fairness(EQO, Y) on val: 1.751300
global model accuracy on val: 0.899495
global model fairness(EQO, Y) on val: 0.838500
global model accuracy on test: 0.899495
global model fairness(EQO, Y) on test: 0.872500
------------ run = 1; t = 24; F_Global = 0.8385, Privileged = Y ------------
training accuracy (client 5) : 0.950073 
client 5 accuracy on val: 0.896610
client 5 fairness(EQO, Y) on val: 0.915800
training accuracy (client 9) : 0.940088 
client 9 accuracy on val: 0.848040
client 9 fairness(EQO, Y) on val: 0.201900
training accuracy (client 10) : 0.802280 
client 10 accuracy on val: 0.796105
client 10 fairness(EQO, Y) on val: 1.829500
global model accuracy on val: 0.899736
global model fairness(EQO, Y) on val: 0.840000
global model accuracy on test: 0.899014
global model fairness(EQO, Y) on test: 0.880400
------------ run = 1; t = 25; F_Global = 0.84, Privileged = Y ------------
training accuracy (client 5) : 0.950073 
client 5 accuracy on val: 0.896610
client 5 fairness(EQO, Y) on val: 0.936000
training accuracy (client 6) : 0.990722 
client 6 accuracy on val: 0.895408
client 6 fairness(EQO, Y) on val: 1.000000
training accuracy (client 7) : 0.967811 
client 7 accuracy on val: 0.895167
client 7 fairness(EQO, Y) on val: 0.605800
global model accuracy on val: 0.897331
global model fairness(EQO, Y) on val: 0.893700
global model accuracy on test: 0.898533
global model fairness(EQO, Y) on test: 0.924400
------------ run = 1; t = 26; F_Global = 0.8937, Privileged = Y ------------
training accuracy (client 3) : 0.416667 
client 3 accuracy on val: 0.874730
client 3 fairness(EQO, Y) on val: 0.560500
training accuracy (client 6) : 0.991529 
client 6 accuracy on val: 0.895408
client 6 fairness(EQO, Y) on val: 1.000000
training accuracy (client 9) : 0.939207 
client 9 accuracy on val: 0.848040
client 9 fairness(EQO, Y) on val: 0.198700
global model accuracy on val: 0.896129
global model fairness(EQO, Y) on val: 0.942200
global model accuracy on test: 0.897572
global model fairness(EQO, Y) on test: 0.963300
------------ run = 1; t = 27; F_Global = 0.9422, Privileged = Y ------------
training accuracy (client 2) : 0.962366 
client 2 accuracy on val: 0.896850
client 2 fairness(EQO, Y) on val: 0.831600
training accuracy (client 4) : 0.968468 
client 4 accuracy on val: 0.895888
client 4 fairness(EQO, Y) on val: 0.993900
training accuracy (client 10) : 0.802993 
client 10 accuracy on val: 0.796105
client 10 fairness(EQO, Y) on val: 1.908600
global model accuracy on val: 0.896610
global model fairness(EQO, Y) on val: 0.938500
global model accuracy on test: 0.899014
global model fairness(EQO, Y) on test: 0.952800
------------ run = 1; t = 28; F_Global = 0.9385, Privileged = Y ------------
training accuracy (client 3) : 0.416667 
client 3 accuracy on val: 0.867757
client 3 fairness(EQO, Y) on val: 0.626600
training accuracy (client 4) : 0.968468 
client 4 accuracy on val: 0.895648
client 4 fairness(EQO, Y) on val: 0.996900
training accuracy (client 10) : 0.804061 
client 10 accuracy on val: 0.792739
client 10 fairness(EQO, Y) on val: 1.932500
global model accuracy on val: 0.896610
global model fairness(EQO, Y) on val: 0.971000
global model accuracy on test: 0.899255
global model fairness(EQO, Y) on test: 0.989800
------------ run = 1; t = 29; F_Global = 0.971, Privileged = Y ------------
training accuracy (client 1) : 0.954755 
client 1 accuracy on val: 0.898533
client 1 fairness(EQO, Y) on val: 0.887200
training accuracy (client 7) : 0.967382 
client 7 accuracy on val: 0.894446
client 7 fairness(EQO, Y) on val: 0.611000
training accuracy (client 9) : 0.938326 
client 9 accuracy on val: 0.850926
client 9 fairness(EQO, Y) on val: 0.212200
global model accuracy on val: 0.898774
global model fairness(EQO, Y) on val: 0.923100
global model accuracy on test: 0.898533
global model fairness(EQO, Y) on test: 0.957700
------------ run = 1; t = 30; F_Global = 0.9231, Privileged = Y ------------
training accuracy (client 5) : 0.951542 
client 5 accuracy on val: 0.895888
client 5 fairness(EQO, Y) on val: 0.970700
training accuracy (client 7) : 0.969099 
client 7 accuracy on val: 0.894686
client 7 fairness(EQO, Y) on val: 0.603800
training accuracy (client 10) : 0.808336 
client 10 accuracy on val: 0.789853
client 10 fairness(EQO, Y) on val: 1.987100
global model accuracy on val: 0.895648
global model fairness(EQO, Y) on val: 0.965000
global model accuracy on test: 0.897091
global model fairness(EQO, Y) on test: 0.997500
------------ run = 1; t = 31; F_Global = 0.965, Privileged = Y ------------
training accuracy (client 5) : 0.950073 
client 5 accuracy on val: 0.896129
client 5 fairness(EQO, Y) on val: 0.977600
training accuracy (client 9) : 0.938326 
client 9 accuracy on val: 0.849964
client 9 fairness(EQO, Y) on val: 0.209500
training accuracy (client 10) : 0.806555 
client 10 accuracy on val: 0.789132
client 10 fairness(EQO, Y) on val: 2.007800
global model accuracy on val: 0.890118
global model fairness(EQO, N) on val: 0.978100
global model accuracy on test: 0.893003
global model fairness(EQO, N) on test: 0.936100
------------ run = 1; t = 32; F_Global = 0.9781, Privileged = N ------------
training accuracy (client 2) : 0.960573 
client 2 accuracy on val: 0.896850
client 2 fairness(EQO, N) on val: 1.119600
training accuracy (client 4) : 0.977477 
client 4 accuracy on val: 0.895167
client 4 fairness(EQO, N) on val: 0.997900
training accuracy (client 10) : 0.803705 
client 10 accuracy on val: 0.790094
client 10 fairness(EQO, N) on val: 0.598400
global model accuracy on val: 0.893003
global model fairness(EQO, N) on val: 0.986600
global model accuracy on test: 0.895648
global model fairness(EQO, N) on test: 0.958800
------------ run = 1; t = 33; F_Global = 0.9866, Privileged = N ------------
training accuracy (client 4) : 0.977477 
client 4 accuracy on val: 0.894927
client 4 fairness(EQO, N) on val: 0.999700
training accuracy (client 7) : 0.966524 
client 7 accuracy on val: 0.893965
client 7 fairness(EQO, N) on val: 1.882900
training accuracy (client 10) : 0.806199 
client 10 accuracy on val: 0.789372
client 10 fairness(EQO, N) on val: 0.591500
global model accuracy on val: 0.898293
global model fairness(EQO, Y) on val: 0.933000
global model accuracy on test: 0.898052
global model fairness(EQO, Y) on test: 0.958300
------------ run = 1; t = 34; F_Global = 0.933, Privileged = Y ------------
training accuracy (client 4) : 0.972973 
client 4 accuracy on val: 0.895408
client 4 fairness(EQO, Y) on val: 1.000000
training accuracy (client 6) : 0.990722 
client 6 accuracy on val: 0.895408
client 6 fairness(EQO, Y) on val: 1.000000
training accuracy (client 8) : 0.989910 
client 8 accuracy on val: 0.895648
client 8 fairness(EQO, Y) on val: 0.996900
global model accuracy on val: 0.895408
global model fairness(EQO, Y) on val: 0.974700
global model accuracy on test: 0.896850
global model fairness(EQO, Y) on test: 0.985000
------------ run = 1; t = 35; F_Global = 0.9747, Privileged = Y ------------
training accuracy (client 2) : 0.962366 
client 2 accuracy on val: 0.896369
client 2 fairness(EQO, Y) on val: 0.858000
training accuracy (client 9) : 0.940088 
client 9 accuracy on val: 0.847079
client 9 fairness(EQO, Y) on val: 0.190000
training accuracy (client 10) : 0.803349 
client 10 accuracy on val: 0.787930
client 10 fairness(EQO, Y) on val: 2.007500
global model accuracy on val: 0.895167
global model fairness(EQO, N) on val: 0.993400
global model accuracy on test: 0.897091
global model fairness(EQO, N) on test: 0.973700
------------ run = 1; t = 36; F_Global = 0.9934, Privileged = N ------------
training accuracy (client 2) : 0.960573 
client 2 accuracy on val: 0.896610
client 2 fairness(EQO, N) on val: 1.143200
training accuracy (client 4) : 0.977477 
client 4 accuracy on val: 0.895408
client 4 fairness(EQO, N) on val: 1.000000
training accuracy (client 7) : 0.969099 
client 7 accuracy on val: 0.893965
client 7 fairness(EQO, N) on val: 1.862300
global model accuracy on val: 0.896610
global model fairness(EQO, Y) on val: 0.910400
global model accuracy on test: 0.898533
global model fairness(EQO, Y) on test: 0.936000
------------ run = 1; t = 37; F_Global = 0.9104, Privileged = Y ------------
training accuracy (client 2) : 0.964158 
client 2 accuracy on val: 0.896610
client 2 fairness(EQO, Y) on val: 0.846800
training accuracy (client 3) : 0.416667 
client 3 accuracy on val: 0.865593
client 3 fairness(EQO, Y) on val: 0.634000
training accuracy (client 4) : 0.968468 
client 4 accuracy on val: 0.895408
client 4 fairness(EQO, Y) on val: 1.000000
global model accuracy on val: 0.896369
global model fairness(EQO, Y) on val: 0.943900
global model accuracy on test: 0.897331
global model fairness(EQO, Y) on test: 0.974700
------------ run = 1; t = 38; F_Global = 0.9439, Privileged = Y ------------
training accuracy (client 2) : 0.964158 
client 2 accuracy on val: 0.897091
client 2 fairness(EQO, Y) on val: 0.840700
training accuracy (client 4) : 0.968468 
client 4 accuracy on val: 0.895408
client 4 fairness(EQO, Y) on val: 1.000000
training accuracy (client 8) : 0.992152 
client 8 accuracy on val: 0.895648
client 8 fairness(EQO, Y) on val: 0.996900
global model accuracy on val: 0.896129
global model fairness(EQO, Y) on val: 0.982700
global model accuracy on test: 0.895888
global model fairness(EQO, Y) on test: 0.993800
------------ run = 1; t = 39; F_Global = 0.9827, Privileged = Y ------------
training accuracy (client 5) : 0.950073 
client 5 accuracy on val: 0.896369
client 5 fairness(EQO, Y) on val: 0.939100
training accuracy (client 7) : 0.968240 
client 7 accuracy on val: 0.894205
client 7 fairness(EQO, Y) on val: 0.601900
training accuracy (client 9) : 0.938326 
client 9 accuracy on val: 0.846117
client 9 fairness(EQO, Y) on val: 0.176500
global model accuracy on val: 0.895408
global model fairness(EQO, Y) on val: 0.959500
global model accuracy on test: 0.897331
global model fairness(EQO, Y) on test: 0.969800
------------ run = 1; t = 40; F_Global = 0.9595, Privileged = Y ------------
training accuracy (client 1) : 0.953221 
client 1 accuracy on val: 0.899736
client 1 fairness(EQO, Y) on val: 0.839400
training accuracy (client 2) : 0.965950 
client 2 accuracy on val: 0.896129
client 2 fairness(EQO, Y) on val: 0.816500
training accuracy (client 3) : 0.402778 
client 3 accuracy on val: 0.873287
client 3 fairness(EQO, Y) on val: 0.509200
global model accuracy on val: 0.896129
global model fairness(EQO, Y) on val: 0.946200
global model accuracy on test: 0.897331
global model fairness(EQO, Y) on test: 0.966000
------------ run = 1; t = 41; F_Global = 0.9462, Privileged = Y ------------
training accuracy (client 7) : 0.968240 
client 7 accuracy on val: 0.894205
client 7 fairness(EQO, Y) on val: 0.601900
training accuracy (client 9) : 0.937445 
client 9 accuracy on val: 0.844674
client 9 fairness(EQO, Y) on val: 0.168000
training accuracy (client 10) : 0.805130 
client 10 accuracy on val: 0.789613
client 10 fairness(EQO, Y) on val: 2.064300
global model accuracy on val: 0.896610
global model fairness(EQO, Y) on val: 0.972200
global model accuracy on test: 0.896129
global model fairness(EQO, N) on test: 0.995800
------------ run = 1; t = 42; F_Global = 0.9722, Privileged = Y ------------
training accuracy (client 4) : 0.977477 
client 4 accuracy on val: 0.895408
client 4 fairness(EQO, Y) on val: 1.000000
training accuracy (client 7) : 0.968240 
client 7 accuracy on val: 0.893965
client 7 fairness(EQO, Y) on val: 0.592800
training accuracy (client 8) : 0.991031 
client 8 accuracy on val: 0.895648
client 8 fairness(EQO, Y) on val: 0.996900
global model accuracy on val: 0.894686
global model fairness(EQO, Y) on val: 0.964700
global model accuracy on test: 0.897572
global model fairness(EQO, Y) on test: 0.978800
------------ run = 1; t = 43; F_Global = 0.9647, Privileged = Y ------------
training accuracy (client 5) : 0.951542 
client 5 accuracy on val: 0.896610
client 5 fairness(EQO, Y) on val: 0.948200
training accuracy (client 8) : 0.994395 
client 8 accuracy on val: 0.895648
client 8 fairness(EQO, Y) on val: 0.996900
training accuracy (client 9) : 0.940969 
client 9 accuracy on val: 0.845876
client 9 fairness(EQO, Y) on val: 0.175500
global model accuracy on val: 0.895167
global model fairness(EQO, Y) on val: 0.974700
global model accuracy on test: 0.897331
global model fairness(EQO, Y) on test: 0.977400
------------ run = 1; t = 44; F_Global = 0.9747, Privileged = Y ------------
training accuracy (client 1) : 0.953221 
client 1 accuracy on val: 0.899495
client 1 fairness(EQO, Y) on val: 0.830300
training accuracy (client 5) : 0.950073 
client 5 accuracy on val: 0.896850
client 5 fairness(EQO, Y) on val: 0.904600
training accuracy (client 7) : 0.967811 
client 7 accuracy on val: 0.894927
client 7 fairness(EQO, Y) on val: 0.600800
global model accuracy on val: 0.895888
global model fairness(EQO, Y) on val: 0.961400
global model accuracy on test: 0.897331
global model fairness(EQO, Y) on test: 0.973600
------------ run = 1; t = 45; F_Global = 0.9614, Privileged = Y ------------
training accuracy (client 3) : 0.416667 
client 3 accuracy on val: 0.872325
client 3 fairness(EQO, Y) on val: 0.476700
training accuracy (client 4) : 0.968468 
client 4 accuracy on val: 0.895408
client 4 fairness(EQO, Y) on val: 1.000000
training accuracy (client 6) : 0.992739 
client 6 accuracy on val: 0.895408
client 6 fairness(EQO, Y) on val: 1.000000
global model accuracy on val: 0.895648
global model fairness(EQO, Y) on val: 0.996900
global model accuracy on test: 0.894927
global model fairness(EQO, Y) on test: 1.000000
------------ run = 1; t = 46; F_Global = 0.9969, Privileged = Y ------------
training accuracy (client 1) : 0.953221 
client 1 accuracy on val: 0.900697
client 1 fairness(EQO, Y) on val: 0.806900
training accuracy (client 2) : 0.965950 
client 2 accuracy on val: 0.896369
client 2 fairness(EQO, Y) on val: 0.813400
training accuracy (client 4) : 0.968468 
client 4 accuracy on val: 0.895408
client 4 fairness(EQO, Y) on val: 1.000000
global model accuracy on val: 0.895648
global model fairness(EQO, Y) on val: 0.996900
global model accuracy on test: 0.894927
global model fairness(EQO, Y) on test: 1.000000
------------ run = 1; t = 47; F_Global = 0.9969, Privileged = Y ------------
training accuracy (client 1) : 0.953988 
client 1 accuracy on val: 0.900697
client 1 fairness(EQO, Y) on val: 0.810900
training accuracy (client 5) : 0.951542 
client 5 accuracy on val: 0.897091
client 5 fairness(EQO, Y) on val: 0.865000
training accuracy (client 9) : 0.940969 
client 9 accuracy on val: 0.843232
client 9 fairness(EQO, Y) on val: 0.168000
global model accuracy on val: 0.895648
global model fairness(EQO, Y) on val: 0.996900
global model accuracy on test: 0.894927
global model fairness(EQO, Y) on test: 1.000000
------------ run = 1; t = 48; F_Global = 0.9969, Privileged = Y ------------
training accuracy (client 3) : 0.402778 
client 3 accuracy on val: 0.880260
client 3 fairness(EQO, Y) on val: 0.451600
training accuracy (client 6) : 0.992739 
client 6 accuracy on val: 0.895408
client 6 fairness(EQO, Y) on val: 1.000000
training accuracy (client 7) : 0.967382 
client 7 accuracy on val: 0.895167
client 7 fairness(EQO, Y) on val: 0.585500
global model accuracy on val: 0.895408
global model fairness(EQO, Y) on val: 1.000000
global model accuracy on test: 0.894927
global model fairness(EQO, Y) on test: 1.000000
------------ run = 1; t = 49; F_Global = 1.0, Privileged = Y ------------
training accuracy (client 2) : 0.965950 
client 2 accuracy on val: 0.898533
client 2 fairness(EQO, Y) on val: 0.773700
training accuracy (client 5) : 0.951542 
client 5 accuracy on val: 0.899736
client 5 fairness(EQO, Y) on val: 0.742100
training accuracy (client 6) : 0.992739 
client 6 accuracy on val: 0.895408
client 6 fairness(EQO, Y) on val: 1.000000
global model accuracy on val: 0.895408
global model fairness(EQO, Y) on val: 1.000000
global model accuracy on test: 0.894927
global model fairness(EQO, Y) on test: 1.000000
------------ run = 1; t = 50; F_Global = 1.0, Privileged = Y ------------
training accuracy (client 1) : 0.955521 
client 1 accuracy on val: 0.901659
client 1 fairness(EQO, Y) on val: 0.701300
training accuracy (client 5) : 0.951542 
client 5 accuracy on val: 0.897331
client 5 fairness(EQO, Y) on val: 0.699800
training accuracy (client 10) : 0.804774 
client 10 accuracy on val: 0.790815
client 10 fairness(EQO, Y) on val: 2.148200
global model accuracy on val: 0.804280
global model fairness(EQO, N) on val: 0.541000
global model accuracy on test: 0.797067
global model fairness(EQO, N) on test: 0.461700
----------------Done (FLAlgMain)----------------
