Alg.: FairFateVC; Client dataset: today_20230531\dataset_SP_run_0; client Count: 10
----------------(start loading 10 client datasets from today_20230531\dataset_SP_run_0)----------------
----------------(successfully loading 10 client datasets and server testing data from today_20230531\dataset_SP_run_0)----------------
----------------Execute (FLAlgMain)----------------
----------------(start running algorithm)----------------
global model accuracy on val: 0.521760
global model fairness(SP, N) on val: 0.801600
------------ run = 1; t = 1; F_Global = 0.8016, Privileged = N ------------
training accuracy (client 4) : 0.790859 
client 4 accuracy on val: 0.715797
client 4 fairness(SP, N) on val: 2.418400
training accuracy (client 8) : 0.725594 
client 8 accuracy on val: 0.711229
client 8 fairness(SP, N) on val: 1.240500
training accuracy (client 10) : 0.964173 
client 10 accuracy on val: 0.898293
client 10 fairness(SP, N) on val: 1.000000
global model accuracy on val: 0.853811
global model fairness(SP, Y) on val: 0.892000
global model accuracy on test: 0.859101
global model fairness(SP, Y) on test: 0.875600
------------ run = 1; t = 2; F_Global = 0.892, Privileged = Y ------------
training accuracy (client 7) : 0.823406 
client 7 accuracy on val: 0.871604
client 7 fairness(SP, Y) on val: 0.863900
training accuracy (client 8) : 0.778364 
client 8 accuracy on val: 0.833854
client 8 fairness(SP, Y) on val: 0.742300
training accuracy (client 9) : 0.930599 
client 9 accuracy on val: 0.897572
client 9 fairness(SP, Y) on val: 0.715300
global model accuracy on val: 0.887713
global model fairness(SP, Y) on val: 0.827200
global model accuracy on test: 0.891320
global model fairness(SP, Y) on test: 0.802700
------------ run = 1; t = 3; F_Global = 0.8272, Privileged = Y ------------
training accuracy (client 1) : 0.899576 
client 1 accuracy on val: 0.898774
client 1 fairness(SP, Y) on val: 1.002900
training accuracy (client 4) : 0.833795 
client 4 accuracy on val: 0.789132
client 4 fairness(SP, Y) on val: 0.404300
training accuracy (client 5) : 0.814038 
client 5 accuracy on val: 0.844193
client 5 fairness(SP, Y) on val: 0.454900
training accuracy (client 9) : 0.849704 
client 9 accuracy on val: 0.895167
client 9 fairness(SP, Y) on val: 0.932300
global model accuracy on val: 0.889637
global model fairness(SP, Y) on val: 0.783000
global model accuracy on test: 0.886752
global model fairness(SP, Y) on test: 0.769900
------------ run = 1; t = 4; F_Global = 0.783, Privileged = Y ------------
training accuracy (client 3) : 0.933251 
client 3 accuracy on val: 0.899255
client 3 fairness(SP, Y) on val: 0.707300
training accuracy (client 7) : 0.849704 
client 7 accuracy on val: 0.894927
client 7 fairness(SP, Y) on val: 0.933800
training accuracy (client 9) : 0.914573 
client 9 accuracy on val: 0.900216
client 9 fairness(SP, Y) on val: 0.958300
training accuracy (client 14) : 0.853231 
client 14 accuracy on val: 0.866074
client 14 fairness(SP, Y) on val: 0.433300
global model accuracy on val: 0.899736
global model fairness(SP, Y) on val: 0.756600
global model accuracy on test: 0.896610
global model fairness(SP, Y) on test: 0.753600
------------ run = 1; t = 5; F_Global = 0.7566, Privileged = Y ------------
training accuracy (client 1) : 0.899576 
client 1 accuracy on val: 0.898533
client 1 fairness(SP, Y) on val: 1.003800
training accuracy (client 3) : 0.966059 
client 3 accuracy on val: 0.899495
client 3 fairness(SP, Y) on val: 0.989900
training accuracy (client 6) : 0.846154 
client 6 accuracy on val: 0.896850
client 6 fairness(SP, Y) on val: 0.925000
training accuracy (client 7) : 0.672222 
client 7 accuracy on val: 0.822794
client 7 fairness(SP, Y) on val: 0.594000
global model accuracy on val: 0.902140
global model fairness(SP, Y) on val: 0.869100
global model accuracy on test: 0.899976
global model fairness(SP, Y) on test: 0.866900
------------ run = 1; t = 6; F_Global = 0.8691, Privileged = Y ------------
training accuracy (client 1) : 0.899576 
client 1 accuracy on val: 0.898774
client 1 fairness(SP, Y) on val: 1.001700
training accuracy (client 4) : 0.964173 
client 4 accuracy on val: 0.898052
client 4 fairness(SP, Y) on val: 0.998600
training accuracy (client 5) : 0.678571 
client 5 accuracy on val: 0.874970
client 5 fairness(SP, Y) on val: 0.658600
training accuracy (client 11) : 0.597826 
client 11 accuracy on val: 0.862948
client 11 fairness(SP, Y) on val: 0.668600
global model accuracy on val: 0.901659
global model fairness(SP, Y) on val: 0.945200
global model accuracy on test: 0.897572
global model fairness(SP, Y) on test: 0.950600
------------ run = 1; t = 7; F_Global = 0.9452, Privileged = Y ------------
training accuracy (client 2) : 0.914970 
client 2 accuracy on val: 0.898293
client 2 fairness(SP, Y) on val: 1.000600
training accuracy (client 3) : 0.966907 
client 3 accuracy on val: 0.899976
client 3 fairness(SP, Y) on val: 0.975500
training accuracy (client 7) : 0.930599 
client 7 accuracy on val: 0.900457
client 7 fairness(SP, Y) on val: 0.692600
training accuracy (client 14) : 0.607143 
client 14 accuracy on val: 0.890118
client 14 fairness(SP, Y) on val: 0.700900
global model accuracy on val: 0.902621
global model fairness(SP, Y) on val: 0.944200
global model accuracy on test: 0.897091
global model fairness(SP, Y) on test: 0.947700
------------ run = 1; t = 8; F_Global = 0.9442, Privileged = Y ------------
training accuracy (client 2) : 0.914970 
client 2 accuracy on val: 0.898293
client 2 fairness(SP, Y) on val: 1.001200
training accuracy (client 4) : 0.964567 
client 4 accuracy on val: 0.898533
client 4 fairness(SP, Y) on val: 0.992800
training accuracy (client 8) : 0.881720 
client 8 accuracy on val: 0.849483
client 8 fairness(SP, Y) on val: 0.390900
training accuracy (client 14) : 0.931388 
client 14 accuracy on val: 0.899495
client 14 fairness(SP, Y) on val: 0.689800
global model accuracy on val: 0.901900
global model fairness(SP, Y) on val: 0.942700
global model accuracy on test: 0.896850
global model fairness(SP, Y) on test: 0.938500
------------ run = 1; t = 9; F_Global = 0.9427, Privileged = Y ------------
training accuracy (client 10) : 0.854326 
client 10 accuracy on val: 0.876893
client 10 fairness(SP, Y) on val: 0.446800
training accuracy (client 11) : 0.600000 
client 11 accuracy on val: 0.871363
client 11 fairness(SP, Y) on val: 0.627200
training accuracy (client 14) : 0.878136 
client 14 accuracy on val: 0.849002
client 14 fairness(SP, Y) on val: 0.393600
training accuracy (client 15) : 0.931388 
client 15 accuracy on val: 0.900938
client 15 fairness(SP, Y) on val: 0.697200
global model accuracy on val: 0.902861
global model fairness(SP, Y) on val: 0.819600
global model accuracy on test: 0.902621
global model fairness(SP, Y) on test: 0.817500
------------ run = 1; t = 10; F_Global = 0.8196, Privileged = Y ------------
training accuracy (client 3) : 0.966483 
client 3 accuracy on val: 0.900457
client 3 fairness(SP, Y) on val: 0.964000
training accuracy (client 6) : 0.924623 
client 6 accuracy on val: 0.901900
client 6 fairness(SP, Y) on val: 0.960000
training accuracy (client 12) : 0.854326 
client 12 accuracy on val: 0.875451
client 12 fairness(SP, Y) on val: 0.430500
training accuracy (client 13) : 0.616667 
client 13 accuracy on val: 0.860543
client 13 fairness(SP, Y) on val: 0.553400
global model accuracy on val: 0.901178
global model fairness(SP, Y) on val: 0.833600
global model accuracy on test: 0.904063
global model fairness(SP, Y) on test: 0.821300
------------ run = 1; t = 11; F_Global = 0.8336, Privileged = Y ------------
training accuracy (client 2) : 0.914970 
client 2 accuracy on val: 0.899736
client 2 fairness(SP, Y) on val: 0.989600
training accuracy (client 10) : 0.603261 
client 10 accuracy on val: 0.872325
client 10 fairness(SP, Y) on val: 0.558800
training accuracy (client 11) : 0.660714 
client 11 accuracy on val: 0.885549
client 11 fairness(SP, Y) on val: 0.576900
training accuracy (client 13) : 0.931388 
client 13 accuracy on val: 0.896369
client 13 fairness(SP, Y) on val: 0.658200
global model accuracy on val: 0.901178
global model fairness(SP, Y) on val: 0.849400
global model accuracy on test: 0.903342
global model fairness(SP, Y) on test: 0.844200
------------ run = 1; t = 12; F_Global = 0.8494, Privileged = Y ------------
training accuracy (client 2) : 0.914970 
client 2 accuracy on val: 0.898774
client 2 fairness(SP, Y) on val: 0.991900
training accuracy (client 6) : 0.924623 
client 6 accuracy on val: 0.901419
client 6 fairness(SP, Y) on val: 0.958800
training accuracy (client 10) : 0.881720 
client 10 accuracy on val: 0.847800
client 10 fairness(SP, Y) on val: 0.386400
training accuracy (client 11) : 0.854326 
client 11 accuracy on val: 0.876893
client 11 fairness(SP, Y) on val: 0.431500
global model accuracy on val: 0.903342
global model fairness(SP, Y) on val: 0.815500
global model accuracy on test: 0.905025
global model fairness(SP, Y) on test: 0.820200
------------ run = 1; t = 13; F_Global = 0.8155, Privileged = Y ------------
training accuracy (client 3) : 0.965634 
client 3 accuracy on val: 0.900938
client 3 fairness(SP, Y) on val: 0.955400
training accuracy (client 5) : 0.842604 
client 5 accuracy on val: 0.898774
client 5 fairness(SP, Y) on val: 0.925400
training accuracy (client 10) : 0.616667 
client 10 accuracy on val: 0.854051
client 10 fairness(SP, Y) on val: 0.573600
training accuracy (client 14) : 0.881720 
client 14 accuracy on val: 0.846598
client 14 fairness(SP, Y) on val: 0.389500
global model accuracy on val: 0.901900
global model fairness(SP, Y) on val: 0.831200
global model accuracy on test: 0.904063
global model fairness(SP, Y) on test: 0.826500
------------ run = 1; t = 14; F_Global = 0.8312, Privileged = Y ------------
training accuracy (client 4) : 0.964567 
client 4 accuracy on val: 0.899495
client 4 fairness(SP, Y) on val: 0.987100
training accuracy (client 5) : 0.847337 
client 5 accuracy on val: 0.897091
client 5 fairness(SP, Y) on val: 0.916200
training accuracy (client 10) : 0.603261 
client 10 accuracy on val: 0.870402
client 10 fairness(SP, Y) on val: 0.598300
training accuracy (client 13) : 0.855422 
client 13 accuracy on val: 0.877374
client 13 fairness(SP, Y) on val: 0.438300
global model accuracy on val: 0.900457
global model fairness(SP, Y) on val: 0.854300
global model accuracy on test: 0.903342
global model fairness(SP, Y) on test: 0.848900
------------ run = 1; t = 15; F_Global = 0.8543, Privileged = Y ------------
training accuracy (client 1) : 0.900990 
client 1 accuracy on val: 0.900938
client 1 fairness(SP, Y) on val: 1.003200
training accuracy (client 3) : 0.966059 
client 3 accuracy on val: 0.901178
client 3 fairness(SP, Y) on val: 0.956800
training accuracy (client 4) : 0.964567 
client 4 accuracy on val: 0.899736
client 4 fairness(SP, Y) on val: 0.985600
training accuracy (client 10) : 0.678571 
client 10 accuracy on val: 0.881462
client 10 fairness(SP, Y) on val: 0.617200
global model accuracy on val: 0.902380
global model fairness(SP, Y) on val: 0.893600
global model accuracy on test: 0.901900
global model fairness(SP, Y) on test: 0.888500
------------ run = 1; t = 16; F_Global = 0.8936, Privileged = Y ------------
training accuracy (client 1) : 0.902405 
client 1 accuracy on val: 0.900216
client 1 fairness(SP, Y) on val: 1.001800
training accuracy (client 9) : 0.974825 
client 9 accuracy on val: 0.902140
client 9 fairness(SP, Y) on val: 0.945300
training accuracy (client 13) : 0.597826 
client 13 accuracy on val: 0.872085
client 13 fairness(SP, Y) on val: 0.623000
training accuracy (client 15) : 0.651786 
client 15 accuracy on val: 0.882424
client 15 fairness(SP, Y) on val: 0.623800
global model accuracy on val: 0.902380
global model fairness(SP, Y) on val: 0.915600
global model accuracy on test: 0.900457
global model fairness(SP, Y) on test: 0.909400
------------ run = 1; t = 17; F_Global = 0.9156, Privileged = Y ------------
training accuracy (client 3) : 0.965634 
client 3 accuracy on val: 0.900938
client 3 fairness(SP, Y) on val: 0.955400
training accuracy (client 5) : 0.848521 
client 5 accuracy on val: 0.897331
client 5 fairness(SP, Y) on val: 0.928500
training accuracy (client 11) : 0.616667 
client 11 accuracy on val: 0.867276
client 11 fairness(SP, Y) on val: 0.612500
training accuracy (client 12) : 0.879928 
client 12 accuracy on val: 0.848521
client 12 fairness(SP, Y) on val: 0.396300
global model accuracy on val: 0.902380
global model fairness(SP, Y) on val: 0.910400
global model accuracy on test: 0.900697
global model fairness(SP, Y) on test: 0.904900
------------ run = 1; t = 18; F_Global = 0.9104, Privileged = Y ------------
training accuracy (client 2) : 0.914970 
client 2 accuracy on val: 0.900457
client 2 fairness(SP, Y) on val: 0.992800
training accuracy (client 5) : 0.846154 
client 5 accuracy on val: 0.897091
client 5 fairness(SP, Y) on val: 0.930600
training accuracy (client 11) : 0.856517 
client 11 accuracy on val: 0.878577
client 11 fairness(SP, Y) on val: 0.446100
training accuracy (client 14) : 0.611111 
client 14 accuracy on val: 0.864631
client 14 fairness(SP, Y) on val: 0.608700
global model accuracy on val: 0.902140
global model fairness(SP, Y) on val: 0.900200
global model accuracy on test: 0.899976
global model fairness(SP, Y) on test: 0.902700
------------ run = 1; t = 19; F_Global = 0.9002, Privileged = Y ------------
training accuracy (client 1) : 0.903819 
client 1 accuracy on val: 0.901178
client 1 fairness(SP, Y) on val: 1.005800
training accuracy (client 2) : 0.914970 
client 2 accuracy on val: 0.900457
client 2 fairness(SP, Y) on val: 0.997400
training accuracy (client 3) : 0.965210 
client 3 accuracy on val: 0.900697
client 3 fairness(SP, Y) on val: 0.954000
training accuracy (client 13) : 0.874552 
client 13 accuracy on val: 0.845155
client 13 fairness(SP, Y) on val: 0.406300
global model accuracy on val: 0.902861
global model fairness(SP, Y) on val: 0.918400
global model accuracy on test: 0.899976
global model fairness(SP, Y) on test: 0.915900
------------ run = 1; t = 20; F_Global = 0.9184, Privileged = Y ------------
training accuracy (client 6) : 0.924623 
client 6 accuracy on val: 0.900216
client 6 fairness(SP, Y) on val: 0.986800
training accuracy (client 7) : 0.615854 
client 7 accuracy on val: 0.855494
client 7 fairness(SP, Y) on val: 0.629200
training accuracy (client 9) : 0.973427 
client 9 accuracy on val: 0.901900
client 9 fairness(SP, Y) on val: 0.943900
training accuracy (client 14) : 0.622222 
client 14 accuracy on val: 0.856215
client 14 fairness(SP, Y) on val: 0.640100
global model accuracy on val: 0.901900
global model fairness(SP, Y) on val: 0.923100
global model accuracy on test: 0.899976
global model fairness(SP, Y) on test: 0.918400
------------ run = 1; t = 21; F_Global = 0.9231, Privileged = Y ------------
training accuracy (client 1) : 0.902405 
client 1 accuracy on val: 0.900938
client 1 fairness(SP, Y) on val: 1.005600
training accuracy (client 6) : 0.924623 
client 6 accuracy on val: 0.900697
client 6 fairness(SP, Y) on val: 0.975200
training accuracy (client 7) : 0.606383 
client 7 accuracy on val: 0.867035
client 7 fairness(SP, Y) on val: 0.637500
training accuracy (client 14) : 0.609756 
client 14 accuracy on val: 0.860303
client 14 fairness(SP, Y) on val: 0.629600
global model accuracy on val: 0.902140
global model fairness(SP, Y) on val: 0.938300
global model accuracy on test: 0.898052
global model fairness(SP, Y) on test: 0.936300
------------ run = 1; t = 22; F_Global = 0.9383, Privileged = Y ------------
training accuracy (client 3) : 0.965634 
client 3 accuracy on val: 0.901659
client 3 fairness(SP, Y) on val: 0.948200
training accuracy (client 6) : 0.924623 
client 6 accuracy on val: 0.899976
client 6 fairness(SP, Y) on val: 0.991100
training accuracy (client 10) : 0.651786 
client 10 accuracy on val: 0.880500
client 10 fairness(SP, Y) on val: 0.674600
training accuracy (client 13) : 0.616667 
client 13 accuracy on val: 0.855494
client 13 fairness(SP, Y) on val: 0.651000
global model accuracy on val: 0.901659
global model fairness(SP, Y) on val: 0.940100
global model accuracy on test: 0.898293
global model fairness(SP, Y) on test: 0.943800
------------ run = 1; t = 23; F_Global = 0.9401, Privileged = Y ------------
training accuracy (client 2) : 0.914970 
client 2 accuracy on val: 0.899495
client 2 fairness(SP, Y) on val: 1.000900
training accuracy (client 3) : 0.964786 
client 3 accuracy on val: 0.901178
client 3 fairness(SP, Y) on val: 0.951100
training accuracy (client 8) : 0.930599 
client 8 accuracy on val: 0.900216
client 8 fairness(SP, Y) on val: 0.695700
training accuracy (client 15) : 0.611111 
client 15 accuracy on val: 0.861746
client 15 fairness(SP, Y) on val: 0.631200
global model accuracy on val: 0.900938
global model fairness(SP, Y) on val: 0.948500
global model accuracy on test: 0.897572
global model fairness(SP, Y) on test: 0.944700
------------ run = 1; t = 24; F_Global = 0.9485, Privileged = Y ------------
training accuracy (client 4) : 0.964567 
client 4 accuracy on val: 0.899976
client 4 fairness(SP, Y) on val: 0.981300
training accuracy (client 5) : 0.846154 
client 5 accuracy on val: 0.896610
client 5 fairness(SP, Y) on val: 0.949400
training accuracy (client 6) : 0.924623 
client 6 accuracy on val: 0.899736
client 6 fairness(SP, Y) on val: 0.986200
training accuracy (client 13) : 0.642857 
client 13 accuracy on val: 0.882905
client 13 fairness(SP, Y) on val: 0.653400
global model accuracy on val: 0.901178
global model fairness(SP, Y) on val: 0.947600
global model accuracy on test: 0.897331
global model fairness(SP, Y) on test: 0.949700
------------ run = 1; t = 25; F_Global = 0.9476, Privileged = Y ------------
training accuracy (client 1) : 0.903819 
client 1 accuracy on val: 0.901419
client 1 fairness(SP, Y) on val: 1.007300
training accuracy (client 8) : 0.597826 
client 8 accuracy on val: 0.869199
client 8 fairness(SP, Y) on val: 0.646100
training accuracy (client 9) : 0.852136 
client 9 accuracy on val: 0.879057
client 9 fairness(SP, Y) on val: 0.461500
training accuracy (client 11) : 0.606383 
client 11 accuracy on val: 0.866074
client 11 fairness(SP, Y) on val: 0.654400
global model accuracy on val: 0.901178
global model fairness(SP, Y) on val: 0.948700
global model accuracy on test: 0.898052
global model fairness(SP, Y) on test: 0.945800
------------ run = 1; t = 26; F_Global = 0.9487, Privileged = Y ------------
training accuracy (client 4) : 0.964567 
client 4 accuracy on val: 0.900457
client 4 fairness(SP, Y) on val: 0.978400
training accuracy (client 7) : 0.971329 
client 7 accuracy on val: 0.901900
client 7 fairness(SP, Y) on val: 0.941000
training accuracy (client 10) : 0.931388 
client 10 accuracy on val: 0.900457
client 10 fairness(SP, Y) on val: 0.700500
training accuracy (client 12) : 0.651786 
client 12 accuracy on val: 0.876172
client 12 fairness(SP, Y) on val: 0.686900
global model accuracy on val: 0.901419
global model fairness(SP, Y) on val: 0.947900
global model accuracy on test: 0.897091
global model fairness(SP, Y) on test: 0.951200
------------ run = 1; t = 27; F_Global = 0.9479, Privileged = Y ------------
training accuracy (client 2) : 0.914970 
client 2 accuracy on val: 0.901659
client 2 fairness(SP, Y) on val: 0.993600
training accuracy (client 7) : 0.876344 
client 7 accuracy on val: 0.845636
client 7 fairness(SP, Y) on val: 0.411500
training accuracy (client 8) : 0.621951 
client 8 accuracy on val: 0.847800
client 8 fairness(SP, Y) on val: 0.627600
training accuracy (client 13) : 0.974825 
client 13 accuracy on val: 0.901659
client 13 fairness(SP, Y) on val: 0.928100
global model accuracy on val: 0.900938
global model fairness(SP, Y) on val: 0.950100
global model accuracy on test: 0.897091
global model fairness(SP, Y) on test: 0.954800
------------ run = 1; t = 28; F_Global = 0.9501, Privileged = Y ------------
training accuracy (client 9) : 0.851041 
client 9 accuracy on val: 0.879057
client 9 fairness(SP, Y) on val: 0.466700
training accuracy (client 11) : 0.932177 
client 11 accuracy on val: 0.899976
client 11 fairness(SP, Y) on val: 0.699200
training accuracy (client 13) : 0.874552 
client 13 accuracy on val: 0.844915
client 13 fairness(SP, Y) on val: 0.412700
training accuracy (client 14) : 0.609756 
client 14 accuracy on val: 0.853811
client 14 fairness(SP, Y) on val: 0.668000
global model accuracy on val: 0.902140
global model fairness(SP, Y) on val: 0.917000
global model accuracy on test: 0.900216
global model fairness(SP, Y) on test: 0.917900
------------ run = 1; t = 29; F_Global = 0.917, Privileged = Y ------------
training accuracy (client 3) : 0.964786 
client 3 accuracy on val: 0.901178
client 3 fairness(SP, Y) on val: 0.951100
training accuracy (client 10) : 0.660714 
client 10 accuracy on val: 0.874249
client 10 fairness(SP, Y) on val: 0.662400
training accuracy (client 11) : 0.974126 
client 11 accuracy on val: 0.901178
client 11 fairness(SP, Y) on val: 0.928100
training accuracy (client 15) : 0.609756 
client 15 accuracy on val: 0.850685
client 15 fairness(SP, Y) on val: 0.653200
global model accuracy on val: 0.902621
global model fairness(SP, Y) on val: 0.920000
global model accuracy on test: 0.899255
global model fairness(SP, Y) on test: 0.919400
------------ run = 1; t = 30; F_Global = 0.92, Privileged = Y ------------
training accuracy (client 1) : 0.905233 
client 1 accuracy on val: 0.902380
client 1 fairness(SP, Y) on val: 1.007400
training accuracy (client 2) : 0.913772 
client 2 accuracy on val: 0.900216
client 2 fairness(SP, Y) on val: 0.985500
training accuracy (client 9) : 0.606383 
client 9 accuracy on val: 0.869199
client 9 fairness(SP, Y) on val: 0.621800
training accuracy (client 10) : 0.972727 
client 10 accuracy on val: 0.901659
client 10 fairness(SP, Y) on val: 0.933800
global model accuracy on val: 0.900938
global model fairness(SP, Y) on val: 0.941600
global model accuracy on test: 0.897572
global model fairness(SP, Y) on test: 0.943500
------------ run = 1; t = 31; F_Global = 0.9416, Privileged = Y ------------
training accuracy (client 2) : 0.914970 
client 2 accuracy on val: 0.900216
client 2 fairness(SP, Y) on val: 0.998300
training accuracy (client 4) : 0.964173 
client 4 accuracy on val: 0.900697
client 4 fairness(SP, Y) on val: 0.977000
training accuracy (client 10) : 0.855422 
client 10 accuracy on val: 0.877615
client 10 fairness(SP, Y) on val: 0.450800
training accuracy (client 13) : 0.651786 
client 13 accuracy on val: 0.882664
client 13 fairness(SP, Y) on val: 0.631200
global model accuracy on val: 0.901419
global model fairness(SP, Y) on val: 0.949000
global model accuracy on test: 0.897091
global model fairness(SP, Y) on test: 0.955400
------------ run = 1; t = 32; F_Global = 0.949, Privileged = Y ------------
training accuracy (client 2) : 0.914970 
client 2 accuracy on val: 0.899495
client 2 fairness(SP, Y) on val: 0.994500
training accuracy (client 5) : 0.852071 
client 5 accuracy on val: 0.896129
client 5 fairness(SP, Y) on val: 0.953600
training accuracy (client 11) : 0.876344 
client 11 accuracy on val: 0.846357
client 11 fairness(SP, Y) on val: 0.405900
training accuracy (client 13) : 0.611702 
client 13 accuracy on val: 0.862707
client 13 fairness(SP, Y) on val: 0.648600
global model accuracy on val: 0.901900
global model fairness(SP, Y) on val: 0.939700
global model accuracy on test: 0.898533
global model fairness(SP, Y) on test: 0.936700
------------ run = 1; t = 33; F_Global = 0.9397, Privileged = Y ------------
training accuracy (client 3) : 0.964786 
client 3 accuracy on val: 0.901419
client 3 fairness(SP, Y) on val: 0.946800
training accuracy (client 5) : 0.850888 
client 5 accuracy on val: 0.895167
client 5 fairness(SP, Y) on val: 0.978200
training accuracy (client 7) : 0.638889 
client 7 accuracy on val: 0.845396
client 7 fairness(SP, Y) on val: 0.663300
training accuracy (client 13) : 0.660714 
client 13 accuracy on val: 0.872806
client 13 fairness(SP, Y) on val: 0.688000
global model accuracy on val: 0.901419
global model fairness(SP, Y) on val: 0.934500
global model accuracy on test: 0.898052
global model fairness(SP, Y) on test: 0.934400
------------ run = 1; t = 34; F_Global = 0.9345, Privileged = Y ------------
training accuracy (client 3) : 0.964361 
client 3 accuracy on val: 0.901178
client 3 fairness(SP, Y) on val: 0.951100
training accuracy (client 5) : 0.853254 
client 5 accuracy on val: 0.894205
client 5 fairness(SP, Y) on val: 0.973200
training accuracy (client 11) : 0.853231 
client 11 accuracy on val: 0.877374
client 11 fairness(SP, Y) on val: 0.465000
training accuracy (client 15) : 0.660714 
client 15 accuracy on val: 0.874008
client 15 fairness(SP, Y) on val: 0.688300
global model accuracy on val: 0.901419
global model fairness(SP, Y) on val: 0.927100
global model accuracy on test: 0.899255
global model fairness(SP, Y) on test: 0.926900
------------ run = 1; t = 35; F_Global = 0.9271, Privileged = Y ------------
training accuracy (client 2) : 0.913772 
client 2 accuracy on val: 0.899976
client 2 fairness(SP, Y) on val: 1.002600
training accuracy (client 5) : 0.852071 
client 5 accuracy on val: 0.893724
client 5 fairness(SP, Y) on val: 0.970800
training accuracy (client 11) : 0.872760 
client 11 accuracy on val: 0.842029
client 11 fairness(SP, Y) on val: 0.412800
training accuracy (client 14) : 0.855422 
client 14 accuracy on val: 0.877615
client 14 fairness(SP, Y) on val: 0.462600
global model accuracy on val: 0.903823
global model fairness(SP, Y) on val: 0.922600
global model accuracy on test: 0.901900
global model fairness(SP, Y) on test: 0.924600
------------ run = 1; t = 36; F_Global = 0.9226, Privileged = Y ------------
training accuracy (client 2) : 0.914970 
client 2 accuracy on val: 0.899014
client 2 fairness(SP, Y) on val: 1.009000
training accuracy (client 4) : 0.963780 
client 4 accuracy on val: 0.899495
client 4 fairness(SP, Y) on val: 0.981300
training accuracy (client 10) : 0.658537 
client 10 accuracy on val: 0.833614
client 10 fairness(SP, Y) on val: 0.685300
training accuracy (client 14) : 0.872760 
client 14 accuracy on val: 0.840346
client 14 fairness(SP, Y) on val: 0.420600
global model accuracy on val: 0.901659
global model fairness(SP, Y) on val: 0.948000
global model accuracy on test: 0.898533
global model fairness(SP, Y) on test: 0.948500
------------ run = 1; t = 37; F_Global = 0.948, Privileged = Y ------------
training accuracy (client 6) : 0.924623 
client 6 accuracy on val: 0.899495
client 6 fairness(SP, Y) on val: 0.991100
training accuracy (client 8) : 0.976224 
client 8 accuracy on val: 0.901419
client 8 fairness(SP, Y) on val: 0.938100
training accuracy (client 11) : 0.655556 
client 11 accuracy on val: 0.842270
client 11 fairness(SP, Y) on val: 0.682900
training accuracy (client 13) : 0.851041 
client 13 accuracy on val: 0.878577
client 13 fairness(SP, Y) on val: 0.470600
global model accuracy on val: 0.901419
global model fairness(SP, Y) on val: 0.950100
global model accuracy on test: 0.897331
global model fairness(SP, Y) on test: 0.954900
------------ run = 1; t = 38; F_Global = 0.9501, Privileged = Y ------------
training accuracy (client 2) : 0.912575 
client 2 accuracy on val: 0.899736
client 2 fairness(SP, Y) on val: 1.012300
training accuracy (client 6) : 0.924623 
client 6 accuracy on val: 0.899976
client 6 fairness(SP, Y) on val: 0.988200
training accuracy (client 12) : 0.872760 
client 12 accuracy on val: 0.841308
client 12 fairness(SP, Y) on val: 0.419500
training accuracy (client 15) : 0.851041 
client 15 accuracy on val: 0.878817
client 15 fairness(SP, Y) on val: 0.468500
global model accuracy on val: 0.900938
global model fairness(SP, Y) on val: 0.954600
global model accuracy on test: 0.898052
global model fairness(SP, Y) on test: 0.955100
------------ run = 1; t = 39; F_Global = 0.9546, Privileged = Y ------------
training accuracy (client 4) : 0.963780 
client 4 accuracy on val: 0.900216
client 4 fairness(SP, Y) on val: 0.974100
training accuracy (client 5) : 0.854438 
client 5 accuracy on val: 0.892041
client 5 fairness(SP, Y) on val: 0.995300
training accuracy (client 6) : 0.924623 
client 6 accuracy on val: 0.899736
client 6 fairness(SP, Y) on val: 0.991400
training accuracy (client 14) : 0.869176 
client 14 accuracy on val: 0.841548
client 14 fairness(SP, Y) on val: 0.423500
global model accuracy on val: 0.901178
global model fairness(SP, Y) on val: 0.954900
global model accuracy on test: 0.897812
global model fairness(SP, Y) on test: 0.958400
------------ run = 1; t = 40; F_Global = 0.9549, Privileged = Y ------------
training accuracy (client 2) : 0.914970 
client 2 accuracy on val: 0.899255
client 2 fairness(SP, Y) on val: 1.009300
training accuracy (client 8) : 0.931388 
client 8 accuracy on val: 0.901419
client 8 fairness(SP, Y) on val: 0.707100
training accuracy (client 11) : 0.646341 
client 11 accuracy on val: 0.831690
client 11 fairness(SP, Y) on val: 0.683900
training accuracy (client 13) : 0.655556 
client 13 accuracy on val: 0.838663
client 13 fairness(SP, Y) on val: 0.696600
global model accuracy on val: 0.902140
global model fairness(SP, Y) on val: 0.966400
global model accuracy on test: 0.897812
global model fairness(SP, Y) on test: 0.977400
------------ run = 1; t = 41; F_Global = 0.9664, Privileged = Y ------------
training accuracy (client 4) : 0.963780 
client 4 accuracy on val: 0.899255
client 4 fairness(SP, Y) on val: 0.982700
training accuracy (client 5) : 0.854438 
client 5 accuracy on val: 0.889396
client 5 fairness(SP, Y) on val: 1.020600
training accuracy (client 10) : 0.973427 
client 10 accuracy on val: 0.901419
client 10 fairness(SP, Y) on val: 0.935300
training accuracy (client 13) : 0.932177 
client 13 accuracy on val: 0.901419
client 13 fairness(SP, Y) on val: 0.721100
global model accuracy on val: 0.901659
global model fairness(SP, Y) on val: 0.965300
global model accuracy on test: 0.898293
global model fairness(SP, Y) on test: 0.969700
------------ run = 1; t = 42; F_Global = 0.9653, Privileged = Y ------------
training accuracy (client 5) : 0.853254 
client 5 accuracy on val: 0.889396
client 5 fairness(SP, Y) on val: 1.004400
training accuracy (client 6) : 0.924623 
client 6 accuracy on val: 0.900216
client 6 fairness(SP, Y) on val: 0.997700
training accuracy (client 9) : 0.678571 
client 9 accuracy on val: 0.862707
client 9 fairness(SP, Y) on val: 0.739400
training accuracy (client 10) : 0.853231 
client 10 accuracy on val: 0.878336
client 10 fairness(SP, Y) on val: 0.482700
global model accuracy on val: 0.904304
global model fairness(SP, Y) on val: 0.965200
global model accuracy on test: 0.896369
global model fairness(SP, Y) on test: 0.971900
------------ run = 1; t = 43; F_Global = 0.9652, Privileged = Y ------------
training accuracy (client 5) : 0.854438 
client 5 accuracy on val: 0.887713
client 5 fairness(SP, Y) on val: 1.026700
training accuracy (client 6) : 0.919598 
client 6 accuracy on val: 0.901178
client 6 fairness(SP, Y) on val: 0.995400
training accuracy (client 9) : 0.863799 
client 9 accuracy on val: 0.839384
client 9 fairness(SP, Y) on val: 0.439700
training accuracy (client 12) : 0.973427 
client 12 accuracy on val: 0.900697
client 12 fairness(SP, Y) on val: 0.925200
global model accuracy on val: 0.904544
global model fairness(SP, Y) on val: 0.970700
global model accuracy on test: 0.896850
global model fairness(SP, Y) on test: 0.977200
------------ run = 1; t = 44; F_Global = 0.9707, Privileged = Y ------------
training accuracy (client 1) : 0.905233 
client 1 accuracy on val: 0.899495
client 1 fairness(SP, Y) on val: 1.031300
training accuracy (client 7) : 0.625000 
client 7 accuracy on val: 0.831450
client 7 fairness(SP, Y) on val: 0.783200
training accuracy (client 8) : 0.648936 
client 8 accuracy on val: 0.824717
client 8 fairness(SP, Y) on val: 0.783400
training accuracy (client 15) : 0.974825 
client 15 accuracy on val: 0.900697
client 15 fairness(SP, Y) on val: 0.933800
global model accuracy on val: 0.903102
global model fairness(SP, N) on val: 0.993500
global model accuracy on test: 0.894927
global model fairness(SP, N) on test: 0.992400
------------ run = 1; t = 45; F_Global = 0.9935, Privileged = N ------------
training accuracy (client 3) : 0.965634 
client 3 accuracy on val: 0.900216
client 3 fairness(SP, N) on val: 1.054600
training accuracy (client 4) : 0.964961 
client 4 accuracy on val: 0.899736
client 4 fairness(SP, N) on val: 1.017600
training accuracy (client 5) : 0.856805 
client 5 accuracy on val: 0.885549
client 5 fairness(SP, N) on val: 0.942900
training accuracy (client 8) : 0.666667 
client 8 accuracy on val: 0.819909
client 8 fairness(SP, N) on val: 1.185100
global model accuracy on val: 0.903342
global model fairness(SP, Y) on val: 0.955400
global model accuracy on test: 0.899495
global model fairness(SP, Y) on test: 0.958200
------------ run = 1; t = 46; F_Global = 0.9554, Privileged = Y ------------
training accuracy (client 1) : 0.912306 
client 1 accuracy on val: 0.900216
client 1 fairness(SP, Y) on val: 1.029100
training accuracy (client 2) : 0.913772 
client 2 accuracy on val: 0.899495
client 2 fairness(SP, Y) on val: 1.012000
training accuracy (client 12) : 0.614130 
client 12 accuracy on val: 0.836740
client 12 fairness(SP, Y) on val: 0.737300
training accuracy (client 15) : 0.857988 
client 15 accuracy on val: 0.887473
client 15 fairness(SP, Y) on val: 1.016900
global model accuracy on val: 0.902861
global model fairness(SP, N) on val: 0.995500
global model accuracy on test: 0.894446
global model fairness(SP, N) on test: 0.996700
------------ run = 1; t = 47; F_Global = 0.9955, Privileged = N ------------
training accuracy (client 6) : 0.689024 
client 6 accuracy on val: 0.805242
client 6 fairness(SP, N) on val: 1.230500
training accuracy (client 8) : 0.931388 
client 8 accuracy on val: 0.902140
client 8 fairness(SP, N) on val: 1.384700
training accuracy (client 9) : 0.696429 
client 9 accuracy on val: 0.846598
client 9 fairness(SP, N) on val: 1.158600
training accuracy (client 15) : 0.646739 
client 15 accuracy on val: 0.823275
client 15 fairness(SP, N) on val: 1.185600
global model accuracy on val: 0.892282
global model fairness(SP, Y) on val: 0.855500
global model accuracy on test: 0.883145
global model fairness(SP, Y) on test: 0.846900
------------ run = 1; t = 48; F_Global = 0.8555, Privileged = Y ------------
training accuracy (client 2) : 0.913772 
client 2 accuracy on val: 0.900216
client 2 fairness(SP, Y) on val: 1.011700
training accuracy (client 3) : 0.965210 
client 3 accuracy on val: 0.901178
client 3 fairness(SP, Y) on val: 0.956800
training accuracy (client 8) : 0.932965 
client 8 accuracy on val: 0.901178
client 8 fairness(SP, Y) on val: 0.706000
training accuracy (client 15) : 0.673913 
client 15 accuracy on val: 0.805723
client 15 fairness(SP, Y) on val: 0.743300
global model accuracy on val: 0.900697
global model fairness(SP, Y) on val: 0.959000
global model accuracy on test: 0.897091
global model fairness(SP, Y) on test: 0.964800
------------ run = 1; t = 49; F_Global = 0.959, Privileged = Y ------------
training accuracy (client 2) : 0.913772 
client 2 accuracy on val: 0.899014
client 2 fairness(SP, Y) on val: 1.009600
training accuracy (client 9) : 0.857612 
client 9 accuracy on val: 0.875210
client 9 fairness(SP, Y) on val: 0.459000
training accuracy (client 11) : 0.627660 
client 11 accuracy on val: 0.838904
client 11 fairness(SP, Y) on val: 0.705200
training accuracy (client 13) : 0.852071 
client 13 accuracy on val: 0.889396
client 13 fairness(SP, Y) on val: 1.009900
global model accuracy on val: 0.902380
global model fairness(SP, Y) on val: 0.992700
global model accuracy on test: 0.894927
global model fairness(SP, Y) on test: 0.997000
------------ run = 1; t = 50; F_Global = 0.9927, Privileged = Y ------------
training accuracy (client 1) : 0.912306 
client 1 accuracy on val: 0.902140
client 1 fairness(SP, Y) on val: 1.024200
training accuracy (client 2) : 0.912575 
client 2 accuracy on val: 0.899976
client 2 fairness(SP, Y) on val: 1.010200
training accuracy (client 7) : 0.683333 
client 7 accuracy on val: 0.811974
client 7 fairness(SP, Y) on val: 0.803500
training accuracy (client 14) : 0.851041 
client 14 accuracy on val: 0.875210
client 14 fairness(SP, Y) on val: 0.499000
global model accuracy on val: 0.902380
global model fairness(SP, N) on val: 0.980700
global model accuracy on test: 0.892763
global model fairness(SP, N) on test: 0.981400
----------------Done (FLAlgMain)----------------
