------------Execute (split_train_val_test)------------
rTrain: 0.6, rVal: 0.2, rTest: 0.2, alpha: 0.5, num_clients: 10
Total number of data row in law.csv: 20798
Total number of Training datasets: 12480
Total number of Testing datasets: 4159
Total number of Validation datasets: 4159
ratio :
[[7.00945887e-02 2.16738620e-01 3.20684190e-05 1.17482992e-01
  2.04406358e-02 1.17380997e-01 1.25926349e-03 4.33963463e-01
  1.48250068e-02 7.78236448e-03]
 [4.51735539e-03 1.74468501e-01 2.65539594e-02 2.65274715e-01
  1.59008658e-01 4.52351147e-03 3.22931439e-05 1.96492072e-01
  1.56948915e-01 1.21800197e-02]
 [9.03696691e-03 1.26961597e-01 1.29763591e-01 3.18207014e-02
  5.20647565e-02 1.89177468e-01 3.03909879e-01 6.90172015e-02
  7.62945009e-02 1.19533376e-02]
 [2.73370191e-02 1.81826629e-02 1.37690132e-01 7.39144541e-02
  8.43147992e-02 7.99030636e-02 1.41676927e-01 1.01121124e-02
  2.63896600e-01 1.62972230e-01]]
Total number of data row in dataset: 12480
Total number of clients datasets: 10
----------------(start splitting client datasets from adult_used.csv)----------------
client 1 training data (710, 12)
client 2 training data (2432, 12)
client 3 training data (279, 12)
client 4 training data (1438, 12)
client 5 training data (445, 12)
client 6 training data (1453, 12)
client 7 training data (517, 12)
client 8 training data (4474, 12)
client 9 training data (522, 12)
client 10 training data (210, 12)
----------------(finish splitting client datasets took 0.34621620178222656)----------------
------------Done (split_train_val_test)------------
