------------Execute (split_train_val_test)------------
rTrain: 0.6, rVal: 0.2, rTest: 0.2, alpha: 2, num_clients: 10
Total number of data row in law.csv: 20798
Total number of Training datasets: 12480
Total number of Testing datasets: 4159
Total number of Validation datasets: 4159
ratio :
[[0.16476775 0.04059974 0.09334749 0.12118473 0.11505518 0.29491116
  0.08850677 0.02180866 0.03863431 0.02118421]
 [0.12061218 0.06869671 0.02111244 0.06973979 0.09035828 0.1166324
  0.12562672 0.10482239 0.20797324 0.07442586]
 [0.23424213 0.07578559 0.03887028 0.07067232 0.12308812 0.14684399
  0.1061628  0.05345461 0.03152619 0.11935395]
 [0.15131141 0.05415563 0.10324857 0.11301519 0.00541428 0.11886214
  0.10099887 0.09805851 0.14441832 0.11051707]]
Total number of data row in dataset: 12480
Total number of clients datasets: 10
----------------(start splitting client datasets from adult_used.csv)----------------
client 1 training data (2109, 12)
client 2 training data (587, 12)
client 3 training data (1030, 12)
client 4 training data (1390, 12)
client 5 training data (1365, 12)
client 6 training data (3221, 12)
client 7 training data (1166, 12)
client 8 training data (427, 12)
client 9 training data (670, 12)
client 10 training data (515, 12)
----------------(finish splitting client datasets took 0.3672938346862793)----------------
------------Done (split_train_val_test)------------
