Alg.: FairFateVC; Client dataset: today_20230531\dataset_EQO_run_6; client Count: 10
----------------(start loading 10 client datasets from today_20230531\dataset_EQO_run_6)----------------
----------------(successfully loading 10 client datasets and server testing data from today_20230531\dataset_EQO_run_6)----------------
----------------Execute (FLAlgMain)----------------
----------------(start running algorithm)----------------
global model accuracy on val: 0.528973
global model fairness(EQO, N) on val: 0.756000
------------ run = 7; t = 1; F_Global = 0.756, Privileged = N ------------
training accuracy (client 8) : 0.891458 
client 8 accuracy on val: 0.885549
client 8 fairness(EQO, N) on val: 1.215700
training accuracy (client 9) : 0.935080 
client 9 accuracy on val: 0.887473
client 9 fairness(EQO, N) on val: 1.000000
training accuracy (client 10) : 0.898643 
client 10 accuracy on val: 0.884828
client 10 fairness(EQO, N) on val: 1.010200
global model accuracy on val: 0.857899
global model fairness(EQO, Y) on val: 0.975000
global model accuracy on test: 0.862707
global model fairness(EQO, Y) on test: 0.927400
------------ run = 7; t = 2; F_Global = 0.975, Privileged = Y ------------
training accuracy (client 2) : 0.914248 
client 2 accuracy on val: 0.886271
client 2 fairness(EQO, Y) on val: 0.979300
training accuracy (client 6) : 0.920508 
client 6 accuracy on val: 0.889877
client 6 fairness(EQO, Y) on val: 0.926500
training accuracy (client 9) : 0.935080 
client 9 accuracy on val: 0.887473
client 9 fairness(EQO, Y) on val: 1.000000
global model accuracy on val: 0.886030
global model fairness(EQO, Y) on val: 0.955800
global model accuracy on test: 0.890599
global model fairness(EQO, Y) on test: 0.957700
------------ run = 7; t = 3; F_Global = 0.9558, Privileged = Y ------------
training accuracy (client 2) : 0.911609 
client 2 accuracy on val: 0.888194
client 2 fairness(EQO, Y) on val: 0.981100
training accuracy (client 5) : 0.863836 
client 5 accuracy on val: 0.888194
client 5 fairness(EQO, Y) on val: 0.918100
training accuracy (client 6) : 0.850794 
client 6 accuracy on val: 0.890118
client 6 fairness(EQO, Y) on val: 0.796800
global model accuracy on val: 0.887954
global model fairness(EQO, Y) on val: 0.951400
global model accuracy on test: 0.893244
global model fairness(EQO, Y) on test: 0.932000
------------ run = 7; t = 4; F_Global = 0.9514, Privileged = Y ------------
training accuracy (client 3) : 0.909960 
client 3 accuracy on val: 0.891080
client 3 fairness(EQO, Y) on val: 0.881000
training accuracy (client 5) : 0.902376 
client 5 accuracy on val: 0.892522
client 5 fairness(EQO, Y) on val: 0.757000
training accuracy (client 10) : 0.565476 
client 10 accuracy on val: 0.861265
client 10 fairness(EQO, Y) on val: 0.718100
training accuracy (client 13) : 0.961263 
client 13 accuracy on val: 0.887473
client 13 fairness(EQO, Y) on val: 1.000000
global model accuracy on val: 0.889637
global model fairness(EQO, Y) on val: 0.941100
global model accuracy on test: 0.892282
global model fairness(EQO, Y) on test: 0.927500
------------ run = 7; t = 5; F_Global = 0.9411, Privileged = Y ------------
training accuracy (client 5) : 0.901357 
client 5 accuracy on val: 0.888675
client 5 fairness(EQO, Y) on val: 0.973500
training accuracy (client 6) : 0.577869 
client 6 accuracy on val: 0.849964
client 6 fairness(EQO, Y) on val: 0.663500
training accuracy (client 10) : 0.961263 
client 10 accuracy on val: 0.887473
client 10 fairness(EQO, Y) on val: 1.000000
training accuracy (client 11) : 0.620536 
client 11 accuracy on val: 0.845396
client 11 fairness(EQO, Y) on val: 0.672900
global model accuracy on val: 0.889396
global model fairness(EQO, Y) on val: 0.959600
global model accuracy on test: 0.890599
global model fairness(EQO, Y) on test: 0.965400
------------ run = 7; t = 6; F_Global = 0.9596, Privileged = Y ------------
training accuracy (client 1) : 0.943164 
client 1 accuracy on val: 0.887713
client 1 fairness(EQO, Y) on val: 0.983000
training accuracy (client 2) : 0.912929 
client 2 accuracy on val: 0.889396
client 2 fairness(EQO, Y) on val: 0.977300
training accuracy (client 5) : 0.901357 
client 5 accuracy on val: 0.889637
client 5 fairness(EQO, Y) on val: 0.970300
training accuracy (client 12) : 0.945788 
client 12 accuracy on val: 0.887954
client 12 fairness(EQO, Y) on val: 0.980400
training accuracy (client 17) : 0.544643 
client 17 accuracy on val: 0.881702
client 17 fairness(EQO, Y) on val: 0.750400
global model accuracy on val: 0.889156
global model fairness(EQO, Y) on val: 0.970700
global model accuracy on test: 0.891801
global model fairness(EQO, Y) on test: 0.969100
------------ run = 7; t = 7; F_Global = 0.9707, Privileged = Y ------------
training accuracy (client 6) : 0.995211 
client 6 accuracy on val: 0.887473
client 6 fairness(EQO, Y) on val: 1.000000
training accuracy (client 9) : 0.961263 
client 9 accuracy on val: 0.887473
client 9 fairness(EQO, Y) on val: 1.000000
training accuracy (client 11) : 0.531250 
client 11 accuracy on val: 0.875451
client 11 fairness(EQO, Y) on val: 0.680600
training accuracy (client 12) : 0.945788 
client 12 accuracy on val: 0.888194
client 12 fairness(EQO, Y) on val: 0.977800
training accuracy (client 14) : 0.525000 
client 14 accuracy on val: 0.888675
client 14 fairness(EQO, Y) on val: 0.767200
global model accuracy on val: 0.887473
global model fairness(EQO, Y) on val: 0.989200
global model accuracy on test: 0.892282
global model fairness(EQO, Y) on test: 0.993800
------------ run = 7; t = 8; F_Global = 0.9892, Privileged = Y ------------
training accuracy (client 4) : 0.936272 
client 4 accuracy on val: 0.887473
client 4 fairness(EQO, Y) on val: 0.992800
training accuracy (client 11) : 0.945055 
client 11 accuracy on val: 0.888675
client 11 fairness(EQO, Y) on val: 0.972600
training accuracy (client 12) : 0.541667 
client 12 accuracy on val: 0.886752
client 12 fairness(EQO, Y) on val: 0.679600
training accuracy (client 13) : 0.500000 
client 13 accuracy on val: 0.893484
client 13 fairness(EQO, Y) on val: 0.807500
training accuracy (client 14) : 0.508929 
client 14 accuracy on val: 0.893003
client 14 fairness(EQO, Y) on val: 0.827000
global model accuracy on val: 0.887473
global model fairness(EQO, Y) on val: 0.989200
global model accuracy on test: 0.892282
global model fairness(EQO, Y) on test: 0.988800
------------ run = 7; t = 9; F_Global = 0.9892, Privileged = Y ------------
training accuracy (client 1) : 0.947773 
client 1 accuracy on val: 0.889637
client 1 fairness(EQO, Y) on val: 0.958600
training accuracy (client 6) : 0.995211 
client 6 accuracy on val: 0.887473
client 6 fairness(EQO, Y) on val: 1.000000
training accuracy (client 7) : 0.970874 
client 7 accuracy on val: 0.887232
client 7 fairness(EQO, Y) on val: 0.999000
training accuracy (client 8) : 0.540323 
client 8 accuracy on val: 0.881462
client 8 fairness(EQO, Y) on val: 0.633200
training accuracy (client 12) : 0.526042 
client 12 accuracy on val: 0.884347
client 12 fairness(EQO, Y) on val: 0.635400
global model accuracy on val: 0.887473
global model fairness(EQO, Y) on val: 0.992800
global model accuracy on test: 0.892041
global model fairness(EQO, Y) on test: 0.996600
------------ run = 7; t = 10; F_Global = 0.9928, Privileged = Y ------------
training accuracy (client 2) : 0.836374 
client 2 accuracy on val: 0.872566
client 2 fairness(EQO, Y) on val: 0.511600
training accuracy (client 8) : 0.989331 
client 8 accuracy on val: 0.887473
client 8 fairness(EQO, Y) on val: 1.000000
training accuracy (client 10) : 0.508333 
client 10 accuracy on val: 0.893244
client 10 fairness(EQO, Y) on val: 0.794300
training accuracy (client 11) : 0.947253 
client 11 accuracy on val: 0.889877
client 11 fairness(EQO, Y) on val: 0.956000
training accuracy (client 15) : 0.506944 
client 15 accuracy on val: 0.893724
client 15 fairness(EQO, Y) on val: 0.756800
training accuracy (client 17) : 0.500000 
client 17 accuracy on val: 0.893965
client 17 fairness(EQO, Y) on val: 0.857100
global model accuracy on val: 0.887232
global model fairness(EQO, Y) on val: 0.991800
global model accuracy on test: 0.892282
global model fairness(EQO, Y) on test: 0.993300
------------ run = 7; t = 11; F_Global = 0.9918, Privileged = Y ------------
training accuracy (client 1) : 0.908971 
client 1 accuracy on val: 0.890358
client 1 fairness(EQO, Y) on val: 0.963800
training accuracy (client 2) : 0.935676 
client 2 accuracy on val: 0.887713
client 2 fairness(EQO, Y) on val: 0.990200
training accuracy (client 3) : 0.901357 
client 3 accuracy on val: 0.892763
client 3 fairness(EQO, Y) on val: 0.931500
training accuracy (client 6) : 0.961263 
client 6 accuracy on val: 0.887473
client 6 fairness(EQO, Y) on val: 1.000000
training accuracy (client 15) : 0.618902 
client 15 accuracy on val: 0.847560
client 15 fairness(EQO, Y) on val: 0.545600
training accuracy (client 17) : 0.508333 
client 17 accuracy on val: 0.892282
client 17 fairness(EQO, Y) on val: 0.763600
global model accuracy on val: 0.887232
global model fairness(EQO, Y) on val: 0.991800
global model accuracy on test: 0.892282
global model fairness(EQO, Y) on test: 0.993300
------------ run = 7; t = 12; F_Global = 0.9918, Privileged = Y ------------
training accuracy (client 5) : 0.508929 
client 5 accuracy on val: 0.892041
client 5 fairness(EQO, Y) on val: 0.674500
training accuracy (client 7) : 0.500000 
client 7 accuracy on val: 0.892763
client 7 fairness(EQO, Y) on val: 0.758300
training accuracy (client 8) : 0.508929 
client 8 accuracy on val: 0.894205
client 8 fairness(EQO, Y) on val: 0.773300
training accuracy (client 17) : 0.512500 
client 17 accuracy on val: 0.890118
client 17 fairness(EQO, Y) on val: 0.676400
training accuracy (client 18) : 0.981567 
client 18 accuracy on val: 0.887473
client 18 fairness(EQO, Y) on val: 1.000000
training accuracy (client 21) : 0.524390 
client 21 accuracy on val: 0.888675
client 21 fairness(EQO, Y) on val: 0.665700
training accuracy (client 23) : 0.508333 
client 23 accuracy on val: 0.893484
client 23 fairness(EQO, Y) on val: 0.766600
global model accuracy on val: 0.887232
global model fairness(EQO, Y) on val: 0.999000
global model accuracy on test: 0.891801
global model fairness(EQO, Y) on test: 1.000000
------------ run = 7; t = 13; F_Global = 0.999, Privileged = Y ------------
training accuracy (client 3) : 0.961263 
client 3 accuracy on val: 0.887473
client 3 fairness(EQO, Y) on val: 1.000000
training accuracy (client 14) : 0.981567 
client 14 accuracy on val: 0.887473
client 14 fairness(EQO, Y) on val: 1.000000
training accuracy (client 15) : 0.500000 
client 15 accuracy on val: 0.894686
client 15 fairness(EQO, Y) on val: 0.764900
training accuracy (client 20) : 0.500000 
client 20 accuracy on val: 0.894686
client 20 fairness(EQO, Y) on val: 0.842400
training accuracy (client 21) : 0.506250 
client 21 accuracy on val: 0.895167
client 21 fairness(EQO, Y) on val: 0.744000
training accuracy (client 22) : 0.524390 
client 22 accuracy on val: 0.890118
client 22 fairness(EQO, Y) on val: 0.699200
training accuracy (client 23) : 0.508333 
client 23 accuracy on val: 0.893003
client 23 fairness(EQO, Y) on val: 0.827600
global model accuracy on val: 0.887232
global model fairness(EQO, Y) on val: 0.999000
global model accuracy on test: 0.891801
global model fairness(EQO, Y) on test: 1.000000
------------ run = 7; t = 14; F_Global = 0.999, Privileged = Y ------------
training accuracy (client 2) : 0.970874 
client 2 accuracy on val: 0.887473
client 2 fairness(EQO, Y) on val: 1.000000
training accuracy (client 6) : 0.994819 
client 6 accuracy on val: 0.887473
client 6 fairness(EQO, Y) on val: 1.000000
training accuracy (client 8) : 0.505208 
client 8 accuracy on val: 0.888916
client 8 fairness(EQO, Y) on val: 0.695000
training accuracy (client 15) : 0.963119 
client 15 accuracy on val: 0.887473
client 15 fairness(EQO, Y) on val: 1.000000
training accuracy (client 19) : 0.500000 
client 19 accuracy on val: 0.894446
client 19 fairness(EQO, Y) on val: 0.808100
training accuracy (client 21) : 0.506250 
client 21 accuracy on val: 0.894686
client 21 fairness(EQO, Y) on val: 0.784100
training accuracy (client 23) : 0.508333 
client 23 accuracy on val: 0.894205
client 23 fairness(EQO, Y) on val: 0.867300
global model accuracy on val: 0.887473
global model fairness(EQO, Y) on val: 1.000000
global model accuracy on test: 0.891801
global model fairness(EQO, Y) on test: 1.000000
------------ run = 7; t = 15; F_Global = 1.0, Privileged = Y ------------
training accuracy (client 3) : 0.961263 
client 3 accuracy on val: 0.887473
client 3 fairness(EQO, Y) on val: 1.000000
training accuracy (client 6) : 0.994819 
client 6 accuracy on val: 0.887473
client 6 fairness(EQO, Y) on val: 1.000000
training accuracy (client 7) : 0.500000 
client 7 accuracy on val: 0.894686
client 7 fairness(EQO, Y) on val: 0.869500
training accuracy (client 8) : 0.875274 
client 8 accuracy on val: 0.894205
client 8 fairness(EQO, Y) on val: 0.794200
training accuracy (client 9) : 0.948718 
client 9 accuracy on val: 0.890118
client 9 fairness(EQO, Y) on val: 0.949800
training accuracy (client 11) : 0.500000 
client 11 accuracy on val: 0.893003
client 11 fairness(EQO, Y) on val: 0.915400
training accuracy (client 16) : 0.500000 
client 16 accuracy on val: 0.894205
client 16 fairness(EQO, Y) on val: 0.811000
global model accuracy on val: 0.887473
global model fairness(EQO, Y) on val: 1.000000
global model accuracy on test: 0.891801
global model fairness(EQO, Y) on test: 1.000000
------------ run = 7; t = 16; F_Global = 1.0, Privileged = Y ------------
training accuracy (client 5) : 0.529762 
client 5 accuracy on val: 0.893484
client 5 fairness(EQO, Y) on val: 0.726800
training accuracy (client 9) : 0.981567 
client 9 accuracy on val: 0.887473
client 9 fairness(EQO, Y) on val: 1.000000
training accuracy (client 10) : 0.963119 
client 10 accuracy on val: 0.887473
client 10 fairness(EQO, Y) on val: 1.000000
training accuracy (client 13) : 0.500000 
client 13 accuracy on val: 0.893244
client 13 fairness(EQO, Y) on val: 0.906600
training accuracy (client 14) : 0.506098 
client 14 accuracy on val: 0.894446
client 14 fairness(EQO, Y) on val: 0.776000
training accuracy (client 17) : 0.506250 
client 17 accuracy on val: 0.893965
client 17 fairness(EQO, Y) on val: 0.819900
training accuracy (client 22) : 0.500000 
client 22 accuracy on val: 0.892522
client 22 fairness(EQO, Y) on val: 0.923700
global model accuracy on val: 0.887473
global model fairness(EQO, Y) on val: 1.000000
global model accuracy on test: 0.891801
global model fairness(EQO, Y) on test: 1.000000
------------ run = 7; t = 17; F_Global = 1.0, Privileged = Y ------------
training accuracy (client 6) : 0.500000 
client 6 accuracy on val: 0.893244
client 6 fairness(EQO, Y) on val: 0.855500
training accuracy (client 9) : 0.963119 
client 9 accuracy on val: 0.887473
client 9 fairness(EQO, Y) on val: 1.000000
training accuracy (client 11) : 0.500000 
client 11 accuracy on val: 0.892763
client 11 fairness(EQO, Y) on val: 0.925300
training accuracy (client 17) : 0.948718 
client 17 accuracy on val: 0.890358
client 17 fairness(EQO, Y) on val: 0.943600
training accuracy (client 18) : 0.500000 
client 18 accuracy on val: 0.894446
client 18 fairness(EQO, Y) on val: 0.839400
training accuracy (client 19) : 0.529762 
client 19 accuracy on val: 0.894686
client 19 fairness(EQO, Y) on val: 0.763200
training accuracy (client 20) : 0.500000 
client 20 accuracy on val: 0.892763
client 20 fairness(EQO, Y) on val: 0.935700
global model accuracy on val: 0.887473
global model fairness(EQO, Y) on val: 1.000000
global model accuracy on test: 0.891801
global model fairness(EQO, Y) on test: 1.000000
------------ run = 7; t = 18; F_Global = 1.0, Privileged = Y ------------
training accuracy (client 1) : 0.995211 
client 1 accuracy on val: 0.887473
client 1 fairness(EQO, Y) on val: 1.000000
training accuracy (client 5) : 0.994819 
client 5 accuracy on val: 0.887473
client 5 fairness(EQO, Y) on val: 1.000000
training accuracy (client 7) : 0.981567 
client 7 accuracy on val: 0.887473
client 7 fairness(EQO, Y) on val: 1.000000
training accuracy (client 15) : 0.518293 
client 15 accuracy on val: 0.893244
client 15 fairness(EQO, Y) on val: 0.730500
training accuracy (client 17) : 0.500000 
client 17 accuracy on val: 0.892763
client 17 fairness(EQO, Y) on val: 0.932700
training accuracy (client 18) : 0.500000 
client 18 accuracy on val: 0.893244
client 18 fairness(EQO, Y) on val: 0.855000
training accuracy (client 21) : 0.500000 
client 21 accuracy on val: 0.893724
client 21 fairness(EQO, Y) on val: 0.837100
global model accuracy on val: 0.887473
global model fairness(EQO, Y) on val: 1.000000
global model accuracy on test: 0.891801
global model fairness(EQO, Y) on test: 1.000000
------------ run = 7; t = 19; F_Global = 1.0, Privileged = Y ------------
training accuracy (client 8) : 0.963119 
client 8 accuracy on val: 0.887473
client 8 fairness(EQO, Y) on val: 1.000000
training accuracy (client 9) : 0.512195 
client 9 accuracy on val: 0.894446
client 9 fairness(EQO, Y) on val: 0.735800
training accuracy (client 13) : 0.500000 
client 13 accuracy on val: 0.893244
client 13 fairness(EQO, Y) on val: 0.923700
training accuracy (client 16) : 0.500000 
client 16 accuracy on val: 0.892041
client 16 fairness(EQO, Y) on val: 0.947200
training accuracy (client 19) : 0.500000 
client 19 accuracy on val: 0.891560
client 19 fairness(EQO, Y) on val: 0.952500
training accuracy (client 20) : 0.500000 
client 20 accuracy on val: 0.895648
client 20 fairness(EQO, Y) on val: 0.833200
training accuracy (client 22) : 0.500000 
client 22 accuracy on val: 0.894205
client 22 fairness(EQO, Y) on val: 0.885700
global model accuracy on val: 0.887473
global model fairness(EQO, Y) on val: 1.000000
global model accuracy on test: 0.891801
global model fairness(EQO, Y) on test: 1.000000
------------ run = 7; t = 20; F_Global = 1.0, Privileged = Y ------------
training accuracy (client 3) : 0.961263 
client 3 accuracy on val: 0.887473
client 3 fairness(EQO, Y) on val: 1.000000
training accuracy (client 6) : 0.911609 
client 6 accuracy on val: 0.890599
client 6 fairness(EQO, Y) on val: 0.972800
training accuracy (client 9) : 0.500000 
client 9 accuracy on val: 0.893484
client 9 fairness(EQO, Y) on val: 0.782500
training accuracy (client 10) : 0.500000 
client 10 accuracy on val: 0.894686
client 10 fairness(EQO, Y) on val: 0.869300
training accuracy (client 12) : 0.878191 
client 12 accuracy on val: 0.894686
client 12 fairness(EQO, Y) on val: 0.817700
training accuracy (client 14) : 0.950183 
client 14 accuracy on val: 0.890118
client 14 fairness(EQO, Y) on val: 0.939000
training accuracy (client 18) : 0.512195 
client 18 accuracy on val: 0.893965
client 18 fairness(EQO, Y) on val: 0.768800
global model accuracy on val: 0.887473
global model fairness(EQO, Y) on val: 1.000000
global model accuracy on test: 0.891801
global model fairness(EQO, Y) on test: 1.000000
------------ run = 7; t = 21; F_Global = 1.0, Privileged = Y ------------
training accuracy (client 2) : 0.970874 
client 2 accuracy on val: 0.887473
client 2 fairness(EQO, Y) on val: 1.000000
training accuracy (client 4) : 0.989331 
client 4 accuracy on val: 0.887473
client 4 fairness(EQO, Y) on val: 1.000000
training accuracy (client 13) : 0.500000 
client 13 accuracy on val: 0.893724
client 13 fairness(EQO, Y) on val: 0.888500
training accuracy (client 15) : 0.500000 
client 15 accuracy on val: 0.893244
client 15 fairness(EQO, Y) on val: 0.939000
training accuracy (client 16) : 0.518293 
client 16 accuracy on val: 0.893724
client 16 fairness(EQO, Y) on val: 0.791600
training accuracy (client 17) : 0.500000 
client 17 accuracy on val: 0.893724
client 17 fairness(EQO, Y) on val: 0.862300
training accuracy (client 19) : 0.510417 
client 19 accuracy on val: 0.890839
client 19 fairness(EQO, Y) on val: 0.765200
global model accuracy on val: 0.887473
global model fairness(EQO, Y) on val: 1.000000
global model accuracy on test: 0.891801
global model fairness(EQO, Y) on test: 1.000000
------------ run = 7; t = 22; F_Global = 1.0, Privileged = Y ------------
training accuracy (client 5) : 0.994819 
client 5 accuracy on val: 0.887473
client 5 fairness(EQO, Y) on val: 1.000000
training accuracy (client 8) : 0.500000 
client 8 accuracy on val: 0.892282
client 8 fairness(EQO, Y) on val: 0.923800
training accuracy (client 9) : 0.506250 
client 9 accuracy on val: 0.895167
client 9 fairness(EQO, Y) on val: 0.845300
training accuracy (client 14) : 0.908971 
client 14 accuracy on val: 0.890839
client 14 fairness(EQO, Y) on val: 0.970100
training accuracy (client 17) : 0.952381 
client 17 accuracy on val: 0.890118
client 17 fairness(EQO, Y) on val: 0.939000
training accuracy (client 22) : 0.500000 
client 22 accuracy on val: 0.893244
client 22 fairness(EQO, Y) on val: 0.857800
training accuracy (client 23) : 0.505208 
client 23 accuracy on val: 0.890839
client 23 fairness(EQO, Y) on val: 0.770600
global model accuracy on val: 0.887473
global model fairness(EQO, Y) on val: 1.000000
global model accuracy on test: 0.891801
global model fairness(EQO, Y) on test: 1.000000
------------ run = 7; t = 23; F_Global = 1.0, Privileged = Y ------------
training accuracy (client 1) : 0.995211 
client 1 accuracy on val: 0.887473
client 1 fairness(EQO, Y) on val: 1.000000
training accuracy (client 7) : 0.963119 
client 7 accuracy on val: 0.887473
client 7 fairness(EQO, Y) on val: 1.000000
training accuracy (client 10) : 0.500000 
client 10 accuracy on val: 0.894205
client 10 fairness(EQO, Y) on val: 0.845100
training accuracy (client 14) : 0.512195 
client 14 accuracy on val: 0.893003
client 14 fairness(EQO, Y) on val: 0.750000
training accuracy (client 19) : 0.506250 
client 19 accuracy on val: 0.894446
client 19 fairness(EQO, Y) on val: 0.842700
training accuracy (client 20) : 0.910290 
client 20 accuracy on val: 0.891080
client 20 fairness(EQO, Y) on val: 0.971900
training accuracy (client 22) : 0.500000 
client 22 accuracy on val: 0.894927
client 22 fairness(EQO, Y) on val: 0.861000
global model accuracy on val: 0.887473
global model fairness(EQO, Y) on val: 1.000000
global model accuracy on test: 0.891801
global model fairness(EQO, Y) on test: 1.000000
------------ run = 7; t = 24; F_Global = 1.0, Privileged = Y ------------
training accuracy (client 7) : 0.963119 
client 7 accuracy on val: 0.887473
client 7 fairness(EQO, Y) on val: 1.000000
training accuracy (client 8) : 0.529762 
client 8 accuracy on val: 0.895167
client 8 fairness(EQO, Y) on val: 0.775700
training accuracy (client 10) : 0.500000 
client 10 accuracy on val: 0.892763
client 10 fairness(EQO, Y) on val: 0.936900
training accuracy (client 19) : 0.500000 
client 19 accuracy on val: 0.894927
client 19 fairness(EQO, Y) on val: 0.854100
training accuracy (client 20) : 0.512195 
client 20 accuracy on val: 0.894686
client 20 fairness(EQO, Y) on val: 0.772700
training accuracy (client 22) : 0.910290 
client 22 accuracy on val: 0.891080
client 22 fairness(EQO, Y) on val: 0.971900
training accuracy (client 23) : 0.500000 
client 23 accuracy on val: 0.893484
client 23 fairness(EQO, Y) on val: 0.876800
global model accuracy on val: 0.887473
global model fairness(EQO, Y) on val: 1.000000
global model accuracy on test: 0.891801
global model fairness(EQO, Y) on test: 1.000000
------------ run = 7; t = 25; F_Global = 1.0, Privileged = Y ------------
training accuracy (client 2) : 0.970874 
client 2 accuracy on val: 0.887473
client 2 fairness(EQO, Y) on val: 1.000000
training accuracy (client 3) : 0.961263 
client 3 accuracy on val: 0.887473
client 3 fairness(EQO, Y) on val: 1.000000
training accuracy (client 4) : 0.989331 
client 4 accuracy on val: 0.887473
client 4 fairness(EQO, Y) on val: 1.000000
training accuracy (client 9) : 0.500000 
client 9 accuracy on val: 0.894927
client 9 fairness(EQO, Y) on val: 0.850000
training accuracy (client 11) : 0.500000 
client 11 accuracy on val: 0.892763
client 11 fairness(EQO, Y) on val: 0.896700
training accuracy (client 16) : 0.510417 
client 16 accuracy on val: 0.890358
client 16 fairness(EQO, Y) on val: 0.779800
training accuracy (client 22) : 0.910290 
client 22 accuracy on val: 0.891080
client 22 fairness(EQO, Y) on val: 0.971900
global model accuracy on val: 0.887473
global model fairness(EQO, Y) on val: 1.000000
global model accuracy on test: 0.891801
global model fairness(EQO, Y) on test: 1.000000
------------ run = 7; t = 26; F_Global = 1.0, Privileged = Y ------------
training accuracy (client 1) : 0.995211 
client 1 accuracy on val: 0.887473
client 1 fairness(EQO, Y) on val: 1.000000
training accuracy (client 3) : 0.961263 
client 3 accuracy on val: 0.887473
client 3 fairness(EQO, Y) on val: 1.000000
training accuracy (client 7) : 0.963119 
client 7 accuracy on val: 0.887473
client 7 fairness(EQO, Y) on val: 1.000000
training accuracy (client 16) : 0.500000 
client 16 accuracy on val: 0.892763
client 16 fairness(EQO, Y) on val: 0.928900
training accuracy (client 17) : 0.500000 
client 17 accuracy on val: 0.894686
client 17 fairness(EQO, Y) on val: 0.846600
training accuracy (client 19) : 0.500000 
client 19 accuracy on val: 0.893965
client 19 fairness(EQO, Y) on val: 0.861700
training accuracy (client 23) : 0.908971 
client 23 accuracy on val: 0.891080
client 23 fairness(EQO, Y) on val: 0.971900
global model accuracy on val: 0.887473
global model fairness(EQO, Y) on val: 1.000000
global model accuracy on test: 0.891801
global model fairness(EQO, Y) on test: 1.000000
------------ run = 7; t = 27; F_Global = 1.0, Privileged = Y ------------
training accuracy (client 8) : 0.500000 
client 8 accuracy on val: 0.892041
client 8 fairness(EQO, Y) on val: 0.953400
training accuracy (client 9) : 0.878191 
client 9 accuracy on val: 0.895408
client 9 fairness(EQO, Y) on val: 0.825300
training accuracy (client 13) : 0.953846 
client 13 accuracy on val: 0.891080
client 13 fairness(EQO, Y) on val: 0.921400
training accuracy (client 18) : 0.500000 
client 18 accuracy on val: 0.892282
client 18 fairness(EQO, Y) on val: 0.911800
training accuracy (client 19) : 0.510417 
client 19 accuracy on val: 0.890118
client 19 fairness(EQO, Y) on val: 0.789300
training accuracy (client 20) : 0.500000 
client 20 accuracy on val: 0.892522
client 20 fairness(EQO, Y) on val: 0.930900
training accuracy (client 23) : 0.910290 
client 23 accuracy on val: 0.891320
client 23 fairness(EQO, Y) on val: 0.973700
global model accuracy on val: 0.887473
global model fairness(EQO, Y) on val: 1.000000
global model accuracy on test: 0.891801
global model fairness(EQO, Y) on test: 1.000000
------------ run = 7; t = 28; F_Global = 1.0, Privileged = Y ------------
training accuracy (client 1) : 0.995211 
client 1 accuracy on val: 0.887473
client 1 fairness(EQO, Y) on val: 1.000000
training accuracy (client 2) : 0.970874 
client 2 accuracy on val: 0.887232
client 2 fairness(EQO, Y) on val: 0.999000
training accuracy (client 4) : 0.989331 
client 4 accuracy on val: 0.887473
client 4 fairness(EQO, Y) on val: 1.000000
training accuracy (client 7) : 0.963119 
client 7 accuracy on val: 0.887473
client 7 fairness(EQO, Y) on val: 1.000000
training accuracy (client 8) : 0.500000 
client 8 accuracy on val: 0.892763
client 8 fairness(EQO, Y) on val: 0.912900
training accuracy (client 18) : 0.876732 
client 18 accuracy on val: 0.895167
client 18 fairness(EQO, Y) on val: 0.805200
training accuracy (client 22) : 0.500000 
client 22 accuracy on val: 0.893244
client 22 fairness(EQO, Y) on val: 0.894300
global model accuracy on val: 0.887473
global model fairness(EQO, Y) on val: 1.000000
global model accuracy on test: 0.891801
global model fairness(EQO, Y) on test: 1.000000
------------ run = 7; t = 29; F_Global = 1.0, Privileged = Y ------------
training accuracy (client 4) : 0.994819 
client 4 accuracy on val: 0.887473
client 4 fairness(EQO, Y) on val: 1.000000
training accuracy (client 8) : 0.500000 
client 8 accuracy on val: 0.892522
client 8 fairness(EQO, Y) on val: 0.917900
training accuracy (client 12) : 0.500000 
client 12 accuracy on val: 0.896369
client 12 fairness(EQO, Y) on val: 0.840800
training accuracy (client 18) : 0.510417 
client 18 accuracy on val: 0.890118
client 18 fairness(EQO, Y) on val: 0.761400
training accuracy (client 21) : 0.500000 
client 21 accuracy on val: 0.892522
client 21 fairness(EQO, Y) on val: 0.933400
training accuracy (client 22) : 0.878920 
client 22 accuracy on val: 0.895167
client 22 fairness(EQO, Y) on val: 0.805200
training accuracy (client 23) : 0.500000 
client 23 accuracy on val: 0.893244
client 23 fairness(EQO, Y) on val: 0.919900
global model accuracy on val: 0.887473
global model fairness(EQO, Y) on val: 1.000000
global model accuracy on test: 0.891801
global model fairness(EQO, Y) on test: 1.000000
------------ run = 7; t = 30; F_Global = 1.0, Privileged = Y ------------
training accuracy (client 1) : 0.995211 
client 1 accuracy on val: 0.887473
client 1 fairness(EQO, Y) on val: 1.000000
training accuracy (client 2) : 0.961263 
client 2 accuracy on val: 0.887473
client 2 fairness(EQO, Y) on val: 1.000000
training accuracy (client 3) : 0.989331 
client 3 accuracy on val: 0.887473
client 3 fairness(EQO, Y) on val: 1.000000
training accuracy (client 7) : 0.500000 
client 7 accuracy on val: 0.894927
client 7 fairness(EQO, Y) on val: 0.805100
training accuracy (client 11) : 0.500000 
client 11 accuracy on val: 0.893724
client 11 fairness(EQO, Y) on val: 0.828400
training accuracy (client 13) : 0.500000 
client 13 accuracy on val: 0.892522
client 13 fairness(EQO, Y) on val: 0.935900
training accuracy (client 15) : 0.500000 
client 15 accuracy on val: 0.892763
client 15 fairness(EQO, Y) on val: 0.885600
global model accuracy on val: 0.887473
global model fairness(EQO, Y) on val: 1.000000
global model accuracy on test: 0.891801
global model fairness(EQO, Y) on test: 1.000000
------------ run = 7; t = 31; F_Global = 1.0, Privileged = Y ------------
training accuracy (client 2) : 0.961263 
client 2 accuracy on val: 0.887473
client 2 fairness(EQO, Y) on val: 1.000000
training accuracy (client 9) : 0.512195 
client 9 accuracy on val: 0.893484
client 9 fairness(EQO, Y) on val: 0.763000
training accuracy (client 10) : 0.500000 
client 10 accuracy on val: 0.893965
client 10 fairness(EQO, Y) on val: 0.873500
training accuracy (client 17) : 0.500000 
client 17 accuracy on val: 0.892522
client 17 fairness(EQO, Y) on val: 0.949400
training accuracy (client 20) : 0.506098 
client 20 accuracy on val: 0.893965
client 20 fairness(EQO, Y) on val: 0.797100
training accuracy (client 22) : 0.500000 
client 22 accuracy on val: 0.891801
client 22 fairness(EQO, Y) on val: 0.956700
training accuracy (client 23) : 0.500000 
client 23 accuracy on val: 0.893003
client 23 fairness(EQO, Y) on val: 0.913900
global model accuracy on val: 0.887473
global model fairness(EQO, Y) on val: 1.000000
global model accuracy on test: 0.891801
global model fairness(EQO, Y) on test: 1.000000
------------ run = 7; t = 32; F_Global = 1.0, Privileged = Y ------------
training accuracy (client 1) : 0.995211 
client 1 accuracy on val: 0.887473
client 1 fairness(EQO, Y) on val: 1.000000
training accuracy (client 6) : 0.963119 
client 6 accuracy on val: 0.887473
client 6 fairness(EQO, Y) on val: 1.000000
training accuracy (client 10) : 0.908971 
client 10 accuracy on val: 0.891080
client 10 fairness(EQO, Y) on val: 0.973800
training accuracy (client 11) : 0.970874 
client 11 accuracy on val: 0.887473
client 11 fairness(EQO, Y) on val: 1.000000
training accuracy (client 16) : 0.500000 
client 16 accuracy on val: 0.892763
client 16 fairness(EQO, Y) on val: 0.922700
training accuracy (client 21) : 0.506098 
client 21 accuracy on val: 0.896129
client 21 fairness(EQO, Y) on val: 0.809100
training accuracy (client 22) : 0.500000 
client 22 accuracy on val: 0.892522
client 22 fairness(EQO, Y) on val: 0.935900
global model accuracy on val: 0.887473
global model fairness(EQO, Y) on val: 1.000000
global model accuracy on test: 0.891801
global model fairness(EQO, Y) on test: 1.000000
------------ run = 7; t = 33; F_Global = 1.0, Privileged = Y ------------
training accuracy (client 1) : 0.995211 
client 1 accuracy on val: 0.887473
client 1 fairness(EQO, Y) on val: 1.000000
training accuracy (client 6) : 0.963119 
client 6 accuracy on val: 0.887473
client 6 fairness(EQO, Y) on val: 1.000000
training accuracy (client 9) : 0.956044 
client 9 accuracy on val: 0.892282
client 9 fairness(EQO, Y) on val: 0.904900
training accuracy (client 10) : 0.970874 
client 10 accuracy on val: 0.887473
client 10 fairness(EQO, Y) on val: 1.000000
training accuracy (client 15) : 0.500000 
client 15 accuracy on val: 0.894927
client 15 fairness(EQO, Y) on val: 0.843000
training accuracy (client 21) : 0.500000 
client 21 accuracy on val: 0.893003
client 21 fairness(EQO, Y) on val: 0.922600
training accuracy (client 22) : 0.518293 
client 22 accuracy on val: 0.893244
client 22 fairness(EQO, Y) on val: 0.764400
global model accuracy on val: 0.887473
global model fairness(EQO, Y) on val: 1.000000
global model accuracy on test: 0.891801
global model fairness(EQO, Y) on test: 1.000000
------------ run = 7; t = 34; F_Global = 1.0, Privileged = Y ------------
training accuracy (client 1) : 0.995211 
client 1 accuracy on val: 0.887473
client 1 fairness(EQO, Y) on val: 1.000000
training accuracy (client 10) : 0.500000 
client 10 accuracy on val: 0.892763
client 10 fairness(EQO, Y) on val: 0.912900
training accuracy (client 12) : 0.510417 
client 12 accuracy on val: 0.891320
client 12 fairness(EQO, Y) on val: 0.747300
training accuracy (client 13) : 0.876003 
client 13 accuracy on val: 0.893724
client 13 fairness(EQO, Y) on val: 0.787900
training accuracy (client 14) : 0.512195 
client 14 accuracy on val: 0.892041
client 14 fairness(EQO, Y) on val: 0.768800
training accuracy (client 15) : 0.500000 
client 15 accuracy on val: 0.894927
client 15 fairness(EQO, Y) on val: 0.835700
training accuracy (client 19) : 0.500000 
client 19 accuracy on val: 0.892522
client 19 fairness(EQO, Y) on val: 0.928600
global model accuracy on val: 0.887473
global model fairness(EQO, Y) on val: 1.000000
global model accuracy on test: 0.891801
global model fairness(EQO, Y) on test: 1.000000
------------ run = 7; t = 35; F_Global = 1.0, Privileged = Y ------------
training accuracy (client 5) : 0.981567 
client 5 accuracy on val: 0.887473
client 5 fairness(EQO, Y) on val: 1.000000
training accuracy (client 11) : 0.500000 
client 11 accuracy on val: 0.893724
client 11 fairness(EQO, Y) on val: 0.910500
training accuracy (client 17) : 0.518293 
client 17 accuracy on val: 0.894686
client 17 fairness(EQO, Y) on val: 0.754100
training accuracy (client 18) : 0.500000 
client 18 accuracy on val: 0.893003
client 18 fairness(EQO, Y) on val: 0.917100
training accuracy (client 20) : 0.876732 
client 20 accuracy on val: 0.894927
client 20 fairness(EQO, Y) on val: 0.758900
training accuracy (client 22) : 0.500000 
client 22 accuracy on val: 0.893965
client 22 fairness(EQO, Y) on val: 0.830800
training accuracy (client 23) : 0.500000 
client 23 accuracy on val: 0.892763
client 23 fairness(EQO, Y) on val: 0.928400
global model accuracy on val: 0.887473
global model fairness(EQO, Y) on val: 1.000000
global model accuracy on test: 0.891801
global model fairness(EQO, Y) on test: 1.000000
------------ run = 7; t = 36; F_Global = 1.0, Privileged = Y ------------
training accuracy (client 13) : 0.956777 
client 13 accuracy on val: 0.893003
client 13 fairness(EQO, Y) on val: 0.886300
training accuracy (client 16) : 0.505208 
client 16 accuracy on val: 0.891080
client 16 fairness(EQO, Y) on val: 0.750300
training accuracy (client 18) : 0.500000 
client 18 accuracy on val: 0.893484
client 18 fairness(EQO, Y) on val: 0.928400
training accuracy (client 19) : 0.518293 
client 19 accuracy on val: 0.893484
client 19 fairness(EQO, Y) on val: 0.777000
training accuracy (client 20) : 0.500000 
client 20 accuracy on val: 0.893724
client 20 fairness(EQO, Y) on val: 0.914600
training accuracy (client 21) : 0.876732 
client 21 accuracy on val: 0.895408
client 21 fairness(EQO, Y) on val: 0.772600
training accuracy (client 22) : 0.500000 
client 22 accuracy on val: 0.895408
client 22 fairness(EQO, Y) on val: 0.844900
global model accuracy on val: 0.887473
global model fairness(EQO, Y) on val: 1.000000
global model accuracy on test: 0.891801
global model fairness(EQO, Y) on test: 1.000000
------------ run = 7; t = 37; F_Global = 1.0, Privileged = Y ------------
training accuracy (client 6) : 0.963119 
client 6 accuracy on val: 0.887473
client 6 fairness(EQO, Y) on val: 1.000000
training accuracy (client 7) : 0.506250 
client 7 accuracy on val: 0.893965
client 7 fairness(EQO, Y) on val: 0.774800
training accuracy (client 8) : 0.541667 
client 8 accuracy on val: 0.890599
client 8 fairness(EQO, Y) on val: 0.719700
training accuracy (client 9) : 0.970874 
client 9 accuracy on val: 0.887232
client 9 fairness(EQO, Y) on val: 0.999000
training accuracy (client 12) : 0.910290 
client 12 accuracy on val: 0.892282
client 12 fairness(EQO, Y) on val: 0.946400
training accuracy (client 14) : 0.500000 
client 14 accuracy on val: 0.894205
client 14 fairness(EQO, Y) on val: 0.868900
training accuracy (client 16) : 0.500000 
client 16 accuracy on val: 0.895167
client 16 fairness(EQO, Y) on val: 0.881400
global model accuracy on val: 0.887473
global model fairness(EQO, Y) on val: 1.000000
global model accuracy on test: 0.891801
global model fairness(EQO, Y) on test: 1.000000
------------ run = 7; t = 38; F_Global = 1.0, Privileged = Y ------------
training accuracy (client 7) : 0.500000 
client 7 accuracy on val: 0.894686
client 7 fairness(EQO, Y) on val: 0.795100
training accuracy (client 8) : 0.500000 
client 8 accuracy on val: 0.896369
client 8 fairness(EQO, Y) on val: 0.834200
training accuracy (client 9) : 0.500000 
client 9 accuracy on val: 0.894927
client 9 fairness(EQO, Y) on val: 0.789600
training accuracy (client 14) : 0.518293 
client 14 accuracy on val: 0.890599
client 14 fairness(EQO, Y) on val: 0.746000
training accuracy (client 16) : 0.878191 
client 16 accuracy on val: 0.894927
client 16 fairness(EQO, Y) on val: 0.781200
training accuracy (client 17) : 0.506944 
client 17 accuracy on val: 0.894686
client 17 fairness(EQO, Y) on val: 0.801400
training accuracy (client 23) : 0.500000 
client 23 accuracy on val: 0.893244
client 23 fairness(EQO, Y) on val: 0.876900
global model accuracy on val: 0.887232
global model fairness(EQO, Y) on val: 0.999000
global model accuracy on test: 0.891801
global model fairness(EQO, Y) on test: 1.000000
------------ run = 7; t = 39; F_Global = 0.999, Privileged = Y ------------
training accuracy (client 2) : 0.961263 
client 2 accuracy on val: 0.887473
client 2 fairness(EQO, Y) on val: 1.000000
training accuracy (client 5) : 0.981567 
client 5 accuracy on val: 0.887473
client 5 fairness(EQO, Y) on val: 1.000000
training accuracy (client 6) : 0.963119 
client 6 accuracy on val: 0.887473
client 6 fairness(EQO, Y) on val: 1.000000
training accuracy (client 7) : 0.524390 
client 7 accuracy on val: 0.888194
client 7 fairness(EQO, Y) on val: 0.728100
training accuracy (client 10) : 0.500000 
client 10 accuracy on val: 0.895888
client 10 fairness(EQO, Y) on val: 0.861400
training accuracy (client 11) : 0.508333 
client 11 accuracy on val: 0.895888
client 11 fairness(EQO, Y) on val: 0.835000
training accuracy (client 19) : 0.517857 
client 19 accuracy on val: 0.891080
client 19 fairness(EQO, Y) on val: 0.781200
global model accuracy on val: 0.887473
global model fairness(EQO, Y) on val: 1.000000
global model accuracy on test: 0.891801
global model fairness(EQO, Y) on test: 1.000000
------------ run = 7; t = 40; F_Global = 1.0, Privileged = Y ------------
training accuracy (client 4) : 0.994819 
client 4 accuracy on val: 0.887473
client 4 fairness(EQO, Y) on val: 1.000000
training accuracy (client 8) : 0.520833 
client 8 accuracy on val: 0.886752
client 8 fairness(EQO, Y) on val: 0.758000
training accuracy (client 11) : 0.970874 
client 11 accuracy on val: 0.887232
client 11 fairness(EQO, Y) on val: 0.999000
training accuracy (client 12) : 0.910290 
client 12 accuracy on val: 0.891801
client 12 fairness(EQO, Y) on val: 0.947900
training accuracy (client 13) : 0.500000 
client 13 accuracy on val: 0.895888
client 13 fairness(EQO, Y) on val: 0.869200
training accuracy (client 22) : 0.500000 
client 22 accuracy on val: 0.895167
client 22 fairness(EQO, Y) on val: 0.878700
training accuracy (client 23) : 0.500000 
client 23 accuracy on val: 0.893003
client 23 fairness(EQO, Y) on val: 0.795700
global model accuracy on val: 0.887473
global model fairness(EQO, Y) on val: 1.000000
global model accuracy on test: 0.891801
global model fairness(EQO, Y) on test: 1.000000
------------ run = 7; t = 41; F_Global = 1.0, Privileged = Y ------------
training accuracy (client 3) : 0.989331 
client 3 accuracy on val: 0.887473
client 3 fairness(EQO, Y) on val: 1.000000
training accuracy (client 6) : 0.963119 
client 6 accuracy on val: 0.887473
client 6 fairness(EQO, Y) on val: 1.000000
training accuracy (client 7) : 0.956044 
client 7 accuracy on val: 0.894446
client 7 fairness(EQO, Y) on val: 0.859900
training accuracy (client 9) : 0.535714 
client 9 accuracy on val: 0.889156
client 9 fairness(EQO, Y) on val: 0.756500
training accuracy (client 16) : 0.518293 
client 16 accuracy on val: 0.889156
client 16 fairness(EQO, Y) on val: 0.784800
training accuracy (client 19) : 0.970874 
client 19 accuracy on val: 0.887232
client 19 fairness(EQO, Y) on val: 0.999000
training accuracy (client 20) : 0.910290 
client 20 accuracy on val: 0.892041
client 20 fairness(EQO, Y) on val: 0.953900
global model accuracy on val: 0.887473
global model fairness(EQO, Y) on val: 1.000000
global model accuracy on test: 0.891801
global model fairness(EQO, Y) on test: 1.000000
------------ run = 7; t = 42; F_Global = 1.0, Privileged = Y ------------
training accuracy (client 2) : 0.961263 
client 2 accuracy on val: 0.887473
client 2 fairness(EQO, Y) on val: 1.000000
training accuracy (client 6) : 0.963119 
client 6 accuracy on val: 0.887473
client 6 fairness(EQO, Y) on val: 1.000000
training accuracy (client 10) : 0.518293 
client 10 accuracy on val: 0.890839
client 10 fairness(EQO, Y) on val: 0.783100
training accuracy (client 16) : 0.500000 
client 16 accuracy on val: 0.891560
client 16 fairness(EQO, Y) on val: 0.910900
training accuracy (client 17) : 0.500000 
client 17 accuracy on val: 0.893244
client 17 fairness(EQO, Y) on val: 0.909200
training accuracy (client 18) : 0.500000 
client 18 accuracy on val: 0.893484
client 18 fairness(EQO, Y) on val: 0.841700
training accuracy (client 21) : 0.512195 
client 21 accuracy on val: 0.890599
client 21 fairness(EQO, Y) on val: 0.774900
global model accuracy on val: 0.887473
global model fairness(EQO, Y) on val: 1.000000
global model accuracy on test: 0.891801
global model fairness(EQO, Y) on test: 1.000000
------------ run = 7; t = 43; F_Global = 1.0, Privileged = Y ------------
training accuracy (client 3) : 0.989331 
client 3 accuracy on val: 0.887473
client 3 fairness(EQO, Y) on val: 1.000000
training accuracy (client 7) : 0.500000 
client 7 accuracy on val: 0.895167
client 7 fairness(EQO, Y) on val: 0.827800
training accuracy (client 10) : 0.876732 
client 10 accuracy on val: 0.895408
client 10 fairness(EQO, Y) on val: 0.851700
training accuracy (client 13) : 0.500000 
client 13 accuracy on val: 0.893244
client 13 fairness(EQO, Y) on val: 0.928000
training accuracy (client 16) : 0.541667 
client 16 accuracy on val: 0.888194
client 16 fairness(EQO, Y) on val: 0.782600
training accuracy (client 19) : 0.518293 
client 19 accuracy on val: 0.891801
client 19 fairness(EQO, Y) on val: 0.812800
training accuracy (client 23) : 0.518293 
client 23 accuracy on val: 0.886992
client 23 fairness(EQO, Y) on val: 0.804100
global model accuracy on val: 0.887473
global model fairness(EQO, Y) on val: 1.000000
global model accuracy on test: 0.891801
global model fairness(EQO, Y) on test: 1.000000
------------ run = 7; t = 44; F_Global = 1.0, Privileged = Y ------------
training accuracy (client 4) : 0.994819 
client 4 accuracy on val: 0.887473
client 4 fairness(EQO, Y) on val: 1.000000
training accuracy (client 8) : 0.500000 
client 8 accuracy on val: 0.893244
client 8 fairness(EQO, Y) on val: 0.903600
training accuracy (client 13) : 0.970874 
client 13 accuracy on val: 0.887232
client 13 fairness(EQO, Y) on val: 0.999000
training accuracy (client 15) : 0.500000 
client 15 accuracy on val: 0.893003
client 15 fairness(EQO, Y) on val: 0.930700
training accuracy (client 17) : 0.500000 
client 17 accuracy on val: 0.894446
client 17 fairness(EQO, Y) on val: 0.859200
training accuracy (client 18) : 0.500000 
client 18 accuracy on val: 0.895167
client 18 fairness(EQO, Y) on val: 0.848800
training accuracy (client 19) : 0.876732 
client 19 accuracy on val: 0.894686
client 19 fairness(EQO, Y) on val: 0.846100
global model accuracy on val: 0.887473
global model fairness(EQO, Y) on val: 1.000000
global model accuracy on test: 0.891801
global model fairness(EQO, Y) on test: 1.000000
------------ run = 7; t = 45; F_Global = 1.0, Privileged = Y ------------
training accuracy (client 2) : 0.961263 
client 2 accuracy on val: 0.887473
client 2 fairness(EQO, Y) on val: 1.000000
training accuracy (client 7) : 0.500000 
client 7 accuracy on val: 0.894686
client 7 fairness(EQO, Y) on val: 0.883900
training accuracy (client 12) : 0.910290 
client 12 accuracy on val: 0.892282
client 12 fairness(EQO, Y) on val: 0.956900
training accuracy (client 13) : 0.500000 
client 13 accuracy on val: 0.889877
client 13 fairness(EQO, Y) on val: 0.959200
training accuracy (client 16) : 0.500000 
client 16 accuracy on val: 0.896129
client 16 fairness(EQO, Y) on val: 0.860200
training accuracy (client 17) : 0.512195 
client 17 accuracy on val: 0.889637
client 17 fairness(EQO, Y) on val: 0.790000
training accuracy (client 19) : 0.970874 
client 19 accuracy on val: 0.887473
client 19 fairness(EQO, Y) on val: 1.000000
global model accuracy on val: 0.887473
global model fairness(EQO, Y) on val: 1.000000
global model accuracy on test: 0.891801
global model fairness(EQO, Y) on test: 1.000000
------------ run = 7; t = 46; F_Global = 1.0, Privileged = Y ------------
training accuracy (client 1) : 0.995211 
client 1 accuracy on val: 0.887473
client 1 fairness(EQO, Y) on val: 1.000000
training accuracy (client 2) : 0.961263 
client 2 accuracy on val: 0.887473
client 2 fairness(EQO, Y) on val: 1.000000
training accuracy (client 7) : 0.506944 
client 7 accuracy on val: 0.893003
client 7 fairness(EQO, Y) on val: 0.831600
training accuracy (client 11) : 0.500000 
client 11 accuracy on val: 0.893003
client 11 fairness(EQO, Y) on val: 0.919900
training accuracy (client 12) : 0.535714 
client 12 accuracy on val: 0.889396
client 12 fairness(EQO, Y) on val: 0.791700
training accuracy (client 17) : 0.506250 
client 17 accuracy on val: 0.892763
client 17 fairness(EQO, Y) on val: 0.816000
training accuracy (client 21) : 0.500000 
client 21 accuracy on val: 0.893484
client 21 fairness(EQO, Y) on val: 0.909600
global model accuracy on val: 0.887473
global model fairness(EQO, Y) on val: 1.000000
global model accuracy on test: 0.891801
global model fairness(EQO, Y) on test: 1.000000
------------ run = 7; t = 47; F_Global = 1.0, Privileged = Y ------------
training accuracy (client 2) : 0.961263 
client 2 accuracy on val: 0.887473
client 2 fairness(EQO, Y) on val: 1.000000
training accuracy (client 3) : 0.989331 
client 3 accuracy on val: 0.887473
client 3 fairness(EQO, Y) on val: 1.000000
training accuracy (client 8) : 0.520833 
client 8 accuracy on val: 0.890839
client 8 fairness(EQO, Y) on val: 0.774800
training accuracy (client 9) : 0.955311 
client 9 accuracy on val: 0.894446
client 9 fairness(EQO, Y) on val: 0.845500
training accuracy (client 10) : 0.500000 
client 10 accuracy on val: 0.893965
client 10 fairness(EQO, Y) on val: 0.890600
training accuracy (client 11) : 0.970874 
client 11 accuracy on val: 0.887232
client 11 fairness(EQO, Y) on val: 0.999000
training accuracy (client 13) : 0.500000 
client 13 accuracy on val: 0.894686
client 13 fairness(EQO, Y) on val: 0.835900
global model accuracy on val: 0.887473
global model fairness(EQO, Y) on val: 1.000000
global model accuracy on test: 0.891801
global model fairness(EQO, Y) on test: 1.000000
------------ run = 7; t = 48; F_Global = 1.0, Privileged = Y ------------
training accuracy (client 2) : 0.961263 
client 2 accuracy on val: 0.887473
client 2 fairness(EQO, Y) on val: 1.000000
training accuracy (client 3) : 0.989331 
client 3 accuracy on val: 0.887473
client 3 fairness(EQO, Y) on val: 1.000000
training accuracy (client 4) : 0.994819 
client 4 accuracy on val: 0.887473
client 4 fairness(EQO, Y) on val: 1.000000
training accuracy (client 12) : 0.518293 
client 12 accuracy on val: 0.891560
client 12 fairness(EQO, Y) on val: 0.794000
training accuracy (client 13) : 0.512195 
client 13 accuracy on val: 0.888675
client 13 fairness(EQO, Y) on val: 0.756900
training accuracy (client 14) : 0.506944 
client 14 accuracy on val: 0.893244
client 14 fairness(EQO, Y) on val: 0.848400
training accuracy (client 18) : 0.500000 
client 18 accuracy on val: 0.893724
client 18 fairness(EQO, Y) on val: 0.915400
global model accuracy on val: 0.887473
global model fairness(EQO, Y) on val: 1.000000
global model accuracy on test: 0.891801
global model fairness(EQO, Y) on test: 1.000000
------------ run = 7; t = 49; F_Global = 1.0, Privileged = Y ------------
training accuracy (client 5) : 0.981567 
client 5 accuracy on val: 0.887473
client 5 fairness(EQO, Y) on val: 1.000000
training accuracy (client 11) : 0.910290 
client 11 accuracy on val: 0.891801
client 11 fairness(EQO, Y) on val: 0.952400
training accuracy (client 12) : 0.500000 
client 12 accuracy on val: 0.891320
client 12 fairness(EQO, Y) on val: 0.964400
training accuracy (client 13) : 0.535714 
client 13 accuracy on val: 0.890118
client 13 fairness(EQO, Y) on val: 0.790800
training accuracy (client 14) : 0.500000 
client 14 accuracy on val: 0.894205
client 14 fairness(EQO, Y) on val: 0.855300
training accuracy (client 16) : 0.957509 
client 16 accuracy on val: 0.894205
client 16 fairness(EQO, Y) on val: 0.851700
training accuracy (client 23) : 0.500000 
client 23 accuracy on val: 0.890839
client 23 fairness(EQO, Y) on val: 0.945500
global model accuracy on val: 0.887473
global model fairness(EQO, Y) on val: 1.000000
global model accuracy on test: 0.891801
global model fairness(EQO, Y) on test: 1.000000
------------ run = 7; t = 50; F_Global = 1.0, Privileged = Y ------------
training accuracy (client 1) : 0.995211 
client 1 accuracy on val: 0.887473
client 1 fairness(EQO, Y) on val: 1.000000
training accuracy (client 3) : 0.989331 
client 3 accuracy on val: 0.887473
client 3 fairness(EQO, Y) on val: 1.000000
training accuracy (client 10) : 0.500000 
client 10 accuracy on val: 0.894446
client 10 fairness(EQO, Y) on val: 0.874600
training accuracy (client 14) : 0.500000 
client 14 accuracy on val: 0.893965
client 14 fairness(EQO, Y) on val: 0.881100
training accuracy (client 17) : 0.506944 
client 17 accuracy on val: 0.893244
client 17 fairness(EQO, Y) on val: 0.893100
training accuracy (client 20) : 0.535714 
client 20 accuracy on val: 0.888916
client 20 fairness(EQO, Y) on val: 0.811700
training accuracy (client 22) : 0.956044 
client 22 accuracy on val: 0.893965
client 22 fairness(EQO, Y) on val: 0.851000
global model accuracy on val: 0.887473
global model fairness(EQO, Y) on val: 1.000000
global model accuracy on test: 0.891801
global model fairness(EQO, Y) on test: 1.000000
----------------Done (FLAlgMain)----------------
