Alg.: FairFateVC; Client dataset: today_20230530\dataset_SP_run_2; client Count: 10
----------------(start loading 10 client datasets from today_20230530\dataset_SP_run_2)----------------
----------------(successfully loading 10 client datasets and server testing data from today_20230530\dataset_SP_run_2)----------------
----------------Execute (FLAlgMain)----------------
----------------(start running algorithm)----------------
global model accuracy on val: 0.459726
global model fairness(SP, N) on val: 0.522000
------------ run = 3; t = 1; F_Global = 0.522, Privileged = N ------------
training accuracy (client 2) : 0.872675 
client 2 accuracy on val: 0.886030
client 2 fairness(SP, N) on val: 1.348900
training accuracy (client 3) : 0.802721 
client 3 accuracy on val: 0.706179
client 3 fairness(SP, N) on val: 0.879000
training accuracy (client 8) : 0.862745 
client 8 accuracy on val: 0.889637
client 8 fairness(SP, N) on val: 1.193700
global model accuracy on val: 0.862707
global model fairness(SP, Y) on val: 0.977600
global model accuracy on test: 0.868718
global model fairness(SP, N) on test: 0.979500
------------ run = 3; t = 2; F_Global = 0.9776, Privileged = Y ------------
training accuracy (client 2) : 0.871245 
client 2 accuracy on val: 0.889156
client 2 fairness(SP, Y) on val: 0.720600
training accuracy (client 5) : 0.812895 
client 5 accuracy on val: 0.824958
client 5 fairness(SP, Y) on val: 0.495300
training accuracy (client 9) : 0.919906 
client 9 accuracy on val: 0.887954
client 9 fairness(SP, Y) on val: 0.599700
global model accuracy on val: 0.878817
global model fairness(SP, Y) on val: 0.787200
global model accuracy on test: 0.882183
global model fairness(SP, Y) on test: 0.801100
------------ run = 3; t = 3; F_Global = 0.7872, Privileged = Y ------------
training accuracy (client 1) : 0.959641 
client 1 accuracy on val: 0.895408
client 1 fairness(SP, Y) on val: 0.882900
training accuracy (client 6) : 0.866947 
client 6 accuracy on val: 0.885549
client 6 fairness(SP, Y) on val: 0.815200
training accuracy (client 11) : 0.950820 
client 11 accuracy on val: 0.895167
client 11 fairness(SP, Y) on val: 0.836200
training accuracy (client 12) : 0.921084 
client 12 accuracy on val: 0.885790
client 12 fairness(SP, Y) on val: 0.575000
global model accuracy on val: 0.896129
global model fairness(SP, Y) on val: 0.792700
global model accuracy on test: 0.899255
global model fairness(SP, Y) on test: 0.781000
------------ run = 3; t = 4; F_Global = 0.7927, Privileged = Y ------------
training accuracy (client 3) : 0.939122 
client 3 accuracy on val: 0.892522
client 3 fairness(SP, Y) on val: 0.985600
training accuracy (client 4) : 0.940950 
client 4 accuracy on val: 0.897572
client 4 fairness(SP, Y) on val: 0.853700
training accuracy (client 8) : 0.728723 
client 8 accuracy on val: 0.760279
client 8 fairness(SP, Y) on val: 0.519700
training accuracy (client 9) : 0.968689 
client 9 accuracy on val: 0.890839
client 9 fairness(SP, Y) on val: 0.993200
global model accuracy on val: 0.897331
global model fairness(SP, Y) on val: 0.875700
global model accuracy on test: 0.900457
global model fairness(SP, Y) on test: 0.875800
------------ run = 3; t = 5; F_Global = 0.8757, Privileged = Y ------------
training accuracy (client 5) : 0.903638 
client 5 accuracy on val: 0.891080
client 5 fairness(SP, Y) on val: 0.989900
training accuracy (client 8) : 0.970646 
client 8 accuracy on val: 0.891560
client 8 fairness(SP, Y) on val: 0.986100
training accuracy (client 10) : 0.960187 
client 10 accuracy on val: 0.894205
client 10 fairness(SP, Y) on val: 0.700100
training accuracy (client 11) : 0.919906 
client 11 accuracy on val: 0.886992
client 11 fairness(SP, Y) on val: 0.582000
global model accuracy on val: 0.897331
global model fairness(SP, Y) on val: 0.884200
global model accuracy on test: 0.901178
global model fairness(SP, Y) on test: 0.871100
------------ run = 3; t = 6; F_Global = 0.8842, Privileged = Y ------------
training accuracy (client 1) : 0.960538 
client 1 accuracy on val: 0.896610
client 1 fairness(SP, Y) on val: 0.841800
training accuracy (client 5) : 0.902655 
client 5 accuracy on val: 0.891320
client 5 fairness(SP, Y) on val: 0.989600
training accuracy (client 9) : 0.744505 
client 9 accuracy on val: 0.713633
client 9 fairness(SP, Y) on val: 0.663300
training accuracy (client 10) : 0.718085 
client 10 accuracy on val: 0.766530
client 10 fairness(SP, Y) on val: 0.547100
global model accuracy on val: 0.897812
global model fairness(SP, Y) on val: 0.867600
global model accuracy on test: 0.900216
global model fairness(SP, Y) on test: 0.862600
------------ run = 3; t = 7; F_Global = 0.8676, Privileged = Y ------------
training accuracy (client 4) : 0.899705 
client 4 accuracy on val: 0.889637
client 4 fairness(SP, Y) on val: 0.991200
training accuracy (client 6) : 0.942584 
client 6 accuracy on val: 0.897331
client 6 fairness(SP, Y) on val: 0.884500
training accuracy (client 7) : 0.972603 
client 7 accuracy on val: 0.892763
client 7 fairness(SP, Y) on val: 0.977900
training accuracy (client 8) : 0.960187 
client 8 accuracy on val: 0.894686
client 8 fairness(SP, Y) on val: 0.696900
global model accuracy on val: 0.897331
global model fairness(SP, Y) on val: 0.891100
global model accuracy on test: 0.902380
global model fairness(SP, Y) on test: 0.891600
------------ run = 3; t = 8; F_Global = 0.8911, Privileged = Y ------------
training accuracy (client 1) : 0.793651 
client 1 accuracy on val: 0.769656
client 1 fairness(SP, Y) on val: 1.106800
training accuracy (client 8) : 0.925795 
client 8 accuracy on val: 0.886271
client 8 fairness(SP, Y) on val: 0.580400
training accuracy (client 11) : 0.717391 
client 11 accuracy on val: 0.775186
client 11 fairness(SP, Y) on val: 0.602400
training accuracy (client 12) : 0.718085 
client 12 accuracy on val: 0.765569
client 12 fairness(SP, Y) on val: 0.561600
global model accuracy on val: 0.893724
global model fairness(SP, Y) on val: 0.827800
global model accuracy on test: 0.896850
global model fairness(SP, Y) on test: 0.792000
------------ run = 3; t = 9; F_Global = 0.8278, Privileged = Y ------------
training accuracy (client 1) : 0.793651 
client 1 accuracy on val: 0.762924
client 1 fairness(SP, Y) on val: 1.131500
training accuracy (client 2) : 0.938623 
client 2 accuracy on val: 0.892282
client 2 fairness(SP, Y) on val: 0.985900
training accuracy (client 6) : 0.942584 
client 6 accuracy on val: 0.897091
client 6 fairness(SP, Y) on val: 0.876200
training accuracy (client 11) : 0.925795 
client 11 accuracy on val: 0.886992
client 11 fairness(SP, Y) on val: 0.588200
global model accuracy on val: 0.898293
global model fairness(SP, Y) on val: 0.849700
global model accuracy on test: 0.898052
global model fairness(SP, Y) on test: 0.837300
------------ run = 3; t = 10; F_Global = 0.8497, Privileged = Y ------------
training accuracy (client 1) : 0.802721 
client 1 accuracy on val: 0.760038
client 1 fairness(SP, Y) on val: 1.143700
training accuracy (client 2) : 0.938124 
client 2 accuracy on val: 0.892282
client 2 fairness(SP, Y) on val: 0.985900
training accuracy (client 5) : 0.865546 
client 5 accuracy on val: 0.884107
client 5 fairness(SP, Y) on val: 0.799000
training accuracy (client 9) : 0.694444 
client 9 accuracy on val: 0.767733
client 9 fairness(SP, Y) on val: 0.674400
global model accuracy on val: 0.894686
global model fairness(SP, Y) on val: 0.874500
global model accuracy on test: 0.896129
global model fairness(SP, Y) on test: 0.876200
------------ run = 3; t = 11; F_Global = 0.8745, Privileged = Y ------------
training accuracy (client 2) : 0.939122 
client 2 accuracy on val: 0.892763
client 2 fairness(SP, Y) on val: 0.981900
training accuracy (client 4) : 0.903638 
client 4 accuracy on val: 0.887473
client 4 fairness(SP, Y) on val: 1.001600
training accuracy (client 9) : 0.739130 
client 9 accuracy on val: 0.761722
client 9 fairness(SP, Y) on val: 0.682900
training accuracy (client 14) : 0.700000 
client 14 accuracy on val: 0.762924
client 14 fairness(SP, Y) on val: 0.710400
global model accuracy on val: 0.896850
global model fairness(SP, Y) on val: 0.898100
global model accuracy on test: 0.899255
global model fairness(SP, Y) on test: 0.914300
------------ run = 3; t = 12; F_Global = 0.8981, Privileged = Y ------------
training accuracy (client 3) : 0.938383 
client 3 accuracy on val: 0.897812
client 3 fairness(SP, Y) on val: 0.851100
training accuracy (client 6) : 0.972603 
client 6 accuracy on val: 0.892282
client 6 fairness(SP, Y) on val: 0.986400
training accuracy (client 13) : 0.739130 
client 13 accuracy on val: 0.759798
client 13 fairness(SP, Y) on val: 0.709600
training accuracy (client 14) : 0.700000 
client 14 accuracy on val: 0.761481
client 14 fairness(SP, Y) on val: 0.719600
global model accuracy on val: 0.899495
global model fairness(SP, Y) on val: 0.900900
global model accuracy on test: 0.902140
global model fairness(SP, Y) on test: 0.900400
------------ run = 3; t = 13; F_Global = 0.9009, Privileged = Y ------------
training accuracy (client 7) : 0.957845 
client 7 accuracy on val: 0.895408
client 7 fairness(SP, Y) on val: 0.715700
training accuracy (client 10) : 0.583333 
client 10 accuracy on val: 0.831450
client 10 fairness(SP, Y) on val: 0.738400
training accuracy (client 12) : 0.732759 
client 12 accuracy on val: 0.742967
client 12 fairness(SP, Y) on val: 0.642700
training accuracy (client 13) : 0.997738 
client 13 accuracy on val: 0.890599
client 13 fairness(SP, Y) on val: 1.000300
global model accuracy on val: 0.893724
global model fairness(SP, Y) on val: 0.971700
global model accuracy on test: 0.898774
global model fairness(SP, Y) on test: 0.966800
------------ run = 3; t = 14; F_Global = 0.9717, Privileged = Y ------------
training accuracy (client 6) : 0.960987 
client 6 accuracy on val: 0.897331
client 6 fairness(SP, Y) on val: 0.826300
training accuracy (client 9) : 0.888379 
client 9 accuracy on val: 0.890358
client 9 fairness(SP, Y) on val: 0.966100
training accuracy (client 10) : 0.997738 
client 10 accuracy on val: 0.890599
client 10 fairness(SP, Y) on val: 1.000300
training accuracy (client 11) : 0.728261 
client 11 accuracy on val: 0.764366
client 11 fairness(SP, Y) on val: 0.647000
training accuracy (client 13) : 0.957845 
client 13 accuracy on val: 0.895408
client 13 fairness(SP, Y) on val: 0.690200
global model accuracy on val: 0.892041
global model fairness(SP, Y) on val: 0.987800
global model accuracy on test: 0.896369
global model fairness(SP, Y) on test: 0.987800
------------ run = 3; t = 15; F_Global = 0.9878, Privileged = Y ------------
training accuracy (client 3) : 0.901672 
client 3 accuracy on val: 0.888675
client 3 fairness(SP, Y) on val: 0.997100
training accuracy (client 5) : 0.972603 
client 5 accuracy on val: 0.893003
client 5 fairness(SP, Y) on val: 0.970800
training accuracy (client 6) : 0.718085 
client 6 accuracy on val: 0.761481
client 6 fairness(SP, Y) on val: 0.603800
training accuracy (client 8) : 0.997738 
client 8 accuracy on val: 0.890599
client 8 fairness(SP, Y) on val: 1.000300
training accuracy (client 15) : 0.722826 
client 15 accuracy on val: 0.768454
client 15 fairness(SP, Y) on val: 0.653600
global model accuracy on val: 0.891560
global model fairness(SP, Y) on val: 0.993500
global model accuracy on test: 0.895648
global model fairness(SP, Y) on test: 0.992500
------------ run = 3; t = 16; F_Global = 0.9935, Privileged = Y ------------
training accuracy (client 3) : 0.902655 
client 3 accuracy on val: 0.887473
client 3 fairness(SP, Y) on val: 0.998000
training accuracy (client 7) : 0.677778 
client 7 accuracy on val: 0.772061
client 7 fairness(SP, Y) on val: 0.686300
training accuracy (client 10) : 0.637931 
client 10 accuracy on val: 0.822794
client 10 fairness(SP, Y) on val: 0.713900
training accuracy (client 12) : 0.883792 
client 12 accuracy on val: 0.889156
client 12 fairness(SP, Y) on val: 0.966300
training accuracy (client 14) : 0.970646 
client 14 accuracy on val: 0.893965
client 14 fairness(SP, Y) on val: 0.956600
global model accuracy on val: 0.891801
global model fairness(SP, Y) on val: 0.988700
global model accuracy on test: 0.897572
global model fairness(SP, Y) on test: 0.987900
------------ run = 3; t = 17; F_Global = 0.9887, Privileged = Y ------------
training accuracy (client 1) : 0.804989 
client 1 accuracy on val: 0.757153
client 1 fairness(SP, Y) on val: 1.137700
training accuracy (client 5) : 0.925795 
client 5 accuracy on val: 0.886271
client 5 fairness(SP, Y) on val: 0.589700
training accuracy (client 7) : 0.566667 
client 7 accuracy on val: 0.839144
client 7 fairness(SP, Y) on val: 0.776300
training accuracy (client 9) : 0.960090 
client 9 accuracy on val: 0.896610
client 9 fairness(SP, Y) on val: 0.802200
training accuracy (client 15) : 0.889908 
client 15 accuracy on val: 0.889156
client 15 fairness(SP, Y) on val: 0.987100
global model accuracy on val: 0.896610
global model fairness(SP, Y) on val: 0.975600
global model accuracy on test: 0.899014
global model fairness(SP, Y) on test: 0.971100
------------ run = 3; t = 18; F_Global = 0.9756, Privileged = Y ------------
training accuracy (client 4) : 0.940533 
client 4 accuracy on val: 0.896850
client 4 fairness(SP, Y) on val: 0.878200
training accuracy (client 5) : 0.997738 
client 5 accuracy on val: 0.890599
client 5 fairness(SP, Y) on val: 1.000300
training accuracy (client 6) : 0.689655 
client 6 accuracy on val: 0.798509
client 6 fairness(SP, Y) on val: 0.687800
training accuracy (client 7) : 0.957845 
client 7 accuracy on val: 0.895408
client 7 fairness(SP, Y) on val: 0.718600
training accuracy (client 8) : 0.723404 
client 8 accuracy on val: 0.754027
client 8 fairness(SP, Y) on val: 0.663900
global model accuracy on val: 0.891801
global model fairness(SP, Y) on val: 0.991500
global model accuracy on test: 0.897091
global model fairness(SP, Y) on test: 0.991000
------------ run = 3; t = 19; F_Global = 0.9915, Privileged = Y ------------
training accuracy (client 4) : 0.997738 
client 4 accuracy on val: 0.890599
client 4 fairness(SP, Y) on val: 1.000300
training accuracy (client 6) : 0.700000 
client 6 accuracy on val: 0.764607
client 6 fairness(SP, Y) on val: 0.735500
training accuracy (client 9) : 0.925795 
client 9 accuracy on val: 0.886271
client 9 fairness(SP, Y) on val: 0.590900
training accuracy (client 12) : 0.883792 
client 12 accuracy on val: 0.889396
client 12 fairness(SP, Y) on val: 0.982100
training accuracy (client 16) : 0.957845 
client 16 accuracy on val: 0.896129
client 16 fairness(SP, Y) on val: 0.710300
global model accuracy on val: 0.891080
global model fairness(SP, Y) on val: 0.996300
global model accuracy on test: 0.895408
global model fairness(SP, Y) on test: 0.998400
------------ run = 3; t = 20; F_Global = 0.9963, Privileged = Y ------------
training accuracy (client 4) : 0.997738 
client 4 accuracy on val: 0.890599
client 4 fairness(SP, Y) on val: 1.000300
training accuracy (client 9) : 0.960090 
client 9 accuracy on val: 0.896610
client 9 fairness(SP, Y) on val: 0.792500
training accuracy (client 11) : 0.971705 
client 11 accuracy on val: 0.891320
client 11 fairness(SP, Y) on val: 0.999500
training accuracy (client 12) : 0.681035 
client 12 accuracy on val: 0.810050
client 12 fairness(SP, Y) on val: 0.684000
training accuracy (client 13) : 0.728723 
client 13 accuracy on val: 0.760038
client 13 fairness(SP, Y) on val: 0.646700
global model accuracy on val: 0.891080
global model fairness(SP, Y) on val: 0.999200
global model accuracy on test: 0.895408
global model fairness(SP, Y) on test: 0.998400
------------ run = 3; t = 21; F_Global = 0.9992, Privileged = Y ------------
training accuracy (client 1) : 0.807256 
client 1 accuracy on val: 0.761241
client 1 fairness(SP, Y) on val: 1.170900
training accuracy (client 3) : 0.901672 
client 3 accuracy on val: 0.888435
client 3 fairness(SP, Y) on val: 1.002100
training accuracy (client 8) : 0.566667 
client 8 accuracy on val: 0.844915
client 8 fairness(SP, Y) on val: 0.793800
training accuracy (client 13) : 0.888379 
client 13 accuracy on val: 0.890358
client 13 fairness(SP, Y) on val: 0.983200
training accuracy (client 16) : 0.689655 
client 16 accuracy on val: 0.811493
client 16 fairness(SP, Y) on val: 0.667300
global model accuracy on val: 0.891560
global model fairness(SP, Y) on val: 0.993500
global model accuracy on test: 0.896369
global model fairness(SP, Y) on test: 0.997400
------------ run = 3; t = 22; F_Global = 0.9935, Privileged = Y ------------
training accuracy (client 2) : 0.937625 
client 2 accuracy on val: 0.893484
client 2 fairness(SP, Y) on val: 0.975900
training accuracy (client 6) : 0.672414 
client 6 accuracy on val: 0.798990
client 6 fairness(SP, Y) on val: 0.796000
training accuracy (client 7) : 0.970646 
client 7 accuracy on val: 0.893003
client 7 fairness(SP, Y) on val: 0.962300
training accuracy (client 13) : 0.961883 
client 13 accuracy on val: 0.895888
client 13 fairness(SP, Y) on val: 0.863100
training accuracy (client 16) : 0.888379 
client 16 accuracy on val: 0.889396
client 16 fairness(SP, Y) on val: 1.002700
global model accuracy on val: 0.893003
global model fairness(SP, Y) on val: 0.993000
global model accuracy on test: 0.897812
global model fairness(SP, Y) on test: 0.992300
------------ run = 3; t = 23; F_Global = 0.993, Privileged = Y ------------
training accuracy (client 3) : 0.997738 
client 3 accuracy on val: 0.890599
client 3 fairness(SP, Y) on val: 1.000300
training accuracy (client 5) : 0.683333 
client 5 accuracy on val: 0.817985
client 5 fairness(SP, Y) on val: 0.759000
training accuracy (client 8) : 0.926973 
client 8 accuracy on val: 0.886030
client 8 fairness(SP, Y) on val: 0.591100
training accuracy (client 10) : 0.739362 
client 10 accuracy on val: 0.752585
client 10 fairness(SP, Y) on val: 0.677000
training accuracy (client 16) : 0.970646 
client 16 accuracy on val: 0.894205
client 16 fairness(SP, Y) on val: 0.929700
global model accuracy on val: 0.891320
global model fairness(SP, Y) on val: 0.999500
global model accuracy on test: 0.895167
global model fairness(SP, Y) on test: 0.998700
------------ run = 3; t = 24; F_Global = 0.9995, Privileged = Y ------------
training accuracy (client 5) : 0.971705 
client 5 accuracy on val: 0.891320
client 5 fairness(SP, Y) on val: 0.999500
training accuracy (client 7) : 0.957845 
client 7 accuracy on val: 0.894205
client 7 fairness(SP, Y) on val: 0.699300
training accuracy (client 8) : 0.575000 
client 8 accuracy on val: 0.833373
client 8 fairness(SP, Y) on val: 0.826800
training accuracy (client 13) : 0.961435 
client 13 accuracy on val: 0.896850
client 13 fairness(SP, Y) on val: 0.813700
training accuracy (client 15) : 0.928151 
client 15 accuracy on val: 0.886271
client 15 fairness(SP, Y) on val: 0.586800
global model accuracy on val: 0.891320
global model fairness(SP, Y) on val: 0.996600
global model accuracy on test: 0.894927
global model fairness(SP, Y) on test: 0.997200
------------ run = 3; t = 25; F_Global = 0.9966, Privileged = Y ------------
training accuracy (client 2) : 0.900688 
client 2 accuracy on val: 0.886752
client 2 fairness(SP, Y) on val: 1.003700
training accuracy (client 3) : 0.997738 
client 3 accuracy on val: 0.890599
client 3 fairness(SP, Y) on val: 1.000300
training accuracy (client 9) : 0.936627 
client 9 accuracy on val: 0.892522
client 9 fairness(SP, Y) on val: 0.985600
training accuracy (client 11) : 0.683333 
client 11 accuracy on val: 0.824477
client 11 fairness(SP, Y) on val: 0.723900
training accuracy (client 17) : 0.925795 
client 17 accuracy on val: 0.886030
client 17 fairness(SP, Y) on val: 0.585000
global model accuracy on val: 0.891320
global model fairness(SP, Y) on val: 0.997700
global model accuracy on test: 0.895408
global model fairness(SP, Y) on test: 0.998400
------------ run = 3; t = 26; F_Global = 0.9977, Privileged = Y ------------
training accuracy (client 1) : 0.807256 
client 1 accuracy on val: 0.757874
client 1 fairness(SP, Y) on val: 1.185900
training accuracy (client 5) : 0.970961 
client 5 accuracy on val: 0.891320
client 5 fairness(SP, Y) on val: 0.999500
training accuracy (client 6) : 0.688889 
client 6 accuracy on val: 0.762683
client 6 fairness(SP, Y) on val: 0.733000
training accuracy (client 7) : 0.888379 
client 7 accuracy on val: 0.887954
client 7 fairness(SP, Y) on val: 0.991600
training accuracy (client 10) : 0.723404 
client 10 accuracy on val: 0.756672
client 10 fairness(SP, Y) on val: 0.651700
global model accuracy on val: 0.892522
global model fairness(SP, Y) on val: 0.995800
global model accuracy on test: 0.896610
global model fairness(SP, Y) on test: 0.998300
------------ run = 3; t = 27; F_Global = 0.9958, Privileged = Y ------------
training accuracy (client 2) : 0.900688 
client 2 accuracy on val: 0.886511
client 2 fairness(SP, Y) on val: 1.002200
training accuracy (client 4) : 0.733696 
client 4 accuracy on val: 0.754268
client 4 fairness(SP, Y) on val: 0.758000
training accuracy (client 12) : 0.938124 
client 12 accuracy on val: 0.892763
client 12 fairness(SP, Y) on val: 0.978500
training accuracy (client 14) : 0.930506 
client 14 accuracy on val: 0.886752
client 14 fairness(SP, Y) on val: 0.588800
training accuracy (client 15) : 0.688889 
client 15 accuracy on val: 0.754508
client 15 fairness(SP, Y) on val: 0.770400
global model accuracy on val: 0.895408
global model fairness(SP, Y) on val: 0.994700
global model accuracy on test: 0.897812
global model fairness(SP, Y) on test: 0.995000
------------ run = 3; t = 28; F_Global = 0.9947, Privileged = Y ------------
training accuracy (client 4) : 0.971705 
client 4 accuracy on val: 0.891320
client 4 fairness(SP, Y) on val: 0.999500
training accuracy (client 9) : 0.591667 
client 9 accuracy on val: 0.820870
client 9 fairness(SP, Y) on val: 0.844000
training accuracy (client 14) : 0.739130 
client 14 accuracy on val: 0.747535
client 14 fairness(SP, Y) on val: 0.748500
training accuracy (client 16) : 0.929329 
client 16 accuracy on val: 0.886511
client 16 fairness(SP, Y) on val: 0.594300
training accuracy (client 17) : 0.705556 
client 17 accuracy on val: 0.750661
client 17 fairness(SP, Y) on val: 0.771400
global model accuracy on val: 0.893724
global model fairness(SP, Y) on val: 0.995000
global model accuracy on test: 0.897572
global model fairness(SP, Y) on test: 0.995000
------------ run = 3; t = 29; F_Global = 0.995, Privileged = Y ------------
training accuracy (client 1) : 0.807256 
client 1 accuracy on val: 0.753787
client 1 fairness(SP, Y) on val: 1.198700
training accuracy (client 2) : 0.899705 
client 2 accuracy on val: 0.887232
client 2 fairness(SP, Y) on val: 1.001900
training accuracy (client 12) : 0.734043 
client 12 accuracy on val: 0.749459
client 12 fairness(SP, Y) on val: 0.680500
training accuracy (client 15) : 0.739130 
client 15 accuracy on val: 0.750421
client 15 fairness(SP, Y) on val: 0.755000
training accuracy (client 17) : 0.694444 
client 17 accuracy on val: 0.751383
client 17 fairness(SP, Y) on val: 0.764900
global model accuracy on val: 0.891080
global model fairness(SP, N) on val: 0.999700
global model accuracy on test: 0.895167
global model fairness(SP, Y) on test: 0.996300
------------ run = 3; t = 30; F_Global = 0.9997, Privileged = N ------------
training accuracy (client 3) : 0.997738 
client 3 accuracy on val: 0.890599
client 3 fairness(SP, N) on val: 0.999700
training accuracy (client 6) : 0.689655 
client 6 accuracy on val: 0.782159
client 6 fairness(SP, N) on val: 1.168600
training accuracy (client 7) : 0.970646 
client 7 accuracy on val: 0.892763
client 7 fairness(SP, N) on val: 1.067200
training accuracy (client 10) : 0.675000 
client 10 accuracy on val: 0.797067
client 10 fairness(SP, N) on val: 1.218600
training accuracy (client 17) : 0.688889 
client 17 accuracy on val: 0.743208
client 17 fairness(SP, N) on val: 1.224800
global model accuracy on val: 0.891080
global model fairness(SP, Y) on val: 0.998500
global model accuracy on test: 0.895888
global model fairness(SP, Y) on test: 0.991500
------------ run = 3; t = 31; F_Global = 0.9985, Privileged = Y ------------
training accuracy (client 5) : 0.706897 
client 5 accuracy on val: 0.772541
client 5 fairness(SP, Y) on val: 0.737000
training accuracy (client 8) : 0.957845 
client 8 accuracy on val: 0.894446
client 8 fairness(SP, Y) on val: 0.719400
training accuracy (client 11) : 0.885321 
client 11 accuracy on val: 0.887232
client 11 fairness(SP, Y) on val: 1.015200
training accuracy (client 13) : 0.600000 
client 13 accuracy on val: 0.800914
client 13 fairness(SP, Y) on val: 0.889100
training accuracy (client 14) : 0.924617 
client 14 accuracy on val: 0.886992
client 14 fairness(SP, Y) on val: 0.594700
global model accuracy on val: 0.890599
global model fairness(SP, Y) on val: 0.993400
global model accuracy on test: 0.894686
global model fairness(SP, Y) on test: 0.985400
------------ run = 3; t = 32; F_Global = 0.9934, Privileged = Y ------------
training accuracy (client 2) : 0.901672 
client 2 accuracy on val: 0.889637
client 2 fairness(SP, Y) on val: 1.008300
training accuracy (client 3) : 0.997738 
client 3 accuracy on val: 0.890599
client 3 fairness(SP, Y) on val: 1.000300
training accuracy (client 9) : 0.885321 
client 9 accuracy on val: 0.889396
client 9 fairness(SP, Y) on val: 1.015900
training accuracy (client 10) : 0.936627 
client 10 accuracy on val: 0.892763
client 10 fairness(SP, Y) on val: 0.983600
training accuracy (client 16) : 0.591667 
client 16 accuracy on val: 0.800914
client 16 fairness(SP, Y) on val: 0.886100
global model accuracy on val: 0.892763
global model fairness(SP, N) on val: 0.995100
global model accuracy on test: 0.896369
global model fairness(SP, N) on test: 0.998900
------------ run = 3; t = 33; F_Global = 0.9951, Privileged = N ------------
training accuracy (client 1) : 0.823129 
client 1 accuracy on val: 0.749459
client 1 fairness(SP, N) on val: 0.816800
training accuracy (client 2) : 0.904621 
client 2 accuracy on val: 0.887232
client 2 fairness(SP, N) on val: 0.995100
training accuracy (client 7) : 0.960090 
client 7 accuracy on val: 0.897331
client 7 fairness(SP, N) on val: 1.228900
training accuracy (client 15) : 0.926973 
client 15 accuracy on val: 0.886752
client 15 fairness(SP, N) on val: 1.718000
training accuracy (client 16) : 0.937625 
client 16 accuracy on val: 0.892763
client 16 fairness(SP, N) on val: 1.016700
global model accuracy on val: 0.895888
global model fairness(SP, Y) on val: 0.971900
global model accuracy on test: 0.899014
global model fairness(SP, Y) on test: 0.963300
------------ run = 3; t = 34; F_Global = 0.9719, Privileged = Y ------------
training accuracy (client 6) : 0.959641 
client 6 accuracy on val: 0.898052
client 6 fairness(SP, Y) on val: 0.839000
training accuracy (client 8) : 0.887615 
client 8 accuracy on val: 0.889637
client 8 fairness(SP, Y) on val: 1.001200
training accuracy (client 11) : 0.711111 
client 11 accuracy on val: 0.745131
client 11 fairness(SP, Y) on val: 0.762800
training accuracy (client 16) : 0.583333 
client 16 accuracy on val: 0.810772
client 16 fairness(SP, Y) on val: 0.809000
training accuracy (client 17) : 0.811791 
client 17 accuracy on val: 0.746333
client 17 fairness(SP, Y) on val: 1.214100
global model accuracy on val: 0.893244
global model fairness(SP, Y) on val: 0.966800
global model accuracy on test: 0.897331
global model fairness(SP, Y) on test: 0.973100
------------ run = 3; t = 35; F_Global = 0.9668, Privileged = Y ------------
training accuracy (client 6) : 0.683333 
client 6 accuracy on val: 0.792739
client 6 fairness(SP, Y) on val: 0.784400
training accuracy (client 8) : 0.744681 
client 8 accuracy on val: 0.734071
client 8 fairness(SP, Y) on val: 0.705900
training accuracy (client 10) : 0.715517 
client 10 accuracy on val: 0.772061
client 10 fairness(SP, Y) on val: 0.702200
training accuracy (client 11) : 0.957845 
client 11 accuracy on val: 0.891801
client 11 fairness(SP, Y) on val: 0.691200
training accuracy (client 13) : 0.938623 
client 13 accuracy on val: 0.895167
client 13 fairness(SP, Y) on val: 0.967100
global model accuracy on val: 0.894686
global model fairness(SP, Y) on val: 0.964600
global model accuracy on test: 0.898774
global model fairness(SP, Y) on test: 0.964600
------------ run = 3; t = 36; F_Global = 0.9646, Privileged = Y ------------
training accuracy (client 2) : 0.997738 
client 2 accuracy on val: 0.890599
client 2 fairness(SP, Y) on val: 1.000300
training accuracy (client 8) : 0.923439 
client 8 accuracy on val: 0.885549
client 8 fairness(SP, Y) on val: 0.578400
training accuracy (client 14) : 0.683333 
client 14 accuracy on val: 0.798750
client 14 fairness(SP, Y) on val: 0.746000
training accuracy (client 15) : 0.750000 
client 15 accuracy on val: 0.736956
client 15 fairness(SP, Y) on val: 0.675600
training accuracy (client 16) : 0.706897 
client 16 accuracy on val: 0.772782
client 16 fairness(SP, Y) on val: 0.661500
global model accuracy on val: 0.891320
global model fairness(SP, Y) on val: 0.998300
global model accuracy on test: 0.895167
global model fairness(SP, Y) on test: 0.997400
------------ run = 3; t = 37; F_Global = 0.9983, Privileged = Y ------------
training accuracy (client 2) : 0.997738 
client 2 accuracy on val: 0.890599
client 2 fairness(SP, Y) on val: 1.000300
training accuracy (client 4) : 0.681035 
client 4 accuracy on val: 0.791296
client 4 fairness(SP, Y) on val: 0.757200
training accuracy (client 10) : 0.960987 
client 10 accuracy on val: 0.897091
client 10 fairness(SP, Y) on val: 0.847500
training accuracy (client 15) : 0.691667 
client 15 accuracy on val: 0.812695
client 15 fairness(SP, Y) on val: 0.738400
training accuracy (client 17) : 0.689655 
client 17 accuracy on val: 0.790334
client 17 fairness(SP, Y) on val: 0.662400
global model accuracy on val: 0.890599
global model fairness(SP, N) on val: 0.999700
global model accuracy on test: 0.895167
global model fairness(SP, Y) on test: 0.000000
------------ run = 3; t = 38; F_Global = 0.9997, Privileged = N ------------
training accuracy (client 1) : 0.902655 
client 1 accuracy on val: 0.886992
client 1 fairness(SP, N) on val: 1.001900
training accuracy (client 2) : 0.997738 
client 2 accuracy on val: 0.890599
client 2 fairness(SP, N) on val: 0.999700
training accuracy (client 3) : 0.971705 
client 3 accuracy on val: 0.891320
client 3 fairness(SP, N) on val: 1.000500
training accuracy (client 4) : 0.978474 
client 4 accuracy on val: 0.893484
client 4 fairness(SP, N) on val: 1.062900
training accuracy (client 12) : 0.926973 
client 12 accuracy on val: 0.885549
client 12 fairness(SP, N) on val: 1.732100
global model accuracy on val: 0.891080
global model fairness(SP, Y) on val: 0.999200
global model accuracy on test: 0.895408
global model fairness(SP, Y) on test: 0.998400
------------ run = 3; t = 39; F_Global = 0.9992, Privileged = Y ------------
training accuracy (client 1) : 0.900688 
client 1 accuracy on val: 0.889156
client 1 fairness(SP, Y) on val: 0.998800
training accuracy (client 2) : 0.997738 
client 2 accuracy on val: 0.890599
client 2 fairness(SP, Y) on val: 1.000300
training accuracy (client 3) : 0.971705 
client 3 accuracy on val: 0.891320
client 3 fairness(SP, Y) on val: 0.999500
training accuracy (client 6) : 0.739130 
client 6 accuracy on val: 0.747295
client 6 fairness(SP, Y) on val: 0.684300
training accuracy (client 12) : 0.925795 
client 12 accuracy on val: 0.884828
client 12 fairness(SP, Y) on val: 0.569600
global model accuracy on val: 0.890599
global model fairness(SP, N) on val: 0.999700
global model accuracy on test: 0.895167
global model fairness(SP, Y) on test: 0.000000
------------ run = 3; t = 40; F_Global = 0.9997, Privileged = N ------------
training accuracy (client 3) : 0.978474 
client 3 accuracy on val: 0.894205
client 3 fairness(SP, N) on val: 1.074300
training accuracy (client 10) : 0.723404 
client 10 accuracy on val: 0.750180
client 10 fairness(SP, N) on val: 1.596600
training accuracy (client 11) : 0.672414 
client 11 accuracy on val: 0.799471
client 11 fairness(SP, N) on val: 1.365900
training accuracy (client 13) : 0.691667 
client 13 accuracy on val: 0.819909
client 13 fairness(SP, N) on val: 1.440400
training accuracy (client 16) : 0.947368 
client 16 accuracy on val: 0.891560
client 16 fairness(SP, N) on val: 0.990400
global model accuracy on val: 0.895888
global model fairness(SP, Y) on val: 0.962200
global model accuracy on test: 0.900216
global model fairness(SP, Y) on test: 0.960000
------------ run = 3; t = 41; F_Global = 0.9622, Privileged = Y ------------
training accuracy (client 2) : 0.971705 
client 2 accuracy on val: 0.891320
client 2 fairness(SP, Y) on val: 0.999500
training accuracy (client 13) : 0.683333 
client 13 accuracy on val: 0.800433
client 13 fairness(SP, Y) on val: 0.721900
training accuracy (client 14) : 0.706897 
client 14 accuracy on val: 0.775186
client 14 fairness(SP, Y) on val: 0.628200
training accuracy (client 15) : 0.717742 
client 15 accuracy on val: 0.752585
client 15 fairness(SP, Y) on val: 0.595400
training accuracy (client 18) : 0.947368 
client 18 accuracy on val: 0.892041
client 18 fairness(SP, Y) on val: 1.008500
global model accuracy on val: 0.893724
global model fairness(SP, Y) on val: 0.994400
global model accuracy on test: 0.897572
global model fairness(SP, Y) on test: 0.998000
------------ run = 3; t = 42; F_Global = 0.9944, Privileged = Y ------------
training accuracy (client 4) : 0.885321 
client 4 accuracy on val: 0.889156
client 4 fairness(SP, Y) on val: 1.010300
training accuracy (client 5) : 0.937625 
client 5 accuracy on val: 0.895408
client 5 fairness(SP, Y) on val: 0.968500
training accuracy (client 7) : 0.700000 
client 7 accuracy on val: 0.740322
client 7 fairness(SP, Y) on val: 0.783500
training accuracy (client 15) : 0.946249 
client 15 accuracy on val: 0.892041
client 15 fairness(SP, Y) on val: 1.008500
training accuracy (client 16) : 0.683333 
client 16 accuracy on val: 0.798269
client 16 fairness(SP, Y) on val: 0.774300
global model accuracy on val: 0.893484
global model fairness(SP, N) on val: 0.995500
global model accuracy on test: 0.896610
global model fairness(SP, N) on test: 0.993000
------------ run = 3; t = 43; F_Global = 0.9955, Privileged = N ------------
training accuracy (client 1) : 0.997738 
client 1 accuracy on val: 0.890599
client 1 fairness(SP, N) on val: 0.999700
training accuracy (client 2) : 0.972450 
client 2 accuracy on val: 0.891080
client 2 fairness(SP, N) on val: 0.999100
training accuracy (client 7) : 0.957845 
client 7 accuracy on val: 0.894205
client 7 fairness(SP, N) on val: 1.431600
training accuracy (client 8) : 0.728723 
client 8 accuracy on val: 0.735032
client 8 fairness(SP, N) on val: 1.376000
training accuracy (client 9) : 0.689655 
client 9 accuracy on val: 0.775427
client 9 fairness(SP, N) on val: 1.187200
global model accuracy on val: 0.893965
global model fairness(SP, Y) on val: 0.997800
global model accuracy on test: 0.896850
global model fairness(SP, Y) on test: 0.992600
------------ run = 3; t = 44; F_Global = 0.9978, Privileged = Y ------------
training accuracy (client 2) : 0.971705 
client 2 accuracy on val: 0.891080
client 2 fairness(SP, Y) on val: 1.000900
training accuracy (client 6) : 0.600000 
client 6 accuracy on val: 0.786006
client 6 fairness(SP, Y) on val: 0.865000
training accuracy (client 12) : 0.928151 
client 12 accuracy on val: 0.885309
client 12 fairness(SP, Y) on val: 0.580400
training accuracy (client 14) : 0.741379 
client 14 accuracy on val: 0.763405
client 14 fairness(SP, Y) on val: 0.706000
training accuracy (client 17) : 0.711111 
client 17 accuracy on val: 0.728541
client 17 fairness(SP, Y) on val: 0.827400
global model accuracy on val: 0.893003
global model fairness(SP, Y) on val: 0.997000
global model accuracy on test: 0.897331
global model fairness(SP, N) on test: 0.999700
------------ run = 3; t = 45; F_Global = 0.997, Privileged = Y ------------
training accuracy (client 4) : 0.889144 
client 4 accuracy on val: 0.886271
client 4 fairness(SP, Y) on val: 1.012300
training accuracy (client 6) : 0.957845 
client 6 accuracy on val: 0.893003
client 6 fairness(SP, Y) on val: 0.686100
training accuracy (client 13) : 0.938124 
client 13 accuracy on val: 0.895648
client 13 fairness(SP, Y) on val: 0.967700
training accuracy (client 15) : 0.591667 
client 15 accuracy on val: 0.797307
client 15 fairness(SP, Y) on val: 0.837900
training accuracy (client 16) : 0.925795 
client 16 accuracy on val: 0.885309
client 16 fairness(SP, Y) on val: 0.576900
global model accuracy on val: 0.894686
global model fairness(SP, Y) on val: 0.999800
global model accuracy on test: 0.896610
global model fairness(SP, Y) on test: 0.994600
------------ run = 3; t = 46; F_Global = 0.9998, Privileged = Y ------------
training accuracy (client 1) : 0.997738 
client 1 accuracy on val: 0.890599
client 1 fairness(SP, Y) on val: 1.000300
training accuracy (client 3) : 0.978474 
client 3 accuracy on val: 0.893244
client 3 fairness(SP, Y) on val: 0.952400
training accuracy (client 5) : 0.823129 
client 5 accuracy on val: 0.729262
client 5 fairness(SP, Y) on val: 1.292300
training accuracy (client 9) : 0.766304 
client 9 accuracy on val: 0.723010
client 9 fairness(SP, Y) on val: 0.813400
training accuracy (client 15) : 0.957845 
client 15 accuracy on val: 0.893244
client 15 fairness(SP, Y) on val: 0.699700
global model accuracy on val: 0.892282
global model fairness(SP, N) on val: 0.984800
global model accuracy on test: 0.894446
global model fairness(SP, N) on test: 0.982200
------------ run = 3; t = 47; F_Global = 0.9848, Privileged = N ------------
training accuracy (client 4) : 0.823129 
client 4 accuracy on val: 0.730945
client 4 fairness(SP, N) on val: 0.766100
training accuracy (client 8) : 0.946249 
client 8 accuracy on val: 0.892282
client 8 fairness(SP, N) on val: 0.991900
training accuracy (client 9) : 0.741935 
client 9 accuracy on val: 0.734792
client 9 fairness(SP, N) on val: 1.407000
training accuracy (client 12) : 0.694444 
client 12 accuracy on val: 0.710988
client 12 fairness(SP, N) on val: 1.071500
training accuracy (client 15) : 0.924617 
client 15 accuracy on val: 0.886752
client 15 fairness(SP, N) on val: 1.690600
global model accuracy on val: 0.879298
global model fairness(SP, Y) on val: 0.949600
global model accuracy on test: 0.884347
global model fairness(SP, Y) on test: 0.949200
------------ run = 3; t = 48; F_Global = 0.9496, Privileged = Y ------------
training accuracy (client 7) : 0.946249 
client 7 accuracy on val: 0.892041
client 7 fairness(SP, Y) on val: 1.004400
training accuracy (client 9) : 0.700000 
client 9 accuracy on val: 0.761481
client 9 fairness(SP, Y) on val: 0.854300
training accuracy (client 10) : 0.767241 
client 10 accuracy on val: 0.736716
client 10 fairness(SP, Y) on val: 0.736700
training accuracy (client 15) : 0.976517 
client 15 accuracy on val: 0.892282
client 15 fairness(SP, Y) on val: 0.959200
training accuracy (client 17) : 0.960187 
client 17 accuracy on val: 0.889637
client 17 fairness(SP, Y) on val: 0.669500
global model accuracy on val: 0.892282
global model fairness(SP, Y) on val: 0.997200
global model accuracy on test: 0.896610
global model fairness(SP, Y) on test: 0.995700
------------ run = 3; t = 49; F_Global = 0.9972, Privileged = Y ------------
training accuracy (client 1) : 0.997738 
client 1 accuracy on val: 0.890599
client 1 fairness(SP, Y) on val: 1.000300
training accuracy (client 3) : 0.889908 
client 3 accuracy on val: 0.888675
client 3 fairness(SP, Y) on val: 1.011500
training accuracy (client 5) : 0.724138 
client 5 accuracy on val: 0.762683
client 5 fairness(SP, Y) on val: 0.838800
training accuracy (client 6) : 0.960538 
client 6 accuracy on val: 0.897572
client 6 fairness(SP, Y) on val: 0.778300
training accuracy (client 17) : 0.750000 
client 17 accuracy on val: 0.762443
client 17 fairness(SP, Y) on val: 0.708800
global model accuracy on val: 0.890839
global model fairness(SP, N) on val: 0.999400
global model accuracy on test: 0.895167
global model fairness(SP, Y) on test: 0.000000
------------ run = 3; t = 50; F_Global = 0.9994, Privileged = N ------------
training accuracy (client 3) : 0.892202 
client 3 accuracy on val: 0.887473
client 3 fairness(SP, N) on val: 0.985900
training accuracy (client 4) : 0.744681 
client 4 accuracy on val: 0.731426
client 4 fairness(SP, N) on val: 1.386200
training accuracy (client 6) : 0.741935 
client 6 accuracy on val: 0.749219
client 6 fairness(SP, N) on val: 1.515400
training accuracy (client 12) : 0.766304 
client 12 accuracy on val: 0.723010
client 12 fairness(SP, N) on val: 1.245200
training accuracy (client 16) : 0.698276 
client 16 accuracy on val: 0.775186
client 16 fairness(SP, N) on val: 1.206700
global model accuracy on val: 0.759798
global model fairness(SP, Y) on val: 0.755700
global model accuracy on test: 0.752344
global model fairness(SP, Y) on test: 0.787900
----------------Done (FLAlgMain)----------------
