Alg.: FairFateVC; Client dataset: today_20230531\dataset_EQO_run_1; client Count: 10
----------------(start loading 10 client datasets from today_20230531\dataset_EQO_run_1)----------------
----------------(successfully loading 10 client datasets and server testing data from today_20230531\dataset_EQO_run_1)----------------
----------------Execute (FLAlgMain)----------------
----------------(start running algorithm)----------------
global model accuracy on val: 0.608560
global model fairness(EQO, Y) on val: 0.289000
------------ run = 2; t = 1; F_Global = 0.289, Privileged = Y ------------
training accuracy (client 1) : 0.927441 
client 1 accuracy on val: 0.875451
client 1 fairness(EQO, Y) on val: 0.962700
training accuracy (client 5) : 0.790503 
client 5 accuracy on val: 0.608319
client 5 fairness(EQO, Y) on val: 0.176000
training accuracy (client 7) : 0.745455 
client 7 accuracy on val: 0.604472
client 7 fairness(EQO, Y) on val: 0.237800
global model accuracy on val: 0.709305
global model fairness(EQO, Y) on val: 0.222300
global model accuracy on test: 0.712912
global model fairness(EQO, Y) on test: 0.220600
------------ run = 2; t = 2; F_Global = 0.2223, Privileged = Y ------------
training accuracy (client 1) : 0.937995 
client 1 accuracy on val: 0.883866
client 1 fairness(EQO, Y) on val: 0.961000
training accuracy (client 4) : 0.888651 
client 4 accuracy on val: 0.837461
client 4 fairness(EQO, Y) on val: 1.119000
training accuracy (client 11) : 0.757576 
client 11 accuracy on val: 0.648233
client 11 fairness(EQO, Y) on val: 0.241800
global model accuracy on val: 0.825679
global model fairness(EQO, Y) on val: 0.629700
global model accuracy on test: 0.823515
global model fairness(EQO, Y) on test: 0.618700
------------ run = 2; t = 3; F_Global = 0.6297, Privileged = Y ------------
training accuracy (client 6) : 0.978462 
client 6 accuracy on val: 0.887954
client 6 fairness(EQO, Y) on val: 1.000000
training accuracy (client 9) : 0.656250 
client 9 accuracy on val: 0.781919
client 9 fairness(EQO, Y) on val: 0.522400
training accuracy (client 11) : 0.772727 
client 11 accuracy on val: 0.717480
client 11 fairness(EQO, Y) on val: 0.445700
global model accuracy on val: 0.882905
global model fairness(EQO, Y) on val: 0.895300
global model accuracy on test: 0.885790
global model fairness(EQO, Y) on test: 0.888900
------------ run = 2; t = 4; F_Global = 0.8953, Privileged = Y ------------
training accuracy (client 1) : 0.956464 
client 1 accuracy on val: 0.887954
client 1 fairness(EQO, Y) on val: 1.000000
training accuracy (client 6) : 0.978462 
client 6 accuracy on val: 0.887954
client 6 fairness(EQO, Y) on val: 1.000000
training accuracy (client 9) : 0.777607 
client 9 accuracy on val: 0.664823
client 9 fairness(EQO, Y) on val: 0.198000
global model accuracy on val: 0.891080
global model fairness(EQO, Y) on val: 0.824800
global model accuracy on test: 0.896610
global model fairness(EQO, Y) on test: 0.817400
------------ run = 2; t = 5; F_Global = 0.8248, Privileged = Y ------------
training accuracy (client 2) : 0.985167 
client 2 accuracy on val: 0.887954
client 2 fairness(EQO, Y) on val: 1.000000
training accuracy (client 3) : 0.686275 
client 3 accuracy on val: 0.873768
client 3 fairness(EQO, Y) on val: 0.603500
training accuracy (client 10) : 0.724242 
client 10 accuracy on val: 0.803078
client 10 fairness(EQO, Y) on val: 0.419100
global model accuracy on val: 0.890839
global model fairness(EQO, Y) on val: 0.939500
global model accuracy on test: 0.894446
global model fairness(EQO, Y) on test: 0.940100
------------ run = 2; t = 6; F_Global = 0.9395, Privileged = Y ------------
training accuracy (client 3) : 0.895075 
client 3 accuracy on val: 0.886992
client 3 fairness(EQO, Y) on val: 1.012900
training accuracy (client 9) : 0.776841 
client 9 accuracy on val: 0.675162
client 9 fairness(EQO, Y) on val: 0.227700
training accuracy (client 11) : 0.725191 
client 11 accuracy on val: 0.892522
client 11 fairness(EQO, Y) on val: 0.776600
training accuracy (client 12) : 0.706061 
client 12 accuracy on val: 0.812936
client 12 fairness(EQO, Y) on val: 0.503000
global model accuracy on val: 0.890118
global model fairness(EQO, Y) on val: 0.766400
global model accuracy on test: 0.891320
global model fairness(EQO, Y) on test: 0.740800
------------ run = 2; t = 7; F_Global = 0.7664, Privileged = Y ------------
training accuracy (client 4) : 0.804772 
client 4 accuracy on val: 0.841068
client 4 fairness(EQO, Y) on val: 0.409700
training accuracy (client 6) : 0.960128 
client 6 accuracy on val: 0.881221
client 6 fairness(EQO, Y) on val: 0.370400
training accuracy (client 10) : 0.781442 
client 10 accuracy on val: 0.665064
client 10 fairness(EQO, Y) on val: 0.238600
training accuracy (client 11) : 0.778626 
client 11 accuracy on val: 0.873768
client 11 fairness(EQO, Y) on val: 0.656900
global model accuracy on val: 0.854773
global model fairness(EQO, Y) on val: 0.499100
global model accuracy on test: 0.859822
global model fairness(EQO, Y) on test: 0.497100
------------ run = 2; t = 8; F_Global = 0.4991, Privileged = Y ------------
training accuracy (client 5) : 0.994927 
client 5 accuracy on val: 0.887954
client 5 fairness(EQO, Y) on val: 1.000000
training accuracy (client 7) : 0.637097 
client 7 accuracy on val: 0.817023
client 7 fairness(EQO, Y) on val: 0.457200
training accuracy (client 11) : 0.966507 
client 11 accuracy on val: 0.877134
client 11 fairness(EQO, Y) on val: 0.320400
training accuracy (client 13) : 0.770992 
client 13 accuracy on val: 0.853330
client 13 fairness(EQO, Y) on val: 0.534300
global model accuracy on val: 0.895888
global model fairness(EQO, Y) on val: 0.791100
global model accuracy on test: 0.899014
global model fairness(EQO, Y) on test: 0.752100
------------ run = 2; t = 9; F_Global = 0.7911, Privileged = Y ------------
training accuracy (client 3) : 0.892934 
client 3 accuracy on val: 0.887473
client 3 fairness(EQO, Y) on val: 1.010500
training accuracy (client 4) : 0.978462 
client 4 accuracy on val: 0.887954
client 4 fairness(EQO, Y) on val: 1.000000
training accuracy (client 11) : 0.740458 
client 11 accuracy on val: 0.893724
client 11 fairness(EQO, Y) on val: 0.534700
training accuracy (client 13) : 0.971292 
client 13 accuracy on val: 0.878096
client 13 fairness(EQO, Y) on val: 0.330700
global model accuracy on val: 0.890599
global model fairness(EQO, Y) on val: 0.931800
global model accuracy on test: 0.896129
global model fairness(EQO, Y) on test: 0.899600
------------ run = 2; t = 10; F_Global = 0.9318, Privileged = Y ------------
training accuracy (client 1) : 0.956464 
client 1 accuracy on val: 0.887954
client 1 fairness(EQO, Y) on val: 1.000000
training accuracy (client 4) : 0.978462 
client 4 accuracy on val: 0.887954
client 4 fairness(EQO, Y) on val: 1.000000
training accuracy (client 6) : 0.515625 
client 6 accuracy on val: 0.890599
client 6 fairness(EQO, Y) on val: 0.551900
training accuracy (client 7) : 0.709091 
client 7 accuracy on val: 0.812695
client 7 fairness(EQO, Y) on val: 0.424600
global model accuracy on val: 0.890118
global model fairness(EQO, Y) on val: 0.976900
global model accuracy on test: 0.891320
global model fairness(EQO, Y) on test: 0.986500
------------ run = 2; t = 11; F_Global = 0.9769, Privileged = Y ------------
training accuracy (client 2) : 0.985167 
client 2 accuracy on val: 0.887954
client 2 fairness(EQO, Y) on val: 1.000000
training accuracy (client 6) : 0.568750 
client 6 accuracy on val: 0.889156
client 6 fairness(EQO, Y) on val: 0.536800
training accuracy (client 8) : 0.773773 
client 8 accuracy on val: 0.688868
client 8 fairness(EQO, Y) on val: 0.254500
training accuracy (client 13) : 0.684848 
client 13 accuracy on val: 0.817504
client 13 fairness(EQO, Y) on val: 0.428300
global model accuracy on val: 0.893244
global model fairness(EQO, Y) on val: 0.882600
global model accuracy on test: 0.898293
global model fairness(EQO, Y) on test: 0.843000
------------ run = 2; t = 12; F_Global = 0.8826, Privileged = Y ------------
training accuracy (client 6) : 0.887043 
client 6 accuracy on val: 0.889156
client 6 fairness(EQO, Y) on val: 0.436700
training accuracy (client 10) : 0.523438 
client 10 accuracy on val: 0.880981
client 10 fairness(EQO, Y) on val: 0.547700
training accuracy (client 12) : 0.773773 
client 12 accuracy on val: 0.683097
client 12 fairness(EQO, Y) on val: 0.256500
training accuracy (client 13) : 0.727273 
client 13 accuracy on val: 0.800673
client 13 fairness(EQO, Y) on val: 0.436000
global model accuracy on val: 0.896369
global model fairness(EQO, Y) on val: 0.620700
global model accuracy on test: 0.900697
global model fairness(EQO, Y) on test: 0.602300
------------ run = 2; t = 13; F_Global = 0.6207, Privileged = Y ------------
training accuracy (client 3) : 0.929336 
client 3 accuracy on val: 0.886992
client 3 fairness(EQO, Y) on val: 1.019200
training accuracy (client 6) : 0.604839 
client 6 accuracy on val: 0.860303
client 6 fairness(EQO, Y) on val: 0.487500
training accuracy (client 8) : 0.972887 
client 8 accuracy on val: 0.879779
client 8 fairness(EQO, Y) on val: 0.330700
training accuracy (client 13) : 0.760606 
client 13 accuracy on val: 0.787208
client 13 fairness(EQO, Y) on val: 0.431200
global model accuracy on val: 0.897091
global model fairness(EQO, Y) on val: 0.801200
global model accuracy on test: 0.899255
global model fairness(EQO, Y) on test: 0.746600
------------ run = 2; t = 14; F_Global = 0.8012, Privileged = Y ------------
training accuracy (client 4) : 0.978462 
client 4 accuracy on val: 0.887954
client 4 fairness(EQO, Y) on val: 1.000000
training accuracy (client 5) : 0.995801 
client 5 accuracy on val: 0.887954
client 5 fairness(EQO, Y) on val: 1.000000
training accuracy (client 10) : 0.780675 
client 10 accuracy on val: 0.675643
client 10 fairness(EQO, Y) on val: 0.266800
training accuracy (client 11) : 0.604839 
client 11 accuracy on val: 0.859822
client 11 fairness(EQO, Y) on val: 0.601700
global model accuracy on val: 0.893244
global model fairness(EQO, Y) on val: 0.882600
global model accuracy on test: 0.898293
global model fairness(EQO, Y) on test: 0.843200
------------ run = 2; t = 15; F_Global = 0.8826, Privileged = Y ------------
training accuracy (client 1) : 0.956464 
client 1 accuracy on val: 0.887954
client 1 fairness(EQO, Y) on val: 1.000000
training accuracy (client 3) : 0.940043 
client 3 accuracy on val: 0.887473
client 3 fairness(EQO, Y) on val: 1.008400
training accuracy (client 7) : 0.606250 
client 7 accuracy on val: 0.863429
client 7 fairness(EQO, Y) on val: 0.513700
training accuracy (client 12) : 0.776074 
client 12 accuracy on val: 0.680212
client 12 fairness(EQO, Y) on val: 0.262500
global model accuracy on val: 0.892282
global model fairness(EQO, Y) on val: 0.909300
global model accuracy on test: 0.898293
global model fairness(EQO, Y) on test: 0.878700
------------ run = 2; t = 16; F_Global = 0.9093, Privileged = Y ------------
training accuracy (client 3) : 0.957173 
client 3 accuracy on val: 0.887232
client 3 fairness(EQO, Y) on val: 1.008600
training accuracy (client 7) : 0.887043 
client 7 accuracy on val: 0.890839
client 7 fairness(EQO, Y) on val: 0.483500
training accuracy (client 11) : 0.572581 
client 11 accuracy on val: 0.874008
client 11 fairness(EQO, Y) on val: 0.639000
training accuracy (client 13) : 0.778374 
client 13 accuracy on val: 0.677086
client 13 fairness(EQO, Y) on val: 0.268200
global model accuracy on val: 0.891320
global model fairness(EQO, Y) on val: 0.944800
global model accuracy on test: 0.895648
global model fairness(EQO, Y) on test: 0.930300
------------ run = 2; t = 17; F_Global = 0.9448, Privileged = Y ------------
training accuracy (client 3) : 0.963597 
client 3 accuracy on val: 0.886752
client 3 fairness(EQO, Y) on val: 1.011000
training accuracy (client 4) : 0.978462 
client 4 accuracy on val: 0.887954
client 4 fairness(EQO, Y) on val: 1.000000
training accuracy (client 8) : 0.963317 
client 8 accuracy on val: 0.884107
client 8 fairness(EQO, Y) on val: 0.394600
training accuracy (client 10) : 0.637500 
client 10 accuracy on val: 0.850926
client 10 fairness(EQO, Y) on val: 0.698500
global model accuracy on val: 0.890599
global model fairness(EQO, Y) on val: 0.974400
global model accuracy on test: 0.892282
global model fairness(EQO, Y) on test: 0.999500
------------ run = 2; t = 18; F_Global = 0.9744, Privileged = Y ------------
training accuracy (client 2) : 0.985167 
client 2 accuracy on val: 0.887954
client 2 fairness(EQO, Y) on val: 1.000000
training accuracy (client 3) : 0.963597 
client 3 accuracy on val: 0.887473
client 3 fairness(EQO, Y) on val: 1.008400
training accuracy (client 7) : 0.554688 
client 7 accuracy on val: 0.867997
client 7 fairness(EQO, Y) on val: 0.755700
training accuracy (client 8) : 0.754545 
client 8 accuracy on val: 0.783121
client 8 fairness(EQO, Y) on val: 0.596600
global model accuracy on val: 0.888194
global model fairness(EQO, N) on val: 0.996100
global model accuracy on test: 0.890839
global model fairness(EQO, N) on test: 0.997300
------------ run = 2; t = 19; F_Global = 0.9961, Privileged = N ------------
training accuracy (client 8) : 0.564516 
client 8 accuracy on val: 0.872085
client 8 fairness(EQO, N) on val: 1.042500
training accuracy (client 9) : 0.782209 
client 9 accuracy on val: 0.673239
client 9 fairness(EQO, N) on val: 5.854000
training accuracy (client 11) : 0.612500 
client 11 accuracy on val: 0.860303
client 11 fairness(EQO, N) on val: 1.214500
training accuracy (client 13) : 0.751515 
client 13 accuracy on val: 0.785044
client 13 fairness(EQO, N) on val: 1.543800
global model accuracy on val: 0.894446
global model fairness(EQO, Y) on val: 0.933200
global model accuracy on test: 0.892282
global model fairness(EQO, Y) on test: 0.907800
------------ run = 2; t = 20; F_Global = 0.9332, Privileged = Y ------------
training accuracy (client 1) : 0.956464 
client 1 accuracy on val: 0.887954
client 1 fairness(EQO, Y) on val: 1.000000
training accuracy (client 2) : 0.985167 
client 2 accuracy on val: 0.887954
client 2 fairness(EQO, Y) on val: 1.000000
training accuracy (client 4) : 0.978462 
client 4 accuracy on val: 0.887954
client 4 fairness(EQO, Y) on val: 1.000000
training accuracy (client 6) : 0.778626 
client 6 accuracy on val: 0.873287
client 6 fairness(EQO, Y) on val: 0.859400
global model accuracy on val: 0.891080
global model fairness(EQO, Y) on val: 0.965100
global model accuracy on test: 0.895888
global model fairness(EQO, Y) on test: 0.949800
------------ run = 2; t = 21; F_Global = 0.9651, Privileged = Y ------------
training accuracy (client 1) : 0.956464 
client 1 accuracy on val: 0.887954
client 1 fairness(EQO, Y) on val: 1.000000
training accuracy (client 7) : 0.580645 
client 7 accuracy on val: 0.862467
client 7 fairness(EQO, Y) on val: 0.787200
training accuracy (client 9) : 0.963317 
client 9 accuracy on val: 0.884347
client 9 fairness(EQO, Y) on val: 0.402500
training accuracy (client 12) : 0.766667 
client 12 accuracy on val: 0.775427
client 12 fairness(EQO, Y) on val: 0.626400
global model accuracy on val: 0.890839
global model fairness(EQO, Y) on val: 0.973900
global model accuracy on test: 0.893724
global model fairness(EQO, Y) on test: 0.987800
------------ run = 2; t = 22; F_Global = 0.9739, Privileged = Y ------------
training accuracy (client 4) : 0.978462 
client 4 accuracy on val: 0.887954
client 4 fairness(EQO, Y) on val: 1.000000
training accuracy (client 5) : 0.993877 
client 5 accuracy on val: 0.887954
client 5 fairness(EQO, Y) on val: 1.000000
training accuracy (client 7) : 0.786810 
client 7 accuracy on val: 0.668911
client 7 fairness(EQO, Y) on val: 0.283500
training accuracy (client 10) : 0.755725 
client 10 accuracy on val: 0.893484
client 10 fairness(EQO, Y) on val: 0.867600
global model accuracy on val: 0.887954
global model fairness(EQO, Y) on val: 1.000000
global model accuracy on test: 0.890599
global model fairness(EQO, Y) on test: 0.999000
------------ run = 2; t = 23; F_Global = 1.0, Privileged = Y ------------
training accuracy (client 4) : 0.978462 
client 4 accuracy on val: 0.887954
client 4 fairness(EQO, Y) on val: 1.000000
training accuracy (client 5) : 0.993877 
client 5 accuracy on val: 0.887954
client 5 fairness(EQO, Y) on val: 1.000000
training accuracy (client 6) : 0.893688 
client 6 accuracy on val: 0.891320
client 6 fairness(EQO, Y) on val: 0.514300
training accuracy (client 11) : 0.748485 
client 11 accuracy on val: 0.786247
client 11 fairness(EQO, Y) on val: 0.597800
global model accuracy on val: 0.887954
global model fairness(EQO, Y) on val: 1.000000
global model accuracy on test: 0.890118
global model fairness(EQO, Y) on test: 1.000000
------------ run = 2; t = 24; F_Global = 1.0, Privileged = Y ------------
training accuracy (client 2) : 0.985167 
client 2 accuracy on val: 0.887954
client 2 fairness(EQO, Y) on val: 1.000000
training accuracy (client 3) : 0.955032 
client 3 accuracy on val: 0.888194
client 3 fairness(EQO, Y) on val: 1.005900
training accuracy (client 11) : 0.732824 
client 11 accuracy on val: 0.899014
client 11 fairness(EQO, Y) on val: 0.797700
training accuracy (client 13) : 0.733333 
client 13 accuracy on val: 0.798990
client 13 fairness(EQO, Y) on val: 0.536600
global model accuracy on val: 0.887954
global model fairness(EQO, Y) on val: 1.000000
global model accuracy on test: 0.890118
global model fairness(EQO, Y) on test: 1.000000
------------ run = 2; t = 25; F_Global = 1.0, Privileged = Y ------------
training accuracy (client 4) : 0.978462 
client 4 accuracy on val: 0.887954
client 4 fairness(EQO, Y) on val: 1.000000
training accuracy (client 9) : 0.964912 
client 9 accuracy on val: 0.884588
client 9 fairness(EQO, Y) on val: 0.395500
training accuracy (client 10) : 0.777607 
client 10 accuracy on val: 0.678769
client 10 fairness(EQO, Y) on val: 0.283900
training accuracy (client 11) : 0.883721 
client 11 accuracy on val: 0.893484
client 11 fairness(EQO, Y) on val: 0.538500
global model accuracy on val: 0.887954
global model fairness(EQO, Y) on val: 1.000000
global model accuracy on test: 0.890118
global model fairness(EQO, Y) on test: 1.000000
------------ run = 2; t = 26; F_Global = 1.0, Privileged = Y ------------
training accuracy (client 3) : 0.961456 
client 3 accuracy on val: 0.888194
client 3 fairness(EQO, Y) on val: 1.005900
training accuracy (client 4) : 0.978462 
client 4 accuracy on val: 0.887954
client 4 fairness(EQO, Y) on val: 1.000000
training accuracy (client 8) : 0.532258 
client 8 accuracy on val: 0.889396
client 8 fairness(EQO, Y) on val: 0.717400
training accuracy (client 12) : 0.778374 
client 12 accuracy on val: 0.679731
client 12 fairness(EQO, Y) on val: 0.275300
global model accuracy on val: 0.887954
global model fairness(EQO, Y) on val: 1.000000
global model accuracy on test: 0.890118
global model fairness(EQO, Y) on test: 1.000000
------------ run = 2; t = 27; F_Global = 1.0, Privileged = Y ------------
training accuracy (client 2) : 0.985167 
client 2 accuracy on val: 0.887954
client 2 fairness(EQO, Y) on val: 1.000000
training accuracy (client 6) : 0.587500 
client 6 accuracy on val: 0.866554
client 6 fairness(EQO, Y) on val: 0.698000
training accuracy (client 8) : 0.748092 
client 8 accuracy on val: 0.897331
client 8 fairness(EQO, Y) on val: 0.850900
training accuracy (client 10) : 0.966507 
client 10 accuracy on val: 0.884828
client 10 fairness(EQO, Y) on val: 0.389200
global model accuracy on val: 0.887954
global model fairness(EQO, Y) on val: 1.000000
global model accuracy on test: 0.890118
global model fairness(EQO, Y) on test: 1.000000
------------ run = 2; t = 28; F_Global = 1.0, Privileged = Y ------------
training accuracy (client 3) : 0.963597 
client 3 accuracy on val: 0.888194
client 3 fairness(EQO, Y) on val: 1.005900
training accuracy (client 4) : 0.978462 
client 4 accuracy on val: 0.887954
client 4 fairness(EQO, Y) on val: 1.000000
training accuracy (client 7) : 0.742424 
client 7 accuracy on val: 0.793460
client 7 fairness(EQO, Y) on val: 0.577400
training accuracy (client 13) : 0.966507 
client 13 accuracy on val: 0.884588
client 13 fairness(EQO, Y) on val: 0.388100
global model accuracy on val: 0.887954
global model fairness(EQO, Y) on val: 1.000000
global model accuracy on test: 0.890118
global model fairness(EQO, Y) on test: 1.000000
------------ run = 2; t = 29; F_Global = 1.0, Privileged = Y ------------
training accuracy (client 2) : 0.985167 
client 2 accuracy on val: 0.887954
client 2 fairness(EQO, Y) on val: 1.000000
training accuracy (client 5) : 0.993877 
client 5 accuracy on val: 0.887954
client 5 fairness(EQO, Y) on val: 1.000000
training accuracy (client 9) : 0.778374 
client 9 accuracy on val: 0.677326
client 9 fairness(EQO, Y) on val: 0.287900
training accuracy (client 10) : 0.581250 
client 10 accuracy on val: 0.868718
client 10 fairness(EQO, Y) on val: 0.731500
global model accuracy on val: 0.887954
global model fairness(EQO, Y) on val: 1.000000
global model accuracy on test: 0.890118
global model fairness(EQO, Y) on test: 1.000000
------------ run = 2; t = 30; F_Global = 1.0, Privileged = Y ------------
training accuracy (client 3) : 0.963597 
client 3 accuracy on val: 0.887954
client 3 fairness(EQO, Y) on val: 1.002000
training accuracy (client 8) : 0.524194 
client 8 accuracy on val: 0.892522
client 8 fairness(EQO, Y) on val: 0.839300
training accuracy (client 10) : 0.730303 
client 10 accuracy on val: 0.798509
client 10 fairness(EQO, Y) on val: 0.580700
training accuracy (client 13) : 0.575000 
client 13 accuracy on val: 0.876413
client 13 fairness(EQO, Y) on val: 0.721400
global model accuracy on val: 0.887954
global model fairness(EQO, Y) on val: 1.000000
global model accuracy on test: 0.890118
global model fairness(EQO, Y) on test: 1.000000
------------ run = 2; t = 31; F_Global = 1.0, Privileged = Y ------------
training accuracy (client 1) : 0.956464 
client 1 accuracy on val: 0.887954
client 1 fairness(EQO, Y) on val: 1.000000
training accuracy (client 4) : 0.978462 
client 4 accuracy on val: 0.887954
client 4 fairness(EQO, Y) on val: 1.000000
training accuracy (client 12) : 0.748485 
client 12 accuracy on val: 0.787930
client 12 fairness(EQO, Y) on val: 0.761400
training accuracy (client 13) : 0.600000 
client 13 accuracy on val: 0.864631
client 13 fairness(EQO, Y) on val: 1.022000
global model accuracy on val: 0.887954
global model fairness(EQO, Y) on val: 1.000000
global model accuracy on test: 0.890118
global model fairness(EQO, Y) on test: 1.000000
------------ run = 2; t = 32; F_Global = 1.0, Privileged = Y ------------
training accuracy (client 6) : 0.546875 
client 6 accuracy on val: 0.869199
client 6 fairness(EQO, Y) on val: 0.981700
training accuracy (client 9) : 0.961722 
client 9 accuracy on val: 0.887954
client 9 fairness(EQO, Y) on val: 0.431900
training accuracy (client 12) : 0.600000 
client 12 accuracy on val: 0.861265
client 12 fairness(EQO, Y) on val: 0.963400
training accuracy (client 13) : 0.745455 
client 13 accuracy on val: 0.786247
client 13 fairness(EQO, Y) on val: 0.712500
global model accuracy on val: 0.887954
global model fairness(EQO, Y) on val: 1.000000
global model accuracy on test: 0.890358
global model fairness(EQO, N) on test: 0.998200
------------ run = 2; t = 33; F_Global = 1.0, Privileged = Y ------------
training accuracy (client 2) : 0.985167 
client 2 accuracy on val: 0.887954
client 2 fairness(EQO, Y) on val: 1.000000
training accuracy (client 4) : 0.978462 
client 4 accuracy on val: 0.887954
client 4 fairness(EQO, Y) on val: 1.000000
training accuracy (client 11) : 0.960128 
client 11 accuracy on val: 0.886752
client 11 fairness(EQO, Y) on val: 0.423500
training accuracy (client 13) : 0.742424 
client 13 accuracy on val: 0.782159
client 13 fairness(EQO, Y) on val: 0.694000
global model accuracy on val: 0.887954
global model fairness(EQO, Y) on val: 1.000000
global model accuracy on test: 0.890118
global model fairness(EQO, Y) on test: 1.000000
------------ run = 2; t = 34; F_Global = 1.0, Privileged = Y ------------
training accuracy (client 5) : 0.993877 
client 5 accuracy on val: 0.887954
client 5 fairness(EQO, Y) on val: 1.000000
training accuracy (client 6) : 0.890365 
client 6 accuracy on val: 0.893244
client 6 fairness(EQO, Y) on val: 0.558300
training accuracy (client 8) : 0.779141 
client 8 accuracy on val: 0.675643
client 8 fairness(EQO, Y) on val: 0.311300
training accuracy (client 12) : 0.960128 
client 12 accuracy on val: 0.885309
client 12 fairness(EQO, Y) on val: 0.408000
global model accuracy on val: 0.887954
global model fairness(EQO, Y) on val: 1.000000
global model accuracy on test: 0.890118
global model fairness(EQO, Y) on test: 1.000000
------------ run = 2; t = 35; F_Global = 1.0, Privileged = Y ------------
training accuracy (client 4) : 0.978462 
client 4 accuracy on val: 0.887954
client 4 fairness(EQO, Y) on val: 1.000000
training accuracy (client 5) : 0.993877 
client 5 accuracy on val: 0.887954
client 5 fairness(EQO, Y) on val: 1.000000
training accuracy (client 6) : 0.748092 
client 6 accuracy on val: 0.897812
client 6 fairness(EQO, Y) on val: 0.871500
training accuracy (client 8) : 0.507812 
client 8 accuracy on val: 0.890839
client 8 fairness(EQO, Y) on val: 0.809100
global model accuracy on val: 0.887954
global model fairness(EQO, Y) on val: 1.000000
global model accuracy on test: 0.890118
global model fairness(EQO, Y) on test: 1.000000
------------ run = 2; t = 36; F_Global = 1.0, Privileged = Y ------------
training accuracy (client 1) : 0.956464 
client 1 accuracy on val: 0.887954
client 1 fairness(EQO, Y) on val: 1.000000
training accuracy (client 2) : 0.985167 
client 2 accuracy on val: 0.887954
client 2 fairness(EQO, Y) on val: 1.000000
training accuracy (client 7) : 0.550000 
client 7 accuracy on val: 0.883145
client 7 fairness(EQO, Y) on val: 0.726400
training accuracy (client 9) : 0.893688 
client 9 accuracy on val: 0.889637
client 9 fairness(EQO, Y) on val: 0.492200
global model accuracy on val: 0.887954
global model fairness(EQO, Y) on val: 1.000000
global model accuracy on test: 0.890118
global model fairness(EQO, Y) on test: 1.000000
------------ run = 2; t = 37; F_Global = 1.0, Privileged = Y ------------
training accuracy (client 2) : 0.985167 
client 2 accuracy on val: 0.887954
client 2 fairness(EQO, Y) on val: 1.000000
training accuracy (client 4) : 0.978462 
client 4 accuracy on val: 0.887954
client 4 fairness(EQO, Y) on val: 1.000000
training accuracy (client 6) : 0.516129 
client 6 accuracy on val: 0.894927
client 6 fairness(EQO, Y) on val: 0.858900
training accuracy (client 10) : 0.725191 
client 10 accuracy on val: 0.897812
client 10 fairness(EQO, Y) on val: 0.871800
global model accuracy on val: 0.887954
global model fairness(EQO, Y) on val: 1.000000
global model accuracy on test: 0.890118
global model fairness(EQO, Y) on test: 1.000000
------------ run = 2; t = 38; F_Global = 1.0, Privileged = Y ------------
training accuracy (client 2) : 0.985167 
client 2 accuracy on val: 0.887954
client 2 fairness(EQO, Y) on val: 1.000000
training accuracy (client 3) : 0.946467 
client 3 accuracy on val: 0.887713
client 3 fairness(EQO, Y) on val: 1.000200
training accuracy (client 10) : 0.562500 
client 10 accuracy on val: 0.875691
client 10 fairness(EQO, Y) on val: 0.700400
training accuracy (client 11) : 0.893688 
client 11 accuracy on val: 0.891080
client 11 fairness(EQO, Y) on val: 0.499800
global model accuracy on val: 0.887954
global model fairness(EQO, Y) on val: 1.000000
global model accuracy on test: 0.890118
global model fairness(EQO, Y) on test: 1.000000
------------ run = 2; t = 39; F_Global = 1.0, Privileged = Y ------------
training accuracy (client 4) : 0.978462 
client 4 accuracy on val: 0.887954
client 4 fairness(EQO, Y) on val: 1.000000
training accuracy (client 6) : 0.730303 
client 6 accuracy on val: 0.797547
client 6 fairness(EQO, Y) on val: 0.686200
training accuracy (client 10) : 0.524194 
client 10 accuracy on val: 0.886271
client 10 fairness(EQO, Y) on val: 0.992100
training accuracy (client 13) : 0.887043 
client 13 accuracy on val: 0.894927
client 13 fairness(EQO, Y) on val: 0.574900
global model accuracy on val: 0.887954
global model fairness(EQO, Y) on val: 1.000000
global model accuracy on test: 0.890118
global model fairness(EQO, Y) on test: 1.000000
------------ run = 2; t = 40; F_Global = 1.0, Privileged = Y ------------
training accuracy (client 2) : 0.985167 
client 2 accuracy on val: 0.887954
client 2 fairness(EQO, Y) on val: 1.000000
training accuracy (client 4) : 0.978462 
client 4 accuracy on val: 0.887954
client 4 fairness(EQO, Y) on val: 1.000000
training accuracy (client 8) : 0.507812 
client 8 accuracy on val: 0.888675
client 8 fairness(EQO, Y) on val: 0.849500
training accuracy (client 9) : 0.748092 
client 9 accuracy on val: 0.898533
client 9 fairness(EQO, Y) on val: 0.867100
global model accuracy on val: 0.887954
global model fairness(EQO, Y) on val: 1.000000
global model accuracy on test: 0.890118
global model fairness(EQO, Y) on test: 1.000000
------------ run = 2; t = 41; F_Global = 1.0, Privileged = Y ------------
training accuracy (client 1) : 0.956464 
client 1 accuracy on val: 0.887954
client 1 fairness(EQO, Y) on val: 1.000000
training accuracy (client 4) : 0.978462 
client 4 accuracy on val: 0.887954
client 4 fairness(EQO, Y) on val: 1.000000
training accuracy (client 7) : 0.964912 
client 7 accuracy on val: 0.885549
client 7 fairness(EQO, Y) on val: 0.404900
training accuracy (client 11) : 0.893688 
client 11 accuracy on val: 0.892282
client 11 fairness(EQO, Y) on val: 0.523900
global model accuracy on val: 0.887954
global model fairness(EQO, Y) on val: 1.000000
global model accuracy on test: 0.890118
global model fairness(EQO, Y) on test: 1.000000
------------ run = 2; t = 42; F_Global = 1.0, Privileged = Y ------------
training accuracy (client 1) : 0.955145 
client 1 accuracy on val: 0.887954
client 1 fairness(EQO, Y) on val: 1.000000
training accuracy (client 5) : 0.993877 
client 5 accuracy on val: 0.887954
client 5 fairness(EQO, Y) on val: 1.000000
training accuracy (client 8) : 0.733333 
client 8 accuracy on val: 0.798269
client 8 fairness(EQO, Y) on val: 0.545200
training accuracy (client 9) : 0.532258 
client 9 accuracy on val: 0.888916
client 9 fairness(EQO, Y) on val: 0.784800
global model accuracy on val: 0.887954
global model fairness(EQO, Y) on val: 1.000000
global model accuracy on test: 0.890118
global model fairness(EQO, Y) on test: 1.000000
------------ run = 2; t = 43; F_Global = 1.0, Privileged = Y ------------
training accuracy (client 4) : 0.978462 
client 4 accuracy on val: 0.887954
client 4 fairness(EQO, Y) on val: 1.000000
training accuracy (client 6) : 0.773006 
client 6 accuracy on val: 0.690310
client 6 fairness(EQO, Y) on val: 0.344300
training accuracy (client 9) : 0.748092 
client 9 accuracy on val: 0.899014
client 9 fairness(EQO, Y) on val: 0.836400
training accuracy (client 13) : 0.516129 
client 13 accuracy on val: 0.893724
client 13 fairness(EQO, Y) on val: 0.861700
global model accuracy on val: 0.887954
global model fairness(EQO, Y) on val: 1.000000
global model accuracy on test: 0.890118
global model fairness(EQO, Y) on test: 1.000000
------------ run = 2; t = 44; F_Global = 1.0, Privileged = Y ------------
training accuracy (client 3) : 0.929336 
client 3 accuracy on val: 0.887713
client 3 fairness(EQO, Y) on val: 1.000200
training accuracy (client 6) : 0.587500 
client 6 accuracy on val: 0.868959
client 6 fairness(EQO, Y) on val: 0.619600
training accuracy (client 8) : 0.964912 
client 8 accuracy on val: 0.886030
client 8 fairness(EQO, Y) on val: 0.389900
training accuracy (client 11) : 0.776074 
client 11 accuracy on val: 0.688868
client 11 fairness(EQO, Y) on val: 0.322200
global model accuracy on val: 0.887954
global model fairness(EQO, Y) on val: 1.000000
global model accuracy on test: 0.890358
global model fairness(EQO, N) on test: 0.998200
------------ run = 2; t = 45; F_Global = 1.0, Privileged = Y ------------
training accuracy (client 4) : 0.978462 
client 4 accuracy on val: 0.887954
client 4 fairness(EQO, Y) on val: 1.000000
training accuracy (client 9) : 0.763359 
client 9 accuracy on val: 0.880981
client 9 fairness(EQO, Y) on val: 1.034800
training accuracy (client 12) : 0.953748 
client 12 accuracy on val: 0.893244
client 12 fairness(EQO, Y) on val: 0.481600
training accuracy (client 13) : 0.776841 
client 13 accuracy on val: 0.676605
client 13 fairness(EQO, Y) on val: 0.409700
global model accuracy on val: 0.888194
global model fairness(EQO, N) on val: 0.998200
global model accuracy on test: 0.891080
global model fairness(EQO, N) on test: 0.992800
------------ run = 2; t = 46; F_Global = 0.9982, Privileged = N ------------
training accuracy (client 3) : 0.965739 
client 3 accuracy on val: 0.886992
client 3 fairness(EQO, N) on val: 0.989400
training accuracy (client 5) : 0.993877 
client 5 accuracy on val: 0.887954
client 5 fairness(EQO, N) on val: 1.000000
training accuracy (client 7) : 0.890365 
client 7 accuracy on val: 0.892041
client 7 fairness(EQO, N) on val: 1.780900
training accuracy (client 13) : 0.778374 
client 13 accuracy on val: 0.674441
client 13 fairness(EQO, N) on val: 3.801000
global model accuracy on val: 0.889396
global model fairness(EQO, Y) on val: 0.845900
global model accuracy on test: 0.895167
global model fairness(EQO, Y) on test: 0.799600
------------ run = 2; t = 47; F_Global = 0.8459, Privileged = Y ------------
training accuracy (client 1) : 0.956464 
client 1 accuracy on val: 0.887954
client 1 fairness(EQO, Y) on val: 1.000000
training accuracy (client 2) : 0.985167 
client 2 accuracy on val: 0.887954
client 2 fairness(EQO, Y) on val: 1.000000
training accuracy (client 9) : 0.612903 
client 9 accuracy on val: 0.824477
client 9 fairness(EQO, Y) on val: 0.715400
training accuracy (client 12) : 0.793712 
client 12 accuracy on val: 0.658331
client 12 fairness(EQO, Y) on val: 0.298700
global model accuracy on val: 0.888435
global model fairness(EQO, Y) on val: 0.999300
global model accuracy on test: 0.891801
global model fairness(EQO, N) on test: 0.987300
------------ run = 2; t = 48; F_Global = 0.9993, Privileged = Y ------------
training accuracy (client 2) : 0.985167 
client 2 accuracy on val: 0.887954
client 2 fairness(EQO, Y) on val: 1.000000
training accuracy (client 5) : 0.585938 
client 5 accuracy on val: 0.840346
client 5 fairness(EQO, Y) on val: 0.839000
training accuracy (client 11) : 0.974304 
client 11 accuracy on val: 0.887473
client 11 fairness(EQO, Y) on val: 1.008400
training accuracy (client 12) : 0.588710 
client 12 accuracy on val: 0.848762
client 12 fairness(EQO, Y) on val: 0.891400
global model accuracy on val: 0.887954
global model fairness(EQO, Y) on val: 1.000000
global model accuracy on test: 0.890358
global model fairness(EQO, N) on test: 0.998200
------------ run = 2; t = 49; F_Global = 1.0, Privileged = Y ------------
training accuracy (client 1) : 0.956464 
client 1 accuracy on val: 0.887954
client 1 fairness(EQO, Y) on val: 1.000000
training accuracy (client 2) : 0.985167 
client 2 accuracy on val: 0.887954
client 2 fairness(EQO, Y) on val: 1.000000
training accuracy (client 10) : 0.989293 
client 10 accuracy on val: 0.887713
client 10 fairness(EQO, Y) on val: 1.002200
training accuracy (client 11) : 0.789110 
client 11 accuracy on val: 0.654003
client 11 fairness(EQO, Y) on val: 0.396800
global model accuracy on val: 0.887954
global model fairness(EQO, Y) on val: 1.000000
global model accuracy on test: 0.890358
global model fairness(EQO, N) on test: 0.998200
------------ run = 2; t = 50; F_Global = 1.0, Privileged = Y ------------
training accuracy (client 2) : 0.985167 
client 2 accuracy on val: 0.887954
client 2 fairness(EQO, Y) on val: 1.000000
training accuracy (client 5) : 0.873754 
client 5 accuracy on val: 0.887954
client 5 fairness(EQO, Y) on val: 0.785600
training accuracy (client 6) : 0.778788 
client 6 accuracy on val: 0.753306
client 6 fairness(EQO, Y) on val: 0.931800
training accuracy (client 11) : 0.585938 
client 11 accuracy on val: 0.832652
client 11 fairness(EQO, Y) on val: 1.620800
global model accuracy on val: 0.889156
global model fairness(EQO, N) on val: 0.868900
global model accuracy on test: 0.890839
global model fairness(EQO, N) on test: 0.866100
----------------Done (FLAlgMain)----------------
