------------Execute (split_train_val_test)------------
rTrain: 0.6, rVal: 0.2, rTest: 0.2, alpha: 2, num_clients: 10
Total number of data row in law.csv: 20798
Total number of Training datasets: 12480
Total number of Testing datasets: 4159
Total number of Validation datasets: 4159
ratio :
[[0.07398561 0.08935061 0.13207359 0.12807489 0.08990779 0.13634316
  0.17653151 0.08507512 0.03032241 0.05833531]
 [0.1589129  0.04592122 0.06866304 0.11444967 0.14931707 0.04602284
  0.16169062 0.09247771 0.05229405 0.11025089]
 [0.10138061 0.06666929 0.15880516 0.14836273 0.08612206 0.17990766
  0.03041078 0.06437646 0.07827927 0.085686  ]
 [0.13675592 0.07717129 0.08018919 0.05485063 0.13788557 0.07031453
  0.04891904 0.30785203 0.0745787  0.0114831 ]]
Total number of data row in dataset: 12480
Total number of clients datasets: 10
----------------(start splitting client datasets from adult_used.csv)----------------
client 1 training data (1069, 12)
client 2 training data (1037, 12)
client 3 training data (1600, 12)
client 4 training data (1570, 12)
client 5 training data (1194, 12)
client 6 training data (1646, 12)
client 7 training data (1906, 12)
client 8 training data (1168, 12)
client 9 training data (489, 12)
client 10 training data (801, 12)
----------------(finish splitting client datasets took 0.3076002597808838)----------------
------------Done (split_train_val_test)------------
