------------Execute (split_train_val_test)------------
rTrain: 0.6, rVal: 0.2, rTest: 0.2, alpha: 0.5, num_clients: 10
Total number of data row in law.csv: 20798
Total number of Training datasets: 12480
Total number of Testing datasets: 4159
Total number of Validation datasets: 4159
ratio :
[[2.58310135e-01 4.46140690e-02 4.74935302e-02 5.63772869e-02
  2.96558428e-01 2.97704258e-02 5.55444383e-02 2.09849784e-02
  1.83900749e-01 6.44595904e-03]
 [1.19275516e-02 1.15615667e-02 4.16448007e-01 1.80849807e-02
  1.53327491e-01 4.15359988e-03 2.34252455e-01 1.24772502e-01
  2.83334929e-03 2.26384964e-02]
 [3.02548929e-02 1.56203619e-02 2.15468594e-02 2.17765798e-01
  3.48533550e-01 3.19389679e-03 3.97755849e-02 1.37614979e-04
  1.53445008e-02 3.07826940e-01]
 [8.50841052e-03 6.87014308e-02 2.28312051e-02 4.19396155e-03
  2.82445625e-01 7.64622088e-03 8.64763916e-02 3.67393307e-01
  1.64968129e-02 1.35306634e-01]]
Total number of data row in dataset: 12480
Total number of clients datasets: 10
----------------(start splitting client datasets from adult_used.csv)----------------
client 1 training data (2552, 12)
client 2 training data (500, 12)
client 3 training data (839, 12)
client 4 training data (875, 12)
client 5 training data (3651, 12)
client 6 training data (298, 12)
client 7 training data (830, 12)
client 8 training data (508, 12)
client 9 training data (1810, 12)
client 10 training data (617, 12)
----------------(finish splitting client datasets took 0.47106122970581055)----------------
------------Done (split_train_val_test)------------
