------------Execute (split_train_val_test)------------
rTrain: 0.6, rVal: 0.2, rTest: 0.2, alpha: 0.5, num_clients: 10
Total number of data row in law.csv: 20798
Total number of Training datasets: 12480
Total number of Testing datasets: 4159
Total number of Validation datasets: 4159
ratio :
[[6.98018051e-02 2.35912170e-03 2.73942660e-02 3.05089788e-01
  2.00879566e-03 2.10342274e-02 4.43934435e-01 1.22420752e-01
  3.27814352e-05 5.92402789e-03]
 [7.60717843e-02 3.03965448e-01 4.83859621e-02 1.36494266e-02
  1.27245821e-01 1.02163552e-03 1.53103878e-01 3.49152264e-03
  1.84223360e-01 8.88411608e-02]
 [1.27917698e-02 2.30827626e-01 5.62015897e-02 8.02975443e-02
  1.51844102e-01 2.23484627e-02 2.69566233e-01 1.23197617e-01
  3.94264589e-02 1.34985972e-02]
 [6.77423752e-03 3.91340737e-02 4.42669702e-02 9.59684775e-03
  4.09401632e-02 7.33271993e-02 1.51380791e-01 2.22300312e-02
  5.93317665e-01 1.90320214e-02]]
Total number of data row in dataset: 12480
Total number of clients datasets: 10
----------------(start splitting client datasets from adult_used.csv)----------------
client 1 training data (756, 12)
client 2 training data (643, 12)
client 3 training data (410, 12)
client 4 training data (3058, 12)
client 5 training data (372, 12)
client 6 training data (274, 12)
client 7 training data (4866, 12)
client 8 training data (1367, 12)
client 9 training data (552, 12)
client 10 training data (182, 12)
----------------(finish splitting client datasets took 0.28189754486083984)----------------
------------Done (split_train_val_test)------------
