------------Execute (split_train_val_test)------------
rTrain: 0.6, rVal: 0.2, rTest: 0.2, alpha: 0.5, num_clients: 10
Total number of data row in law.csv: 20798
Total number of Training datasets: 12480
Total number of Testing datasets: 4159
Total number of Validation datasets: 4159
ratio :
[[8.41512086e-02 2.92942290e-01 1.49561523e-01 3.26878912e-02
  1.12715965e-04 1.84492703e-01 2.43826920e-03 1.20995402e-01
  1.32537532e-01 8.04647057e-05]
 [1.63430640e-01 3.98195856e-03 1.18448986e-02 7.48587452e-02
  4.59439267e-03 6.29707272e-03 1.00822497e-01 1.15827773e-03
  2.72203331e-01 3.60808187e-01]
 [2.62965101e-02 1.19739508e-02 1.35812111e-01 9.46067707e-04
  1.39615453e-01 7.10145999e-03 3.97671388e-02 5.59729779e-01
  5.70234959e-02 2.17340341e-02]
 [8.40299749e-02 5.74709153e-04 1.96408140e-04 2.90807976e-01
  1.24505210e-01 2.11943591e-02 1.07956866e-01 1.77490194e-01
  1.58400609e-01 3.48436957e-02]]
Total number of data row in dataset: 12480
Total number of clients datasets: 10
----------------(start splitting client datasets from adult_used.csv)----------------
client 1 training data (1032, 12)
client 2 training data (2851, 12)
client 3 training data (1647, 12)
client 4 training data (538, 12)
client 5 training data (271, 12)
client 6 training data (1809, 12)
client 7 training data (222, 12)
client 8 training data (2064, 12)
client 9 training data (1676, 12)
client 10 training data (370, 12)
----------------(finish splitting client datasets took 0.3566102981567383)----------------
------------Done (split_train_val_test)------------
