------------Execute (split_train_val_test)------------
rTrain: 0.6, rVal: 0.2, rTest: 0.2, alpha: 2, num_clients: 10
Total number of data row in law.csv: 20798
Total number of Training datasets: 12480
Total number of Testing datasets: 4159
Total number of Validation datasets: 4159
ratio :
[[0.03533326 0.06325415 0.12016012 0.22035018 0.1053171  0.14470089
  0.06123938 0.07194052 0.14578449 0.03191992]
 [0.24263153 0.019784   0.02899756 0.01358108 0.15828472 0.04639919
  0.15332161 0.01156029 0.05853143 0.26690859]
 [0.06245486 0.03600575 0.13493424 0.06905796 0.10031078 0.04041227
  0.08487789 0.30167597 0.08014467 0.09012561]
 [0.11873659 0.08745726 0.10963307 0.05853894 0.17178748 0.02718624
  0.17127099 0.10007063 0.04509211 0.1102267 ]]
Total number of data row in dataset: 12480
Total number of clients datasets: 10
----------------(start splitting client datasets from adult_used.csv)----------------
client 1 training data (694, 12)
client 2 training data (726, 12)
client 3 training data (1437, 12)
client 4 training data (2280, 12)
client 5 training data (1384, 12)
client 6 training data (1514, 12)
client 7 training data (931, 12)
client 8 training data (1180, 12)
client 9 training data (1600, 12)
client 10 training data (734, 12)
----------------(finish splitting client datasets took 0.3431870937347412)----------------
------------Done (split_train_val_test)------------
