------------Execute (split_train_val_test)------------
rTrain: 0.6, rVal: 0.2, rTest: 0.2, alpha: 0.5, num_clients: 10
Total number of data row in law.csv: 20798
Total number of Training datasets: 12480
Total number of Testing datasets: 4159
Total number of Validation datasets: 4159
ratio :
[[1.23020859e-01 1.49414988e-02 3.08805305e-02 3.59651214e-02
  1.94511213e-01 2.57883670e-01 1.36307471e-01 1.28751263e-01
  6.27082757e-02 1.50300966e-02]
 [6.27117352e-02 2.24792484e-03 4.26980198e-01 4.16079326e-02
  1.20003139e-02 1.38320751e-01 2.81355057e-01 3.01430819e-02
  4.63033079e-03 2.67441976e-06]
 [1.57634033e-01 4.59494266e-02 1.84693425e-02 1.89112747e-01
  1.57717977e-02 4.57217434e-02 1.97107630e-01 9.04827088e-03
  2.74586816e-01 4.65981927e-02]
 [1.65489199e-01 1.14463321e-03 5.45297108e-03 1.99831838e-02
  6.57038060e-01 5.93923149e-04 8.94279527e-02 4.05816185e-02
  5.61222759e-03 1.46762303e-02]]
Total number of data row in dataset: 12480
Total number of clients datasets: 10
----------------(start splitting client datasets from adult_used.csv)----------------
client 1 training data (1557, 12)
client 2 training data (210, 12)
client 3 training data (678, 12)
client 4 training data (659, 12)
client 5 training data (2286, 12)
client 6 training data (2670, 12)
client 7 training data (1878, 12)
client 8 training data (1303, 12)
client 9 training data (1000, 12)
client 10 training data (239, 12)
----------------(finish splitting client datasets took 0.5819337368011475)----------------
------------Done (split_train_val_test)------------
