------------Execute (split_train_val_test)------------
rTrain: 0.6, rVal: 0.2, rTest: 0.2, alpha: 0.5, num_clients: 10
Total number of data row in law.csv: 20798
Total number of Training datasets: 12480
Total number of Testing datasets: 4159
Total number of Validation datasets: 4159
ratio :
[[6.82620546e-03 3.48515447e-01 2.67609957e-02 2.64563796e-02
  4.11874151e-01 1.28502118e-02 1.19836233e-01 1.11419938e-02
  7.03947467e-03 2.86989077e-02]
 [1.02870001e-01 6.44227308e-04 4.24718423e-02 7.16638682e-03
  2.64395090e-01 2.18657621e-02 6.72476905e-03 4.24770388e-01
  1.20274655e-01 8.81687778e-03]
 [6.51573117e-02 1.22119525e-01 8.97895216e-02 1.47060669e-01
  2.15965190e-02 3.58867075e-05 2.94205263e-01 2.21587554e-02
  2.54295597e-06 2.37874006e-01]
 [4.52510233e-02 1.61870547e-02 8.79516110e-02 5.57887604e-01
  7.59565613e-02 3.58865991e-02 2.14990515e-02 3.23584609e-03
  1.33391620e-01 2.27530295e-02]]
Total number of data row in dataset: 12480
Total number of clients datasets: 10
----------------(start splitting client datasets from adult_used.csv)----------------
client 1 training data (268, 12)
client 2 training data (3551, 12)
client 3 training data (469, 12)
client 4 training data (780, 12)
client 5 training data (4273, 12)
client 6 training data (162, 12)
client 7 training data (1592, 12)
client 8 training data (491, 12)
client 9 training data (241, 12)
client 10 training data (653, 12)
----------------(finish splitting client datasets took 0.347442626953125)----------------
------------Done (split_train_val_test)------------
