------------Execute (split_train_val_test)------------
rTrain: 0.6, rVal: 0.2, rTest: 0.2, alpha: 0.5, num_clients: 10
Total number of data row in law.csv: 20798
Total number of Training datasets: 12480
Total number of Testing datasets: 4159
Total number of Validation datasets: 4159
ratio :
[[1.90024620e-02 7.13243898e-02 6.94417502e-02 2.61840537e-01
  3.78175225e-03 1.02790174e-01 1.21943735e-01 2.50375058e-01
  5.40122112e-02 4.54879311e-02]
 [4.03325947e-02 5.60356920e-02 1.37238876e-01 2.52243678e-01
  2.90271216e-02 4.02867875e-02 1.73605254e-01 2.46564268e-01
  1.87547048e-02 5.91102308e-03]
 [3.61587981e-02 1.91924798e-03 8.95776141e-02 2.62319921e-01
  2.85033902e-02 1.22801486e-02 2.56746839e-02 1.15344292e-02
  3.59163174e-01 1.72868593e-01]
 [2.68874259e-03 1.01237081e-01 1.86956553e-02 1.07575575e-01
  9.87255313e-03 8.02504906e-03 2.02846600e-01 1.49661139e-01
  3.91206667e-05 3.99358485e-01]]
Total number of data row in dataset: 12480
Total number of clients datasets: 10
----------------(start splitting client datasets from adult_used.csv)----------------
client 1 training data (268, 12)
client 2 training data (792, 12)
client 3 training data (921, 12)
client 4 training data (3173, 12)
client 5 training data (104, 12)
client 6 training data (1047, 12)
client 7 training data (1469, 12)
client 8 training data (2720, 12)
client 9 training data (1052, 12)
client 10 training data (934, 12)
----------------(finish splitting client datasets took 0.37848639488220215)----------------
------------Done (split_train_val_test)------------
