Alg.: FairFate; Client dataset: today_20230529\dataset_SP_run_6; client Count: 10
----------------(start loading 10 client datasets from today_20230529\dataset_SP_run_6)----------------
----------------(successfully loading 10 client datasets and server testing data from today_20230529\dataset_SP_run_6)----------------
----------------Execute (FLAlgMain)----------------
----------------(start running algorithm)----------------
global model accuracy on val: 0.408031
global model fairness(SP, N) on val: 0.804500
------------ run = 7; t = 1; F_Global = 0.8045, Privileged = N ------------
training accuracy (client 4) : 0.928191 
client 4 accuracy on val: 0.885309
client 4 fairness(SP, N) on val: 1.001500
training accuracy (client 7) : 0.954240 
client 7 accuracy on val: 0.885069
client 7 fairness(SP, N) on val: 1.000000
training accuracy (client 10) : 0.828536 
client 10 accuracy on val: 0.848521
client 10 fairness(SP, N) on val: 2.198700
global model accuracy on val: 0.875451
global model fairness(SP, Y) on val: 0.932900
global model accuracy on test: 0.884107
global model fairness(SP, Y) on test: 0.945300
------------ run = 7; t = 2; F_Global = 0.9329, Privileged = Y ------------
training accuracy (client 2) : 0.840070 
client 2 accuracy on val: 0.882905
client 2 fairness(SP, Y) on val: 1.015400
training accuracy (client 4) : 0.929965 
client 4 accuracy on val: 0.885069
client 4 fairness(SP, Y) on val: 1.000000
training accuracy (client 5) : 0.828641 
client 5 accuracy on val: 0.877134
client 5 fairness(SP, Y) on val: 0.792000
global model accuracy on val: 0.884828
global model fairness(SP, N) on val: 0.999200
global model accuracy on test: 0.893244
global model fairness(SP, Y) on test: 0.992800
------------ run = 7; t = 3; F_Global = 0.9992, Privileged = N ------------
training accuracy (client 1) : 0.878453 
client 1 accuracy on val: 0.884828
client 1 fairness(SP, N) on val: 0.995800
training accuracy (client 2) : 0.840070 
client 2 accuracy on val: 0.882905
client 2 fairness(SP, N) on val: 0.982000
training accuracy (client 5) : 0.829865 
client 5 accuracy on val: 0.878577
client 5 fairness(SP, N) on val: 1.194000
global model accuracy on val: 0.885549
global model fairness(SP, Y) on val: 0.999600
global model accuracy on test: 0.890599
global model fairness(SP, Y) on test: 0.994100
------------ run = 7; t = 4; F_Global = 0.9996, Privileged = Y ------------
training accuracy (client 4) : 0.929965 
client 4 accuracy on val: 0.885069
client 4 fairness(SP, Y) on val: 1.000000
training accuracy (client 6) : 0.897436 
client 6 accuracy on val: 0.888194
client 6 fairness(SP, Y) on val: 0.725100
training accuracy (client 8) : 0.825000 
client 8 accuracy on val: 0.829767
client 8 fairness(SP, Y) on val: 0.579600
global model accuracy on val: 0.885790
global model fairness(SP, Y) on val: 0.977600
global model accuracy on test: 0.894205
global model fairness(SP, Y) on test: 0.977800
------------ run = 7; t = 5; F_Global = 0.9776, Privileged = Y ------------
training accuracy (client 1) : 0.880295 
client 1 accuracy on val: 0.886030
client 1 fairness(SP, Y) on val: 0.996500
training accuracy (client 2) : 0.836555 
client 2 accuracy on val: 0.882664
client 2 fairness(SP, Y) on val: 1.025200
training accuracy (client 3) : 0.970169 
client 3 accuracy on val: 0.875451
client 3 fairness(SP, Y) on val: 0.578300
global model accuracy on val: 0.886030
global model fairness(SP, Y) on val: 0.975600
global model accuracy on test: 0.893965
global model fairness(SP, Y) on test: 0.974500
------------ run = 7; t = 6; F_Global = 0.9756, Privileged = Y ------------
training accuracy (client 7) : 0.954498 
client 7 accuracy on val: 0.886030
client 7 fairness(SP, Y) on val: 0.994000
training accuracy (client 8) : 0.826923 
client 8 accuracy on val: 0.837461
client 8 fairness(SP, Y) on val: 0.574300
training accuracy (client 10) : 0.840426 
client 10 accuracy on val: 0.867516
client 10 fairness(SP, Y) on val: 0.585900
global model accuracy on val: 0.889156
global model fairness(SP, Y) on val: 0.948900
global model accuracy on test: 0.898293
global model fairness(SP, Y) on test: 0.937800
------------ run = 7; t = 7; F_Global = 0.9489, Privileged = Y ------------
training accuracy (client 4) : 0.929965 
client 4 accuracy on val: 0.885309
client 4 fairness(SP, Y) on val: 0.998500
training accuracy (client 6) : 0.902015 
client 6 accuracy on val: 0.888675
client 6 fairness(SP, Y) on val: 0.698700
training accuracy (client 10) : 0.841677 
client 10 accuracy on val: 0.868478
client 10 fairness(SP, Y) on val: 0.583400
global model accuracy on val: 0.891560
global model fairness(SP, Y) on val: 0.903400
global model accuracy on test: 0.900697
global model fairness(SP, Y) on test: 0.890000
------------ run = 7; t = 8; F_Global = 0.9034, Privileged = Y ------------
training accuracy (client 3) : 0.976654 
client 3 accuracy on val: 0.873287
client 3 fairness(SP, Y) on val: 0.522600
training accuracy (client 4) : 0.930851 
client 4 accuracy on val: 0.885309
client 4 fairness(SP, Y) on val: 0.998500
training accuracy (client 8) : 0.821154 
client 8 accuracy on val: 0.842510
client 8 fairness(SP, Y) on val: 0.529900
global model accuracy on val: 0.891560
global model fairness(SP, Y) on val: 0.896900
global model accuracy on test: 0.900938
global model fairness(SP, Y) on test: 0.886800
------------ run = 7; t = 9; F_Global = 0.8969, Privileged = Y ------------
training accuracy (client 1) : 0.885819 
client 1 accuracy on val: 0.890118
client 1 fairness(SP, Y) on val: 0.961600
training accuracy (client 2) : 0.831283 
client 2 accuracy on val: 0.885069
client 2 fairness(SP, Y) on val: 1.027500
training accuracy (client 3) : 0.975357 
client 3 accuracy on val: 0.873527
client 3 fairness(SP, Y) on val: 0.527100
global model accuracy on val: 0.891560
global model fairness(SP, Y) on val: 0.906500
global model accuracy on test: 0.900457
global model fairness(SP, Y) on test: 0.893300
------------ run = 7; t = 10; F_Global = 0.9065, Privileged = Y ------------
training accuracy (client 4) : 0.930851 
client 4 accuracy on val: 0.885309
client 4 fairness(SP, Y) on val: 0.998500
training accuracy (client 5) : 0.833537 
client 5 accuracy on val: 0.875691
client 5 fairness(SP, Y) on val: 0.794500
training accuracy (client 8) : 0.828846 
client 8 accuracy on val: 0.843712
client 8 fairness(SP, Y) on val: 0.523600
global model accuracy on val: 0.891080
global model fairness(SP, Y) on val: 0.915100
global model accuracy on test: 0.900938
global model fairness(SP, Y) on test: 0.903300
------------ run = 7; t = 11; F_Global = 0.9151, Privileged = Y ------------
training accuracy (client 3) : 0.974060 
client 3 accuracy on val: 0.879298
client 3 fairness(SP, Y) on val: 0.572600
training accuracy (client 7) : 0.955274 
client 7 accuracy on val: 0.887473
client 7 fairness(SP, Y) on val: 0.978900
training accuracy (client 9) : 0.907878 
client 9 accuracy on val: 0.888675
client 9 fairness(SP, Y) on val: 0.990300
global model accuracy on val: 0.889877
global model fairness(SP, Y) on val: 0.938900
global model accuracy on test: 0.898774
global model fairness(SP, Y) on test: 0.924700
------------ run = 7; t = 12; F_Global = 0.9389, Privileged = Y ------------
training accuracy (client 3) : 0.974060 
client 3 accuracy on val: 0.878817
client 3 fairness(SP, Y) on val: 0.570900
training accuracy (client 5) : 0.835985 
client 5 accuracy on val: 0.875932
client 5 fairness(SP, Y) on val: 0.800300
training accuracy (client 9) : 0.909149 
client 9 accuracy on val: 0.890358
client 9 fairness(SP, Y) on val: 0.982600
global model accuracy on val: 0.891320
global model fairness(SP, Y) on val: 0.929100
global model accuracy on test: 0.899495
global model fairness(SP, Y) on test: 0.920100
------------ run = 7; t = 13; F_Global = 0.9291, Privileged = Y ------------
training accuracy (client 4) : 0.930851 
client 4 accuracy on val: 0.885790
client 4 fairness(SP, Y) on val: 0.999100
training accuracy (client 7) : 0.955274 
client 7 accuracy on val: 0.887713
client 7 fairness(SP, Y) on val: 0.971400
training accuracy (client 9) : 0.909784 
client 9 accuracy on val: 0.889877
client 9 fairness(SP, Y) on val: 0.991600
global model accuracy on val: 0.888916
global model fairness(SP, Y) on val: 0.954000
global model accuracy on test: 0.897331
global model fairness(SP, Y) on test: 0.940800
------------ run = 7; t = 14; F_Global = 0.954, Privileged = Y ------------
training accuracy (client 2) : 0.834798 
client 2 accuracy on val: 0.882424
client 2 fairness(SP, Y) on val: 1.036400
training accuracy (client 5) : 0.834761 
client 5 accuracy on val: 0.876893
client 5 fairness(SP, Y) on val: 0.802800
training accuracy (client 6) : 0.905678 
client 6 accuracy on val: 0.893244
client 6 fairness(SP, Y) on val: 0.703800
global model accuracy on val: 0.890599
global model fairness(SP, Y) on val: 0.949900
global model accuracy on test: 0.898293
global model fairness(SP, Y) on test: 0.938200
------------ run = 7; t = 15; F_Global = 0.9499, Privileged = Y ------------
training accuracy (client 3) : 0.970169 
client 3 accuracy on val: 0.880500
client 3 fairness(SP, Y) on val: 0.571400
training accuracy (client 6) : 0.902015 
client 6 accuracy on val: 0.890599
client 6 fairness(SP, Y) on val: 0.717100
training accuracy (client 10) : 0.842929 
client 10 accuracy on val: 0.869921
client 10 fairness(SP, Y) on val: 0.615200
global model accuracy on val: 0.892522
global model fairness(SP, Y) on val: 0.918200
global model accuracy on test: 0.900457
global model fairness(SP, Y) on test: 0.914000
------------ run = 7; t = 16; F_Global = 0.9182, Privileged = Y ------------
training accuracy (client 4) : 0.932624 
client 4 accuracy on val: 0.885549
client 4 fairness(SP, Y) on val: 0.999900
training accuracy (client 6) : 0.903846 
client 6 accuracy on val: 0.892041
client 6 fairness(SP, Y) on val: 0.704100
training accuracy (client 7) : 0.956050 
client 7 accuracy on val: 0.887954
client 7 fairness(SP, Y) on val: 0.966900
global model accuracy on val: 0.890599
global model fairness(SP, Y) on val: 0.938500
global model accuracy on test: 0.898533
global model fairness(SP, Y) on test: 0.927300
------------ run = 7; t = 17; F_Global = 0.9385, Privileged = Y ------------
training accuracy (client 1) : 0.883978 
client 1 accuracy on val: 0.893003
client 1 fairness(SP, Y) on val: 0.946900
training accuracy (client 3) : 0.971466 
client 3 accuracy on val: 0.880741
client 3 fairness(SP, Y) on val: 0.572900
training accuracy (client 4) : 0.932624 
client 4 accuracy on val: 0.885549
client 4 fairness(SP, Y) on val: 0.999900
global model accuracy on val: 0.890118
global model fairness(SP, Y) on val: 0.947500
global model accuracy on test: 0.897812
global model fairness(SP, Y) on test: 0.937700
------------ run = 7; t = 18; F_Global = 0.9475, Privileged = Y ------------
training accuracy (client 6) : 0.902015 
client 6 accuracy on val: 0.893724
client 6 fairness(SP, Y) on val: 0.701500
training accuracy (client 7) : 0.956308 
client 7 accuracy on val: 0.888194
client 7 fairness(SP, Y) on val: 0.962300
training accuracy (client 10) : 0.844806 
client 10 accuracy on val: 0.869199
client 10 fairness(SP, Y) on val: 0.610700
global model accuracy on val: 0.889637
global model fairness(SP, Y) on val: 0.936800
global model accuracy on test: 0.898293
global model fairness(SP, Y) on test: 0.934800
------------ run = 7; t = 19; F_Global = 0.9368, Privileged = Y ------------
training accuracy (client 4) : 0.933511 
client 4 accuracy on val: 0.886511
client 4 fairness(SP, Y) on val: 0.995700
training accuracy (client 7) : 0.956567 
client 7 accuracy on val: 0.888435
client 7 fairness(SP, Y) on val: 0.960800
training accuracy (client 8) : 0.823077 
client 8 accuracy on val: 0.844674
client 8 fairness(SP, Y) on val: 0.543900
global model accuracy on val: 0.888675
global model fairness(SP, Y) on val: 0.948900
global model accuracy on test: 0.898052
global model fairness(SP, Y) on test: 0.938800
------------ run = 7; t = 20; F_Global = 0.9489, Privileged = Y ------------
training accuracy (client 3) : 0.972763 
client 3 accuracy on val: 0.878577
client 3 fairness(SP, Y) on val: 0.548700
training accuracy (client 5) : 0.837209 
client 5 accuracy on val: 0.878096
client 5 fairness(SP, Y) on val: 0.788600
training accuracy (client 6) : 0.902015 
client 6 accuracy on val: 0.892282
client 6 fairness(SP, Y) on val: 0.701600
global model accuracy on val: 0.889877
global model fairness(SP, Y) on val: 0.926300
global model accuracy on test: 0.899976
global model fairness(SP, Y) on test: 0.916700
------------ run = 7; t = 21; F_Global = 0.9263, Privileged = Y ------------
training accuracy (client 2) : 0.831283 
client 2 accuracy on val: 0.882664
client 2 fairness(SP, Y) on val: 1.031000
training accuracy (client 6) : 0.901099 
client 6 accuracy on val: 0.892041
client 6 fairness(SP, Y) on val: 0.697900
training accuracy (client 10) : 0.842929 
client 10 accuracy on val: 0.869921
client 10 fairness(SP, Y) on val: 0.600000
global model accuracy on val: 0.892522
global model fairness(SP, Y) on val: 0.918400
global model accuracy on test: 0.900938
global model fairness(SP, Y) on test: 0.912900
------------ run = 7; t = 22; F_Global = 0.9184, Privileged = Y ------------
training accuracy (client 1) : 0.882136 
client 1 accuracy on val: 0.893724
client 1 fairness(SP, Y) on val: 0.940100
training accuracy (client 9) : 0.910419 
client 9 accuracy on val: 0.890599
client 9 fairness(SP, Y) on val: 0.987500
training accuracy (client 10) : 0.842929 
client 10 accuracy on val: 0.869921
client 10 fairness(SP, Y) on val: 0.617700
global model accuracy on val: 0.892041
global model fairness(SP, Y) on val: 0.923300
global model accuracy on test: 0.900216
global model fairness(SP, Y) on test: 0.906300
------------ run = 7; t = 23; F_Global = 0.9233, Privileged = Y ------------
training accuracy (client 5) : 0.838433 
client 5 accuracy on val: 0.876653
client 5 fairness(SP, Y) on val: 0.802500
training accuracy (client 9) : 0.911690 
client 9 accuracy on val: 0.891080
client 9 fairness(SP, Y) on val: 0.986700
training accuracy (client 10) : 0.843554 
client 10 accuracy on val: 0.870161
client 10 fairness(SP, Y) on val: 0.620500
global model accuracy on val: 0.893965
global model fairness(SP, Y) on val: 0.927600
global model accuracy on test: 0.899736
global model fairness(SP, Y) on test: 0.907900
------------ run = 7; t = 24; F_Global = 0.9276, Privileged = Y ------------
training accuracy (client 3) : 0.967575 
client 3 accuracy on val: 0.881943
client 3 fairness(SP, Y) on val: 0.586500
training accuracy (client 7) : 0.957601 
client 7 accuracy on val: 0.888194
client 7 fairness(SP, Y) on val: 0.959300
training accuracy (client 10) : 0.843554 
client 10 accuracy on val: 0.869680
client 10 fairness(SP, Y) on val: 0.626000
global model accuracy on val: 0.892041
global model fairness(SP, Y) on val: 0.921400
global model accuracy on test: 0.901178
global model fairness(SP, Y) on test: 0.903700
------------ run = 7; t = 25; F_Global = 0.9214, Privileged = Y ------------
training accuracy (client 1) : 0.887661 
client 1 accuracy on val: 0.893003
client 1 fairness(SP, Y) on val: 0.941500
training accuracy (client 3) : 0.968872 
client 3 accuracy on val: 0.880741
client 3 fairness(SP, Y) on val: 0.569900
training accuracy (client 10) : 0.844180 
client 10 accuracy on val: 0.869440
client 10 fairness(SP, Y) on val: 0.607600
global model accuracy on val: 0.893003
global model fairness(SP, Y) on val: 0.903300
global model accuracy on test: 0.901178
global model fairness(SP, Y) on test: 0.881200
------------ run = 7; t = 26; F_Global = 0.9033, Privileged = Y ------------
training accuracy (client 1) : 0.887661 
client 1 accuracy on val: 0.893484
client 1 fairness(SP, Y) on val: 0.942600
training accuracy (client 7) : 0.956825 
client 7 accuracy on val: 0.888194
client 7 fairness(SP, Y) on val: 0.959300
training accuracy (client 9) : 0.911055 
client 9 accuracy on val: 0.890839
client 9 fairness(SP, Y) on val: 0.985000
global model accuracy on val: 0.892522
global model fairness(SP, Y) on val: 0.917100
global model accuracy on test: 0.901178
global model fairness(SP, Y) on test: 0.898300
------------ run = 7; t = 27; F_Global = 0.9171, Privileged = Y ------------
training accuracy (client 5) : 0.835985 
client 5 accuracy on val: 0.877615
client 5 fairness(SP, Y) on val: 0.796300
training accuracy (client 6) : 0.902930 
client 6 accuracy on val: 0.893003
client 6 fairness(SP, Y) on val: 0.711400
training accuracy (client 7) : 0.957084 
client 7 accuracy on val: 0.888675
client 7 fairness(SP, Y) on val: 0.956300
global model accuracy on val: 0.890118
global model fairness(SP, Y) on val: 0.922300
global model accuracy on test: 0.900697
global model fairness(SP, Y) on test: 0.903900
------------ run = 7; t = 28; F_Global = 0.9223, Privileged = Y ------------
training accuracy (client 2) : 0.831283 
client 2 accuracy on val: 0.882905
client 2 fairness(SP, Y) on val: 1.035000
training accuracy (client 3) : 0.968872 
client 3 accuracy on val: 0.880019
client 3 fairness(SP, Y) on val: 0.559400
training accuracy (client 10) : 0.843554 
client 10 accuracy on val: 0.870402
client 10 fairness(SP, Y) on val: 0.617300
global model accuracy on val: 0.892282
global model fairness(SP, Y) on val: 0.923800
global model accuracy on test: 0.899976
global model fairness(SP, Y) on test: 0.902500
------------ run = 7; t = 29; F_Global = 0.9238, Privileged = Y ------------
training accuracy (client 4) : 0.932624 
client 4 accuracy on val: 0.886511
client 4 fairness(SP, Y) on val: 0.996300
training accuracy (client 5) : 0.838433 
client 5 accuracy on val: 0.877855
client 5 fairness(SP, Y) on val: 0.799400
training accuracy (client 9) : 0.909149 
client 9 accuracy on val: 0.891560
client 9 fairness(SP, Y) on val: 0.986000
global model accuracy on val: 0.892522
global model fairness(SP, Y) on val: 0.931900
global model accuracy on test: 0.899736
global model fairness(SP, Y) on test: 0.925500
------------ run = 7; t = 30; F_Global = 0.9319, Privileged = Y ------------
training accuracy (client 1) : 0.883978 
client 1 accuracy on val: 0.891560
client 1 fairness(SP, Y) on val: 0.950800
training accuracy (client 2) : 0.836555 
client 2 accuracy on val: 0.880500
client 2 fairness(SP, Y) on val: 1.050200
training accuracy (client 3) : 0.967575 
client 3 accuracy on val: 0.884107
client 3 fairness(SP, Y) on val: 0.606100
global model accuracy on val: 0.893724
global model fairness(SP, Y) on val: 0.938800
global model accuracy on test: 0.899014
global model fairness(SP, Y) on test: 0.934900
------------ run = 7; t = 31; F_Global = 0.9388, Privileged = Y ------------
training accuracy (client 1) : 0.885819 
client 1 accuracy on val: 0.890358
client 1 fairness(SP, Y) on val: 0.960200
training accuracy (client 7) : 0.957084 
client 7 accuracy on val: 0.888675
client 7 fairness(SP, Y) on val: 0.959300
training accuracy (client 9) : 0.909784 
client 9 accuracy on val: 0.890599
client 9 fairness(SP, Y) on val: 0.988400
global model accuracy on val: 0.893003
global model fairness(SP, Y) on val: 0.947600
global model accuracy on test: 0.899014
global model fairness(SP, Y) on test: 0.940100
------------ run = 7; t = 32; F_Global = 0.9476, Privileged = Y ------------
training accuracy (client 2) : 0.831283 
client 2 accuracy on val: 0.880019
client 2 fairness(SP, Y) on val: 1.053400
training accuracy (client 3) : 0.966278 
client 3 accuracy on val: 0.883385
client 3 fairness(SP, Y) on val: 0.591200
training accuracy (client 5) : 0.838433 
client 5 accuracy on val: 0.877615
client 5 fairness(SP, Y) on val: 0.813400
global model accuracy on val: 0.892522
global model fairness(SP, Y) on val: 0.967300
global model accuracy on test: 0.897812
global model fairness(SP, Y) on test: 0.952300
------------ run = 7; t = 33; F_Global = 0.9673, Privileged = Y ------------
training accuracy (client 1) : 0.880295 
client 1 accuracy on val: 0.889396
client 1 fairness(SP, Y) on val: 0.980500
training accuracy (client 5) : 0.843329 
client 5 accuracy on val: 0.876172
client 5 fairness(SP, Y) on val: 0.831300
training accuracy (client 10) : 0.843554 
client 10 accuracy on val: 0.869680
client 10 fairness(SP, Y) on val: 0.637100
global model accuracy on val: 0.891560
global model fairness(SP, Y) on val: 0.949600
global model accuracy on test: 0.899736
global model fairness(SP, Y) on test: 0.935400
------------ run = 7; t = 34; F_Global = 0.9496, Privileged = Y ------------
training accuracy (client 1) : 0.882136 
client 1 accuracy on val: 0.888916
client 1 fairness(SP, Y) on val: 0.983500
training accuracy (client 5) : 0.842105 
client 5 accuracy on val: 0.874489
client 5 fairness(SP, Y) on val: 0.850000
training accuracy (client 8) : 0.815385 
client 8 accuracy on val: 0.839384
client 8 fairness(SP, Y) on val: 0.634500
global model accuracy on val: 0.889877
global model fairness(SP, Y) on val: 0.954200
global model accuracy on test: 0.899255
global model fairness(SP, Y) on test: 0.928500
------------ run = 7; t = 35; F_Global = 0.9542, Privileged = Y ------------
training accuracy (client 1) : 0.876611 
client 1 accuracy on val: 0.889156
client 1 fairness(SP, Y) on val: 0.985700
training accuracy (client 5) : 0.842105 
client 5 accuracy on val: 0.875451
client 5 fairness(SP, Y) on val: 0.838500
training accuracy (client 7) : 0.956567 
client 7 accuracy on val: 0.888916
client 7 fairness(SP, Y) on val: 0.957800
global model accuracy on val: 0.893244
global model fairness(SP, Y) on val: 0.943900
global model accuracy on test: 0.899976
global model fairness(SP, Y) on test: 0.927900
------------ run = 7; t = 36; F_Global = 0.9439, Privileged = Y ------------
training accuracy (client 2) : 0.836555 
client 2 accuracy on val: 0.878577
client 2 fairness(SP, Y) on val: 1.060400
training accuracy (client 4) : 0.932624 
client 4 accuracy on val: 0.885790
client 4 fairness(SP, Y) on val: 1.000100
training accuracy (client 10) : 0.844806 
client 10 accuracy on val: 0.869921
client 10 fairness(SP, Y) on val: 0.641200
global model accuracy on val: 0.892763
global model fairness(SP, Y) on val: 0.964400
global model accuracy on test: 0.897572
global model fairness(SP, Y) on test: 0.950000
------------ run = 7; t = 37; F_Global = 0.9644, Privileged = Y ------------
training accuracy (client 3) : 0.967575 
client 3 accuracy on val: 0.885069
client 3 fairness(SP, Y) on val: 0.619900
training accuracy (client 4) : 0.933511 
client 4 accuracy on val: 0.885790
client 4 fairness(SP, Y) on val: 1.001900
training accuracy (client 9) : 0.909149 
client 9 accuracy on val: 0.890599
client 9 fairness(SP, Y) on val: 0.987800
global model accuracy on val: 0.891560
global model fairness(SP, Y) on val: 0.978000
global model accuracy on test: 0.896610
global model fairness(SP, Y) on test: 0.963600
------------ run = 7; t = 38; F_Global = 0.978, Privileged = Y ------------
training accuracy (client 2) : 0.840070 
client 2 accuracy on val: 0.879057
client 2 fairness(SP, Y) on val: 1.063000
training accuracy (client 4) : 0.933511 
client 4 accuracy on val: 0.885549
client 4 fairness(SP, Y) on val: 1.001600
training accuracy (client 10) : 0.842929 
client 10 accuracy on val: 0.869680
client 10 fairness(SP, Y) on val: 0.644200
global model accuracy on val: 0.891320
global model fairness(SP, Y) on val: 0.990300
global model accuracy on test: 0.896369
global model fairness(SP, Y) on test: 0.976300
------------ run = 7; t = 39; F_Global = 0.9903, Privileged = Y ------------
training accuracy (client 4) : 0.934397 
client 4 accuracy on val: 0.886511
client 4 fairness(SP, Y) on val: 1.003400
training accuracy (client 7) : 0.957342 
client 7 accuracy on val: 0.888194
client 7 fairness(SP, Y) on val: 0.965400
training accuracy (client 9) : 0.906607 
client 9 accuracy on val: 0.890599
client 9 fairness(SP, Y) on val: 0.992600
global model accuracy on val: 0.891080
global model fairness(SP, Y) on val: 0.992300
global model accuracy on test: 0.893965
global model fairness(SP, Y) on test: 0.982600
------------ run = 7; t = 40; F_Global = 0.9923, Privileged = Y ------------
training accuracy (client 3) : 0.966278 
client 3 accuracy on val: 0.886752
client 3 fairness(SP, Y) on val: 0.648500
training accuracy (client 8) : 0.817308 
client 8 accuracy on val: 0.840827
client 8 fairness(SP, Y) on val: 0.634100
training accuracy (client 10) : 0.844806 
client 10 accuracy on val: 0.870161
client 10 fairness(SP, Y) on val: 0.644200
global model accuracy on val: 0.892041
global model fairness(SP, Y) on val: 0.970600
global model accuracy on test: 0.896610
global model fairness(SP, Y) on test: 0.955700
------------ run = 7; t = 41; F_Global = 0.9706, Privileged = Y ------------
training accuracy (client 5) : 0.842105 
client 5 accuracy on val: 0.873527
client 5 fairness(SP, Y) on val: 0.848300
training accuracy (client 8) : 0.815385 
client 8 accuracy on val: 0.841068
client 8 fairness(SP, Y) on val: 0.628000
training accuracy (client 10) : 0.842303 
client 10 accuracy on val: 0.869680
client 10 fairness(SP, Y) on val: 0.640200
global model accuracy on val: 0.891801
global model fairness(SP, Y) on val: 0.949400
global model accuracy on test: 0.899014
global model fairness(SP, Y) on test: 0.928200
------------ run = 7; t = 42; F_Global = 0.9494, Privileged = Y ------------
training accuracy (client 2) : 0.840070 
client 2 accuracy on val: 0.878336
client 2 fairness(SP, Y) on val: 1.063300
training accuracy (client 6) : 0.902015 
client 6 accuracy on val: 0.894205
client 6 fairness(SP, Y) on val: 0.726300
training accuracy (client 7) : 0.957342 
client 7 accuracy on val: 0.888916
client 7 fairness(SP, Y) on val: 0.954800
global model accuracy on val: 0.893003
global model fairness(SP, Y) on val: 0.965300
global model accuracy on test: 0.897331
global model fairness(SP, Y) on test: 0.951400
------------ run = 7; t = 43; F_Global = 0.9653, Privileged = Y ------------
training accuracy (client 4) : 0.934397 
client 4 accuracy on val: 0.885790
client 4 fairness(SP, Y) on val: 1.001900
training accuracy (client 6) : 0.901099 
client 6 accuracy on val: 0.894205
client 6 fairness(SP, Y) on val: 0.741200
training accuracy (client 9) : 0.909149 
client 9 accuracy on val: 0.891080
client 9 fairness(SP, Y) on val: 0.987200
global model accuracy on val: 0.892282
global model fairness(SP, Y) on val: 0.976400
global model accuracy on test: 0.896369
global model fairness(SP, Y) on test: 0.964200
------------ run = 7; t = 44; F_Global = 0.9764, Privileged = Y ------------
training accuracy (client 2) : 0.840070 
client 2 accuracy on val: 0.878096
client 2 fairness(SP, Y) on val: 1.062300
training accuracy (client 8) : 0.821154 
client 8 accuracy on val: 0.842510
client 8 fairness(SP, Y) on val: 0.622300
training accuracy (client 10) : 0.842929 
client 10 accuracy on val: 0.869680
client 10 fairness(SP, Y) on val: 0.638100
global model accuracy on val: 0.887954
global model fairness(SP, N) on val: 0.995100
global model accuracy on test: 0.894205
global model fairness(SP, Y) on test: 0.993900
------------ run = 7; t = 45; F_Global = 0.9951, Privileged = N ------------
training accuracy (client 3) : 0.964981 
client 3 accuracy on val: 0.889637
client 3 fairness(SP, N) on val: 1.469800
training accuracy (client 4) : 0.934397 
client 4 accuracy on val: 0.886511
client 4 fairness(SP, N) on val: 0.996600
training accuracy (client 7) : 0.957342 
client 7 accuracy on val: 0.887713
client 7 fairness(SP, N) on val: 1.035900
global model accuracy on val: 0.891560
global model fairness(SP, Y) on val: 0.952700
global model accuracy on test: 0.899014
global model fairness(SP, Y) on test: 0.938500
------------ run = 7; t = 46; F_Global = 0.9527, Privileged = Y ------------
training accuracy (client 5) : 0.843329 
client 5 accuracy on val: 0.879057
client 5 fairness(SP, Y) on val: 0.815300
training accuracy (client 6) : 0.899267 
client 6 accuracy on val: 0.893965
client 6 fairness(SP, Y) on val: 0.717300
training accuracy (client 8) : 0.825000 
client 8 accuracy on val: 0.843472
client 8 fairness(SP, Y) on val: 0.593800
global model accuracy on val: 0.892522
global model fairness(SP, Y) on val: 0.937100
global model accuracy on test: 0.900938
global model fairness(SP, Y) on test: 0.916800
------------ run = 7; t = 47; F_Global = 0.9371, Privileged = Y ------------
training accuracy (client 2) : 0.838313 
client 2 accuracy on val: 0.879779
client 2 fairness(SP, Y) on val: 1.053000
training accuracy (client 6) : 0.899267 
client 6 accuracy on val: 0.894205
client 6 fairness(SP, Y) on val: 0.717200
training accuracy (client 9) : 0.909149 
client 9 accuracy on val: 0.890839
client 9 fairness(SP, Y) on val: 0.978800
global model accuracy on val: 0.891560
global model fairness(SP, Y) on val: 0.984200
global model accuracy on test: 0.897572
global model fairness(SP, Y) on test: 0.968500
------------ run = 7; t = 48; F_Global = 0.9842, Privileged = Y ------------
training accuracy (client 2) : 0.840070 
client 2 accuracy on val: 0.876653
client 2 fairness(SP, Y) on val: 1.067500
training accuracy (client 4) : 0.934397 
client 4 accuracy on val: 0.886511
client 4 fairness(SP, Y) on val: 1.002800
training accuracy (client 9) : 0.908513 
client 9 accuracy on val: 0.890599
client 9 fairness(SP, Y) on val: 0.990000
global model accuracy on val: 0.888435
global model fairness(SP, N) on val: 0.983700
global model accuracy on test: 0.893484
global model fairness(SP, N) on test: 0.991900
------------ run = 7; t = 49; F_Global = 0.9837, Privileged = N ------------
training accuracy (client 5) : 0.842105 
client 5 accuracy on val: 0.873768
client 5 fairness(SP, N) on val: 1.131700
training accuracy (client 8) : 0.830769 
client 8 accuracy on val: 0.838904
client 8 fairness(SP, N) on val: 1.439500
training accuracy (client 10) : 0.843554 
client 10 accuracy on val: 0.868238
client 10 fairness(SP, N) on val: 1.543500
global model accuracy on val: 0.873287
global model fairness(SP, Y) on val: 0.764800
global model accuracy on test: 0.875210
global model fairness(SP, Y) on test: 0.762700
------------ run = 7; t = 50; F_Global = 0.7648, Privileged = Y ------------
training accuracy (client 1) : 0.876611 
client 1 accuracy on val: 0.890599
client 1 fairness(SP, Y) on val: 0.969900
training accuracy (client 4) : 0.932624 
client 4 accuracy on val: 0.886271
client 4 fairness(SP, Y) on val: 1.001300
training accuracy (client 9) : 0.909784 
client 9 accuracy on val: 0.890358
client 9 fairness(SP, Y) on val: 0.990600
global model accuracy on val: 0.890839
global model fairness(SP, Y) on val: 0.995400
global model accuracy on test: 0.895167
global model fairness(SP, Y) on test: 0.973800
----------------Done (FLAlgMain)----------------
