Alg.: FairFateVC; Client dataset: today_20230531\dataset_SP_run_7; client Count: 10
----------------(start loading 10 client datasets from today_20230531\dataset_SP_run_7)----------------
----------------(successfully loading 10 client datasets and server testing data from today_20230531\dataset_SP_run_7)----------------
----------------Execute (FLAlgMain)----------------
----------------(start running algorithm)----------------
global model accuracy on val: 0.486175
global model fairness(SP, Y) on val: 0.631300
------------ run = 8; t = 1; F_Global = 0.6313, Privileged = Y ------------
training accuracy (client 3) : 0.917871 
client 3 accuracy on val: 0.891560
client 3 fairness(SP, Y) on val: 0.895000
training accuracy (client 9) : 0.777953 
client 9 accuracy on val: 0.842270
client 9 fairness(SP, Y) on val: 0.409700
training accuracy (client 10) : 0.584135 
client 10 accuracy on val: 0.709546
client 10 fairness(SP, Y) on val: 0.420200
global model accuracy on val: 0.847800
global model fairness(SP, Y) on val: 0.505500
global model accuracy on test: 0.833614
global model fairness(SP, Y) on test: 0.487200
------------ run = 8; t = 2; F_Global = 0.5055, Privileged = Y ------------
training accuracy (client 3) : 0.926413 
client 3 accuracy on val: 0.892763
client 3 fairness(SP, Y) on val: 0.962400
training accuracy (client 4) : 0.937766 
client 4 accuracy on val: 0.891080
client 4 fairness(SP, Y) on val: 0.998400
training accuracy (client 5) : 0.733476 
client 5 accuracy on val: 0.756191
client 5 fairness(SP, Y) on val: 0.215100
training accuracy (client 7) : 0.895035 
client 7 accuracy on val: 0.889637
client 7 fairness(SP, Y) on val: 0.800900
global model accuracy on val: 0.887232
global model fairness(SP, Y) on val: 0.789300
global model accuracy on test: 0.881462
global model fairness(SP, Y) on test: 0.818300
------------ run = 8; t = 3; F_Global = 0.7893, Privileged = Y ------------
training accuracy (client 3) : 0.928384 
client 3 accuracy on val: 0.892282
client 3 fairness(SP, Y) on val: 0.981200
training accuracy (client 8) : 0.649254 
client 8 accuracy on val: 0.817985
client 8 fairness(SP, Y) on val: 0.372700
training accuracy (client 10) : 0.557692 
client 10 accuracy on val: 0.847079
client 10 fairness(SP, Y) on val: 0.452400
training accuracy (client 11) : 0.831731 
client 11 accuracy on val: 0.891560
client 11 fairness(SP, Y) on val: 0.965800
global model accuracy on val: 0.890839
global model fairness(SP, Y) on val: 0.849500
global model accuracy on test: 0.884828
global model fairness(SP, Y) on test: 0.870100
------------ run = 8; t = 4; F_Global = 0.8495, Privileged = Y ------------
training accuracy (client 3) : 0.929041 
client 3 accuracy on val: 0.892041
client 3 fairness(SP, Y) on val: 0.982800
training accuracy (client 4) : 0.937766 
client 4 accuracy on val: 0.891080
client 4 fairness(SP, Y) on val: 0.998400
training accuracy (client 8) : 0.875250 
client 8 accuracy on val: 0.894446
client 8 fairness(SP, Y) on val: 0.954900
training accuracy (client 10) : 0.594828 
client 10 accuracy on val: 0.841789
client 10 fairness(SP, Y) on val: 0.462100
global model accuracy on val: 0.893244
global model fairness(SP, Y) on val: 0.953000
global model accuracy on test: 0.888435
global model fairness(SP, Y) on test: 0.958200
------------ run = 8; t = 5; F_Global = 0.953, Privileged = Y ------------
training accuracy (client 2) : 0.886869 
client 2 accuracy on val: 0.894686
client 2 fairness(SP, Y) on val: 0.936000
training accuracy (client 4) : 0.937766 
client 4 accuracy on val: 0.891080
client 4 fairness(SP, Y) on val: 0.998400
training accuracy (client 10) : 0.818565 
client 10 accuracy on val: 0.871844
client 10 fairness(SP, Y) on val: 0.501400
training accuracy (client 13) : 0.538462 
client 13 accuracy on val: 0.885309
client 13 fairness(SP, Y) on val: 0.663200
training accuracy (client 15) : 0.525862 
client 15 accuracy on val: 0.890599
client 15 fairness(SP, Y) on val: 0.722200
global model accuracy on val: 0.892763
global model fairness(SP, Y) on val: 0.978100
global model accuracy on test: 0.887473
global model fairness(SP, Y) on test: 0.984300
------------ run = 8; t = 6; F_Global = 0.9781, Privileged = Y ------------
training accuracy (client 1) : 0.839493 
client 1 accuracy on val: 0.881462
client 1 fairness(SP, Y) on val: 0.532900
training accuracy (client 2) : 0.929698 
client 2 accuracy on val: 0.893244
client 2 fairness(SP, Y) on val: 0.978100
training accuracy (client 6) : 0.945392 
client 6 accuracy on val: 0.894686
client 6 fairness(SP, Y) on val: 0.965500
training accuracy (client 10) : 0.558824 
client 10 accuracy on val: 0.886752
client 10 fairness(SP, Y) on val: 0.731200
training accuracy (client 13) : 0.886869 
client 13 accuracy on val: 0.894446
client 13 fairness(SP, Y) on val: 0.958200
global model accuracy on val: 0.893724
global model fairness(SP, Y) on val: 0.965500
global model accuracy on test: 0.888675
global model fairness(SP, Y) on test: 0.968300
------------ run = 8; t = 7; F_Global = 0.9655, Privileged = Y ------------
training accuracy (client 9) : 0.543103 
client 9 accuracy on val: 0.886271
client 9 fairness(SP, Y) on val: 0.676800
training accuracy (client 11) : 0.548077 
client 11 accuracy on val: 0.888916
client 11 fairness(SP, Y) on val: 0.672800
training accuracy (client 12) : 0.525862 
client 12 accuracy on val: 0.892763
client 12 fairness(SP, Y) on val: 0.737800
training accuracy (client 15) : 0.585938 
client 15 accuracy on val: 0.887713
client 15 fairness(SP, Y) on val: 0.692300
training accuracy (client 18) : 0.886869 
client 18 accuracy on val: 0.895167
client 18 fairness(SP, Y) on val: 0.936500
global model accuracy on val: 0.895167
global model fairness(SP, Y) on val: 0.918500
global model accuracy on test: 0.888916
global model fairness(SP, Y) on test: 0.935500
------------ run = 8; t = 8; F_Global = 0.9185, Privileged = Y ------------
training accuracy (client 5) : 0.875250 
client 5 accuracy on val: 0.895408
client 5 fairness(SP, Y) on val: 0.970600
training accuracy (client 8) : 0.500000 
client 8 accuracy on val: 0.889877
client 8 fairness(SP, Y) on val: 0.705800
training accuracy (client 10) : 0.570652 
client 10 accuracy on val: 0.867276
client 10 fairness(SP, Y) on val: 0.595100
training accuracy (client 13) : 0.588235 
client 13 accuracy on val: 0.880500
client 13 fairness(SP, Y) on val: 0.643600
training accuracy (client 17) : 0.585938 
client 17 accuracy on val: 0.884107
client 17 fairness(SP, Y) on val: 0.648100
global model accuracy on val: 0.896369
global model fairness(SP, Y) on val: 0.916400
global model accuracy on test: 0.888435
global model fairness(SP, Y) on test: 0.925500
------------ run = 8; t = 9; F_Global = 0.9164, Privileged = Y ------------
training accuracy (client 2) : 0.937766 
client 2 accuracy on val: 0.891320
client 2 fairness(SP, Y) on val: 0.996900
training accuracy (client 8) : 0.818565 
client 8 accuracy on val: 0.869921
client 8 fairness(SP, Y) on val: 0.530100
training accuracy (client 10) : 0.977914 
client 10 accuracy on val: 0.890839
client 10 fairness(SP, Y) on val: 1.000000
training accuracy (client 17) : 0.595588 
client 17 accuracy on val: 0.876653
client 17 fairness(SP, Y) on val: 0.664000
training accuracy (client 18) : 0.593750 
client 18 accuracy on val: 0.878096
client 18 fairness(SP, Y) on val: 0.678000
global model accuracy on val: 0.894205
global model fairness(SP, Y) on val: 0.968700
global model accuracy on test: 0.888916
global model fairness(SP, Y) on test: 0.975600
------------ run = 8; t = 10; F_Global = 0.9687, Privileged = Y ------------
training accuracy (client 4) : 0.893617 
client 4 accuracy on val: 0.895888
client 4 fairness(SP, Y) on val: 0.938600
training accuracy (client 7) : 0.628788 
client 7 accuracy on val: 0.869440
client 7 fairness(SP, Y) on val: 0.608600
training accuracy (client 8) : 0.893840 
client 8 accuracy on val: 0.895648
client 8 fairness(SP, Y) on val: 0.870800
training accuracy (client 13) : 0.886869 
client 13 accuracy on val: 0.895167
client 13 fairness(SP, Y) on val: 0.946800
training accuracy (client 17) : 0.588235 
client 17 accuracy on val: 0.885549
client 17 fairness(SP, Y) on val: 0.707600
global model accuracy on val: 0.894927
global model fairness(SP, Y) on val: 0.955100
global model accuracy on test: 0.888675
global model fairness(SP, Y) on test: 0.966000
------------ run = 8; t = 11; F_Global = 0.9551, Privileged = Y ------------
training accuracy (client 4) : 0.880240 
client 4 accuracy on val: 0.894446
client 4 fairness(SP, Y) on val: 0.976000
training accuracy (client 11) : 0.570652 
client 11 accuracy on val: 0.869921
client 11 fairness(SP, Y) on val: 0.642700
training accuracy (client 13) : 0.585938 
client 13 accuracy on val: 0.886992
client 13 fairness(SP, Y) on val: 0.701000
training accuracy (client 16) : 0.895151 
client 16 accuracy on val: 0.895167
client 16 fairness(SP, Y) on val: 0.860100
training accuracy (client 17) : 0.886869 
client 17 accuracy on val: 0.895888
client 17 fairness(SP, Y) on val: 0.940800
global model accuracy on val: 0.896369
global model fairness(SP, Y) on val: 0.952300
global model accuracy on test: 0.890118
global model fairness(SP, Y) on test: 0.959600
------------ run = 8; t = 12; F_Global = 0.9523, Privileged = Y ------------
training accuracy (client 7) : 0.560345 
client 7 accuracy on val: 0.880981
client 7 fairness(SP, Y) on val: 0.693400
training accuracy (client 10) : 0.500000 
client 10 accuracy on val: 0.889156
client 10 fairness(SP, Y) on val: 0.755000
training accuracy (client 15) : 0.576087 
client 15 accuracy on val: 0.864390
client 15 fairness(SP, Y) on val: 0.654500
training accuracy (client 17) : 0.893840 
client 17 accuracy on val: 0.895648
client 17 fairness(SP, Y) on val: 0.895700
training accuracy (client 18) : 0.886869 
client 18 accuracy on val: 0.895167
client 18 fairness(SP, Y) on val: 0.947900
global model accuracy on val: 0.895888
global model fairness(SP, Y) on val: 0.937600
global model accuracy on test: 0.889637
global model fairness(SP, Y) on test: 0.942600
------------ run = 8; t = 13; F_Global = 0.9376, Privileged = Y ------------
training accuracy (client 2) : 0.938193 
client 2 accuracy on val: 0.891560
client 2 fairness(SP, Y) on val: 0.995300
training accuracy (client 4) : 0.880240 
client 4 accuracy on val: 0.895408
client 4 fairness(SP, Y) on val: 0.980100
training accuracy (client 7) : 0.576923 
client 7 accuracy on val: 0.885549
client 7 fairness(SP, Y) on val: 0.715000
training accuracy (client 12) : 0.588235 
client 12 accuracy on val: 0.878577
client 12 fairness(SP, Y) on val: 0.680100
training accuracy (client 18) : 0.886869 
client 18 accuracy on val: 0.895408
client 18 fairness(SP, Y) on val: 0.945000
global model accuracy on val: 0.895888
global model fairness(SP, Y) on val: 0.954700
global model accuracy on test: 0.890118
global model fairness(SP, Y) on test: 0.968200
------------ run = 8; t = 14; F_Global = 0.9547, Privileged = Y ------------
training accuracy (client 2) : 0.938193 
client 2 accuracy on val: 0.891801
client 2 fairness(SP, Y) on val: 0.995600
training accuracy (client 3) : 0.977665 
client 3 accuracy on val: 0.889877
client 3 fairness(SP, Y) on val: 0.764900
training accuracy (client 8) : 0.814346 
client 8 accuracy on val: 0.871363
client 8 fairness(SP, Y) on val: 0.561300
training accuracy (client 9) : 0.899291 
client 9 accuracy on val: 0.895888
client 9 fairness(SP, Y) on val: 0.940000
training accuracy (client 12) : 0.568965 
client 12 accuracy on val: 0.880019
client 12 fairness(SP, Y) on val: 0.702400
global model accuracy on val: 0.895408
global model fairness(SP, Y) on val: 0.958800
global model accuracy on test: 0.889637
global model fairness(SP, Y) on test: 0.977000
------------ run = 8; t = 15; F_Global = 0.9588, Privileged = Y ------------
training accuracy (client 2) : 0.938193 
client 2 accuracy on val: 0.891801
client 2 fairness(SP, Y) on val: 0.995600
training accuracy (client 4) : 0.836538 
client 4 accuracy on val: 0.891320
client 4 fairness(SP, Y) on val: 0.997800
training accuracy (client 12) : 0.886869 
client 12 accuracy on val: 0.895888
client 12 fairness(SP, Y) on val: 0.945500
training accuracy (client 13) : 0.557692 
client 13 accuracy on val: 0.886752
client 13 fairness(SP, Y) on val: 0.715300
training accuracy (client 15) : 0.574074 
client 15 accuracy on val: 0.885069
client 15 fairness(SP, Y) on val: 0.710200
training accuracy (client 17) : 0.818565 
client 17 accuracy on val: 0.874008
client 17 fairness(SP, Y) on val: 0.561400
global model accuracy on val: 0.895167
global model fairness(SP, Y) on val: 0.966600
global model accuracy on test: 0.888675
global model fairness(SP, Y) on test: 0.981100
------------ run = 8; t = 16; F_Global = 0.9666, Privileged = Y ------------
training accuracy (client 1) : 0.931012 
client 1 accuracy on val: 0.893724
client 1 fairness(SP, Y) on val: 0.954800
training accuracy (client 3) : 0.879242 
client 3 accuracy on val: 0.895167
client 3 fairness(SP, Y) on val: 0.987100
training accuracy (client 5) : 0.977914 
client 5 accuracy on val: 0.890839
client 5 fairness(SP, Y) on val: 1.000000
training accuracy (client 10) : 0.565217 
client 10 accuracy on val: 0.867757
client 10 fairness(SP, Y) on val: 0.682700
training accuracy (client 11) : 0.892529 
client 11 accuracy on val: 0.895888
client 11 fairness(SP, Y) on val: 0.914000
training accuracy (client 16) : 0.886869 
client 16 accuracy on val: 0.895648
client 16 fairness(SP, Y) on val: 0.953400
global model accuracy on val: 0.893484
global model fairness(SP, Y) on val: 0.975800
global model accuracy on test: 0.888435
global model fairness(SP, Y) on test: 0.983200
------------ run = 8; t = 17; F_Global = 0.9758, Privileged = Y ------------
training accuracy (client 3) : 0.836538 
client 3 accuracy on val: 0.892041
client 3 fairness(SP, Y) on val: 0.998900
training accuracy (client 5) : 0.508621 
client 5 accuracy on val: 0.892763
client 5 fairness(SP, Y) on val: 0.800400
training accuracy (client 7) : 0.562500 
client 7 accuracy on val: 0.887713
client 7 fairness(SP, Y) on val: 0.751200
training accuracy (client 12) : 0.534483 
client 12 accuracy on val: 0.885309
client 12 fairness(SP, Y) on val: 0.742500
training accuracy (client 13) : 0.548077 
client 13 accuracy on val: 0.887713
client 13 fairness(SP, Y) on val: 0.732100
training accuracy (client 18) : 0.570652 
client 18 accuracy on val: 0.869680
client 18 fairness(SP, Y) on val: 0.682900
global model accuracy on val: 0.894686
global model fairness(SP, Y) on val: 0.973400
global model accuracy on test: 0.889156
global model fairness(SP, Y) on test: 0.985700
------------ run = 8; t = 18; F_Global = 0.9734, Privileged = Y ------------
training accuracy (client 1) : 0.938193 
client 1 accuracy on val: 0.891801
client 1 fairness(SP, Y) on val: 0.994300
training accuracy (client 6) : 0.509615 
client 6 accuracy on val: 0.889637
client 6 fairness(SP, Y) on val: 0.806800
training accuracy (client 12) : 0.590000 
client 12 accuracy on val: 0.882664
client 12 fairness(SP, Y) on val: 0.724300
training accuracy (client 16) : 0.508621 
client 16 accuracy on val: 0.887954
client 16 fairness(SP, Y) on val: 0.812000
training accuracy (client 17) : 0.585938 
client 17 accuracy on val: 0.885309
client 17 fairness(SP, Y) on val: 0.767200
training accuracy (client 20) : 0.576087 
client 20 accuracy on val: 0.865112
client 20 fairness(SP, Y) on val: 0.698200
global model accuracy on val: 0.893484
global model fairness(SP, Y) on val: 0.979400
global model accuracy on test: 0.888435
global model fairness(SP, Y) on test: 0.990100
------------ run = 8; t = 19; F_Global = 0.9794, Privileged = Y ------------
training accuracy (client 6) : 0.573529 
client 6 accuracy on val: 0.883626
client 6 fairness(SP, Y) on val: 0.766900
training accuracy (client 8) : 0.902128 
client 8 accuracy on val: 0.896369
client 8 fairness(SP, Y) on val: 0.941100
training accuracy (client 9) : 0.583333 
client 9 accuracy on val: 0.886030
client 9 fairness(SP, Y) on val: 0.770400
training accuracy (client 10) : 0.810127 
client 10 accuracy on val: 0.874730
client 10 fairness(SP, Y) on val: 0.602200
training accuracy (client 12) : 0.891219 
client 12 accuracy on val: 0.896129
client 12 fairness(SP, Y) on val: 0.941400
training accuracy (client 18) : 0.508621 
client 18 accuracy on val: 0.889637
client 18 fairness(SP, Y) on val: 0.823600
global model accuracy on val: 0.895167
global model fairness(SP, Y) on val: 0.972200
global model accuracy on test: 0.889156
global model fairness(SP, Y) on test: 0.986300
------------ run = 8; t = 20; F_Global = 0.9722, Privileged = Y ------------
training accuracy (client 5) : 0.643939 
client 5 accuracy on val: 0.863429
client 5 fairness(SP, Y) on val: 0.684600
training accuracy (client 8) : 0.886869 
client 8 accuracy on val: 0.896369
client 8 fairness(SP, Y) on val: 0.954800
training accuracy (client 9) : 0.551724 
client 9 accuracy on val: 0.881943
client 9 fairness(SP, Y) on val: 0.756000
training accuracy (client 11) : 0.509615 
client 11 accuracy on val: 0.888194
client 11 fairness(SP, Y) on val: 0.791700
training accuracy (client 13) : 0.578125 
client 13 accuracy on val: 0.884588
client 13 fairness(SP, Y) on val: 0.768800
training accuracy (client 20) : 0.508621 
client 20 accuracy on val: 0.889156
client 20 fairness(SP, Y) on val: 0.805600
global model accuracy on val: 0.894927
global model fairness(SP, Y) on val: 0.961000
global model accuracy on test: 0.889156
global model fairness(SP, Y) on test: 0.979900
------------ run = 8; t = 21; F_Global = 0.961, Privileged = Y ------------
training accuracy (client 6) : 0.959916 
client 6 accuracy on val: 0.890839
client 6 fairness(SP, Y) on val: 1.000000
training accuracy (client 8) : 0.620000 
client 8 accuracy on val: 0.875932
client 8 fairness(SP, Y) on val: 0.693700
training accuracy (client 13) : 0.814346 
client 13 accuracy on val: 0.871844
client 13 fairness(SP, Y) on val: 0.588500
training accuracy (client 14) : 0.891219 
client 14 accuracy on val: 0.894686
client 14 fairness(SP, Y) on val: 0.933700
training accuracy (client 16) : 0.888889 
client 16 accuracy on val: 0.896369
client 16 fairness(SP, Y) on val: 0.954800
training accuracy (client 17) : 0.560345 
client 17 accuracy on val: 0.878817
client 17 fairness(SP, Y) on val: 0.741300
global model accuracy on val: 0.893244
global model fairness(SP, Y) on val: 0.982300
global model accuracy on test: 0.888194
global model fairness(SP, Y) on test: 0.991000
------------ run = 8; t = 22; F_Global = 0.9823, Privileged = Y ------------
training accuracy (client 1) : 0.938193 
client 1 accuracy on val: 0.892041
client 1 fairness(SP, Y) on val: 0.992700
training accuracy (client 3) : 0.836538 
client 3 accuracy on val: 0.891801
client 3 fairness(SP, Y) on val: 1.001600
training accuracy (client 9) : 0.588235 
client 9 accuracy on val: 0.880260
client 9 fairness(SP, Y) on val: 0.752500
training accuracy (client 12) : 0.636364 
client 12 accuracy on val: 0.866795
client 12 fairness(SP, Y) on val: 0.694000
training accuracy (client 14) : 0.578125 
client 14 accuracy on val: 0.886030
client 14 fairness(SP, Y) on val: 0.787200
training accuracy (client 19) : 0.886869 
client 19 accuracy on val: 0.896369
client 19 fairness(SP, Y) on val: 0.954800
global model accuracy on val: 0.893484
global model fairness(SP, Y) on val: 0.985700
global model accuracy on test: 0.888194
global model fairness(SP, Y) on test: 0.993900
------------ run = 8; t = 23; F_Global = 0.9857, Privileged = Y ------------
training accuracy (client 2) : 0.878244 
client 2 accuracy on val: 0.893724
client 2 fairness(SP, Y) on val: 0.993700
training accuracy (client 6) : 0.959916 
client 6 accuracy on val: 0.890839
client 6 fairness(SP, Y) on val: 1.000000
training accuracy (client 10) : 0.583333 
client 10 accuracy on val: 0.885309
client 10 fairness(SP, Y) on val: 0.791300
training accuracy (client 14) : 0.810127 
client 14 accuracy on val: 0.873768
client 14 fairness(SP, Y) on val: 0.618500
training accuracy (client 15) : 0.889908 
client 15 accuracy on val: 0.896369
client 15 fairness(SP, Y) on val: 0.950900
training accuracy (client 19) : 0.554688 
client 19 accuracy on val: 0.884588
client 19 fairness(SP, Y) on val: 0.816200
global model accuracy on val: 0.893244
global model fairness(SP, Y) on val: 0.987300
global model accuracy on test: 0.887713
global model fairness(SP, Y) on test: 0.996800
------------ run = 8; t = 24; F_Global = 0.9873, Privileged = Y ------------
training accuracy (client 1) : 0.938193 
client 1 accuracy on val: 0.892041
client 1 fairness(SP, Y) on val: 0.992700
training accuracy (client 2) : 0.880240 
client 2 accuracy on val: 0.894205
client 2 fairness(SP, Y) on val: 0.994900
training accuracy (client 4) : 0.977914 
client 4 accuracy on val: 0.890839
client 4 fairness(SP, Y) on val: 1.000000
training accuracy (client 7) : 0.538462 
client 7 accuracy on val: 0.882905
client 7 fairness(SP, Y) on val: 0.792700
training accuracy (client 15) : 0.636364 
client 15 accuracy on val: 0.868478
client 15 fairness(SP, Y) on val: 0.720500
training accuracy (client 18) : 0.814346 
client 18 accuracy on val: 0.873287
client 18 fairness(SP, Y) on val: 0.617400
global model accuracy on val: 0.892282
global model fairness(SP, Y) on val: 0.988000
global model accuracy on test: 0.887232
global model fairness(SP, Y) on test: 0.996200
------------ run = 8; t = 25; F_Global = 0.988, Privileged = Y ------------
training accuracy (client 2) : 0.880240 
client 2 accuracy on val: 0.893724
client 2 fairness(SP, Y) on val: 0.996000
training accuracy (client 4) : 0.977914 
client 4 accuracy on val: 0.890839
client 4 fairness(SP, Y) on val: 1.000000
training accuracy (client 5) : 0.994681 
client 5 accuracy on val: 0.892763
client 5 fairness(SP, Y) on val: 0.927900
training accuracy (client 7) : 0.570652 
client 7 accuracy on val: 0.868959
client 7 fairness(SP, Y) on val: 0.739800
training accuracy (client 9) : 0.500000 
client 9 accuracy on val: 0.891080
client 9 fairness(SP, Y) on val: 0.860500
training accuracy (client 19) : 0.621212 
client 19 accuracy on val: 0.869921
client 19 fairness(SP, Y) on val: 0.740900
global model accuracy on val: 0.892282
global model fairness(SP, Y) on val: 0.988000
global model accuracy on test: 0.887473
global model fairness(SP, Y) on test: 0.995900
------------ run = 8; t = 26; F_Global = 0.988, Privileged = Y ------------
training accuracy (client 1) : 0.938193 
client 1 accuracy on val: 0.892763
client 1 fairness(SP, Y) on val: 0.989900
training accuracy (client 3) : 0.836538 
client 3 accuracy on val: 0.891560
client 3 fairness(SP, Y) on val: 1.000100
training accuracy (client 6) : 0.903546 
client 6 accuracy on val: 0.895888
client 6 fairness(SP, Y) on val: 0.928500
training accuracy (client 11) : 0.888889 
client 11 accuracy on val: 0.896129
client 11 fairness(SP, Y) on val: 0.951400
training accuracy (client 12) : 0.583333 
client 12 accuracy on val: 0.889156
client 12 fairness(SP, Y) on val: 0.787500
training accuracy (client 14) : 0.554688 
client 14 accuracy on val: 0.889396
client 14 fairness(SP, Y) on val: 0.805300
global model accuracy on val: 0.892282
global model fairness(SP, Y) on val: 0.988000
global model accuracy on test: 0.887473
global model fairness(SP, Y) on test: 0.995900
------------ run = 8; t = 27; F_Global = 0.988, Privileged = Y ------------
training accuracy (client 1) : 0.938193 
client 1 accuracy on val: 0.892522
client 1 fairness(SP, Y) on val: 0.991400
training accuracy (client 3) : 0.836538 
client 3 accuracy on val: 0.892041
client 3 fairness(SP, Y) on val: 1.001300
training accuracy (client 7) : 0.540000 
client 7 accuracy on val: 0.889156
client 7 fairness(SP, Y) on val: 0.791300
training accuracy (client 9) : 0.558824 
client 9 accuracy on val: 0.887473
client 9 fairness(SP, Y) on val: 0.786700
training accuracy (client 12) : 0.814346 
client 12 accuracy on val: 0.875691
client 12 fairness(SP, Y) on val: 0.611700
training accuracy (client 18) : 0.888889 
client 18 accuracy on val: 0.896369
client 18 fairness(SP, Y) on val: 0.952700
global model accuracy on val: 0.892282
global model fairness(SP, Y) on val: 0.988000
global model accuracy on test: 0.887473
global model fairness(SP, Y) on test: 0.995900
------------ run = 8; t = 28; F_Global = 0.988, Privileged = Y ------------
training accuracy (client 5) : 0.959916 
client 5 accuracy on val: 0.890839
client 5 fairness(SP, Y) on val: 1.000000
training accuracy (client 8) : 0.888598 
client 8 accuracy on val: 0.896610
client 8 fairness(SP, Y) on val: 0.955600
training accuracy (client 9) : 0.528846 
client 9 accuracy on val: 0.885069
client 9 fairness(SP, Y) on val: 0.802200
training accuracy (client 11) : 0.581522 
client 11 accuracy on val: 0.865593
client 11 fairness(SP, Y) on val: 0.747100
training accuracy (client 13) : 0.628788 
client 13 accuracy on val: 0.871844
client 13 fairness(SP, Y) on val: 0.717900
training accuracy (client 19) : 0.810127 
client 19 accuracy on val: 0.875451
client 19 fairness(SP, Y) on val: 0.622500
global model accuracy on val: 0.891320
global model fairness(SP, Y) on val: 0.994300
global model accuracy on test: 0.887473
global model fairness(SP, Y) on test: 0.995900
------------ run = 8; t = 29; F_Global = 0.9943, Privileged = Y ------------
training accuracy (client 5) : 0.959916 
client 5 accuracy on val: 0.890839
client 5 fairness(SP, Y) on val: 1.000000
training accuracy (client 7) : 0.525862 
client 7 accuracy on val: 0.886030
client 7 fairness(SP, Y) on val: 0.836200
training accuracy (client 8) : 0.994681 
client 8 accuracy on val: 0.893484
client 8 fairness(SP, Y) on val: 0.916900
training accuracy (client 9) : 0.500000 
client 9 accuracy on val: 0.891320
client 9 fairness(SP, Y) on val: 0.896800
training accuracy (client 17) : 0.519231 
client 17 accuracy on val: 0.887713
client 17 fairness(SP, Y) on val: 0.833800
training accuracy (client 20) : 0.805907 
client 20 accuracy on val: 0.876893
client 20 fairness(SP, Y) on val: 0.640700
global model accuracy on val: 0.891080
global model fairness(SP, Y) on val: 0.998400
global model accuracy on test: 0.887232
global model fairness(SP, Y) on test: 0.998500
------------ run = 8; t = 30; F_Global = 0.9984, Privileged = Y ------------
training accuracy (client 3) : 0.831731 
client 3 accuracy on val: 0.891560
client 3 fairness(SP, Y) on val: 1.001400
training accuracy (client 4) : 0.977914 
client 4 accuracy on val: 0.890839
client 4 fairness(SP, Y) on val: 1.000000
training accuracy (client 6) : 0.508621 
client 6 accuracy on val: 0.895167
client 6 fairness(SP, Y) on val: 0.886000
training accuracy (client 12) : 0.888889 
client 12 accuracy on val: 0.896369
client 12 fairness(SP, Y) on val: 0.952200
training accuracy (client 17) : 0.995090 
client 17 accuracy on val: 0.893244
client 17 fairness(SP, Y) on val: 0.906000
training accuracy (client 20) : 0.805907 
client 20 accuracy on val: 0.877615
client 20 fairness(SP, Y) on val: 0.617300
global model accuracy on val: 0.891320
global model fairness(SP, Y) on val: 0.996900
global model accuracy on test: 0.887232
global model fairness(SP, Y) on test: 0.998500
------------ run = 8; t = 31; F_Global = 0.9969, Privileged = Y ------------
training accuracy (client 6) : 0.903546 
client 6 accuracy on val: 0.899014
client 6 fairness(SP, Y) on val: 0.867100
training accuracy (client 11) : 0.891219 
client 11 accuracy on val: 0.897331
client 11 fairness(SP, Y) on val: 0.903000
training accuracy (client 13) : 0.606061 
client 13 accuracy on val: 0.879779
client 13 fairness(SP, Y) on val: 0.707800
training accuracy (client 14) : 0.525862 
client 14 accuracy on val: 0.891801
client 14 fairness(SP, Y) on val: 0.781100
training accuracy (client 17) : 0.500000 
client 17 accuracy on val: 0.896610
client 17 fairness(SP, Y) on val: 0.850000
training accuracy (client 19) : 0.995090 
client 19 accuracy on val: 0.893244
client 19 fairness(SP, Y) on val: 0.906000
global model accuracy on val: 0.891560
global model fairness(SP, Y) on val: 0.992200
global model accuracy on test: 0.887713
global model fairness(SP, Y) on test: 0.995600
------------ run = 8; t = 32; F_Global = 0.9922, Privileged = Y ------------
training accuracy (client 2) : 0.878244 
client 2 accuracy on val: 0.895167
client 2 fairness(SP, Y) on val: 0.976800
training accuracy (client 5) : 0.959916 
client 5 accuracy on val: 0.890839
client 5 fairness(SP, Y) on val: 1.000000
training accuracy (client 11) : 0.500000 
client 11 accuracy on val: 0.897572
client 11 fairness(SP, Y) on val: 0.829400
training accuracy (client 12) : 0.528846 
client 12 accuracy on val: 0.893244
client 12 fairness(SP, Y) on val: 0.753900
training accuracy (client 17) : 0.568182 
client 17 accuracy on val: 0.882664
client 17 fairness(SP, Y) on val: 0.688000
training accuracy (client 19) : 0.500000 
client 19 accuracy on val: 0.896129
client 19 fairness(SP, Y) on val: 0.816900
global model accuracy on val: 0.891320
global model fairness(SP, Y) on val: 0.996900
global model accuracy on test: 0.887232
global model fairness(SP, Y) on test: 0.998500
------------ run = 8; t = 33; F_Global = 0.9969, Privileged = Y ------------
training accuracy (client 1) : 0.938193 
client 1 accuracy on val: 0.893003
client 1 fairness(SP, Y) on val: 0.990200
training accuracy (client 6) : 0.546875 
client 6 accuracy on val: 0.894446
client 6 fairness(SP, Y) on val: 0.795400
training accuracy (client 8) : 0.551471 
client 8 accuracy on val: 0.889396
client 8 fairness(SP, Y) on val: 0.773500
training accuracy (client 13) : 0.893840 
client 13 accuracy on val: 0.897572
client 13 fairness(SP, Y) on val: 0.887900
training accuracy (client 16) : 0.881238 
client 16 accuracy on val: 0.895167
client 16 fairness(SP, Y) on val: 0.979100
training accuracy (client 20) : 0.500000 
client 20 accuracy on val: 0.896369
client 20 fairness(SP, Y) on val: 0.833000
global model accuracy on val: 0.891320
global model fairness(SP, Y) on val: 0.993700
global model accuracy on test: 0.887713
global model fairness(SP, Y) on test: 0.995600
------------ run = 8; t = 34; F_Global = 0.9937, Privileged = Y ------------
training accuracy (client 6) : 0.559783 
client 6 accuracy on val: 0.875691
client 6 fairness(SP, Y) on val: 0.701100
training accuracy (client 8) : 0.805907 
client 8 accuracy on val: 0.881943
client 8 fairness(SP, Y) on val: 0.598300
training accuracy (client 9) : 0.899291 
client 9 accuracy on val: 0.899495
client 9 fairness(SP, Y) on val: 0.874500
training accuracy (client 10) : 0.525862 
client 10 accuracy on val: 0.888435
client 10 fairness(SP, Y) on val: 0.769200
training accuracy (client 19) : 0.893840 
client 19 accuracy on val: 0.897572
client 19 fairness(SP, Y) on val: 0.897400
training accuracy (client 20) : 0.881238 
client 20 accuracy on val: 0.895648
client 20 fairness(SP, Y) on val: 0.979800
global model accuracy on val: 0.892522
global model fairness(SP, Y) on val: 0.987700
global model accuracy on test: 0.887713
global model fairness(SP, Y) on test: 0.995600
------------ run = 8; t = 35; F_Global = 0.9877, Privileged = Y ------------
training accuracy (client 5) : 0.530000 
client 5 accuracy on val: 0.893003
client 5 fairness(SP, Y) on val: 0.786500
training accuracy (client 6) : 0.888889 
client 6 accuracy on val: 0.897331
client 6 fairness(SP, Y) on val: 0.938200
training accuracy (client 7) : 0.995090 
client 7 accuracy on val: 0.893484
client 7 fairness(SP, Y) on val: 0.901300
training accuracy (client 11) : 0.550000 
client 11 accuracy on val: 0.892763
client 11 fairness(SP, Y) on val: 0.777800
training accuracy (client 15) : 0.517241 
client 15 accuracy on val: 0.894446
client 15 fairness(SP, Y) on val: 0.809000
training accuracy (client 19) : 0.534483 
client 19 accuracy on val: 0.886511
client 19 fairness(SP, Y) on val: 0.756700
global model accuracy on val: 0.892763
global model fairness(SP, Y) on val: 0.984300
global model accuracy on test: 0.887954
global model fairness(SP, Y) on test: 0.994200
------------ run = 8; t = 36; F_Global = 0.9843, Privileged = Y ------------
training accuracy (client 1) : 0.836538 
client 1 accuracy on val: 0.892041
client 1 fairness(SP, Y) on val: 0.998300
training accuracy (client 4) : 0.574074 
client 4 accuracy on val: 0.892763
client 4 fairness(SP, Y) on val: 0.758500
training accuracy (client 9) : 0.554688 
client 9 accuracy on val: 0.893003
client 9 fairness(SP, Y) on val: 0.741000
training accuracy (client 13) : 0.899291 
client 13 accuracy on val: 0.899976
client 13 fairness(SP, Y) on val: 0.863200
training accuracy (client 16) : 0.530000 
client 16 accuracy on val: 0.891080
client 16 fairness(SP, Y) on val: 0.710900
training accuracy (client 20) : 0.500000 
client 20 accuracy on val: 0.895648
client 20 fairness(SP, Y) on val: 0.780700
global model accuracy on val: 0.892763
global model fairness(SP, Y) on val: 0.984900
global model accuracy on test: 0.887954
global model fairness(SP, Y) on test: 0.994200
------------ run = 8; t = 37; F_Global = 0.9849, Privileged = Y ------------
training accuracy (client 2) : 0.977914 
client 2 accuracy on val: 0.890839
client 2 fairness(SP, Y) on val: 1.000000
training accuracy (client 6) : 0.613636 
client 6 accuracy on val: 0.872566
client 6 fairness(SP, Y) on val: 0.705300
training accuracy (client 10) : 0.818565 
client 10 accuracy on val: 0.875451
client 10 fairness(SP, Y) on val: 0.596400
training accuracy (client 11) : 0.896461 
client 11 accuracy on val: 0.898293
client 11 fairness(SP, Y) on val: 0.903200
training accuracy (client 14) : 0.995090 
client 14 accuracy on val: 0.893484
client 14 fairness(SP, Y) on val: 0.907500
training accuracy (client 20) : 0.540000 
client 20 accuracy on val: 0.887713
client 20 fairness(SP, Y) on val: 0.765300
global model accuracy on val: 0.892522
global model fairness(SP, Y) on val: 0.985900
global model accuracy on test: 0.887954
global model fairness(SP, Y) on test: 0.994200
------------ run = 8; t = 38; F_Global = 0.9859, Privileged = Y ------------
training accuracy (client 1) : 0.831731 
client 1 accuracy on val: 0.891080
client 1 fairness(SP, Y) on val: 0.997100
training accuracy (client 2) : 0.977914 
client 2 accuracy on val: 0.891080
client 2 fairness(SP, Y) on val: 0.998400
training accuracy (client 6) : 0.961366 
client 6 accuracy on val: 0.890839
client 6 fairness(SP, Y) on val: 1.000000
training accuracy (client 11) : 0.558333 
client 11 accuracy on val: 0.894686
client 11 fairness(SP, Y) on val: 0.726300
training accuracy (client 17) : 0.583333 
client 17 accuracy on val: 0.880981
client 17 fairness(SP, Y) on val: 0.632700
training accuracy (client 20) : 0.995090 
client 20 accuracy on val: 0.892522
client 20 fairness(SP, Y) on val: 0.898100
global model accuracy on val: 0.891560
global model fairness(SP, Y) on val: 0.995300
global model accuracy on test: 0.887713
global model fairness(SP, Y) on test: 0.995600
------------ run = 8; t = 39; F_Global = 0.9953, Privileged = Y ------------
training accuracy (client 1) : 0.831731 
client 1 accuracy on val: 0.890839
client 1 fairness(SP, Y) on val: 1.000000
training accuracy (client 2) : 0.977914 
client 2 accuracy on val: 0.891080
client 2 fairness(SP, Y) on val: 0.998400
training accuracy (client 8) : 0.559783 
client 8 accuracy on val: 0.877615
client 8 fairness(SP, Y) on val: 0.639400
training accuracy (client 10) : 0.886869 
client 10 accuracy on val: 0.897572
client 10 fairness(SP, Y) on val: 0.909300
training accuracy (client 16) : 0.818565 
client 16 accuracy on val: 0.883626
client 16 fairness(SP, Y) on val: 0.557900
training accuracy (client 20) : 0.621212 
client 20 accuracy on val: 0.874730
client 20 fairness(SP, Y) on val: 0.625000
global model accuracy on val: 0.891560
global model fairness(SP, Y) on val: 0.995300
global model accuracy on test: 0.887713
global model fairness(SP, Y) on test: 0.995600
------------ run = 8; t = 40; F_Global = 0.9953, Privileged = Y ------------
training accuracy (client 8) : 0.881238 
client 8 accuracy on val: 0.897572
client 8 fairness(SP, Y) on val: 0.970000
training accuracy (client 9) : 0.525862 
client 9 accuracy on val: 0.894205
client 9 fairness(SP, Y) on val: 0.694600
training accuracy (client 14) : 0.899083 
client 14 accuracy on val: 0.896129
client 14 fairness(SP, Y) on val: 0.778300
training accuracy (client 15) : 0.530000 
client 15 accuracy on val: 0.893003
client 15 fairness(SP, Y) on val: 0.675300
training accuracy (client 16) : 0.558333 
client 16 accuracy on val: 0.893965
client 16 fairness(SP, Y) on val: 0.723000
training accuracy (client 17) : 0.995090 
client 17 accuracy on val: 0.892763
client 17 fairness(SP, Y) on val: 0.899700
global model accuracy on val: 0.892522
global model fairness(SP, Y) on val: 0.985900
global model accuracy on test: 0.887713
global model fairness(SP, Y) on test: 0.995600
------------ run = 8; t = 41; F_Global = 0.9859, Privileged = Y ------------
training accuracy (client 1) : 0.831731 
client 1 accuracy on val: 0.891320
client 1 fairness(SP, Y) on val: 0.996900
training accuracy (client 3) : 0.959916 
client 3 accuracy on val: 0.890839
client 3 fairness(SP, Y) on val: 1.000000
training accuracy (client 9) : 0.539062 
client 9 accuracy on val: 0.893724
client 9 fairness(SP, Y) on val: 0.694800
training accuracy (client 14) : 0.822785 
client 14 accuracy on val: 0.881462
client 14 fairness(SP, Y) on val: 0.542600
training accuracy (client 15) : 0.606061 
client 15 accuracy on val: 0.874730
client 15 fairness(SP, Y) on val: 0.601100
training accuracy (client 20) : 0.558333 
client 20 accuracy on val: 0.893965
client 20 fairness(SP, Y) on val: 0.708100
global model accuracy on val: 0.891560
global model fairness(SP, Y) on val: 0.992200
global model accuracy on test: 0.887713
global model fairness(SP, Y) on test: 0.995600
------------ run = 8; t = 42; F_Global = 0.9922, Privileged = Y ------------
training accuracy (client 4) : 0.500000 
client 4 accuracy on val: 0.895648
client 4 fairness(SP, Y) on val: 0.756600
training accuracy (client 6) : 0.961366 
client 6 accuracy on val: 0.890839
client 6 fairness(SP, Y) on val: 1.000000
training accuracy (client 8) : 0.574074 
client 8 accuracy on val: 0.894205
client 8 fairness(SP, Y) on val: 0.724100
training accuracy (client 12) : 0.886869 
client 12 accuracy on val: 0.898052
client 12 fairness(SP, Y) on val: 0.910300
training accuracy (client 14) : 0.525862 
client 14 accuracy on val: 0.888675
client 14 fairness(SP, Y) on val: 0.714700
training accuracy (client 18) : 0.546875 
client 18 accuracy on val: 0.892763
client 18 fairness(SP, Y) on val: 0.734900
global model accuracy on val: 0.890839
global model fairness(SP, Y) on val: 0.000000
global model accuracy on test: 0.886992
global model fairness(SP, Y) on test: 0.000000
------------ run = 8; t = 43; F_Global = 0, Privileged = Y ------------
training accuracy (client 2) : 0.977914 
client 2 accuracy on val: 0.891080
client 2 fairness(SP, Y) on val: 0.998400
training accuracy (client 7) : 0.902128 
client 7 accuracy on val: 0.898774
client 7 fairness(SP, Y) on val: 0.891600
training accuracy (client 9) : 0.570652 
client 9 accuracy on val: 0.869921
client 9 fairness(SP, Y) on val: 0.710100
training accuracy (client 10) : 0.881238 
client 10 accuracy on val: 0.896129
client 10 fairness(SP, Y) on val: 0.992400
training accuracy (client 11) : 0.893840 
client 11 accuracy on val: 0.897331
client 11 fairness(SP, Y) on val: 0.909500
training accuracy (client 13) : 0.995090 
client 13 accuracy on val: 0.893003
client 13 fairness(SP, Y) on val: 0.907500
global model accuracy on val: 0.892763
global model fairness(SP, Y) on val: 0.984300
global model accuracy on test: 0.887954
global model fairness(SP, Y) on test: 0.994200
------------ run = 8; t = 44; F_Global = 0.9843, Privileged = Y ------------
training accuracy (client 2) : 0.977301 
client 2 accuracy on val: 0.891080
client 2 fairness(SP, Y) on val: 0.998400
training accuracy (client 3) : 0.959916 
client 3 accuracy on val: 0.890839
client 3 fairness(SP, Y) on val: 1.000000
training accuracy (client 5) : 0.961366 
client 5 accuracy on val: 0.890839
client 5 fairness(SP, Y) on val: 1.000000
training accuracy (client 8) : 0.517241 
client 8 accuracy on val: 0.892763
client 8 fairness(SP, Y) on val: 0.733700
training accuracy (client 19) : 0.894949 
client 19 accuracy on val: 0.899014
client 19 fairness(SP, Y) on val: 0.908500
training accuracy (client 20) : 0.551724 
client 20 accuracy on val: 0.884107
client 20 fairness(SP, Y) on val: 0.668600
global model accuracy on val: 0.890839
global model fairness(SP, Y) on val: 0.000000
global model accuracy on test: 0.887232
global model fairness(SP, Y) on test: 0.998500
------------ run = 8; t = 45; F_Global = 0, Privileged = Y ------------
training accuracy (client 2) : 0.978528 
client 2 accuracy on val: 0.891080
client 2 fairness(SP, Y) on val: 0.998400
training accuracy (client 5) : 0.961366 
client 5 accuracy on val: 0.890839
client 5 fairness(SP, Y) on val: 1.000000
training accuracy (client 7) : 0.902128 
client 7 accuracy on val: 0.900457
client 7 fairness(SP, Y) on val: 0.851400
training accuracy (client 14) : 0.606061 
client 14 accuracy on val: 0.870642
client 14 fairness(SP, Y) on val: 0.635700
training accuracy (client 19) : 0.500000 
client 19 accuracy on val: 0.896850
client 19 fairness(SP, Y) on val: 0.782300
training accuracy (client 20) : 0.888889 
client 20 accuracy on val: 0.899255
client 20 fairness(SP, Y) on val: 0.914500
global model accuracy on val: 0.893244
global model fairness(SP, Y) on val: 0.979900
global model accuracy on test: 0.888194
global model fairness(SP, Y) on test: 0.992700
------------ run = 8; t = 46; F_Global = 0.9799, Privileged = Y ------------
training accuracy (client 1) : 0.836538 
client 1 accuracy on val: 0.891560
client 1 fairness(SP, Y) on val: 1.001300
training accuracy (client 3) : 0.959916 
client 3 accuracy on val: 0.890839
client 3 fairness(SP, Y) on val: 1.000000
training accuracy (client 5) : 0.961366 
client 5 accuracy on val: 0.890839
client 5 fairness(SP, Y) on val: 1.000000
training accuracy (client 7) : 0.903546 
client 7 accuracy on val: 0.899014
client 7 fairness(SP, Y) on val: 0.851100
training accuracy (client 13) : 0.814346 
client 13 accuracy on val: 0.874008
client 13 fairness(SP, Y) on val: 0.571400
training accuracy (client 16) : 0.500000 
client 16 accuracy on val: 0.889156
client 16 fairness(SP, Y) on val: 0.698200
global model accuracy on val: 0.891080
global model fairness(SP, N) on val: 0.999700
global model accuracy on test: 0.887232
global model fairness(SP, Y) on test: 0.998500
------------ run = 8; t = 47; F_Global = 0.9997, Privileged = N ------------
training accuracy (client 1) : 0.831731 
client 1 accuracy on val: 0.891320
client 1 fairness(SP, N) on val: 0.996600
training accuracy (client 8) : 0.882236 
client 8 accuracy on val: 0.896369
client 8 fairness(SP, N) on val: 0.998500
training accuracy (client 9) : 0.895151 
client 9 accuracy on val: 0.898052
client 9 fairness(SP, N) on val: 1.095100
training accuracy (client 13) : 0.558333 
client 13 accuracy on val: 0.888194
client 13 fairness(SP, N) on val: 1.242700
training accuracy (client 18) : 0.543103 
client 18 accuracy on val: 0.883385
client 18 fairness(SP, N) on val: 1.289100
training accuracy (client 21) : 0.500000 
client 21 accuracy on val: 0.890118
client 21 fairness(SP, N) on val: 1.229500
global model accuracy on val: 0.897091
global model fairness(SP, Y) on val: 0.930000
global model accuracy on test: 0.890358
global model fairness(SP, Y) on test: 0.937600
------------ run = 8; t = 48; F_Global = 0.93, Privileged = Y ------------
training accuracy (client 7) : 0.895151 
client 7 accuracy on val: 0.899255
client 7 fairness(SP, Y) on val: 0.901000
training accuracy (client 9) : 0.994681 
client 9 accuracy on val: 0.892282
client 9 fairness(SP, Y) on val: 0.915400
training accuracy (client 13) : 0.656250 
client 13 accuracy on val: 0.863669
client 13 fairness(SP, Y) on val: 0.696300
training accuracy (client 14) : 0.568965 
client 14 accuracy on val: 0.866554
client 14 fairness(SP, Y) on val: 0.703700
training accuracy (client 15) : 0.888889 
client 15 accuracy on val: 0.898052
client 15 fairness(SP, Y) on val: 0.936600
training accuracy (client 19) : 0.519231 
client 19 accuracy on val: 0.864390
client 19 fairness(SP, Y) on val: 0.674200
global model accuracy on val: 0.897331
global model fairness(SP, Y) on val: 0.925100
global model accuracy on test: 0.891320
global model fairness(SP, Y) on test: 0.932300
------------ run = 8; t = 49; F_Global = 0.9251, Privileged = Y ------------
training accuracy (client 1) : 0.977914 
client 1 accuracy on val: 0.891080
client 1 fairness(SP, Y) on val: 0.998400
training accuracy (client 9) : 0.600000 
client 9 accuracy on val: 0.872566
client 9 fairness(SP, Y) on val: 0.705300
training accuracy (client 11) : 0.886869 
client 11 accuracy on val: 0.897572
client 11 fairness(SP, Y) on val: 0.931800
training accuracy (client 13) : 0.903546 
client 13 accuracy on val: 0.898293
client 13 fairness(SP, Y) on val: 0.882900
training accuracy (client 18) : 0.995090 
client 18 accuracy on val: 0.893003
client 18 fairness(SP, Y) on val: 0.913800
training accuracy (client 21) : 0.509615 
client 21 accuracy on val: 0.868238
client 21 fairness(SP, Y) on val: 0.679800
global model accuracy on val: 0.893965
global model fairness(SP, Y) on val: 0.963200
global model accuracy on test: 0.889156
global model fairness(SP, Y) on test: 0.977100
------------ run = 8; t = 50; F_Global = 0.9632, Privileged = Y ------------
training accuracy (client 3) : 0.576923 
client 3 accuracy on val: 0.883385
client 3 fairness(SP, Y) on val: 0.635600
training accuracy (client 4) : 0.961366 
client 4 accuracy on val: 0.890839
client 4 fairness(SP, Y) on val: 1.000000
training accuracy (client 7) : 0.600000 
client 7 accuracy on val: 0.878817
client 7 fairness(SP, Y) on val: 0.611100
training accuracy (client 11) : 0.560345 
client 11 accuracy on val: 0.881943
client 11 fairness(SP, Y) on val: 0.632000
training accuracy (client 15) : 0.901704 
client 15 accuracy on val: 0.898052
client 15 fairness(SP, Y) on val: 0.757800
training accuracy (client 17) : 0.525862 
client 17 accuracy on val: 0.890118
client 17 fairness(SP, Y) on val: 0.661600
global model accuracy on val: 0.890839
global model fairness(SP, Y) on val: 0.000000
global model accuracy on test: 0.886992
global model fairness(SP, Y) on test: 0.000000
----------------Done (FLAlgMain)----------------
