Alg.: FairFate; Client dataset: today_20230530\dataset_EQO_run_8; client Count: 10
----------------(start loading 10 client datasets from today_20230530\dataset_EQO_run_8)----------------
----------------(successfully loading 10 client datasets and server testing data from today_20230530\dataset_EQO_run_8)----------------
----------------Execute (FLAlgMain)----------------
----------------(start running algorithm)----------------
global model accuracy on val: 0.429190
global model fairness(EQO, N) on val: 0.324800
------------ run = 9; t = 1; F_Global = 0.3248, Privileged = N ------------
training accuracy (client 2) : 0.980057 
client 2 accuracy on val: 0.890118
client 2 fairness(EQO, N) on val: 0.999800
training accuracy (client 5) : 0.836502 
client 5 accuracy on val: 0.742246
client 5 fairness(EQO, N) on val: 12.747800
training accuracy (client 7) : 0.967579 
client 7 accuracy on val: 0.838663
client 7 fairness(EQO, N) on val: 82.376200
global model accuracy on val: 0.864871
global model fairness(EQO, Y) on val: 0.869400
global model accuracy on test: 0.871844
global model fairness(EQO, Y) on test: 0.855400
------------ run = 9; t = 2; F_Global = 0.8694, Privileged = Y ------------
training accuracy (client 4) : 0.785863 
client 4 accuracy on val: 0.773022
client 4 fairness(EQO, Y) on val: 1.862200
training accuracy (client 5) : 0.897338 
client 5 accuracy on val: 0.806684
client 5 fairness(EQO, Y) on val: 0.125500
training accuracy (client 10) : 0.935018 
client 10 accuracy on val: 0.887713
client 10 fairness(EQO, Y) on val: 0.625700
global model accuracy on val: 0.882664
global model fairness(EQO, Y) on val: 0.819400
global model accuracy on test: 0.882664
global model fairness(EQO, Y) on test: 0.800900
------------ run = 9; t = 3; F_Global = 0.8194, Privileged = Y ------------
training accuracy (client 5) : 0.885932 
client 5 accuracy on val: 0.815821
client 5 fairness(EQO, Y) on val: 0.168100
training accuracy (client 6) : 0.946341 
client 6 accuracy on val: 0.238278
client 6 fairness(EQO, Y) on val: 7.913800
training accuracy (client 10) : 0.935018 
client 10 accuracy on val: 0.888435
client 10 fairness(EQO, Y) on val: 0.645300
global model accuracy on val: 0.886030
global model fairness(EQO, Y) on val: 0.793500
global model accuracy on test: 0.887713
global model fairness(EQO, Y) on test: 0.808200
------------ run = 9; t = 4; F_Global = 0.7935, Privileged = Y ------------
training accuracy (client 4) : 0.785863 
client 4 accuracy on val: 0.770618
client 4 fairness(EQO, Y) on val: 1.875100
training accuracy (client 7) : 0.969605 
client 7 accuracy on val: 0.840346
client 7 fairness(EQO, Y) on val: 0.124600
training accuracy (client 8) : 0.903522 
client 8 accuracy on val: 0.878096
client 8 fairness(EQO, Y) on val: 1.228000
global model accuracy on val: 0.878577
global model fairness(EQO, Y) on val: 0.895900
global model accuracy on test: 0.878817
global model fairness(EQO, Y) on test: 0.902800
------------ run = 9; t = 5; F_Global = 0.8959, Privileged = Y ------------
training accuracy (client 2) : 0.980057 
client 2 accuracy on val: 0.890358
client 2 fairness(EQO, Y) on val: 1.000000
training accuracy (client 9) : 0.894452 
client 9 accuracy on val: 0.891560
client 9 fairness(EQO, Y) on val: 1.000600
training accuracy (client 10) : 0.935921 
client 10 accuracy on val: 0.888675
client 10 fairness(EQO, Y) on val: 0.646300
global model accuracy on val: 0.892522
global model fairness(EQO, Y) on val: 0.865600
global model accuracy on test: 0.896369
global model fairness(EQO, Y) on test: 0.855500
------------ run = 9; t = 6; F_Global = 0.8656, Privileged = Y ------------
training accuracy (client 5) : 0.889734 
client 5 accuracy on val: 0.830488
client 5 fairness(EQO, Y) on val: 0.189900
training accuracy (client 6) : 0.948780 
client 6 accuracy on val: 0.235874
client 6 fairness(EQO, Y) on val: 153.906200
training accuracy (client 9) : 0.894452 
client 9 accuracy on val: 0.892763
client 9 fairness(EQO, Y) on val: 0.987700
global model accuracy on val: 0.885069
global model fairness(EQO, N) on val: 0.929300
global model accuracy on test: 0.884588
global model fairness(EQO, N) on test: 0.934800
------------ run = 9; t = 7; F_Global = 0.9293, Privileged = N ------------
training accuracy (client 4) : 0.787249 
client 4 accuracy on val: 0.770618
client 4 fairness(EQO, N) on val: 0.628800
training accuracy (client 5) : 0.885932 
client 5 accuracy on val: 0.828565
client 5 fairness(EQO, N) on val: 9.991600
training accuracy (client 6) : 0.953659 
client 6 accuracy on val: 0.217360
client 6 fairness(EQO, N) on val: 0.020100
global model accuracy on val: 0.840827
global model fairness(EQO, N) on val: 0.877100
global model accuracy on test: 0.844915
global model fairness(EQO, N) on test: 0.851400
------------ run = 9; t = 8; F_Global = 0.8771, Privileged = N ------------
training accuracy (client 2) : 0.980057 
client 2 accuracy on val: 0.890599
client 2 fairness(EQO, N) on val: 0.998300
training accuracy (client 5) : 0.885932 
client 5 accuracy on val: 0.822073
client 5 fairness(EQO, N) on val: 9.610600
training accuracy (client 7) : 0.968592 
client 7 accuracy on val: 0.845396
client 7 fairness(EQO, N) on val: 80.911000
global model accuracy on val: 0.885069
global model fairness(EQO, Y) on val: 0.601700
global model accuracy on test: 0.884107
global model fairness(EQO, Y) on test: 0.593000
------------ run = 9; t = 9; F_Global = 0.6017, Privileged = Y ------------
training accuracy (client 1) : 0.939164 
client 1 accuracy on val: 0.839865
client 1 fairness(EQO, Y) on val: 0.122100
training accuracy (client 2) : 0.980057 
client 2 accuracy on val: 0.890358
client 2 fairness(EQO, Y) on val: 1.000000
training accuracy (client 8) : 0.908116 
client 8 accuracy on val: 0.875451
client 8 fairness(EQO, Y) on val: 1.259300
global model accuracy on val: 0.890599
global model fairness(EQO, Y) on val: 0.784600
global model accuracy on test: 0.894446
global model fairness(EQO, Y) on test: 0.787500
------------ run = 9; t = 10; F_Global = 0.7846, Privileged = Y ------------
training accuracy (client 7) : 0.968592 
client 7 accuracy on val: 0.846117
client 7 fairness(EQO, Y) on val: 0.147000
training accuracy (client 8) : 0.905054 
client 8 accuracy on val: 0.872085
client 8 fairness(EQO, Y) on val: 1.310400
training accuracy (client 10) : 0.934116 
client 10 accuracy on val: 0.887954
client 10 fairness(EQO, Y) on val: 0.618500
global model accuracy on val: 0.892522
global model fairness(EQO, Y) on val: 0.805000
global model accuracy on test: 0.895167
global model fairness(EQO, Y) on test: 0.805800
------------ run = 9; t = 11; F_Global = 0.805, Privileged = Y ------------
training accuracy (client 1) : 0.937262 
client 1 accuracy on val: 0.841789
client 1 fairness(EQO, Y) on val: 0.130300
training accuracy (client 9) : 0.895805 
client 9 accuracy on val: 0.891320
client 9 fairness(EQO, Y) on val: 0.966900
training accuracy (client 10) : 0.933213 
client 10 accuracy on val: 0.886511
client 10 fairness(EQO, Y) on val: 0.604100
global model accuracy on val: 0.891560
global model fairness(EQO, Y) on val: 0.772100
global model accuracy on test: 0.895167
global model fairness(EQO, Y) on test: 0.764900
------------ run = 9; t = 12; F_Global = 0.7721, Privileged = Y ------------
training accuracy (client 1) : 0.937262 
client 1 accuracy on val: 0.841789
client 1 fairness(EQO, Y) on val: 0.132400
training accuracy (client 3) : 0.997333 
client 3 accuracy on val: 0.890358
client 3 fairness(EQO, Y) on val: 1.000000
training accuracy (client 10) : 0.933213 
client 10 accuracy on val: 0.888435
client 10 fairness(EQO, Y) on val: 0.628700
global model accuracy on val: 0.893003
global model fairness(EQO, Y) on val: 0.916300
global model accuracy on test: 0.892282
global model fairness(EQO, Y) on test: 0.934500
------------ run = 9; t = 13; F_Global = 0.9163, Privileged = Y ------------
training accuracy (client 4) : 0.787249 
client 4 accuracy on val: 0.767011
client 4 fairness(EQO, Y) on val: 1.671000
training accuracy (client 5) : 0.897338 
client 5 accuracy on val: 0.830248
client 5 fairness(EQO, Y) on val: 0.172300
training accuracy (client 9) : 0.895805 
client 9 accuracy on val: 0.890839
client 9 fairness(EQO, Y) on val: 0.970300
global model accuracy on val: 0.892763
global model fairness(EQO, Y) on val: 0.874100
global model accuracy on test: 0.895648
global model fairness(EQO, Y) on test: 0.857900
------------ run = 9; t = 14; F_Global = 0.8741, Privileged = Y ------------
training accuracy (client 1) : 0.937262 
client 1 accuracy on val: 0.843953
client 1 fairness(EQO, Y) on val: 0.140600
training accuracy (client 6) : 0.951219 
client 6 accuracy on val: 0.221928
client 6 fairness(EQO, Y) on val: 156.564100
training accuracy (client 7) : 0.968592 
client 7 accuracy on val: 0.849724
client 7 fairness(EQO, Y) on val: 0.161300
global model accuracy on val: 0.889156
global model fairness(EQO, Y) on val: 0.865200
global model accuracy on test: 0.893724
global model fairness(EQO, Y) on test: 0.875400
------------ run = 9; t = 15; F_Global = 0.8652, Privileged = Y ------------
training accuracy (client 3) : 0.997333 
client 3 accuracy on val: 0.890358
client 3 fairness(EQO, Y) on val: 1.000000
training accuracy (client 5) : 0.897338 
client 5 accuracy on val: 0.824717
client 5 fairness(EQO, Y) on val: 0.165400
training accuracy (client 7) : 0.968592 
client 7 accuracy on val: 0.846598
client 7 fairness(EQO, Y) on val: 0.149100
global model accuracy on val: 0.893484
global model fairness(EQO, Y) on val: 0.935300
global model accuracy on test: 0.892763
global model fairness(EQO, Y) on test: 0.943900
------------ run = 9; t = 16; F_Global = 0.9353, Privileged = Y ------------
training accuracy (client 1) : 0.939164 
client 1 accuracy on val: 0.842029
client 1 fairness(EQO, Y) on val: 0.132400
training accuracy (client 6) : 0.951219 
client 6 accuracy on val: 0.214956
client 6 fairness(EQO, Y) on val: 160.376200
training accuracy (client 8) : 0.909648 
client 8 accuracy on val: 0.872806
client 8 fairness(EQO, Y) on val: 1.272900
global model accuracy on val: 0.888916
global model fairness(EQO, N) on val: 0.996900
global model accuracy on test: 0.891320
global model fairness(EQO, N) on test: 0.973700
------------ run = 9; t = 17; F_Global = 0.9969, Privileged = N ------------
training accuracy (client 3) : 0.997333 
client 3 accuracy on val: 0.890358
client 3 fairness(EQO, N) on val: 1.000000
training accuracy (client 6) : 0.951219 
client 6 accuracy on val: 0.209906
client 6 fairness(EQO, N) on val: 0.015700
training accuracy (client 7) : 0.968592 
client 7 accuracy on val: 0.846357
client 7 fairness(EQO, N) on val: 80.860900
global model accuracy on val: 0.893003
global model fairness(EQO, Y) on val: 0.898200
global model accuracy on test: 0.894205
global model fairness(EQO, Y) on test: 0.912900
------------ run = 9; t = 18; F_Global = 0.8982, Privileged = Y ------------
training accuracy (client 6) : 0.948780 
client 6 accuracy on val: 0.206300
client 6 fairness(EQO, Y) on val: 21.872100
training accuracy (client 7) : 0.967579 
client 7 accuracy on val: 0.847319
client 7 fairness(EQO, Y) on val: 0.151100
training accuracy (client 8) : 0.909648 
client 8 accuracy on val: 0.871604
client 8 fairness(EQO, Y) on val: 1.315100
global model accuracy on val: 0.891080
global model fairness(EQO, Y) on val: 0.994400
global model accuracy on test: 0.890358
global model fairness(EQO, N) on test: 0.963400
------------ run = 9; t = 19; F_Global = 0.9944, Privileged = Y ------------
training accuracy (client 1) : 0.939164 
client 1 accuracy on val: 0.838423
client 1 fairness(EQO, Y) on val: 0.120100
training accuracy (client 2) : 0.980057 
client 2 accuracy on val: 0.890358
client 2 fairness(EQO, Y) on val: 1.000000
training accuracy (client 8) : 0.906585 
client 8 accuracy on val: 0.872566
client 8 fairness(EQO, Y) on val: 1.318800
global model accuracy on val: 0.889396
global model fairness(EQO, N) on val: 0.981800
global model accuracy on test: 0.889877
global model fairness(EQO, N) on test: 0.965800
------------ run = 9; t = 20; F_Global = 0.9818, Privileged = N ------------
training accuracy (client 3) : 0.997333 
client 3 accuracy on val: 0.890358
client 3 fairness(EQO, N) on val: 1.000000
training accuracy (client 7) : 0.968592 
client 7 accuracy on val: 0.846357
client 7 fairness(EQO, N) on val: 80.860900
training accuracy (client 10) : 0.935018 
client 10 accuracy on val: 0.886752
client 10 fairness(EQO, N) on val: 1.884900
global model accuracy on val: 0.892763
global model fairness(EQO, Y) on val: 0.886200
global model accuracy on test: 0.894205
global model fairness(EQO, Y) on test: 0.892900
------------ run = 9; t = 21; F_Global = 0.8862, Privileged = Y ------------
training accuracy (client 1) : 0.939164 
client 1 accuracy on val: 0.839384
client 1 fairness(EQO, Y) on val: 0.117800
training accuracy (client 4) : 0.794872 
client 4 accuracy on val: 0.771820
client 4 fairness(EQO, Y) on val: 1.522800
training accuracy (client 6) : 0.951219 
client 6 accuracy on val: 0.204857
client 6 fairness(EQO, Y) on val: 24.142200
global model accuracy on val: 0.886030
global model fairness(EQO, N) on val: 0.970600
global model accuracy on test: 0.887232
global model fairness(EQO, N) on test: 0.969300
------------ run = 9; t = 22; F_Global = 0.9706, Privileged = N ------------
training accuracy (client 3) : 0.997333 
client 3 accuracy on val: 0.890358
client 3 fairness(EQO, N) on val: 1.000000
training accuracy (client 4) : 0.786556 
client 4 accuracy on val: 0.776389
client 4 fairness(EQO, N) on val: 0.671900
training accuracy (client 9) : 0.897158 
client 9 accuracy on val: 0.890358
client 9 fairness(EQO, N) on val: 0.994800
global model accuracy on val: 0.891801
global model fairness(EQO, Y) on val: 0.984900
global model accuracy on test: 0.893003
global model fairness(EQO, N) on test: 0.996200
------------ run = 9; t = 23; F_Global = 0.9849, Privileged = Y ------------
training accuracy (client 6) : 0.948780 
client 6 accuracy on val: 0.204616
client 6 fairness(EQO, Y) on val: 25.343900
training accuracy (client 8) : 0.906585 
client 8 accuracy on val: 0.872325
client 8 fairness(EQO, Y) on val: 1.314600
training accuracy (client 10) : 0.935018 
client 10 accuracy on val: 0.888916
client 10 fairness(EQO, Y) on val: 0.622500
global model accuracy on val: 0.883626
global model fairness(EQO, N) on val: 0.847700
global model accuracy on test: 0.881943
global model fairness(EQO, N) on test: 0.842700
------------ run = 9; t = 24; F_Global = 0.8477, Privileged = N ------------
training accuracy (client 2) : 0.980057 
client 2 accuracy on val: 0.890358
client 2 fairness(EQO, N) on val: 1.000000
training accuracy (client 3) : 0.997333 
client 3 accuracy on val: 0.890358
client 3 fairness(EQO, N) on val: 1.000000
training accuracy (client 5) : 0.897338 
client 5 accuracy on val: 0.818706
client 5 fairness(EQO, N) on val: 50.411300
global model accuracy on val: 0.890358
global model fairness(EQO, Y) on val: 0.955600
global model accuracy on test: 0.891560
global model fairness(EQO, Y) on test: 0.993600
------------ run = 9; t = 25; F_Global = 0.9556, Privileged = Y ------------
training accuracy (client 3) : 0.997333 
client 3 accuracy on val: 0.890358
client 3 fairness(EQO, Y) on val: 1.000000
training accuracy (client 5) : 0.897338 
client 5 accuracy on val: 0.817504
client 5 fairness(EQO, Y) on val: 0.110100
training accuracy (client 6) : 0.951219 
client 6 accuracy on val: 0.203174
client 6 fairness(EQO, Y) on val: 27.896600
global model accuracy on val: 0.885069
global model fairness(EQO, N) on val: 0.864000
global model accuracy on test: 0.880981
global model fairness(EQO, N) on test: 0.852500
------------ run = 9; t = 26; F_Global = 0.864, Privileged = N ------------
training accuracy (client 1) : 0.939164 
client 1 accuracy on val: 0.834095
client 1 fairness(EQO, N) on val: 41.842200
training accuracy (client 2) : 0.980057 
client 2 accuracy on val: 0.890358
client 2 fairness(EQO, N) on val: 1.000000
training accuracy (client 8) : 0.909648 
client 8 accuracy on val: 0.872325
client 8 fairness(EQO, N) on val: 0.819900
global model accuracy on val: 0.892763
global model fairness(EQO, Y) on val: 0.838400
global model accuracy on test: 0.891320
global model fairness(EQO, Y) on test: 0.873800
------------ run = 9; t = 27; F_Global = 0.8384, Privileged = Y ------------
training accuracy (client 2) : 0.980057 
client 2 accuracy on val: 0.890358
client 2 fairness(EQO, Y) on val: 1.000000
training accuracy (client 3) : 0.997333 
client 3 accuracy on val: 0.890358
client 3 fairness(EQO, Y) on val: 1.000000
training accuracy (client 10) : 0.936823 
client 10 accuracy on val: 0.886511
client 10 fairness(EQO, Y) on val: 0.583500
global model accuracy on val: 0.892282
global model fairness(EQO, Y) on val: 0.960900
global model accuracy on test: 0.892041
global model fairness(EQO, Y) on test: 0.964400
------------ run = 9; t = 28; F_Global = 0.9609, Privileged = Y ------------
training accuracy (client 1) : 0.941065 
client 1 accuracy on val: 0.834335
client 1 fairness(EQO, Y) on val: 0.100200
training accuracy (client 2) : 0.980057 
client 2 accuracy on val: 0.890358
client 2 fairness(EQO, Y) on val: 1.000000
training accuracy (client 7) : 0.967579 
client 7 accuracy on val: 0.847800
client 7 fairness(EQO, Y) on val: 0.153200
global model accuracy on val: 0.891560
global model fairness(EQO, Y) on val: 0.960300
global model accuracy on test: 0.891560
global model fairness(EQO, Y) on test: 0.960400
------------ run = 9; t = 29; F_Global = 0.9603, Privileged = Y ------------
training accuracy (client 2) : 0.980057 
client 2 accuracy on val: 0.890358
client 2 fairness(EQO, Y) on val: 1.000000
training accuracy (client 5) : 0.897338 
client 5 accuracy on val: 0.818466
client 5 fairness(EQO, Y) on val: 0.108100
training accuracy (client 6) : 0.951219 
client 6 accuracy on val: 0.203895
client 6 fairness(EQO, Y) on val: 27.359100
global model accuracy on val: 0.890358
global model fairness(EQO, N) on val: 0.955400
global model accuracy on test: 0.889396
global model fairness(EQO, N) on test: 0.938200
------------ run = 9; t = 30; F_Global = 0.9554, Privileged = N ------------
training accuracy (client 8) : 0.908116 
client 8 accuracy on val: 0.872566
client 8 fairness(EQO, N) on val: 0.803400
training accuracy (client 9) : 0.891746 
client 9 accuracy on val: 0.891801
client 9 fairness(EQO, N) on val: 0.995300
training accuracy (client 10) : 0.937726 
client 10 accuracy on val: 0.887713
client 10 fairness(EQO, N) on val: 1.818500
global model accuracy on val: 0.893003
global model fairness(EQO, Y) on val: 0.953900
global model accuracy on test: 0.892041
global model fairness(EQO, Y) on test: 0.963900
------------ run = 9; t = 31; F_Global = 0.9539, Privileged = Y ------------
training accuracy (client 2) : 0.980057 
client 2 accuracy on val: 0.890358
client 2 fairness(EQO, Y) on val: 1.000000
training accuracy (client 4) : 0.790714 
client 4 accuracy on val: 0.777591
client 4 fairness(EQO, Y) on val: 1.483200
training accuracy (client 5) : 0.901141 
client 5 accuracy on val: 0.818226
client 5 fairness(EQO, Y) on val: 0.104700
global model accuracy on val: 0.888916
global model fairness(EQO, Y) on val: 0.963900
global model accuracy on test: 0.893965
global model fairness(EQO, N) on test: 0.995000
------------ run = 9; t = 32; F_Global = 0.9639, Privileged = Y ------------
training accuracy (client 2) : 0.980057 
client 2 accuracy on val: 0.890358
client 2 fairness(EQO, Y) on val: 1.000000
training accuracy (client 6) : 0.951219 
client 6 accuracy on val: 0.198125
client 6 fairness(EQO, Y) on val: 42.621400
training accuracy (client 9) : 0.893099 
client 9 accuracy on val: 0.890118
client 9 fairness(EQO, Y) on val: 1.002400
global model accuracy on val: 0.847079
global model fairness(EQO, N) on val: 0.634100
global model accuracy on test: 0.843232
global model fairness(EQO, N) on test: 0.618600
------------ run = 9; t = 33; F_Global = 0.6341, Privileged = N ------------
training accuracy (client 3) : 0.997333 
client 3 accuracy on val: 0.890358
client 3 fairness(EQO, N) on val: 1.000000
training accuracy (client 4) : 0.790021 
client 4 accuracy on val: 0.775427
client 4 fairness(EQO, N) on val: 0.804000
training accuracy (client 8) : 0.908116 
client 8 accuracy on val: 0.871363
client 8 fairness(EQO, N) on val: 0.793400
global model accuracy on val: 0.887954
global model fairness(EQO, N) on val: 0.837700
global model accuracy on test: 0.884347
global model fairness(EQO, N) on test: 0.850000
------------ run = 9; t = 34; F_Global = 0.8377, Privileged = N ------------
training accuracy (client 3) : 0.997333 
client 3 accuracy on val: 0.890358
client 3 fairness(EQO, N) on val: 1.000000
training accuracy (client 4) : 0.794872 
client 4 accuracy on val: 0.760279
client 4 fairness(EQO, N) on val: 0.738600
training accuracy (client 9) : 0.890392 
client 9 accuracy on val: 0.889637
client 9 fairness(EQO, N) on val: 0.983500
global model accuracy on val: 0.891801
global model fairness(EQO, N) on val: 0.984300
global model accuracy on test: 0.889637
global model fairness(EQO, N) on test: 0.980500
------------ run = 9; t = 35; F_Global = 0.9843, Privileged = N ------------
training accuracy (client 1) : 0.941065 
client 1 accuracy on val: 0.835056
client 1 fairness(EQO, N) on val: 81.386100
training accuracy (client 8) : 0.908116 
client 8 accuracy on val: 0.869440
client 8 fairness(EQO, N) on val: 0.784800
training accuracy (client 9) : 0.895805 
client 9 accuracy on val: 0.892041
client 9 fairness(EQO, N) on val: 0.958300
global model accuracy on val: 0.894205
global model fairness(EQO, Y) on val: 0.853500
global model accuracy on test: 0.894686
global model fairness(EQO, Y) on test: 0.864300
------------ run = 9; t = 36; F_Global = 0.8535, Privileged = Y ------------
training accuracy (client 5) : 0.901141 
client 5 accuracy on val: 0.816783
client 5 fairness(EQO, Y) on val: 0.104800
training accuracy (client 6) : 0.951219 
client 6 accuracy on val: 0.201250
client 6 fairness(EQO, Y) on val: 30.884100
training accuracy (client 7) : 0.968592 
client 7 accuracy on val: 0.847800
client 7 fairness(EQO, Y) on val: 0.154200
global model accuracy on val: 0.872566
global model fairness(EQO, N) on val: 0.926600
global model accuracy on test: 0.867516
global model fairness(EQO, N) on test: 0.913200
------------ run = 9; t = 37; F_Global = 0.9266, Privileged = N ------------
training accuracy (client 1) : 0.944867 
client 1 accuracy on val: 0.829767
client 1 fairness(EQO, N) on val: 82.861200
training accuracy (client 7) : 0.968592 
client 7 accuracy on val: 0.846117
client 7 fairness(EQO, N) on val: 80.612700
training accuracy (client 8) : 0.911179 
client 8 accuracy on val: 0.866795
client 8 fairness(EQO, N) on val: 0.794100
global model accuracy on val: 0.882183
global model fairness(EQO, Y) on val: 0.543100
global model accuracy on test: 0.890599
global model fairness(EQO, Y) on test: 0.538900
------------ run = 9; t = 38; F_Global = 0.5431, Privileged = Y ------------
training accuracy (client 1) : 0.941065 
client 1 accuracy on val: 0.828805
client 1 fairness(EQO, Y) on val: 0.078700
training accuracy (client 6) : 0.956098 
client 6 accuracy on val: 0.196201
client 6 fairness(EQO, Y) on val: 53.248500
training accuracy (client 10) : 0.937726 
client 10 accuracy on val: 0.888916
client 10 fairness(EQO, Y) on val: 0.614300
global model accuracy on val: 0.810050
global model fairness(EQO, N) on val: 0.890700
global model accuracy on test: 0.814859
global model fairness(EQO, N) on test: 0.839800
------------ run = 9; t = 39; F_Global = 0.8907, Privileged = N ------------
training accuracy (client 2) : 0.980057 
client 2 accuracy on val: 0.890358
client 2 fairness(EQO, N) on val: 1.000000
training accuracy (client 4) : 0.793486 
client 4 accuracy on val: 0.779995
client 4 fairness(EQO, N) on val: 0.884400
training accuracy (client 5) : 0.897338 
client 5 accuracy on val: 0.809570
client 5 fairness(EQO, N) on val: 53.861100
global model accuracy on val: 0.832412
global model fairness(EQO, Y) on val: 0.449100
global model accuracy on test: 0.835297
global model fairness(EQO, Y) on test: 0.432300
------------ run = 9; t = 40; F_Global = 0.4491, Privileged = Y ------------
training accuracy (client 4) : 0.792100 
client 4 accuracy on val: 0.776148
client 4 fairness(EQO, Y) on val: 1.195500
training accuracy (client 5) : 0.904943 
client 5 accuracy on val: 0.804520
client 5 fairness(EQO, Y) on val: 0.058200
training accuracy (client 10) : 0.938628 
client 10 accuracy on val: 0.887232
client 10 fairness(EQO, Y) on val: 0.570000
global model accuracy on val: 0.852128
global model fairness(EQO, Y) on val: 0.560000
global model accuracy on test: 0.853811
global model fairness(EQO, Y) on test: 0.529300
------------ run = 9; t = 41; F_Global = 0.56, Privileged = Y ------------
training accuracy (client 3) : 0.997333 
client 3 accuracy on val: 0.890358
client 3 fairness(EQO, Y) on val: 1.000000
training accuracy (client 4) : 0.794179 
client 4 accuracy on val: 0.775186
client 4 fairness(EQO, Y) on val: 1.173800
training accuracy (client 8) : 0.906585 
client 8 accuracy on val: 0.872566
client 8 fairness(EQO, Y) on val: 1.246400
global model accuracy on val: 0.888675
global model fairness(EQO, Y) on val: 0.792000
global model accuracy on test: 0.893965
global model fairness(EQO, Y) on test: 0.800400
------------ run = 9; t = 42; F_Global = 0.792, Privileged = Y ------------
training accuracy (client 3) : 0.997333 
client 3 accuracy on val: 0.890358
client 3 fairness(EQO, Y) on val: 1.000000
training accuracy (client 5) : 0.901141 
client 5 accuracy on val: 0.817023
client 5 fairness(EQO, Y) on val: 0.085300
training accuracy (client 9) : 0.894452 
client 9 accuracy on val: 0.889637
client 9 fairness(EQO, Y) on val: 1.018300
global model accuracy on val: 0.892041
global model fairness(EQO, Y) on val: 0.964100
global model accuracy on test: 0.893244
global model fairness(EQO, Y) on test: 0.958700
------------ run = 9; t = 43; F_Global = 0.9641, Privileged = Y ------------
training accuracy (client 3) : 0.997333 
client 3 accuracy on val: 0.890358
client 3 fairness(EQO, Y) on val: 1.000000
training accuracy (client 7) : 0.968592 
client 7 accuracy on val: 0.849483
client 7 fairness(EQO, Y) on val: 0.165500
training accuracy (client 8) : 0.911179 
client 8 accuracy on val: 0.866554
client 8 fairness(EQO, Y) on val: 1.306000
global model accuracy on val: 0.890839
global model fairness(EQO, N) on val: 0.996600
global model accuracy on test: 0.889637
global model fairness(EQO, Y) on test: 0.998800
------------ run = 9; t = 44; F_Global = 0.9966, Privileged = N ------------
training accuracy (client 1) : 0.939164 
client 1 accuracy on val: 0.833854
client 1 fairness(EQO, N) on val: 82.257900
training accuracy (client 3) : 0.997333 
client 3 accuracy on val: 0.890358
client 3 fairness(EQO, N) on val: 1.000000
training accuracy (client 10) : 0.932310 
client 10 accuracy on val: 0.888194
client 10 fairness(EQO, N) on val: 1.939700
global model accuracy on val: 0.888675
global model fairness(EQO, Y) on val: 0.633900
global model accuracy on test: 0.896129
global model fairness(EQO, Y) on test: 0.622700
------------ run = 9; t = 45; F_Global = 0.6339, Privileged = Y ------------
training accuracy (client 5) : 0.901141 
client 5 accuracy on val: 0.816302
client 5 fairness(EQO, Y) on val: 0.091100
training accuracy (client 8) : 0.906585 
client 8 accuracy on val: 0.867035
client 8 fairness(EQO, Y) on val: 1.301000
training accuracy (client 10) : 0.935921 
client 10 accuracy on val: 0.887232
client 10 fairness(EQO, Y) on val: 0.499900
global model accuracy on val: 0.891080
global model fairness(EQO, Y) on val: 0.957900
global model accuracy on test: 0.893244
global model fairness(EQO, Y) on test: 0.963100
------------ run = 9; t = 46; F_Global = 0.9579, Privileged = Y ------------
training accuracy (client 1) : 0.942966 
client 1 accuracy on val: 0.831690
client 1 fairness(EQO, Y) on val: 0.090900
training accuracy (client 2) : 0.980057 
client 2 accuracy on val: 0.890839
client 2 fairness(EQO, Y) on val: 1.003400
training accuracy (client 6) : 0.951219 
client 6 accuracy on val: 0.200769
client 6 fairness(EQO, Y) on val: 37.183800
global model accuracy on val: 0.605915
global model fairness(EQO, N) on val: 0.199100
global model accuracy on test: 0.619620
global model fairness(EQO, N) on test: 0.134900
------------ run = 9; t = 47; F_Global = 0.1991, Privileged = N ------------
training accuracy (client 2) : 0.980057 
client 2 accuracy on val: 0.890599
client 2 fairness(EQO, N) on val: 0.998300
training accuracy (client 5) : 0.897338 
client 5 accuracy on val: 0.812214
client 5 fairness(EQO, N) on val: 53.196800
training accuracy (client 9) : 0.894452 
client 9 accuracy on val: 0.889156
client 9 fairness(EQO, N) on val: 0.984200
global model accuracy on val: 0.824717
global model fairness(EQO, Y) on val: 0.302800
global model accuracy on test: 0.826401
global model fairness(EQO, Y) on test: 0.314000
------------ run = 9; t = 48; F_Global = 0.3028, Privileged = Y ------------
training accuracy (client 1) : 0.941065 
client 1 accuracy on val: 0.825920
client 1 fairness(EQO, Y) on val: 0.066400
training accuracy (client 8) : 0.909648 
client 8 accuracy on val: 0.869921
client 8 fairness(EQO, Y) on val: 1.243900
training accuracy (client 10) : 0.935018 
client 10 accuracy on val: 0.887954
client 10 fairness(EQO, Y) on val: 0.548300
global model accuracy on val: 0.890118
global model fairness(EQO, Y) on val: 0.803900
global model accuracy on test: 0.894205
global model fairness(EQO, Y) on test: 0.780400
------------ run = 9; t = 49; F_Global = 0.8039, Privileged = Y ------------
training accuracy (client 5) : 0.893536 
client 5 accuracy on val: 0.814138
client 5 fairness(EQO, Y) on val: 0.089200
training accuracy (client 8) : 0.906585 
client 8 accuracy on val: 0.866554
client 8 fairness(EQO, Y) on val: 1.267800
training accuracy (client 10) : 0.936823 
client 10 accuracy on val: 0.887232
client 10 fairness(EQO, Y) on val: 0.499900
global model accuracy on val: 0.877855
global model fairness(EQO, N) on val: 0.854100
global model accuracy on test: 0.878336
global model fairness(EQO, N) on test: 0.844000
------------ run = 9; t = 50; F_Global = 0.8541, Privileged = N ------------
training accuracy (client 1) : 0.941065 
client 1 accuracy on val: 0.832652
client 1 fairness(EQO, N) on val: 82.979900
training accuracy (client 3) : 0.997333 
client 3 accuracy on val: 0.890358
client 3 fairness(EQO, N) on val: 1.000000
training accuracy (client 8) : 0.908116 
client 8 accuracy on val: 0.866314
client 8 fairness(EQO, N) on val: 0.819200
global model accuracy on val: 0.842510
global model fairness(EQO, Y) on val: 0.161500
global model accuracy on test: 0.851887
global model fairness(EQO, Y) on test: 0.170200
----------------Done (FLAlgMain)----------------
