------------Execute (split_train_val_test)------------
rTrain: 0.6, rVal: 0.2, rTest: 0.2, alpha: 0.5, num_clients: 10
Total number of data row in law.csv: 20798
Total number of Training datasets: 12480
Total number of Testing datasets: 4159
Total number of Validation datasets: 4159
ratio :
[[1.05040724e-01 1.17555478e-01 1.45700803e-01 4.37419154e-03
  1.36447228e-01 2.28863310e-01 3.41127035e-02 7.59943459e-02
  1.51688626e-01 2.22589955e-04]
 [7.35087186e-05 2.27083886e-02 4.67395506e-02 2.37015033e-02
  1.30587726e-01 1.46567902e-01 7.74640574e-03 1.95513615e-01
  2.46019188e-01 1.80342213e-01]
 [2.29619499e-02 1.68568960e-01 8.76635894e-04 3.39833045e-01
  1.07969029e-01 1.71186994e-01 1.07565844e-01 3.99362673e-03
  2.47868490e-02 5.22570664e-02]
 [6.96877029e-03 1.55671464e-01 9.33375918e-02 2.57130471e-01
  1.16005212e-01 1.50538118e-01 1.51076707e-01 3.80242572e-04
  1.90371823e-03 6.69877044e-02]]
Total number of data row in dataset: 12480
Total number of clients datasets: 10
----------------(start splitting client datasets from adult_used.csv)----------------
client 1 training data (1051, 12)
client 2 training data (1475, 12)
client 3 training data (1501, 12)
client 4 training data (675, 12)
client 5 training data (1646, 12)
client 6 training data (2662, 12)
client 7 training data (567, 12)
client 8 training data (907, 12)
client 9 training data (1713, 12)
client 10 training data (283, 12)
----------------(finish splitting client datasets took 0.332111120223999)----------------
------------Done (split_train_val_test)------------
