------------Execute (split_train_val_test)------------
rTrain: 0.6, rVal: 0.2, rTest: 0.2, alpha: 0.5, num_clients: 10
Total number of data row in law.csv: 20798
Total number of Training datasets: 12480
Total number of Testing datasets: 4159
Total number of Validation datasets: 4159
ratio :
[[1.21167567e-01 2.49712483e-01 9.42407529e-02 1.90705488e-02
  5.33150097e-02 6.29213869e-02 2.15561157e-01 8.89445336e-02
  9.35553563e-02 1.51120472e-03]
 [1.30777330e-01 1.56559636e-02 2.94515962e-01 1.58182971e-02
  3.96339920e-02 9.19851584e-03 8.51667130e-02 2.39501447e-01
  2.15082672e-02 1.48223513e-01]
 [1.19865919e-01 3.43197131e-04 2.03250368e-02 3.84291577e-02
  1.87928769e-02 6.91461285e-01 8.37918696e-02 2.55058410e-02
  1.06049776e-03 4.24319231e-04]
 [4.37434540e-01 4.68057740e-02 6.37958162e-02 9.85865108e-03
  9.03853392e-02 1.53505463e-01 2.66535576e-04 1.48354775e-01
  9.64535226e-03 3.99477536e-02]]
Total number of data row in dataset: 12480
Total number of clients datasets: 10
----------------(start splitting client datasets from adult_used.csv)----------------
client 1 training data (1696, 12)
client 2 training data (2447, 12)
client 3 training data (1205, 12)
client 4 training data (257, 12)
client 5 training data (623, 12)
client 6 training data (1722, 12)
client 7 training data (2269, 12)
client 8 training data (1166, 12)
client 9 training data (924, 12)
client 10 training data (171, 12)
----------------(finish splitting client datasets took 0.3342132568359375)----------------
------------Done (split_train_val_test)------------
