------------Execute (split_train_val_test)------------
rTrain: 0.6, rVal: 0.2, rTest: 0.2, alpha: 0.5, num_clients: 10
Total number of data row in law.csv: 20798
Total number of Training datasets: 12480
Total number of Testing datasets: 4159
Total number of Validation datasets: 4159
ratio :
[[2.75088440e-02 5.72506903e-04 9.03379285e-02 1.57361342e-01
  1.84351549e-01 4.29469052e-03 1.08332903e-03 4.86030590e-01
  3.42900407e-02 1.41691792e-02]
 [1.07684381e-01 2.31419824e-01 9.25536129e-02 8.62759337e-02
  1.31447620e-02 7.54771413e-03 4.25406779e-03 1.78661441e-01
  2.78217445e-01 2.40817657e-04]
 [1.22589629e-01 2.60393246e-02 3.09486822e-02 9.08551380e-03
  3.62503369e-01 1.69782627e-03 1.59103966e-01 2.11990456e-01
  6.61478290e-05 7.59750855e-02]
 [1.40801212e-02 3.54175324e-01 1.40339003e-02 1.30774364e-01
  6.92596048e-03 4.94294810e-05 7.73807732e-02 1.00773788e-01
  1.62480999e-01 1.39325340e-01]]
Total number of data row in dataset: 12480
Total number of clients datasets: 10
----------------(start splitting client datasets from adult_used.csv)----------------
client 1 training data (536, 12)
client 2 training data (422, 12)
client 3 training data (1001, 12)
client 4 training data (1677, 12)
client 5 training data (2318, 12)
client 6 training data (49, 12)
client 7 training data (282, 12)
client 8 training data (5210, 12)
client 9 training data (646, 12)
client 10 training data (339, 12)
----------------(finish splitting client datasets took 0.3394041061401367)----------------
------------Done (split_train_val_test)------------
