------------Execute (split_train_val_test)------------
rTrain: 0.6, rVal: 0.2, rTest: 0.2, alpha: 0.5, num_clients: 10
Total number of data row in law.csv: 20798
Total number of Training datasets: 12480
Total number of Testing datasets: 4159
Total number of Validation datasets: 4159
ratio :
[[1.12722466e-01 1.83130638e-01 4.92336720e-04 1.70334489e-03
  5.85175388e-03 3.56173583e-02 3.76400274e-01 1.39095047e-02
  5.74877922e-02 2.12684531e-01]
 [2.41272051e-01 2.43377821e-01 1.47927929e-01 2.59964973e-01
  7.20371141e-04 1.47522192e-02 1.50944745e-02 7.38439054e-02
  6.37831371e-07 3.04561692e-03]
 [1.14605747e-01 1.99647440e-03 4.76922363e-02 1.50654713e-02
  1.21024766e-01 1.94137616e-01 4.36895300e-01 4.29174538e-02
  1.75185471e-02 8.14638842e-03]
 [6.20474503e-02 8.38715700e-02 2.44045490e-01 6.05481914e-02
  1.12261964e-01 2.96003550e-04 2.31591863e-01 1.44175281e-06
  8.65798842e-03 1.96678038e-01]]
Total number of data row in dataset: 12480
Total number of clients datasets: 10
----------------(start splitting client datasets from adult_used.csv)----------------
client 1 training data (1487, 12)
client 2 training data (2014, 12)
client 3 training data (335, 12)
client 4 training data (290, 12)
client 5 training data (295, 12)
client 6 training data (636, 12)
client 7 training data (4396, 12)
client 8 training data (257, 12)
client 9 training data (581, 12)
client 10 training data (2189, 12)
----------------(finish splitting client datasets took 0.40892887115478516)----------------
------------Done (split_train_val_test)------------
