Alg.: FairFateVC; Client dataset: today_20230531\dataset_SP_run_1; client Count: 10
----------------(start loading 10 client datasets from today_20230531\dataset_SP_run_1)----------------
----------------(successfully loading 10 client datasets and server testing data from today_20230531\dataset_SP_run_1)----------------
----------------Execute (FLAlgMain)----------------
----------------(start running algorithm)----------------
global model accuracy on val: 0.484972
global model fairness(SP, Y) on val: 0.464000
------------ run = 2; t = 1; F_Global = 0.464, Privileged = Y ------------
training accuracy (client 5) : 0.890555 
client 5 accuracy on val: 0.894446
client 5 fairness(SP, Y) on val: 0.741700
training accuracy (client 7) : 0.931434 
client 7 accuracy on val: 0.893724
client 7 fairness(SP, Y) on val: 1.000000
training accuracy (client 10) : 0.866226 
client 10 accuracy on val: 0.873768
client 10 fairness(SP, Y) on val: 0.394000
global model accuracy on val: 0.883626
global model fairness(SP, Y) on val: 0.709500
global model accuracy on test: 0.871363
global model fairness(SP, Y) on test: 0.719100
------------ run = 2; t = 2; F_Global = 0.7095, Privileged = Y ------------
training accuracy (client 1) : 0.884615 
client 1 accuracy on val: 0.897331
client 1 fairness(SP, Y) on val: 0.955800
training accuracy (client 3) : 0.861010 
client 3 accuracy on val: 0.887954
client 3 fairness(SP, Y) on val: 0.554200
training accuracy (client 6) : 0.916302 
client 6 accuracy on val: 0.899495
client 6 fairness(SP, Y) on val: 0.893900
global model accuracy on val: 0.894205
global model fairness(SP, Y) on val: 0.796300
global model accuracy on test: 0.888194
global model fairness(SP, Y) on test: 0.825100
------------ run = 2; t = 3; F_Global = 0.7963, Privileged = Y ------------
training accuracy (client 1) : 0.883375 
client 1 accuracy on val: 0.898052
client 1 fairness(SP, Y) on val: 0.959200
training accuracy (client 3) : 0.927407 
client 3 accuracy on val: 0.893724
client 3 fairness(SP, Y) on val: 1.000000
training accuracy (client 4) : 0.895802 
client 4 accuracy on val: 0.903102
client 4 fairness(SP, Y) on val: 0.837600
training accuracy (client 5) : 0.915678 
client 5 accuracy on val: 0.901419
client 5 fairness(SP, Y) on val: 0.862700
global model accuracy on val: 0.899495
global model fairness(SP, Y) on val: 0.917600
global model accuracy on test: 0.889877
global model fairness(SP, Y) on test: 0.922600
------------ run = 2; t = 4; F_Global = 0.9176, Privileged = Y ------------
training accuracy (client 1) : 0.883375 
client 1 accuracy on val: 0.897812
client 1 fairness(SP, Y) on val: 0.961900
training accuracy (client 2) : 0.719925 
client 2 accuracy on val: 0.858620
client 2 fairness(SP, Y) on val: 0.654000
training accuracy (client 5) : 0.916927 
client 5 accuracy on val: 0.901900
client 5 fairness(SP, Y) on val: 0.872100
training accuracy (client 11) : 0.622642 
client 11 accuracy on val: 0.810772
client 11 fairness(SP, Y) on val: 0.517000
global model accuracy on val: 0.901659
global model fairness(SP, Y) on val: 0.878800
global model accuracy on test: 0.892041
global model fairness(SP, Y) on test: 0.882900
------------ run = 2; t = 5; F_Global = 0.8788, Privileged = Y ------------
training accuracy (client 1) : 0.885856 
client 1 accuracy on val: 0.899976
client 1 fairness(SP, Y) on val: 0.950500
training accuracy (client 3) : 0.895802 
client 3 accuracy on val: 0.904304
client 3 fairness(SP, Y) on val: 0.842900
training accuracy (client 4) : 0.933366 
client 4 accuracy on val: 0.896369
client 4 fairness(SP, Y) on val: 0.977200
training accuracy (client 8) : 0.960428 
client 8 accuracy on val: 0.893724
client 8 fairness(SP, Y) on val: 1.000000
global model accuracy on val: 0.901419
global model fairness(SP, Y) on val: 0.927500
global model accuracy on test: 0.891320
global model fairness(SP, Y) on test: 0.939300
------------ run = 2; t = 6; F_Global = 0.9275, Privileged = Y ------------
training accuracy (client 2) : 0.927407 
client 2 accuracy on val: 0.893724
client 2 fairness(SP, Y) on val: 1.000000
training accuracy (client 4) : 0.966316 
client 4 accuracy on val: 0.895408
client 4 fairness(SP, Y) on val: 0.986000
training accuracy (client 6) : 0.586957 
client 6 accuracy on val: 0.856937
client 6 fairness(SP, Y) on val: 0.595000
training accuracy (client 8) : 0.995758 
client 8 accuracy on val: 0.893724
client 8 fairness(SP, Y) on val: 1.000000
training accuracy (client 11) : 0.548913 
client 11 accuracy on val: 0.886752
client 11 fairness(SP, Y) on val: 0.670000
global model accuracy on val: 0.895888
global model fairness(SP, Y) on val: 0.976600
global model accuracy on test: 0.889156
global model fairness(SP, Y) on test: 0.980700
------------ run = 2; t = 7; F_Global = 0.9766, Privileged = Y ------------
training accuracy (client 2) : 0.927407 
client 2 accuracy on val: 0.894205
client 2 fairness(SP, Y) on val: 0.996900
training accuracy (client 4) : 0.967719 
client 4 accuracy on val: 0.894927
client 4 fairness(SP, Y) on val: 0.982800
training accuracy (client 6) : 0.960428 
client 6 accuracy on val: 0.893724
client 6 fairness(SP, Y) on val: 1.000000
training accuracy (client 7) : 0.995758 
client 7 accuracy on val: 0.893724
client 7 fairness(SP, Y) on val: 1.000000
training accuracy (client 11) : 0.547170 
client 11 accuracy on val: 0.884588
client 11 fairness(SP, Y) on val: 0.654300
global model accuracy on val: 0.894446
global model fairness(SP, Y) on val: 0.995300
global model accuracy on test: 0.886992
global model fairness(SP, Y) on test: 0.000000
------------ run = 2; t = 8; F_Global = 0.9953, Privileged = Y ------------
training accuracy (client 3) : 0.936263 
client 3 accuracy on val: 0.898774
client 3 fairness(SP, Y) on val: 0.954600
training accuracy (client 10) : 0.966831 
client 10 accuracy on val: 0.893724
client 10 fairness(SP, Y) on val: 1.000000
training accuracy (client 13) : 0.929392 
client 13 accuracy on val: 0.895408
client 13 fairness(SP, Y) on val: 0.985200
training accuracy (client 17) : 0.500000 
client 17 accuracy on val: 0.904304
client 17 fairness(SP, Y) on val: 0.817700
training accuracy (client 18) : 0.490741 
client 18 accuracy on val: 0.904063
client 18 fairness(SP, Y) on val: 0.824300
global model accuracy on val: 0.894205
global model fairness(SP, Y) on val: 0.996900
global model accuracy on test: 0.886992
global model fairness(SP, Y) on test: 0.000000
------------ run = 2; t = 9; F_Global = 0.9969, Privileged = Y ------------
training accuracy (client 4) : 0.874840 
client 4 accuracy on val: 0.885549
client 4 fairness(SP, Y) on val: 0.533800
training accuracy (client 8) : 0.840580 
client 8 accuracy on val: 0.894686
client 8 fairness(SP, Y) on val: 0.996400
training accuracy (client 16) : 0.973503 
client 16 accuracy on val: 0.893724
client 16 fairness(SP, Y) on val: 1.000000
training accuracy (client 17) : 0.929392 
client 17 accuracy on val: 0.894927
client 17 fairness(SP, Y) on val: 0.990200
training accuracy (client 18) : 0.500000 
client 18 accuracy on val: 0.904304
client 18 fairness(SP, Y) on val: 0.805600
training accuracy (client 19) : 0.490741 
client 19 accuracy on val: 0.904544
client 19 fairness(SP, Y) on val: 0.818500
global model accuracy on val: 0.894205
global model fairness(SP, Y) on val: 0.996900
global model accuracy on test: 0.886992
global model fairness(SP, Y) on test: 0.000000
------------ run = 2; t = 10; F_Global = 0.9969, Privileged = Y ------------
training accuracy (client 3) : 0.971228 
client 3 accuracy on val: 0.897331
client 3 fairness(SP, Y) on val: 0.967200
training accuracy (client 5) : 0.995758 
client 5 accuracy on val: 0.893724
client 5 fairness(SP, Y) on val: 1.000000
training accuracy (client 6) : 0.566406 
client 6 accuracy on val: 0.872566
client 6 fairness(SP, Y) on val: 0.670800
training accuracy (client 7) : 0.966831 
client 7 accuracy on val: 0.893724
client 7 fairness(SP, Y) on val: 1.000000
training accuracy (client 16) : 0.973635 
client 16 accuracy on val: 0.894205
client 16 fairness(SP, Y) on val: 0.996900
training accuracy (client 17) : 0.840580 
client 17 accuracy on val: 0.895167
client 17 fairness(SP, Y) on val: 0.998200
global model accuracy on val: 0.893724
global model fairness(SP, Y) on val: 0.000000
global model accuracy on test: 0.886992
global model fairness(SP, Y) on test: 0.000000
------------ run = 2; t = 11; F_Global = 0, Privileged = Y ------------
training accuracy (client 1) : 0.883375 
client 1 accuracy on val: 0.901419
client 1 fairness(SP, Y) on val: 0.934200
training accuracy (client 6) : 0.542453 
client 6 accuracy on val: 0.884107
client 6 fairness(SP, Y) on val: 0.703000
training accuracy (client 7) : 0.491379 
client 7 accuracy on val: 0.905747
client 7 fairness(SP, Y) on val: 0.807400
training accuracy (client 8) : 0.529412 
client 8 accuracy on val: 0.896850
client 8 fairness(SP, Y) on val: 0.762700
training accuracy (client 11) : 0.570652 
client 11 accuracy on val: 0.890599
client 11 fairness(SP, Y) on val: 0.726700
training accuracy (client 17) : 0.500000 
client 17 accuracy on val: 0.904785
client 17 fairness(SP, Y) on val: 0.833600
global model accuracy on val: 0.896610
global model fairness(SP, Y) on val: 0.974300
global model accuracy on test: 0.889637
global model fairness(SP, Y) on test: 0.974700
------------ run = 2; t = 12; F_Global = 0.9743, Privileged = Y ------------
training accuracy (client 1) : 0.882134 
client 1 accuracy on val: 0.901900
client 1 fairness(SP, Y) on val: 0.932700
training accuracy (client 2) : 0.927407 
client 2 accuracy on val: 0.894686
client 2 fairness(SP, Y) on val: 0.995600
training accuracy (client 9) : 0.535714 
client 9 accuracy on val: 0.893965
client 9 fairness(SP, Y) on val: 0.740500
training accuracy (client 12) : 0.973503 
client 12 accuracy on val: 0.893724
client 12 fairness(SP, Y) on val: 1.000000
training accuracy (client 20) : 0.531250 
client 20 accuracy on val: 0.898052
client 20 fairness(SP, Y) on val: 0.768500
training accuracy (client 21) : 0.539062 
client 21 accuracy on val: 0.897331
client 21 fairness(SP, Y) on val: 0.773800
global model accuracy on val: 0.894686
global model fairness(SP, Y) on val: 0.994300
global model accuracy on test: 0.887954
global model fairness(SP, Y) on test: 0.994000
------------ run = 2; t = 13; F_Global = 0.9943, Privileged = Y ------------
training accuracy (client 2) : 0.960428 
client 2 accuracy on val: 0.893724
client 2 fairness(SP, Y) on val: 1.000000
training accuracy (client 3) : 0.995758 
client 3 accuracy on val: 0.893724
client 3 fairness(SP, Y) on val: 1.000000
training accuracy (client 4) : 0.966831 
client 4 accuracy on val: 0.893724
client 4 fairness(SP, Y) on val: 1.000000
training accuracy (client 7) : 0.529412 
client 7 accuracy on val: 0.891560
client 7 fairness(SP, Y) on val: 0.762100
training accuracy (client 11) : 0.603175 
client 11 accuracy on val: 0.864871
client 11 fairness(SP, Y) on val: 0.676900
training accuracy (client 16) : 0.490741 
client 16 accuracy on val: 0.898533
client 16 fairness(SP, Y) on val: 0.824100
training accuracy (client 22) : 0.539062 
client 22 accuracy on val: 0.898293
client 22 fairness(SP, Y) on val: 0.801200
global model accuracy on val: 0.894205
global model fairness(SP, Y) on val: 0.996900
global model accuracy on test: 0.886992
global model fairness(SP, Y) on test: 0.000000
------------ run = 2; t = 14; F_Global = 0.9969, Privileged = Y ------------
training accuracy (client 3) : 0.995758 
client 3 accuracy on val: 0.893724
client 3 fairness(SP, Y) on val: 1.000000
training accuracy (client 5) : 0.570755 
client 5 accuracy on val: 0.874970
client 5 fairness(SP, Y) on val: 0.727400
training accuracy (client 13) : 0.519231 
client 13 accuracy on val: 0.902380
client 13 fairness(SP, Y) on val: 0.830400
training accuracy (client 18) : 0.515625 
client 18 accuracy on val: 0.900697
client 18 fairness(SP, Y) on val: 0.821000
training accuracy (client 19) : 0.536765 
client 19 accuracy on val: 0.893724
client 19 fairness(SP, Y) on val: 0.777200
training accuracy (client 20) : 0.532258 
client 20 accuracy on val: 0.897091
client 20 fairness(SP, Y) on val: 0.794500
training accuracy (client 23) : 0.531250 
client 23 accuracy on val: 0.899736
client 23 fairness(SP, Y) on val: 0.817800
global model accuracy on val: 0.893724
global model fairness(SP, Y) on val: 0.000000
global model accuracy on test: 0.886992
global model fairness(SP, Y) on test: 0.000000
------------ run = 2; t = 15; F_Global = 0, Privileged = Y ------------
training accuracy (client 1) : 0.927407 
client 1 accuracy on val: 0.894686
client 1 fairness(SP, Y) on val: 0.996200
training accuracy (client 2) : 0.960428 
client 2 accuracy on val: 0.893724
client 2 fairness(SP, Y) on val: 1.000000
training accuracy (client 8) : 0.973503 
client 8 accuracy on val: 0.893724
client 8 fairness(SP, Y) on val: 1.000000
training accuracy (client 9) : 0.971751 
client 9 accuracy on val: 0.894205
client 9 fairness(SP, Y) on val: 0.996900
training accuracy (client 14) : 0.982866 
client 14 accuracy on val: 0.893724
client 14 fairness(SP, Y) on val: 1.000000
training accuracy (client 16) : 0.515625 
client 16 accuracy on val: 0.903823
client 16 fairness(SP, Y) on val: 0.849400
training accuracy (client 24) : 0.531250 
client 24 accuracy on val: 0.900938
client 24 fairness(SP, Y) on val: 0.827600
global model accuracy on val: 0.893724
global model fairness(SP, Y) on val: 0.000000
global model accuracy on test: 0.886992
global model fairness(SP, Y) on test: 0.000000
------------ run = 2; t = 16; F_Global = 0, Privileged = Y ------------
training accuracy (client 4) : 0.966831 
client 4 accuracy on val: 0.893724
client 4 fairness(SP, Y) on val: 1.000000
training accuracy (client 7) : 0.576087 
client 7 accuracy on val: 0.884588
client 7 fairness(SP, Y) on val: 0.768500
training accuracy (client 14) : 0.982866 
client 14 accuracy on val: 0.893724
client 14 fairness(SP, Y) on val: 1.000000
training accuracy (client 15) : 0.507143 
client 15 accuracy on val: 0.901419
client 15 fairness(SP, Y) on val: 0.805000
training accuracy (client 17) : 0.481481 
client 17 accuracy on val: 0.902861
client 17 fairness(SP, Y) on val: 0.849900
training accuracy (client 18) : 0.528846 
client 18 accuracy on val: 0.902621
client 18 fairness(SP, Y) on val: 0.835200
training accuracy (client 24) : 0.531250 
client 24 accuracy on val: 0.900697
client 24 fairness(SP, Y) on val: 0.828800
global model accuracy on val: 0.894205
global model fairness(SP, Y) on val: 0.996900
global model accuracy on test: 0.886992
global model fairness(SP, Y) on test: 0.000000
------------ run = 2; t = 17; F_Global = 0.9969, Privileged = Y ------------
training accuracy (client 3) : 0.995758 
client 3 accuracy on val: 0.893724
client 3 fairness(SP, Y) on val: 1.000000
training accuracy (client 5) : 0.491379 
client 5 accuracy on val: 0.900938
client 5 fairness(SP, Y) on val: 0.821600
training accuracy (client 10) : 0.840580 
client 10 accuracy on val: 0.894927
client 10 fairness(SP, Y) on val: 0.999200
training accuracy (client 15) : 0.521429 
client 15 accuracy on val: 0.898052
client 15 fairness(SP, Y) on val: 0.791700
training accuracy (client 21) : 0.515625 
client 21 accuracy on val: 0.900457
client 21 fairness(SP, Y) on val: 0.818000
training accuracy (client 22) : 0.529412 
client 22 accuracy on val: 0.895167
client 22 fairness(SP, Y) on val: 0.789500
training accuracy (client 23) : 0.540323 
client 23 accuracy on val: 0.897091
client 23 fairness(SP, Y) on val: 0.795500
global model accuracy on val: 0.893724
global model fairness(SP, Y) on val: 0.000000
global model accuracy on test: 0.886992
global model fairness(SP, Y) on test: 0.000000
------------ run = 2; t = 18; F_Global = 0, Privileged = Y ------------
training accuracy (client 4) : 0.966831 
client 4 accuracy on val: 0.893724
client 4 fairness(SP, Y) on val: 1.000000
training accuracy (client 6) : 0.576087 
client 6 accuracy on val: 0.883385
client 6 fairness(SP, Y) on val: 0.773000
training accuracy (client 11) : 0.970526 
client 11 accuracy on val: 0.898293
client 11 fairness(SP, Y) on val: 0.951600
training accuracy (client 13) : 0.982866 
client 13 accuracy on val: 0.893724
client 13 fairness(SP, Y) on val: 1.000000
training accuracy (client 16) : 0.519231 
client 16 accuracy on val: 0.900216
client 16 fairness(SP, Y) on val: 0.829100
training accuracy (client 19) : 0.531250 
client 19 accuracy on val: 0.901419
client 19 fairness(SP, Y) on val: 0.826900
training accuracy (client 21) : 0.514286 
client 21 accuracy on val: 0.899736
client 21 fairness(SP, Y) on val: 0.807700
global model accuracy on val: 0.894205
global model fairness(SP, Y) on val: 0.996900
global model accuracy on test: 0.886992
global model fairness(SP, Y) on test: 0.000000
------------ run = 2; t = 19; F_Global = 0.9969, Privileged = Y ------------
training accuracy (client 3) : 0.995758 
client 3 accuracy on val: 0.893724
client 3 fairness(SP, Y) on val: 1.000000
training accuracy (client 13) : 0.982866 
client 13 accuracy on val: 0.893724
client 13 fairness(SP, Y) on val: 1.000000
training accuracy (client 16) : 0.519231 
client 16 accuracy on val: 0.898533
client 16 fairness(SP, Y) on val: 0.819700
training accuracy (client 20) : 0.500000 
client 20 accuracy on val: 0.900938
client 20 fairness(SP, Y) on val: 0.814300
training accuracy (client 21) : 0.528571 
client 21 accuracy on val: 0.898052
client 21 fairness(SP, Y) on val: 0.790800
training accuracy (client 22) : 0.523438 
client 22 accuracy on val: 0.900216
client 22 fairness(SP, Y) on val: 0.810400
training accuracy (client 23) : 0.536765 
client 23 accuracy on val: 0.892522
client 23 fairness(SP, Y) on val: 0.768400
global model accuracy on val: 0.893724
global model fairness(SP, Y) on val: 0.000000
global model accuracy on test: 0.886992
global model fairness(SP, Y) on test: 0.000000
------------ run = 2; t = 20; F_Global = 0, Privileged = Y ------------
training accuracy (client 3) : 0.995758 
client 3 accuracy on val: 0.893724
client 3 fairness(SP, Y) on val: 1.000000
training accuracy (client 14) : 0.523438 
client 14 accuracy on val: 0.902621
client 14 fairness(SP, Y) on val: 0.839300
training accuracy (client 16) : 0.518519 
client 16 accuracy on val: 0.901900
client 16 fairness(SP, Y) on val: 0.827100
training accuracy (client 21) : 0.491379 
client 21 accuracy on val: 0.902380
client 21 fairness(SP, Y) on val: 0.820100
training accuracy (client 22) : 0.500000 
client 22 accuracy on val: 0.901178
client 22 fairness(SP, Y) on val: 0.798300
training accuracy (client 23) : 0.515625 
client 23 accuracy on val: 0.901659
client 23 fairness(SP, Y) on val: 0.821300
training accuracy (client 24) : 0.536765 
client 24 accuracy on val: 0.893724
client 24 fairness(SP, Y) on val: 0.774300
global model accuracy on val: 0.894205
global model fairness(SP, Y) on val: 0.996900
global model accuracy on test: 0.886992
global model fairness(SP, Y) on test: 0.000000
------------ run = 2; t = 21; F_Global = 0.9969, Privileged = Y ------------
training accuracy (client 1) : 0.927407 
client 1 accuracy on val: 0.894686
client 1 fairness(SP, Y) on val: 0.994900
training accuracy (client 6) : 0.586957 
client 6 accuracy on val: 0.881702
client 6 fairness(SP, Y) on val: 0.741800
training accuracy (client 7) : 0.973503 
client 7 accuracy on val: 0.893724
client 7 fairness(SP, Y) on val: 1.000000
training accuracy (client 13) : 0.982866 
client 13 accuracy on val: 0.893724
client 13 fairness(SP, Y) on val: 1.000000
training accuracy (client 15) : 0.481481 
client 15 accuracy on val: 0.899495
client 15 fairness(SP, Y) on val: 0.829200
training accuracy (client 19) : 0.540323 
client 19 accuracy on val: 0.896129
client 19 fairness(SP, Y) on val: 0.774500
training accuracy (client 21) : 0.500000 
client 21 accuracy on val: 0.900938
client 21 fairness(SP, Y) on val: 0.812500
global model accuracy on val: 0.893724
global model fairness(SP, Y) on val: 0.000000
global model accuracy on test: 0.886992
global model fairness(SP, Y) on test: 0.000000
------------ run = 2; t = 22; F_Global = 0, Privileged = Y ------------
training accuracy (client 2) : 0.995758 
client 2 accuracy on val: 0.893724
client 2 fairness(SP, Y) on val: 1.000000
training accuracy (client 3) : 0.966831 
client 3 accuracy on val: 0.893724
client 3 fairness(SP, Y) on val: 1.000000
training accuracy (client 5) : 0.973503 
client 5 accuracy on val: 0.893724
client 5 fairness(SP, Y) on val: 1.000000
training accuracy (client 7) : 0.840580 
client 7 accuracy on val: 0.894205
client 7 fairness(SP, Y) on val: 1.003300
training accuracy (client 12) : 0.523438 
client 12 accuracy on val: 0.902621
client 12 fairness(SP, Y) on val: 0.839000
training accuracy (client 14) : 0.519231 
client 14 accuracy on val: 0.903102
client 14 fairness(SP, Y) on val: 0.834300
training accuracy (client 23) : 0.540323 
client 23 accuracy on val: 0.898052
client 23 fairness(SP, Y) on val: 0.803400
global model accuracy on val: 0.893724
global model fairness(SP, Y) on val: 0.000000
global model accuracy on test: 0.886992
global model fairness(SP, Y) on test: 0.000000
------------ run = 2; t = 23; F_Global = 0, Privileged = Y ------------
training accuracy (client 1) : 0.960428 
client 1 accuracy on val: 0.893724
client 1 fairness(SP, Y) on val: 1.000000
training accuracy (client 2) : 0.995758 
client 2 accuracy on val: 0.893724
client 2 fairness(SP, Y) on val: 1.000000
training accuracy (client 3) : 0.966831 
client 3 accuracy on val: 0.893724
client 3 fairness(SP, Y) on val: 1.000000
training accuracy (client 4) : 0.532609 
client 4 accuracy on val: 0.892763
client 4 fairness(SP, Y) on val: 0.785700
training accuracy (client 11) : 0.982866 
client 11 accuracy on val: 0.893724
client 11 fairness(SP, Y) on val: 1.000000
training accuracy (client 14) : 0.519231 
client 14 accuracy on val: 0.902621
client 14 fairness(SP, Y) on val: 0.844000
training accuracy (client 22) : 0.481481 
client 22 accuracy on val: 0.900216
client 22 fairness(SP, Y) on val: 0.838100
global model accuracy on val: 0.893724
global model fairness(SP, Y) on val: 0.000000
global model accuracy on test: 0.886992
global model fairness(SP, Y) on test: 0.000000
------------ run = 2; t = 24; F_Global = 0, Privileged = Y ------------
training accuracy (client 2) : 0.995758 
client 2 accuracy on val: 0.893724
client 2 fairness(SP, Y) on val: 1.000000
training accuracy (client 5) : 0.973503 
client 5 accuracy on val: 0.893724
client 5 fairness(SP, Y) on val: 1.000000
training accuracy (client 11) : 0.982866 
client 11 accuracy on val: 0.893724
client 11 fairness(SP, Y) on val: 1.000000
training accuracy (client 12) : 0.523438 
client 12 accuracy on val: 0.901659
client 12 fairness(SP, Y) on val: 0.840500
training accuracy (client 13) : 0.518519 
client 13 accuracy on val: 0.900216
client 13 fairness(SP, Y) on val: 0.829900
training accuracy (client 15) : 0.539062 
client 15 accuracy on val: 0.901659
client 15 fairness(SP, Y) on val: 0.826200
training accuracy (client 21) : 0.597826 
client 21 accuracy on val: 0.881702
client 21 fairness(SP, Y) on val: 0.766900
global model accuracy on val: 0.893724
global model fairness(SP, Y) on val: 0.000000
global model accuracy on test: 0.886992
global model fairness(SP, Y) on test: 0.000000
------------ run = 2; t = 25; F_Global = 0, Privileged = Y ------------
training accuracy (client 4) : 0.538043 
client 4 accuracy on val: 0.892282
client 4 fairness(SP, Y) on val: 0.789500
training accuracy (client 10) : 0.536585 
client 10 accuracy on val: 0.885549
client 10 fairness(SP, Y) on val: 0.769300
training accuracy (client 11) : 0.982866 
client 11 accuracy on val: 0.893724
client 11 fairness(SP, Y) on val: 1.000000
training accuracy (client 15) : 0.539062 
client 15 accuracy on val: 0.899736
client 15 fairness(SP, Y) on val: 0.827800
training accuracy (client 16) : 0.519231 
client 16 accuracy on val: 0.898533
client 16 fairness(SP, Y) on val: 0.829900
training accuracy (client 21) : 0.592391 
client 21 accuracy on val: 0.880260
client 21 fairness(SP, Y) on val: 0.766300
training accuracy (client 22) : 0.490741 
client 22 accuracy on val: 0.899495
client 22 fairness(SP, Y) on val: 0.856400
global model accuracy on val: 0.894205
global model fairness(SP, Y) on val: 0.996700
global model accuracy on test: 0.887954
global model fairness(SP, Y) on test: 0.995800
------------ run = 2; t = 26; F_Global = 0.9967, Privileged = Y ------------
training accuracy (client 3) : 0.966831 
client 3 accuracy on val: 0.893724
client 3 fairness(SP, Y) on val: 1.000000
training accuracy (client 5) : 0.973503 
client 5 accuracy on val: 0.893724
client 5 fairness(SP, Y) on val: 1.000000
training accuracy (client 7) : 0.840580 
client 7 accuracy on val: 0.894927
client 7 fairness(SP, Y) on val: 0.999900
training accuracy (client 10) : 0.554878 
client 10 accuracy on val: 0.874008
client 10 fairness(SP, Y) on val: 0.755200
training accuracy (client 12) : 0.515625 
client 12 accuracy on val: 0.899976
client 12 fairness(SP, Y) on val: 0.818800
training accuracy (client 19) : 0.529412 
client 19 accuracy on val: 0.881943
client 19 fairness(SP, Y) on val: 0.764600
training accuracy (client 20) : 0.927407 
client 20 accuracy on val: 0.895167
client 20 fairness(SP, Y) on val: 0.995500
global model accuracy on val: 0.893965
global model fairness(SP, Y) on val: 0.998300
global model accuracy on test: 0.886992
global model fairness(SP, Y) on test: 0.000000
------------ run = 2; t = 27; F_Global = 0.9983, Privileged = Y ------------
training accuracy (client 7) : 0.844203 
client 7 accuracy on val: 0.894446
client 7 fairness(SP, Y) on val: 1.008800
training accuracy (client 9) : 0.969825 
client 9 accuracy on val: 0.899495
client 9 fairness(SP, Y) on val: 0.940700
training accuracy (client 11) : 0.546296 
client 11 accuracy on val: 0.899255
client 11 fairness(SP, Y) on val: 0.832000
training accuracy (client 14) : 0.528846 
client 14 accuracy on val: 0.898293
client 14 fairness(SP, Y) on val: 0.826300
training accuracy (client 15) : 0.528571 
client 15 accuracy on val: 0.894446
client 15 fairness(SP, Y) on val: 0.809600
training accuracy (client 19) : 0.540323 
client 19 accuracy on val: 0.893484
client 19 fairness(SP, Y) on val: 0.802100
training accuracy (client 23) : 0.536765 
client 23 accuracy on val: 0.884107
client 23 fairness(SP, Y) on val: 0.776000
global model accuracy on val: 0.894686
global model fairness(SP, Y) on val: 0.997300
global model accuracy on test: 0.887473
global model fairness(SP, Y) on test: 0.999400
------------ run = 2; t = 28; F_Global = 0.9973, Privileged = Y ------------
training accuracy (client 1) : 0.960428 
client 1 accuracy on val: 0.893724
client 1 fairness(SP, Y) on val: 1.000000
training accuracy (client 2) : 0.995758 
client 2 accuracy on val: 0.893724
client 2 fairness(SP, Y) on val: 1.000000
training accuracy (client 10) : 0.548077 
client 10 accuracy on val: 0.897331
client 10 fairness(SP, Y) on val: 0.836400
training accuracy (client 16) : 0.548781 
client 16 accuracy on val: 0.870402
client 16 fairness(SP, Y) on val: 0.765100
training accuracy (client 18) : 0.927407 
client 18 accuracy on val: 0.894927
client 18 fairness(SP, Y) on val: 0.997000
training accuracy (client 22) : 0.535714 
client 22 accuracy on val: 0.888435
client 22 fairness(SP, Y) on val: 0.805400
training accuracy (client 24) : 0.551471 
client 24 accuracy on val: 0.880019
client 24 fairness(SP, Y) on val: 0.784000
global model accuracy on val: 0.893965
global model fairness(SP, Y) on val: 0.999000
global model accuracy on test: 0.886992
global model fairness(SP, Y) on test: 0.000000
------------ run = 2; t = 29; F_Global = 0.999, Privileged = Y ------------
training accuracy (client 3) : 0.966831 
client 3 accuracy on val: 0.893724
client 3 fairness(SP, Y) on val: 1.000000
training accuracy (client 4) : 0.548913 
client 4 accuracy on val: 0.888435
client 4 fairness(SP, Y) on val: 0.797300
training accuracy (client 6) : 0.967985 
client 6 accuracy on val: 0.893965
client 6 fairness(SP, Y) on val: 0.998400
training accuracy (client 13) : 0.490741 
client 13 accuracy on val: 0.898052
client 13 fairness(SP, Y) on val: 0.844700
training accuracy (client 19) : 0.540323 
client 19 accuracy on val: 0.895648
client 19 fairness(SP, Y) on val: 0.808500
training accuracy (client 20) : 0.519231 
client 20 accuracy on val: 0.900457
client 20 fairness(SP, Y) on val: 0.842500
training accuracy (client 23) : 0.535714 
client 23 accuracy on val: 0.895888
client 23 fairness(SP, Y) on val: 0.813900
global model accuracy on val: 0.893724
global model fairness(SP, Y) on val: 0.000000
global model accuracy on test: 0.886992
global model fairness(SP, Y) on test: 0.000000
------------ run = 2; t = 30; F_Global = 0, Privileged = Y ------------
training accuracy (client 8) : 0.539062 
client 8 accuracy on val: 0.899976
client 8 fairness(SP, Y) on val: 0.832100
training accuracy (client 13) : 0.974035 
client 13 accuracy on val: 0.900457
client 13 fairness(SP, Y) on val: 0.934500
training accuracy (client 14) : 0.527778 
client 14 accuracy on val: 0.899495
client 14 fairness(SP, Y) on val: 0.842200
training accuracy (client 18) : 0.544118 
client 18 accuracy on val: 0.891320
client 18 fairness(SP, Y) on val: 0.817400
training accuracy (client 21) : 0.490741 
client 21 accuracy on val: 0.899495
client 21 fairness(SP, Y) on val: 0.849100
training accuracy (client 22) : 0.540323 
client 22 accuracy on val: 0.895888
client 22 fairness(SP, Y) on val: 0.811900
training accuracy (client 23) : 0.519231 
client 23 accuracy on val: 0.900938
client 23 fairness(SP, Y) on val: 0.868700
global model accuracy on val: 0.894927
global model fairness(SP, Y) on val: 0.993900
global model accuracy on test: 0.888435
global model fairness(SP, Y) on test: 0.990400
------------ run = 2; t = 31; F_Global = 0.9939, Privileged = Y ------------
training accuracy (client 2) : 0.995758 
client 2 accuracy on val: 0.893724
client 2 fairness(SP, Y) on val: 1.000000
training accuracy (client 7) : 0.982866 
client 7 accuracy on val: 0.893724
client 7 fairness(SP, Y) on val: 1.000000
training accuracy (client 13) : 0.972632 
client 13 accuracy on val: 0.900457
client 13 fairness(SP, Y) on val: 0.934500
training accuracy (client 19) : 0.554348 
client 19 accuracy on val: 0.883385
client 19 fairness(SP, Y) on val: 0.751600
training accuracy (client 21) : 0.509259 
client 21 accuracy on val: 0.895648
client 21 fairness(SP, Y) on val: 0.803200
training accuracy (client 23) : 0.538462 
client 23 accuracy on val: 0.898293
client 23 fairness(SP, Y) on val: 0.799600
training accuracy (client 24) : 0.557143 
client 24 accuracy on val: 0.889637
client 24 fairness(SP, Y) on val: 0.780200
global model accuracy on val: 0.893965
global model fairness(SP, Y) on val: 0.998400
global model accuracy on test: 0.886992
global model fairness(SP, Y) on test: 0.000000
------------ run = 2; t = 32; F_Global = 0.9984, Privileged = Y ------------
training accuracy (client 1) : 0.960428 
client 1 accuracy on val: 0.893724
client 1 fairness(SP, Y) on val: 1.000000
training accuracy (client 3) : 0.966831 
client 3 accuracy on val: 0.893724
client 3 fairness(SP, Y) on val: 1.000000
training accuracy (client 7) : 0.982866 
client 7 accuracy on val: 0.893724
client 7 fairness(SP, Y) on val: 1.000000
training accuracy (client 12) : 0.523438 
client 12 accuracy on val: 0.899976
client 12 fairness(SP, Y) on val: 0.822200
training accuracy (client 15) : 0.542683 
client 15 accuracy on val: 0.880500
client 15 fairness(SP, Y) on val: 0.752400
training accuracy (client 19) : 0.532258 
client 19 accuracy on val: 0.894686
client 19 fairness(SP, Y) on val: 0.774400
training accuracy (client 23) : 0.519231 
client 23 accuracy on val: 0.900697
client 23 fairness(SP, Y) on val: 0.810100
global model accuracy on val: 0.893724
global model fairness(SP, Y) on val: 0.000000
global model accuracy on test: 0.886992
global model fairness(SP, Y) on test: 0.000000
------------ run = 2; t = 33; F_Global = 0, Privileged = Y ------------
training accuracy (client 5) : 0.840580 
client 5 accuracy on val: 0.895167
client 5 fairness(SP, Y) on val: 1.005100
training accuracy (client 9) : 0.515625 
client 9 accuracy on val: 0.899014
client 9 fairness(SP, Y) on val: 0.810800
training accuracy (client 13) : 0.528846 
client 13 accuracy on val: 0.899495
client 13 fairness(SP, Y) on val: 0.833600
training accuracy (client 14) : 0.927407 
client 14 accuracy on val: 0.895408
client 14 fairness(SP, Y) on val: 0.993900
training accuracy (client 15) : 0.544118 
client 15 accuracy on val: 0.890358
client 15 fairness(SP, Y) on val: 0.773300
training accuracy (client 19) : 0.490741 
client 19 accuracy on val: 0.899495
client 19 fairness(SP, Y) on val: 0.828900
training accuracy (client 22) : 0.548781 
client 22 accuracy on val: 0.881221
client 22 fairness(SP, Y) on val: 0.762900
global model accuracy on val: 0.894927
global model fairness(SP, Y) on val: 0.993900
global model accuracy on test: 0.888675
global model fairness(SP, Y) on test: 0.991900
------------ run = 2; t = 34; F_Global = 0.9939, Privileged = Y ------------
training accuracy (client 3) : 0.966831 
client 3 accuracy on val: 0.893724
client 3 fairness(SP, Y) on val: 1.000000
training accuracy (client 4) : 0.973503 
client 4 accuracy on val: 0.893724
client 4 fairness(SP, Y) on val: 1.000000
training accuracy (client 10) : 0.592391 
client 10 accuracy on val: 0.868478
client 10 fairness(SP, Y) on val: 0.743400
training accuracy (client 11) : 0.508621 
client 11 accuracy on val: 0.898052
client 11 fairness(SP, Y) on val: 0.800300
training accuracy (client 12) : 0.546296 
client 12 accuracy on val: 0.893244
client 12 fairness(SP, Y) on val: 0.805600
training accuracy (client 15) : 0.551471 
client 15 accuracy on val: 0.878577
client 15 fairness(SP, Y) on val: 0.763500
training accuracy (client 22) : 0.560976 
client 22 accuracy on val: 0.873046
client 22 fairness(SP, Y) on val: 0.750600
global model accuracy on val: 0.893724
global model fairness(SP, Y) on val: 0.999300
global model accuracy on test: 0.886992
global model fairness(SP, Y) on test: 0.000000
------------ run = 2; t = 35; F_Global = 0.9993, Privileged = Y ------------
training accuracy (client 4) : 0.973503 
client 4 accuracy on val: 0.893724
client 4 fairness(SP, Y) on val: 1.000000
training accuracy (client 7) : 0.982866 
client 7 accuracy on val: 0.893724
client 7 fairness(SP, Y) on val: 1.000000
training accuracy (client 10) : 0.528846 
client 10 accuracy on val: 0.899014
client 10 fairness(SP, Y) on val: 0.832700
training accuracy (client 14) : 0.554348 
client 14 accuracy on val: 0.887713
client 14 fairness(SP, Y) on val: 0.787900
training accuracy (client 18) : 0.540323 
client 18 accuracy on val: 0.893724
client 18 fairness(SP, Y) on val: 0.798500
training accuracy (client 20) : 0.597826 
client 20 accuracy on val: 0.872085
client 20 fairness(SP, Y) on val: 0.766500
training accuracy (client 22) : 0.555556 
client 22 accuracy on val: 0.899255
client 22 fairness(SP, Y) on val: 0.832600
global model accuracy on val: 0.893724
global model fairness(SP, Y) on val: 0.000000
global model accuracy on test: 0.886992
global model fairness(SP, Y) on test: 0.000000
------------ run = 2; t = 36; F_Global = 0, Privileged = Y ------------
training accuracy (client 2) : 0.995758 
client 2 accuracy on val: 0.893724
client 2 fairness(SP, Y) on val: 1.000000
training accuracy (client 4) : 0.973503 
client 4 accuracy on val: 0.893724
client 4 fairness(SP, Y) on val: 1.000000
training accuracy (client 7) : 0.982866 
client 7 accuracy on val: 0.893724
client 7 fairness(SP, Y) on val: 1.000000
training accuracy (client 11) : 0.969868 
client 11 accuracy on val: 0.894205
client 11 fairness(SP, Y) on val: 0.996900
training accuracy (client 16) : 0.519231 
client 16 accuracy on val: 0.899255
client 16 fairness(SP, Y) on val: 0.834000
training accuracy (client 19) : 0.554878 
client 19 accuracy on val: 0.880500
client 19 fairness(SP, Y) on val: 0.799700
training accuracy (client 23) : 0.597826 
client 23 accuracy on val: 0.872566
client 23 fairness(SP, Y) on val: 0.783800
global model accuracy on val: 0.893965
global model fairness(SP, N) on val: 0.999700
global model accuracy on test: 0.886992
global model fairness(SP, Y) on test: 0.000000
------------ run = 2; t = 37; F_Global = 0.9997, Privileged = N ------------
training accuracy (client 5) : 0.844203 
client 5 accuracy on val: 0.893484
client 5 fairness(SP, N) on val: 0.988400
training accuracy (client 6) : 0.928571 
client 6 accuracy on val: 0.895167
client 6 fairness(SP, N) on val: 1.004100
training accuracy (client 7) : 0.982866 
client 7 accuracy on val: 0.893724
client 7 fairness(SP, N) on val: 1.000000
training accuracy (client 9) : 0.523438 
client 9 accuracy on val: 0.897812
client 9 fairness(SP, N) on val: 1.212900
training accuracy (client 11) : 0.971751 
client 11 accuracy on val: 0.894446
client 11 fairness(SP, N) on val: 1.004700
training accuracy (client 18) : 0.551471 
client 18 accuracy on val: 0.889637
client 18 fairness(SP, N) on val: 1.222800
training accuracy (client 24) : 0.537037 
client 24 accuracy on val: 0.899736
client 24 fairness(SP, N) on val: 1.192600
global model accuracy on val: 0.894686
global model fairness(SP, Y) on val: 0.995500
global model accuracy on test: 0.887713
global model fairness(SP, Y) on test: 0.999700
------------ run = 2; t = 38; F_Global = 0.9955, Privileged = Y ------------
training accuracy (client 3) : 0.966831 
client 3 accuracy on val: 0.893724
client 3 fairness(SP, Y) on val: 1.000000
training accuracy (client 5) : 0.927750 
client 5 accuracy on val: 0.895408
client 5 fairness(SP, Y) on val: 0.996200
training accuracy (client 8) : 0.539062 
client 8 accuracy on val: 0.893724
client 8 fairness(SP, Y) on val: 0.811900
training accuracy (client 14) : 0.515625 
client 14 accuracy on val: 0.898293
client 14 fairness(SP, Y) on val: 0.819400
training accuracy (client 16) : 0.508621 
client 16 accuracy on val: 0.895648
client 16 fairness(SP, Y) on val: 0.808500
training accuracy (client 17) : 0.536765 
client 17 accuracy on val: 0.876653
client 17 fairness(SP, Y) on val: 0.752200
training accuracy (client 23) : 0.546296 
client 23 accuracy on val: 0.893724
client 23 fairness(SP, Y) on val: 0.826600
global model accuracy on val: 0.894205
global model fairness(SP, Y) on val: 0.996700
global model accuracy on test: 0.887232
global model fairness(SP, N) on test: 0.999100
------------ run = 2; t = 39; F_Global = 0.9967, Privileged = Y ------------
training accuracy (client 2) : 0.995758 
client 2 accuracy on val: 0.893724
client 2 fairness(SP, Y) on val: 1.000000
training accuracy (client 4) : 0.973503 
client 4 accuracy on val: 0.893724
client 4 fairness(SP, Y) on val: 1.000000
training accuracy (client 5) : 0.928571 
client 5 accuracy on val: 0.895408
client 5 fairness(SP, Y) on val: 0.995400
training accuracy (client 14) : 0.554878 
client 14 accuracy on val: 0.874489
client 14 fairness(SP, Y) on val: 0.770400
training accuracy (client 19) : 0.858696 
client 19 accuracy on val: 0.893724
client 19 fairness(SP, Y) on val: 1.010400
training accuracy (client 20) : 0.531250 
client 20 accuracy on val: 0.895408
client 20 fairness(SP, Y) on val: 0.824500
training accuracy (client 24) : 0.555556 
client 24 accuracy on val: 0.894446
client 24 fairness(SP, Y) on val: 0.832500
global model accuracy on val: 0.893724
global model fairness(SP, N) on val: 0.999400
global model accuracy on test: 0.886992
global model fairness(SP, Y) on test: 0.000000
------------ run = 2; t = 40; F_Global = 0.9994, Privileged = N ------------
training accuracy (client 3) : 0.966831 
client 3 accuracy on val: 0.893724
client 3 fairness(SP, N) on val: 1.000000
training accuracy (client 9) : 0.973333 
client 9 accuracy on val: 0.901900
client 9 fairness(SP, N) on val: 1.092000
training accuracy (client 16) : 0.597826 
client 16 accuracy on val: 0.868718
client 16 fairness(SP, N) on val: 1.259100
training accuracy (client 18) : 0.515625 
client 18 accuracy on val: 0.898533
client 18 fairness(SP, N) on val: 1.183800
training accuracy (client 19) : 0.508621 
client 19 accuracy on val: 0.899255
client 19 fairness(SP, N) on val: 1.198800
training accuracy (client 21) : 0.928571 
client 21 accuracy on val: 0.894927
client 21 fairness(SP, N) on val: 1.000800
training accuracy (client 23) : 0.523438 
client 23 accuracy on val: 0.895648
client 23 fairness(SP, N) on val: 1.199000
global model accuracy on val: 0.895408
global model fairness(SP, Y) on val: 0.993700
global model accuracy on test: 0.888435
global model fairness(SP, Y) on test: 0.990400
------------ run = 2; t = 41; F_Global = 0.9937, Privileged = Y ------------
training accuracy (client 2) : 0.995758 
client 2 accuracy on val: 0.893724
client 2 fairness(SP, Y) on val: 1.000000
training accuracy (client 3) : 0.966831 
client 3 accuracy on val: 0.893724
client 3 fairness(SP, Y) on val: 1.000000
training accuracy (client 5) : 0.982866 
client 5 accuracy on val: 0.893724
client 5 fairness(SP, Y) on val: 1.000000
training accuracy (client 12) : 0.548077 
client 12 accuracy on val: 0.895648
client 12 fairness(SP, Y) on val: 0.821000
training accuracy (client 18) : 0.523438 
client 18 accuracy on val: 0.893724
client 18 fairness(SP, Y) on val: 0.810900
training accuracy (client 20) : 0.536765 
client 20 accuracy on val: 0.870161
client 20 fairness(SP, Y) on val: 0.773300
training accuracy (client 24) : 0.564815 
client 24 accuracy on val: 0.886752
client 24 fairness(SP, Y) on val: 0.815000
global model accuracy on val: 0.893965
global model fairness(SP, N) on val: 0.999700
global model accuracy on test: 0.886992
global model fairness(SP, Y) on test: 0.000000
------------ run = 2; t = 42; F_Global = 0.9997, Privileged = N ------------
training accuracy (client 3) : 0.966831 
client 3 accuracy on val: 0.893724
client 3 fairness(SP, N) on val: 1.000000
training accuracy (client 5) : 0.982866 
client 5 accuracy on val: 0.893724
client 5 fairness(SP, N) on val: 1.000000
training accuracy (client 6) : 0.539062 
client 6 accuracy on val: 0.897331
client 6 fairness(SP, N) on val: 1.209700
training accuracy (client 12) : 0.528846 
client 12 accuracy on val: 0.898533
client 12 fairness(SP, N) on val: 1.189000
training accuracy (client 15) : 0.597826 
client 15 accuracy on val: 0.871123
client 15 fairness(SP, N) on val: 1.304700
training accuracy (client 19) : 0.548781 
client 19 accuracy on val: 0.876893
client 19 fairness(SP, N) on val: 1.240700
training accuracy (client 24) : 0.546296 
client 24 accuracy on val: 0.896129
client 24 fairness(SP, N) on val: 1.207300
global model accuracy on val: 0.895408
global model fairness(SP, Y) on val: 0.985300
global model accuracy on test: 0.888435
global model fairness(SP, Y) on test: 0.980700
------------ run = 2; t = 43; F_Global = 0.9853, Privileged = Y ------------
training accuracy (client 1) : 0.958289 
client 1 accuracy on val: 0.893724
client 1 fairness(SP, Y) on val: 1.000000
training accuracy (client 6) : 0.554688 
client 6 accuracy on val: 0.883385
client 6 fairness(SP, Y) on val: 0.809900
training accuracy (client 9) : 0.972632 
client 9 accuracy on val: 0.902140
client 9 fairness(SP, Y) on val: 0.911100
training accuracy (client 10) : 0.555556 
client 10 accuracy on val: 0.886271
client 10 fairness(SP, Y) on val: 0.813500
training accuracy (client 20) : 0.539062 
client 20 accuracy on val: 0.885790
client 20 fairness(SP, Y) on val: 0.800600
training accuracy (client 22) : 0.531250 
client 22 accuracy on val: 0.891801
client 22 fairness(SP, Y) on val: 0.801500
training accuracy (client 24) : 0.564815 
client 24 accuracy on val: 0.884107
client 24 fairness(SP, Y) on val: 0.804700
global model accuracy on val: 0.894686
global model fairness(SP, Y) on val: 0.995500
global model accuracy on test: 0.887954
global model fairness(SP, Y) on test: 0.999900
------------ run = 2; t = 44; F_Global = 0.9955, Privileged = Y ------------
training accuracy (client 5) : 0.982866 
client 5 accuracy on val: 0.893724
client 5 fairness(SP, Y) on val: 1.000000
training accuracy (client 6) : 0.927407 
client 6 accuracy on val: 0.895888
client 6 fairness(SP, Y) on val: 0.991300
training accuracy (client 10) : 0.554348 
client 10 accuracy on val: 0.879298
client 10 fairness(SP, Y) on val: 0.761200
training accuracy (client 12) : 0.619565 
client 12 accuracy on val: 0.867035
client 12 fairness(SP, Y) on val: 0.752500
training accuracy (client 18) : 0.558824 
client 18 accuracy on val: 0.873287
client 18 fairness(SP, Y) on val: 0.746500
training accuracy (client 21) : 0.509259 
client 21 accuracy on val: 0.894686
client 21 fairness(SP, Y) on val: 0.827100
training accuracy (client 22) : 0.539062 
client 22 accuracy on val: 0.893724
client 22 fairness(SP, Y) on val: 0.805400
global model accuracy on val: 0.893965
global model fairness(SP, N) on val: 0.999700
global model accuracy on test: 0.887232
global model fairness(SP, N) on test: 0.999700
------------ run = 2; t = 45; F_Global = 0.9997, Privileged = N ------------
training accuracy (client 1) : 0.958289 
client 1 accuracy on val: 0.893965
client 1 fairness(SP, N) on val: 0.999700
training accuracy (client 3) : 0.966831 
client 3 accuracy on val: 0.893724
client 3 fairness(SP, N) on val: 1.000000
training accuracy (client 5) : 0.982866 
client 5 accuracy on val: 0.893724
client 5 fairness(SP, N) on val: 1.000000
training accuracy (client 8) : 0.519231 
client 8 accuracy on val: 0.898052
client 8 fairness(SP, N) on val: 1.225900
training accuracy (client 20) : 0.565217 
client 20 accuracy on val: 0.887713
client 20 fairness(SP, N) on val: 1.273900
training accuracy (client 22) : 0.536765 
client 22 accuracy on val: 0.882905
client 22 fairness(SP, N) on val: 1.306300
training accuracy (client 24) : 0.531250 
client 24 accuracy on val: 0.896129
client 24 fairness(SP, N) on val: 1.222900
global model accuracy on val: 0.896369
global model fairness(SP, Y) on val: 0.981100
global model accuracy on test: 0.888916
global model fairness(SP, Y) on test: 0.978900
------------ run = 2; t = 46; F_Global = 0.9811, Privileged = Y ------------
training accuracy (client 1) : 0.958289 
client 1 accuracy on val: 0.893965
client 1 fairness(SP, Y) on val: 1.000300
training accuracy (client 6) : 0.973635 
client 6 accuracy on val: 0.895648
client 6 fairness(SP, Y) on val: 0.984400
training accuracy (client 7) : 0.571429 
client 7 accuracy on val: 0.882664
client 7 fairness(SP, Y) on val: 0.774100
training accuracy (client 8) : 0.576923 
client 8 accuracy on val: 0.887232
client 8 fairness(SP, Y) on val: 0.770900
training accuracy (client 12) : 0.928571 
client 12 accuracy on val: 0.896129
client 12 fairness(SP, Y) on val: 0.993900
training accuracy (client 15) : 0.546875 
client 15 accuracy on val: 0.883385
client 15 fairness(SP, Y) on val: 0.798700
training accuracy (client 19) : 0.927407 
client 19 accuracy on val: 0.896610
client 19 fairness(SP, Y) on val: 0.992200
global model accuracy on val: 0.895167
global model fairness(SP, Y) on val: 0.994200
global model accuracy on test: 0.889396
global model fairness(SP, Y) on test: 0.989200
------------ run = 2; t = 47; F_Global = 0.9942, Privileged = Y ------------
training accuracy (client 6) : 0.973635 
client 6 accuracy on val: 0.895648
client 6 fairness(SP, Y) on val: 0.987500
training accuracy (client 7) : 0.556452 
client 7 accuracy on val: 0.887473
client 7 fairness(SP, Y) on val: 0.761600
training accuracy (client 8) : 0.862319 
client 8 accuracy on val: 0.893003
client 8 fairness(SP, Y) on val: 1.002800
training accuracy (client 12) : 0.548077 
client 12 accuracy on val: 0.895888
client 12 fairness(SP, Y) on val: 0.807200
training accuracy (client 13) : 0.973333 
client 13 accuracy on val: 0.903342
client 13 fairness(SP, Y) on val: 0.900200
training accuracy (client 17) : 0.554348 
client 17 accuracy on val: 0.879779
client 17 fairness(SP, Y) on val: 0.757300
training accuracy (client 23) : 0.528846 
client 23 accuracy on val: 0.895648
client 23 fairness(SP, Y) on val: 0.819100
global model accuracy on val: 0.897091
global model fairness(SP, Y) on val: 0.986800
global model accuracy on test: 0.887473
global model fairness(SP, Y) on test: 0.984600
------------ run = 2; t = 48; F_Global = 0.9868, Privileged = Y ------------
training accuracy (client 10) : 0.539062 
client 10 accuracy on val: 0.881702
client 10 fairness(SP, Y) on val: 0.831800
training accuracy (client 11) : 0.574074 
client 11 accuracy on val: 0.875451
client 11 fairness(SP, Y) on val: 0.832900
training accuracy (client 14) : 0.602941 
client 14 accuracy on val: 0.859101
client 14 fairness(SP, Y) on val: 0.794500
training accuracy (client 15) : 0.574074 
client 15 accuracy on val: 0.879057
client 15 fairness(SP, Y) on val: 0.847700
training accuracy (client 17) : 0.592857 
client 17 accuracy on val: 0.877134
client 17 fairness(SP, Y) on val: 0.807800
training accuracy (client 19) : 0.971751 
client 19 accuracy on val: 0.895167
client 19 fairness(SP, Y) on val: 0.990600
training accuracy (client 23) : 0.559783 
client 23 accuracy on val: 0.866795
client 23 fairness(SP, Y) on val: 0.780800
global model accuracy on val: 0.895888
global model fairness(SP, Y) on val: 0.979600
global model accuracy on test: 0.889396
global model fairness(SP, Y) on test: 0.976800
------------ run = 2; t = 49; F_Global = 0.9796, Privileged = Y ------------
training accuracy (client 4) : 0.973503 
client 4 accuracy on val: 0.893724
client 4 fairness(SP, Y) on val: 1.000000
training accuracy (client 6) : 0.858696 
client 6 accuracy on val: 0.895167
client 6 fairness(SP, Y) on val: 0.990600
training accuracy (client 8) : 0.928571 
client 8 accuracy on val: 0.898293
client 8 fairness(SP, Y) on val: 0.974100
training accuracy (client 15) : 0.548387 
client 15 accuracy on val: 0.889156
client 15 fairness(SP, Y) on val: 0.723200
training accuracy (client 16) : 0.548077 
client 16 accuracy on val: 0.895888
client 16 fairness(SP, Y) on val: 0.749700
training accuracy (client 20) : 0.546296 
client 20 accuracy on val: 0.891080
client 20 fairness(SP, Y) on val: 0.740200
training accuracy (client 22) : 0.546296 
client 22 accuracy on val: 0.895648
client 22 fairness(SP, Y) on val: 0.748300
global model accuracy on val: 0.894446
global model fairness(SP, Y) on val: 0.999400
global model accuracy on test: 0.887232
global model fairness(SP, N) on test: 0.998600
------------ run = 2; t = 50; F_Global = 0.9994, Privileged = Y ------------
training accuracy (client 2) : 0.995758 
client 2 accuracy on val: 0.893724
client 2 fairness(SP, Y) on val: 1.000000
training accuracy (client 4) : 0.973503 
client 4 accuracy on val: 0.893724
client 4 fairness(SP, Y) on val: 1.000000
training accuracy (client 5) : 0.982866 
client 5 accuracy on val: 0.893724
client 5 fairness(SP, Y) on val: 1.000000
training accuracy (client 6) : 0.858696 
client 6 accuracy on val: 0.891560
client 6 fairness(SP, Y) on val: 1.020500
training accuracy (client 9) : 0.925926 
client 9 accuracy on val: 0.896610
client 9 fairness(SP, Y) on val: 0.994500
training accuracy (client 10) : 0.608696 
client 10 accuracy on val: 0.862467
client 10 fairness(SP, Y) on val: 0.779200
training accuracy (client 13) : 0.975518 
client 13 accuracy on val: 0.894205
client 13 fairness(SP, Y) on val: 0.996900
global model accuracy on val: 0.893724
global model fairness(SP, Y) on val: 0.000000
global model accuracy on test: 0.886992
global model fairness(SP, Y) on test: 0.000000
----------------Done (FLAlgMain)----------------
