Alg.: FairFate; Client dataset: today_20230530\dataset_EQO_run_9; client Count: 10
----------------(start loading 10 client datasets from today_20230530\dataset_EQO_run_9)----------------
----------------(successfully loading 10 client datasets and server testing data from today_20230530\dataset_EQO_run_9)----------------
----------------Execute (FLAlgMain)----------------
----------------(start running algorithm)----------------
global model accuracy on val: 0.503967
global model fairness(EQO, Y) on val: 0.567800
------------ run = 10; t = 1; F_Global = 0.5678, Privileged = Y ------------
training accuracy (client 1) : 0.931540 
client 1 accuracy on val: 0.867516
client 1 fairness(EQO, Y) on val: 0.242200
training accuracy (client 2) : 0.944942 
client 2 accuracy on val: 0.893484
client 2 fairness(EQO, Y) on val: 0.984600
training accuracy (client 8) : 0.803670 
client 8 accuracy on val: 0.831209
client 8 fairness(EQO, Y) on val: 0.338800
global model accuracy on val: 0.885069
global model fairness(EQO, Y) on val: 0.778600
global model accuracy on test: 0.890118
global model fairness(EQO, Y) on test: 0.803400
------------ run = 10; t = 2; F_Global = 0.7786, Privileged = Y ------------
training accuracy (client 4) : 0.901747 
client 4 accuracy on val: 0.891560
client 4 fairness(EQO, Y) on val: 0.684400
training accuracy (client 6) : 0.870566 
client 6 accuracy on val: 0.878336
client 6 fairness(EQO, Y) on val: 0.471800
training accuracy (client 7) : 0.886040 
client 7 accuracy on val: 0.897091
client 7 fairness(EQO, Y) on val: 0.788600
global model accuracy on val: 0.891801
global model fairness(EQO, Y) on val: 0.664300
global model accuracy on test: 0.898533
global model fairness(EQO, Y) on test: 0.677800
------------ run = 10; t = 3; F_Global = 0.6643, Privileged = Y ------------
training accuracy (client 1) : 0.933374 
client 1 accuracy on val: 0.873046
client 1 fairness(EQO, Y) on val: 0.294200
training accuracy (client 2) : 0.945389 
client 2 accuracy on val: 0.893965
client 2 fairness(EQO, Y) on val: 0.987500
training accuracy (client 9) : 0.957648 
client 9 accuracy on val: 0.896850
client 9 fairness(EQO, Y) on val: 0.942300
global model accuracy on val: 0.900457
global model fairness(EQO, Y) on val: 0.800600
global model accuracy on test: 0.898774
global model fairness(EQO, Y) on test: 0.804000
------------ run = 10; t = 4; F_Global = 0.8006, Privileged = Y ------------
training accuracy (client 7) : 0.886040 
client 7 accuracy on val: 0.902380
client 7 fairness(EQO, Y) on val: 0.737200
training accuracy (client 8) : 0.822018 
client 8 accuracy on val: 0.852849
client 8 fairness(EQO, Y) on val: 0.473100
training accuracy (client 9) : 0.958698 
client 9 accuracy on val: 0.897812
client 9 fairness(EQO, Y) on val: 0.908500
global model accuracy on val: 0.900938
global model fairness(EQO, Y) on val: 0.813400
global model accuracy on test: 0.899495
global model fairness(EQO, Y) on test: 0.822300
------------ run = 10; t = 5; F_Global = 0.8134, Privileged = Y ------------
training accuracy (client 6) : 0.869607 
client 6 accuracy on val: 0.882183
client 6 fairness(EQO, Y) on val: 0.503300
training accuracy (client 8) : 0.827523 
client 8 accuracy on val: 0.855013
client 8 fairness(EQO, Y) on val: 0.509900
training accuracy (client 10) : 0.866167 
client 10 accuracy on val: 0.862707
client 10 fairness(EQO, Y) on val: 0.317500
global model accuracy on val: 0.899495
global model fairness(EQO, Y) on val: 0.615100
global model accuracy on test: 0.903342
global model fairness(EQO, Y) on test: 0.646400
------------ run = 10; t = 6; F_Global = 0.6151, Privileged = Y ------------
training accuracy (client 2) : 0.945837 
client 2 accuracy on val: 0.894205
client 2 fairness(EQO, Y) on val: 0.990800
training accuracy (client 3) : 0.838359 
client 3 accuracy on val: 0.866074
client 3 fairness(EQO, Y) on val: 1.043600
training accuracy (client 9) : 0.958348 
client 9 accuracy on val: 0.898052
client 9 fairness(EQO, Y) on val: 0.898100
global model accuracy on val: 0.902621
global model fairness(EQO, Y) on val: 0.782000
global model accuracy on test: 0.902140
global model fairness(EQO, Y) on test: 0.782900
------------ run = 10; t = 7; F_Global = 0.782, Privileged = Y ------------
training accuracy (client 5) : 0.896940 
client 5 accuracy on val: 0.898052
client 5 fairness(EQO, Y) on val: 0.646800
training accuracy (client 6) : 0.868648 
client 6 accuracy on val: 0.884347
client 6 fairness(EQO, Y) on val: 0.522100
training accuracy (client 10) : 0.861884 
client 10 accuracy on val: 0.862948
client 10 fairness(EQO, Y) on val: 0.323100
global model accuracy on val: 0.902861
global model fairness(EQO, Y) on val: 0.666900
global model accuracy on test: 0.903823
global model fairness(EQO, Y) on test: 0.683600
------------ run = 10; t = 8; F_Global = 0.6669, Privileged = Y ------------
training accuracy (client 3) : 0.837153 
client 3 accuracy on val: 0.864150
client 3 fairness(EQO, Y) on val: 1.051400
training accuracy (client 5) : 0.896135 
client 5 accuracy on val: 0.897331
client 5 fairness(EQO, Y) on val: 0.651700
training accuracy (client 8) : 0.829358 
client 8 accuracy on val: 0.858860
client 8 fairness(EQO, Y) on val: 0.529400
global model accuracy on val: 0.900697
global model fairness(EQO, Y) on val: 0.700600
global model accuracy on test: 0.902861
global model fairness(EQO, Y) on test: 0.722400
------------ run = 10; t = 9; F_Global = 0.7006, Privileged = Y ------------
training accuracy (client 4) : 0.895196 
client 4 accuracy on val: 0.899736
client 4 fairness(EQO, Y) on val: 0.753700
training accuracy (client 5) : 0.896135 
client 5 accuracy on val: 0.897572
client 5 fairness(EQO, Y) on val: 0.650500
training accuracy (client 10) : 0.864026 
client 10 accuracy on val: 0.859822
client 10 fairness(EQO, Y) on val: 0.321700
global model accuracy on val: 0.897572
global model fairness(EQO, Y) on val: 0.647000
global model accuracy on test: 0.902140
global model fairness(EQO, Y) on test: 0.685200
------------ run = 10; t = 10; F_Global = 0.647, Privileged = Y ------------
training accuracy (client 4) : 0.899563 
client 4 accuracy on val: 0.897812
client 4 fairness(EQO, Y) on val: 0.739100
training accuracy (client 6) : 0.865772 
client 6 accuracy on val: 0.885069
client 6 fairness(EQO, Y) on val: 0.533000
training accuracy (client 9) : 0.957998 
client 9 accuracy on val: 0.897572
client 9 fairness(EQO, Y) on val: 0.922600
global model accuracy on val: 0.901659
global model fairness(EQO, Y) on val: 0.705700
global model accuracy on test: 0.901419
global model fairness(EQO, Y) on test: 0.697700
------------ run = 10; t = 11; F_Global = 0.7057, Privileged = Y ------------
training accuracy (client 2) : 0.945837 
client 2 accuracy on val: 0.893724
client 2 fairness(EQO, Y) on val: 0.993800
training accuracy (client 6) : 0.866731 
client 6 accuracy on val: 0.883626
client 6 fairness(EQO, Y) on val: 0.514400
training accuracy (client 9) : 0.959748 
client 9 accuracy on val: 0.897331
client 9 fairness(EQO, Y) on val: 0.918400
global model accuracy on val: 0.902621
global model fairness(EQO, Y) on val: 0.799300
global model accuracy on test: 0.901659
global model fairness(EQO, Y) on test: 0.771500
------------ run = 10; t = 12; F_Global = 0.7993, Privileged = Y ------------
training accuracy (client 2) : 0.946732 
client 2 accuracy on val: 0.895167
client 2 fairness(EQO, Y) on val: 0.988400
training accuracy (client 4) : 0.901747 
client 4 accuracy on val: 0.898533
client 4 fairness(EQO, Y) on val: 0.742200
training accuracy (client 8) : 0.829358 
client 8 accuracy on val: 0.856937
client 8 fairness(EQO, Y) on val: 0.549800
global model accuracy on val: 0.901900
global model fairness(EQO, Y) on val: 0.836000
global model accuracy on test: 0.899976
global model fairness(EQO, Y) on test: 0.858200
------------ run = 10; t = 13; F_Global = 0.836, Privileged = Y ------------
training accuracy (client 4) : 0.906114 
client 4 accuracy on val: 0.898533
client 4 fairness(EQO, Y) on val: 0.780300
training accuracy (client 6) : 0.866731 
client 6 accuracy on val: 0.884588
client 6 fairness(EQO, Y) on val: 0.514400
training accuracy (client 10) : 0.862955 
client 10 accuracy on val: 0.862467
client 10 fairness(EQO, Y) on val: 0.334800
global model accuracy on val: 0.901659
global model fairness(EQO, Y) on val: 0.790300
global model accuracy on test: 0.901659
global model fairness(EQO, Y) on test: 0.777200
------------ run = 10; t = 14; F_Global = 0.7903, Privileged = Y ------------
training accuracy (client 5) : 0.897746 
client 5 accuracy on val: 0.899014
client 5 fairness(EQO, Y) on val: 0.679300
training accuracy (client 9) : 0.958348 
client 9 accuracy on val: 0.897572
client 9 fairness(EQO, Y) on val: 0.922600
training accuracy (client 10) : 0.862955 
client 10 accuracy on val: 0.860303
client 10 fairness(EQO, Y) on val: 0.326600
global model accuracy on val: 0.902380
global model fairness(EQO, Y) on val: 0.797800
global model accuracy on test: 0.902140
global model fairness(EQO, Y) on test: 0.772400
------------ run = 10; t = 15; F_Global = 0.7978, Privileged = Y ------------
training accuracy (client 3) : 0.843185 
client 3 accuracy on val: 0.864631
client 3 fairness(EQO, Y) on val: 1.070100
training accuracy (client 5) : 0.896940 
client 5 accuracy on val: 0.897572
client 5 fairness(EQO, Y) on val: 0.655000
training accuracy (client 9) : 0.957998 
client 9 accuracy on val: 0.898293
client 9 fairness(EQO, Y) on val: 0.911100
global model accuracy on val: 0.902621
global model fairness(EQO, Y) on val: 0.808800
global model accuracy on test: 0.902140
global model fairness(EQO, Y) on test: 0.794800
------------ run = 10; t = 16; F_Global = 0.8088, Privileged = Y ------------
training accuracy (client 1) : 0.932152 
client 1 accuracy on val: 0.878096
client 1 fairness(EQO, Y) on val: 0.335800
training accuracy (client 6) : 0.865772 
client 6 accuracy on val: 0.886271
client 6 fairness(EQO, Y) on val: 0.522500
training accuracy (client 10) : 0.864026 
client 10 accuracy on val: 0.861505
client 10 fairness(EQO, Y) on val: 0.328100
global model accuracy on val: 0.903342
global model fairness(EQO, Y) on val: 0.757300
global model accuracy on test: 0.902140
global model fairness(EQO, Y) on test: 0.749800
------------ run = 10; t = 17; F_Global = 0.7573, Privileged = Y ------------
training accuracy (client 1) : 0.931540 
client 1 accuracy on val: 0.877374
client 1 fairness(EQO, Y) on val: 0.337100
training accuracy (client 2) : 0.946732 
client 2 accuracy on val: 0.893484
client 2 fairness(EQO, Y) on val: 0.996600
training accuracy (client 3) : 0.843185 
client 3 accuracy on val: 0.862948
client 3 fairness(EQO, Y) on val: 1.029800
global model accuracy on val: 0.902380
global model fairness(EQO, Y) on val: 0.806200
global model accuracy on test: 0.901178
global model fairness(EQO, Y) on test: 0.781500
------------ run = 10; t = 18; F_Global = 0.8062, Privileged = Y ------------
training accuracy (client 1) : 0.932763 
client 1 accuracy on val: 0.877855
client 1 fairness(EQO, Y) on val: 0.338000
training accuracy (client 4) : 0.903930 
client 4 accuracy on val: 0.898774
client 4 fairness(EQO, Y) on val: 0.757500
training accuracy (client 5) : 0.898551 
client 5 accuracy on val: 0.899255
client 5 fairness(EQO, Y) on val: 0.671100
global model accuracy on val: 0.903342
global model fairness(EQO, Y) on val: 0.773700
global model accuracy on test: 0.901659
global model fairness(EQO, Y) on test: 0.756800
------------ run = 10; t = 19; F_Global = 0.7737, Privileged = Y ------------
training accuracy (client 2) : 0.946285 
client 2 accuracy on val: 0.893244
client 2 fairness(EQO, Y) on val: 0.997300
training accuracy (client 8) : 0.833028 
client 8 accuracy on val: 0.859822
client 8 fairness(EQO, Y) on val: 0.555800
training accuracy (client 9) : 0.959398 
client 9 accuracy on val: 0.898293
client 9 fairness(EQO, Y) on val: 0.899700
global model accuracy on val: 0.902140
global model fairness(EQO, Y) on val: 0.809300
global model accuracy on test: 0.901659
global model fairness(EQO, Y) on test: 0.817200
------------ run = 10; t = 20; F_Global = 0.8093, Privileged = Y ------------
training accuracy (client 2) : 0.945837 
client 2 accuracy on val: 0.893244
client 2 fairness(EQO, Y) on val: 0.999400
training accuracy (client 5) : 0.897746 
client 5 accuracy on val: 0.898774
client 5 fairness(EQO, Y) on val: 0.677100
training accuracy (client 7) : 0.881766 
client 7 accuracy on val: 0.900697
client 7 fairness(EQO, Y) on val: 0.741200
global model accuracy on val: 0.900457
global model fairness(EQO, Y) on val: 0.880400
global model accuracy on test: 0.897331
global model fairness(EQO, Y) on test: 0.900200
------------ run = 10; t = 21; F_Global = 0.8804, Privileged = Y ------------
training accuracy (client 1) : 0.932152 
client 1 accuracy on val: 0.877374
client 1 fairness(EQO, Y) on val: 0.334600
training accuracy (client 7) : 0.884615 
client 7 accuracy on val: 0.899736
client 7 fairness(EQO, Y) on val: 0.739400
training accuracy (client 8) : 0.831193 
client 8 accuracy on val: 0.856215
client 8 fairness(EQO, Y) on val: 0.570300
global model accuracy on val: 0.901659
global model fairness(EQO, Y) on val: 0.826600
global model accuracy on test: 0.899736
global model fairness(EQO, Y) on test: 0.845900
------------ run = 10; t = 22; F_Global = 0.8266, Privileged = Y ------------
training accuracy (client 4) : 0.903930 
client 4 accuracy on val: 0.897572
client 4 fairness(EQO, Y) on val: 0.746100
training accuracy (client 5) : 0.901771 
client 5 accuracy on val: 0.895888
client 5 fairness(EQO, Y) on val: 0.639500
training accuracy (client 8) : 0.831193 
client 8 accuracy on val: 0.857418
client 8 fairness(EQO, Y) on val: 0.559500
global model accuracy on val: 0.901900
global model fairness(EQO, Y) on val: 0.808500
global model accuracy on test: 0.901900
global model fairness(EQO, Y) on test: 0.818900
------------ run = 10; t = 23; F_Global = 0.8085, Privileged = Y ------------
training accuracy (client 5) : 0.898551 
client 5 accuracy on val: 0.897572
client 5 fairness(EQO, Y) on val: 0.669000
training accuracy (client 7) : 0.884615 
client 7 accuracy on val: 0.901419
client 7 fairness(EQO, Y) on val: 0.789800
training accuracy (client 8) : 0.831193 
client 8 accuracy on val: 0.858139
client 8 fairness(EQO, Y) on val: 0.560900
global model accuracy on val: 0.901900
global model fairness(EQO, Y) on val: 0.804900
global model accuracy on test: 0.901178
global model fairness(EQO, Y) on test: 0.806500
------------ run = 10; t = 24; F_Global = 0.8049, Privileged = Y ------------
training accuracy (client 3) : 0.841978 
client 3 accuracy on val: 0.864150
client 3 fairness(EQO, Y) on val: 1.062500
training accuracy (client 8) : 0.831193 
client 8 accuracy on val: 0.857899
client 8 fairness(EQO, Y) on val: 0.561000
training accuracy (client 10) : 0.862955 
client 10 accuracy on val: 0.861505
client 10 fairness(EQO, Y) on val: 0.324100
global model accuracy on val: 0.899736
global model fairness(EQO, Y) on val: 0.803100
global model accuracy on test: 0.900457
global model fairness(EQO, Y) on test: 0.810900
------------ run = 10; t = 25; F_Global = 0.8031, Privileged = Y ------------
training accuracy (client 2) : 0.946285 
client 2 accuracy on val: 0.893484
client 2 fairness(EQO, Y) on val: 0.996600
training accuracy (client 3) : 0.840772 
client 3 accuracy on val: 0.864150
client 3 fairness(EQO, Y) on val: 1.071300
training accuracy (client 7) : 0.881766 
client 7 accuracy on val: 0.900697
client 7 fairness(EQO, Y) on val: 0.774200
global model accuracy on val: 0.898293
global model fairness(EQO, Y) on val: 0.862500
global model accuracy on test: 0.898533
global model fairness(EQO, Y) on test: 0.877000
------------ run = 10; t = 26; F_Global = 0.8625, Privileged = Y ------------
training accuracy (client 5) : 0.897746 
client 5 accuracy on val: 0.899255
client 5 fairness(EQO, Y) on val: 0.683200
training accuracy (client 8) : 0.829358 
client 8 accuracy on val: 0.856215
client 8 fairness(EQO, Y) on val: 0.559400
training accuracy (client 9) : 0.958698 
client 9 accuracy on val: 0.898533
client 9 fairness(EQO, Y) on val: 0.901800
global model accuracy on val: 0.902621
global model fairness(EQO, Y) on val: 0.832800
global model accuracy on test: 0.898293
global model fairness(EQO, Y) on test: 0.842700
------------ run = 10; t = 27; F_Global = 0.8328, Privileged = Y ------------
training accuracy (client 1) : 0.931540 
client 1 accuracy on val: 0.878096
client 1 fairness(EQO, Y) on val: 0.334000
training accuracy (client 7) : 0.886040 
client 7 accuracy on val: 0.900216
client 7 fairness(EQO, Y) on val: 0.790400
training accuracy (client 8) : 0.829358 
client 8 accuracy on val: 0.856215
client 8 fairness(EQO, Y) on val: 0.563600
global model accuracy on val: 0.902380
global model fairness(EQO, Y) on val: 0.815900
global model accuracy on test: 0.899255
global model fairness(EQO, Y) on test: 0.798200
------------ run = 10; t = 28; F_Global = 0.8159, Privileged = Y ------------
training accuracy (client 1) : 0.931540 
client 1 accuracy on val: 0.878096
client 1 fairness(EQO, Y) on val: 0.334000
training accuracy (client 5) : 0.896135 
client 5 accuracy on val: 0.897572
client 5 fairness(EQO, Y) on val: 0.643600
training accuracy (client 6) : 0.869607 
client 6 accuracy on val: 0.885309
client 6 fairness(EQO, Y) on val: 0.513800
global model accuracy on val: 0.902861
global model fairness(EQO, Y) on val: 0.782700
global model accuracy on test: 0.899736
global model fairness(EQO, Y) on test: 0.765900
------------ run = 10; t = 29; F_Global = 0.7827, Privileged = Y ------------
training accuracy (client 1) : 0.931540 
client 1 accuracy on val: 0.879057
client 1 fairness(EQO, Y) on val: 0.336300
training accuracy (client 2) : 0.945837 
client 2 accuracy on val: 0.894446
client 2 fairness(EQO, Y) on val: 0.990100
training accuracy (client 8) : 0.833028 
client 8 accuracy on val: 0.857658
client 8 fairness(EQO, Y) on val: 0.561800
global model accuracy on val: 0.902861
global model fairness(EQO, Y) on val: 0.817800
global model accuracy on test: 0.899736
global model fairness(EQO, Y) on test: 0.843300
------------ run = 10; t = 30; F_Global = 0.8178, Privileged = Y ------------
training accuracy (client 1) : 0.932763 
client 1 accuracy on val: 0.877134
client 1 fairness(EQO, Y) on val: 0.324800
training accuracy (client 2) : 0.946732 
client 2 accuracy on val: 0.893244
client 2 fairness(EQO, Y) on val: 0.999400
training accuracy (client 4) : 0.899563 
client 4 accuracy on val: 0.897572
client 4 fairness(EQO, Y) on val: 0.764400
global model accuracy on val: 0.900216
global model fairness(EQO, Y) on val: 0.885700
global model accuracy on test: 0.897331
global model fairness(EQO, Y) on test: 0.907700
------------ run = 10; t = 31; F_Global = 0.8857, Privileged = Y ------------
training accuracy (client 3) : 0.843185 
client 3 accuracy on val: 0.865593
client 3 fairness(EQO, Y) on val: 1.069800
training accuracy (client 9) : 0.958348 
client 9 accuracy on val: 0.898293
client 9 fairness(EQO, Y) on val: 0.899700
training accuracy (client 10) : 0.862955 
client 10 accuracy on val: 0.862707
client 10 fairness(EQO, Y) on val: 0.333900
global model accuracy on val: 0.901900
global model fairness(EQO, Y) on val: 0.874300
global model accuracy on test: 0.898052
global model fairness(EQO, Y) on test: 0.891200
------------ run = 10; t = 32; F_Global = 0.8743, Privileged = Y ------------
training accuracy (client 5) : 0.896135 
client 5 accuracy on val: 0.896369
client 5 fairness(EQO, Y) on val: 0.648000
training accuracy (client 6) : 0.866731 
client 6 accuracy on val: 0.883866
client 6 fairness(EQO, Y) on val: 0.511200
training accuracy (client 8) : 0.833028 
client 8 accuracy on val: 0.855013
client 8 fairness(EQO, Y) on val: 0.563300
global model accuracy on val: 0.902380
global model fairness(EQO, Y) on val: 0.839500
global model accuracy on test: 0.899495
global model fairness(EQO, Y) on test: 0.857000
------------ run = 10; t = 33; F_Global = 0.8395, Privileged = Y ------------
training accuracy (client 4) : 0.901747 
client 4 accuracy on val: 0.897331
client 4 fairness(EQO, Y) on val: 0.762600
training accuracy (client 6) : 0.865772 
client 6 accuracy on val: 0.887473
client 6 fairness(EQO, Y) on val: 0.525900
training accuracy (client 8) : 0.829358 
client 8 accuracy on val: 0.854773
client 8 fairness(EQO, Y) on val: 0.558100
global model accuracy on val: 0.901419
global model fairness(EQO, Y) on val: 0.819300
global model accuracy on test: 0.900697
global model fairness(EQO, Y) on test: 0.820500
------------ run = 10; t = 34; F_Global = 0.8193, Privileged = Y ------------
training accuracy (client 1) : 0.931540 
client 1 accuracy on val: 0.878096
client 1 fairness(EQO, Y) on val: 0.330400
training accuracy (client 8) : 0.823853 
client 8 accuracy on val: 0.856456
client 8 fairness(EQO, Y) on val: 0.560500
training accuracy (client 9) : 0.959048 
client 9 accuracy on val: 0.898052
client 9 fairness(EQO, Y) on val: 0.925300
global model accuracy on val: 0.902861
global model fairness(EQO, Y) on val: 0.819200
global model accuracy on test: 0.901419
global model fairness(EQO, Y) on test: 0.824900
------------ run = 10; t = 35; F_Global = 0.8192, Privileged = Y ------------
training accuracy (client 4) : 0.901747 
client 4 accuracy on val: 0.898293
client 4 fairness(EQO, Y) on val: 0.746000
training accuracy (client 7) : 0.881766 
client 7 accuracy on val: 0.902380
client 7 fairness(EQO, Y) on val: 0.790900
training accuracy (client 8) : 0.829358 
client 8 accuracy on val: 0.855254
client 8 fairness(EQO, Y) on val: 0.555600
global model accuracy on val: 0.902621
global model fairness(EQO, Y) on val: 0.808100
global model accuracy on test: 0.901659
global model fairness(EQO, Y) on test: 0.817800
------------ run = 10; t = 36; F_Global = 0.8081, Privileged = Y ------------
training accuracy (client 3) : 0.838359 
client 3 accuracy on val: 0.867276
client 3 fairness(EQO, Y) on val: 1.060400
training accuracy (client 6) : 0.868648 
client 6 accuracy on val: 0.883385
client 6 fairness(EQO, Y) on val: 0.488300
training accuracy (client 8) : 0.829358 
client 8 accuracy on val: 0.856215
client 8 fairness(EQO, Y) on val: 0.559400
global model accuracy on val: 0.901178
global model fairness(EQO, Y) on val: 0.831200
global model accuracy on test: 0.900938
global model fairness(EQO, Y) on test: 0.849900
------------ run = 10; t = 37; F_Global = 0.8312, Privileged = Y ------------
training accuracy (client 1) : 0.932763 
client 1 accuracy on val: 0.877134
client 1 fairness(EQO, Y) on val: 0.318500
training accuracy (client 6) : 0.873442 
client 6 accuracy on val: 0.887954
client 6 fairness(EQO, Y) on val: 0.527000
training accuracy (client 7) : 0.888889 
client 7 accuracy on val: 0.901419
client 7 fairness(EQO, Y) on val: 0.751800
global model accuracy on val: 0.901900
global model fairness(EQO, Y) on val: 0.774900
global model accuracy on test: 0.902861
global model fairness(EQO, Y) on test: 0.798300
------------ run = 10; t = 38; F_Global = 0.7749, Privileged = Y ------------
training accuracy (client 5) : 0.897746 
client 5 accuracy on val: 0.897572
client 5 fairness(EQO, Y) on val: 0.656100
training accuracy (client 7) : 0.884615 
client 7 accuracy on val: 0.902140
client 7 fairness(EQO, Y) on val: 0.745300
training accuracy (client 10) : 0.865096 
client 10 accuracy on val: 0.860784
client 10 fairness(EQO, Y) on val: 0.321700
global model accuracy on val: 0.901178
global model fairness(EQO, Y) on val: 0.749800
global model accuracy on test: 0.902861
global model fairness(EQO, Y) on test: 0.772600
------------ run = 10; t = 39; F_Global = 0.7498, Privileged = Y ------------
training accuracy (client 2) : 0.946285 
client 2 accuracy on val: 0.893244
client 2 fairness(EQO, Y) on val: 0.997300
training accuracy (client 3) : 0.843185 
client 3 accuracy on val: 0.867035
client 3 fairness(EQO, Y) on val: 1.080600
training accuracy (client 4) : 0.903930 
client 4 accuracy on val: 0.897331
client 4 fairness(EQO, Y) on val: 0.760300
global model accuracy on val: 0.899976
global model fairness(EQO, Y) on val: 0.859400
global model accuracy on test: 0.899495
global model fairness(EQO, Y) on test: 0.877700
------------ run = 10; t = 40; F_Global = 0.8594, Privileged = Y ------------
training accuracy (client 3) : 0.844391 
client 3 accuracy on val: 0.866554
client 3 fairness(EQO, Y) on val: 1.091200
training accuracy (client 5) : 0.897746 
client 5 accuracy on val: 0.899255
client 5 fairness(EQO, Y) on val: 0.691700
training accuracy (client 8) : 0.825688 
client 8 accuracy on val: 0.856937
client 8 fairness(EQO, Y) on val: 0.557000
global model accuracy on val: 0.895408
global model fairness(EQO, Y) on val: 0.933100
global model accuracy on test: 0.892522
global model fairness(EQO, Y) on test: 0.936700
------------ run = 10; t = 41; F_Global = 0.9331, Privileged = Y ------------
training accuracy (client 2) : 0.946285 
client 2 accuracy on val: 0.894446
client 2 fairness(EQO, Y) on val: 0.992100
training accuracy (client 6) : 0.867689 
client 6 accuracy on val: 0.887954
client 6 fairness(EQO, Y) on val: 0.524400
training accuracy (client 8) : 0.827523 
client 8 accuracy on val: 0.856215
client 8 fairness(EQO, Y) on val: 0.568600
global model accuracy on val: 0.898774
global model fairness(EQO, Y) on val: 0.963300
global model accuracy on test: 0.895167
global model fairness(EQO, Y) on test: 0.980700
------------ run = 10; t = 42; F_Global = 0.9633, Privileged = Y ------------
training accuracy (client 2) : 0.945389 
client 2 accuracy on val: 0.893244
client 2 fairness(EQO, Y) on val: 1.004100
training accuracy (client 4) : 0.903930 
client 4 accuracy on val: 0.895408
client 4 fairness(EQO, Y) on val: 0.806600
training accuracy (client 10) : 0.865096 
client 10 accuracy on val: 0.863910
client 10 fairness(EQO, Y) on val: 0.326000
global model accuracy on val: 0.897331
global model fairness(EQO, Y) on val: 0.983000
global model accuracy on test: 0.894927
global model fairness(EQO, Y) on test: 0.981800
------------ run = 10; t = 43; F_Global = 0.983, Privileged = Y ------------
training accuracy (client 3) : 0.849216 
client 3 accuracy on val: 0.863910
client 3 fairness(EQO, Y) on val: 1.092500
training accuracy (client 4) : 0.903930 
client 4 accuracy on val: 0.893003
client 4 fairness(EQO, Y) on val: 0.791200
training accuracy (client 10) : 0.864026 
client 10 accuracy on val: 0.859341
client 10 fairness(EQO, Y) on val: 0.330000
global model accuracy on val: 0.897331
global model fairness(EQO, N) on val: 0.990000
global model accuracy on test: 0.893484
global model fairness(EQO, N) on test: 0.928400
------------ run = 10; t = 44; F_Global = 0.99, Privileged = N ------------
training accuracy (client 2) : 0.945837 
client 2 accuracy on val: 0.893244
client 2 fairness(EQO, N) on val: 0.995900
training accuracy (client 5) : 0.897746 
client 5 accuracy on val: 0.897091
client 5 fairness(EQO, N) on val: 1.639100
training accuracy (client 9) : 0.957998 
client 9 accuracy on val: 0.898052
client 9 fairness(EQO, N) on val: 1.085300
global model accuracy on val: 0.901178
global model fairness(EQO, Y) on val: 0.905100
global model accuracy on test: 0.893965
global model fairness(EQO, Y) on test: 0.921600
------------ run = 10; t = 45; F_Global = 0.9051, Privileged = Y ------------
training accuracy (client 8) : 0.831193 
client 8 accuracy on val: 0.854773
client 8 fairness(EQO, Y) on val: 0.562300
training accuracy (client 9) : 0.960098 
client 9 accuracy on val: 0.897331
client 9 fairness(EQO, Y) on val: 0.914600
training accuracy (client 10) : 0.864026 
client 10 accuracy on val: 0.861024
client 10 fairness(EQO, Y) on val: 0.326300
global model accuracy on val: 0.900697
global model fairness(EQO, Y) on val: 0.880500
global model accuracy on test: 0.896850
global model fairness(EQO, Y) on test: 0.900600
------------ run = 10; t = 46; F_Global = 0.8805, Privileged = Y ------------
training accuracy (client 2) : 0.945837 
client 2 accuracy on val: 0.893724
client 2 fairness(EQO, Y) on val: 0.998500
training accuracy (client 5) : 0.895330 
client 5 accuracy on val: 0.896369
client 5 fairness(EQO, Y) on val: 0.646000
training accuracy (client 8) : 0.833028 
client 8 accuracy on val: 0.860063
client 8 fairness(EQO, Y) on val: 0.570000
global model accuracy on val: 0.897572
global model fairness(EQO, Y) on val: 0.964900
global model accuracy on test: 0.894446
global model fairness(EQO, Y) on test: 0.974500
------------ run = 10; t = 47; F_Global = 0.9649, Privileged = Y ------------
training accuracy (client 1) : 0.932763 
client 1 accuracy on val: 0.878096
client 1 fairness(EQO, Y) on val: 0.327100
training accuracy (client 8) : 0.831193 
client 8 accuracy on val: 0.853330
client 8 fairness(EQO, Y) on val: 0.550100
training accuracy (client 9) : 0.959748 
client 9 accuracy on val: 0.897812
client 9 fairness(EQO, Y) on val: 0.925500
global model accuracy on val: 0.898533
global model fairness(EQO, Y) on val: 0.949700
global model accuracy on test: 0.895408
global model fairness(EQO, Y) on test: 0.963300
------------ run = 10; t = 48; F_Global = 0.9497, Privileged = Y ------------
training accuracy (client 1) : 0.931540 
client 1 accuracy on val: 0.877615
client 1 fairness(EQO, Y) on val: 0.327300
training accuracy (client 3) : 0.850422 
client 3 accuracy on val: 0.859822
client 3 fairness(EQO, Y) on val: 1.085400
training accuracy (client 4) : 0.906114 
client 4 accuracy on val: 0.894927
client 4 fairness(EQO, Y) on val: 0.772100
global model accuracy on val: 0.891080
global model fairness(EQO, Y) on val: 0.991800
global model accuracy on test: 0.885309
global model fairness(EQO, N) on test: 0.932200
------------ run = 10; t = 49; F_Global = 0.9918, Privileged = Y ------------
training accuracy (client 2) : 0.945389 
client 2 accuracy on val: 0.894205
client 2 fairness(EQO, Y) on val: 0.997600
training accuracy (client 4) : 0.906114 
client 4 accuracy on val: 0.894927
client 4 fairness(EQO, Y) on val: 0.821800
training accuracy (client 8) : 0.825688 
client 8 accuracy on val: 0.852128
client 8 fairness(EQO, Y) on val: 0.569700
global model accuracy on val: 0.895888
global model fairness(EQO, Y) on val: 0.986000
global model accuracy on test: 0.893484
global model fairness(EQO, Y) on test: 0.989000
------------ run = 10; t = 50; F_Global = 0.986, Privileged = Y ------------
training accuracy (client 1) : 0.935208 
client 1 accuracy on val: 0.878577
client 1 fairness(EQO, Y) on val: 0.323200
training accuracy (client 4) : 0.906114 
client 4 accuracy on val: 0.892763
client 4 fairness(EQO, Y) on val: 0.822700
training accuracy (client 9) : 0.960098 
client 9 accuracy on val: 0.898293
client 9 fairness(EQO, Y) on val: 0.927600
global model accuracy on val: 0.896610
global model fairness(EQO, Y) on val: 0.974200
global model accuracy on test: 0.894686
global model fairness(EQO, Y) on test: 0.981600
----------------Done (FLAlgMain)----------------
