Alg.: FairFateVC; Client dataset: today_20230531\dataset_EQO_run_9; client Count: 10
----------------(start loading 10 client datasets from today_20230531\dataset_EQO_run_9)----------------
----------------(successfully loading 10 client datasets and server testing data from today_20230531\dataset_EQO_run_9)----------------
----------------Execute (FLAlgMain)----------------
----------------(start running algorithm)----------------
global model accuracy on val: 0.545564
global model fairness(EQO, N) on val: 0.630100
------------ run = 10; t = 1; F_Global = 0.6301, Privileged = N ------------
training accuracy (client 8) : 0.861751 
client 8 accuracy on val: 0.831450
client 8 fairness(EQO, N) on val: 2.657000
training accuracy (client 9) : 0.881075 
client 9 accuracy on val: 0.885309
client 9 fairness(EQO, N) on val: 0.978700
training accuracy (client 10) : 0.876238 
client 10 accuracy on val: 0.864150
client 10 fairness(EQO, N) on val: 0.956800
global model accuracy on val: 0.809089
global model fairness(EQO, N) on val: 0.876600
global model accuracy on test: 0.800914
global model fairness(EQO, N) on test: 0.965800
------------ run = 10; t = 2; F_Global = 0.8766, Privileged = N ------------
training accuracy (client 2) : 0.916301 
client 2 accuracy on val: 0.896610
client 2 fairness(EQO, N) on val: 1.050500
training accuracy (client 8) : 0.897465 
client 8 accuracy on val: 0.866554
client 8 fairness(EQO, N) on val: 2.835300
training accuracy (client 10) : 0.907921 
client 10 accuracy on val: 0.891080
client 10 fairness(EQO, N) on val: 1.010800
global model accuracy on val: 0.864150
global model fairness(EQO, Y) on val: 0.962100
global model accuracy on test: 0.856215
global model fairness(EQO, Y) on test: 0.928400
------------ run = 10; t = 3; F_Global = 0.9621, Privileged = Y ------------
training accuracy (client 5) : 0.873673 
client 5 accuracy on val: 0.889396
client 5 fairness(EQO, Y) on val: 0.616300
training accuracy (client 6) : 0.924476 
client 6 accuracy on val: 0.896610
client 6 fairness(EQO, Y) on val: 0.907400
training accuracy (client 8) : 0.919355 
client 8 accuracy on val: 0.880741
client 8 fairness(EQO, Y) on val: 0.410900
global model accuracy on val: 0.880500
global model fairness(EQO, Y) on val: 0.806700
global model accuracy on test: 0.875451
global model fairness(EQO, Y) on test: 0.791800
------------ run = 10; t = 4; F_Global = 0.8067, Privileged = Y ------------
training accuracy (client 2) : 0.917616 
client 2 accuracy on val: 0.897331
client 2 fairness(EQO, Y) on val: 0.931400
training accuracy (client 7) : 0.916832 
client 7 accuracy on val: 0.896610
client 7 fairness(EQO, Y) on val: 0.960500
training accuracy (client 9) : 0.980712 
client 9 accuracy on val: 0.895167
client 9 fairness(EQO, Y) on val: 0.979300
global model accuracy on val: 0.899495
global model fairness(EQO, Y) on val: 0.906500
global model accuracy on test: 0.886271
global model fairness(EQO, Y) on test: 0.870700
------------ run = 10; t = 5; F_Global = 0.9065, Privileged = Y ------------
training accuracy (client 1) : 0.886628 
client 1 accuracy on val: 0.893484
client 1 fairness(EQO, Y) on val: 0.515000
training accuracy (client 2) : 0.918493 
client 2 accuracy on val: 0.898293
client 2 fairness(EQO, Y) on val: 0.912700
training accuracy (client 9) : 0.980712 
client 9 accuracy on val: 0.895167
client 9 fairness(EQO, Y) on val: 0.986800
global model accuracy on val: 0.898293
global model fairness(EQO, Y) on val: 0.917600
global model accuracy on test: 0.886992
global model fairness(EQO, Y) on test: 0.881700
------------ run = 10; t = 6; F_Global = 0.9176, Privileged = Y ------------
training accuracy (client 3) : 0.896898 
client 3 accuracy on val: 0.896129
client 3 fairness(EQO, Y) on val: 0.497100
training accuracy (client 5) : 0.898228 
client 5 accuracy on val: 0.897091
client 5 fairness(EQO, Y) on val: 1.008400
training accuracy (client 6) : 0.916832 
client 6 accuracy on val: 0.896610
client 6 fairness(EQO, Y) on val: 0.947400
training accuracy (client 9) : 0.939860 
client 9 accuracy on val: 0.899495
client 9 fairness(EQO, Y) on val: 0.857000
global model accuracy on val: 0.899014
global model fairness(EQO, Y) on val: 0.906800
global model accuracy on test: 0.889877
global model fairness(EQO, Y) on test: 0.882300
------------ run = 10; t = 7; F_Global = 0.9068, Privileged = Y ------------
training accuracy (client 6) : 0.623134 
client 6 accuracy on val: 0.842510
client 6 fairness(EQO, Y) on val: 0.629700
training accuracy (client 7) : 0.980712 
client 7 accuracy on val: 0.894927
client 7 fairness(EQO, Y) on val: 0.997200
training accuracy (client 11) : 0.602459 
client 11 accuracy on val: 0.846357
client 11 fairness(EQO, Y) on val: 0.615700
training accuracy (client 12) : 0.981221 
client 12 accuracy on val: 0.895888
client 12 fairness(EQO, Y) on val: 0.986000
global model accuracy on val: 0.897572
global model fairness(EQO, Y) on val: 0.924800
global model accuracy on test: 0.889637
global model fairness(EQO, Y) on test: 0.909300
------------ run = 10; t = 8; F_Global = 0.9248, Privileged = Y ------------
training accuracy (client 1) : 0.918931 
client 1 accuracy on val: 0.899736
client 1 fairness(EQO, Y) on val: 0.888300
training accuracy (client 2) : 0.850295 
client 2 accuracy on val: 0.895648
client 2 fairness(EQO, Y) on val: 0.675200
training accuracy (client 10) : 0.982394 
client 10 accuracy on val: 0.895888
client 10 fairness(EQO, Y) on val: 0.986000
training accuracy (client 14) : 0.566667 
client 14 accuracy on val: 0.886511
client 14 fairness(EQO, Y) on val: 0.611900
global model accuracy on val: 0.898774
global model fairness(EQO, Y) on val: 0.899500
global model accuracy on test: 0.889877
global model fairness(EQO, Y) on test: 0.893500
------------ run = 10; t = 9; F_Global = 0.8995, Privileged = Y ------------
training accuracy (client 3) : 0.914851 
client 3 accuracy on val: 0.897572
client 3 fairness(EQO, Y) on val: 0.940000
training accuracy (client 5) : 0.934332 
client 5 accuracy on val: 0.887713
client 5 fairness(EQO, Y) on val: 0.415100
training accuracy (client 11) : 0.529412 
client 11 accuracy on val: 0.890599
client 11 fairness(EQO, Y) on val: 0.615800
training accuracy (client 14) : 0.948815 
client 14 accuracy on val: 0.894686
client 14 fairness(EQO, Y) on val: 1.000000
training accuracy (client 16) : 0.899767 
client 16 accuracy on val: 0.899976
client 16 fairness(EQO, Y) on val: 0.926600
global model accuracy on val: 0.897812
global model fairness(EQO, Y) on val: 0.922000
global model accuracy on test: 0.889637
global model fairness(EQO, Y) on test: 0.919700
------------ run = 10; t = 10; F_Global = 0.922, Privileged = Y ------------
training accuracy (client 4) : 0.980712 
client 4 accuracy on val: 0.894686
client 4 fairness(EQO, Y) on val: 1.000000
training accuracy (client 5) : 0.510000 
client 5 accuracy on val: 0.896850
client 5 fairness(EQO, Y) on val: 0.640500
training accuracy (client 9) : 0.598485 
client 9 accuracy on val: 0.882664
client 9 fairness(EQO, Y) on val: 0.604500
training accuracy (client 10) : 0.508065 
client 10 accuracy on val: 0.899736
client 10 fairness(EQO, Y) on val: 0.673900
training accuracy (client 12) : 0.948815 
client 12 accuracy on val: 0.894686
client 12 fairness(EQO, Y) on val: 1.000000
global model accuracy on val: 0.896369
global model fairness(EQO, Y) on val: 0.972900
global model accuracy on test: 0.888435
global model fairness(EQO, Y) on test: 0.968800
------------ run = 10; t = 11; F_Global = 0.9729, Privileged = Y ------------
training accuracy (client 3) : 0.914851 
client 3 accuracy on val: 0.897331
client 3 fairness(EQO, Y) on val: 0.950300
training accuracy (client 4) : 0.980712 
client 4 accuracy on val: 0.894686
client 4 fairness(EQO, Y) on val: 1.000000
training accuracy (client 7) : 0.939860 
client 7 accuracy on val: 0.902140
client 7 fairness(EQO, Y) on val: 0.811100
training accuracy (client 14) : 0.514706 
client 14 accuracy on val: 0.900216
client 14 fairness(EQO, Y) on val: 0.697000
training accuracy (client 17) : 0.516129 
client 17 accuracy on val: 0.904785
client 17 fairness(EQO, Y) on val: 0.706700
global model accuracy on val: 0.896129
global model fairness(EQO, Y) on val: 0.975700
global model accuracy on test: 0.887954
global model fairness(EQO, Y) on test: 0.974300
------------ run = 10; t = 12; F_Global = 0.9757, Privileged = Y ------------
training accuracy (client 1) : 0.942750 
client 1 accuracy on val: 0.895167
client 1 fairness(EQO, Y) on val: 0.994400
training accuracy (client 5) : 0.981221 
client 5 accuracy on val: 0.894927
client 5 fairness(EQO, Y) on val: 0.997200
training accuracy (client 6) : 0.563953 
client 6 accuracy on val: 0.901178
client 6 fairness(EQO, Y) on val: 0.682900
training accuracy (client 11) : 0.934332 
client 11 accuracy on val: 0.888916
client 11 fairness(EQO, Y) on val: 0.435800
training accuracy (client 18) : 0.516129 
client 18 accuracy on val: 0.906468
client 18 fairness(EQO, Y) on val: 0.699900
global model accuracy on val: 0.896610
global model fairness(EQO, Y) on val: 0.970100
global model accuracy on test: 0.888435
global model fairness(EQO, Y) on test: 0.968800
------------ run = 10; t = 13; F_Global = 0.9701, Privileged = Y ------------
training accuracy (client 2) : 0.897656 
client 2 accuracy on val: 0.897812
client 2 fairness(EQO, Y) on val: 1.029900
training accuracy (client 10) : 0.510000 
client 10 accuracy on val: 0.905747
client 10 fairness(EQO, Y) on val: 0.660700
training accuracy (client 12) : 0.500000 
client 12 accuracy on val: 0.905987
client 12 fairness(EQO, Y) on val: 0.664400
training accuracy (client 15) : 0.529412 
client 15 accuracy on val: 0.894927
client 15 fairness(EQO, Y) on val: 0.633700
training accuracy (client 18) : 0.508065 
client 18 accuracy on val: 0.905025
client 18 fairness(EQO, Y) on val: 0.678900
global model accuracy on val: 0.896129
global model fairness(EQO, Y) on val: 0.971900
global model accuracy on test: 0.888675
global model fairness(EQO, Y) on test: 0.966000
------------ run = 10; t = 14; F_Global = 0.9719, Privileged = Y ------------
training accuracy (client 3) : 0.980712 
client 3 accuracy on val: 0.894686
client 3 fairness(EQO, Y) on val: 1.000000
training accuracy (client 8) : 0.899767 
client 8 accuracy on val: 0.902380
client 8 fairness(EQO, Y) on val: 0.936300
training accuracy (client 12) : 0.939860 
client 12 accuracy on val: 0.902140
client 12 fairness(EQO, Y) on val: 0.799800
training accuracy (client 16) : 0.515625 
client 16 accuracy on val: 0.900938
client 16 fairness(EQO, Y) on val: 0.713300
training accuracy (client 17) : 0.529412 
client 17 accuracy on val: 0.894686
client 17 fairness(EQO, Y) on val: 0.690800
global model accuracy on val: 0.895888
global model fairness(EQO, Y) on val: 0.978500
global model accuracy on test: 0.888194
global model fairness(EQO, Y) on test: 0.971500
------------ run = 10; t = 15; F_Global = 0.9785, Privileged = Y ------------
training accuracy (client 5) : 0.981221 
client 5 accuracy on val: 0.895167
client 5 fairness(EQO, Y) on val: 0.994400
training accuracy (client 9) : 0.583333 
client 9 accuracy on val: 0.880019
client 9 fairness(EQO, Y) on val: 0.661800
training accuracy (client 11) : 0.575581 
client 11 accuracy on val: 0.896610
client 11 fairness(EQO, Y) on val: 0.695600
training accuracy (client 13) : 0.510000 
client 13 accuracy on val: 0.900938
client 13 fairness(EQO, Y) on val: 0.663500
training accuracy (client 15) : 0.899767 
client 15 accuracy on val: 0.901659
client 15 fairness(EQO, Y) on val: 0.930700
global model accuracy on val: 0.896369
global model fairness(EQO, Y) on val: 0.972900
global model accuracy on test: 0.888435
global model fairness(EQO, Y) on test: 0.968800
------------ run = 10; t = 16; F_Global = 0.9729, Privileged = Y ------------
training accuracy (client 4) : 0.930272 
client 4 accuracy on val: 0.903342
client 4 fairness(EQO, Y) on val: 0.623600
training accuracy (client 9) : 0.977324 
client 9 accuracy on val: 0.894686
client 9 fairness(EQO, Y) on val: 1.000000
training accuracy (client 11) : 0.516129 
client 11 accuracy on val: 0.906949
client 11 fairness(EQO, Y) on val: 0.708300
training accuracy (client 12) : 0.938462 
client 12 accuracy on val: 0.901659
client 12 fairness(EQO, Y) on val: 0.801600
training accuracy (client 15) : 0.590909 
client 15 accuracy on val: 0.883385
client 15 fairness(EQO, Y) on val: 0.635200
global model accuracy on val: 0.895408
global model fairness(EQO, Y) on val: 0.987800
global model accuracy on test: 0.887473
global model fairness(EQO, Y) on test: 0.983800
------------ run = 10; t = 17; F_Global = 0.9878, Privileged = Y ------------
training accuracy (client 3) : 0.980712 
client 3 accuracy on val: 0.894686
client 3 fairness(EQO, Y) on val: 1.000000
training accuracy (client 4) : 0.981221 
client 4 accuracy on val: 0.895167
client 4 fairness(EQO, Y) on val: 0.994400
training accuracy (client 9) : 0.936636 
client 9 accuracy on val: 0.890839
client 9 fairness(EQO, Y) on val: 0.440400
training accuracy (client 10) : 0.492188 
client 10 accuracy on val: 0.907189
client 10 fairness(EQO, Y) on val: 0.708400
training accuracy (client 11) : 0.529412 
client 11 accuracy on val: 0.899255
client 11 fairness(EQO, Y) on val: 0.683900
global model accuracy on val: 0.895408
global model fairness(EQO, Y) on val: 0.987800
global model accuracy on test: 0.887232
global model fairness(EQO, Y) on test: 0.982700
------------ run = 10; t = 18; F_Global = 0.9878, Privileged = Y ------------
training accuracy (client 1) : 0.943373 
client 1 accuracy on val: 0.895167
client 1 fairness(EQO, Y) on val: 0.994400
training accuracy (client 5) : 0.948815 
client 5 accuracy on val: 0.894686
client 5 fairness(EQO, Y) on val: 1.000000
training accuracy (client 8) : 0.977324 
client 8 accuracy on val: 0.894686
client 8 fairness(EQO, Y) on val: 1.000000
training accuracy (client 9) : 0.575581 
client 9 accuracy on val: 0.899736
client 9 fairness(EQO, Y) on val: 0.670700
training accuracy (client 18) : 0.522059 
client 18 accuracy on val: 0.901659
client 18 fairness(EQO, Y) on val: 0.660500
global model accuracy on val: 0.895408
global model fairness(EQO, Y) on val: 0.991600
global model accuracy on test: 0.887473
global model fairness(EQO, Y) on test: 0.991600
------------ run = 10; t = 19; F_Global = 0.9916, Privileged = Y ------------
training accuracy (client 9) : 0.510000 
client 9 accuracy on val: 0.906227
client 9 fairness(EQO, Y) on val: 0.684500
training accuracy (client 10) : 0.901321 
client 10 accuracy on val: 0.901900
client 10 fairness(EQO, Y) on val: 0.924000
training accuracy (client 15) : 0.937788 
client 15 accuracy on val: 0.888916
client 15 fairness(EQO, Y) on val: 0.431800
training accuracy (client 17) : 0.569767 
client 17 accuracy on val: 0.901178
client 17 fairness(EQO, Y) on val: 0.681300
training accuracy (client 18) : 0.522059 
client 18 accuracy on val: 0.901178
client 18 fairness(EQO, Y) on val: 0.677100
global model accuracy on val: 0.895408
global model fairness(EQO, Y) on val: 0.984000
global model accuracy on test: 0.887232
global model fairness(EQO, Y) on test: 0.982700
------------ run = 10; t = 20; F_Global = 0.984, Privileged = Y ------------
training accuracy (client 1) : 0.943373 
client 1 accuracy on val: 0.895167
client 1 fairness(EQO, Y) on val: 0.990600
training accuracy (client 7) : 0.550000 
client 7 accuracy on val: 0.892282
client 7 fairness(EQO, Y) on val: 0.659300
training accuracy (client 9) : 0.931973 
client 9 accuracy on val: 0.903102
client 9 fairness(EQO, Y) on val: 0.618800
training accuracy (client 13) : 0.507812 
client 13 accuracy on val: 0.907670
client 13 fairness(EQO, Y) on val: 0.681600
training accuracy (client 17) : 0.575581 
client 17 accuracy on val: 0.896850
client 17 fairness(EQO, Y) on val: 0.683100
global model accuracy on val: 0.895408
global model fairness(EQO, Y) on val: 0.984000
global model accuracy on test: 0.887473
global model fairness(EQO, Y) on test: 0.979900
------------ run = 10; t = 21; F_Global = 0.984, Privileged = Y ------------
training accuracy (client 1) : 0.943373 
client 1 accuracy on val: 0.894927
client 1 fairness(EQO, Y) on val: 0.993400
training accuracy (client 2) : 0.899371 
client 2 accuracy on val: 0.898052
client 2 fairness(EQO, Y) on val: 1.040300
training accuracy (client 5) : 0.948815 
client 5 accuracy on val: 0.894686
client 5 fairness(EQO, Y) on val: 1.000000
training accuracy (client 7) : 0.977324 
client 7 accuracy on val: 0.894686
client 7 fairness(EQO, Y) on val: 1.000000
training accuracy (client 14) : 0.529412 
client 14 accuracy on val: 0.896369
client 14 fairness(EQO, Y) on val: 0.665000
global model accuracy on val: 0.895408
global model fairness(EQO, Y) on val: 0.987800
global model accuracy on test: 0.887473
global model fairness(EQO, Y) on test: 0.983800
------------ run = 10; t = 22; F_Global = 0.9878, Privileged = Y ------------
training accuracy (client 1) : 0.943373 
client 1 accuracy on val: 0.895167
client 1 fairness(EQO, Y) on val: 0.990600
training accuracy (client 4) : 0.981221 
client 4 accuracy on val: 0.895408
client 4 fairness(EQO, Y) on val: 0.987800
training accuracy (client 5) : 0.948815 
client 5 accuracy on val: 0.894686
client 5 fairness(EQO, Y) on val: 1.000000
training accuracy (client 8) : 0.516129 
client 8 accuracy on val: 0.905506
client 8 fairness(EQO, Y) on val: 0.734800
training accuracy (client 15) : 0.933673 
client 15 accuracy on val: 0.904785
client 15 fairness(EQO, Y) on val: 0.625300
global model accuracy on val: 0.895167
global model fairness(EQO, Y) on val: 0.990600
global model accuracy on test: 0.887473
global model fairness(EQO, Y) on test: 0.983800
------------ run = 10; t = 23; F_Global = 0.9906, Privileged = Y ------------
training accuracy (client 5) : 0.948815 
client 5 accuracy on val: 0.894686
client 5 fairness(EQO, Y) on val: 1.000000
training accuracy (client 6) : 0.618644 
client 6 accuracy on val: 0.869921
client 6 fairness(EQO, Y) on val: 0.721100
training accuracy (client 8) : 0.941259 
client 8 accuracy on val: 0.902140
client 8 fairness(EQO, Y) on val: 0.796000
training accuracy (client 11) : 0.900544 
client 11 accuracy on val: 0.902861
client 11 fairness(EQO, Y) on val: 0.936300
training accuracy (client 18) : 0.933673 
client 18 accuracy on val: 0.903342
client 18 fairness(EQO, Y) on val: 0.615500
global model accuracy on val: 0.895408
global model fairness(EQO, Y) on val: 0.991600
global model accuracy on test: 0.887473
global model fairness(EQO, Y) on test: 0.991600
------------ run = 10; t = 24; F_Global = 0.9916, Privileged = Y ------------
training accuracy (client 2) : 0.900515 
client 2 accuracy on val: 0.898533
client 2 fairness(EQO, Y) on val: 1.060700
training accuracy (client 5) : 0.948815 
client 5 accuracy on val: 0.894686
client 5 fairness(EQO, Y) on val: 1.000000
training accuracy (client 13) : 0.529412 
client 13 accuracy on val: 0.899014
client 13 fairness(EQO, Y) on val: 0.717000
training accuracy (client 14) : 0.516129 
client 14 accuracy on val: 0.905987
client 14 fairness(EQO, Y) on val: 0.752400
training accuracy (client 16) : 0.541667 
client 16 accuracy on val: 0.903823
client 16 fairness(EQO, Y) on val: 0.754100
training accuracy (client 19) : 0.931973 
client 19 accuracy on val: 0.905266
client 19 fairness(EQO, Y) on val: 0.635000
global model accuracy on val: 0.895408
global model fairness(EQO, Y) on val: 0.991600
global model accuracy on test: 0.887713
global model fairness(EQO, Y) on test: 0.988800
------------ run = 10; t = 25; F_Global = 0.9916, Privileged = Y ------------
training accuracy (client 2) : 0.901086 
client 2 accuracy on val: 0.898774
client 2 fairness(EQO, Y) on val: 1.064400
training accuracy (client 4) : 0.978873 
client 4 accuracy on val: 0.895167
client 4 fairness(EQO, Y) on val: 0.986800
training accuracy (client 8) : 0.520000 
client 8 accuracy on val: 0.897812
client 8 fairness(EQO, Y) on val: 0.728100
training accuracy (client 9) : 0.933180 
client 9 accuracy on val: 0.894205
client 9 fairness(EQO, Y) on val: 0.478600
training accuracy (client 13) : 0.508621 
client 13 accuracy on val: 0.900697
client 13 fairness(EQO, Y) on val: 0.772600
training accuracy (client 14) : 0.941259 
client 14 accuracy on val: 0.902140
client 14 fairness(EQO, Y) on val: 0.796000
global model accuracy on val: 0.895167
global model fairness(EQO, Y) on val: 0.986800
global model accuracy on test: 0.887473
global model fairness(EQO, Y) on test: 0.983800
------------ run = 10; t = 26; F_Global = 0.9868, Privileged = Y ------------
training accuracy (client 1) : 0.943373 
client 1 accuracy on val: 0.895167
client 1 fairness(EQO, Y) on val: 0.994400
training accuracy (client 7) : 0.541667 
client 7 accuracy on val: 0.884347
client 7 fairness(EQO, Y) on val: 0.757500
training accuracy (client 9) : 0.581395 
client 9 accuracy on val: 0.891320
client 9 fairness(EQO, Y) on val: 0.785300
training accuracy (client 12) : 0.516129 
client 12 accuracy on val: 0.898533
client 12 fairness(EQO, Y) on val: 0.781300
training accuracy (client 13) : 0.566667 
client 13 accuracy on val: 0.895888
client 13 fairness(EQO, Y) on val: 0.795900
training accuracy (client 14) : 0.931973 
client 14 accuracy on val: 0.906708
client 14 fairness(EQO, Y) on val: 0.662600
global model accuracy on val: 0.894927
global model fairness(EQO, Y) on val: 0.985800
global model accuracy on test: 0.887473
global model fairness(EQO, Y) on test: 0.983800
------------ run = 10; t = 27; F_Global = 0.9858, Privileged = Y ------------
training accuracy (client 1) : 0.943373 
client 1 accuracy on val: 0.895167
client 1 fairness(EQO, Y) on val: 0.994400
training accuracy (client 3) : 0.979228 
client 3 accuracy on val: 0.894686
client 3 fairness(EQO, Y) on val: 1.000000
training accuracy (client 5) : 0.977324 
client 5 accuracy on val: 0.894686
client 5 fairness(EQO, Y) on val: 1.000000
training accuracy (client 6) : 0.568182 
client 6 accuracy on val: 0.884107
client 6 fairness(EQO, Y) on val: 0.765400
training accuracy (client 11) : 0.520000 
client 11 accuracy on val: 0.898052
client 11 fairness(EQO, Y) on val: 0.768000
training accuracy (client 17) : 0.516129 
client 17 accuracy on val: 0.898293
client 17 fairness(EQO, Y) on val: 0.772600
global model accuracy on val: 0.895408
global model fairness(EQO, Y) on val: 0.991600
global model accuracy on test: 0.887473
global model fairness(EQO, Y) on test: 0.991600
------------ run = 10; t = 28; F_Global = 0.9916, Privileged = Y ------------
training accuracy (client 1) : 0.943373 
client 1 accuracy on val: 0.895167
client 1 fairness(EQO, Y) on val: 0.994400
training accuracy (client 2) : 0.898799 
client 2 accuracy on val: 0.898293
client 2 fairness(EQO, Y) on val: 1.070100
training accuracy (client 11) : 0.508621 
client 11 accuracy on val: 0.899014
client 11 fairness(EQO, Y) on val: 0.796100
training accuracy (client 17) : 0.575758 
client 17 accuracy on val: 0.874489
client 17 fairness(EQO, Y) on val: 0.738000
training accuracy (client 18) : 0.520000 
client 18 accuracy on val: 0.898533
client 18 fairness(EQO, Y) on val: 0.770000
training accuracy (client 19) : 0.516129 
client 19 accuracy on val: 0.900697
client 19 fairness(EQO, Y) on val: 0.804800
global model accuracy on val: 0.895408
global model fairness(EQO, Y) on val: 0.991600
global model accuracy on test: 0.887713
global model fairness(EQO, Y) on test: 0.988800
------------ run = 10; t = 29; F_Global = 0.9916, Privileged = Y ------------
training accuracy (client 1) : 0.943373 
client 1 accuracy on val: 0.895167
client 1 fairness(EQO, Y) on val: 0.994400
training accuracy (client 4) : 0.948815 
client 4 accuracy on val: 0.894686
client 4 fairness(EQO, Y) on val: 1.000000
training accuracy (client 13) : 0.581395 
client 13 accuracy on val: 0.891080
client 13 fairness(EQO, Y) on val: 0.826000
training accuracy (client 14) : 0.566667 
client 14 accuracy on val: 0.896369
client 14 fairness(EQO, Y) on val: 0.823700
training accuracy (client 16) : 0.517241 
client 16 accuracy on val: 0.896850
client 16 fairness(EQO, Y) on val: 0.814900
training accuracy (client 17) : 0.568182 
client 17 accuracy on val: 0.878336
client 17 fairness(EQO, Y) on val: 0.791800
global model accuracy on val: 0.895167
global model fairness(EQO, Y) on val: 0.994400
global model accuracy on test: 0.887473
global model fairness(EQO, Y) on test: 0.991600
------------ run = 10; t = 30; F_Global = 0.9944, Privileged = Y ------------
training accuracy (client 2) : 0.899943 
client 2 accuracy on val: 0.898052
client 2 fairness(EQO, Y) on val: 1.081800
training accuracy (client 4) : 0.948815 
client 4 accuracy on val: 0.894686
client 4 fairness(EQO, Y) on val: 1.000000
training accuracy (client 6) : 0.523438 
client 6 accuracy on val: 0.897572
client 6 fairness(EQO, Y) on val: 0.800700
training accuracy (client 9) : 0.976526 
client 9 accuracy on val: 0.894927
client 9 fairness(EQO, Y) on val: 0.989600
training accuracy (client 12) : 0.541667 
client 12 accuracy on val: 0.885549
client 12 fairness(EQO, Y) on val: 0.796400
training accuracy (client 16) : 0.581395 
client 16 accuracy on val: 0.892041
client 16 fairness(EQO, Y) on val: 0.819200
global model accuracy on val: 0.894927
global model fairness(EQO, Y) on val: 0.997200
global model accuracy on test: 0.887473
global model fairness(EQO, Y) on test: 0.991600
------------ run = 10; t = 31; F_Global = 0.9972, Privileged = Y ------------
training accuracy (client 1) : 0.943373 
client 1 accuracy on val: 0.895167
client 1 fairness(EQO, Y) on val: 0.994400
training accuracy (client 7) : 0.522059 
client 7 accuracy on val: 0.889396
client 7 fairness(EQO, Y) on val: 0.828800
training accuracy (client 11) : 0.520000 
client 11 accuracy on val: 0.896850
client 11 fairness(EQO, Y) on val: 0.829800
training accuracy (client 14) : 0.517241 
client 14 accuracy on val: 0.896850
client 14 fairness(EQO, Y) on val: 0.863400
training accuracy (client 16) : 0.500000 
client 16 accuracy on val: 0.894686
client 16 fairness(EQO, Y) on val: 0.826800
training accuracy (client 17) : 0.973005 
client 17 accuracy on val: 0.894927
client 17 fairness(EQO, Y) on val: 0.997200
global model accuracy on val: 0.894927
global model fairness(EQO, Y) on val: 0.997200
global model accuracy on test: 0.887473
global model fairness(EQO, Y) on test: 0.991600
------------ run = 10; t = 32; F_Global = 0.9972, Privileged = Y ------------
training accuracy (client 6) : 0.928571 
client 6 accuracy on val: 0.895888
client 6 fairness(EQO, Y) on val: 0.494500
training accuracy (client 8) : 0.931973 
client 8 accuracy on val: 0.907670
client 8 fairness(EQO, Y) on val: 0.657400
training accuracy (client 9) : 0.516129 
client 9 accuracy on val: 0.900216
client 9 fairness(EQO, Y) on val: 0.801000
training accuracy (client 15) : 0.943373 
client 15 accuracy on val: 0.895167
client 15 fairness(EQO, Y) on val: 0.994400
training accuracy (client 18) : 0.508621 
client 18 accuracy on val: 0.898774
client 18 fairness(EQO, Y) on val: 0.800900
training accuracy (client 19) : 0.507812 
client 19 accuracy on val: 0.899736
client 19 fairness(EQO, Y) on val: 0.776500
global model accuracy on val: 0.895167
global model fairness(EQO, Y) on val: 0.986800
global model accuracy on test: 0.887713
global model fairness(EQO, Y) on test: 0.984900
------------ run = 10; t = 33; F_Global = 0.9868, Privileged = Y ------------
training accuracy (client 1) : 0.899943 
client 1 accuracy on val: 0.897572
client 1 fairness(EQO, Y) on val: 1.072200
training accuracy (client 2) : 0.979228 
client 2 accuracy on val: 0.894686
client 2 fairness(EQO, Y) on val: 1.000000
training accuracy (client 4) : 0.977324 
client 4 accuracy on val: 0.894686
client 4 fairness(EQO, Y) on val: 1.000000
training accuracy (client 6) : 0.939860 
client 6 accuracy on val: 0.902380
client 6 fairness(EQO, Y) on val: 0.781800
training accuracy (client 7) : 0.558333 
client 7 accuracy on val: 0.898533
client 7 fairness(EQO, Y) on val: 0.768800
training accuracy (client 16) : 0.516129 
client 16 accuracy on val: 0.899495
client 16 fairness(EQO, Y) on val: 0.769000
global model accuracy on val: 0.894927
global model fairness(EQO, Y) on val: 0.997200
global model accuracy on test: 0.887473
global model fairness(EQO, Y) on test: 0.991600
------------ run = 10; t = 34; F_Global = 0.9972, Privileged = Y ------------
training accuracy (client 4) : 0.977324 
client 4 accuracy on val: 0.894686
client 4 fairness(EQO, Y) on val: 1.000000
training accuracy (client 6) : 0.568182 
client 6 accuracy on val: 0.877374
client 6 fairness(EQO, Y) on val: 0.772100
training accuracy (client 7) : 0.978873 
client 7 accuracy on val: 0.894927
client 7 fairness(EQO, Y) on val: 0.989600
training accuracy (client 10) : 0.514706 
client 10 accuracy on val: 0.892041
client 10 fairness(EQO, Y) on val: 0.785000
training accuracy (client 11) : 0.520000 
client 11 accuracy on val: 0.897331
client 11 fairness(EQO, Y) on val: 0.755000
training accuracy (client 17) : 0.938462 
client 17 accuracy on val: 0.902380
client 17 fairness(EQO, Y) on val: 0.782100
global model accuracy on val: 0.894686
global model fairness(EQO, Y) on val: 1.000000
global model accuracy on test: 0.887232
global model fairness(EQO, Y) on test: 0.994400
------------ run = 10; t = 35; F_Global = 1.0, Privileged = Y ------------
training accuracy (client 1) : 0.900515 
client 1 accuracy on val: 0.898052
client 1 fairness(EQO, Y) on val: 1.075800
training accuracy (client 3) : 0.948815 
client 3 accuracy on val: 0.894686
client 3 fairness(EQO, Y) on val: 1.000000
training accuracy (client 9) : 0.930272 
client 9 accuracy on val: 0.908151
client 9 fairness(EQO, Y) on val: 0.659300
training accuracy (client 11) : 0.517241 
client 11 accuracy on val: 0.900697
client 11 fairness(EQO, Y) on val: 0.813200
training accuracy (client 15) : 0.568182 
client 15 accuracy on val: 0.880260
client 15 fairness(EQO, Y) on val: 0.755900
training accuracy (client 17) : 0.514706 
client 17 accuracy on val: 0.895888
client 17 fairness(EQO, Y) on val: 0.794800
global model accuracy on val: 0.894927
global model fairness(EQO, Y) on val: 0.997200
global model accuracy on test: 0.887232
global model fairness(EQO, Y) on test: 0.994400
------------ run = 10; t = 36; F_Global = 0.9972, Privileged = Y ------------
training accuracy (client 3) : 0.949289 
client 3 accuracy on val: 0.894686
client 3 fairness(EQO, Y) on val: 1.000000
training accuracy (client 5) : 0.901321 
client 5 accuracy on val: 0.901659
client 5 fairness(EQO, Y) on val: 1.003300
training accuracy (client 10) : 0.515625 
client 10 accuracy on val: 0.897572
client 10 fairness(EQO, Y) on val: 0.835600
training accuracy (client 13) : 0.973005 
client 13 accuracy on val: 0.894927
client 13 fairness(EQO, Y) on val: 0.997200
training accuracy (client 14) : 0.520000 
client 14 accuracy on val: 0.896129
client 14 fairness(EQO, Y) on val: 0.844000
training accuracy (client 19) : 0.522059 
client 19 accuracy on val: 0.889877
client 19 fairness(EQO, Y) on val: 0.824000
global model accuracy on val: 0.894927
global model fairness(EQO, Y) on val: 0.997200
global model accuracy on test: 0.887232
global model fairness(EQO, Y) on test: 0.994400
------------ run = 10; t = 37; F_Global = 0.9972, Privileged = Y ------------
training accuracy (client 2) : 0.980712 
client 2 accuracy on val: 0.894686
client 2 fairness(EQO, Y) on val: 1.000000
training accuracy (client 3) : 0.949289 
client 3 accuracy on val: 0.894686
client 3 fairness(EQO, Y) on val: 1.000000
training accuracy (client 4) : 0.977324 
client 4 accuracy on val: 0.894686
client 4 fairness(EQO, Y) on val: 1.000000
training accuracy (client 6) : 0.550000 
client 6 accuracy on val: 0.886030
client 6 fairness(EQO, Y) on val: 0.803100
training accuracy (client 8) : 0.927419 
client 8 accuracy on val: 0.894686
client 8 fairness(EQO, Y) on val: 0.493100
training accuracy (client 17) : 0.507812 
client 17 accuracy on val: 0.897812
client 17 fairness(EQO, Y) on val: 0.821600
global model accuracy on val: 0.894686
global model fairness(EQO, Y) on val: 1.000000
global model accuracy on test: 0.887232
global model fairness(EQO, Y) on test: 0.994400
------------ run = 10; t = 38; F_Global = 1.0, Privileged = Y ------------
training accuracy (client 4) : 0.977324 
client 4 accuracy on val: 0.894686
client 4 fairness(EQO, Y) on val: 1.000000
training accuracy (client 8) : 0.541667 
client 8 accuracy on val: 0.898774
client 8 fairness(EQO, Y) on val: 0.837500
training accuracy (client 9) : 0.516129 
client 9 accuracy on val: 0.899495
client 9 fairness(EQO, Y) on val: 0.842200
training accuracy (client 11) : 0.941259 
client 11 accuracy on val: 0.902621
client 11 fairness(EQO, Y) on val: 0.780400
training accuracy (client 14) : 0.568182 
client 14 accuracy on val: 0.886511
client 14 fairness(EQO, Y) on val: 0.792600
training accuracy (client 19) : 0.515625 
client 19 accuracy on val: 0.898533
client 19 fairness(EQO, Y) on val: 0.821300
global model accuracy on val: 0.894686
global model fairness(EQO, Y) on val: 1.000000
global model accuracy on test: 0.886752
global model fairness(EQO, Y) on test: 1.000000
------------ run = 10; t = 39; F_Global = 1.0, Privileged = Y ------------
training accuracy (client 1) : 0.902230 
client 1 accuracy on val: 0.896129
client 1 fairness(EQO, Y) on val: 1.093100
training accuracy (client 3) : 0.949289 
client 3 accuracy on val: 0.894686
client 3 fairness(EQO, Y) on val: 1.000000
training accuracy (client 4) : 0.977324 
client 4 accuracy on val: 0.894686
client 4 fairness(EQO, Y) on val: 1.000000
training accuracy (client 5) : 0.900544 
client 5 accuracy on val: 0.901419
client 5 fairness(EQO, Y) on val: 1.000300
training accuracy (client 9) : 0.930272 
client 9 accuracy on val: 0.908872
client 9 fairness(EQO, Y) on val: 0.668300
training accuracy (client 11) : 0.520000 
client 11 accuracy on val: 0.899495
client 11 fairness(EQO, Y) on val: 0.797000
global model accuracy on val: 0.894686
global model fairness(EQO, Y) on val: 1.000000
global model accuracy on test: 0.887232
global model fairness(EQO, Y) on test: 0.994400
------------ run = 10; t = 40; F_Global = 1.0, Privileged = Y ------------
training accuracy (client 1) : 0.901086 
client 1 accuracy on val: 0.895408
client 1 fairness(EQO, Y) on val: 1.098000
training accuracy (client 2) : 0.980712 
client 2 accuracy on val: 0.894686
client 2 fairness(EQO, Y) on val: 1.000000
training accuracy (client 13) : 0.550000 
client 13 accuracy on val: 0.897331
client 13 fairness(EQO, Y) on val: 0.903200
training accuracy (client 16) : 0.553030 
client 16 accuracy on val: 0.879538
client 16 fairness(EQO, Y) on val: 0.818700
training accuracy (client 17) : 0.515625 
client 17 accuracy on val: 0.897331
client 17 fairness(EQO, Y) on val: 0.854000
training accuracy (client 18) : 0.926871 
client 18 accuracy on val: 0.908391
client 18 fairness(EQO, Y) on val: 0.686200
global model accuracy on val: 0.895167
global model fairness(EQO, Y) on val: 0.999100
global model accuracy on test: 0.887713
global model fairness(EQO, Y) on test: 0.997800
------------ run = 10; t = 41; F_Global = 0.9991, Privileged = Y ------------
training accuracy (client 3) : 0.949289 
client 3 accuracy on val: 0.894686
client 3 fairness(EQO, Y) on val: 1.000000
training accuracy (client 7) : 0.943373 
client 7 accuracy on val: 0.895167
client 7 fairness(EQO, Y) on val: 0.994400
training accuracy (client 9) : 0.525862 
client 9 accuracy on val: 0.896129
client 9 fairness(EQO, Y) on val: 0.878800
training accuracy (client 10) : 0.529412 
client 10 accuracy on val: 0.887954
client 10 fairness(EQO, Y) on val: 0.850500
training accuracy (client 18) : 0.507812 
client 18 accuracy on val: 0.893003
client 18 fairness(EQO, Y) on val: 0.865200
training accuracy (client 19) : 0.926871 
client 19 accuracy on val: 0.908872
client 19 fairness(EQO, Y) on val: 0.686400
global model accuracy on val: 0.894686
global model fairness(EQO, Y) on val: 1.000000
global model accuracy on test: 0.887232
global model fairness(EQO, Y) on test: 0.994400
------------ run = 10; t = 42; F_Global = 1.0, Privileged = Y ------------
training accuracy (client 2) : 0.980712 
client 2 accuracy on val: 0.894686
client 2 fairness(EQO, Y) on val: 1.000000
training accuracy (client 6) : 0.575581 
client 6 accuracy on val: 0.888435
client 6 fairness(EQO, Y) on val: 0.910500
training accuracy (client 11) : 0.938462 
client 11 accuracy on val: 0.902621
client 11 fairness(EQO, Y) on val: 0.800000
training accuracy (client 12) : 0.520000 
client 12 accuracy on val: 0.896129
client 12 fairness(EQO, Y) on val: 0.885900
training accuracy (client 15) : 0.943373 
client 15 accuracy on val: 0.894927
client 15 fairness(EQO, Y) on val: 0.997200
training accuracy (client 19) : 0.930272 
client 19 accuracy on val: 0.908632
client 19 fairness(EQO, Y) on val: 0.686600
global model accuracy on val: 0.894686
global model fairness(EQO, Y) on val: 1.000000
global model accuracy on test: 0.886752
global model fairness(EQO, Y) on test: 1.000000
------------ run = 10; t = 43; F_Global = 1.0, Privileged = Y ------------
training accuracy (client 5) : 0.902875 
client 5 accuracy on val: 0.901419
client 5 fairness(EQO, Y) on val: 0.992800
training accuracy (client 8) : 0.929724 
client 8 accuracy on val: 0.894927
client 8 fairness(EQO, Y) on val: 0.495500
training accuracy (client 12) : 0.517241 
client 12 accuracy on val: 0.899736
client 12 fairness(EQO, Y) on val: 0.864600
training accuracy (client 13) : 0.507353 
client 13 accuracy on val: 0.895888
client 13 fairness(EQO, Y) on val: 0.842400
training accuracy (client 17) : 0.520000 
client 17 accuracy on val: 0.898774
client 17 fairness(EQO, Y) on val: 0.807000
training accuracy (client 19) : 0.931973 
client 19 accuracy on val: 0.909353
client 19 fairness(EQO, Y) on val: 0.673000
global model accuracy on val: 0.894927
global model fairness(EQO, Y) on val: 0.997200
global model accuracy on test: 0.887232
global model fairness(EQO, Y) on test: 0.994400
------------ run = 10; t = 44; F_Global = 0.9972, Privileged = Y ------------
training accuracy (client 6) : 0.558333 
client 6 accuracy on val: 0.887954
client 6 fairness(EQO, Y) on val: 0.805100
training accuracy (client 7) : 0.516129 
client 7 accuracy on val: 0.898774
client 7 fairness(EQO, Y) on val: 0.837700
training accuracy (client 10) : 0.515625 
client 10 accuracy on val: 0.898533
client 10 fairness(EQO, Y) on val: 0.816800
training accuracy (client 13) : 0.943373 
client 13 accuracy on val: 0.894927
client 13 fairness(EQO, Y) on val: 0.990500
training accuracy (client 14) : 0.902098 
client 14 accuracy on val: 0.901900
client 14 fairness(EQO, Y) on val: 0.988600
training accuracy (client 18) : 0.520000 
client 18 accuracy on val: 0.897572
client 18 fairness(EQO, Y) on val: 0.787200
global model accuracy on val: 0.894927
global model fairness(EQO, Y) on val: 0.997200
global model accuracy on test: 0.887232
global model fairness(EQO, Y) on test: 0.994400
------------ run = 10; t = 45; F_Global = 0.9972, Privileged = Y ------------
training accuracy (client 3) : 0.949289 
client 3 accuracy on val: 0.894686
client 3 fairness(EQO, Y) on val: 1.000000
training accuracy (client 4) : 0.977324 
client 4 accuracy on val: 0.894686
client 4 fairness(EQO, Y) on val: 1.000000
training accuracy (client 5) : 0.974178 
client 5 accuracy on val: 0.894686
client 5 fairness(EQO, Y) on val: 0.988600
training accuracy (client 7) : 0.553030 
client 7 accuracy on val: 0.881943
client 7 fairness(EQO, Y) on val: 0.787200
training accuracy (client 16) : 0.500000 
client 16 accuracy on val: 0.897091
client 16 fairness(EQO, Y) on val: 0.809500
training accuracy (client 17) : 0.943373 
client 17 accuracy on val: 0.895167
client 17 fairness(EQO, Y) on val: 0.995300
global model accuracy on val: 0.894686
global model fairness(EQO, Y) on val: 1.000000
global model accuracy on test: 0.886752
global model fairness(EQO, Y) on test: 1.000000
------------ run = 10; t = 46; F_Global = 1.0, Privileged = Y ------------
training accuracy (client 1) : 0.901658 
client 1 accuracy on val: 0.894686
client 1 fairness(EQO, Y) on val: 1.090800
training accuracy (client 2) : 0.980712 
client 2 accuracy on val: 0.894686
client 2 fairness(EQO, Y) on val: 1.000000
training accuracy (client 5) : 0.550000 
client 5 accuracy on val: 0.898052
client 5 fairness(EQO, Y) on val: 0.876500
training accuracy (client 7) : 0.939860 
client 7 accuracy on val: 0.902621
client 7 fairness(EQO, Y) on val: 0.799400
training accuracy (client 12) : 0.541667 
client 12 accuracy on val: 0.888916
client 12 fairness(EQO, Y) on val: 0.817100
training accuracy (client 15) : 0.520000 
client 15 accuracy on val: 0.900697
client 15 fairness(EQO, Y) on val: 0.832600
global model accuracy on val: 0.894927
global model fairness(EQO, N) on val: 0.998100
global model accuracy on test: 0.887473
global model fairness(EQO, Y) on test: 0.996100
------------ run = 10; t = 47; F_Global = 0.9981, Privileged = N ------------
training accuracy (client 5) : 0.581395 
client 5 accuracy on val: 0.886271
client 5 fairness(EQO, N) on val: 1.156600
training accuracy (client 7) : 0.525862 
client 7 accuracy on val: 0.896610
client 7 fairness(EQO, N) on val: 1.159100
training accuracy (client 10) : 0.524194 
client 10 accuracy on val: 0.895167
client 10 fairness(EQO, N) on val: 1.126800
training accuracy (client 15) : 0.942128 
client 15 accuracy on val: 0.895167
client 15 fairness(EQO, N) on val: 1.004700
training accuracy (client 16) : 0.566667 
client 16 accuracy on val: 0.894205
client 16 fairness(EQO, N) on val: 1.141200
training accuracy (client 18) : 0.558333 
client 18 accuracy on val: 0.881702
client 18 fairness(EQO, N) on val: 1.195400
global model accuracy on val: 0.902621
global model fairness(EQO, Y) on val: 0.954400
global model accuracy on test: 0.892282
global model fairness(EQO, Y) on test: 0.973800
------------ run = 10; t = 48; F_Global = 0.9544, Privileged = Y ------------
training accuracy (client 3) : 0.949289 
client 3 accuracy on val: 0.894686
client 3 fairness(EQO, Y) on val: 1.000000
training accuracy (client 4) : 0.977324 
client 4 accuracy on val: 0.894686
client 4 fairness(EQO, Y) on val: 1.000000
training accuracy (client 5) : 0.581395 
client 5 accuracy on val: 0.866795
client 5 fairness(EQO, Y) on val: 0.894700
training accuracy (client 9) : 0.928571 
client 9 accuracy on val: 0.908872
client 9 fairness(EQO, Y) on val: 0.693600
training accuracy (client 12) : 0.973005 
client 12 accuracy on val: 0.894927
client 12 fairness(EQO, Y) on val: 0.989600
training accuracy (client 16) : 0.616667 
client 16 accuracy on val: 0.874970
client 16 fairness(EQO, Y) on val: 0.884600
global model accuracy on val: 0.894686
global model fairness(EQO, Y) on val: 1.000000
global model accuracy on test: 0.887232
global model fairness(EQO, Y) on test: 0.994400
------------ run = 10; t = 49; F_Global = 1.0, Privileged = Y ------------
training accuracy (client 2) : 0.980712 
client 2 accuracy on val: 0.894686
client 2 fairness(EQO, Y) on val: 1.000000
training accuracy (client 3) : 0.949289 
client 3 accuracy on val: 0.894686
client 3 fairness(EQO, Y) on val: 1.000000
training accuracy (client 8) : 0.524194 
client 8 accuracy on val: 0.898052
client 8 fairness(EQO, Y) on val: 0.844900
training accuracy (client 11) : 0.568182 
client 11 accuracy on val: 0.879057
client 11 fairness(EQO, Y) on val: 0.797600
training accuracy (client 12) : 0.507812 
client 12 accuracy on val: 0.896369
client 12 fairness(EQO, Y) on val: 0.818400
training accuracy (client 18) : 0.930272 
client 18 accuracy on val: 0.908872
client 18 fairness(EQO, Y) on val: 0.663000
global model accuracy on val: 0.894686
global model fairness(EQO, Y) on val: 1.000000
global model accuracy on test: 0.886752
global model fairness(EQO, Y) on test: 1.000000
------------ run = 10; t = 50; F_Global = 1.0, Privileged = Y ------------
training accuracy (client 5) : 0.930876 
client 5 accuracy on val: 0.895888
client 5 fairness(EQO, Y) on val: 0.485100
training accuracy (client 7) : 0.514706 
client 7 accuracy on val: 0.897812
client 7 fairness(EQO, Y) on val: 0.798800
training accuracy (client 9) : 0.974178 
client 9 accuracy on val: 0.894446
client 9 fairness(EQO, Y) on val: 0.995200
training accuracy (client 12) : 0.541667 
client 12 accuracy on val: 0.892041
client 12 fairness(EQO, Y) on val: 0.796700
training accuracy (client 14) : 0.569767 
client 14 accuracy on val: 0.894927
client 14 fairness(EQO, Y) on val: 0.801800
training accuracy (client 15) : 0.541667 
client 15 accuracy on val: 0.899495
client 15 fairness(EQO, Y) on val: 0.841600
global model accuracy on val: 0.894686
global model fairness(EQO, Y) on val: 1.000000
global model accuracy on test: 0.887232
global model fairness(EQO, Y) on test: 0.994400
----------------Done (FLAlgMain)----------------
