------------Execute (split_train_val_test)------------
rTrain: 0.6, rVal: 0.2, rTest: 0.2, alpha: 0.5, num_clients: 10
Total number of data row in law.csv: 20798
Total number of Training datasets: 12480
Total number of Testing datasets: 4159
Total number of Validation datasets: 4159
ratio :
[[1.15336796e-02 2.21738176e-02 6.59034392e-02 1.50156098e-02
  1.72147763e-01 7.86374614e-02 6.18222137e-01 6.85748007e-03
  2.18120013e-04 9.29049271e-03]
 [5.29344745e-03 7.29858810e-04 2.52835982e-01 8.79005534e-02
  3.95111532e-02 7.65993009e-02 5.85225368e-02 6.32744106e-02
  6.05548542e-03 4.09277272e-01]
 [8.19677425e-04 2.38429721e-01 6.06628649e-03 1.11427905e-02
  2.39185878e-01 3.28409886e-01 6.25958647e-02 1.71581754e-03
  8.33082400e-02 2.83258381e-02]
 [1.28841047e-01 2.01492254e-02 7.79464860e-02 2.92668599e-01
  2.82213392e-03 5.42918350e-02 1.33892902e-02 7.93928641e-02
  2.15418819e-01 1.15079700e-01]]
Total number of data row in dataset: 12480
Total number of clients datasets: 10
----------------(start splitting client datasets from adult_used.csv)----------------
client 1 training data (186, 12)
client 2 training data (562, 12)
client 3 training data (898, 12)
client 4 training data (392, 12)
client 5 training data (2039, 12)
client 6 training data (1320, 12)
client 7 training data (6127, 12)
client 8 training data (164, 12)
client 9 training data (242, 12)
client 10 training data (550, 12)
----------------(finish splitting client datasets took 0.41706013679504395)----------------
------------Done (split_train_val_test)------------
