------------Execute (split_train_val_test)------------
rTrain: 0.6, rVal: 0.2, rTest: 0.2, alpha: 0.5, num_clients: 10
Total number of data row in law.csv: 20798
Total number of Training datasets: 12480
Total number of Testing datasets: 4159
Total number of Validation datasets: 4159
ratio :
[[1.26608223e-01 5.84755537e-02 4.54169154e-02 1.29335252e-01
  2.64962725e-02 1.77010410e-02 5.69854807e-01 1.96883906e-04
  3.86582702e-03 2.20492245e-02]
 [2.31602041e-01 1.82986284e-01 2.19682523e-03 1.51796949e-01
  8.97683327e-02 4.58926390e-04 1.31025048e-06 8.05635558e-03
  2.71309405e-01 6.18235701e-02]
 [5.55532512e-02 1.11117553e-01 1.04283098e-02 2.78273025e-01
  5.05824746e-02 1.32827392e-01 8.21859176e-02 5.03420473e-03
  7.00114488e-03 2.66996727e-01]
 [1.75985485e-01 3.30064340e-03 4.32131651e-02 2.17511055e-02
  1.63288200e-01 4.70322607e-02 7.95955958e-02 1.11751019e-03
  1.68009082e-01 2.96706952e-01]]
Total number of data row in dataset: 12480
Total number of clients datasets: 10
----------------(start splitting client datasets from adult_used.csv)----------------
client 1 training data (1588, 12)
client 2 training data (875, 12)
client 3 training data (478, 12)
client 4 training data (1787, 12)
client 5 training data (490, 12)
client 6 training data (388, 12)
client 7 training data (5673, 12)
client 8 training data (14, 12)
client 9 training data (358, 12)
client 10 training data (829, 12)
----------------(finish splitting client datasets took 0.35696887969970703)----------------
------------Done (split_train_val_test)------------
