Alg.: FairFate; Client dataset: today_20230529\dataset_EO_run_2; client Count: 10
----------------(start loading 10 client datasets from today_20230529\dataset_EO_run_2)----------------
----------------(successfully loading 10 client datasets and server testing data from today_20230529\dataset_EO_run_2)----------------
----------------Execute (FLAlgMain)----------------
----------------(start running algorithm)----------------
global model accuracy on val: 0.586439
global model fairness(EO, Y) on val: 0.306000
------------ run = 3; t = 1; F_Global = 0.306, Privileged = Y ------------
training accuracy (client 3) : 0.719626 
client 3 accuracy on val: 0.654244
client 3 fairness(EO, Y) on val: 0.430500
training accuracy (client 6) : 0.771382 
client 6 accuracy on val: 0.757153
client 6 fairness(EO, Y) on val: 0.399100
training accuracy (client 9) : 0.773985 
client 9 accuracy on val: 0.800914
client 9 fairness(EO, Y) on val: 0.757000
global model accuracy on val: 0.709786
global model fairness(EO, Y) on val: 0.423300
global model accuracy on test: 0.698004
global model fairness(EO, Y) on test: 0.429700
------------ run = 3; t = 2; F_Global = 0.4233, Privileged = Y ------------
training accuracy (client 4) : 0.933302 
client 4 accuracy on val: 0.879538
client 4 fairness(EO, Y) on val: 1.000300
training accuracy (client 5) : 0.890201 
client 5 accuracy on val: 0.828805
client 5 fairness(EO, Y) on val: 0.377000
training accuracy (client 10) : 0.922637 
client 10 accuracy on val: 0.882905
client 10 fairness(EO, Y) on val: 0.987400
global model accuracy on val: 0.871844
global model fairness(EO, Y) on val: 0.670800
global model accuracy on test: 0.876413
global model fairness(EO, Y) on test: 0.623900
------------ run = 3; t = 3; F_Global = 0.6708, Privileged = Y ------------
training accuracy (client 2) : 0.914729 
client 2 accuracy on val: 0.887713
client 2 fairness(EO, Y) on val: 0.932900
training accuracy (client 5) : 0.907910 
client 5 accuracy on val: 0.858620
client 5 fairness(EO, Y) on val: 0.422900
training accuracy (client 10) : 0.921758 
client 10 accuracy on val: 0.885069
client 10 fairness(EO, Y) on val: 0.984900
global model accuracy on val: 0.884107
global model fairness(EO, Y) on val: 0.790500
global model accuracy on test: 0.895167
global model fairness(EO, Y) on test: 0.767500
------------ run = 3; t = 4; F_Global = 0.7905, Privileged = Y ------------
training accuracy (client 5) : 0.909091 
client 5 accuracy on val: 0.862467
client 5 fairness(EO, Y) on val: 0.440100
training accuracy (client 6) : 0.840461 
client 6 accuracy on val: 0.864390
client 6 fairness(EO, Y) on val: 0.600500
training accuracy (client 8) : 0.951950 
client 8 accuracy on val: 0.879538
client 8 fairness(EO, Y) on val: 1.000000
global model accuracy on val: 0.889156
global model fairness(EO, Y) on val: 0.844000
global model accuracy on test: 0.900216
global model fairness(EO, Y) on test: 0.822900
------------ run = 3; t = 5; F_Global = 0.844, Privileged = Y ------------
training accuracy (client 2) : 0.916451 
client 2 accuracy on val: 0.893484
client 2 fairness(EO, Y) on val: 0.931000
training accuracy (client 3) : 0.712617 
client 3 accuracy on val: 0.819909
client 3 fairness(EO, Y) on val: 0.629400
training accuracy (client 6) : 0.838816 
client 6 accuracy on val: 0.870402
client 6 fairness(EO, Y) on val: 0.606500
global model accuracy on val: 0.891080
global model fairness(EO, Y) on val: 0.795900
global model accuracy on test: 0.898533
global model fairness(EO, Y) on test: 0.772500
------------ run = 3; t = 6; F_Global = 0.7959, Privileged = Y ------------
training accuracy (client 2) : 0.916451 
client 2 accuracy on val: 0.893244
client 2 fairness(EO, Y) on val: 0.911100
training accuracy (client 6) : 0.840461 
client 6 accuracy on val: 0.869440
client 6 fairness(EO, Y) on val: 0.617900
training accuracy (client 9) : 0.798893 
client 9 accuracy on val: 0.869440
client 9 fairness(EO, Y) on val: 0.909400
global model accuracy on val: 0.892522
global model fairness(EO, Y) on val: 0.810300
global model accuracy on test: 0.897091
global model fairness(EO, Y) on test: 0.782000
------------ run = 3; t = 7; F_Global = 0.8103, Privileged = Y ------------
training accuracy (client 3) : 0.719626 
client 3 accuracy on val: 0.814859
client 3 fairness(EO, Y) on val: 0.671900
training accuracy (client 4) : 0.932825 
client 4 accuracy on val: 0.884828
client 4 fairness(EO, Y) on val: 0.991200
training accuracy (client 5) : 0.910272 
client 5 accuracy on val: 0.868959
client 5 fairness(EO, Y) on val: 0.503800
global model accuracy on val: 0.894686
global model fairness(EO, Y) on val: 0.856700
global model accuracy on test: 0.900697
global model fairness(EO, Y) on test: 0.828100
------------ run = 3; t = 8; F_Global = 0.8567, Privileged = Y ------------
training accuracy (client 3) : 0.714953 
client 3 accuracy on val: 0.823515
client 3 fairness(EO, Y) on val: 0.678700
training accuracy (client 5) : 0.910272 
client 5 accuracy on val: 0.869680
client 5 fairness(EO, Y) on val: 0.510100
training accuracy (client 9) : 0.801661 
client 9 accuracy on val: 0.864150
client 9 fairness(EO, Y) on val: 0.930400
global model accuracy on val: 0.892522
global model fairness(EO, Y) on val: 0.781200
global model accuracy on test: 0.893724
global model fairness(EO, Y) on test: 0.765200
------------ run = 3; t = 9; F_Global = 0.7812, Privileged = Y ------------
training accuracy (client 4) : 0.931872 
client 4 accuracy on val: 0.884828
client 4 fairness(EO, Y) on val: 0.991500
training accuracy (client 5) : 0.910272 
client 5 accuracy on val: 0.868478
client 5 fairness(EO, Y) on val: 0.521600
training accuracy (client 10) : 0.926593 
client 10 accuracy on val: 0.892041
client 10 fairness(EO, Y) on val: 0.972300
global model accuracy on val: 0.893244
global model fairness(EO, Y) on val: 0.854200
global model accuracy on test: 0.900216
global model fairness(EO, Y) on test: 0.830500
------------ run = 3; t = 10; F_Global = 0.8542, Privileged = Y ------------
training accuracy (client 1) : 0.913900 
client 1 accuracy on val: 0.880260
client 1 fairness(EO, Y) on val: 0.997200
training accuracy (client 5) : 0.906730 
client 5 accuracy on val: 0.869921
client 5 fairness(EO, Y) on val: 0.524800
training accuracy (client 9) : 0.808118 
client 9 accuracy on val: 0.861986
client 9 fairness(EO, Y) on val: 0.951500
global model accuracy on val: 0.891320
global model fairness(EO, Y) on val: 0.874100
global model accuracy on test: 0.900457
global model fairness(EO, Y) on test: 0.840800
------------ run = 3; t = 11; F_Global = 0.8741, Privileged = Y ------------
training accuracy (client 3) : 0.728972 
client 3 accuracy on val: 0.818947
client 3 fairness(EO, Y) on val: 0.756200
training accuracy (client 6) : 0.840461 
client 6 accuracy on val: 0.870882
client 6 fairness(EO, Y) on val: 0.722800
training accuracy (client 10) : 0.926154 
client 10 accuracy on val: 0.892041
client 10 fairness(EO, Y) on val: 0.970400
global model accuracy on val: 0.891560
global model fairness(EO, Y) on val: 0.885800
global model accuracy on test: 0.902140
global model fairness(EO, Y) on test: 0.850100
------------ run = 3; t = 12; F_Global = 0.8858, Privileged = Y ------------
training accuracy (client 2) : 0.919897 
client 2 accuracy on val: 0.892763
client 2 fairness(EO, Y) on val: 0.912500
training accuracy (client 7) : 0.968314 
client 7 accuracy on val: 0.879298
client 7 fairness(EO, Y) on val: 1.000000
training accuracy (client 8) : 0.953343 
client 8 accuracy on val: 0.880741
client 8 fairness(EO, Y) on val: 0.995600
global model accuracy on val: 0.892763
global model fairness(EO, Y) on val: 0.945700
global model accuracy on test: 0.903583
global model fairness(EO, Y) on test: 0.921800
------------ run = 3; t = 13; F_Global = 0.9457, Privileged = Y ------------
training accuracy (client 1) : 0.913900 
client 1 accuracy on val: 0.881943
client 1 fairness(EO, Y) on val: 0.997200
training accuracy (client 5) : 0.907910 
client 5 accuracy on val: 0.871604
client 5 fairness(EO, Y) on val: 0.538200
training accuracy (client 8) : 0.953343 
client 8 accuracy on val: 0.881462
client 8 fairness(EO, Y) on val: 0.995600
global model accuracy on val: 0.892041
global model fairness(EO, Y) on val: 0.965300
global model accuracy on test: 0.904785
global model fairness(EO, Y) on test: 0.939900
------------ run = 3; t = 14; F_Global = 0.9653, Privileged = Y ------------
training accuracy (client 4) : 0.934254 
client 4 accuracy on val: 0.887713
client 4 fairness(EO, Y) on val: 0.987100
training accuracy (client 6) : 0.835526 
client 6 accuracy on val: 0.875451
client 6 fairness(EO, Y) on val: 0.713100
training accuracy (client 10) : 0.925275 
client 10 accuracy on val: 0.893965
client 10 fairness(EO, Y) on val: 0.954900
global model accuracy on val: 0.892282
global model fairness(EO, Y) on val: 0.966900
global model accuracy on test: 0.904785
global model fairness(EO, Y) on test: 0.939900
------------ run = 3; t = 15; F_Global = 0.9669, Privileged = Y ------------
training accuracy (client 7) : 0.967681 
client 7 accuracy on val: 0.879298
client 7 fairness(EO, Y) on val: 1.000000
training accuracy (client 8) : 0.953343 
client 8 accuracy on val: 0.882905
client 8 fairness(EO, Y) on val: 0.995600
training accuracy (client 10) : 0.926593 
client 10 accuracy on val: 0.894686
client 10 fairness(EO, Y) on val: 0.950500
global model accuracy on val: 0.887954
global model fairness(EO, Y) on val: 0.977000
global model accuracy on test: 0.903823
global model fairness(EO, Y) on test: 0.963100
------------ run = 3; t = 16; F_Global = 0.977, Privileged = Y ------------
training accuracy (client 1) : 0.912863 
client 1 accuracy on val: 0.883145
client 1 fairness(EO, Y) on val: 0.994900
training accuracy (client 3) : 0.700935 
client 3 accuracy on val: 0.838182
client 3 fairness(EO, Y) on val: 0.761800
training accuracy (client 6) : 0.837171 
client 6 accuracy on val: 0.877374
client 6 fairness(EO, Y) on val: 0.710600
global model accuracy on val: 0.889877
global model fairness(EO, Y) on val: 0.977600
global model accuracy on test: 0.903342
global model fairness(EO, Y) on test: 0.953600
------------ run = 3; t = 17; F_Global = 0.9776, Privileged = Y ------------
training accuracy (client 2) : 0.921619 
client 2 accuracy on val: 0.892763
client 2 fairness(EO, Y) on val: 0.892400
training accuracy (client 6) : 0.842105 
client 6 accuracy on val: 0.876172
client 6 fairness(EO, Y) on val: 0.715500
training accuracy (client 7) : 0.967681 
client 7 accuracy on val: 0.879298
client 7 fairness(EO, Y) on val: 1.000000
global model accuracy on val: 0.886752
global model fairness(EO, Y) on val: 0.989300
global model accuracy on test: 0.904785
global model fairness(EO, Y) on test: 0.978800
------------ run = 3; t = 18; F_Global = 0.9893, Privileged = Y ------------
training accuracy (client 3) : 0.705607 
client 3 accuracy on val: 0.838423
client 3 fairness(EO, Y) on val: 0.776400
training accuracy (client 4) : 0.934731 
client 4 accuracy on val: 0.888916
client 4 fairness(EO, Y) on val: 0.978300
training accuracy (client 6) : 0.840461 
client 6 accuracy on val: 0.877615
client 6 fairness(EO, Y) on val: 0.713100
global model accuracy on val: 0.886992
global model fairness(EO, Y) on val: 0.979200
global model accuracy on test: 0.903583
global model fairness(EO, Y) on test: 0.963100
------------ run = 3; t = 19; F_Global = 0.9792, Privileged = Y ------------
training accuracy (client 4) : 0.935684 
client 4 accuracy on val: 0.887954
client 4 fairness(EO, Y) on val: 0.982700
training accuracy (client 6) : 0.840461 
client 6 accuracy on val: 0.877374
client 6 fairness(EO, Y) on val: 0.714100
training accuracy (client 7) : 0.967681 
client 7 accuracy on val: 0.879298
client 7 fairness(EO, Y) on val: 1.000000
global model accuracy on val: 0.886752
global model fairness(EO, Y) on val: 0.989300
global model accuracy on test: 0.904785
global model fairness(EO, Y) on test: 0.980700
------------ run = 3; t = 20; F_Global = 0.9893, Privileged = Y ------------
training accuracy (client 1) : 0.913900 
client 1 accuracy on val: 0.882905
client 1 fairness(EO, Y) on val: 0.994600
training accuracy (client 6) : 0.847039 
client 6 accuracy on val: 0.877855
client 6 fairness(EO, Y) on val: 0.715700
training accuracy (client 7) : 0.968314 
client 7 accuracy on val: 0.879298
client 7 fairness(EO, Y) on val: 1.000000
global model accuracy on val: 0.885549
global model fairness(EO, Y) on val: 0.993700
global model accuracy on test: 0.903342
global model fairness(EO, Y) on test: 0.988600
------------ run = 3; t = 21; F_Global = 0.9937, Privileged = Y ------------
training accuracy (client 3) : 0.703271 
client 3 accuracy on val: 0.838182
client 3 fairness(EO, Y) on val: 0.778600
training accuracy (client 4) : 0.936160 
client 4 accuracy on val: 0.889877
client 4 fairness(EO, Y) on val: 0.978300
training accuracy (client 5) : 0.906730 
client 5 accuracy on val: 0.875691
client 5 fairness(EO, Y) on val: 0.575900
global model accuracy on val: 0.886992
global model fairness(EO, Y) on val: 0.989300
global model accuracy on test: 0.904785
global model fairness(EO, Y) on test: 0.978800
------------ run = 3; t = 22; F_Global = 0.9893, Privileged = Y ------------
training accuracy (client 1) : 0.912863 
client 1 accuracy on val: 0.884828
client 1 fairness(EO, Y) on val: 0.995300
training accuracy (client 8) : 0.955432 
client 8 accuracy on val: 0.884588
client 8 fairness(EO, Y) on val: 0.993400
training accuracy (client 10) : 0.925714 
client 10 accuracy on val: 0.895408
client 10 fairness(EO, Y) on val: 0.948000
global model accuracy on val: 0.886511
global model fairness(EO, Y) on val: 0.989300
global model accuracy on test: 0.904544
global model fairness(EO, Y) on test: 0.980700
------------ run = 3; t = 23; F_Global = 0.9893, Privileged = Y ------------
training accuracy (client 3) : 0.705607 
client 3 accuracy on val: 0.839865
client 3 fairness(EO, Y) on val: 0.776400
training accuracy (client 6) : 0.838816 
client 6 accuracy on val: 0.877615
client 6 fairness(EO, Y) on val: 0.721500
training accuracy (client 9) : 0.807196 
client 9 accuracy on val: 0.863429
client 9 fairness(EO, Y) on val: 0.958500
global model accuracy on val: 0.888675
global model fairness(EO, Y) on val: 0.977300
global model accuracy on test: 0.903823
global model fairness(EO, Y) on test: 0.959500
------------ run = 3; t = 24; F_Global = 0.9773, Privileged = Y ------------
training accuracy (client 1) : 0.913900 
client 1 accuracy on val: 0.884828
client 1 fairness(EO, Y) on val: 0.991800
training accuracy (client 5) : 0.905549 
client 5 accuracy on val: 0.875451
client 5 fairness(EO, Y) on val: 0.584300
training accuracy (client 9) : 0.807196 
client 9 accuracy on val: 0.861505
client 9 fairness(EO, Y) on val: 0.966300
global model accuracy on val: 0.890599
global model fairness(EO, Y) on val: 0.976000
global model accuracy on test: 0.903823
global model fairness(EO, Y) on test: 0.956500
------------ run = 3; t = 25; F_Global = 0.976, Privileged = Y ------------
training accuracy (client 1) : 0.915975 
client 1 accuracy on val: 0.884107
client 1 fairness(EO, Y) on val: 0.995900
training accuracy (client 2) : 0.924203 
client 2 accuracy on val: 0.893003
client 2 fairness(EO, Y) on val: 0.903700
training accuracy (client 8) : 0.954039 
client 8 accuracy on val: 0.884588
client 8 fairness(EO, Y) on val: 0.993400
global model accuracy on val: 0.888194
global model fairness(EO, Y) on val: 0.979500
global model accuracy on test: 0.903583
global model fairness(EO, Y) on test: 0.964000
------------ run = 3; t = 26; F_Global = 0.9795, Privileged = Y ------------
training accuracy (client 1) : 0.913900 
client 1 accuracy on val: 0.884107
client 1 fairness(EO, Y) on val: 0.993700
training accuracy (client 4) : 0.936160 
client 4 accuracy on val: 0.888435
client 4 fairness(EO, Y) on val: 0.978300
training accuracy (client 7) : 0.967681 
client 7 accuracy on val: 0.879298
client 7 fairness(EO, Y) on val: 1.000000
global model accuracy on val: 0.885069
global model fairness(EO, Y) on val: 0.988300
global model accuracy on test: 0.904063
global model fairness(EO, Y) on test: 0.982700
------------ run = 3; t = 27; F_Global = 0.9883, Privileged = Y ------------
training accuracy (client 2) : 0.922481 
client 2 accuracy on val: 0.893003
client 2 fairness(EO, Y) on val: 0.904000
training accuracy (client 3) : 0.724299 
client 3 accuracy on val: 0.837701
client 3 fairness(EO, Y) on val: 0.800100
training accuracy (client 5) : 0.904368 
client 5 accuracy on val: 0.876172
client 5 fairness(EO, Y) on val: 0.593400
global model accuracy on val: 0.888435
global model fairness(EO, Y) on val: 0.979500
global model accuracy on test: 0.903342
global model fairness(EO, Y) on test: 0.964000
------------ run = 3; t = 28; F_Global = 0.9795, Privileged = Y ------------
training accuracy (client 2) : 0.923342 
client 2 accuracy on val: 0.893003
client 2 fairness(EO, Y) on val: 0.899600
training accuracy (client 3) : 0.724299 
client 3 accuracy on val: 0.834335
client 3 fairness(EO, Y) on val: 0.790900
training accuracy (client 5) : 0.904368 
client 5 accuracy on val: 0.875691
client 5 fairness(EO, Y) on val: 0.591300
global model accuracy on val: 0.892041
global model fairness(EO, Y) on val: 0.971300
global model accuracy on test: 0.903583
global model fairness(EO, Y) on test: 0.950600
------------ run = 3; t = 29; F_Global = 0.9713, Privileged = Y ------------
training accuracy (client 3) : 0.714953 
client 3 accuracy on val: 0.833373
client 3 fairness(EO, Y) on val: 0.783600
training accuracy (client 7) : 0.967681 
client 7 accuracy on val: 0.879298
client 7 fairness(EO, Y) on val: 1.000000
training accuracy (client 8) : 0.955432 
client 8 accuracy on val: 0.885309
client 8 fairness(EO, Y) on val: 0.991200
global model accuracy on val: 0.888435
global model fairness(EO, Y) on val: 0.983000
global model accuracy on test: 0.904063
global model fairness(EO, Y) on test: 0.967000
------------ run = 3; t = 30; F_Global = 0.983, Privileged = Y ------------
training accuracy (client 2) : 0.923342 
client 2 accuracy on val: 0.894205
client 2 fairness(EO, Y) on val: 0.895100
training accuracy (client 8) : 0.955432 
client 8 accuracy on val: 0.885309
client 8 fairness(EO, Y) on val: 0.991200
training accuracy (client 9) : 0.806273 
client 9 accuracy on val: 0.861505
client 9 fairness(EO, Y) on val: 0.963600
global model accuracy on val: 0.888435
global model fairness(EO, Y) on val: 0.984900
global model accuracy on test: 0.903823
global model fairness(EO, Y) on test: 0.965100
------------ run = 3; t = 31; F_Global = 0.9849, Privileged = Y ------------
training accuracy (client 3) : 0.705607 
client 3 accuracy on val: 0.836740
client 3 fairness(EO, Y) on val: 0.775300
training accuracy (client 5) : 0.904368 
client 5 accuracy on val: 0.876172
client 5 fairness(EO, Y) on val: 0.578700
training accuracy (client 8) : 0.956128 
client 8 accuracy on val: 0.886030
client 8 fairness(EO, Y) on val: 0.991200
global model accuracy on val: 0.890599
global model fairness(EO, Y) on val: 0.982400
global model accuracy on test: 0.904304
global model fairness(EO, Y) on test: 0.961200
------------ run = 3; t = 32; F_Global = 0.9824, Privileged = Y ------------
training accuracy (client 5) : 0.906730 
client 5 accuracy on val: 0.875451
client 5 fairness(EO, Y) on val: 0.573600
training accuracy (client 6) : 0.838816 
client 6 accuracy on val: 0.877374
client 6 fairness(EO, Y) on val: 0.714100
training accuracy (client 10) : 0.926593 
client 10 accuracy on val: 0.894927
client 10 fairness(EO, Y) on val: 0.939800
global model accuracy on val: 0.892041
global model fairness(EO, Y) on val: 0.971700
global model accuracy on test: 0.904063
global model fairness(EO, Y) on test: 0.949400
------------ run = 3; t = 33; F_Global = 0.9717, Privileged = Y ------------
training accuracy (client 3) : 0.705607 
client 3 accuracy on val: 0.835297
client 3 fairness(EO, Y) on val: 0.754200
training accuracy (client 5) : 0.906730 
client 5 accuracy on val: 0.874970
client 5 fairness(EO, Y) on val: 0.569100
training accuracy (client 8) : 0.956128 
client 8 accuracy on val: 0.885790
client 8 fairness(EO, Y) on val: 0.989000
global model accuracy on val: 0.892041
global model fairness(EO, Y) on val: 0.967000
global model accuracy on test: 0.904304
global model fairness(EO, Y) on test: 0.949400
------------ run = 3; t = 34; F_Global = 0.967, Privileged = Y ------------
training accuracy (client 1) : 0.912863 
client 1 accuracy on val: 0.885549
client 1 fairness(EO, Y) on val: 0.991200
training accuracy (client 7) : 0.967681 
client 7 accuracy on val: 0.879298
client 7 fairness(EO, Y) on val: 1.000000
training accuracy (client 8) : 0.954735 
client 8 accuracy on val: 0.886030
client 8 fairness(EO, Y) on val: 0.989000
global model accuracy on val: 0.888916
global model fairness(EO, Y) on val: 0.984600
global model accuracy on test: 0.903583
global model fairness(EO, Y) on test: 0.969000
------------ run = 3; t = 35; F_Global = 0.9846, Privileged = Y ------------
training accuracy (client 2) : 0.925065 
client 2 accuracy on val: 0.895408
client 2 fairness(EO, Y) on val: 0.881600
training accuracy (client 7) : 0.967681 
client 7 accuracy on val: 0.879298
client 7 fairness(EO, Y) on val: 1.000000
training accuracy (client 10) : 0.926593 
client 10 accuracy on val: 0.896610
client 10 fairness(EO, Y) on val: 0.954600
global model accuracy on val: 0.885309
global model fairness(EO, Y) on val: 0.991200
global model accuracy on test: 0.903823
global model fairness(EO, Y) on test: 0.986600
------------ run = 3; t = 36; F_Global = 0.9912, Privileged = Y ------------
training accuracy (client 2) : 0.923342 
client 2 accuracy on val: 0.894927
client 2 fairness(EO, Y) on val: 0.883800
training accuracy (client 5) : 0.904368 
client 5 accuracy on val: 0.875691
client 5 fairness(EO, Y) on val: 0.572700
training accuracy (client 7) : 0.967681 
client 7 accuracy on val: 0.879298
client 7 fairness(EO, Y) on val: 1.000000
global model accuracy on val: 0.884588
global model fairness(EO, Y) on val: 0.993400
global model accuracy on test: 0.902380
global model fairness(EO, Y) on test: 0.988600
------------ run = 3; t = 37; F_Global = 0.9934, Privileged = Y ------------
training accuracy (client 1) : 0.912863 
client 1 accuracy on val: 0.887232
client 1 fairness(EO, Y) on val: 0.982600
training accuracy (client 5) : 0.905549 
client 5 accuracy on val: 0.875932
client 5 fairness(EO, Y) on val: 0.572500
training accuracy (client 7) : 0.967681 
client 7 accuracy on val: 0.879298
client 7 fairness(EO, Y) on val: 1.000000
global model accuracy on val: 0.883626
global model fairness(EO, Y) on val: 0.995600
global model accuracy on test: 0.901419
global model fairness(EO, Y) on test: 0.994400
------------ run = 3; t = 38; F_Global = 0.9956, Privileged = Y ------------
training accuracy (client 1) : 0.913900 
client 1 accuracy on val: 0.886752
client 1 fairness(EO, Y) on val: 0.988900
training accuracy (client 2) : 0.919897 
client 2 accuracy on val: 0.896610
client 2 fairness(EO, Y) on val: 0.886000
training accuracy (client 8) : 0.955432 
client 8 accuracy on val: 0.888194
client 8 fairness(EO, Y) on val: 0.986800
global model accuracy on val: 0.883866
global model fairness(EO, Y) on val: 0.993400
global model accuracy on test: 0.902140
global model fairness(EO, Y) on test: 0.988600
------------ run = 3; t = 39; F_Global = 0.9934, Privileged = Y ------------
training accuracy (client 2) : 0.920758 
client 2 accuracy on val: 0.896610
client 2 fairness(EO, Y) on val: 0.886000
training accuracy (client 4) : 0.936637 
client 4 accuracy on val: 0.892282
client 4 fairness(EO, Y) on val: 0.976100
training accuracy (client 7) : 0.967681 
client 7 accuracy on val: 0.879298
client 7 fairness(EO, Y) on val: 1.000000
global model accuracy on val: 0.881943
global model fairness(EO, Y) on val: 0.995600
global model accuracy on test: 0.900938
global model fairness(EO, Y) on test: 0.996400
------------ run = 3; t = 40; F_Global = 0.9956, Privileged = Y ------------
training accuracy (client 1) : 0.913900 
client 1 accuracy on val: 0.886752
client 1 fairness(EO, Y) on val: 0.986700
training accuracy (client 4) : 0.935684 
client 4 accuracy on val: 0.892041
client 4 fairness(EO, Y) on val: 0.976100
training accuracy (client 5) : 0.904368 
client 5 accuracy on val: 0.875691
client 5 fairness(EO, Y) on val: 0.572700
global model accuracy on val: 0.883866
global model fairness(EO, Y) on val: 0.993400
global model accuracy on test: 0.902140
global model fairness(EO, Y) on test: 0.988600
------------ run = 3; t = 41; F_Global = 0.9934, Privileged = Y ------------
training accuracy (client 1) : 0.910788 
client 1 accuracy on val: 0.886752
client 1 fairness(EO, Y) on val: 0.984500
training accuracy (client 3) : 0.700935 
client 3 accuracy on val: 0.839865
client 3 fairness(EO, Y) on val: 0.760200
training accuracy (client 7) : 0.967681 
client 7 accuracy on val: 0.879538
client 7 fairness(EO, Y) on val: 1.000000
global model accuracy on val: 0.881462
global model fairness(EO, Y) on val: 0.995600
global model accuracy on test: 0.901178
global model fairness(EO, Y) on test: 0.998400
------------ run = 3; t = 42; F_Global = 0.9956, Privileged = Y ------------
training accuracy (client 4) : 0.935684 
client 4 accuracy on val: 0.892041
client 4 fairness(EO, Y) on val: 0.974200
training accuracy (client 7) : 0.967681 
client 7 accuracy on val: 0.879538
client 7 fairness(EO, Y) on val: 1.000000
training accuracy (client 8) : 0.956128 
client 8 accuracy on val: 0.888194
client 8 fairness(EO, Y) on val: 0.986800
global model accuracy on val: 0.880260
global model fairness(EO, Y) on val: 0.995600
global model accuracy on test: 0.900457
global model fairness(EO, Y) on test: 0.998400
------------ run = 3; t = 43; F_Global = 0.9956, Privileged = Y ------------
training accuracy (client 1) : 0.911826 
client 1 accuracy on val: 0.887232
client 1 fairness(EO, Y) on val: 0.980100
training accuracy (client 3) : 0.705607 
client 3 accuracy on val: 0.841068
client 3 fairness(EO, Y) on val: 0.761400
training accuracy (client 5) : 0.903188 
client 5 accuracy on val: 0.876413
client 5 fairness(EO, Y) on val: 0.575000
global model accuracy on val: 0.883385
global model fairness(EO, Y) on val: 0.993400
global model accuracy on test: 0.902140
global model fairness(EO, Y) on test: 0.990500
------------ run = 3; t = 44; F_Global = 0.9934, Privileged = Y ------------
training accuracy (client 2) : 0.921619 
client 2 accuracy on val: 0.897331
client 2 fairness(EO, Y) on val: 0.895100
training accuracy (client 5) : 0.904368 
client 5 accuracy on val: 0.876172
client 5 fairness(EO, Y) on val: 0.575300
training accuracy (client 8) : 0.956825 
client 8 accuracy on val: 0.888194
client 8 fairness(EO, Y) on val: 0.986800
global model accuracy on val: 0.885309
global model fairness(EO, Y) on val: 0.991200
global model accuracy on test: 0.902861
global model fairness(EO, Y) on test: 0.980700
------------ run = 3; t = 45; F_Global = 0.9912, Privileged = Y ------------
training accuracy (client 1) : 0.911826 
client 1 accuracy on val: 0.887473
client 1 fairness(EO, Y) on val: 0.986700
training accuracy (client 2) : 0.920758 
client 2 accuracy on val: 0.896850
client 2 fairness(EO, Y) on val: 0.881900
training accuracy (client 8) : 0.956825 
client 8 accuracy on val: 0.888194
client 8 fairness(EO, Y) on val: 0.986800
global model accuracy on val: 0.885549
global model fairness(EO, Y) on val: 0.989000
global model accuracy on test: 0.903342
global model fairness(EO, Y) on test: 0.980700
------------ run = 3; t = 46; F_Global = 0.989, Privileged = Y ------------
training accuracy (client 3) : 0.700935 
client 3 accuracy on val: 0.836980
client 3 fairness(EO, Y) on val: 0.753500
training accuracy (client 5) : 0.903188 
client 5 accuracy on val: 0.875691
client 5 fairness(EO, Y) on val: 0.573300
training accuracy (client 10) : 0.927033 
client 10 accuracy on val: 0.895167
client 10 fairness(EO, Y) on val: 0.933500
global model accuracy on val: 0.888916
global model fairness(EO, Y) on val: 0.986800
global model accuracy on test: 0.903102
global model fairness(EO, Y) on test: 0.969000
------------ run = 3; t = 47; F_Global = 0.9868, Privileged = Y ------------
training accuracy (client 3) : 0.698598 
client 3 accuracy on val: 0.838182
client 3 fairness(EO, Y) on val: 0.752200
training accuracy (client 4) : 0.936160 
client 4 accuracy on val: 0.892282
client 4 fairness(EO, Y) on val: 0.974500
training accuracy (client 6) : 0.837171 
client 6 accuracy on val: 0.877615
client 6 fairness(EO, Y) on val: 0.715400
global model accuracy on val: 0.891080
global model fairness(EO, Y) on val: 0.980200
global model accuracy on test: 0.903583
global model fairness(EO, Y) on test: 0.961200
------------ run = 3; t = 48; F_Global = 0.9802, Privileged = Y ------------
training accuracy (client 3) : 0.700935 
client 3 accuracy on val: 0.836018
client 3 fairness(EO, Y) on val: 0.752600
training accuracy (client 4) : 0.936637 
client 4 accuracy on val: 0.893003
client 4 fairness(EO, Y) on val: 0.974500
training accuracy (client 7) : 0.967681 
client 7 accuracy on val: 0.879538
client 7 fairness(EO, Y) on val: 1.000000
global model accuracy on val: 0.881702
global model fairness(EO, Y) on val: 0.995600
global model accuracy on test: 0.900697
global model fairness(EO, Y) on test: 0.998400
------------ run = 3; t = 49; F_Global = 0.9956, Privileged = Y ------------
training accuracy (client 2) : 0.924203 
client 2 accuracy on val: 0.897572
client 2 fairness(EO, Y) on val: 0.892900
training accuracy (client 5) : 0.902007 
client 5 accuracy on val: 0.875932
client 5 fairness(EO, Y) on val: 0.575500
training accuracy (client 9) : 0.805351 
client 9 accuracy on val: 0.862707
client 9 fairness(EO, Y) on val: 0.952000
global model accuracy on val: 0.884347
global model fairness(EO, Y) on val: 0.993400
global model accuracy on test: 0.902380
global model fairness(EO, Y) on test: 0.988600
------------ run = 3; t = 50; F_Global = 0.9934, Privileged = Y ------------
training accuracy (client 1) : 0.911826 
client 1 accuracy on val: 0.887954
client 1 fairness(EO, Y) on val: 0.984800
training accuracy (client 7) : 0.967681 
client 7 accuracy on val: 0.879298
client 7 fairness(EO, Y) on val: 0.997800
training accuracy (client 9) : 0.806273 
client 9 accuracy on val: 0.862948
client 9 fairness(EO, Y) on val: 0.952000
global model accuracy on val: 0.879057
global model fairness(EO, Y) on val: 0.995600
global model accuracy on test: 0.899736
global model fairness(EO, N) on test: 0.999700
----------------Done (FLAlgMain)----------------
