Alg.: FairFateVC; Client dataset: today_20230531\dataset_EQO_run_6; client Count: 10
----------------(start loading 10 client datasets from today_20230531\dataset_EQO_run_6)----------------
----------------(successfully loading 10 client datasets and server testing data from today_20230531\dataset_EQO_run_6)----------------
----------------Execute (FLAlgMain)----------------
----------------(start running algorithm)----------------
global model accuracy on val: 0.622025
global model fairness(EQO, Y) on val: 0.047500
------------ run = 7; t = 1; F_Global = 0.0475, Privileged = Y ------------
training accuracy (client 2) : 0.933660 
client 2 accuracy on val: 0.893724
client 2 fairness(EQO, Y) on val: 0.601300
training accuracy (client 6) : 0.968391 
client 6 accuracy on val: 0.766290
client 6 fairness(EQO, Y) on val: 0.008100
training accuracy (client 10) : 0.894410 
client 10 accuracy on val: 0.886271
client 10 fairness(EQO, Y) on val: 0.510100
global model accuracy on val: 0.861746
global model fairness(EQO, Y) on val: 0.255800
global model accuracy on test: 0.861746
global model fairness(EQO, Y) on test: 0.242200
------------ run = 7; t = 2; F_Global = 0.2558, Privileged = Y ------------
training accuracy (client 2) : 0.934996 
client 2 accuracy on val: 0.895167
client 2 fairness(EQO, Y) on val: 0.603200
training accuracy (client 5) : 0.747899 
client 5 accuracy on val: 0.717961
client 5 fairness(EQO, Y) on val: 0.300400
training accuracy (client 9) : 0.896739 
client 9 accuracy on val: 0.890358
client 9 fairness(EQO, Y) on val: 0.558800
global model accuracy on val: 0.877615
global model fairness(EQO, Y) on val: 0.406200
global model accuracy on test: 0.880981
global model fairness(EQO, Y) on test: 0.384900
------------ run = 7; t = 3; F_Global = 0.4062, Privileged = Y ------------
training accuracy (client 1) : 0.938944 
client 1 accuracy on val: 0.887713
client 1 fairness(EQO, Y) on val: 1.000000
training accuracy (client 2) : 0.938112 
client 2 accuracy on val: 0.895888
client 2 fairness(EQO, Y) on val: 0.621400
training accuracy (client 5) : 0.756303 
client 5 accuracy on val: 0.736716
client 5 fairness(EQO, Y) on val: 0.416300
global model accuracy on val: 0.889877
global model fairness(EQO, Y) on val: 0.526900
global model accuracy on test: 0.894927
global model fairness(EQO, Y) on test: 0.525300
------------ run = 7; t = 4; F_Global = 0.5269, Privileged = Y ------------
training accuracy (client 5) : 0.768908 
client 5 accuracy on val: 0.744650
client 5 fairness(EQO, Y) on val: 0.467000
training accuracy (client 6) : 0.834025 
client 6 accuracy on val: 0.701130
client 6 fairness(EQO, Y) on val: 0.145800
training accuracy (client 7) : 0.840989 
client 7 accuracy on val: 0.541957
client 7 fairness(EQO, Y) on val: 7.066200
global model accuracy on val: 0.854292
global model fairness(EQO, Y) on val: 0.452800
global model accuracy on test: 0.849724
global model fairness(EQO, Y) on test: 0.419600
------------ run = 7; t = 5; F_Global = 0.4528, Privileged = Y ------------
training accuracy (client 1) : 0.938944 
client 1 accuracy on val: 0.887713
client 1 fairness(EQO, Y) on val: 1.000000
training accuracy (client 5) : 0.908127 
client 5 accuracy on val: 0.364270
client 5 fairness(EQO, Y) on val: 50.156800
training accuracy (client 9) : 0.781513 
client 9 accuracy on val: 0.707862
client 9 fairness(EQO, Y) on val: 0.553900
global model accuracy on val: 0.866554
global model fairness(EQO, Y) on val: 0.839100
global model accuracy on test: 0.866074
global model fairness(EQO, Y) on test: 0.869900
------------ run = 7; t = 6; F_Global = 0.8391, Privileged = Y ------------
training accuracy (client 1) : 0.938944 
client 1 accuracy on val: 0.887713
client 1 fairness(EQO, Y) on val: 1.000000
training accuracy (client 2) : 0.935886 
client 2 accuracy on val: 0.895648
client 2 fairness(EQO, Y) on val: 0.620300
training accuracy (client 9) : 0.798319 
client 9 accuracy on val: 0.699447
client 9 fairness(EQO, Y) on val: 0.702200
global model accuracy on val: 0.898533
global model fairness(EQO, Y) on val: 0.752200
global model accuracy on test: 0.897331
global model fairness(EQO, Y) on test: 0.775900
------------ run = 7; t = 7; F_Global = 0.7522, Privileged = Y ------------
training accuracy (client 5) : 0.956364 
client 5 accuracy on val: 0.893003
client 5 fairness(EQO, Y) on val: 0.785700
training accuracy (client 10) : 0.984264 
client 10 accuracy on val: 0.887713
client 10 fairness(EQO, Y) on val: 0.996200
training accuracy (client 11) : 0.785714 
client 11 accuracy on val: 0.715797
client 11 fairness(EQO, Y) on val: 0.647000
global model accuracy on val: 0.893244
global model fairness(EQO, Y) on val: 0.787000
global model accuracy on test: 0.900216
global model fairness(EQO, Y) on test: 0.796200
------------ run = 7; t = 8; F_Global = 0.787, Privileged = Y ------------
training accuracy (client 5) : 0.957576 
client 5 accuracy on val: 0.890599
client 5 fairness(EQO, Y) on val: 0.741100
training accuracy (client 7) : 0.968391 
client 7 accuracy on val: 0.821111
client 7 fairness(EQO, Y) on val: 0.126800
training accuracy (client 9) : 0.742754 
client 9 accuracy on val: 0.720125
client 9 fairness(EQO, Y) on val: 0.628400
global model accuracy on val: 0.896129
global model fairness(EQO, Y) on val: 0.590700
global model accuracy on test: 0.899736
global model fairness(EQO, Y) on test: 0.595700
------------ run = 7; t = 9; F_Global = 0.5907, Privileged = Y ------------
training accuracy (client 3) : 0.955157 
client 3 accuracy on val: 0.887954
client 3 fairness(EQO, Y) on val: 1.001700
training accuracy (client 5) : 0.897516 
client 5 accuracy on val: 0.893724
client 5 fairness(EQO, Y) on val: 0.589100
training accuracy (client 8) : 0.785714 
client 8 accuracy on val: 0.730704
client 8 fairness(EQO, Y) on val: 0.555000
training accuracy (client 12) : 0.750000 
client 12 accuracy on val: 0.774225
client 12 fairness(EQO, Y) on val: 0.440100
global model accuracy on val: 0.895408
global model fairness(EQO, Y) on val: 0.649700
global model accuracy on test: 0.902140
global model fairness(EQO, Y) on test: 0.673500
------------ run = 7; t = 10; F_Global = 0.6497, Privileged = Y ------------
training accuracy (client 4) : 0.911661 
client 4 accuracy on val: 0.363308
client 4 fairness(EQO, Y) on val: 74.171400
training accuracy (client 5) : 0.842324 
client 5 accuracy on val: 0.686223
client 5 fairness(EQO, Y) on val: 0.152500
training accuracy (client 9) : 0.654412 
client 9 accuracy on val: 0.792979
client 9 fairness(EQO, Y) on val: 0.545400
training accuracy (client 10) : 0.757353 
client 10 accuracy on val: 0.731907
client 10 fairness(EQO, Y) on val: 0.657500
global model accuracy on val: 0.883866
global model fairness(EQO, Y) on val: 0.676200
global model accuracy on test: 0.883626
global model fairness(EQO, Y) on test: 0.666900
------------ run = 7; t = 11; F_Global = 0.6762, Privileged = Y ------------
training accuracy (client 1) : 0.938944 
client 1 accuracy on val: 0.887954
client 1 fairness(EQO, Y) on val: 1.001700
training accuracy (client 6) : 0.961212 
client 6 accuracy on val: 0.893003
client 6 fairness(EQO, Y) on val: 0.797200
training accuracy (client 8) : 0.764706 
client 8 accuracy on val: 0.686463
client 8 fairness(EQO, Y) on val: 0.829400
training accuracy (client 12) : 0.844398 
client 12 accuracy on val: 0.659293
client 12 fairness(EQO, Y) on val: 0.149400
global model accuracy on val: 0.891320
global model fairness(EQO, Y) on val: 0.649700
global model accuracy on test: 0.887473
global model fairness(EQO, Y) on test: 0.630300
------------ run = 7; t = 12; F_Global = 0.6497, Privileged = Y ------------
training accuracy (client 3) : 0.955157 
client 3 accuracy on val: 0.887713
client 3 fairness(EQO, Y) on val: 1.000000
training accuracy (client 4) : 0.939929 
client 4 accuracy on val: 0.240683
client 4 fairness(EQO, Y) on val: 151.059500
training accuracy (client 9) : 0.966535 
client 9 accuracy on val: 0.890599
client 9 fairness(EQO, Y) on val: 0.928300
training accuracy (client 12) : 0.691176 
client 12 accuracy on val: 0.750661
client 12 fairness(EQO, Y) on val: 0.741800
global model accuracy on val: 0.893003
global model fairness(EQO, Y) on val: 0.890000
global model accuracy on test: 0.894686
global model fairness(EQO, Y) on test: 0.870000
------------ run = 7; t = 13; F_Global = 0.89, Privileged = Y ------------
training accuracy (client 3) : 0.955157 
client 3 accuracy on val: 0.887713
client 3 fairness(EQO, Y) on val: 1.000000
training accuracy (client 7) : 0.968391 
client 7 accuracy on val: 0.809810
client 7 fairness(EQO, Y) on val: 0.113100
training accuracy (client 12) : 0.705882 
client 12 accuracy on val: 0.739601
client 12 fairness(EQO, Y) on val: 0.851100
training accuracy (client 13) : 0.838174 
client 13 accuracy on val: 0.645588
client 13 fairness(EQO, Y) on val: 0.140100
global model accuracy on val: 0.896369
global model fairness(EQO, Y) on val: 0.825100
global model accuracy on test: 0.897091
global model fairness(EQO, Y) on test: 0.811600
------------ run = 7; t = 14; F_Global = 0.8251, Privileged = Y ------------
training accuracy (client 5) : 0.981726 
client 5 accuracy on val: 0.887473
client 5 fairness(EQO, Y) on val: 0.999000
training accuracy (client 6) : 0.960000 
client 6 accuracy on val: 0.891320
client 6 fairness(EQO, Y) on val: 0.770900
training accuracy (client 9) : 0.798319 
client 9 accuracy on val: 0.701130
client 9 fairness(EQO, Y) on val: 0.737200
training accuracy (client 10) : 0.800000 
client 10 accuracy on val: 0.732147
client 10 fairness(EQO, Y) on val: 0.666000
global model accuracy on val: 0.893724
global model fairness(EQO, Y) on val: 0.805200
global model accuracy on test: 0.900216
global model fairness(EQO, Y) on test: 0.794700
------------ run = 7; t = 15; F_Global = 0.8052, Privileged = Y ------------
training accuracy (client 5) : 0.981726 
client 5 accuracy on val: 0.887473
client 5 fairness(EQO, Y) on val: 0.999000
training accuracy (client 9) : 0.691176 
client 9 accuracy on val: 0.758115
client 9 fairness(EQO, Y) on val: 0.705100
training accuracy (client 11) : 0.963636 
client 11 accuracy on val: 0.893244
client 11 fairness(EQO, Y) on val: 0.798200
training accuracy (client 13) : 0.778571 
client 13 accuracy on val: 0.746093
client 13 fairness(EQO, Y) on val: 0.594200
global model accuracy on val: 0.894686
global model fairness(EQO, Y) on val: 0.840400
global model accuracy on test: 0.899255
global model fairness(EQO, Y) on test: 0.839300
------------ run = 7; t = 16; F_Global = 0.8404, Privileged = Y ------------
training accuracy (client 1) : 0.938944 
client 1 accuracy on val: 0.887954
client 1 fairness(EQO, Y) on val: 1.001700
training accuracy (client 4) : 0.939929 
client 4 accuracy on val: 0.248617
client 4 fairness(EQO, Y) on val: 150.163500
training accuracy (client 5) : 0.983249 
client 5 accuracy on val: 0.887713
client 5 fairness(EQO, Y) on val: 0.996200
training accuracy (client 8) : 0.971264 
client 8 accuracy on val: 0.819909
client 8 fairness(EQO, Y) on val: 0.110200
global model accuracy on val: 0.891801
global model fairness(EQO, Y) on val: 0.931300
global model accuracy on test: 0.895648
global model fairness(EQO, Y) on test: 0.962600
------------ run = 7; t = 17; F_Global = 0.9313, Privileged = Y ------------
training accuracy (client 4) : 0.943463 
client 4 accuracy on val: 0.221688
client 4 fairness(EQO, Y) on val: 154.827700
training accuracy (client 6) : 0.757353 
client 6 accuracy on val: 0.684299
client 6 fairness(EQO, Y) on val: 1.039100
training accuracy (client 7) : 0.966535 
client 7 accuracy on val: 0.890358
client 7 fairness(EQO, Y) on val: 0.934900
training accuracy (client 13) : 0.968391 
client 13 accuracy on val: 0.815340
client 13 fairness(EQO, Y) on val: 0.105600
global model accuracy on val: 0.889156
global model fairness(EQO, N) on val: 0.996600
global model accuracy on test: 0.893244
global model fairness(EQO, N) on test: 0.997200
------------ run = 7; t = 18; F_Global = 0.9966, Privileged = N ------------
training accuracy (client 4) : 0.946996 
client 4 accuracy on val: 0.206540
client 4 fairness(EQO, N) on val: 0.015000
training accuracy (client 5) : 0.984264 
client 5 accuracy on val: 0.887473
client 5 fairness(EQO, N) on val: 1.001000
training accuracy (client 8) : 0.842324 
client 8 accuracy on val: 0.643664
client 8 fairness(EQO, N) on val: 13.197400
training accuracy (client 11) : 0.963636 
client 11 accuracy on val: 0.893003
client 11 fairness(EQO, N) on val: 1.286900
global model accuracy on val: 0.895888
global model fairness(EQO, Y) on val: 0.806100
global model accuracy on test: 0.899736
global model fairness(EQO, Y) on test: 0.805400
------------ run = 7; t = 19; F_Global = 0.8061, Privileged = Y ------------
training accuracy (client 1) : 0.938944 
client 1 accuracy on val: 0.887954
client 1 fairness(EQO, Y) on val: 1.001700
training accuracy (client 3) : 0.955157 
client 3 accuracy on val: 0.887713
client 3 fairness(EQO, Y) on val: 1.000000
training accuracy (client 6) : 0.965551 
client 6 accuracy on val: 0.891320
client 6 fairness(EQO, Y) on val: 0.912300
training accuracy (client 10) : 0.960000 
client 10 accuracy on val: 0.892522
client 10 fairness(EQO, Y) on val: 0.757000
global model accuracy on val: 0.896129
global model fairness(EQO, Y) on val: 0.863900
global model accuracy on test: 0.898052
global model fairness(EQO, Y) on test: 0.862300
------------ run = 7; t = 20; F_Global = 0.8639, Privileged = Y ------------
training accuracy (client 1) : 0.938944 
client 1 accuracy on val: 0.887954
client 1 fairness(EQO, Y) on val: 1.001700
training accuracy (client 3) : 0.956278 
client 3 accuracy on val: 0.887954
client 3 fairness(EQO, Y) on val: 1.001700
training accuracy (client 8) : 0.806723 
client 8 accuracy on val: 0.693195
client 8 fairness(EQO, Y) on val: 0.775400
training accuracy (client 10) : 0.800000 
client 10 accuracy on val: 0.726377
client 10 fairness(EQO, Y) on val: 0.657000
global model accuracy on val: 0.892282
global model fairness(EQO, Y) on val: 0.924000
global model accuracy on test: 0.895888
global model fairness(EQO, Y) on test: 0.927300
------------ run = 7; t = 21; F_Global = 0.924, Privileged = Y ------------
training accuracy (client 5) : 0.753676 
client 5 accuracy on val: 0.666506
client 5 fairness(EQO, Y) on val: 1.240800
training accuracy (client 6) : 0.965551 
client 6 accuracy on val: 0.889637
client 6 fairness(EQO, Y) on val: 0.950900
training accuracy (client 7) : 0.840249 
client 7 accuracy on val: 0.648473
client 7 fairness(EQO, Y) on val: 0.124000
training accuracy (client 12) : 0.802521 
client 12 accuracy on val: 0.697043
client 12 fairness(EQO, Y) on val: 0.774500
global model accuracy on val: 0.893484
global model fairness(EQO, Y) on val: 0.823100
global model accuracy on test: 0.898774
global model fairness(EQO, Y) on test: 0.825700
------------ run = 7; t = 22; F_Global = 0.8231, Privileged = Y ------------
training accuracy (client 4) : 0.982234 
client 4 accuracy on val: 0.887473
client 4 fairness(EQO, Y) on val: 0.999000
training accuracy (client 5) : 0.742647 
client 5 accuracy on val: 0.661457
client 5 fairness(EQO, Y) on val: 0.912400
training accuracy (client 9) : 0.946996 
client 9 accuracy on val: 0.203895
client 9 fairness(EQO, Y) on val: 165.655400
training accuracy (client 12) : 0.846473 
client 12 accuracy on val: 0.640779
client 12 fairness(EQO, Y) on val: 0.094000
global model accuracy on val: 0.893003
global model fairness(EQO, N) on val: 0.979600
global model accuracy on test: 0.894686
global model fairness(EQO, N) on test: 0.986000
------------ run = 7; t = 23; F_Global = 0.9796, Privileged = N ------------
training accuracy (client 1) : 0.938944 
client 1 accuracy on val: 0.887954
client 1 fairness(EQO, N) on val: 0.998300
training accuracy (client 2) : 0.953338 
client 2 accuracy on val: 0.888435
client 2 fairness(EQO, N) on val: 0.991000
training accuracy (client 4) : 0.982234 
client 4 accuracy on val: 0.887713
client 4 fairness(EQO, N) on val: 1.000000
training accuracy (client 5) : 0.764706 
client 5 accuracy on val: 0.642222
client 5 fairness(EQO, N) on val: 0.885500
global model accuracy on val: 0.888916
global model fairness(EQO, N) on val: 0.995300
global model accuracy on test: 0.894205
global model fairness(EQO, N) on test: 0.996200
------------ run = 7; t = 24; F_Global = 0.9953, Privileged = N ------------
training accuracy (client 2) : 0.952390 
client 2 accuracy on val: 0.889156
client 2 fairness(EQO, N) on val: 0.978200
training accuracy (client 5) : 0.966535 
client 5 accuracy on val: 0.890118
client 5 fairness(EQO, N) on val: 1.073400
training accuracy (client 10) : 0.814286 
client 10 accuracy on val: 0.716999
client 10 fairness(EQO, N) on val: 1.325800
training accuracy (client 14) : 0.801471 
client 14 accuracy on val: 0.721087
client 14 fairness(EQO, N) on val: 1.457100
global model accuracy on val: 0.893484
global model fairness(EQO, Y) on val: 0.987700
global model accuracy on test: 0.893724
global model fairness(EQO, Y) on test: 0.992700
------------ run = 7; t = 25; F_Global = 0.9877, Privileged = Y ------------
training accuracy (client 1) : 0.938944 
client 1 accuracy on val: 0.887954
client 1 fairness(EQO, Y) on val: 1.001700
training accuracy (client 5) : 0.727941 
client 5 accuracy on val: 0.720125
client 5 fairness(EQO, Y) on val: 1.017900
training accuracy (client 9) : 0.800000 
client 9 accuracy on val: 0.716278
client 9 fairness(EQO, Y) on val: 0.779600
training accuracy (client 11) : 0.838174 
client 11 accuracy on val: 0.642943
client 11 fairness(EQO, Y) on val: 0.121200
global model accuracy on val: 0.895167
global model fairness(EQO, Y) on val: 0.958700
global model accuracy on test: 0.894446
global model fairness(EQO, Y) on test: 0.933100
------------ run = 7; t = 26; F_Global = 0.9587, Privileged = Y ------------
training accuracy (client 5) : 0.727941 
client 5 accuracy on val: 0.714595
client 5 fairness(EQO, Y) on val: 1.042400
training accuracy (client 6) : 0.971264 
client 6 accuracy on val: 0.808367
client 6 fairness(EQO, Y) on val: 0.088300
training accuracy (client 9) : 0.802521 
client 9 accuracy on val: 0.682856
client 9 fairness(EQO, Y) on val: 0.912500
training accuracy (client 11) : 0.808824 
client 11 accuracy on val: 0.714835
client 11 fairness(EQO, Y) on val: 0.749100
global model accuracy on val: 0.874730
global model fairness(EQO, Y) on val: 0.861900
global model accuracy on test: 0.870642
global model fairness(EQO, Y) on test: 0.855700
------------ run = 7; t = 27; F_Global = 0.8619, Privileged = Y ------------
training accuracy (client 1) : 0.938944 
client 1 accuracy on val: 0.887954
client 1 fairness(EQO, Y) on val: 1.001700
training accuracy (client 10) : 0.828571 
client 10 accuracy on val: 0.695600
client 10 fairness(EQO, Y) on val: 0.838100
training accuracy (client 11) : 0.844398 
client 11 accuracy on val: 0.633806
client 11 fairness(EQO, Y) on val: 0.084300
training accuracy (client 13) : 0.806723 
client 13 accuracy on val: 0.674201
client 13 fairness(EQO, Y) on val: 0.925800
global model accuracy on val: 0.868718
global model fairness(EQO, Y) on val: 0.876100
global model accuracy on test: 0.863669
global model fairness(EQO, Y) on test: 0.866800
------------ run = 7; t = 28; F_Global = 0.8761, Privileged = Y ------------
training accuracy (client 6) : 0.946996 
client 6 accuracy on val: 0.195720
client 6 fairness(EQO, Y) on val: 184.062500
training accuracy (client 7) : 0.961212 
client 7 accuracy on val: 0.891560
client 7 fairness(EQO, Y) on val: 0.756700
training accuracy (client 8) : 0.742647 
client 8 accuracy on val: 0.698966
client 8 fairness(EQO, Y) on val: 1.570500
training accuracy (client 13) : 0.828571 
client 13 accuracy on val: 0.691753
client 13 fairness(EQO, Y) on val: 0.829000
global model accuracy on val: 0.836018
global model fairness(EQO, N) on val: 0.683000
global model accuracy on test: 0.828805
global model fairness(EQO, N) on test: 0.675100
------------ run = 7; t = 29; F_Global = 0.683, Privileged = N ------------
training accuracy (client 9) : 0.971264 
client 9 accuracy on val: 0.803078
client 9 fairness(EQO, N) on val: 50.569300
training accuracy (client 11) : 0.838235 
client 11 accuracy on val: 0.674922
client 11 fairness(EQO, N) on val: 1.037700
training accuracy (client 12) : 0.838174 
client 12 accuracy on val: 0.626593
client 12 fairness(EQO, N) on val: 3.676200
training accuracy (client 13) : 0.960000 
client 13 accuracy on val: 0.892041
client 13 fairness(EQO, N) on val: 1.299300
global model accuracy on val: 0.846838
global model fairness(EQO, Y) on val: 0.639800
global model accuracy on test: 0.839865
global model fairness(EQO, Y) on test: 0.593300
------------ run = 7; t = 30; F_Global = 0.6398, Privileged = Y ------------
training accuracy (client 3) : 0.982234 
client 3 accuracy on val: 0.887473
client 3 fairness(EQO, Y) on val: 0.999000
training accuracy (client 5) : 0.713235 
client 5 accuracy on val: 0.678769
client 5 fairness(EQO, Y) on val: 1.103500
training accuracy (client 10) : 0.802521 
client 10 accuracy on val: 0.655446
client 10 fairness(EQO, Y) on val: 0.933600
training accuracy (client 11) : 0.823529 
client 11 accuracy on val: 0.683097
client 11 fairness(EQO, Y) on val: 0.674400
global model accuracy on val: 0.867035
global model fairness(EQO, Y) on val: 0.630200
global model accuracy on test: 0.864871
global model fairness(EQO, Y) on test: 0.589700
------------ run = 7; t = 31; F_Global = 0.6302, Privileged = Y ------------
training accuracy (client 7) : 0.750000 
client 7 accuracy on val: 0.686704
client 7 fairness(EQO, Y) on val: 1.462100
training accuracy (client 8) : 0.954666 
client 8 accuracy on val: 0.887954
client 8 fairness(EQO, Y) on val: 1.007500
training accuracy (client 10) : 0.810924 
client 10 accuracy on val: 0.658331
client 10 fairness(EQO, Y) on val: 0.899100
training accuracy (client 12) : 0.844398 
client 12 accuracy on val: 0.625150
client 12 fairness(EQO, Y) on val: 0.060300
global model accuracy on val: 0.875451
global model fairness(EQO, Y) on val: 0.798400
global model accuracy on test: 0.870882
global model fairness(EQO, Y) on test: 0.817300
------------ run = 7; t = 32; F_Global = 0.7984, Privileged = Y ------------
training accuracy (client 3) : 0.982234 
client 3 accuracy on val: 0.887713
client 3 fairness(EQO, Y) on val: 1.000000
training accuracy (client 6) : 0.946996 
client 6 accuracy on val: 0.192835
client 6 fairness(EQO, Y) on val: 201.232100
training accuracy (client 7) : 0.742647 
client 7 accuracy on val: 0.686704
client 7 fairness(EQO, Y) on val: 1.696100
training accuracy (client 11) : 0.823529 
client 11 accuracy on val: 0.684780
client 11 fairness(EQO, Y) on val: 0.772400
global model accuracy on val: 0.849724
global model fairness(EQO, N) on val: 0.639500
global model accuracy on test: 0.841068
global model fairness(EQO, N) on test: 0.659000
------------ run = 7; t = 33; F_Global = 0.6395, Privileged = N ------------
training accuracy (client 5) : 0.683824 
client 5 accuracy on val: 0.663862
client 5 fairness(EQO, N) on val: 0.826200
training accuracy (client 8) : 0.952390 
client 8 accuracy on val: 0.889396
client 8 fairness(EQO, N) on val: 0.976500
training accuracy (client 10) : 0.802521 
client 10 accuracy on val: 0.649916
client 10 fairness(EQO, N) on val: 0.893700
training accuracy (client 13) : 0.842324 
client 13 accuracy on val: 0.627074
client 13 fairness(EQO, N) on val: 4.645300
global model accuracy on val: 0.841789
global model fairness(EQO, N) on val: 0.932400
global model accuracy on test: 0.833133
global model fairness(EQO, N) on test: 0.933700
------------ run = 7; t = 34; F_Global = 0.9324, Privileged = N ------------
training accuracy (client 1) : 0.938944 
client 1 accuracy on val: 0.887954
client 1 fairness(EQO, N) on val: 0.998300
training accuracy (client 6) : 0.946996 
client 6 accuracy on val: 0.190430
client 6 fairness(EQO, N) on val: 0.004500
training accuracy (client 13) : 0.846473 
client 13 accuracy on val: 0.616494
client 13 fairness(EQO, N) on val: 4.547600
training accuracy (client 14) : 0.830882 
client 14 accuracy on val: 0.669632
client 14 fairness(EQO, N) on val: 1.198000
global model accuracy on val: 0.803078
global model fairness(EQO, Y) on val: 0.704600
global model accuracy on test: 0.791056
global model fairness(EQO, Y) on test: 0.675300
------------ run = 7; t = 35; F_Global = 0.7046, Privileged = Y ------------
training accuracy (client 4) : 0.965551 
client 4 accuracy on val: 0.891320
client 4 fairness(EQO, Y) on val: 0.908400
training accuracy (client 7) : 0.953338 
client 7 accuracy on val: 0.889156
client 7 fairness(EQO, Y) on val: 1.022700
training accuracy (client 8) : 0.971264 
client 8 accuracy on val: 0.800673
client 8 fairness(EQO, Y) on val: 0.032400
training accuracy (client 14) : 0.946996 
client 14 accuracy on val: 0.190430
client 14 fairness(EQO, Y) on val: 233.027800
global model accuracy on val: 0.772061
global model fairness(EQO, N) on val: 0.488800
global model accuracy on test: 0.756913
global model fairness(EQO, N) on test: 0.475900
------------ run = 7; t = 36; F_Global = 0.4888, Privileged = N ------------
training accuracy (client 4) : 0.968504 
client 4 accuracy on val: 0.889156
client 4 fairness(EQO, N) on val: 1.042200
training accuracy (client 6) : 0.786765 
client 6 accuracy on val: 0.623227
client 6 fairness(EQO, N) on val: 0.598500
training accuracy (client 7) : 0.953528 
client 7 accuracy on val: 0.888435
client 7 fairness(EQO, N) on val: 0.989100
training accuracy (client 12) : 0.816176 
client 12 accuracy on val: 0.650397
client 12 fairness(EQO, N) on val: 1.020200
global model accuracy on val: 0.849724
global model fairness(EQO, N) on val: 0.642800
global model accuracy on test: 0.840587
global model fairness(EQO, N) on test: 0.688400
------------ run = 7; t = 37; F_Global = 0.6428, Privileged = N ------------
training accuracy (client 1) : 0.938944 
client 1 accuracy on val: 0.887713
client 1 fairness(EQO, N) on val: 0.998100
training accuracy (client 3) : 0.981726 
client 3 accuracy on val: 0.887473
client 3 fairness(EQO, N) on val: 1.001000
training accuracy (client 6) : 0.794118 
client 6 accuracy on val: 0.645588
client 6 fairness(EQO, N) on val: 0.551600
training accuracy (client 8) : 0.789916 
client 8 accuracy on val: 0.646069
client 8 fairness(EQO, N) on val: 0.940700
global model accuracy on val: 0.891560
global model fairness(EQO, N) on val: 0.926100
global model accuracy on test: 0.888435
global model fairness(EQO, N) on test: 0.937200
------------ run = 7; t = 38; F_Global = 0.9261, Privileged = N ------------
training accuracy (client 6) : 0.953718 
client 6 accuracy on val: 0.887713
client 6 fairness(EQO, N) on val: 0.994300
training accuracy (client 9) : 0.821429 
client 9 accuracy on val: 0.671315
client 9 fairness(EQO, N) on val: 1.051000
training accuracy (client 11) : 0.830882 
client 11 accuracy on val: 0.680933
client 11 fairness(EQO, N) on val: 1.133300
training accuracy (client 14) : 0.757353 
client 14 accuracy on val: 0.666266
client 14 fairness(EQO, N) on val: 0.607500
global model accuracy on val: 0.878336
global model fairness(EQO, N) on val: 0.852700
global model accuracy on test: 0.875210
global model fairness(EQO, N) on test: 0.884100
------------ run = 7; t = 39; F_Global = 0.8527, Privileged = N ------------
training accuracy (client 1) : 0.938944 
client 1 accuracy on val: 0.887954
client 1 fairness(EQO, N) on val: 0.998300
training accuracy (client 6) : 0.953718 
client 6 accuracy on val: 0.888194
client 6 fairness(EQO, N) on val: 0.990900
training accuracy (client 8) : 0.964848 
client 8 accuracy on val: 0.892763
client 8 fairness(EQO, N) on val: 1.326700
training accuracy (client 12) : 0.946996 
client 12 accuracy on val: 0.191152
client 12 fairness(EQO, N) on val: 0.005000
global model accuracy on val: 0.891560
global model fairness(EQO, N) on val: 0.983400
global model accuracy on test: 0.892763
global model fairness(EQO, N) on test: 0.979200
------------ run = 7; t = 40; F_Global = 0.9834, Privileged = N ------------
training accuracy (client 2) : 0.955157 
client 2 accuracy on val: 0.887473
client 2 fairness(EQO, N) on val: 0.996100
training accuracy (client 5) : 0.735294 
client 5 accuracy on val: 0.692234
client 5 fairness(EQO, N) on val: 0.783100
training accuracy (client 8) : 0.962424 
client 8 accuracy on val: 0.892522
client 8 fairness(EQO, N) on val: 1.344200
training accuracy (client 9) : 0.821429 
client 9 accuracy on val: 0.693917
client 9 fairness(EQO, N) on val: 1.036500
global model accuracy on val: 0.894446
global model fairness(EQO, Y) on val: 0.931800
global model accuracy on test: 0.896369
global model fairness(EQO, Y) on test: 0.935900
------------ run = 7; t = 41; F_Global = 0.9318, Privileged = Y ------------
training accuracy (client 6) : 0.802521 
client 6 accuracy on val: 0.669392
client 6 fairness(EQO, Y) on val: 1.026600
training accuracy (client 8) : 0.821429 
client 8 accuracy on val: 0.696802
client 8 fairness(EQO, Y) on val: 0.894200
training accuracy (client 9) : 0.850622 
client 9 accuracy on val: 0.625631
client 9 fairness(EQO, Y) on val: 0.061900
training accuracy (client 11) : 0.971264 
client 11 accuracy on val: 0.809329
client 11 fairness(EQO, Y) on val: 0.068400
global model accuracy on val: 0.854773
global model fairness(EQO, Y) on val: 0.866100
global model accuracy on test: 0.848040
global model fairness(EQO, Y) on test: 0.841700
------------ run = 7; t = 42; F_Global = 0.8661, Privileged = Y ------------
training accuracy (client 3) : 0.980203 
client 3 accuracy on val: 0.887713
client 3 fairness(EQO, Y) on val: 0.996200
training accuracy (client 10) : 0.946996 
client 10 accuracy on val: 0.190430
client 10 fairness(EQO, Y) on val: 233.027800
training accuracy (client 11) : 0.698529 
client 11 accuracy on val: 0.671315
client 11 fairness(EQO, Y) on val: 1.298800
training accuracy (client 13) : 0.846473 
client 13 accuracy on val: 0.624188
client 13 fairness(EQO, Y) on val: 0.044700
global model accuracy on val: 0.756191
global model fairness(EQO, N) on val: 0.339100
global model accuracy on test: 0.742727
global model fairness(EQO, N) on test: 0.345800
------------ run = 7; t = 43; F_Global = 0.3391, Privileged = N ------------
training accuracy (client 2) : 0.955157 
client 2 accuracy on val: 0.887713
client 2 fairness(EQO, N) on val: 1.000000
training accuracy (client 6) : 0.794118 
client 6 accuracy on val: 0.633325
client 6 fairness(EQO, N) on val: 0.890400
training accuracy (client 10) : 0.946996 
client 10 accuracy on val: 0.187545
client 10 fairness(EQO, N) on val: 0.000800
training accuracy (client 12) : 0.821429 
client 12 accuracy on val: 0.631161
client 12 fairness(EQO, N) on val: 0.891600
global model accuracy on val: 0.792498
global model fairness(EQO, N) on val: 0.467400
global model accuracy on test: 0.777591
global model fairness(EQO, N) on test: 0.486700
------------ run = 7; t = 44; F_Global = 0.4674, Privileged = N ------------
training accuracy (client 2) : 0.956278 
client 2 accuracy on val: 0.887954
client 2 fairness(EQO, N) on val: 0.996400
training accuracy (client 5) : 0.953718 
client 5 accuracy on val: 0.888435
client 5 fairness(EQO, N) on val: 0.989100
training accuracy (client 7) : 0.964848 
client 7 accuracy on val: 0.892522
client 7 fairness(EQO, N) on val: 1.361000
training accuracy (client 13) : 0.840249 
client 13 accuracy on val: 0.614811
client 13 fairness(EQO, N) on val: 6.936900
global model accuracy on val: 0.829526
global model fairness(EQO, Y) on val: 0.719900
global model accuracy on test: 0.821351
global model fairness(EQO, Y) on test: 0.678900
------------ run = 7; t = 45; F_Global = 0.7199, Privileged = Y ------------
training accuracy (client 4) : 0.969488 
client 4 accuracy on val: 0.889156
client 4 fairness(EQO, Y) on val: 0.975600
training accuracy (client 10) : 0.705882 
client 10 accuracy on val: 0.641500
client 10 fairness(EQO, Y) on val: 1.172800
training accuracy (client 12) : 0.974138 
client 12 accuracy on val: 0.802116
client 12 fairness(EQO, Y) on val: 0.019700
training accuracy (client 13) : 0.842324 
client 13 accuracy on val: 0.612407
client 13 fairness(EQO, Y) on val: 0.028300
global model accuracy on val: 0.876413
global model fairness(EQO, Y) on val: 0.580900
global model accuracy on test: 0.872566
global model fairness(EQO, Y) on test: 0.532700
------------ run = 7; t = 46; F_Global = 0.5809, Privileged = Y ------------
training accuracy (client 5) : 0.953338 
client 5 accuracy on val: 0.888916
client 5 fairness(EQO, Y) on val: 1.020800
training accuracy (client 6) : 0.789916 
client 6 accuracy on val: 0.640779
client 6 fairness(EQO, Y) on val: 0.964000
training accuracy (client 11) : 0.828571 
client 11 accuracy on val: 0.655686
client 11 fairness(EQO, Y) on val: 0.864300
training accuracy (client 14) : 0.844398 
client 14 accuracy on val: 0.618899
client 14 fairness(EQO, Y) on val: 0.020100
global model accuracy on val: 0.860784
global model fairness(EQO, N) on val: 0.980100
global model accuracy on test: 0.858139
global model fairness(EQO, N) on test: 0.966300
------------ run = 7; t = 47; F_Global = 0.9801, Privileged = N ------------
training accuracy (client 3) : 0.983249 
client 3 accuracy on val: 0.887713
client 3 fairness(EQO, N) on val: 1.000000
training accuracy (client 7) : 0.960000 
client 7 accuracy on val: 0.891320
client 7 fairness(EQO, N) on val: 1.342300
training accuracy (client 8) : 0.830882 
client 8 accuracy on val: 0.664342
client 8 fairness(EQO, N) on val: 1.116400
training accuracy (client 9) : 0.772059 
client 9 accuracy on val: 0.638375
client 9 fairness(EQO, N) on val: 0.573900
global model accuracy on val: 0.897812
global model fairness(EQO, Y) on val: 0.706800
global model accuracy on test: 0.902621
global model fairness(EQO, Y) on test: 0.712600
------------ run = 7; t = 48; F_Global = 0.7068, Privileged = Y ------------
training accuracy (client 4) : 0.966535 
client 4 accuracy on val: 0.890118
client 4 fairness(EQO, Y) on val: 0.953000
training accuracy (client 9) : 0.735294 
client 9 accuracy on val: 0.684059
client 9 fairness(EQO, Y) on val: 1.194000
training accuracy (client 10) : 0.821429 
client 10 accuracy on val: 0.681654
client 10 fairness(EQO, Y) on val: 0.853800
training accuracy (client 12) : 0.971264 
client 12 accuracy on val: 0.807406
client 12 fairness(EQO, Y) on val: 0.044700
global model accuracy on val: 0.877374
global model fairness(EQO, Y) on val: 0.607100
global model accuracy on test: 0.875451
global model fairness(EQO, Y) on test: 0.576500
------------ run = 7; t = 49; F_Global = 0.6071, Privileged = Y ------------
training accuracy (client 6) : 0.789916 
client 6 accuracy on val: 0.642222
client 6 fairness(EQO, Y) on val: 1.063700
training accuracy (client 11) : 0.946996 
client 11 accuracy on val: 0.187305
client 11 fairness(EQO, Y) on val: 400.625000
training accuracy (client 12) : 0.842324 
client 12 accuracy on val: 0.628757
client 12 fairness(EQO, Y) on val: 0.018200
training accuracy (client 14) : 0.971264 
client 14 accuracy on val: 0.803078
client 14 fairness(EQO, Y) on val: 0.032800
global model accuracy on val: 0.308969
global model fairness(EQO, N) on val: 0.013300
global model accuracy on test: 0.310171
global model fairness(EQO, N) on test: 0.007100
------------ run = 7; t = 50; F_Global = 0.0133, Privileged = N ------------
training accuracy (client 3) : 0.984264 
client 3 accuracy on val: 0.887954
client 3 fairness(EQO, N) on val: 1.006700
training accuracy (client 8) : 0.830882 
client 8 accuracy on val: 0.588843
client 8 fairness(EQO, N) on val: 0.811300
training accuracy (client 10) : 0.828571 
client 10 accuracy on val: 0.583554
client 10 fairness(EQO, N) on val: 0.704100
training accuracy (client 13) : 0.842324 
client 13 accuracy on val: 0.616735
client 13 fairness(EQO, N) on val: 10.043000
global model accuracy on val: 0.720846
global model fairness(EQO, Y) on val: 0.108800
global model accuracy on test: 0.709305
global model fairness(EQO, Y) on test: 0.099100
----------------Done (FLAlgMain)----------------
