------------Execute (split_train_val_test)------------
rTrain: 0.6, rVal: 0.2, rTest: 0.2, alpha: 0.5, num_clients: 10
Total number of data row in law.csv: 20798
Total number of Training datasets: 12480
Total number of Testing datasets: 4159
Total number of Validation datasets: 4159
ratio :
[[3.17461778e-02 8.89328615e-03 3.33580657e-01 5.80488521e-02
  1.43779169e-01 2.14619507e-01 3.02642761e-04 1.11804426e-01
  4.74382499e-04 9.67508995e-02]
 [7.22330587e-02 2.38363569e-02 1.45480845e-01 2.29489726e-01
  1.37466576e-01 6.56288292e-02 3.17332135e-01 4.84955845e-03
  1.78279020e-03 1.90012582e-03]
 [1.11878323e-01 4.26993618e-02 8.79915696e-03 4.80914492e-01
  6.80808099e-04 3.18919814e-02 1.73481512e-01 4.12755465e-02
  4.96241931e-02 5.87546251e-02]
 [1.76216377e-01 7.49287319e-02 1.09239807e-01 9.64135449e-03
  9.45108451e-03 2.59217976e-01 3.37988873e-03 1.69579733e-01
  7.16693889e-02 1.16675658e-01]]
Total number of data row in dataset: 12480
Total number of clients datasets: 10
----------------(start splitting client datasets from adult_used.csv)----------------
client 1 training data (625, 12)
client 2 training data (208, 12)
client 3 training data (3411, 12)
client 4 training data (1442, 12)
client 5 training data (1505, 12)
client 6 training data (2317, 12)
client 7 training data (516, 12)
client 8 training data (1236, 12)
client 9 training data (116, 12)
client 10 training data (1104, 12)
----------------(finish splitting client datasets took 0.3050227165222168)----------------
------------Done (split_train_val_test)------------
