------------Execute (split_train_val_test)------------
rTrain: 0.6, rVal: 0.2, rTest: 0.2, alpha: 2, num_clients: 10
Total number of data row in law.csv: 20798
Total number of Training datasets: 12480
Total number of Testing datasets: 4159
Total number of Validation datasets: 4159
ratio :
[[0.13448904 0.12824114 0.0279038  0.10464458 0.07832061 0.14422376
  0.0189977  0.12057018 0.1263249  0.11628429]
 [0.00565194 0.0299043  0.0687665  0.35737373 0.15324255 0.07463738
  0.05557268 0.02290585 0.1663938  0.06555128]
 [0.09836241 0.03828831 0.02488624 0.1890198  0.03688425 0.19501084
  0.09193584 0.07383106 0.10423103 0.14755021]
 [0.12733747 0.11304887 0.10764943 0.26572732 0.06048277 0.043059
  0.14136281 0.02080261 0.03344985 0.08707988]]
Total number of data row in dataset: 12480
Total number of clients datasets: 10
----------------(start splitting client datasets from adult_used.csv)----------------
client 1 training data (1516, 12)
client 2 training data (1383, 12)
client 3 training data (419, 12)
client 4 training data (1719, 12)
client 5 training data (970, 12)
client 6 training data (1756, 12)
client 7 training data (434, 12)
client 8 training data (1302, 12)
client 9 training data (1526, 12)
client 10 training data (1455, 12)
----------------(finish splitting client datasets took 0.39093685150146484)----------------
------------Done (split_train_val_test)------------
