Alg.: FairFate; Client dataset: today_20230530\dataset_EO_run_9; client Count: 10
----------------(start loading 10 client datasets from today_20230530\dataset_EO_run_9)----------------
----------------(successfully loading 10 client datasets and server testing data from today_20230530\dataset_EO_run_9)----------------
----------------Execute (FLAlgMain)----------------
----------------(start running algorithm)----------------
global model accuracy on val: 0.532820
global model fairness(EO, Y) on val: 0.332000
------------ run = 10; t = 1; F_Global = 0.332, Privileged = Y ------------
training accuracy (client 4) : 0.952794 
client 4 accuracy on val: 0.898052
client 4 fairness(EO, Y) on val: 0.998100
training accuracy (client 6) : 0.908098 
client 6 accuracy on val: 0.882664
client 6 fairness(EO, Y) on val: 0.634700
training accuracy (client 10) : 0.906758 
client 10 accuracy on val: 0.889877
client 10 fairness(EO, Y) on val: 0.703500
global model accuracy on val: 0.874249
global model fairness(EO, Y) on val: 0.600500
global model accuracy on test: 0.878096
global model fairness(EO, Y) on test: 0.600600
------------ run = 10; t = 2; F_Global = 0.6005, Privileged = Y ------------
training accuracy (client 3) : 0.829023 
client 3 accuracy on val: 0.839625
client 3 fairness(EO, Y) on val: 0.916200
training accuracy (client 7) : 0.886883 
client 7 accuracy on val: 0.893484
client 7 fairness(EO, Y) on val: 0.749700
training accuracy (client 10) : 0.913601 
client 10 accuracy on val: 0.891801
client 10 fairness(EO, Y) on val: 0.724600
global model accuracy on val: 0.887713
global model fairness(EO, Y) on val: 0.687000
global model accuracy on test: 0.892522
global model fairness(EO, Y) on test: 0.715600
------------ run = 10; t = 3; F_Global = 0.687, Privileged = Y ------------
training accuracy (client 3) : 0.831897 
client 3 accuracy on val: 0.837942
client 3 fairness(EO, Y) on val: 0.922900
training accuracy (client 4) : 0.952794 
client 4 accuracy on val: 0.900457
client 4 fairness(EO, Y) on val: 0.996200
training accuracy (client 8) : 0.781746 
client 8 accuracy on val: 0.803799
client 8 fairness(EO, Y) on val: 1.013200
global model accuracy on val: 0.902861
global model fairness(EO, Y) on val: 0.852900
global model accuracy on test: 0.896369
global model fairness(EO, Y) on test: 0.850000
------------ run = 10; t = 4; F_Global = 0.8529, Privileged = Y ------------
training accuracy (client 6) : 0.914468 
client 6 accuracy on val: 0.888916
client 6 fairness(EO, Y) on val: 0.703500
training accuracy (client 7) : 0.886352 
client 7 accuracy on val: 0.891560
client 7 fairness(EO, Y) on val: 0.741200
training accuracy (client 10) : 0.915312 
client 10 accuracy on val: 0.895648
client 10 fairness(EO, Y) on val: 0.762600
global model accuracy on val: 0.896129
global model fairness(EO, Y) on val: 0.791300
global model accuracy on test: 0.896369
global model fairness(EO, Y) on test: 0.790600
------------ run = 10; t = 5; F_Global = 0.7913, Privileged = Y ------------
training accuracy (client 4) : 0.954721 
client 4 accuracy on val: 0.901419
client 4 fairness(EO, Y) on val: 0.990500
training accuracy (client 5) : 0.822581 
client 5 accuracy on val: 0.865593
client 5 fairness(EO, Y) on val: 0.637900
training accuracy (client 9) : 0.924634 
client 9 accuracy on val: 0.897331
client 9 fairness(EO, Y) on val: 1.002200
global model accuracy on val: 0.903583
global model fairness(EO, Y) on val: 0.936300
global model accuracy on test: 0.901178
global model fairness(EO, Y) on test: 0.940300
------------ run = 10; t = 6; F_Global = 0.9363, Privileged = Y ------------
training accuracy (client 2) : 0.975334 
client 2 accuracy on val: 0.900697
client 2 fairness(EO, Y) on val: 0.990500
training accuracy (client 5) : 0.827957 
client 5 accuracy on val: 0.861265
client 5 fairness(EO, Y) on val: 0.648300
training accuracy (client 8) : 0.785714 
client 8 accuracy on val: 0.808848
client 8 fairness(EO, Y) on val: 1.049400
global model accuracy on val: 0.905506
global model fairness(EO, Y) on val: 0.944400
global model accuracy on test: 0.902621
global model fairness(EO, Y) on test: 0.936400
------------ run = 10; t = 7; F_Global = 0.9444, Privileged = Y ------------
training accuracy (client 5) : 0.826613 
client 5 accuracy on val: 0.859341
client 5 fairness(EO, Y) on val: 0.639300
training accuracy (client 8) : 0.783730 
client 8 accuracy on val: 0.804520
client 8 fairness(EO, Y) on val: 1.044200
training accuracy (client 9) : 0.923238 
client 9 accuracy on val: 0.896369
client 9 fairness(EO, Y) on val: 1.003800
global model accuracy on val: 0.902621
global model fairness(EO, Y) on val: 0.982700
global model accuracy on test: 0.897812
global model fairness(EO, Y) on test: 0.969200
------------ run = 10; t = 8; F_Global = 0.9827, Privileged = Y ------------
training accuracy (client 1) : 0.894472 
client 1 accuracy on val: 0.897572
client 1 fairness(EO, Y) on val: 0.849500
training accuracy (client 8) : 0.781746 
client 8 accuracy on val: 0.802116
client 8 fairness(EO, Y) on val: 1.081700
training accuracy (client 10) : 0.911891 
client 10 accuracy on val: 0.893244
client 10 fairness(EO, Y) on val: 0.745200
global model accuracy on val: 0.902861
global model fairness(EO, Y) on val: 0.951100
global model accuracy on test: 0.895648
global model fairness(EO, Y) on test: 0.927400
------------ run = 10; t = 9; F_Global = 0.9511, Privileged = Y ------------
training accuracy (client 6) : 0.914468 
client 6 accuracy on val: 0.891801
client 6 fairness(EO, Y) on val: 0.722700
training accuracy (client 7) : 0.884758 
client 7 accuracy on val: 0.893724
client 7 fairness(EO, Y) on val: 0.769300
training accuracy (client 10) : 0.912746 
client 10 accuracy on val: 0.896129
client 10 fairness(EO, Y) on val: 0.763300
global model accuracy on val: 0.903823
global model fairness(EO, Y) on val: 0.899300
global model accuracy on test: 0.897812
global model fairness(EO, Y) on test: 0.884400
------------ run = 10; t = 10; F_Global = 0.8993, Privileged = Y ------------
training accuracy (client 3) : 0.824713 
client 3 accuracy on val: 0.838423
client 3 fairness(EO, Y) on val: 0.943300
training accuracy (client 7) : 0.886883 
client 7 accuracy on val: 0.890599
client 7 fairness(EO, Y) on val: 0.735600
training accuracy (client 8) : 0.785714 
client 8 accuracy on val: 0.805482
client 8 fairness(EO, Y) on val: 1.060900
global model accuracy on val: 0.898052
global model fairness(EO, Y) on val: 0.882800
global model accuracy on test: 0.889877
global model fairness(EO, Y) on test: 0.881200
------------ run = 10; t = 11; F_Global = 0.8828, Privileged = Y ------------
training accuracy (client 3) : 0.826149 
client 3 accuracy on val: 0.836980
client 3 fairness(EO, Y) on val: 0.948500
training accuracy (client 6) : 0.914468 
client 6 accuracy on val: 0.889877
client 6 fairness(EO, Y) on val: 0.707800
training accuracy (client 8) : 0.775794 
client 8 accuracy on val: 0.802116
client 8 fairness(EO, Y) on val: 1.087900
global model accuracy on val: 0.889637
global model fairness(EO, Y) on val: 0.884200
global model accuracy on test: 0.887713
global model fairness(EO, Y) on test: 0.874300
------------ run = 10; t = 12; F_Global = 0.8842, Privileged = Y ------------
training accuracy (client 3) : 0.824713 
client 3 accuracy on val: 0.835537
client 3 fairness(EO, Y) on val: 0.946200
training accuracy (client 7) : 0.885821 
client 7 accuracy on val: 0.894686
client 7 fairness(EO, Y) on val: 0.768100
training accuracy (client 9) : 0.924634 
client 9 accuracy on val: 0.896610
client 9 fairness(EO, Y) on val: 1.003400
global model accuracy on val: 0.894446
global model fairness(EO, Y) on val: 0.939500
global model accuracy on test: 0.889396
global model fairness(EO, Y) on test: 0.917200
------------ run = 10; t = 13; F_Global = 0.9395, Privileged = Y ------------
training accuracy (client 2) : 0.975677 
client 2 accuracy on val: 0.899736
client 2 fairness(EO, Y) on val: 0.994300
training accuracy (client 5) : 0.829301 
client 5 accuracy on val: 0.862948
client 5 fairness(EO, Y) on val: 0.659200
training accuracy (client 7) : 0.887945 
client 7 accuracy on val: 0.893003
client 7 fairness(EO, Y) on val: 0.760000
global model accuracy on val: 0.906227
global model fairness(EO, Y) on val: 0.935900
global model accuracy on test: 0.900457
global model fairness(EO, Y) on test: 0.912100
------------ run = 10; t = 14; F_Global = 0.9359, Privileged = Y ------------
training accuracy (client 1) : 0.893467 
client 1 accuracy on val: 0.900697
client 1 fairness(EO, Y) on val: 0.874600
training accuracy (client 7) : 0.887414 
client 7 accuracy on val: 0.890599
client 7 fairness(EO, Y) on val: 0.727400
training accuracy (client 8) : 0.783730 
client 8 accuracy on val: 0.800433
client 8 fairness(EO, Y) on val: 1.071200
global model accuracy on val: 0.902140
global model fairness(EO, Y) on val: 0.922400
global model accuracy on test: 0.894205
global model fairness(EO, Y) on test: 0.901700
------------ run = 10; t = 15; F_Global = 0.9224, Privileged = Y ------------
training accuracy (client 2) : 0.976019 
client 2 accuracy on val: 0.900216
client 2 fairness(EO, Y) on val: 0.992400
training accuracy (client 3) : 0.821839 
client 3 accuracy on val: 0.837220
client 3 fairness(EO, Y) on val: 0.955800
training accuracy (client 9) : 0.924634 
client 9 accuracy on val: 0.896850
client 9 fairness(EO, Y) on val: 1.003100
global model accuracy on val: 0.904304
global model fairness(EO, Y) on val: 0.953700
global model accuracy on test: 0.897812
global model fairness(EO, Y) on test: 0.942400
------------ run = 10; t = 16; F_Global = 0.9537, Privileged = Y ------------
training accuracy (client 2) : 0.976362 
client 2 accuracy on val: 0.899976
client 2 fairness(EO, Y) on val: 0.990500
training accuracy (client 4) : 0.957611 
client 4 accuracy on val: 0.901178
client 4 fairness(EO, Y) on val: 0.983000
training accuracy (client 10) : 0.911891 
client 10 accuracy on val: 0.896129
client 10 fairness(EO, Y) on val: 0.769400
global model accuracy on val: 0.904544
global model fairness(EO, Y) on val: 0.949500
global model accuracy on test: 0.902380
global model fairness(EO, Y) on test: 0.949800
------------ run = 10; t = 17; F_Global = 0.9495, Privileged = Y ------------
training accuracy (client 3) : 0.827586 
client 3 accuracy on val: 0.839865
client 3 fairness(EO, Y) on val: 0.950600
training accuracy (client 8) : 0.779762 
client 8 accuracy on val: 0.802597
client 8 fairness(EO, Y) on val: 1.070200
training accuracy (client 10) : 0.912746 
client 10 accuracy on val: 0.894686
client 10 fairness(EO, Y) on val: 0.763500
global model accuracy on val: 0.903823
global model fairness(EO, Y) on val: 0.945000
global model accuracy on test: 0.899976
global model fairness(EO, Y) on test: 0.930300
------------ run = 10; t = 18; F_Global = 0.945, Privileged = Y ------------
training accuracy (client 1) : 0.894472 
client 1 accuracy on val: 0.902140
client 1 fairness(EO, Y) on val: 0.890700
training accuracy (client 8) : 0.777778 
client 8 accuracy on val: 0.803318
client 8 fairness(EO, Y) on val: 1.101700
training accuracy (client 10) : 0.910180 
client 10 accuracy on val: 0.894205
client 10 fairness(EO, Y) on val: 0.756600
global model accuracy on val: 0.900697
global model fairness(EO, Y) on val: 0.934500
global model accuracy on test: 0.894686
global model fairness(EO, Y) on test: 0.923000
------------ run = 10; t = 19; F_Global = 0.9345, Privileged = Y ------------
training accuracy (client 1) : 0.892462 
client 1 accuracy on val: 0.901178
client 1 fairness(EO, Y) on val: 0.882000
training accuracy (client 2) : 0.975677 
client 2 accuracy on val: 0.900216
client 2 fairness(EO, Y) on val: 0.994300
training accuracy (client 4) : 0.958574 
client 4 accuracy on val: 0.900457
client 4 fairness(EO, Y) on val: 0.983000
global model accuracy on val: 0.905025
global model fairness(EO, Y) on val: 0.950500
global model accuracy on test: 0.903102
global model fairness(EO, Y) on test: 0.933900
------------ run = 10; t = 20; F_Global = 0.9505, Privileged = Y ------------
training accuracy (client 1) : 0.896482 
client 1 accuracy on val: 0.901900
client 1 fairness(EO, Y) on val: 0.885300
training accuracy (client 7) : 0.887414 
client 7 accuracy on val: 0.892522
client 7 fairness(EO, Y) on val: 0.750100
training accuracy (client 9) : 0.923238 
client 9 accuracy on val: 0.895888
client 9 fairness(EO, Y) on val: 1.004700
global model accuracy on val: 0.902380
global model fairness(EO, Y) on val: 0.982100
global model accuracy on test: 0.899255
global model fairness(EO, Y) on test: 0.971000
------------ run = 10; t = 21; F_Global = 0.9821, Privileged = Y ------------
training accuracy (client 5) : 0.830645 
client 5 accuracy on val: 0.860784
client 5 fairness(EO, Y) on val: 0.645900
training accuracy (client 7) : 0.888476 
client 7 accuracy on val: 0.891080
client 7 fairness(EO, Y) on val: 0.744500
training accuracy (client 8) : 0.777778 
client 8 accuracy on val: 0.801635
client 8 fairness(EO, Y) on val: 1.101700
global model accuracy on val: 0.901900
global model fairness(EO, Y) on val: 0.969700
global model accuracy on test: 0.896610
global model fairness(EO, Y) on test: 0.971200
------------ run = 10; t = 22; F_Global = 0.9697, Privileged = Y ------------
training accuracy (client 1) : 0.889447 
client 1 accuracy on val: 0.903102
client 1 fairness(EO, Y) on val: 0.889300
training accuracy (client 4) : 0.958574 
client 4 accuracy on val: 0.901178
client 4 fairness(EO, Y) on val: 0.983000
training accuracy (client 10) : 0.911891 
client 10 accuracy on val: 0.894205
client 10 fairness(EO, Y) on val: 0.758300
global model accuracy on val: 0.904785
global model fairness(EO, Y) on val: 0.962300
global model accuracy on test: 0.903342
global model fairness(EO, Y) on test: 0.946800
------------ run = 10; t = 23; F_Global = 0.9623, Privileged = Y ------------
training accuracy (client 1) : 0.891457 
client 1 accuracy on val: 0.900697
client 1 fairness(EO, Y) on val: 0.874800
training accuracy (client 8) : 0.779762 
client 8 accuracy on val: 0.801875
client 8 fairness(EO, Y) on val: 1.117100
training accuracy (client 10) : 0.914457 
client 10 accuracy on val: 0.894205
client 10 fairness(EO, Y) on val: 0.757800
global model accuracy on val: 0.902380
global model fairness(EO, Y) on val: 0.951300
global model accuracy on test: 0.895888
global model fairness(EO, Y) on test: 0.941100
------------ run = 10; t = 24; F_Global = 0.9513, Privileged = Y ------------
training accuracy (client 1) : 0.894472 
client 1 accuracy on val: 0.899976
client 1 fairness(EO, Y) on val: 0.866900
training accuracy (client 5) : 0.829301 
client 5 accuracy on val: 0.857418
client 5 fairness(EO, Y) on val: 0.639000
training accuracy (client 9) : 0.926029 
client 9 accuracy on val: 0.896369
client 9 fairness(EO, Y) on val: 1.004700
global model accuracy on val: 0.899495
global model fairness(EO, Y) on val: 0.994600
global model accuracy on test: 0.894446
global model fairness(EO, Y) on test: 0.986200
------------ run = 10; t = 25; F_Global = 0.9946, Privileged = Y ------------
training accuracy (client 6) : 0.910828 
client 6 accuracy on val: 0.887713
client 6 fairness(EO, Y) on val: 0.695400
training accuracy (client 8) : 0.783730 
client 8 accuracy on val: 0.798269
client 8 fairness(EO, Y) on val: 1.129400
training accuracy (client 9) : 0.925331 
client 9 accuracy on val: 0.896369
client 9 fairness(EO, Y) on val: 1.006000
global model accuracy on val: 0.898774
global model fairness(EO, N) on val: 0.990400
global model accuracy on test: 0.890599
global model fairness(EO, Y) on test: 0.997700
------------ run = 10; t = 26; F_Global = 0.9904, Privileged = N ------------
training accuracy (client 1) : 0.892462 
client 1 accuracy on val: 0.901900
client 1 fairness(EO, N) on val: 1.122000
training accuracy (client 7) : 0.888476 
client 7 accuracy on val: 0.892041
client 7 fairness(EO, N) on val: 1.340000
training accuracy (client 10) : 0.912746 
client 10 accuracy on val: 0.895408
client 10 fairness(EO, N) on val: 1.310500
global model accuracy on val: 0.901900
global model fairness(EO, Y) on val: 0.979800
global model accuracy on test: 0.896369
global model fairness(EO, Y) on test: 0.966000
------------ run = 10; t = 27; F_Global = 0.9798, Privileged = Y ------------
training accuracy (client 5) : 0.830645 
client 5 accuracy on val: 0.860543
client 5 fairness(EO, Y) on val: 0.659800
training accuracy (client 6) : 0.909918 
client 6 accuracy on val: 0.888675
client 6 fairness(EO, Y) on val: 0.704900
training accuracy (client 8) : 0.785714 
client 8 accuracy on val: 0.796105
client 8 fairness(EO, Y) on val: 1.122000
global model accuracy on val: 0.895408
global model fairness(EO, Y) on val: 0.969900
global model accuracy on test: 0.887713
global model fairness(EO, Y) on test: 0.958100
------------ run = 10; t = 28; F_Global = 0.9699, Privileged = Y ------------
training accuracy (client 3) : 0.818965 
client 3 accuracy on val: 0.836740
client 3 fairness(EO, Y) on val: 0.965200
training accuracy (client 7) : 0.886352 
client 7 accuracy on val: 0.889396
client 7 fairness(EO, Y) on val: 0.732500
training accuracy (client 9) : 0.924634 
client 9 accuracy on val: 0.897091
client 9 fairness(EO, Y) on val: 1.002500
global model accuracy on val: 0.895888
global model fairness(EO, N) on val: 0.993200
global model accuracy on test: 0.889877
global model fairness(EO, Y) on test: 0.996600
------------ run = 10; t = 29; F_Global = 0.9932, Privileged = N ------------
training accuracy (client 4) : 0.957611 
client 4 accuracy on val: 0.901419
client 4 fairness(EO, N) on val: 1.015400
training accuracy (client 7) : 0.887945 
client 7 accuracy on val: 0.899014
client 7 fairness(EO, N) on val: 1.267600
training accuracy (client 8) : 0.781746 
client 8 accuracy on val: 0.798509
client 8 fairness(EO, N) on val: 0.867300
global model accuracy on val: 0.902380
global model fairness(EO, Y) on val: 0.980900
global model accuracy on test: 0.897572
global model fairness(EO, Y) on test: 0.979000
------------ run = 10; t = 30; F_Global = 0.9809, Privileged = Y ------------
training accuracy (client 3) : 0.821839 
client 3 accuracy on val: 0.837701
client 3 fairness(EO, Y) on val: 0.970000
training accuracy (client 4) : 0.957611 
client 4 accuracy on val: 0.900938
client 4 fairness(EO, Y) on val: 0.984800
training accuracy (client 8) : 0.785714 
client 8 accuracy on val: 0.796586
client 8 fairness(EO, Y) on val: 1.126700
global model accuracy on val: 0.902621
global model fairness(EO, Y) on val: 0.982700
global model accuracy on test: 0.899495
global model fairness(EO, Y) on test: 0.973500
------------ run = 10; t = 31; F_Global = 0.9827, Privileged = Y ------------
training accuracy (client 1) : 0.893467 
client 1 accuracy on val: 0.903342
client 1 fairness(EO, Y) on val: 0.897800
training accuracy (client 5) : 0.829301 
client 5 accuracy on val: 0.859582
client 5 fairness(EO, Y) on val: 0.652300
training accuracy (client 8) : 0.785714 
client 8 accuracy on val: 0.797307
client 8 fairness(EO, Y) on val: 1.126000
global model accuracy on val: 0.894686
global model fairness(EO, Y) on val: 0.985600
global model accuracy on test: 0.886992
global model fairness(EO, Y) on test: 0.968100
------------ run = 10; t = 32; F_Global = 0.9856, Privileged = Y ------------
training accuracy (client 4) : 0.956647 
client 4 accuracy on val: 0.901419
client 4 fairness(EO, Y) on val: 0.981100
training accuracy (client 6) : 0.908098 
client 6 accuracy on val: 0.890839
client 6 fairness(EO, Y) on val: 0.719400
training accuracy (client 9) : 0.923936 
client 9 accuracy on val: 0.895888
client 9 fairness(EO, Y) on val: 1.006900
global model accuracy on val: 0.898774
global model fairness(EO, N) on val: 0.988800
global model accuracy on test: 0.890118
global model fairness(EO, N) on test: 0.999800
------------ run = 10; t = 33; F_Global = 0.9888, Privileged = N ------------
training accuracy (client 1) : 0.887437 
client 1 accuracy on val: 0.902861
client 1 fairness(EO, N) on val: 1.111200
training accuracy (client 6) : 0.909008 
client 6 accuracy on val: 0.892522
client 6 fairness(EO, N) on val: 1.357400
training accuracy (client 8) : 0.781746 
client 8 accuracy on val: 0.796105
client 8 fairness(EO, N) on val: 0.863500
global model accuracy on val: 0.900697
global model fairness(EO, Y) on val: 0.979500
global model accuracy on test: 0.896850
global model fairness(EO, Y) on test: 0.970200
------------ run = 10; t = 34; F_Global = 0.9795, Privileged = Y ------------
training accuracy (client 1) : 0.894472 
client 1 accuracy on val: 0.901419
client 1 fairness(EO, Y) on val: 0.872400
training accuracy (client 2) : 0.976362 
client 2 accuracy on val: 0.900457
client 2 fairness(EO, Y) on val: 0.988600
training accuracy (client 6) : 0.909918 
client 6 accuracy on val: 0.889156
client 6 fairness(EO, Y) on val: 0.702700
global model accuracy on val: 0.903823
global model fairness(EO, Y) on val: 0.970900
global model accuracy on test: 0.900938
global model fairness(EO, Y) on test: 0.963800
------------ run = 10; t = 35; F_Global = 0.9709, Privileged = Y ------------
training accuracy (client 2) : 0.975334 
client 2 accuracy on val: 0.901178
client 2 fairness(EO, Y) on val: 0.988600
training accuracy (client 6) : 0.911738 
client 6 accuracy on val: 0.891320
client 6 fairness(EO, Y) on val: 0.721700
training accuracy (client 8) : 0.783730 
client 8 accuracy on val: 0.795384
client 8 fairness(EO, Y) on val: 1.117200
global model accuracy on val: 0.903342
global model fairness(EO, Y) on val: 0.964200
global model accuracy on test: 0.901659
global model fairness(EO, Y) on test: 0.958700
------------ run = 10; t = 36; F_Global = 0.9642, Privileged = Y ------------
training accuracy (client 3) : 0.823276 
client 3 accuracy on val: 0.836259
client 3 fairness(EO, Y) on val: 0.951400
training accuracy (client 6) : 0.909918 
client 6 accuracy on val: 0.891801
client 6 fairness(EO, Y) on val: 0.727200
training accuracy (client 10) : 0.914457 
client 10 accuracy on val: 0.895167
client 10 fairness(EO, Y) on val: 0.756900
global model accuracy on val: 0.905025
global model fairness(EO, Y) on val: 0.949000
global model accuracy on test: 0.902861
global model fairness(EO, Y) on test: 0.942300
------------ run = 10; t = 37; F_Global = 0.949, Privileged = Y ------------
training accuracy (client 1) : 0.898492 
client 1 accuracy on val: 0.900938
client 1 fairness(EO, Y) on val: 0.877300
training accuracy (client 6) : 0.910828 
client 6 accuracy on val: 0.887232
client 6 fairness(EO, Y) on val: 0.695000
training accuracy (client 7) : 0.885821 
client 7 accuracy on val: 0.892763
client 7 fairness(EO, Y) on val: 0.762900
global model accuracy on val: 0.905747
global model fairness(EO, Y) on val: 0.938500
global model accuracy on test: 0.902621
global model fairness(EO, Y) on test: 0.930100
------------ run = 10; t = 38; F_Global = 0.9385, Privileged = Y ------------
training accuracy (client 3) : 0.818965 
client 3 accuracy on val: 0.832893
client 3 fairness(EO, Y) on val: 0.943800
training accuracy (client 9) : 0.923936 
client 9 accuracy on val: 0.896850
client 9 fairness(EO, Y) on val: 1.003800
training accuracy (client 10) : 0.911035 
client 10 accuracy on val: 0.894686
client 10 fairness(EO, Y) on val: 0.753800
global model accuracy on val: 0.902140
global model fairness(EO, Y) on val: 0.977800
global model accuracy on test: 0.899495
global model fairness(EO, Y) on test: 0.971000
------------ run = 10; t = 39; F_Global = 0.9778, Privileged = Y ------------
training accuracy (client 5) : 0.831989 
client 5 accuracy on val: 0.862707
client 5 fairness(EO, Y) on val: 0.653800
training accuracy (client 6) : 0.911738 
client 6 accuracy on val: 0.892041
client 6 fairness(EO, Y) on val: 0.732700
training accuracy (client 10) : 0.913601 
client 10 accuracy on val: 0.893965
client 10 fairness(EO, Y) on val: 0.748500
global model accuracy on val: 0.902621
global model fairness(EO, Y) on val: 0.964400
global model accuracy on test: 0.902621
global model fairness(EO, Y) on test: 0.958100
------------ run = 10; t = 40; F_Global = 0.9644, Privileged = Y ------------
training accuracy (client 5) : 0.833333 
client 5 accuracy on val: 0.862948
client 5 fairness(EO, Y) on val: 0.653200
training accuracy (client 6) : 0.909008 
client 6 accuracy on val: 0.888435
client 6 fairness(EO, Y) on val: 0.695600
training accuracy (client 7) : 0.887414 
client 7 accuracy on val: 0.892041
client 7 fairness(EO, Y) on val: 0.757600
global model accuracy on val: 0.903102
global model fairness(EO, Y) on val: 0.943300
global model accuracy on test: 0.902621
global model fairness(EO, Y) on test: 0.944300
------------ run = 10; t = 41; F_Global = 0.9433, Privileged = Y ------------
training accuracy (client 6) : 0.909008 
client 6 accuracy on val: 0.887232
client 6 fairness(EO, Y) on val: 0.684200
training accuracy (client 7) : 0.885821 
client 7 accuracy on val: 0.892282
client 7 fairness(EO, Y) on val: 0.744300
training accuracy (client 10) : 0.916168 
client 10 accuracy on val: 0.895408
client 10 fairness(EO, Y) on val: 0.762600
global model accuracy on val: 0.905266
global model fairness(EO, Y) on val: 0.939200
global model accuracy on test: 0.902140
global model fairness(EO, Y) on test: 0.918500
------------ run = 10; t = 42; F_Global = 0.9392, Privileged = Y ------------
training accuracy (client 5) : 0.831989 
client 5 accuracy on val: 0.860063
client 5 fairness(EO, Y) on val: 0.650600
training accuracy (client 6) : 0.910828 
client 6 accuracy on val: 0.891560
client 6 fairness(EO, Y) on val: 0.721500
training accuracy (client 10) : 0.915312 
client 10 accuracy on val: 0.895648
client 10 fairness(EO, Y) on val: 0.772100
global model accuracy on val: 0.904785
global model fairness(EO, Y) on val: 0.923800
global model accuracy on test: 0.902140
global model fairness(EO, Y) on test: 0.903500
------------ run = 10; t = 43; F_Global = 0.9238, Privileged = Y ------------
training accuracy (client 4) : 0.957611 
client 4 accuracy on val: 0.900938
client 4 fairness(EO, Y) on val: 0.981100
training accuracy (client 6) : 0.909918 
client 6 accuracy on val: 0.891560
client 6 fairness(EO, Y) on val: 0.725700
training accuracy (client 8) : 0.783730 
client 8 accuracy on val: 0.797307
client 8 fairness(EO, Y) on val: 1.130100
global model accuracy on val: 0.904063
global model fairness(EO, Y) on val: 0.944400
global model accuracy on test: 0.901419
global model fairness(EO, Y) on test: 0.924400
------------ run = 10; t = 44; F_Global = 0.9444, Privileged = Y ------------
training accuracy (client 2) : 0.974991 
client 2 accuracy on val: 0.899976
client 2 fairness(EO, Y) on val: 0.996200
training accuracy (client 6) : 0.909918 
client 6 accuracy on val: 0.892041
client 6 fairness(EO, Y) on val: 0.730800
training accuracy (client 9) : 0.923936 
client 9 accuracy on val: 0.894686
client 9 fairness(EO, Y) on val: 1.008800
global model accuracy on val: 0.900938
global model fairness(EO, Y) on val: 0.993000
global model accuracy on test: 0.895888
global model fairness(EO, Y) on test: 0.985800
------------ run = 10; t = 45; F_Global = 0.993, Privileged = Y ------------
training accuracy (client 4) : 0.956647 
client 4 accuracy on val: 0.902380
client 4 fairness(EO, Y) on val: 0.977300
training accuracy (client 8) : 0.785714 
client 8 accuracy on val: 0.795384
client 8 fairness(EO, Y) on val: 1.132100
training accuracy (client 10) : 0.910180 
client 10 accuracy on val: 0.893003
client 10 fairness(EO, Y) on val: 0.733000
global model accuracy on val: 0.891801
global model fairness(EO, N) on val: 0.993300
global model accuracy on test: 0.882664
global model fairness(EO, N) on test: 0.996800
------------ run = 10; t = 46; F_Global = 0.9933, Privileged = N ------------
training accuracy (client 5) : 0.826613 
client 5 accuracy on val: 0.860303
client 5 fairness(EO, N) on val: 1.558000
training accuracy (client 7) : 0.887414 
client 7 accuracy on val: 0.891320
client 7 fairness(EO, N) on val: 1.352800
training accuracy (client 9) : 0.924634 
client 9 accuracy on val: 0.894686
client 9 fairness(EO, N) on val: 0.989700
global model accuracy on val: 0.891320
global model fairness(EO, Y) on val: 0.858700
global model accuracy on test: 0.890839
global model fairness(EO, Y) on test: 0.873300
------------ run = 10; t = 47; F_Global = 0.8587, Privileged = Y ------------
training accuracy (client 4) : 0.957611 
client 4 accuracy on val: 0.899736
client 4 fairness(EO, Y) on val: 0.988600
training accuracy (client 7) : 0.888476 
client 7 accuracy on val: 0.892041
client 7 fairness(EO, Y) on val: 0.744600
training accuracy (client 9) : 0.924634 
client 9 accuracy on val: 0.896850
client 9 fairness(EO, Y) on val: 1.003100
global model accuracy on val: 0.900457
global model fairness(EO, Y) on val: 0.996200
global model accuracy on test: 0.894686
global model fairness(EO, Y) on test: 0.991100
------------ run = 10; t = 48; F_Global = 0.9962, Privileged = Y ------------
training accuracy (client 1) : 0.893467 
client 1 accuracy on val: 0.897812
client 1 fairness(EO, Y) on val: 0.860200
training accuracy (client 4) : 0.958574 
client 4 accuracy on val: 0.901659
client 4 fairness(EO, Y) on val: 0.981100
training accuracy (client 6) : 0.909008 
client 6 accuracy on val: 0.886511
client 6 fairness(EO, Y) on val: 0.692000
global model accuracy on val: 0.902140
global model fairness(EO, Y) on val: 0.994000
global model accuracy on test: 0.895648
global model fairness(EO, Y) on test: 0.980700
------------ run = 10; t = 49; F_Global = 0.994, Privileged = Y ------------
training accuracy (client 4) : 0.957611 
client 4 accuracy on val: 0.902621
client 4 fairness(EO, Y) on val: 0.977300
training accuracy (client 6) : 0.909008 
client 6 accuracy on val: 0.891801
client 6 fairness(EO, Y) on val: 0.723600
training accuracy (client 7) : 0.888476 
client 7 accuracy on val: 0.897091
client 7 fairness(EO, Y) on val: 0.792900
global model accuracy on val: 0.901419
global model fairness(EO, Y) on val: 0.985100
global model accuracy on test: 0.898293
global model fairness(EO, Y) on test: 0.976600
------------ run = 10; t = 50; F_Global = 0.9851, Privileged = Y ------------
training accuracy (client 2) : 0.975677 
client 2 accuracy on val: 0.901178
client 2 fairness(EO, Y) on val: 0.994300
training accuracy (client 4) : 0.956647 
client 4 accuracy on val: 0.902380
client 4 fairness(EO, Y) on val: 0.975400
training accuracy (client 9) : 0.924634 
client 9 accuracy on val: 0.895167
client 9 fairness(EO, Y) on val: 1.010400
global model accuracy on val: 0.898293
global model fairness(EO, Y) on val: 0.000000
global model accuracy on test: 0.891801
global model fairness(EO, Y) on test: 0.997900
----------------Done (FLAlgMain)----------------
