------------Execute (split_train_val_test)------------
rTrain: 0.6, rVal: 0.2, rTest: 0.2, alpha: 0.5, num_clients: 10
Total number of data row in law.csv: 20798
Total number of Training datasets: 12480
Total number of Testing datasets: 4159
Total number of Validation datasets: 4159
ratio :
[[2.49842180e-01 5.50124776e-01 2.74377203e-02 1.99854546e-02
  2.59981742e-02 5.73312217e-03 7.09559188e-02 1.86666888e-02
  3.52712914e-03 2.77288355e-02]
 [2.76027553e-05 2.35601907e-02 3.16566083e-01 5.87892649e-02
  2.24637509e-01 2.95490902e-02 2.33235746e-03 2.21881574e-01
  3.16303188e-04 1.22340025e-01]
 [5.67704764e-02 7.68362367e-02 1.99300632e-01 2.88964134e-01
  1.27260139e-01 7.86048681e-03 4.55857094e-03 7.49351516e-02
  4.93099123e-02 1.14204260e-01]
 [1.89465229e-01 1.30580540e-02 3.77582465e-01 7.00061978e-02
  5.40265629e-04 1.04540005e-02 2.20882060e-02 1.15298074e-02
  1.79687579e-01 1.25588196e-01]]
Total number of data row in dataset: 12480
Total number of clients datasets: 10
----------------(start splitting client datasets from adult_used.csv)----------------
client 1 training data (2601, 12)
client 2 training data (5454, 12)
client 3 training data (1019, 12)
client 4 training data (696, 12)
client 5 training data (616, 12)
client 6 training data (94, 12)
client 7 training data (704, 12)
client 8 training data (473, 12)
client 9 training data (205, 12)
client 10 training data (618, 12)
----------------(finish splitting client datasets took 0.4152395725250244)----------------
------------Done (split_train_val_test)------------
