Alg.: FairFate; Client dataset: today_20230530\dataset_EQO_run_6; client Count: 10
----------------(start loading 10 client datasets from today_20230530\dataset_EQO_run_6)----------------
----------------(successfully loading 10 client datasets and server testing data from today_20230530\dataset_EQO_run_6)----------------
----------------Execute (FLAlgMain)----------------
----------------(start running algorithm)----------------
global model accuracy on val: 0.575138
global model fairness(EQO, Y) on val: 0.623100
------------ run = 7; t = 1; F_Global = 0.6231, Privileged = Y ------------
training accuracy (client 1) : 0.932665 
client 1 accuracy on val: 0.898533
client 1 fairness(EQO, Y) on val: 0.556100
training accuracy (client 6) : 0.903455 
client 6 accuracy on val: 0.889877
client 6 fairness(EQO, Y) on val: 1.022500
training accuracy (client 8) : 0.920056 
client 8 accuracy on val: 0.892282
client 8 fairness(EQO, Y) on val: 0.880400
global model accuracy on val: 0.851887
global model fairness(EQO, Y) on val: 0.573900
global model accuracy on test: 0.851166
global model fairness(EQO, Y) on test: 0.569700
------------ run = 7; t = 2; F_Global = 0.5739, Privileged = Y ------------
training accuracy (client 3) : 0.914390 
client 3 accuracy on val: 0.895167
client 3 fairness(EQO, Y) on val: 0.866600
training accuracy (client 5) : 0.883430 
client 5 accuracy on val: 0.879057
client 5 fairness(EQO, Y) on val: 1.201300
training accuracy (client 8) : 0.924264 
client 8 accuracy on val: 0.894205
client 8 fairness(EQO, Y) on val: 0.785700
global model accuracy on val: 0.890118
global model fairness(EQO, Y) on val: 0.806400
global model accuracy on test: 0.895167
global model fairness(EQO, Y) on test: 0.813400
------------ run = 7; t = 3; F_Global = 0.8064, Privileged = Y ------------
training accuracy (client 2) : 0.781457 
client 2 accuracy on val: 0.786968
client 2 fairness(EQO, Y) on val: 0.616600
training accuracy (client 6) : 0.905488 
client 6 accuracy on val: 0.888916
client 6 fairness(EQO, Y) on val: 1.028500
training accuracy (client 8) : 0.921459 
client 8 accuracy on val: 0.895408
client 8 fairness(EQO, Y) on val: 0.783200
global model accuracy on val: 0.892763
global model fairness(EQO, Y) on val: 0.809800
global model accuracy on test: 0.897812
global model fairness(EQO, Y) on test: 0.866100
------------ run = 7; t = 4; F_Global = 0.8098, Privileged = Y ------------
training accuracy (client 1) : 0.931232 
client 1 accuracy on val: 0.898774
client 1 fairness(EQO, Y) on val: 0.579300
training accuracy (client 3) : 0.909836 
client 3 accuracy on val: 0.895648
client 3 fairness(EQO, Y) on val: 0.859600
training accuracy (client 5) : 0.881765 
client 5 accuracy on val: 0.876653
client 5 fairness(EQO, Y) on val: 1.213900
global model accuracy on val: 0.896129
global model fairness(EQO, Y) on val: 0.844100
global model accuracy on test: 0.903102
global model fairness(EQO, Y) on test: 0.856100
------------ run = 7; t = 5; F_Global = 0.8441, Privileged = Y ------------
training accuracy (client 5) : 0.881765 
client 5 accuracy on val: 0.878096
client 5 fairness(EQO, Y) on val: 1.198300
training accuracy (client 8) : 0.925666 
client 8 accuracy on val: 0.895408
client 8 fairness(EQO, Y) on val: 0.727900
training accuracy (client 9) : 0.974379 
client 9 accuracy on val: 0.887232
client 9 fairness(EQO, Y) on val: 0.996300
global model accuracy on val: 0.891080
global model fairness(EQO, Y) on val: 0.946500
global model accuracy on test: 0.899976
global model fairness(EQO, Y) on test: 0.964200
------------ run = 7; t = 6; F_Global = 0.9465, Privileged = Y ------------
training accuracy (client 1) : 0.930755 
client 1 accuracy on val: 0.897572
client 1 fairness(EQO, Y) on val: 0.554500
training accuracy (client 9) : 0.974379 
client 9 accuracy on val: 0.887232
client 9 fairness(EQO, Y) on val: 0.996300
training accuracy (client 10) : 0.842242 
client 10 accuracy on val: 0.872325
client 10 fairness(EQO, Y) on val: 0.868600
global model accuracy on val: 0.892763
global model fairness(EQO, Y) on val: 0.909700
global model accuracy on test: 0.900697
global model fairness(EQO, Y) on test: 0.926100
------------ run = 7; t = 7; F_Global = 0.9097, Privileged = Y ------------
training accuracy (client 4) : 0.910859 
client 4 accuracy on val: 0.890358
client 4 fairness(EQO, Y) on val: 0.874600
training accuracy (client 9) : 0.973985 
client 9 accuracy on val: 0.887232
client 9 fairness(EQO, Y) on val: 0.996300
training accuracy (client 10) : 0.841591 
client 10 accuracy on val: 0.873287
client 10 fairness(EQO, Y) on val: 0.874700
global model accuracy on val: 0.891320
global model fairness(EQO, Y) on val: 0.927800
global model accuracy on test: 0.898052
global model fairness(EQO, Y) on test: 0.945800
------------ run = 7; t = 8; F_Global = 0.9278, Privileged = Y ------------
training accuracy (client 1) : 0.932665 
client 1 accuracy on val: 0.898052
client 1 fairness(EQO, Y) on val: 0.556700
training accuracy (client 2) : 0.788079 
client 2 accuracy on val: 0.787449
client 2 fairness(EQO, Y) on val: 0.616800
training accuracy (client 3) : 0.909836 
client 3 accuracy on val: 0.898293
client 3 fairness(EQO, Y) on val: 0.802900
global model accuracy on val: 0.897812
global model fairness(EQO, Y) on val: 0.796000
global model accuracy on test: 0.902380
global model fairness(EQO, Y) on test: 0.829900
------------ run = 7; t = 9; F_Global = 0.796, Privileged = Y ------------
training accuracy (client 2) : 0.791391 
client 2 accuracy on val: 0.792017
client 2 fairness(EQO, Y) on val: 0.597800
training accuracy (client 3) : 0.909836 
client 3 accuracy on val: 0.898533
client 3 fairness(EQO, Y) on val: 0.797700
training accuracy (client 5) : 0.888426 
client 5 accuracy on val: 0.875451
client 5 fairness(EQO, Y) on val: 1.283200
global model accuracy on val: 0.897812
global model fairness(EQO, Y) on val: 0.849700
global model accuracy on test: 0.903102
global model fairness(EQO, Y) on test: 0.870400
------------ run = 7; t = 10; F_Global = 0.8497, Privileged = Y ------------
training accuracy (client 7) : 0.904372 
client 7 accuracy on val: 0.900457
client 7 fairness(EQO, Y) on val: 0.580100
training accuracy (client 8) : 0.927069 
client 8 accuracy on val: 0.895167
client 8 fairness(EQO, Y) on val: 0.727600
training accuracy (client 10) : 0.845502 
client 10 accuracy on val: 0.873527
client 10 fairness(EQO, Y) on val: 0.866400
global model accuracy on val: 0.897812
global model fairness(EQO, Y) on val: 0.811700
global model accuracy on test: 0.902380
global model fairness(EQO, Y) on test: 0.838200
------------ run = 7; t = 11; F_Global = 0.8117, Privileged = Y ------------
training accuracy (client 1) : 0.931232 
client 1 accuracy on val: 0.896369
client 1 fairness(EQO, Y) on val: 0.535400
training accuracy (client 9) : 0.973985 
client 9 accuracy on val: 0.887232
client 9 fairness(EQO, Y) on val: 0.996300
training accuracy (client 10) : 0.842242 
client 10 accuracy on val: 0.873768
client 10 fairness(EQO, Y) on val: 0.878900
global model accuracy on val: 0.898774
global model fairness(EQO, Y) on val: 0.804800
global model accuracy on test: 0.904785
global model fairness(EQO, Y) on test: 0.824700
------------ run = 7; t = 12; F_Global = 0.8048, Privileged = Y ------------
training accuracy (client 3) : 0.909836 
client 3 accuracy on val: 0.896850
client 3 fairness(EQO, Y) on val: 0.831000
training accuracy (client 7) : 0.900729 
client 7 accuracy on val: 0.900938
client 7 fairness(EQO, Y) on val: 0.603900
training accuracy (client 9) : 0.974379 
client 9 accuracy on val: 0.887232
client 9 fairness(EQO, Y) on val: 0.996300
global model accuracy on val: 0.898774
global model fairness(EQO, Y) on val: 0.820500
global model accuracy on test: 0.901659
global model fairness(EQO, Y) on test: 0.862400
------------ run = 7; t = 13; F_Global = 0.8205, Privileged = Y ------------
training accuracy (client 2) : 0.788079 
client 2 accuracy on val: 0.784804
client 2 fairness(EQO, Y) on val: 0.628200
training accuracy (client 6) : 0.903455 
client 6 accuracy on val: 0.887713
client 6 fairness(EQO, Y) on val: 1.030200
training accuracy (client 9) : 0.974379 
client 9 accuracy on val: 0.886992
client 9 fairness(EQO, Y) on val: 0.995300
global model accuracy on val: 0.894205
global model fairness(EQO, Y) on val: 0.867100
global model accuracy on test: 0.901900
global model fairness(EQO, Y) on test: 0.887600
------------ run = 7; t = 14; F_Global = 0.8671, Privileged = Y ------------
training accuracy (client 1) : 0.931232 
client 1 accuracy on val: 0.895167
client 1 fairness(EQO, Y) on val: 0.526300
training accuracy (client 5) : 0.886761 
client 5 accuracy on val: 0.877615
client 5 fairness(EQO, Y) on val: 1.224300
training accuracy (client 8) : 0.928471 
client 8 accuracy on val: 0.893724
client 8 fairness(EQO, Y) on val: 0.710000
global model accuracy on val: 0.893965
global model fairness(EQO, Y) on val: 0.904700
global model accuracy on test: 0.902140
global model fairness(EQO, Y) on test: 0.921200
------------ run = 7; t = 15; F_Global = 0.9047, Privileged = Y ------------
training accuracy (client 1) : 0.931232 
client 1 accuracy on val: 0.895167
client 1 fairness(EQO, Y) on val: 0.526900
training accuracy (client 2) : 0.788079 
client 2 accuracy on val: 0.786006
client 2 fairness(EQO, Y) on val: 0.639200
training accuracy (client 10) : 0.843546 
client 10 accuracy on val: 0.872566
client 10 fairness(EQO, Y) on val: 0.866100
global model accuracy on val: 0.896610
global model fairness(EQO, Y) on val: 0.852500
global model accuracy on test: 0.902621
global model fairness(EQO, Y) on test: 0.896200
------------ run = 7; t = 16; F_Global = 0.8525, Privileged = Y ------------
training accuracy (client 5) : 0.885096 
client 5 accuracy on val: 0.875210
client 5 fairness(EQO, Y) on val: 1.266200
training accuracy (client 6) : 0.902439 
client 6 accuracy on val: 0.886511
client 6 fairness(EQO, Y) on val: 1.031400
training accuracy (client 9) : 0.973591 
client 9 accuracy on val: 0.886752
client 9 fairness(EQO, Y) on val: 0.994200
global model accuracy on val: 0.893484
global model fairness(EQO, Y) on val: 0.919800
global model accuracy on test: 0.902380
global model fairness(EQO, Y) on test: 0.929600
------------ run = 7; t = 17; F_Global = 0.9198, Privileged = Y ------------
training accuracy (client 1) : 0.932665 
client 1 accuracy on val: 0.897091
client 1 fairness(EQO, Y) on val: 0.542300
training accuracy (client 6) : 0.903455 
client 6 accuracy on val: 0.886271
client 6 fairness(EQO, Y) on val: 1.031500
training accuracy (client 7) : 0.903461 
client 7 accuracy on val: 0.900938
client 7 fairness(EQO, Y) on val: 0.602600
global model accuracy on val: 0.894927
global model fairness(EQO, Y) on val: 0.895300
global model accuracy on test: 0.903102
global model fairness(EQO, Y) on test: 0.920900
------------ run = 7; t = 18; F_Global = 0.8953, Privileged = Y ------------
training accuracy (client 6) : 0.902439 
client 6 accuracy on val: 0.886752
client 6 fairness(EQO, Y) on val: 1.037000
training accuracy (client 9) : 0.974773 
client 9 accuracy on val: 0.886992
client 9 fairness(EQO, Y) on val: 0.996500
training accuracy (client 10) : 0.842894 
client 10 accuracy on val: 0.876653
client 10 fairness(EQO, Y) on val: 0.887200
global model accuracy on val: 0.892763
global model fairness(EQO, Y) on val: 0.925200
global model accuracy on test: 0.901900
global model fairness(EQO, Y) on test: 0.941700
------------ run = 7; t = 19; F_Global = 0.9252, Privileged = Y ------------
training accuracy (client 3) : 0.912568 
client 3 accuracy on val: 0.897331
client 3 fairness(EQO, Y) on val: 0.819200
training accuracy (client 6) : 0.902439 
client 6 accuracy on val: 0.886271
client 6 fairness(EQO, Y) on val: 1.041700
training accuracy (client 8) : 0.922861 
client 8 accuracy on val: 0.893965
client 8 fairness(EQO, Y) on val: 0.721700
global model accuracy on val: 0.893484
global model fairness(EQO, Y) on val: 0.934100
global model accuracy on test: 0.901900
global model fairness(EQO, Y) on test: 0.954000
------------ run = 7; t = 20; F_Global = 0.9341, Privileged = Y ------------
training accuracy (client 3) : 0.911658 
client 3 accuracy on val: 0.898533
client 3 fairness(EQO, Y) on val: 0.796300
training accuracy (client 4) : 0.910859 
client 4 accuracy on val: 0.890118
client 4 fairness(EQO, Y) on val: 0.884600
training accuracy (client 7) : 0.906193 
client 7 accuracy on val: 0.899736
client 7 fairness(EQO, Y) on val: 0.567200
global model accuracy on val: 0.895167
global model fairness(EQO, Y) on val: 0.904000
global model accuracy on test: 0.902380
global model fairness(EQO, Y) on test: 0.929800
------------ run = 7; t = 21; F_Global = 0.904, Privileged = Y ------------
training accuracy (client 1) : 0.932187 
client 1 accuracy on val: 0.895648
client 1 fairness(EQO, Y) on val: 0.532200
training accuracy (client 7) : 0.903461 
client 7 accuracy on val: 0.900457
client 7 fairness(EQO, Y) on val: 0.599500
training accuracy (client 10) : 0.843546 
client 10 accuracy on val: 0.874730
client 10 fairness(EQO, Y) on val: 0.892800
global model accuracy on val: 0.895648
global model fairness(EQO, Y) on val: 0.877400
global model accuracy on test: 0.903342
global model fairness(EQO, Y) on test: 0.904200
------------ run = 7; t = 22; F_Global = 0.8774, Privileged = Y ------------
training accuracy (client 3) : 0.911658 
client 3 accuracy on val: 0.897572
client 3 fairness(EQO, Y) on val: 0.814900
training accuracy (client 7) : 0.904372 
client 7 accuracy on val: 0.900697
client 7 fairness(EQO, Y) on val: 0.613700
training accuracy (client 9) : 0.974379 
client 9 accuracy on val: 0.886752
client 9 fairness(EQO, Y) on val: 0.995400
global model accuracy on val: 0.892041
global model fairness(EQO, Y) on val: 0.905700
global model accuracy on test: 0.901419
global model fairness(EQO, Y) on test: 0.926400
------------ run = 7; t = 23; F_Global = 0.9057, Privileged = Y ------------
training accuracy (client 1) : 0.931232 
client 1 accuracy on val: 0.894686
client 1 fairness(EQO, Y) on val: 0.521600
training accuracy (client 4) : 0.914100 
client 4 accuracy on val: 0.890839
client 4 fairness(EQO, Y) on val: 0.881600
training accuracy (client 9) : 0.974379 
client 9 accuracy on val: 0.887232
client 9 fairness(EQO, Y) on val: 0.986500
global model accuracy on val: 0.891801
global model fairness(EQO, Y) on val: 0.912800
global model accuracy on test: 0.899736
global model fairness(EQO, Y) on test: 0.929000
------------ run = 7; t = 24; F_Global = 0.9128, Privileged = Y ------------
training accuracy (client 3) : 0.910747 
client 3 accuracy on val: 0.895888
client 3 fairness(EQO, Y) on val: 0.823500
training accuracy (client 7) : 0.903461 
client 7 accuracy on val: 0.899014
client 7 fairness(EQO, Y) on val: 0.582800
training accuracy (client 9) : 0.973985 
client 9 accuracy on val: 0.886992
client 9 fairness(EQO, Y) on val: 0.996500
global model accuracy on val: 0.889396
global model fairness(EQO, Y) on val: 0.938200
global model accuracy on test: 0.897812
global model fairness(EQO, Y) on test: 0.955000
------------ run = 7; t = 25; F_Global = 0.9382, Privileged = Y ------------
training accuracy (client 4) : 0.912480 
client 4 accuracy on val: 0.891320
client 4 fairness(EQO, Y) on val: 0.847800
training accuracy (client 5) : 0.882598 
client 5 accuracy on val: 0.875451
client 5 fairness(EQO, Y) on val: 1.274100
training accuracy (client 6) : 0.900406 
client 6 accuracy on val: 0.886992
client 6 fairness(EQO, Y) on val: 1.034700
global model accuracy on val: 0.890118
global model fairness(EQO, Y) on val: 0.964300
global model accuracy on test: 0.897812
global model fairness(EQO, Y) on test: 0.979100
------------ run = 7; t = 26; F_Global = 0.9643, Privileged = Y ------------
training accuracy (client 3) : 0.910747 
client 3 accuracy on val: 0.895648
client 3 fairness(EQO, Y) on val: 0.826300
training accuracy (client 9) : 0.973985 
client 9 accuracy on val: 0.886992
client 9 fairness(EQO, Y) on val: 0.996500
training accuracy (client 10) : 0.842894 
client 10 accuracy on val: 0.870402
client 10 fairness(EQO, Y) on val: 0.879300
global model accuracy on val: 0.888435
global model fairness(EQO, Y) on val: 0.971600
global model accuracy on test: 0.897572
global model fairness(EQO, Y) on test: 0.981000
------------ run = 7; t = 27; F_Global = 0.9716, Privileged = Y ------------
training accuracy (client 1) : 0.932665 
client 1 accuracy on val: 0.895167
client 1 fairness(EQO, Y) on val: 0.525000
training accuracy (client 8) : 0.925666 
client 8 accuracy on val: 0.892522
client 8 fairness(EQO, Y) on val: 0.716500
training accuracy (client 9) : 0.974379 
client 9 accuracy on val: 0.886992
client 9 fairness(EQO, Y) on val: 0.989100
global model accuracy on val: 0.888916
global model fairness(EQO, Y) on val: 0.960200
global model accuracy on test: 0.896850
global model fairness(EQO, Y) on test: 0.976000
------------ run = 7; t = 28; F_Global = 0.9602, Privileged = Y ------------
training accuracy (client 1) : 0.932187 
client 1 accuracy on val: 0.896129
client 1 fairness(EQO, Y) on val: 0.537300
training accuracy (client 6) : 0.902439 
client 6 accuracy on val: 0.886992
client 6 fairness(EQO, Y) on val: 1.033700
training accuracy (client 9) : 0.973591 
client 9 accuracy on val: 0.887232
client 9 fairness(EQO, Y) on val: 0.986500
global model accuracy on val: 0.889637
global model fairness(EQO, Y) on val: 0.954100
global model accuracy on test: 0.896850
global model fairness(EQO, Y) on test: 0.968900
------------ run = 7; t = 29; F_Global = 0.9541, Privileged = Y ------------
training accuracy (client 1) : 0.929322 
client 1 accuracy on val: 0.896369
client 1 fairness(EQO, Y) on val: 0.529700
training accuracy (client 4) : 0.909238 
client 4 accuracy on val: 0.889877
client 4 fairness(EQO, Y) on val: 0.858000
training accuracy (client 10) : 0.843546 
client 10 accuracy on val: 0.871363
client 10 fairness(EQO, Y) on val: 0.871300
global model accuracy on val: 0.890358
global model fairness(EQO, Y) on val: 0.928200
global model accuracy on test: 0.898774
global model fairness(EQO, Y) on test: 0.942900
------------ run = 7; t = 30; F_Global = 0.9282, Privileged = Y ------------
training accuracy (client 4) : 0.914100 
client 4 accuracy on val: 0.889156
client 4 fairness(EQO, Y) on val: 0.860400
training accuracy (client 7) : 0.903461 
client 7 accuracy on val: 0.899014
client 7 fairness(EQO, Y) on val: 0.586800
training accuracy (client 10) : 0.842242 
client 10 accuracy on val: 0.870402
client 10 fairness(EQO, Y) on val: 0.860000
global model accuracy on val: 0.891320
global model fairness(EQO, Y) on val: 0.909100
global model accuracy on test: 0.900216
global model fairness(EQO, Y) on test: 0.918600
------------ run = 7; t = 31; F_Global = 0.9091, Privileged = Y ------------
training accuracy (client 1) : 0.930277 
client 1 accuracy on val: 0.895167
client 1 fairness(EQO, Y) on val: 0.524400
training accuracy (client 6) : 0.903455 
client 6 accuracy on val: 0.886511
client 6 fairness(EQO, Y) on val: 1.035400
training accuracy (client 9) : 0.974379 
client 9 accuracy on val: 0.886992
client 9 fairness(EQO, Y) on val: 0.989100
global model accuracy on val: 0.890599
global model fairness(EQO, Y) on val: 0.927800
global model accuracy on test: 0.899014
global model fairness(EQO, Y) on test: 0.940300
------------ run = 7; t = 32; F_Global = 0.9278, Privileged = Y ------------
training accuracy (client 1) : 0.930277 
client 1 accuracy on val: 0.893965
client 1 fairness(EQO, Y) on val: 0.516400
training accuracy (client 3) : 0.912568 
client 3 accuracy on val: 0.897331
client 3 fairness(EQO, Y) on val: 0.811200
training accuracy (client 9) : 0.974773 
client 9 accuracy on val: 0.886752
client 9 fairness(EQO, Y) on val: 0.991700
global model accuracy on val: 0.889877
global model fairness(EQO, Y) on val: 0.928000
global model accuracy on test: 0.897572
global model fairness(EQO, Y) on test: 0.950500
------------ run = 7; t = 33; F_Global = 0.928, Privileged = Y ------------
training accuracy (client 6) : 0.902439 
client 6 accuracy on val: 0.886992
client 6 fairness(EQO, Y) on val: 1.018500
training accuracy (client 7) : 0.902550 
client 7 accuracy on val: 0.900457
client 7 fairness(EQO, Y) on val: 0.601400
training accuracy (client 9) : 0.973985 
client 9 accuracy on val: 0.886992
client 9 fairness(EQO, Y) on val: 0.996500
global model accuracy on val: 0.889396
global model fairness(EQO, Y) on val: 0.949300
global model accuracy on test: 0.897572
global model fairness(EQO, Y) on test: 0.957600
------------ run = 7; t = 34; F_Global = 0.9493, Privileged = Y ------------
training accuracy (client 7) : 0.905282 
client 7 accuracy on val: 0.899255
client 7 fairness(EQO, Y) on val: 0.582700
training accuracy (client 9) : 0.974773 
client 9 accuracy on val: 0.886992
client 9 fairness(EQO, Y) on val: 0.989100
training accuracy (client 10) : 0.843546 
client 10 accuracy on val: 0.869921
client 10 fairness(EQO, Y) on val: 0.884900
global model accuracy on val: 0.889877
global model fairness(EQO, Y) on val: 0.952100
global model accuracy on test: 0.897091
global model fairness(EQO, Y) on test: 0.958200
------------ run = 7; t = 35; F_Global = 0.9521, Privileged = Y ------------
training accuracy (client 1) : 0.930755 
client 1 accuracy on val: 0.896369
client 1 fairness(EQO, Y) on val: 0.551600
training accuracy (client 3) : 0.913479 
client 3 accuracy on val: 0.899255
client 3 fairness(EQO, Y) on val: 0.768900
training accuracy (client 8) : 0.927069 
client 8 accuracy on val: 0.894205
client 8 fairness(EQO, Y) on val: 0.721400
global model accuracy on val: 0.889877
global model fairness(EQO, Y) on val: 0.926300
global model accuracy on test: 0.898052
global model fairness(EQO, Y) on test: 0.945300
------------ run = 7; t = 36; F_Global = 0.9263, Privileged = Y ------------
training accuracy (client 3) : 0.909836 
client 3 accuracy on val: 0.899014
client 3 fairness(EQO, Y) on val: 0.783000
training accuracy (client 4) : 0.909238 
client 4 accuracy on val: 0.888916
client 4 fairness(EQO, Y) on val: 0.866700
training accuracy (client 7) : 0.903461 
client 7 accuracy on val: 0.897812
client 7 fairness(EQO, Y) on val: 0.557800
global model accuracy on val: 0.891080
global model fairness(EQO, Y) on val: 0.912300
global model accuracy on test: 0.899495
global model fairness(EQO, Y) on test: 0.919200
------------ run = 7; t = 37; F_Global = 0.9123, Privileged = Y ------------
training accuracy (client 3) : 0.915301 
client 3 accuracy on val: 0.898293
client 3 fairness(EQO, Y) on val: 0.792200
training accuracy (client 9) : 0.974379 
client 9 accuracy on val: 0.887954
client 9 fairness(EQO, Y) on val: 0.978600
training accuracy (client 10) : 0.840287 
client 10 accuracy on val: 0.869921
client 10 fairness(EQO, Y) on val: 0.860200
global model accuracy on val: 0.890118
global model fairness(EQO, Y) on val: 0.926100
global model accuracy on test: 0.897572
global model fairness(EQO, Y) on test: 0.946000
------------ run = 7; t = 38; F_Global = 0.9261, Privileged = Y ------------
training accuracy (client 1) : 0.932187 
client 1 accuracy on val: 0.893484
client 1 fairness(EQO, Y) on val: 0.508200
training accuracy (client 2) : 0.793046 
client 2 accuracy on val: 0.787930
client 2 fairness(EQO, Y) on val: 0.632500
training accuracy (client 6) : 0.903455 
client 6 accuracy on val: 0.886511
client 6 fairness(EQO, Y) on val: 1.032800
global model accuracy on val: 0.892041
global model fairness(EQO, Y) on val: 0.896500
global model accuracy on test: 0.900457
global model fairness(EQO, Y) on test: 0.911900
------------ run = 7; t = 39; F_Global = 0.8965, Privileged = Y ------------
training accuracy (client 2) : 0.791391 
client 2 accuracy on val: 0.783602
client 2 fairness(EQO, Y) on val: 0.644600
training accuracy (client 5) : 0.887594 
client 5 accuracy on val: 0.880500
client 5 fairness(EQO, Y) on val: 1.162900
training accuracy (client 8) : 0.924264 
client 8 accuracy on val: 0.893965
client 8 fairness(EQO, Y) on val: 0.717300
global model accuracy on val: 0.890358
global model fairness(EQO, N) on val: 0.995500
global model accuracy on test: 0.899014
global model fairness(EQO, N) on test: 0.967400
------------ run = 7; t = 40; F_Global = 0.9955, Privileged = N ------------
training accuracy (client 6) : 0.898374 
client 6 accuracy on val: 0.888675
client 6 fairness(EQO, N) on val: 0.956900
training accuracy (client 8) : 0.925666 
client 8 accuracy on val: 0.894205
client 8 fairness(EQO, N) on val: 1.423900
training accuracy (client 10) : 0.843546 
client 10 accuracy on val: 0.875932
client 10 fairness(EQO, N) on val: 1.145600
global model accuracy on val: 0.892282
global model fairness(EQO, Y) on val: 0.947500
global model accuracy on test: 0.900697
global model fairness(EQO, Y) on test: 0.963500
------------ run = 7; t = 41; F_Global = 0.9475, Privileged = Y ------------
training accuracy (client 5) : 0.884263 
client 5 accuracy on val: 0.876413
client 5 fairness(EQO, Y) on val: 1.232800
training accuracy (client 6) : 0.905488 
client 6 accuracy on val: 0.887473
client 6 fairness(EQO, Y) on val: 1.034800
training accuracy (client 7) : 0.907104 
client 7 accuracy on val: 0.899255
client 7 fairness(EQO, Y) on val: 0.575500
global model accuracy on val: 0.886511
global model fairness(EQO, N) on val: 0.951500
global model accuracy on test: 0.897572
global model fairness(EQO, N) on test: 0.940200
------------ run = 7; t = 42; F_Global = 0.9515, Privileged = N ------------
training accuracy (client 1) : 0.933142 
client 1 accuracy on val: 0.894205
client 1 fairness(EQO, N) on val: 2.423700
training accuracy (client 4) : 0.905997 
client 4 accuracy on val: 0.886992
client 4 fairness(EQO, N) on val: 1.089700
training accuracy (client 8) : 0.922861 
client 8 accuracy on val: 0.893965
client 8 fairness(EQO, N) on val: 1.412000
global model accuracy on val: 0.896129
global model fairness(EQO, Y) on val: 0.832700
global model accuracy on test: 0.902861
global model fairness(EQO, Y) on test: 0.872600
------------ run = 7; t = 43; F_Global = 0.8327, Privileged = Y ------------
training accuracy (client 6) : 0.904472 
client 6 accuracy on val: 0.887473
client 6 fairness(EQO, Y) on val: 1.036300
training accuracy (client 7) : 0.899818 
client 7 accuracy on val: 0.900938
client 7 fairness(EQO, Y) on val: 0.613300
training accuracy (client 9) : 0.974379 
client 9 accuracy on val: 0.886992
client 9 fairness(EQO, Y) on val: 0.996500
global model accuracy on val: 0.890118
global model fairness(EQO, Y) on val: 0.932200
global model accuracy on test: 0.899014
global model fairness(EQO, Y) on test: 0.950100
------------ run = 7; t = 44; F_Global = 0.9322, Privileged = Y ------------
training accuracy (client 1) : 0.931710 
client 1 accuracy on val: 0.896610
client 1 fairness(EQO, Y) on val: 0.556400
training accuracy (client 3) : 0.912568 
client 3 accuracy on val: 0.897091
client 3 fairness(EQO, Y) on val: 0.812600
training accuracy (client 7) : 0.904372 
client 7 accuracy on val: 0.900938
client 7 fairness(EQO, Y) on val: 0.621100
global model accuracy on val: 0.891801
global model fairness(EQO, Y) on val: 0.902100
global model accuracy on test: 0.900697
global model fairness(EQO, Y) on test: 0.918100
------------ run = 7; t = 45; F_Global = 0.9021, Privileged = Y ------------
training accuracy (client 3) : 0.914390 
client 3 accuracy on val: 0.897331
client 3 fairness(EQO, Y) on val: 0.816500
training accuracy (client 6) : 0.900406 
client 6 accuracy on val: 0.887232
client 6 fairness(EQO, Y) on val: 1.029200
training accuracy (client 10) : 0.845502 
client 10 accuracy on val: 0.871844
client 10 fairness(EQO, Y) on val: 0.861600
global model accuracy on val: 0.891560
global model fairness(EQO, Y) on val: 0.967500
global model accuracy on test: 0.899495
global model fairness(EQO, Y) on test: 0.981000
------------ run = 7; t = 46; F_Global = 0.9675, Privileged = Y ------------
training accuracy (client 4) : 0.914100 
client 4 accuracy on val: 0.886271
client 4 fairness(EQO, Y) on val: 0.909300
training accuracy (client 8) : 0.925666 
client 8 accuracy on val: 0.894446
client 8 fairness(EQO, Y) on val: 0.715100
training accuracy (client 10) : 0.846806 
client 10 accuracy on val: 0.874730
client 10 fairness(EQO, Y) on val: 0.878500
global model accuracy on val: 0.893003
global model fairness(EQO, Y) on val: 0.951800
global model accuracy on test: 0.901178
global model fairness(EQO, Y) on test: 0.963100
------------ run = 7; t = 47; F_Global = 0.9518, Privileged = Y ------------
training accuracy (client 3) : 0.911658 
client 3 accuracy on val: 0.897331
client 3 fairness(EQO, Y) on val: 0.808800
training accuracy (client 6) : 0.904472 
client 6 accuracy on val: 0.886030
client 6 fairness(EQO, Y) on val: 1.031500
training accuracy (client 7) : 0.902550 
client 7 accuracy on val: 0.900457
client 7 fairness(EQO, Y) on val: 0.603400
global model accuracy on val: 0.890599
global model fairness(EQO, Y) on val: 0.986600
global model accuracy on test: 0.898293
global model fairness(EQO, Y) on test: 0.998800
------------ run = 7; t = 48; F_Global = 0.9866, Privileged = Y ------------
training accuracy (client 2) : 0.791391 
client 2 accuracy on val: 0.782159
client 2 fairness(EQO, Y) on val: 0.660600
training accuracy (client 8) : 0.921459 
client 8 accuracy on val: 0.894927
client 8 fairness(EQO, Y) on val: 0.742500
training accuracy (client 10) : 0.844198 
client 10 accuracy on val: 0.874970
client 10 fairness(EQO, Y) on val: 0.875800
global model accuracy on val: 0.888916
global model fairness(EQO, Y) on val: 0.974200
global model accuracy on test: 0.898293
global model fairness(EQO, Y) on test: 0.973400
------------ run = 7; t = 49; F_Global = 0.9742, Privileged = Y ------------
training accuracy (client 3) : 0.912568 
client 3 accuracy on val: 0.899736
client 3 fairness(EQO, Y) on val: 0.744800
training accuracy (client 5) : 0.882598 
client 5 accuracy on val: 0.875932
client 5 fairness(EQO, Y) on val: 1.225200
training accuracy (client 7) : 0.903461 
client 7 accuracy on val: 0.899495
client 7 fairness(EQO, Y) on val: 0.583700
global model accuracy on val: 0.878096
global model fairness(EQO, N) on val: 0.853900
global model accuracy on test: 0.886992
global model fairness(EQO, N) on test: 0.831400
------------ run = 7; t = 50; F_Global = 0.8539, Privileged = N ------------
training accuracy (client 5) : 0.885096 
client 5 accuracy on val: 0.875451
client 5 fairness(EQO, N) on val: 0.832800
training accuracy (client 6) : 0.901423 
client 6 accuracy on val: 0.886511
client 6 fairness(EQO, N) on val: 0.959700
training accuracy (client 7) : 0.902550 
client 7 accuracy on val: 0.900216
client 7 fairness(EQO, N) on val: 2.027200
global model accuracy on val: 0.900216
global model fairness(EQO, Y) on val: 0.767000
global model accuracy on test: 0.905747
global model fairness(EQO, Y) on test: 0.782800
----------------Done (FLAlgMain)----------------
