------------Execute (split_train_val_test)------------
rTrain: 0.6, rVal: 0.2, rTest: 0.2, alpha: 0.5, num_clients: 10
Total number of data row in law.csv: 20798
Total number of Training datasets: 12480
Total number of Testing datasets: 4159
Total number of Validation datasets: 4159
ratio :
[[1.38863943e-01 1.25712584e-03 2.13345055e-01 5.92704516e-02
  2.38476255e-02 6.81102336e-02 4.12919538e-01 4.77774383e-02
  4.46340636e-04 3.41622487e-02]
 [4.07320777e-02 5.88477290e-03 1.29719043e-01 1.16329444e-01
  7.40269883e-03 3.73999452e-02 1.73309942e-01 3.00077481e-01
  7.92524472e-02 1.09892149e-01]
 [3.77035447e-02 6.19534940e-02 4.50969883e-02 2.69182702e-01
  4.68647564e-03 2.24933859e-02 2.70716097e-01 4.32723836e-05
  8.49601650e-02 2.03163875e-01]
 [1.26269177e-02 7.19662121e-02 1.64536472e-02 8.18219751e-02
  1.00219905e-01 5.95024756e-05 9.26106752e-02 9.40331265e-04
  1.19504095e-02 6.11350425e-01]]
Total number of data row in dataset: 12480
Total number of clients datasets: 10
----------------(start splitting client datasets from adult_used.csv)----------------
client 1 training data (1433, 12)
client 2 training data (145, 12)
client 3 training data (2237, 12)
client 4 training data (1100, 12)
client 5 training data (299, 12)
client 6 training data (718, 12)
client 7 training data (4566, 12)
client 8 training data (706, 12)
client 9 training data (197, 12)
client 10 training data (1079, 12)
----------------(finish splitting client datasets took 0.3805367946624756)----------------
------------Done (split_train_val_test)------------
