Alg.: FairFateVC; Client dataset: today_20230530\dataset_EO_run_5; client Count: 10
----------------(start loading 10 client datasets from today_20230530\dataset_EO_run_5)----------------
----------------(successfully loading 10 client datasets and server testing data from today_20230530\dataset_EO_run_5)----------------
----------------Execute (FLAlgMain)----------------
----------------(start running algorithm)----------------
global model accuracy on val: 0.523684
global model fairness(EO, Y) on val: 0.658500
------------ run = 6; t = 1; F_Global = 0.6585, Privileged = Y ------------
training accuracy (client 1) : 0.917293 
client 1 accuracy on val: 0.883145
client 1 fairness(EO, Y) on val: 0.998300
training accuracy (client 4) : 0.887324 
client 4 accuracy on val: 0.890599
client 4 fairness(EO, Y) on val: 0.945700
training accuracy (client 7) : 0.911168 
client 7 accuracy on val: 0.888194
client 7 fairness(EO, Y) on val: 0.972300
global model accuracy on val: 0.860303
global model fairness(EO, Y) on val: 0.836100
global model accuracy on test: 0.867276
global model fairness(EO, Y) on test: 0.825300
------------ run = 6; t = 2; F_Global = 0.8361, Privileged = Y ------------
training accuracy (client 1) : 0.917293 
client 1 accuracy on val: 0.883866
client 1 fairness(EO, Y) on val: 0.997600
training accuracy (client 9) : 0.969478 
client 9 accuracy on val: 0.886511
client 9 fairness(EO, Y) on val: 0.991500
training accuracy (client 10) : 0.876945 
client 10 accuracy on val: 0.872566
client 10 fairness(EO, Y) on val: 0.628600
global model accuracy on val: 0.886992
global model fairness(EO, Y) on val: 0.936800
global model accuracy on test: 0.894446
global model fairness(EO, Y) on test: 0.947300
------------ run = 6; t = 3; F_Global = 0.9368, Privileged = Y ------------
training accuracy (client 1) : 0.914787 
client 1 accuracy on val: 0.885549
client 1 fairness(EO, Y) on val: 0.993900
training accuracy (client 6) : 0.857143 
client 6 accuracy on val: 0.884107
client 6 fairness(EO, Y) on val: 0.842900
training accuracy (client 8) : 0.831244 
client 8 accuracy on val: 0.868478
client 8 fairness(EO, Y) on val: 0.888500
global model accuracy on val: 0.889396
global model fairness(EO, Y) on val: 0.932900
global model accuracy on test: 0.896610
global model fairness(EO, Y) on test: 0.939500
------------ run = 6; t = 4; F_Global = 0.9329, Privileged = Y ------------
training accuracy (client 2) : 0.897500 
client 2 accuracy on val: 0.888916
client 2 fairness(EO, Y) on val: 0.969900
training accuracy (client 9) : 0.927032 
client 9 accuracy on val: 0.881221
client 9 fairness(EO, Y) on val: 0.677700
training accuracy (client 10) : 0.653846 
client 10 accuracy on val: 0.780236
client 10 fairness(EO, Y) on val: 0.752600
training accuracy (client 13) : 0.869087 
client 13 accuracy on val: 0.876413
client 13 fairness(EO, Y) on val: 1.024900
global model accuracy on val: 0.890118
global model fairness(EO, Y) on val: 0.948700
global model accuracy on test: 0.895888
global model fairness(EO, Y) on test: 0.946800
------------ run = 6; t = 5; F_Global = 0.9487, Privileged = Y ------------
training accuracy (client 4) : 0.889548 
client 4 accuracy on val: 0.889877
client 4 fairness(EO, Y) on val: 0.930500
training accuracy (client 6) : 0.912437 
client 6 accuracy on val: 0.888194
client 6 fairness(EO, Y) on val: 0.963100
training accuracy (client 9) : 0.933333 
client 9 accuracy on val: 0.886030
client 9 fairness(EO, Y) on val: 0.999700
training accuracy (client 12) : 0.927032 
client 12 accuracy on val: 0.884107
client 12 fairness(EO, Y) on val: 0.701800
global model accuracy on val: 0.888916
global model fairness(EO, Y) on val: 0.952400
global model accuracy on test: 0.898052
global model fairness(EO, Y) on test: 0.956200
------------ run = 6; t = 6; F_Global = 0.9524, Privileged = Y ------------
training accuracy (client 1) : 0.917293 
client 1 accuracy on val: 0.886030
client 1 fairness(EO, Y) on val: 0.997900
training accuracy (client 9) : 0.703125 
client 9 accuracy on val: 0.789613
client 9 fairness(EO, Y) on val: 0.731500
training accuracy (client 12) : 0.750000 
client 12 accuracy on val: 0.727338
client 12 fairness(EO, Y) on val: 0.755900
training accuracy (client 13) : 0.984215 
client 13 accuracy on val: 0.883145
client 13 fairness(EO, Y) on val: 1.000000
global model accuracy on val: 0.889396
global model fairness(EO, Y) on val: 0.981800
global model accuracy on test: 0.896369
global model fairness(EO, Y) on test: 0.978400
------------ run = 6; t = 7; F_Global = 0.9818, Privileged = Y ------------
training accuracy (client 3) : 0.930390 
client 3 accuracy on val: 0.875691
client 3 fairness(EO, Y) on val: 0.583400
training accuracy (client 4) : 0.910353 
client 4 accuracy on val: 0.889637
client 4 fairness(EO, Y) on val: 0.847800
training accuracy (client 8) : 0.933333 
client 8 accuracy on val: 0.886511
client 8 fairness(EO, Y) on val: 1.000100
training accuracy (client 15) : 0.772059 
client 15 accuracy on val: 0.782400
client 15 fairness(EO, Y) on val: 0.744200
global model accuracy on val: 0.891560
global model fairness(EO, Y) on val: 0.936000
global model accuracy on test: 0.899736
global model fairness(EO, Y) on test: 0.949700
------------ run = 6; t = 8; F_Global = 0.936, Privileged = Y ------------
training accuracy (client 4) : 0.970588 
client 4 accuracy on val: 0.887713
client 4 fairness(EO, Y) on val: 0.997900
training accuracy (client 7) : 0.871287 
client 7 accuracy on val: 0.877615
client 7 fairness(EO, Y) on val: 1.031800
training accuracy (client 11) : 0.687500 
client 11 accuracy on val: 0.792979
client 11 fairness(EO, Y) on val: 0.701600
training accuracy (client 12) : 0.654412 
client 12 accuracy on val: 0.798750
client 12 fairness(EO, Y) on val: 0.697100
training accuracy (client 14) : 0.958920 
client 14 accuracy on val: 0.868718
client 14 fairness(EO, Y) on val: 0.487700
global model accuracy on val: 0.892522
global model fairness(EO, Y) on val: 0.915100
global model accuracy on test: 0.900457
global model fairness(EO, Y) on test: 0.933400
------------ run = 6; t = 9; F_Global = 0.9151, Privileged = Y ------------
training accuracy (client 3) : 0.913706 
client 3 accuracy on val: 0.887954
client 3 fairness(EO, Y) on val: 0.965900
training accuracy (client 8) : 0.666667 
client 8 accuracy on val: 0.797788
client 8 fairness(EO, Y) on val: 0.718300
training accuracy (client 12) : 0.753425 
client 12 accuracy on val: 0.724213
client 12 fairness(EO, Y) on val: 0.778800
training accuracy (client 14) : 0.757353 
client 14 accuracy on val: 0.785044
client 14 fairness(EO, Y) on val: 0.665000
training accuracy (client 16) : 0.654412 
client 16 accuracy on val: 0.799711
client 16 fairness(EO, Y) on val: 0.671200
global model accuracy on val: 0.889396
global model fairness(EO, Y) on val: 0.907200
global model accuracy on test: 0.901659
global model fairness(EO, Y) on test: 0.918700
------------ run = 6; t = 10; F_Global = 0.9072, Privileged = Y ------------
training accuracy (client 6) : 0.931667 
client 6 accuracy on val: 0.886030
client 6 fairness(EO, Y) on val: 1.001300
training accuracy (client 10) : 0.655405 
client 10 accuracy on val: 0.788170
client 10 fairness(EO, Y) on val: 0.720800
training accuracy (client 11) : 0.975644 
client 11 accuracy on val: 0.883145
client 11 fairness(EO, Y) on val: 1.000000
training accuracy (client 13) : 0.958920 
client 13 accuracy on val: 0.868718
client 13 fairness(EO, Y) on val: 0.492000
training accuracy (client 16) : 0.729730 
client 16 accuracy on val: 0.770137
client 16 fairness(EO, Y) on val: 0.735900
global model accuracy on val: 0.891080
global model fairness(EO, Y) on val: 0.927700
global model accuracy on test: 0.900216
global model fairness(EO, Y) on test: 0.941800
------------ run = 6; t = 11; F_Global = 0.9277, Privileged = Y ------------
training accuracy (client 2) : 0.899167 
client 2 accuracy on val: 0.888916
client 2 fairness(EO, Y) on val: 0.966200
training accuracy (client 5) : 0.721154 
client 5 accuracy on val: 0.805963
client 5 fairness(EO, Y) on val: 0.686700
training accuracy (client 7) : 0.870187 
client 7 accuracy on val: 0.877134
client 7 fairness(EO, Y) on val: 1.034600
training accuracy (client 8) : 0.984215 
client 8 accuracy on val: 0.883385
client 8 fairness(EO, Y) on val: 1.000000
training accuracy (client 16) : 0.662162 
client 16 accuracy on val: 0.789372
client 16 fairness(EO, Y) on val: 0.713700
global model accuracy on val: 0.891560
global model fairness(EO, Y) on val: 0.950100
global model accuracy on test: 0.900216
global model fairness(EO, Y) on test: 0.960100
------------ run = 6; t = 12; F_Global = 0.9501, Privileged = Y ------------
training accuracy (client 2) : 0.900833 
client 2 accuracy on val: 0.889156
client 2 fairness(EO, Y) on val: 0.949800
training accuracy (client 7) : 0.984215 
client 7 accuracy on val: 0.883385
client 7 fairness(EO, Y) on val: 1.000000
training accuracy (client 10) : 0.695312 
client 10 accuracy on val: 0.786968
client 10 fairness(EO, Y) on val: 0.716100
training accuracy (client 15) : 0.958920 
client 15 accuracy on val: 0.868959
client 15 fairness(EO, Y) on val: 0.494100
training accuracy (client 17) : 0.721154 
client 17 accuracy on val: 0.803318
client 17 fairness(EO, Y) on val: 0.709700
global model accuracy on val: 0.891320
global model fairness(EO, Y) on val: 0.946700
global model accuracy on test: 0.900216
global model fairness(EO, Y) on test: 0.957800
------------ run = 6; t = 13; F_Global = 0.9467, Privileged = Y ------------
training accuracy (client 1) : 0.917293 
client 1 accuracy on val: 0.886752
client 1 fairness(EO, Y) on val: 1.000100
training accuracy (client 5) : 0.865787 
client 5 accuracy on val: 0.876172
client 5 fairness(EO, Y) on val: 1.037000
training accuracy (client 6) : 0.984215 
client 6 accuracy on val: 0.883385
client 6 fairness(EO, Y) on val: 1.000000
training accuracy (client 7) : 0.925373 
client 7 accuracy on val: 0.882905
client 7 fairness(EO, Y) on val: 0.669800
training accuracy (client 8) : 0.975644 
client 8 accuracy on val: 0.883145
client 8 fairness(EO, Y) on val: 1.000000
training accuracy (client 15) : 0.700000 
client 15 accuracy on val: 0.815821
client 15 fairness(EO, Y) on val: 0.707000
global model accuracy on val: 0.890118
global model fairness(EO, Y) on val: 0.982100
global model accuracy on test: 0.897812
global model fairness(EO, Y) on test: 0.977800
------------ run = 6; t = 14; F_Global = 0.9821, Privileged = Y ------------
training accuracy (client 3) : 0.971143 
client 3 accuracy on val: 0.887954
client 3 fairness(EO, Y) on val: 0.993600
training accuracy (client 6) : 0.984215 
client 6 accuracy on val: 0.883385
client 6 fairness(EO, Y) on val: 1.000000
training accuracy (client 7) : 0.975644 
client 7 accuracy on val: 0.883385
client 7 fairness(EO, Y) on val: 1.000000
training accuracy (client 13) : 0.662162 
client 13 accuracy on val: 0.789132
client 13 fairness(EO, Y) on val: 0.727700
training accuracy (client 15) : 0.687500 
client 15 accuracy on val: 0.792498
client 15 fairness(EO, Y) on val: 0.715600
training accuracy (client 18) : 0.927032 
client 18 accuracy on val: 0.882424
client 18 fairness(EO, Y) on val: 0.670000
global model accuracy on val: 0.890118
global model fairness(EO, Y) on val: 0.998200
global model accuracy on test: 0.897572
global model fairness(EO, Y) on test: 0.985800
------------ run = 6; t = 15; F_Global = 0.9982, Privileged = Y ------------
training accuracy (client 1) : 0.917293 
client 1 accuracy on val: 0.886752
client 1 fairness(EO, Y) on val: 1.000400
training accuracy (client 3) : 0.971698 
client 3 accuracy on val: 0.887713
client 3 fairness(EO, Y) on val: 0.993600
training accuracy (client 11) : 0.647059 
client 11 accuracy on val: 0.798750
client 11 fairness(EO, Y) on val: 0.690600
training accuracy (client 15) : 0.721154 
client 15 accuracy on val: 0.810531
client 15 fairness(EO, Y) on val: 0.687200
training accuracy (client 17) : 0.662162 
client 17 accuracy on val: 0.792979
client 17 fairness(EO, Y) on val: 0.717600
training accuracy (client 19) : 0.922056 
client 19 accuracy on val: 0.882664
client 19 fairness(EO, Y) on val: 0.669300
global model accuracy on val: 0.889396
global model fairness(EO, Y) on val: 0.990000
global model accuracy on test: 0.897331
global model fairness(EO, Y) on test: 0.984700
------------ run = 6; t = 16; F_Global = 0.99, Privileged = Y ------------
training accuracy (client 4) : 0.867987 
client 4 accuracy on val: 0.874489
client 4 fairness(EO, Y) on val: 1.040700
training accuracy (client 6) : 0.975644 
client 6 accuracy on val: 0.883145
client 6 fairness(EO, Y) on val: 1.000000
training accuracy (client 8) : 0.715278 
client 8 accuracy on val: 0.789613
client 8 fairness(EO, Y) on val: 0.733700
training accuracy (client 9) : 0.772059 
client 9 accuracy on val: 0.784323
client 9 fairness(EO, Y) on val: 0.713900
training accuracy (client 16) : 0.997633 
client 16 accuracy on val: 0.883145
client 16 fairness(EO, Y) on val: 1.000000
training accuracy (client 18) : 0.730769 
client 18 accuracy on val: 0.808127
client 18 fairness(EO, Y) on val: 0.691900
global model accuracy on val: 0.886752
global model fairness(EO, Y) on val: 0.998200
global model accuracy on test: 0.895648
global model fairness(EO, Y) on test: 0.995900
------------ run = 6; t = 17; F_Global = 0.9982, Privileged = Y ------------
training accuracy (client 3) : 0.933333 
client 3 accuracy on val: 0.887473
client 3 fairness(EO, Y) on val: 1.003500
training accuracy (client 10) : 0.958920 
client 10 accuracy on val: 0.869199
client 10 fairness(EO, Y) on val: 0.494100
training accuracy (client 13) : 0.705357 
client 13 accuracy on val: 0.807406
client 13 fairness(EO, Y) on val: 0.705900
training accuracy (client 15) : 0.647059 
client 15 accuracy on val: 0.795864
client 15 fairness(EO, Y) on val: 0.710500
training accuracy (client 17) : 0.923715 
client 17 accuracy on val: 0.882424
client 17 fairness(EO, Y) on val: 0.669800
training accuracy (client 18) : 0.701389 
client 18 accuracy on val: 0.790575
client 18 fairness(EO, Y) on val: 0.758600
global model accuracy on val: 0.889877
global model fairness(EO, Y) on val: 0.998500
global model accuracy on test: 0.897572
global model fairness(EO, Y) on test: 0.988800
------------ run = 6; t = 18; F_Global = 0.9985, Privileged = Y ------------
training accuracy (client 5) : 0.984215 
client 5 accuracy on val: 0.883385
client 5 fairness(EO, Y) on val: 1.000000
training accuracy (client 7) : 0.673077 
client 7 accuracy on val: 0.798028
client 7 fairness(EO, Y) on val: 0.793700
training accuracy (client 13) : 0.662162 
client 13 accuracy on val: 0.788892
client 13 fairness(EO, Y) on val: 0.731100
training accuracy (client 14) : 0.772059 
client 14 accuracy on val: 0.784083
client 14 fairness(EO, Y) on val: 0.718200
training accuracy (client 17) : 0.705357 
client 17 accuracy on val: 0.804039
client 17 fairness(EO, Y) on val: 0.712300
training accuracy (client 19) : 0.925373 
client 19 accuracy on val: 0.880741
client 19 fairness(EO, Y) on val: 0.652900
global model accuracy on val: 0.889396
global model fairness(EO, Y) on val: 0.998200
global model accuracy on test: 0.897331
global model fairness(EO, Y) on test: 0.988100
------------ run = 6; t = 19; F_Global = 0.9982, Privileged = Y ------------
training accuracy (client 1) : 0.917293 
client 1 accuracy on val: 0.886992
client 1 fairness(EO, Y) on val: 0.996200
training accuracy (client 4) : 0.870187 
client 4 accuracy on val: 0.874970
client 4 fairness(EO, Y) on val: 1.041400
training accuracy (client 7) : 0.729730 
client 7 accuracy on val: 0.774225
client 7 fairness(EO, Y) on val: 0.728400
training accuracy (client 9) : 0.680000 
client 9 accuracy on val: 0.816302
client 9 fairness(EO, Y) on val: 0.709700
training accuracy (client 12) : 0.730769 
client 12 accuracy on val: 0.811012
client 12 fairness(EO, Y) on val: 0.696900
training accuracy (client 15) : 0.729167 
client 15 accuracy on val: 0.786968
client 15 fairness(EO, Y) on val: 0.737000
global model accuracy on val: 0.888916
global model fairness(EO, Y) on val: 0.993700
global model accuracy on test: 0.896369
global model fairness(EO, Y) on test: 0.986800
------------ run = 6; t = 20; F_Global = 0.9937, Privileged = Y ------------
training accuracy (client 3) : 0.874587 
client 3 accuracy on val: 0.874249
client 3 fairness(EO, Y) on val: 1.039400
training accuracy (client 4) : 0.984215 
client 4 accuracy on val: 0.883385
client 4 fairness(EO, Y) on val: 1.000000
training accuracy (client 8) : 0.997633 
client 8 accuracy on val: 0.883145
client 8 fairness(EO, Y) on val: 1.000000
training accuracy (client 15) : 0.925373 
client 15 accuracy on val: 0.882183
client 15 fairness(EO, Y) on val: 0.676400
training accuracy (client 17) : 0.736486 
client 17 accuracy on val: 0.763164
client 17 fairness(EO, Y) on val: 0.773700
training accuracy (client 19) : 0.740385 
client 19 accuracy on val: 0.799952
client 19 fairness(EO, Y) on val: 0.742000
global model accuracy on val: 0.886752
global model fairness(EO, Y) on val: 0.998500
global model accuracy on test: 0.895648
global model fairness(EO, Y) on test: 0.996900
------------ run = 6; t = 21; F_Global = 0.9985, Privileged = Y ------------
training accuracy (client 1) : 0.916244 
client 1 accuracy on val: 0.886511
client 1 fairness(EO, Y) on val: 0.948900
training accuracy (client 5) : 0.975644 
client 5 accuracy on val: 0.883385
client 5 fairness(EO, Y) on val: 1.000000
training accuracy (client 12) : 0.668919 
client 12 accuracy on val: 0.783361
client 12 fairness(EO, Y) on val: 0.752300
training accuracy (client 13) : 0.786765 
client 13 accuracy on val: 0.779274
client 13 fairness(EO, Y) on val: 0.735000
training accuracy (client 14) : 0.696429 
client 14 accuracy on val: 0.794903
client 14 fairness(EO, Y) on val: 0.742700
training accuracy (client 15) : 0.917293 
client 15 accuracy on val: 0.885790
client 15 fairness(EO, Y) on val: 1.003800
global model accuracy on val: 0.886511
global model fairness(EO, Y) on val: 0.998500
global model accuracy on test: 0.894927
global model fairness(EO, Y) on test: 0.997500
------------ run = 6; t = 22; F_Global = 0.9985, Privileged = Y ------------
training accuracy (client 1) : 0.930000 
client 1 accuracy on val: 0.885309
client 1 fairness(EO, Y) on val: 1.003200
training accuracy (client 3) : 0.984215 
client 3 accuracy on val: 0.883385
client 3 fairness(EO, Y) on val: 1.000000
training accuracy (client 9) : 0.647059 
client 9 accuracy on val: 0.790815
client 9 fairness(EO, Y) on val: 0.751800
training accuracy (client 14) : 0.923715 
client 14 accuracy on val: 0.881702
client 14 fairness(EO, Y) on val: 0.668000
training accuracy (client 17) : 0.725806 
client 17 accuracy on val: 0.796826
client 17 fairness(EO, Y) on val: 0.763500
training accuracy (client 19) : 0.662162 
client 19 accuracy on val: 0.783121
client 19 fairness(EO, Y) on val: 0.764200
global model accuracy on val: 0.886992
global model fairness(EO, Y) on val: 0.998500
global model accuracy on test: 0.895888
global model fairness(EO, Y) on test: 0.996600
------------ run = 6; t = 23; F_Global = 0.9985, Privileged = Y ------------
training accuracy (client 1) : 0.931667 
client 1 accuracy on val: 0.886992
client 1 fairness(EO, Y) on val: 1.004100
training accuracy (client 2) : 0.872387 
client 2 accuracy on val: 0.874489
client 2 fairness(EO, Y) on val: 1.040100
training accuracy (client 6) : 0.695312 
client 6 accuracy on val: 0.787449
client 6 fairness(EO, Y) on val: 0.751700
training accuracy (client 13) : 0.736486 
client 13 accuracy on val: 0.765569
client 13 fairness(EO, Y) on val: 0.776700
training accuracy (client 17) : 0.705357 
client 17 accuracy on val: 0.796826
client 17 fairness(EO, Y) on val: 0.722200
training accuracy (client 18) : 0.661765 
client 18 accuracy on val: 0.791056
client 18 fairness(EO, Y) on val: 0.748300
global model accuracy on val: 0.886992
global model fairness(EO, N) on val: 0.999300
global model accuracy on test: 0.894686
global model fairness(EO, Y) on test: 0.995600
------------ run = 6; t = 24; F_Global = 0.9993, Privileged = N ------------
training accuracy (client 3) : 0.984215 
client 3 accuracy on val: 0.883385
client 3 fairness(EO, N) on val: 1.000000
training accuracy (client 4) : 0.975644 
client 4 accuracy on val: 0.883385
client 4 fairness(EO, N) on val: 1.000000
training accuracy (client 6) : 0.997633 
client 6 accuracy on val: 0.883145
client 6 fairness(EO, N) on val: 1.000000
training accuracy (client 8) : 0.685897 
client 8 accuracy on val: 0.781678
client 8 fairness(EO, N) on val: 1.147400
training accuracy (client 9) : 0.919800 
client 9 accuracy on val: 0.885069
client 9 fairness(EO, N) on val: 0.995900
training accuracy (client 11) : 0.729167 
client 11 accuracy on val: 0.778312
client 11 fairness(EO, N) on val: 1.216800
global model accuracy on val: 0.886511
global model fairness(EO, N) on val: 0.999600
global model accuracy on test: 0.894927
global model fairness(EO, Y) on test: 0.995000
------------ run = 6; t = 25; F_Global = 0.9996, Privileged = N ------------
training accuracy (client 2) : 0.872387 
client 2 accuracy on val: 0.874249
client 2 fairness(EO, N) on val: 0.961800
training accuracy (client 3) : 0.984215 
client 3 accuracy on val: 0.883626
client 3 fairness(EO, N) on val: 1.000000
training accuracy (client 16) : 0.668919 
client 16 accuracy on val: 0.776389
client 16 fairness(EO, N) on val: 1.255100
training accuracy (client 17) : 0.718750 
client 17 accuracy on val: 0.782400
client 17 fairness(EO, N) on val: 1.264900
training accuracy (client 18) : 0.736486 
client 18 accuracy on val: 0.759077
client 18 fairness(EO, N) on val: 1.249800
training accuracy (client 21) : 0.919800 
client 21 accuracy on val: 0.885309
client 21 fairness(EO, N) on val: 0.996200
global model accuracy on val: 0.888675
global model fairness(EO, Y) on val: 0.985800
global model accuracy on test: 0.900938
global model fairness(EO, Y) on test: 0.984500
------------ run = 6; t = 26; F_Global = 0.9858, Privileged = Y ------------
training accuracy (client 3) : 0.975644 
client 3 accuracy on val: 0.883385
client 3 fairness(EO, Y) on val: 1.000000
training accuracy (client 4) : 0.930000 
client 4 accuracy on val: 0.884588
client 4 fairness(EO, Y) on val: 1.002800
training accuracy (client 8) : 0.730000 
client 8 accuracy on val: 0.795384
client 8 fairness(EO, Y) on val: 0.806100
training accuracy (client 12) : 0.786765 
client 12 accuracy on val: 0.767733
client 12 fairness(EO, Y) on val: 0.778800
training accuracy (client 18) : 0.714286 
client 18 accuracy on val: 0.785285
client 18 fairness(EO, Y) on val: 0.767700
training accuracy (client 20) : 0.870187 
client 20 accuracy on val: 0.872325
client 20 fairness(EO, Y) on val: 1.042100
global model accuracy on val: 0.887473
global model fairness(EO, N) on val: 0.997100
global model accuracy on test: 0.897572
global model fairness(EO, Y) on test: 0.997900
------------ run = 6; t = 27; F_Global = 0.9971, Privileged = N ------------
training accuracy (client 1) : 0.931667 
client 1 accuracy on val: 0.884347
client 1 fairness(EO, N) on val: 0.996200
training accuracy (client 2) : 0.984215 
client 2 accuracy on val: 0.883385
client 2 fairness(EO, N) on val: 1.000000
training accuracy (client 10) : 0.942837 
client 10 accuracy on val: 0.883626
client 10 fairness(EO, N) on val: 0.997500
training accuracy (client 12) : 0.725806 
client 12 accuracy on val: 0.780717
client 12 fairness(EO, N) on val: 1.205400
training accuracy (client 15) : 0.743243 
client 15 accuracy on val: 0.749459
client 15 fairness(EO, N) on val: 1.201000
training accuracy (client 18) : 0.919800 
client 18 accuracy on val: 0.884828
client 18 fairness(EO, N) on val: 0.996500
global model accuracy on val: 0.886511
global model fairness(EO, N) on val: 0.997200
global model accuracy on test: 0.899014
global model fairness(EO, Y) on test: 0.991400
------------ run = 6; t = 28; F_Global = 0.9972, Privileged = N ------------
training accuracy (client 2) : 0.975644 
client 2 accuracy on val: 0.883385
client 2 fairness(EO, N) on val: 1.000000
training accuracy (client 3) : 0.930909 
client 3 accuracy on val: 0.885309
client 3 fairness(EO, N) on val: 0.995300
training accuracy (client 8) : 0.759615 
client 8 accuracy on val: 0.784323
client 8 fairness(EO, N) on val: 1.239900
training accuracy (client 9) : 0.943526 
client 9 accuracy on val: 0.884107
client 9 fairness(EO, N) on val: 0.997200
training accuracy (client 12) : 0.689189 
client 12 accuracy on val: 0.767011
client 12 fairness(EO, N) on val: 1.199200
training accuracy (client 18) : 0.786765 
client 18 accuracy on val: 0.766050
client 18 fairness(EO, N) on val: 1.236400
global model accuracy on val: 0.886992
global model fairness(EO, N) on val: 1.000000
global model accuracy on test: 0.896610
global model fairness(EO, Y) on test: 0.993200
------------ run = 6; t = 29; F_Global = 1.0, Privileged = N ------------
training accuracy (client 7) : 0.759615 
client 7 accuracy on val: 0.779995
client 7 fairness(EO, N) on val: 1.235000
training accuracy (client 11) : 0.689189 
client 11 accuracy on val: 0.763886
client 11 fairness(EO, N) on val: 1.164500
training accuracy (client 12) : 0.718750 
client 12 accuracy on val: 0.768454
client 12 fairness(EO, N) on val: 1.173400
training accuracy (client 16) : 0.750000 
client 16 accuracy on val: 0.783842
client 16 fairness(EO, N) on val: 1.153800
training accuracy (client 17) : 0.794118 
client 17 accuracy on val: 0.762443
client 17 fairness(EO, N) on val: 1.209400
training accuracy (client 21) : 0.930000 
client 21 accuracy on val: 0.884107
client 21 fairness(EO, N) on val: 0.997500
global model accuracy on val: 0.879298
global model fairness(EO, Y) on val: 0.972300
global model accuracy on test: 0.885549
global model fairness(EO, Y) on test: 0.980900
------------ run = 6; t = 30; F_Global = 0.9723, Privileged = Y ------------
training accuracy (client 1) : 0.984215 
client 1 accuracy on val: 0.883145
client 1 fairness(EO, Y) on val: 1.000000
training accuracy (client 8) : 0.943526 
client 8 accuracy on val: 0.883385
client 8 fairness(EO, Y) on val: 1.002500
training accuracy (client 12) : 0.718750 
client 12 accuracy on val: 0.754989
client 12 fairness(EO, Y) on val: 0.862600
training accuracy (client 16) : 0.750000 
client 16 accuracy on val: 0.771580
client 16 fairness(EO, Y) on val: 0.886000
training accuracy (client 17) : 0.794118 
client 17 accuracy on val: 0.751863
client 17 fairness(EO, Y) on val: 0.839300
training accuracy (client 21) : 0.931818 
client 21 accuracy on val: 0.884588
client 21 fairness(EO, Y) on val: 1.003100
global model accuracy on val: 0.886511
global model fairness(EO, N) on val: 0.994300
global model accuracy on test: 0.895167
global model fairness(EO, N) on test: 0.997600
------------ run = 6; t = 31; F_Global = 0.9943, Privileged = N ------------
training accuracy (client 3) : 0.996450 
client 3 accuracy on val: 0.883145
client 3 fairness(EO, N) on val: 1.000000
training accuracy (client 13) : 0.676471 
client 13 accuracy on val: 0.764126
client 13 fairness(EO, N) on val: 1.177700
training accuracy (client 14) : 0.870187 
client 14 accuracy on val: 0.874970
client 14 fairness(EO, N) on val: 0.963800
training accuracy (client 16) : 0.931667 
client 16 accuracy on val: 0.883866
client 16 fairness(EO, N) on val: 0.994400
training accuracy (client 19) : 0.718750 
client 19 accuracy on val: 0.763405
client 19 fairness(EO, N) on val: 1.151600
training accuracy (client 20) : 0.750000 
client 20 accuracy on val: 0.779033
client 20 fairness(EO, N) on val: 1.129700
global model accuracy on val: 0.887232
global model fairness(EO, N) on val: 0.995800
global model accuracy on test: 0.895408
global model fairness(EO, Y) on test: 0.996200
------------ run = 6; t = 32; F_Global = 0.9958, Privileged = N ------------
training accuracy (client 4) : 0.959482 
client 4 accuracy on val: 0.866795
client 4 fairness(EO, N) on val: 2.094900
training accuracy (client 5) : 0.737179 
client 5 accuracy on val: 0.756913
client 5 fairness(EO, N) on val: 1.032300
training accuracy (client 6) : 0.736111 
client 6 accuracy on val: 0.754989
client 6 fairness(EO, N) on val: 1.110100
training accuracy (client 9) : 0.927032 
client 9 accuracy on val: 0.883866
client 9 fairness(EO, N) on val: 1.424600
training accuracy (client 15) : 0.930000 
client 15 accuracy on val: 0.884347
client 15 fairness(EO, N) on val: 0.995300
training accuracy (client 17) : 0.930000 
client 17 accuracy on val: 0.884347
client 17 fairness(EO, N) on val: 0.995300
global model accuracy on val: 0.888435
global model fairness(EO, Y) on val: 0.932700
global model accuracy on test: 0.897331
global model fairness(EO, Y) on test: 0.943500
------------ run = 6; t = 33; F_Global = 0.9327, Privileged = Y ------------
training accuracy (client 4) : 0.958920 
client 4 accuracy on val: 0.867516
client 4 fairness(EO, Y) on val: 0.477200
training accuracy (client 6) : 0.750000 
client 6 accuracy on val: 0.754749
client 6 fairness(EO, Y) on val: 0.840700
training accuracy (client 8) : 0.944215 
client 8 accuracy on val: 0.883866
client 8 fairness(EO, Y) on val: 1.002800
training accuracy (client 12) : 0.750000 
client 12 accuracy on val: 0.738158
client 12 fairness(EO, Y) on val: 0.830100
training accuracy (client 13) : 0.676471 
client 13 accuracy on val: 0.764126
client 13 fairness(EO, Y) on val: 0.796300
training accuracy (client 18) : 0.794118 
client 18 accuracy on val: 0.756432
client 18 fairness(EO, Y) on val: 0.775500
global model accuracy on val: 0.888916
global model fairness(EO, Y) on val: 0.975400
global model accuracy on test: 0.900938
global model fairness(EO, Y) on test: 0.981700
------------ run = 6; t = 34; F_Global = 0.9754, Privileged = Y ------------
training accuracy (client 3) : 0.996450 
client 3 accuracy on val: 0.883145
client 3 fairness(EO, Y) on val: 1.000000
training accuracy (client 6) : 0.944215 
client 6 accuracy on val: 0.883626
client 6 fairness(EO, Y) on val: 1.002500
training accuracy (client 10) : 0.723214 
client 10 accuracy on val: 0.769897
client 10 fairness(EO, Y) on val: 0.778700
training accuracy (client 15) : 0.930000 
client 15 accuracy on val: 0.884828
client 15 fairness(EO, Y) on val: 1.005000
training accuracy (client 19) : 0.743243 
client 19 accuracy on val: 0.739120
client 19 fairness(EO, Y) on val: 0.844400
training accuracy (client 21) : 0.786765 
client 21 accuracy on val: 0.758115
client 21 fairness(EO, Y) on val: 0.787700
global model accuracy on val: 0.886511
global model fairness(EO, N) on val: 0.998400
global model accuracy on test: 0.895648
global model fairness(EO, Y) on test: 0.996200
------------ run = 6; t = 35; F_Global = 0.9984, Privileged = N ------------
training accuracy (client 1) : 0.984215 
client 1 accuracy on val: 0.883385
client 1 fairness(EO, N) on val: 1.000000
training accuracy (client 10) : 0.919800 
client 10 accuracy on val: 0.884588
client 10 fairness(EO, N) on val: 0.996200
training accuracy (client 12) : 0.740000 
client 12 accuracy on val: 0.789372
client 12 fairness(EO, N) on val: 1.210500
training accuracy (client 17) : 0.743056 
client 17 accuracy on val: 0.759798
client 17 fairness(EO, N) on val: 1.136500
training accuracy (client 19) : 0.723214 
client 19 accuracy on val: 0.775427
client 19 fairness(EO, N) on val: 1.235400
training accuracy (client 20) : 0.743243 
client 20 accuracy on val: 0.743929
client 20 fairness(EO, N) on val: 1.181300
global model accuracy on val: 0.887232
global model fairness(EO, Y) on val: 0.969500
global model accuracy on test: 0.898533
global model fairness(EO, Y) on test: 0.982800
------------ run = 6; t = 36; F_Global = 0.9695, Privileged = Y ------------
training accuracy (client 2) : 0.975644 
client 2 accuracy on val: 0.883385
client 2 fairness(EO, Y) on val: 1.000000
training accuracy (client 7) : 0.927032 
client 7 accuracy on val: 0.882905
client 7 fairness(EO, Y) on val: 0.671900
training accuracy (client 9) : 0.682432 
client 9 accuracy on val: 0.754027
client 9 fairness(EO, Y) on val: 0.843500
training accuracy (client 13) : 0.931667 
client 13 accuracy on val: 0.884828
client 13 fairness(EO, Y) on val: 1.004100
training accuracy (client 17) : 0.683824 
client 17 accuracy on val: 0.763164
client 17 fairness(EO, Y) on val: 0.819300
training accuracy (client 21) : 0.919800 
client 21 accuracy on val: 0.884588
client 21 fairness(EO, Y) on val: 1.003800
global model accuracy on val: 0.886511
global model fairness(EO, N) on val: 0.995400
global model accuracy on test: 0.897331
global model fairness(EO, Y) on test: 0.994300
------------ run = 6; t = 37; F_Global = 0.9954, Privileged = N ------------
training accuracy (client 1) : 0.984215 
client 1 accuracy on val: 0.883145
client 1 fairness(EO, N) on val: 1.000000
training accuracy (client 4) : 0.724359 
client 4 accuracy on val: 0.756191
client 4 fairness(EO, N) on val: 1.052300
training accuracy (client 10) : 0.873487 
client 10 accuracy on val: 0.870642
client 10 fairness(EO, N) on val: 0.952900
training accuracy (client 18) : 0.919800 
client 18 accuracy on val: 0.884347
client 18 fairness(EO, N) on val: 0.996200
training accuracy (client 19) : 0.927032 
client 19 accuracy on val: 0.881702
client 19 fairness(EO, N) on val: 1.511400
training accuracy (client 21) : 0.683824 
client 21 accuracy on val: 0.764366
client 21 fairness(EO, N) on val: 1.210800
global model accuracy on val: 0.888194
global model fairness(EO, Y) on val: 0.976000
global model accuracy on test: 0.899976
global model fairness(EO, Y) on test: 0.976800
------------ run = 6; t = 38; F_Global = 0.976, Privileged = Y ------------
training accuracy (client 6) : 0.943526 
client 6 accuracy on val: 0.883145
client 6 fairness(EO, Y) on val: 1.003100
training accuracy (client 9) : 0.740000 
client 9 accuracy on val: 0.776389
client 9 fairness(EO, Y) on val: 0.833200
training accuracy (client 10) : 0.931667 
client 10 accuracy on val: 0.884828
client 10 fairness(EO, Y) on val: 1.004700
training accuracy (client 12) : 0.958920 
client 12 accuracy on val: 0.867757
client 12 fairness(EO, Y) on val: 0.477200
training accuracy (client 18) : 0.928690 
client 18 accuracy on val: 0.882424
client 18 fairness(EO, Y) on val: 0.661200
training accuracy (client 19) : 0.689189 
client 19 accuracy on val: 0.755230
client 19 fairness(EO, Y) on val: 0.828200
global model accuracy on val: 0.887232
global model fairness(EO, N) on val: 0.999100
global model accuracy on test: 0.898052
global model fairness(EO, Y) on test: 0.992400
------------ run = 6; t = 39; F_Global = 0.9991, Privileged = N ------------
training accuracy (client 1) : 0.984215 
client 1 accuracy on val: 0.883385
client 1 fairness(EO, N) on val: 1.000000
training accuracy (client 2) : 0.974948 
client 2 accuracy on val: 0.883385
client 2 fairness(EO, N) on val: 1.000000
training accuracy (client 4) : 0.711538 
client 4 accuracy on val: 0.757874
client 4 fairness(EO, N) on val: 1.048700
training accuracy (client 5) : 0.788462 
client 5 accuracy on val: 0.776389
client 5 fairness(EO, N) on val: 1.244600
training accuracy (client 9) : 0.933333 
client 9 accuracy on val: 0.884828
client 9 fairness(EO, N) on val: 0.995000
training accuracy (client 10) : 0.929091 
client 10 accuracy on val: 0.884107
client 10 fairness(EO, N) on val: 0.995300
global model accuracy on val: 0.887954
global model fairness(EO, Y) on val: 0.993000
global model accuracy on test: 0.899255
global model fairness(EO, Y) on test: 0.986800
------------ run = 6; t = 40; F_Global = 0.993, Privileged = Y ------------
training accuracy (client 2) : 0.975644 
client 2 accuracy on val: 0.883385
client 2 fairness(EO, Y) on val: 1.000000
training accuracy (client 3) : 0.996450 
client 3 accuracy on val: 0.883145
client 3 fairness(EO, Y) on val: 1.000000
training accuracy (client 8) : 0.718750 
client 8 accuracy on val: 0.759558
client 8 fairness(EO, Y) on val: 0.862900
training accuracy (client 13) : 0.919800 
client 13 accuracy on val: 0.883385
client 13 fairness(EO, Y) on val: 1.004500
training accuracy (client 17) : 0.958920 
client 17 accuracy on val: 0.867516
client 17 fairness(EO, Y) on val: 0.475100
training accuracy (client 18) : 0.928690 
client 18 accuracy on val: 0.883385
client 18 fairness(EO, Y) on val: 0.676200
global model accuracy on val: 0.886752
global model fairness(EO, Y) on val: 0.999100
global model accuracy on test: 0.894446
global model fairness(EO, Y) on test: 0.997800
------------ run = 6; t = 41; F_Global = 0.9991, Privileged = Y ------------
training accuracy (client 3) : 0.996450 
client 3 accuracy on val: 0.883145
client 3 fairness(EO, Y) on val: 1.000000
training accuracy (client 4) : 0.717949 
client 4 accuracy on val: 0.763164
client 4 fairness(EO, Y) on val: 0.928200
training accuracy (client 12) : 0.919800 
client 12 accuracy on val: 0.883385
client 12 fairness(EO, Y) on val: 1.004100
training accuracy (client 13) : 0.669118 
client 13 accuracy on val: 0.764366
client 13 fairness(EO, Y) on val: 0.801100
training accuracy (client 14) : 0.873487 
client 14 accuracy on val: 0.874008
client 14 fairness(EO, Y) on val: 1.041600
training accuracy (client 15) : 0.730000 
client 15 accuracy on val: 0.787689
client 15 fairness(EO, Y) on val: 0.811400
global model accuracy on val: 0.884828
global model fairness(EO, N) on val: 0.999400
global model accuracy on test: 0.893724
global model fairness(EO, N) on test: 0.999400
------------ run = 6; t = 42; F_Global = 0.9994, Privileged = N ------------
training accuracy (client 6) : 0.725806 
client 6 accuracy on val: 0.775186
client 6 fairness(EO, N) on val: 1.238200
training accuracy (client 9) : 0.750000 
client 9 accuracy on val: 0.740322
client 9 fairness(EO, N) on val: 1.187300
training accuracy (client 12) : 0.866887 
client 12 accuracy on val: 0.872806
client 12 fairness(EO, N) on val: 0.957200
training accuracy (client 16) : 0.726562 
client 16 accuracy on val: 0.766530
client 16 fairness(EO, N) on val: 1.199800
training accuracy (client 19) : 0.730769 
client 19 accuracy on val: 0.756191
client 19 fairness(EO, N) on val: 1.082700
training accuracy (client 21) : 0.730000 
client 21 accuracy on val: 0.784564
client 21 fairness(EO, N) on val: 1.214600
global model accuracy on val: 0.880741
global model fairness(EO, Y) on val: 0.961400
global model accuracy on test: 0.886271
global model fairness(EO, Y) on test: 0.977500
------------ run = 6; t = 43; F_Global = 0.9614, Privileged = Y ------------
training accuracy (client 4) : 0.807692 
client 4 accuracy on val: 0.754268
client 4 fairness(EO, Y) on val: 0.829300
training accuracy (client 7) : 0.763889 
client 7 accuracy on val: 0.737677
client 7 fairness(EO, Y) on val: 0.901500
training accuracy (client 8) : 0.732143 
client 8 accuracy on val: 0.745612
client 8 fairness(EO, Y) on val: 0.840200
training accuracy (client 9) : 0.797297 
client 9 accuracy on val: 0.721087
client 9 fairness(EO, Y) on val: 0.896400
training accuracy (client 14) : 0.930000 
client 14 accuracy on val: 0.884107
client 14 fairness(EO, Y) on val: 1.003400
training accuracy (client 19) : 0.691176 
client 19 accuracy on val: 0.743448
client 19 fairness(EO, Y) on val: 0.859000
global model accuracy on val: 0.881221
global model fairness(EO, N) on val: 0.976400
global model accuracy on test: 0.892282
global model fairness(EO, N) on test: 0.984400
------------ run = 6; t = 44; F_Global = 0.9764, Privileged = N ------------
training accuracy (client 6) : 0.823529 
client 6 accuracy on val: 0.739601
client 6 fairness(EO, N) on val: 1.150700
training accuracy (client 8) : 0.702703 
client 8 accuracy on val: 0.738639
client 8 fairness(EO, N) on val: 1.114600
training accuracy (client 13) : 0.920398 
client 13 accuracy on val: 0.884107
client 13 fairness(EO, N) on val: 1.456900
training accuracy (client 16) : 0.872387 
client 16 accuracy on val: 0.869921
client 16 fairness(EO, N) on val: 0.950800
training accuracy (client 18) : 0.770833 
client 18 accuracy on val: 0.737677
client 18 fairness(EO, N) on val: 1.037800
training accuracy (client 19) : 0.732143 
client 19 accuracy on val: 0.750421
client 19 fairness(EO, N) on val: 1.116200
global model accuracy on val: 0.862707
global model fairness(EO, Y) on val: 0.962900
global model accuracy on test: 0.866795
global model fairness(EO, Y) on test: 0.961600
------------ run = 6; t = 45; F_Global = 0.9629, Privileged = Y ------------
training accuracy (client 3) : 0.996450 
client 3 accuracy on val: 0.883145
client 3 fairness(EO, Y) on val: 1.000000
training accuracy (client 5) : 0.725806 
client 5 accuracy on val: 0.735032
client 5 fairness(EO, Y) on val: 0.835700
training accuracy (client 6) : 0.816176 
client 6 accuracy on val: 0.724934
client 6 fairness(EO, Y) on val: 0.864700
training accuracy (client 8) : 0.702703 
client 8 accuracy on val: 0.724934
client 8 fairness(EO, Y) on val: 0.884300
training accuracy (client 15) : 0.760000 
client 15 accuracy on val: 0.744169
client 15 fairness(EO, Y) on val: 0.914000
training accuracy (client 18) : 0.741071 
client 18 accuracy on val: 0.741284
client 18 fairness(EO, Y) on val: 0.889000
global model accuracy on val: 0.883626
global model fairness(EO, Y) on val: 0.000000
global model accuracy on test: 0.893484
global model fairness(EO, Y) on test: 0.000000
------------ run = 6; t = 46; F_Global = 0, Privileged = Y ------------
training accuracy (client 1) : 0.984215 
client 1 accuracy on val: 0.883626
client 1 fairness(EO, Y) on val: 1.000000
training accuracy (client 12) : 0.798077 
client 12 accuracy on val: 0.772782
client 12 fairness(EO, Y) on val: 0.737700
training accuracy (client 13) : 0.750000 
client 13 accuracy on val: 0.753787
client 13 fairness(EO, Y) on val: 0.848700
training accuracy (client 15) : 0.661765 
client 15 accuracy on val: 0.761481
client 15 fairness(EO, Y) on val: 0.785800
training accuracy (client 17) : 0.725806 
client 17 accuracy on val: 0.763886
client 17 fairness(EO, Y) on val: 0.757800
training accuracy (client 19) : 0.682432 
client 19 accuracy on val: 0.753547
client 19 fairness(EO, Y) on val: 0.780900
global model accuracy on val: 0.885549
global model fairness(EO, Y) on val: 0.917600
global model accuracy on test: 0.891801
global model fairness(EO, Y) on test: 0.921000
------------ run = 6; t = 47; F_Global = 0.9176, Privileged = Y ------------
training accuracy (client 3) : 0.997041 
client 3 accuracy on val: 0.883145
client 3 fairness(EO, Y) on val: 1.000000
training accuracy (client 4) : 0.944215 
client 4 accuracy on val: 0.883145
client 4 fairness(EO, Y) on val: 1.003100
training accuracy (client 9) : 0.957794 
client 9 accuracy on val: 0.862467
client 9 fairness(EO, Y) on val: 0.415400
training accuracy (client 10) : 0.920398 
client 10 accuracy on val: 0.878096
client 10 fairness(EO, Y) on val: 0.613500
training accuracy (client 14) : 0.797297 
client 14 accuracy on val: 0.716518
client 14 fairness(EO, Y) on val: 0.854500
training accuracy (client 15) : 0.705882 
client 15 accuracy on val: 0.739120
client 15 fairness(EO, Y) on val: 0.821100
global model accuracy on val: 0.883626
global model fairness(EO, Y) on val: 0.000000
global model accuracy on test: 0.893484
global model fairness(EO, Y) on test: 0.000000
------------ run = 6; t = 48; F_Global = 0, Privileged = Y ------------
training accuracy (client 1) : 0.984215 
client 1 accuracy on val: 0.883626
client 1 fairness(EO, Y) on val: 1.000000
training accuracy (client 3) : 0.996450 
client 3 accuracy on val: 0.883145
client 3 fairness(EO, Y) on val: 1.000000
training accuracy (client 11) : 0.756944 
client 11 accuracy on val: 0.749459
client 11 fairness(EO, Y) on val: 0.834600
training accuracy (client 13) : 0.725806 
client 13 accuracy on val: 0.759317
client 13 fairness(EO, Y) on val: 0.776400
training accuracy (client 15) : 0.682432 
client 15 accuracy on val: 0.752585
client 15 fairness(EO, Y) on val: 0.802400
training accuracy (client 16) : 0.720000 
client 16 accuracy on val: 0.776629
client 16 fairness(EO, Y) on val: 0.797200
global model accuracy on val: 0.891080
global model fairness(EO, Y) on val: 0.963100
global model accuracy on test: 0.901659
global model fairness(EO, Y) on test: 0.968600
------------ run = 6; t = 49; F_Global = 0.9631, Privileged = Y ------------
training accuracy (client 1) : 0.984215 
client 1 accuracy on val: 0.883385
client 1 fairness(EO, Y) on val: 1.000000
training accuracy (client 4) : 0.942837 
client 4 accuracy on val: 0.883866
client 4 fairness(EO, Y) on val: 1.003400
training accuracy (client 5) : 0.917293 
client 5 accuracy on val: 0.883866
client 5 fairness(EO, Y) on val: 1.003200
training accuracy (client 8) : 0.734375 
client 8 accuracy on val: 0.738158
client 8 fairness(EO, Y) on val: 0.830500
training accuracy (client 11) : 0.777778 
client 11 accuracy on val: 0.738399
client 11 fairness(EO, Y) on val: 0.866600
training accuracy (client 19) : 0.927032 
client 19 accuracy on val: 0.877615
client 19 fairness(EO, Y) on val: 0.607100
global model accuracy on val: 0.885309
global model fairness(EO, N) on val: 0.999400
global model accuracy on test: 0.893484
global model fairness(EO, N) on test: 0.998800
------------ run = 6; t = 50; F_Global = 0.9994, Privileged = N ------------
training accuracy (client 1) : 0.984215 
client 1 accuracy on val: 0.883626
client 1 fairness(EO, N) on val: 1.000000
training accuracy (client 2) : 0.975644 
client 2 accuracy on val: 0.883385
client 2 fairness(EO, N) on val: 1.000000
training accuracy (client 5) : 0.919800 
client 5 accuracy on val: 0.882905
client 5 fairness(EO, N) on val: 0.994300
training accuracy (client 6) : 0.933333 
client 6 accuracy on val: 0.884347
client 6 fairness(EO, N) on val: 0.994100
training accuracy (client 10) : 0.866887 
client 10 accuracy on val: 0.874249
client 10 fairness(EO, N) on val: 0.959000
training accuracy (client 13) : 0.695946 
client 13 accuracy on val: 0.742246
client 13 fairness(EO, N) on val: 1.191800
global model accuracy on val: 0.887954
global model fairness(EO, Y) on val: 0.996300
global model accuracy on test: 0.898533
global model fairness(EO, Y) on test: 0.982600
----------------Done (FLAlgMain)----------------
