------------Execute (split_train_val_test)------------
rTrain: 0.6, rVal: 0.2, rTest: 0.2, alpha: 0.5, num_clients: 10
Total number of data row in law.csv: 20798
Total number of Training datasets: 12480
Total number of Testing datasets: 4159
Total number of Validation datasets: 4159
ratio :
[[9.95773501e-02 1.42276706e-02 2.39840865e-02 2.46517390e-01
  1.05957273e-01 3.63733579e-02 3.09191007e-01 1.03343456e-01
  5.81249798e-02 2.70342864e-03]
 [1.93079797e-01 8.12519775e-03 1.64097889e-02 1.19008131e-04
  3.51657473e-01 9.41670722e-02 7.07450291e-02 8.34379491e-02
  7.97662053e-03 1.74282064e-01]
 [1.59150514e-02 2.00747757e-01 9.35627536e-04 5.42325553e-02
  1.55414691e-02 4.59744990e-03 3.87871149e-02 5.20850032e-01
  1.40922288e-01 7.47065507e-03]
 [7.46011461e-02 8.72464240e-02 7.06283749e-02 2.20305694e-01
  1.18935006e-02 4.86874631e-04 2.08736924e-01 1.24152817e-01
  2.29717595e-02 1.78976484e-01]]
Total number of data row in dataset: 12480
Total number of clients datasets: 10
----------------(start splitting client datasets from adult_used.csv)----------------
client 1 training data (1184, 12)
client 2 training data (475, 12)
client 3 training data (284, 12)
client 4 training data (2584, 12)
client 5 training data (1343, 12)
client 6 training data (435, 12)
client 7 training data (3221, 12)
client 8 training data (1876, 12)
client 9 training data (780, 12)
client 10 training data (298, 12)
----------------(finish splitting client datasets took 0.3449287414550781)----------------
------------Done (split_train_val_test)------------
