Alg.: FairFate; Client dataset: today_20230530\dataset_SP_run_0; client Count: 10
----------------(start loading 10 client datasets from today_20230530\dataset_SP_run_0)----------------
----------------(successfully loading 10 client datasets and server testing data from today_20230530\dataset_SP_run_0)----------------
----------------Execute (FLAlgMain)----------------
----------------(start running algorithm)----------------
global model accuracy on val: 0.448185
global model fairness(SP, N) on val: 0.499200
------------ run = 1; t = 1; F_Global = 0.4992, Privileged = N ------------
training accuracy (client 1) : 0.824176 
client 1 accuracy on val: 0.455157
client 1 fairness(SP, N) on val: 0.339300
training accuracy (client 4) : 0.971850 
client 4 accuracy on val: 0.891320
client 4 fairness(SP, N) on val: 1.000000
training accuracy (client 10) : 0.904762 
client 10 accuracy on val: 0.893003
client 10 fairness(SP, N) on val: 0.997900
global model accuracy on val: 0.891080
global model fairness(SP, N) on val: 0.988900
global model accuracy on test: 0.885309
global model fairness(SP, N) on test: 0.987900
------------ run = 1; t = 2; F_Global = 0.9889, Privileged = N ------------
training accuracy (client 4) : 0.971850 
client 4 accuracy on val: 0.891320
client 4 fairness(SP, N) on val: 1.000000
training accuracy (client 8) : 0.901857 
client 8 accuracy on val: 0.892282
client 8 fairness(SP, N) on val: 0.989200
training accuracy (client 10) : 0.903361 
client 10 accuracy on val: 0.892522
client 10 fairness(SP, N) on val: 0.987000
global model accuracy on val: 0.891320
global model fairness(SP, Y) on val: 0.000000
global model accuracy on test: 0.888194
global model fairness(SP, Y) on test: 0.000000
------------ run = 1; t = 3; F_Global = 0, Privileged = Y ------------
training accuracy (client 3) : 0.986447 
client 3 accuracy on val: 0.872806
client 3 fairness(SP, Y) on val: 0.351200
training accuracy (client 4) : 0.971850 
client 4 accuracy on val: 0.891320
client 4 fairness(SP, Y) on val: 1.000000
training accuracy (client 8) : 0.896552 
client 8 accuracy on val: 0.893003
client 8 fairness(SP, Y) on val: 1.017700
global model accuracy on val: 0.891320
global model fairness(SP, Y) on val: 0.000000
global model accuracy on test: 0.888194
global model fairness(SP, Y) on test: 0.000000
------------ run = 1; t = 4; F_Global = 0, Privileged = Y ------------
training accuracy (client 5) : 0.982196 
client 5 accuracy on val: 0.891320
client 5 fairness(SP, Y) on val: 1.000000
training accuracy (client 7) : 0.955326 
client 7 accuracy on val: 0.891320
client 7 fairness(SP, Y) on val: 1.000000
training accuracy (client 9) : 0.974257 
client 9 accuracy on val: 0.900457
client 9 fairness(SP, Y) on val: 0.889600
global model accuracy on val: 0.891320
global model fairness(SP, Y) on val: 0.000000
global model accuracy on test: 0.888194
global model fairness(SP, Y) on test: 0.000000
------------ run = 1; t = 5; F_Global = 0, Privileged = Y ------------
training accuracy (client 2) : 0.895981 
client 2 accuracy on val: 0.830488
client 2 fairness(SP, Y) on val: 1.201000
training accuracy (client 3) : 0.986447 
client 3 accuracy on val: 0.880741
client 3 fairness(SP, Y) on val: 0.417200
training accuracy (client 8) : 0.891247 
client 8 accuracy on val: 0.891320
client 8 fairness(SP, Y) on val: 1.033600
global model accuracy on val: 0.892041
global model fairness(SP, Y) on val: 0.995400
global model accuracy on test: 0.888194
global model fairness(SP, Y) on test: 0.997000
------------ run = 1; t = 6; F_Global = 0.9954, Privileged = Y ------------
training accuracy (client 5) : 0.982196 
client 5 accuracy on val: 0.891320
client 5 fairness(SP, Y) on val: 1.000000
training accuracy (client 8) : 0.891247 
client 8 accuracy on val: 0.889637
client 8 fairness(SP, Y) on val: 1.035100
training accuracy (client 9) : 0.974257 
client 9 accuracy on val: 0.901178
client 9 fairness(SP, Y) on val: 0.881900
global model accuracy on val: 0.893965
global model fairness(SP, Y) on val: 0.983100
global model accuracy on test: 0.888916
global model fairness(SP, Y) on test: 0.992600
------------ run = 1; t = 7; F_Global = 0.9831, Privileged = Y ------------
training accuracy (client 1) : 0.816850 
client 1 accuracy on val: 0.476557
client 1 fairness(SP, Y) on val: 2.732900
training accuracy (client 2) : 0.893617 
client 2 accuracy on val: 0.827122
client 2 fairness(SP, Y) on val: 1.207600
training accuracy (client 3) : 0.987036 
client 3 accuracy on val: 0.882424
client 3 fairness(SP, Y) on val: 0.446300
global model accuracy on val: 0.895888
global model fairness(SP, Y) on val: 0.967800
global model accuracy on test: 0.890118
global model fairness(SP, Y) on test: 0.979200
------------ run = 1; t = 8; F_Global = 0.9678, Privileged = Y ------------
training accuracy (client 4) : 0.971850 
client 4 accuracy on val: 0.891320
client 4 fairness(SP, Y) on val: 1.000000
training accuracy (client 7) : 0.955326 
client 7 accuracy on val: 0.890839
client 7 fairness(SP, Y) on val: 1.000600
training accuracy (client 9) : 0.974257 
client 9 accuracy on val: 0.901900
client 9 fairness(SP, Y) on val: 0.877300
global model accuracy on val: 0.892522
global model fairness(SP, Y) on val: 0.992300
global model accuracy on test: 0.888675
global model fairness(SP, Y) on test: 0.995800
------------ run = 1; t = 9; F_Global = 0.9923, Privileged = Y ------------
training accuracy (client 6) : 0.863278 
client 6 accuracy on val: 0.811974
client 6 fairness(SP, Y) on val: 0.216200
training accuracy (client 7) : 0.955326 
client 7 accuracy on val: 0.891320
client 7 fairness(SP, Y) on val: 1.000000
training accuracy (client 10) : 0.910364 
client 10 accuracy on val: 0.893965
client 10 fairness(SP, Y) on val: 0.999000
global model accuracy on val: 0.901900
global model fairness(SP, Y) on val: 0.901100
global model accuracy on test: 0.895648
global model fairness(SP, Y) on test: 0.904500
------------ run = 1; t = 10; F_Global = 0.9011, Privileged = Y ------------
training accuracy (client 5) : 0.982196 
client 5 accuracy on val: 0.891320
client 5 fairness(SP, Y) on val: 1.000000
training accuracy (client 7) : 0.955326 
client 7 accuracy on val: 0.891080
client 7 fairness(SP, Y) on val: 1.000300
training accuracy (client 9) : 0.974522 
client 9 accuracy on val: 0.897572
client 9 fairness(SP, Y) on val: 0.944800
global model accuracy on val: 0.898052
global model fairness(SP, Y) on val: 0.947900
global model accuracy on test: 0.892522
global model fairness(SP, Y) on test: 0.950800
------------ run = 1; t = 11; F_Global = 0.9479, Privileged = Y ------------
training accuracy (client 2) : 0.895981 
client 2 accuracy on val: 0.814859
client 2 fairness(SP, Y) on val: 1.233600
training accuracy (client 3) : 0.987036 
client 3 accuracy on val: 0.881943
client 3 fairness(SP, Y) on val: 0.446300
training accuracy (client 5) : 0.982196 
client 5 accuracy on val: 0.891320
client 5 fairness(SP, Y) on val: 1.000000
global model accuracy on val: 0.896369
global model fairness(SP, Y) on val: 0.964700
global model accuracy on test: 0.889877
global model fairness(SP, Y) on test: 0.972500
------------ run = 1; t = 12; F_Global = 0.9647, Privileged = Y ------------
training accuracy (client 7) : 0.955326 
client 7 accuracy on val: 0.890839
client 7 fairness(SP, Y) on val: 1.000600
training accuracy (client 8) : 0.901857 
client 8 accuracy on val: 0.886271
client 8 fairness(SP, Y) on val: 1.049400
training accuracy (client 9) : 0.973992 
client 9 accuracy on val: 0.899014
client 9 fairness(SP, Y) on val: 0.932500
global model accuracy on val: 0.894446
global model fairness(SP, Y) on val: 0.977000
global model accuracy on test: 0.889877
global model fairness(SP, Y) on test: 0.981300
------------ run = 1; t = 13; F_Global = 0.977, Privileged = Y ------------
training accuracy (client 4) : 0.972194 
client 4 accuracy on val: 0.891320
client 4 fairness(SP, Y) on val: 1.000000
training accuracy (client 5) : 0.982196 
client 5 accuracy on val: 0.891320
client 5 fairness(SP, Y) on val: 1.000000
training accuracy (client 6) : 0.865907 
client 6 accuracy on val: 0.808848
client 6 fairness(SP, Y) on val: 0.212200
global model accuracy on val: 0.894446
global model fairness(SP, Y) on val: 0.980100
global model accuracy on test: 0.889156
global model fairness(SP, Y) on test: 0.989900
------------ run = 1; t = 14; F_Global = 0.9801, Privileged = Y ------------
training accuracy (client 2) : 0.898345 
client 2 accuracy on val: 0.816062
client 2 fairness(SP, Y) on val: 1.228800
training accuracy (client 4) : 0.972194 
client 4 accuracy on val: 0.891320
client 4 fairness(SP, Y) on val: 1.000000
training accuracy (client 8) : 0.904509 
client 8 accuracy on val: 0.884588
client 8 fairness(SP, Y) on val: 1.056000
global model accuracy on val: 0.891320
global model fairness(SP, Y) on val: 0.000000
global model accuracy on test: 0.888675
global model fairness(SP, Y) on test: 0.999400
------------ run = 1; t = 15; F_Global = 0, Privileged = Y ------------
training accuracy (client 3) : 0.987625 
client 3 accuracy on val: 0.883145
client 3 fairness(SP, Y) on val: 0.457100
training accuracy (client 4) : 0.971850 
client 4 accuracy on val: 0.891320
client 4 fairness(SP, Y) on val: 1.000000
training accuracy (client 7) : 0.955326 
client 7 accuracy on val: 0.890839
client 7 fairness(SP, Y) on val: 1.000600
global model accuracy on val: 0.891320
global model fairness(SP, Y) on val: 0.000000
global model accuracy on test: 0.888194
global model fairness(SP, Y) on test: 0.000000
------------ run = 1; t = 16; F_Global = 0, Privileged = Y ------------
training accuracy (client 2) : 0.898345 
client 2 accuracy on val: 0.816783
client 2 fairness(SP, Y) on val: 1.231000
training accuracy (client 6) : 0.865907 
client 6 accuracy on val: 0.811012
client 6 fairness(SP, Y) on val: 0.202100
training accuracy (client 8) : 0.901857 
client 8 accuracy on val: 0.883626
client 8 fairness(SP, Y) on val: 1.057900
global model accuracy on val: 0.892522
global model fairness(SP, Y) on val: 0.998900
global model accuracy on test: 0.889877
global model fairness(SP, Y) on test: 0.997900
------------ run = 1; t = 17; F_Global = 0.9989, Privileged = Y ------------
training accuracy (client 1) : 0.811966 
client 1 accuracy on val: 0.451791
client 1 fairness(SP, Y) on val: 2.995100
training accuracy (client 9) : 0.974522 
client 9 accuracy on val: 0.903102
client 9 fairness(SP, Y) on val: 0.845100
training accuracy (client 10) : 0.904762 
client 10 accuracy on val: 0.892282
client 10 fairness(SP, Y) on val: 1.014800
global model accuracy on val: 0.894927
global model fairness(SP, N) on val: 0.991400
global model accuracy on test: 0.890118
global model fairness(SP, N) on test: 0.993200
------------ run = 1; t = 18; F_Global = 0.9914, Privileged = N ------------
training accuracy (client 1) : 0.810745 
client 1 accuracy on val: 0.450349
client 1 fairness(SP, N) on val: 0.331300
training accuracy (client 4) : 0.971850 
client 4 accuracy on val: 0.891320
client 4 fairness(SP, N) on val: 1.000000
training accuracy (client 6) : 0.865031 
client 6 accuracy on val: 0.806203
client 6 fairness(SP, N) on val: 5.333600
global model accuracy on val: 0.901659
global model fairness(SP, Y) on val: 0.967300
global model accuracy on test: 0.893965
global model fairness(SP, Y) on test: 0.963100
------------ run = 1; t = 19; F_Global = 0.9673, Privileged = Y ------------
training accuracy (client 2) : 0.905437 
client 2 accuracy on val: 0.805723
client 2 fairness(SP, Y) on val: 1.260200
training accuracy (client 3) : 0.987036 
client 3 accuracy on val: 0.882664
client 3 fairness(SP, Y) on val: 0.447900
training accuracy (client 7) : 0.955326 
client 7 accuracy on val: 0.890599
client 7 fairness(SP, Y) on val: 1.000900
global model accuracy on val: 0.896610
global model fairness(SP, Y) on val: 0.994500
global model accuracy on test: 0.888916
global model fairness(SP, Y) on test: 0.998100
------------ run = 1; t = 20; F_Global = 0.9945, Privileged = Y ------------
training accuracy (client 1) : 0.816850 
client 1 accuracy on val: 0.452753
client 1 fairness(SP, Y) on val: 2.978200
training accuracy (client 8) : 0.904509 
client 8 accuracy on val: 0.883866
client 8 fairness(SP, Y) on val: 1.056300
training accuracy (client 10) : 0.900560 
client 10 accuracy on val: 0.891080
client 10 fairness(SP, Y) on val: 1.018300
global model accuracy on val: 0.887232
global model fairness(SP, N) on val: 0.963900
global model accuracy on test: 0.880741
global model fairness(SP, N) on test: 0.959400
------------ run = 1; t = 21; F_Global = 0.9639, Privileged = N ------------
training accuracy (client 1) : 0.814408 
client 1 accuracy on val: 0.449387
client 1 fairness(SP, N) on val: 0.330800
training accuracy (client 4) : 0.972194 
client 4 accuracy on val: 0.891320
client 4 fairness(SP, N) on val: 1.000000
training accuracy (client 9) : 0.974257 
client 9 accuracy on val: 0.893965
client 9 fairness(SP, N) on val: 1.017200
global model accuracy on val: 0.894686
global model fairness(SP, N) on val: 0.984900
global model accuracy on test: 0.890358
global model fairness(SP, N) on test: 0.986000
------------ run = 1; t = 22; F_Global = 0.9849, Privileged = N ------------
training accuracy (client 1) : 0.819292 
client 1 accuracy on val: 0.452272
client 1 fairness(SP, N) on val: 0.336500
training accuracy (client 3) : 0.986447 
client 3 accuracy on val: 0.880741
client 3 fairness(SP, N) on val: 2.362300
training accuracy (client 8) : 0.899204 
client 8 accuracy on val: 0.882664
client 8 fairness(SP, N) on val: 0.944100
global model accuracy on val: 0.897331
global model fairness(SP, Y) on val: 0.969700
global model accuracy on test: 0.889877
global model fairness(SP, Y) on test: 0.976900
------------ run = 1; t = 23; F_Global = 0.9697, Privileged = Y ------------
training accuracy (client 1) : 0.811966 
client 1 accuracy on val: 0.449387
client 1 fairness(SP, Y) on val: 3.013500
training accuracy (client 3) : 0.987036 
client 3 accuracy on val: 0.881221
client 3 fairness(SP, Y) on val: 0.426400
training accuracy (client 8) : 0.904509 
client 8 accuracy on val: 0.884107
client 8 fairness(SP, Y) on val: 1.055400
global model accuracy on val: 0.898052
global model fairness(SP, Y) on val: 0.991000
global model accuracy on test: 0.890358
global model fairness(SP, Y) on test: 0.992300
------------ run = 1; t = 24; F_Global = 0.991, Privileged = Y ------------
training accuracy (client 6) : 0.864154 
client 6 accuracy on val: 0.807646
client 6 fairness(SP, Y) on val: 0.157500
training accuracy (client 8) : 0.896552 
client 8 accuracy on val: 0.884588
client 8 fairness(SP, Y) on val: 1.050300
training accuracy (client 10) : 0.907563 
client 10 accuracy on val: 0.891080
client 10 fairness(SP, Y) on val: 1.015400
global model accuracy on val: 0.898052
global model fairness(SP, Y) on val: 0.987300
global model accuracy on test: 0.891320
global model fairness(SP, Y) on test: 0.984000
------------ run = 1; t = 25; F_Global = 0.9873, Privileged = Y ------------
training accuracy (client 6) : 0.864154 
client 6 accuracy on val: 0.808367
client 6 fairness(SP, Y) on val: 0.152000
training accuracy (client 7) : 0.955326 
client 7 accuracy on val: 0.890839
client 7 fairness(SP, Y) on val: 1.001100
training accuracy (client 9) : 0.974257 
client 9 accuracy on val: 0.900216
client 9 fairness(SP, Y) on val: 0.900300
global model accuracy on val: 0.898533
global model fairness(SP, Y) on val: 0.988400
global model accuracy on test: 0.888675
global model fairness(SP, Y) on test: 0.996600
------------ run = 1; t = 26; F_Global = 0.9884, Privileged = Y ------------
training accuracy (client 1) : 0.816850 
client 1 accuracy on val: 0.452032
client 1 fairness(SP, Y) on val: 3.003100
training accuracy (client 4) : 0.972194 
client 4 accuracy on val: 0.891320
client 4 fairness(SP, Y) on val: 1.000000
training accuracy (client 5) : 0.982196 
client 5 accuracy on val: 0.891320
client 5 fairness(SP, Y) on val: 1.000000
global model accuracy on val: 0.893724
global model fairness(SP, N) on val: 0.978100
global model accuracy on test: 0.889637
global model fairness(SP, N) on test: 0.977700
------------ run = 1; t = 27; F_Global = 0.9781, Privileged = N ------------
training accuracy (client 1) : 0.813187 
client 1 accuracy on val: 0.446261
client 1 fairness(SP, N) on val: 0.324200
training accuracy (client 4) : 0.971850 
client 4 accuracy on val: 0.891320
client 4 fairness(SP, N) on val: 1.000000
training accuracy (client 5) : 0.982196 
client 5 accuracy on val: 0.891320
client 5 fairness(SP, N) on val: 1.000000
global model accuracy on val: 0.894686
global model fairness(SP, N) on val: 0.990900
global model accuracy on test: 0.888194
global model fairness(SP, N) on test: 0.992000
------------ run = 1; t = 28; F_Global = 0.9909, Privileged = N ------------
training accuracy (client 4) : 0.971850 
client 4 accuracy on val: 0.891320
client 4 fairness(SP, N) on val: 1.000000
training accuracy (client 6) : 0.864154 
client 6 accuracy on val: 0.803559
client 6 fairness(SP, N) on val: 6.216900
training accuracy (client 7) : 0.955326 
client 7 accuracy on val: 0.891320
client 7 fairness(SP, N) on val: 0.998300
global model accuracy on val: 0.901178
global model fairness(SP, Y) on val: 0.977400
global model accuracy on test: 0.890358
global model fairness(SP, Y) on test: 0.986700
------------ run = 1; t = 29; F_Global = 0.9774, Privileged = Y ------------
training accuracy (client 6) : 0.865031 
client 6 accuracy on val: 0.806203
client 6 fairness(SP, Y) on val: 0.154200
training accuracy (client 7) : 0.955326 
client 7 accuracy on val: 0.890599
client 7 fairness(SP, Y) on val: 1.000900
training accuracy (client 8) : 0.893899 
client 8 accuracy on val: 0.885790
client 8 fairness(SP, Y) on val: 1.050000
global model accuracy on val: 0.899255
global model fairness(SP, Y) on val: 0.987300
global model accuracy on test: 0.890118
global model fairness(SP, Y) on test: 0.991800
------------ run = 1; t = 30; F_Global = 0.9873, Privileged = Y ------------
training accuracy (client 2) : 0.900709 
client 2 accuracy on val: 0.806444
client 2 fairness(SP, Y) on val: 1.263300
training accuracy (client 8) : 0.899204 
client 8 accuracy on val: 0.883145
client 8 fairness(SP, Y) on val: 1.060500
training accuracy (client 9) : 0.974522 
client 9 accuracy on val: 0.899014
client 9 fairness(SP, Y) on val: 0.938700
global model accuracy on val: 0.893484
global model fairness(SP, N) on val: 0.981100
global model accuracy on test: 0.888435
global model fairness(SP, N) on test: 0.985400
------------ run = 1; t = 31; F_Global = 0.9811, Privileged = N ------------
training accuracy (client 5) : 0.982196 
client 5 accuracy on val: 0.891320
client 5 fairness(SP, N) on val: 1.000000
training accuracy (client 9) : 0.974522 
client 9 accuracy on val: 0.894927
client 9 fairness(SP, N) on val: 1.030000
training accuracy (client 10) : 0.903361 
client 10 accuracy on val: 0.890599
client 10 fairness(SP, N) on val: 0.978400
global model accuracy on val: 0.892522
global model fairness(SP, N) on val: 0.996900
global model accuracy on test: 0.889396
global model fairness(SP, N) on test: 0.999200
------------ run = 1; t = 32; F_Global = 0.9969, Privileged = N ------------
training accuracy (client 5) : 0.982196 
client 5 accuracy on val: 0.891320
client 5 fairness(SP, N) on val: 1.000000
training accuracy (client 7) : 0.955326 
client 7 accuracy on val: 0.891320
client 7 fairness(SP, N) on val: 0.997100
training accuracy (client 8) : 0.893899 
client 8 accuracy on val: 0.883626
client 8 fairness(SP, N) on val: 0.943500
global model accuracy on val: 0.891320
global model fairness(SP, N) on val: 0.998900
global model accuracy on test: 0.888916
global model fairness(SP, N) on test: 0.998000
------------ run = 1; t = 33; F_Global = 0.9989, Privileged = N ------------
training accuracy (client 1) : 0.819292 
client 1 accuracy on val: 0.448185
client 1 fairness(SP, N) on val: 0.326300
training accuracy (client 5) : 0.982196 
client 5 accuracy on val: 0.891320
client 5 fairness(SP, N) on val: 1.000000
training accuracy (client 7) : 0.955326 
client 7 accuracy on val: 0.891320
client 7 fairness(SP, N) on val: 0.998300
global model accuracy on val: 0.891560
global model fairness(SP, N) on val: 0.998600
global model accuracy on test: 0.888435
global model fairness(SP, N) on test: 0.997400
------------ run = 1; t = 34; F_Global = 0.9986, Privileged = N ------------
training accuracy (client 2) : 0.900709 
client 2 accuracy on val: 0.809570
client 2 fairness(SP, N) on val: 0.794100
training accuracy (client 3) : 0.987036 
client 3 accuracy on val: 0.882424
client 3 fairness(SP, N) on val: 2.240500
training accuracy (client 8) : 0.896552 
client 8 accuracy on val: 0.885309
client 8 fairness(SP, N) on val: 0.948400
global model accuracy on val: 0.892763
global model fairness(SP, Y) on val: 0.992600
global model accuracy on test: 0.888916
global model fairness(SP, Y) on test: 0.991400
------------ run = 1; t = 35; F_Global = 0.9926, Privileged = Y ------------
training accuracy (client 2) : 0.903073 
client 2 accuracy on val: 0.814859
client 2 fairness(SP, Y) on val: 1.241400
training accuracy (client 4) : 0.972537 
client 4 accuracy on val: 0.891320
client 4 fairness(SP, Y) on val: 1.000000
training accuracy (client 10) : 0.907563 
client 10 accuracy on val: 0.893965
client 10 fairness(SP, Y) on val: 1.000500
global model accuracy on val: 0.891560
global model fairness(SP, N) on val: 0.999700
global model accuracy on test: 0.888675
global model fairness(SP, N) on test: 0.998900
------------ run = 1; t = 36; F_Global = 0.9997, Privileged = N ------------
training accuracy (client 4) : 0.972194 
client 4 accuracy on val: 0.891320
client 4 fairness(SP, N) on val: 1.000000
training accuracy (client 6) : 0.865907 
client 6 accuracy on val: 0.810772
client 6 fairness(SP, N) on val: 6.456900
training accuracy (client 9) : 0.974257 
client 9 accuracy on val: 0.895648
client 9 fairness(SP, N) on val: 1.041500
global model accuracy on val: 0.901178
global model fairness(SP, Y) on val: 0.911600
global model accuracy on test: 0.894446
global model fairness(SP, Y) on test: 0.924500
------------ run = 1; t = 37; F_Global = 0.9116, Privileged = Y ------------
training accuracy (client 2) : 0.903073 
client 2 accuracy on val: 0.806925
client 2 fairness(SP, Y) on val: 1.258800
training accuracy (client 7) : 0.955326 
client 7 accuracy on val: 0.891080
client 7 fairness(SP, Y) on val: 1.002600
training accuracy (client 9) : 0.974257 
client 9 accuracy on val: 0.898052
client 9 fairness(SP, Y) on val: 0.941700
global model accuracy on val: 0.894205
global model fairness(SP, Y) on val: 0.990000
global model accuracy on test: 0.889877
global model fairness(SP, Y) on test: 0.991300
------------ run = 1; t = 38; F_Global = 0.99, Privileged = Y ------------
training accuracy (client 5) : 0.982196 
client 5 accuracy on val: 0.891320
client 5 fairness(SP, Y) on val: 1.000000
training accuracy (client 6) : 0.866783 
client 6 accuracy on val: 0.805963
client 6 fairness(SP, Y) on val: 0.150600
training accuracy (client 7) : 0.955326 
client 7 accuracy on val: 0.891320
client 7 fairness(SP, Y) on val: 1.001700
global model accuracy on val: 0.893003
global model fairness(SP, Y) on val: 0.992200
global model accuracy on test: 0.889156
global model fairness(SP, Y) on test: 0.993400
------------ run = 1; t = 39; F_Global = 0.9922, Privileged = Y ------------
training accuracy (client 5) : 0.982196 
client 5 accuracy on val: 0.891320
client 5 fairness(SP, Y) on val: 1.000000
training accuracy (client 9) : 0.974257 
client 9 accuracy on val: 0.895648
client 9 fairness(SP, Y) on val: 0.960100
training accuracy (client 10) : 0.913165 
client 10 accuracy on val: 0.894446
client 10 fairness(SP, Y) on val: 1.002000
global model accuracy on val: 0.892041
global model fairness(SP, Y) on val: 0.996500
global model accuracy on test: 0.889396
global model fairness(SP, Y) on test: 0.997300
------------ run = 1; t = 40; F_Global = 0.9965, Privileged = Y ------------
training accuracy (client 1) : 0.813187 
client 1 accuracy on val: 0.447223
client 1 fairness(SP, Y) on val: 3.041500
training accuracy (client 5) : 0.982196 
client 5 accuracy on val: 0.891320
client 5 fairness(SP, Y) on val: 1.000000
training accuracy (client 10) : 0.907563 
client 10 accuracy on val: 0.893244
client 10 fairness(SP, Y) on val: 1.010500
global model accuracy on val: 0.886271
global model fairness(SP, N) on val: 0.954800
global model accuracy on test: 0.882664
global model fairness(SP, N) on test: 0.958300
------------ run = 1; t = 41; F_Global = 0.9548, Privileged = N ------------
training accuracy (client 3) : 0.986447 
client 3 accuracy on val: 0.881943
client 3 fairness(SP, N) on val: 2.287700
training accuracy (client 4) : 0.972194 
client 4 accuracy on val: 0.891320
client 4 fairness(SP, N) on val: 1.000000
training accuracy (client 10) : 0.908964 
client 10 accuracy on val: 0.890839
client 10 fairness(SP, N) on val: 0.975100
global model accuracy on val: 0.895648
global model fairness(SP, Y) on val: 0.986200
global model accuracy on test: 0.889396
global model fairness(SP, Y) on test: 0.991900
------------ run = 1; t = 42; F_Global = 0.9862, Privileged = Y ------------
training accuracy (client 4) : 0.972194 
client 4 accuracy on val: 0.891801
client 4 fairness(SP, Y) on val: 1.001100
training accuracy (client 7) : 0.955326 
client 7 accuracy on val: 0.891560
client 7 fairness(SP, Y) on val: 1.002000
training accuracy (client 9) : 0.974522 
client 9 accuracy on val: 0.895408
client 9 fairness(SP, Y) on val: 0.964700
global model accuracy on val: 0.891560
global model fairness(SP, N) on val: 0.999700
global model accuracy on test: 0.888675
global model fairness(SP, Y) on test: 0.998200
------------ run = 1; t = 43; F_Global = 0.9997, Privileged = N ------------
training accuracy (client 3) : 0.987036 
client 3 accuracy on val: 0.883626
client 3 fairness(SP, N) on val: 2.187900
training accuracy (client 5) : 0.982196 
client 5 accuracy on val: 0.891560
client 5 fairness(SP, N) on val: 0.999700
training accuracy (client 6) : 0.866783 
client 6 accuracy on val: 0.807646
client 6 fairness(SP, N) on val: 7.271800
global model accuracy on val: 0.904063
global model fairness(SP, Y) on val: 0.690100
global model accuracy on test: 0.892282
global model fairness(SP, Y) on test: 0.689000
------------ run = 1; t = 44; F_Global = 0.6901, Privileged = Y ------------
training accuracy (client 1) : 0.811966 
client 1 accuracy on val: 0.444818
client 1 fairness(SP, Y) on val: 3.048800
training accuracy (client 7) : 0.955326 
client 7 accuracy on val: 0.890599
client 7 fairness(SP, Y) on val: 1.000900
training accuracy (client 10) : 0.907563 
client 10 accuracy on val: 0.894205
client 10 fairness(SP, Y) on val: 1.006400
global model accuracy on val: 0.882905
global model fairness(SP, Y) on val: 0.986100
global model accuracy on test: 0.871123
global model fairness(SP, N) on test: 0.999500
------------ run = 1; t = 45; F_Global = 0.9861, Privileged = Y ------------
training accuracy (client 4) : 0.972194 
client 4 accuracy on val: 0.891320
client 4 fairness(SP, Y) on val: 1.000000
training accuracy (client 6) : 0.865907 
client 6 accuracy on val: 0.798990
client 6 fairness(SP, Y) on val: 0.156500
training accuracy (client 8) : 0.899204 
client 8 accuracy on val: 0.887232
client 8 fairness(SP, Y) on val: 1.041900
global model accuracy on val: 0.895167
global model fairness(SP, N) on val: 0.983100
global model accuracy on test: 0.888916
global model fairness(SP, N) on test: 0.988300
------------ run = 1; t = 46; F_Global = 0.9831, Privileged = N ------------
training accuracy (client 6) : 0.866783 
client 6 accuracy on val: 0.810050
client 6 fairness(SP, N) on val: 7.106000
training accuracy (client 7) : 0.955326 
client 7 accuracy on val: 0.891801
client 7 fairness(SP, N) on val: 0.997700
training accuracy (client 10) : 0.908964 
client 10 accuracy on val: 0.893484
client 10 fairness(SP, N) on val: 0.986200
global model accuracy on val: 0.885790
global model fairness(SP, Y) on val: 0.576000
global model accuracy on test: 0.875210
global model fairness(SP, Y) on test: 0.593500
------------ run = 1; t = 47; F_Global = 0.576, Privileged = Y ------------
training accuracy (client 3) : 0.986447 
client 3 accuracy on val: 0.882424
client 3 fairness(SP, Y) on val: 0.443300
training accuracy (client 7) : 0.955326 
client 7 accuracy on val: 0.890599
client 7 fairness(SP, Y) on val: 1.000900
training accuracy (client 9) : 0.974257 
client 9 accuracy on val: 0.901900
client 9 fairness(SP, Y) on val: 0.883400
global model accuracy on val: 0.899495
global model fairness(SP, Y) on val: 0.928700
global model accuracy on test: 0.893244
global model fairness(SP, Y) on test: 0.946400
------------ run = 1; t = 48; F_Global = 0.9287, Privileged = Y ------------
training accuracy (client 1) : 0.820513 
client 1 accuracy on val: 0.436163
client 1 fairness(SP, Y) on val: 3.170000
training accuracy (client 6) : 0.865031 
client 6 accuracy on val: 0.813898
client 6 fairness(SP, Y) on val: 0.126500
training accuracy (client 9) : 0.974522 
client 9 accuracy on val: 0.897812
client 9 fairness(SP, Y) on val: 0.940200
global model accuracy on val: 0.831690
global model fairness(SP, N) on val: 0.870100
global model accuracy on test: 0.808127
global model fairness(SP, N) on test: 0.851600
------------ run = 1; t = 49; F_Global = 0.8701, Privileged = N ------------
training accuracy (client 2) : 0.905437 
client 2 accuracy on val: 0.809089
client 2 fairness(SP, N) on val: 0.795300
training accuracy (client 7) : 0.955326 
client 7 accuracy on val: 0.891320
client 7 fairness(SP, N) on val: 0.998300
training accuracy (client 8) : 0.896552 
client 8 accuracy on val: 0.887713
client 8 fairness(SP, N) on val: 0.959800
global model accuracy on val: 0.895408
global model fairness(SP, N) on val: 0.985500
global model accuracy on test: 0.888194
global model fairness(SP, N) on test: 0.986800
------------ run = 1; t = 50; F_Global = 0.9855, Privileged = N ------------
training accuracy (client 2) : 0.907801 
client 2 accuracy on val: 0.812214
client 2 fairness(SP, N) on val: 0.799000
training accuracy (client 4) : 0.971850 
client 4 accuracy on val: 0.891320
client 4 fairness(SP, N) on val: 1.000000
training accuracy (client 6) : 0.866783 
client 6 accuracy on val: 0.809810
client 6 fairness(SP, N) on val: 7.388900
global model accuracy on val: 0.846357
global model fairness(SP, Y) on val: 0.247200
global model accuracy on test: 0.836018
global model fairness(SP, Y) on test: 0.243100
----------------Done (FLAlgMain)----------------
