Alg.: FairFateVC; Client dataset: today_20230530\dataset_SP_run_6; client Count: 10
----------------(start loading 10 client datasets from today_20230530\dataset_SP_run_6)----------------
----------------(successfully loading 10 client datasets and server testing data from today_20230530\dataset_SP_run_6)----------------
----------------Execute (FLAlgMain)----------------
----------------(start running algorithm)----------------
global model accuracy on val: 0.418851
global model fairness(SP, N) on val: 0.468900
------------ run = 7; t = 1; F_Global = 0.4689, Privileged = N ------------
training accuracy (client 2) : 0.937260 
client 2 accuracy on val: 0.901659
client 2 fairness(SP, N) on val: 1.169700
training accuracy (client 4) : 0.923455 
client 4 accuracy on val: 0.891080
client 4 fairness(SP, N) on val: 1.707800
training accuracy (client 9) : 0.855645 
client 9 accuracy on val: 0.898774
client 9 fairness(SP, N) on val: 1.035800
global model accuracy on val: 0.898774
global model fairness(SP, Y) on val: 0.912300
global model accuracy on test: 0.885790
global model fairness(SP, Y) on test: 0.915000
------------ run = 7; t = 2; F_Global = 0.9123, Privileged = Y ------------
training accuracy (client 1) : 0.925978 
client 1 accuracy on val: 0.903823
client 1 fairness(SP, Y) on val: 0.903200
training accuracy (client 5) : 0.899563 
client 5 accuracy on val: 0.908391
client 5 fairness(SP, Y) on val: 0.853900
training accuracy (client 6) : 0.899482 
client 6 accuracy on val: 0.899976
client 6 fairness(SP, Y) on val: 0.990200
global model accuracy on val: 0.902140
global model fairness(SP, Y) on val: 0.929600
global model accuracy on test: 0.892041
global model fairness(SP, Y) on test: 0.911100
------------ run = 7; t = 3; F_Global = 0.9296, Privileged = Y ------------
training accuracy (client 1) : 0.935979 
client 1 accuracy on val: 0.903583
client 1 fairness(SP, Y) on val: 0.817800
training accuracy (client 2) : 0.816524 
client 2 accuracy on val: 0.856456
client 2 fairness(SP, Y) on val: 0.785400
training accuracy (client 3) : 0.924157 
client 3 accuracy on val: 0.890118
client 3 fairness(SP, Y) on val: 0.571600
training accuracy (client 9) : 0.696429 
client 9 accuracy on val: 0.777831
client 9 fairness(SP, Y) on val: 0.631500
global model accuracy on val: 0.904785
global model fairness(SP, Y) on val: 0.816400
global model accuracy on test: 0.894927
global model fairness(SP, Y) on test: 0.806500
------------ run = 7; t = 4; F_Global = 0.8164, Privileged = Y ------------
training accuracy (client 2) : 0.908451 
client 2 accuracy on val: 0.902380
client 2 fairness(SP, Y) on val: 0.795300
training accuracy (client 3) : 0.876471 
client 3 accuracy on val: 0.902380
client 3 fairness(SP, Y) on val: 0.890200
training accuracy (client 5) : 0.942012 
client 5 accuracy on val: 0.905747
client 5 fairness(SP, Y) on val: 0.793000
training accuracy (client 7) : 0.736111 
client 7 accuracy on val: 0.694398
client 7 fairness(SP, Y) on val: 0.756800
global model accuracy on val: 0.904785
global model fairness(SP, Y) on val: 0.804800
global model accuracy on test: 0.894686
global model fairness(SP, Y) on test: 0.785400
------------ run = 7; t = 5; F_Global = 0.8048, Privileged = Y ------------
training accuracy (client 3) : 0.865323 
client 3 accuracy on val: 0.897091
client 3 fairness(SP, Y) on val: 0.983700
training accuracy (client 5) : 0.957254 
client 5 accuracy on val: 0.899495
client 5 fairness(SP, Y) on val: 1.001100
training accuracy (client 8) : 0.937075 
client 8 accuracy on val: 0.904063
client 8 fairness(SP, Y) on val: 0.861700
training accuracy (client 16) : 0.680556 
client 16 accuracy on val: 0.765328
client 16 fairness(SP, Y) on val: 0.652100
training accuracy (client 17) : 0.715278 
client 17 accuracy on val: 0.766771
client 17 fairness(SP, Y) on val: 0.649900
global model accuracy on val: 0.905506
global model fairness(SP, Y) on val: 0.916300
global model accuracy on test: 0.890839
global model fairness(SP, Y) on test: 0.910100
------------ run = 7; t = 6; F_Global = 0.9163, Privileged = Y ------------
training accuracy (client 1) : 0.895337 
client 1 accuracy on val: 0.900697
client 1 fairness(SP, Y) on val: 1.000600
training accuracy (client 2) : 0.873109 
client 2 accuracy on val: 0.898533
client 2 fairness(SP, Y) on val: 0.886600
training accuracy (client 5) : 0.957254 
client 5 accuracy on val: 0.899736
client 5 fairness(SP, Y) on val: 1.000900
training accuracy (client 9) : 0.675926 
client 9 accuracy on val: 0.767011
client 9 fairness(SP, Y) on val: 0.643200
training accuracy (client 10) : 0.949088 
client 10 accuracy on val: 0.898774
client 10 fairness(SP, Y) on val: 0.659000
global model accuracy on val: 0.902621
global model fairness(SP, Y) on val: 0.942000
global model accuracy on test: 0.888916
global model fairness(SP, Y) on test: 0.946100
------------ run = 7; t = 7; F_Global = 0.942, Privileged = Y ------------
training accuracy (client 1) : 0.895337 
client 1 accuracy on val: 0.899976
client 1 fairness(SP, Y) on val: 1.001300
training accuracy (client 2) : 0.867742 
client 2 accuracy on val: 0.894927
client 2 fairness(SP, Y) on val: 0.999800
training accuracy (client 10) : 0.978313 
client 10 accuracy on val: 0.899014
client 10 fairness(SP, Y) on val: 1.000000
training accuracy (client 16) : 0.908571 
client 16 accuracy on val: 0.900457
client 16 fairness(SP, Y) on val: 1.013700
training accuracy (client 18) : 0.950608 
client 18 accuracy on val: 0.898293
client 18 fairness(SP, Y) on val: 0.662200
global model accuracy on val: 0.902140
global model fairness(SP, Y) on val: 0.963400
global model accuracy on test: 0.886992
global model fairness(SP, Y) on test: 0.972200
------------ run = 7; t = 8; F_Global = 0.9634, Privileged = Y ------------
training accuracy (client 1) : 0.897409 
client 1 accuracy on val: 0.899976
client 1 fairness(SP, Y) on val: 1.004900
training accuracy (client 5) : 0.937260 
client 5 accuracy on val: 0.904785
client 5 fairness(SP, Y) on val: 0.841800
training accuracy (client 11) : 0.672619 
client 11 accuracy on val: 0.741765
client 11 fairness(SP, Y) on val: 0.701900
training accuracy (client 13) : 0.701389 
client 13 accuracy on val: 0.765088
client 13 fairness(SP, Y) on val: 0.743400
training accuracy (client 18) : 0.947568 
client 18 accuracy on val: 0.894446
client 18 fairness(SP, Y) on val: 0.618300
global model accuracy on val: 0.903823
global model fairness(SP, Y) on val: 0.933600
global model accuracy on test: 0.889637
global model fairness(SP, Y) on test: 0.939600
------------ run = 7; t = 9; F_Global = 0.9336, Privileged = Y ------------
training accuracy (client 1) : 0.900518 
client 1 accuracy on val: 0.900216
client 1 fairness(SP, Y) on val: 1.003700
training accuracy (client 5) : 0.747093 
client 5 accuracy on val: 0.676364
client 5 fairness(SP, Y) on val: 0.696900
training accuracy (client 7) : 0.732143 
client 7 accuracy on val: 0.777110
client 7 fairness(SP, Y) on val: 0.633100
training accuracy (client 11) : 0.708333 
client 11 accuracy on val: 0.767492
client 11 fairness(SP, Y) on val: 0.689600
training accuracy (client 14) : 0.675926 
client 14 accuracy on val: 0.770858
client 14 fairness(SP, Y) on val: 0.620200
global model accuracy on val: 0.902140
global model fairness(SP, Y) on val: 0.922100
global model accuracy on test: 0.892282
global model fairness(SP, Y) on test: 0.905400
------------ run = 7; t = 10; F_Global = 0.9221, Privileged = Y ------------
training accuracy (client 1) : 0.896373 
client 1 accuracy on val: 0.900457
client 1 fairness(SP, Y) on val: 1.005900
training accuracy (client 3) : 0.956818 
client 3 accuracy on val: 0.899736
client 3 fairness(SP, Y) on val: 1.000900
training accuracy (client 4) : 0.957254 
client 4 accuracy on val: 0.899736
client 4 fairness(SP, Y) on val: 1.000900
training accuracy (client 10) : 0.911429 
client 10 accuracy on val: 0.900216
client 10 fairness(SP, Y) on val: 1.015200
training accuracy (client 12) : 0.684524 
client 12 accuracy on val: 0.733109
client 12 fairness(SP, Y) on val: 0.701900
training accuracy (client 15) : 0.720930 
client 15 accuracy on val: 0.730704
client 15 fairness(SP, Y) on val: 0.688900
global model accuracy on val: 0.902861
global model fairness(SP, Y) on val: 0.972600
global model accuracy on test: 0.888435
global model fairness(SP, Y) on test: 0.981400
------------ run = 7; t = 11; F_Global = 0.9726, Privileged = Y ------------
training accuracy (client 2) : 0.871774 
client 2 accuracy on val: 0.896369
client 2 fairness(SP, Y) on val: 1.001300
training accuracy (client 4) : 0.958549 
client 4 accuracy on val: 0.899736
client 4 fairness(SP, Y) on val: 1.000900
training accuracy (client 11) : 0.938540 
client 11 accuracy on val: 0.904785
client 11 fairness(SP, Y) on val: 0.851200
training accuracy (client 13) : 0.946809 
client 13 accuracy on val: 0.893484
client 13 fairness(SP, Y) on val: 0.608900
training accuracy (client 14) : 0.773256 
client 14 accuracy on val: 0.715557
client 14 fairness(SP, Y) on val: 0.719100
training accuracy (client 19) : 0.726744 
client 19 accuracy on val: 0.729502
client 19 fairness(SP, Y) on val: 0.715400
global model accuracy on val: 0.902380
global model fairness(SP, Y) on val: 0.972900
global model accuracy on test: 0.888675
global model fairness(SP, Y) on test: 0.981000
------------ run = 7; t = 12; F_Global = 0.9729, Privileged = Y ------------
training accuracy (client 8) : 0.986202 
client 8 accuracy on val: 0.899014
client 8 fairness(SP, Y) on val: 0.993700
training accuracy (client 12) : 0.732143 
client 12 accuracy on val: 0.767973
client 12 fairness(SP, Y) on val: 0.706800
training accuracy (client 13) : 0.715278 
client 13 accuracy on val: 0.754268
client 13 fairness(SP, Y) on val: 0.771900
training accuracy (client 15) : 0.696429 
client 15 accuracy on val: 0.735994
client 15 fairness(SP, Y) on val: 0.732900
training accuracy (client 17) : 0.946809 
client 17 accuracy on val: 0.894927
client 17 fairness(SP, Y) on val: 0.627700
training accuracy (client 19) : 0.732558 
client 19 accuracy on val: 0.729983
client 19 fairness(SP, Y) on val: 0.715400
global model accuracy on val: 0.902140
global model fairness(SP, Y) on val: 0.952400
global model accuracy on test: 0.888675
global model fairness(SP, Y) on test: 0.955900
------------ run = 7; t = 13; F_Global = 0.9524, Privileged = Y ------------
training accuracy (client 5) : 0.938776 
client 5 accuracy on val: 0.905025
client 5 fairness(SP, Y) on val: 0.851000
training accuracy (client 6) : 0.780488 
client 6 accuracy on val: 0.732868
client 6 fairness(SP, Y) on val: 0.589200
training accuracy (client 7) : 0.978313 
client 7 accuracy on val: 0.899014
client 7 fairness(SP, Y) on val: 1.000000
training accuracy (client 8) : 0.984231 
client 8 accuracy on val: 0.899976
client 8 fairness(SP, Y) on val: 0.981200
training accuracy (client 9) : 0.728571 
client 9 accuracy on val: 0.770378
client 9 fairness(SP, Y) on val: 0.666500
training accuracy (client 11) : 0.708333 
client 11 accuracy on val: 0.766530
client 11 fairness(SP, Y) on val: 0.695300
global model accuracy on val: 0.902380
global model fairness(SP, Y) on val: 0.962200
global model accuracy on test: 0.887232
global model fairness(SP, Y) on test: 0.972600
------------ run = 7; t = 14; F_Global = 0.9622, Privileged = Y ------------
training accuracy (client 1) : 0.896373 
client 1 accuracy on val: 0.900697
client 1 fairness(SP, Y) on val: 1.001400
training accuracy (client 3) : 0.957576 
client 3 accuracy on val: 0.899976
client 3 fairness(SP, Y) on val: 0.999900
training accuracy (client 5) : 0.978313 
client 5 accuracy on val: 0.899014
client 5 fairness(SP, Y) on val: 1.000000
training accuracy (client 8) : 0.666667 
client 8 accuracy on val: 0.775908
client 8 fairness(SP, Y) on val: 0.600200
training accuracy (client 12) : 0.701389 
client 12 accuracy on val: 0.770378
client 12 fairness(SP, Y) on val: 0.670300
training accuracy (client 14) : 0.949088 
client 14 accuracy on val: 0.893965
client 14 fairness(SP, Y) on val: 0.624600
global model accuracy on val: 0.901900
global model fairness(SP, Y) on val: 0.971600
global model accuracy on test: 0.886752
global model fairness(SP, Y) on test: 0.980100
------------ run = 7; t = 15; F_Global = 0.9716, Privileged = Y ------------
training accuracy (client 1) : 0.898446 
client 1 accuracy on val: 0.900457
client 1 fairness(SP, Y) on val: 1.001600
training accuracy (client 4) : 0.957254 
client 4 accuracy on val: 0.899976
client 4 fairness(SP, Y) on val: 1.001100
training accuracy (client 11) : 0.672619 
client 11 accuracy on val: 0.744169
client 11 fairness(SP, Y) on val: 0.659400
training accuracy (client 12) : 0.720930 
client 12 accuracy on val: 0.736716
client 12 fairness(SP, Y) on val: 0.639200
training accuracy (client 14) : 0.792683 
client 14 accuracy on val: 0.736716
client 14 fairness(SP, Y) on val: 0.588000
training accuracy (client 17) : 0.675926 
client 17 accuracy on val: 0.770618
client 17 fairness(SP, Y) on val: 0.605900
global model accuracy on val: 0.901659
global model fairness(SP, Y) on val: 0.976300
global model accuracy on test: 0.886752
global model fairness(SP, Y) on test: 0.986900
------------ run = 7; t = 16; F_Global = 0.9763, Privileged = Y ------------
training accuracy (client 5) : 0.978313 
client 5 accuracy on val: 0.899014
client 5 fairness(SP, Y) on val: 1.000000
training accuracy (client 6) : 0.985545 
client 6 accuracy on val: 0.899014
client 6 fairness(SP, Y) on val: 0.987500
training accuracy (client 8) : 0.937260 
client 8 accuracy on val: 0.905025
client 8 fairness(SP, Y) on val: 0.805800
training accuracy (client 10) : 0.714286 
client 10 accuracy on val: 0.770378
client 10 fairness(SP, Y) on val: 0.623400
training accuracy (client 15) : 0.951368 
client 15 accuracy on val: 0.895167
client 15 fairness(SP, Y) on val: 0.641800
training accuracy (client 17) : 0.732558 
client 17 accuracy on val: 0.734311
client 17 fairness(SP, Y) on val: 0.661900
global model accuracy on val: 0.900457
global model fairness(SP, Y) on val: 0.980500
global model accuracy on test: 0.886030
global model fairness(SP, Y) on test: 0.987900
------------ run = 7; t = 17; F_Global = 0.9805, Privileged = Y ------------
training accuracy (client 4) : 0.957902 
client 4 accuracy on val: 0.899976
client 4 fairness(SP, Y) on val: 1.001100
training accuracy (client 9) : 0.940476 
client 9 accuracy on val: 0.903823
client 9 fairness(SP, Y) on val: 0.826100
training accuracy (client 10) : 0.721429 
client 10 accuracy on val: 0.771580
client 10 fairness(SP, Y) on val: 0.665000
training accuracy (client 11) : 0.701389 
client 11 accuracy on val: 0.765328
client 11 fairness(SP, Y) on val: 0.691900
training accuracy (client 12) : 0.708333 
client 12 accuracy on val: 0.772541
client 12 fairness(SP, Y) on val: 0.658800
training accuracy (client 19) : 0.720930 
client 19 accuracy on val: 0.740803
client 19 fairness(SP, Y) on val: 0.637400
global model accuracy on val: 0.900457
global model fairness(SP, Y) on val: 0.990500
global model accuracy on test: 0.885069
global model fairness(SP, Y) on test: 0.994100
------------ run = 7; t = 18; F_Global = 0.9905, Privileged = Y ------------
training accuracy (client 3) : 0.957576 
client 3 accuracy on val: 0.900216
client 3 fairness(SP, Y) on val: 1.001400
training accuracy (client 6) : 0.986202 
client 6 accuracy on val: 0.899495
client 6 fairness(SP, Y) on val: 0.984400
training accuracy (client 10) : 0.780488 
client 10 accuracy on val: 0.734311
client 10 fairness(SP, Y) on val: 0.611600
training accuracy (client 13) : 0.732143 
client 13 accuracy on val: 0.773503
client 13 fairness(SP, Y) on val: 0.626300
training accuracy (client 14) : 0.948328 
client 14 accuracy on val: 0.893003
client 14 fairness(SP, Y) on val: 0.604400
training accuracy (client 19) : 0.726744 
client 19 accuracy on val: 0.735513
client 19 fairness(SP, Y) on val: 0.658700
global model accuracy on val: 0.900216
global model fairness(SP, Y) on val: 0.988900
global model accuracy on test: 0.884828
global model fairness(SP, Y) on test: 0.995600
------------ run = 7; t = 19; F_Global = 0.9889, Privileged = Y ------------
training accuracy (client 3) : 0.957576 
client 3 accuracy on val: 0.899976
client 3 fairness(SP, Y) on val: 0.999900
training accuracy (client 11) : 0.935374 
client 11 accuracy on val: 0.903102
client 11 fairness(SP, Y) on val: 0.837100
training accuracy (client 14) : 0.708333 
client 14 accuracy on val: 0.762924
client 14 fairness(SP, Y) on val: 0.688100
training accuracy (client 15) : 0.985545 
client 15 accuracy on val: 0.899495
client 15 fairness(SP, Y) on val: 0.984400
training accuracy (client 18) : 0.952888 
client 18 accuracy on val: 0.894686
client 18 fairness(SP, Y) on val: 0.624800
training accuracy (client 19) : 0.726744 
client 19 accuracy on val: 0.737437
client 19 fairness(SP, Y) on val: 0.662300
global model accuracy on val: 0.899976
global model fairness(SP, Y) on val: 0.987300
global model accuracy on test: 0.885069
global model fairness(SP, Y) on test: 0.994100
------------ run = 7; t = 20; F_Global = 0.9873, Privileged = Y ------------
training accuracy (client 6) : 0.911429 
client 6 accuracy on val: 0.899014
client 6 fairness(SP, Y) on val: 1.018400
training accuracy (client 9) : 0.694444 
client 9 accuracy on val: 0.765569
client 9 fairness(SP, Y) on val: 0.633100
training accuracy (client 13) : 0.780488 
client 13 accuracy on val: 0.737437
client 13 fairness(SP, Y) on val: 0.606000
training accuracy (client 14) : 0.714286 
client 14 accuracy on val: 0.774225
client 14 fairness(SP, Y) on val: 0.622000
training accuracy (client 16) : 0.715278 
client 16 accuracy on val: 0.763645
client 16 fairness(SP, Y) on val: 0.689600
training accuracy (client 18) : 0.950608 
client 18 accuracy on val: 0.894446
client 18 fairness(SP, Y) on val: 0.623200
global model accuracy on val: 0.900457
global model fairness(SP, Y) on val: 0.984200
global model accuracy on test: 0.886271
global model fairness(SP, Y) on test: 0.990000
------------ run = 7; t = 21; F_Global = 0.9842, Privileged = Y ------------
training accuracy (client 2) : 0.871774 
client 2 accuracy on val: 0.895167
client 2 fairness(SP, Y) on val: 0.975300
training accuracy (client 4) : 0.957902 
client 4 accuracy on val: 0.900216
client 4 fairness(SP, Y) on val: 1.002000
training accuracy (client 9) : 0.942382 
client 9 accuracy on val: 0.905506
client 9 fairness(SP, Y) on val: 0.812000
training accuracy (client 10) : 0.735714 
client 10 accuracy on val: 0.767492
client 10 fairness(SP, Y) on val: 0.705500
training accuracy (client 12) : 0.942177 
client 12 accuracy on val: 0.904063
client 12 fairness(SP, Y) on val: 0.840300
training accuracy (client 18) : 0.715278 
client 18 accuracy on val: 0.763164
client 18 fairness(SP, Y) on val: 0.737600
global model accuracy on val: 0.900457
global model fairness(SP, Y) on val: 0.994200
global model accuracy on test: 0.885309
global model fairness(SP, Y) on test: 0.998000
------------ run = 7; t = 22; F_Global = 0.9942, Privileged = Y ------------
training accuracy (client 2) : 0.957576 
client 2 accuracy on val: 0.900216
client 2 fairness(SP, Y) on val: 1.001400
training accuracy (client 4) : 0.978313 
client 4 accuracy on val: 0.899014
client 4 fairness(SP, Y) on val: 1.000000
training accuracy (client 7) : 0.696429 
client 7 accuracy on val: 0.740803
client 7 fairness(SP, Y) on val: 0.727000
training accuracy (client 8) : 0.715278 
client 8 accuracy on val: 0.757153
client 8 fairness(SP, Y) on val: 0.781800
training accuracy (client 14) : 0.949848 
client 14 accuracy on val: 0.890839
client 14 fairness(SP, Y) on val: 0.574700
training accuracy (client 19) : 0.940476 
client 19 accuracy on val: 0.904544
client 19 fairness(SP, Y) on val: 0.846600
global model accuracy on val: 0.899976
global model fairness(SP, Y) on val: 0.999900
global model accuracy on test: 0.885069
global model fairness(SP, Y) on test: 0.999000
------------ run = 7; t = 23; F_Global = 0.9999, Privileged = Y ------------
training accuracy (client 1) : 0.895337 
client 1 accuracy on val: 0.900457
client 1 fairness(SP, Y) on val: 1.001700
training accuracy (client 3) : 0.957254 
client 3 accuracy on val: 0.899976
client 3 fairness(SP, Y) on val: 1.001700
training accuracy (client 4) : 0.978313 
client 4 accuracy on val: 0.899014
client 4 fairness(SP, Y) on val: 1.000000
training accuracy (client 5) : 0.910476 
client 5 accuracy on val: 0.897812
client 5 fairness(SP, Y) on val: 1.026400
training accuracy (client 7) : 0.986202 
client 7 accuracy on val: 0.899495
client 7 fairness(SP, Y) on val: 0.987500
training accuracy (client 18) : 0.701389 
client 18 accuracy on val: 0.760519
client 18 fairness(SP, Y) on val: 0.811400
global model accuracy on val: 0.899976
global model fairness(SP, Y) on val: 0.999900
global model accuracy on test: 0.885069
global model fairness(SP, Y) on test: 0.999000
------------ run = 7; t = 24; F_Global = 0.9999, Privileged = Y ------------
training accuracy (client 3) : 0.957902 
client 3 accuracy on val: 0.899736
client 3 fairness(SP, Y) on val: 1.001400
training accuracy (client 4) : 0.978313 
client 4 accuracy on val: 0.899014
client 4 fairness(SP, Y) on val: 1.000000
training accuracy (client 15) : 0.729167 
client 15 accuracy on val: 0.757634
client 15 fairness(SP, Y) on val: 0.780500
training accuracy (client 16) : 0.690476 
client 16 accuracy on val: 0.739841
client 16 fairness(SP, Y) on val: 0.742600
training accuracy (client 17) : 0.952128 
client 17 accuracy on val: 0.899014
client 17 fairness(SP, Y) on val: 0.682500
training accuracy (client 20) : 0.708333 
client 20 accuracy on val: 0.756191
client 20 fairness(SP, Y) on val: 0.810400
global model accuracy on val: 0.899976
global model fairness(SP, Y) on val: 0.999900
global model accuracy on test: 0.885069
global model fairness(SP, Y) on test: 0.999000
------------ run = 7; t = 25; F_Global = 0.9999, Privileged = Y ------------
training accuracy (client 4) : 0.978313 
client 4 accuracy on val: 0.899014
client 4 fairness(SP, Y) on val: 1.000000
training accuracy (client 5) : 0.912381 
client 5 accuracy on val: 0.899736
client 5 fairness(SP, Y) on val: 1.017500
training accuracy (client 9) : 0.780488 
client 9 accuracy on val: 0.732628
client 9 fairness(SP, Y) on val: 0.656900
training accuracy (client 11) : 0.681818 
client 11 accuracy on val: 0.772541
client 11 fairness(SP, Y) on val: 0.805700
training accuracy (client 15) : 0.935374 
client 15 accuracy on val: 0.905506
client 15 fairness(SP, Y) on val: 0.848900
training accuracy (client 18) : 0.690476 
client 18 accuracy on val: 0.740563
client 18 fairness(SP, Y) on val: 0.744200
global model accuracy on val: 0.899976
global model fairness(SP, Y) on val: 0.999900
global model accuracy on test: 0.884828
global model fairness(SP, N) on test: 0.999400
------------ run = 7; t = 26; F_Global = 0.9999, Privileged = Y ------------
training accuracy (client 1) : 0.893264 
client 1 accuracy on val: 0.899736
client 1 fairness(SP, Y) on val: 1.003700
training accuracy (client 2) : 0.956818 
client 2 accuracy on val: 0.900216
client 2 fairness(SP, Y) on val: 1.001400
training accuracy (client 11) : 0.938540 
client 11 accuracy on val: 0.904544
client 11 fairness(SP, Y) on val: 0.808900
training accuracy (client 12) : 0.735714 
client 12 accuracy on val: 0.766771
client 12 fairness(SP, Y) on val: 0.758400
training accuracy (client 15) : 0.950608 
client 15 accuracy on val: 0.894446
client 15 fairness(SP, Y) on val: 0.616900
training accuracy (client 20) : 0.684524 
client 20 accuracy on val: 0.739601
client 20 fairness(SP, Y) on val: 0.769200
global model accuracy on val: 0.900216
global model fairness(SP, N) on val: 0.999900
global model accuracy on test: 0.885069
global model fairness(SP, Y) on test: 0.999600
------------ run = 7; t = 27; F_Global = 0.9999, Privileged = N ------------
training accuracy (client 2) : 0.957576 
client 2 accuracy on val: 0.900216
client 2 fairness(SP, N) on val: 0.998600
training accuracy (client 4) : 0.978313 
client 4 accuracy on val: 0.899014
client 4 fairness(SP, N) on val: 1.000000
training accuracy (client 9) : 0.723214 
client 9 accuracy on val: 0.771099
client 9 fairness(SP, N) on val: 1.394000
training accuracy (client 10) : 0.908845 
client 10 accuracy on val: 0.895167
client 10 fairness(SP, N) on val: 0.963600
training accuracy (client 17) : 0.938540 
client 17 accuracy on val: 0.902861
client 17 fairness(SP, N) on val: 1.248400
training accuracy (client 19) : 0.949848 
client 19 accuracy on val: 0.895167
client 19 fairness(SP, N) on val: 1.561500
global model accuracy on val: 0.900938
global model fairness(SP, Y) on val: 0.987200
global model accuracy on test: 0.885549
global model fairness(SP, Y) on test: 0.993400
------------ run = 7; t = 28; F_Global = 0.9872, Privileged = Y ------------
training accuracy (client 3) : 0.978313 
client 3 accuracy on val: 0.899014
client 3 fairness(SP, Y) on val: 1.000000
training accuracy (client 4) : 0.908571 
client 4 accuracy on val: 0.899495
client 4 fairness(SP, Y) on val: 1.017800
training accuracy (client 5) : 0.779070 
client 5 accuracy on val: 0.715797
client 5 fairness(SP, Y) on val: 0.704500
training accuracy (client 12) : 0.786585 
client 12 accuracy on val: 0.730704
client 12 fairness(SP, Y) on val: 0.638800
training accuracy (client 13) : 0.666667 
client 13 accuracy on val: 0.773984
client 13 fairness(SP, Y) on val: 0.828300
training accuracy (client 14) : 0.938776 
client 14 accuracy on val: 0.904063
client 14 fairness(SP, Y) on val: 0.835900
global model accuracy on val: 0.899976
global model fairness(SP, Y) on val: 0.999000
global model accuracy on test: 0.885309
global model fairness(SP, Y) on test: 0.998000
------------ run = 7; t = 29; F_Global = 0.999, Privileged = Y ------------
training accuracy (client 1) : 0.897409 
client 1 accuracy on val: 0.899736
client 1 fairness(SP, Y) on val: 1.002400
training accuracy (client 4) : 0.905714 
client 4 accuracy on val: 0.899014
client 4 fairness(SP, Y) on val: 1.018400
training accuracy (client 10) : 0.729167 
client 10 accuracy on val: 0.751623
client 10 fairness(SP, Y) on val: 0.823200
training accuracy (client 12) : 0.728571 
client 12 accuracy on val: 0.765088
client 12 fairness(SP, Y) on val: 0.746700
training accuracy (client 15) : 0.957576 
client 15 accuracy on val: 0.900216
client 15 fairness(SP, Y) on val: 1.001400
training accuracy (client 18) : 0.792683 
client 18 accuracy on val: 0.727819
client 18 fairness(SP, Y) on val: 0.665800
global model accuracy on val: 0.899976
global model fairness(SP, N) on val: 0.999300
global model accuracy on test: 0.885309
global model fairness(SP, Y) on test: 0.999200
------------ run = 7; t = 30; F_Global = 0.9993, Privileged = N ------------
training accuracy (client 2) : 0.957254 
client 2 accuracy on val: 0.900216
client 2 fairness(SP, N) on val: 0.998000
training accuracy (client 6) : 0.694444 
client 6 accuracy on val: 0.750180
client 6 fairness(SP, N) on val: 1.431200
training accuracy (client 8) : 0.985545 
client 8 accuracy on val: 0.899495
client 8 fairness(SP, N) on val: 1.019100
training accuracy (client 11) : 0.949088 
client 11 accuracy on val: 0.890839
client 11 fairness(SP, N) on val: 1.740200
training accuracy (client 13) : 0.957576 
client 13 accuracy on val: 0.900216
client 13 fairness(SP, N) on val: 0.998600
training accuracy (client 17) : 0.938776 
client 17 accuracy on val: 0.905506
client 17 fairness(SP, N) on val: 1.175400
global model accuracy on val: 0.901419
global model fairness(SP, Y) on val: 0.975500
global model accuracy on test: 0.886992
global model fairness(SP, Y) on test: 0.982800
------------ run = 7; t = 31; F_Global = 0.9755, Privileged = Y ------------
training accuracy (client 3) : 0.907619 
client 3 accuracy on val: 0.898774
client 3 fairness(SP, Y) on val: 1.019300
training accuracy (client 4) : 0.744186 
client 4 accuracy on val: 0.729983
client 4 fairness(SP, Y) on val: 0.687200
training accuracy (client 10) : 0.950608 
client 10 accuracy on val: 0.892041
client 10 fairness(SP, Y) on val: 0.604400
training accuracy (client 11) : 0.696429 
client 11 accuracy on val: 0.734552
client 11 fairness(SP, Y) on val: 0.727700
training accuracy (client 14) : 0.666667 
client 14 accuracy on val: 0.760038
client 14 fairness(SP, Y) on val: 0.847600
training accuracy (client 19) : 0.957902 
client 19 accuracy on val: 0.899976
client 19 fairness(SP, Y) on val: 1.001700
global model accuracy on val: 0.899976
global model fairness(SP, Y) on val: 0.990000
global model accuracy on test: 0.885069
global model fairness(SP, Y) on test: 0.995800
------------ run = 7; t = 32; F_Global = 0.99, Privileged = Y ------------
training accuracy (client 1) : 0.899482 
client 1 accuracy on val: 0.900457
client 1 fairness(SP, Y) on val: 1.002300
training accuracy (client 2) : 0.978313 
client 2 accuracy on val: 0.899014
client 2 fairness(SP, Y) on val: 1.000000
training accuracy (client 9) : 0.907040 
client 9 accuracy on val: 0.894446
client 9 fairness(SP, Y) on val: 1.039300
training accuracy (client 11) : 0.938776 
client 11 accuracy on val: 0.906227
client 11 fairness(SP, Y) on val: 0.856300
training accuracy (client 17) : 0.738372 
client 17 accuracy on val: 0.728060
client 17 fairness(SP, Y) on val: 0.742600
training accuracy (client 19) : 0.690476 
client 19 accuracy on val: 0.734071
client 19 fairness(SP, Y) on val: 0.751000
global model accuracy on val: 0.900216
global model fairness(SP, N) on val: 0.998400
global model accuracy on test: 0.885549
global model fairness(SP, Y) on test: 0.999500
------------ run = 7; t = 33; F_Global = 0.9984, Privileged = N ------------
training accuracy (client 2) : 0.978313 
client 2 accuracy on val: 0.899014
client 2 fairness(SP, N) on val: 1.000000
training accuracy (client 9) : 0.906137 
client 9 accuracy on val: 0.891560
client 9 fairness(SP, N) on val: 0.953200
training accuracy (client 10) : 0.784884 
client 10 accuracy on val: 0.712912
client 10 fairness(SP, N) on val: 1.407200
training accuracy (client 11) : 0.708333 
client 11 accuracy on val: 0.742967
client 11 fairness(SP, N) on val: 1.181600
training accuracy (client 13) : 0.792683 
client 13 accuracy on val: 0.724693
client 13 fairness(SP, N) on val: 1.450500
training accuracy (client 19) : 0.750000 
client 19 accuracy on val: 0.720606
client 19 fairness(SP, N) on val: 1.303700
global model accuracy on val: 0.896610
global model fairness(SP, Y) on val: 0.990700
global model accuracy on test: 0.887232
global model fairness(SP, Y) on test: 0.989700
------------ run = 7; t = 34; F_Global = 0.9907, Privileged = Y ------------
training accuracy (client 5) : 0.732143 
client 5 accuracy on val: 0.749459
client 5 fairness(SP, Y) on val: 0.768000
training accuracy (client 8) : 0.938540 
client 8 accuracy on val: 0.904304
client 8 fairness(SP, Y) on val: 0.805500
training accuracy (client 11) : 0.742857 
client 11 accuracy on val: 0.751383
client 11 fairness(SP, Y) on val: 0.789100
training accuracy (client 14) : 0.957576 
client 14 accuracy on val: 0.899976
client 14 fairness(SP, Y) on val: 1.001100
training accuracy (client 16) : 0.666667 
client 16 accuracy on val: 0.755470
client 16 fairness(SP, Y) on val: 0.909400
training accuracy (client 20) : 0.902527 
client 20 accuracy on val: 0.893484
client 20 fairness(SP, Y) on val: 1.041100
global model accuracy on val: 0.897572
global model fairness(SP, N) on val: 0.991600
global model accuracy on test: 0.887713
global model fairness(SP, N) on test: 0.990200
------------ run = 7; t = 35; F_Global = 0.9916, Privileged = N ------------
training accuracy (client 3) : 0.909524 
client 3 accuracy on val: 0.899495
client 3 fairness(SP, N) on val: 0.984100
training accuracy (client 4) : 0.731481 
client 4 accuracy on val: 0.737437
client 4 fairness(SP, N) on val: 1.339800
training accuracy (client 9) : 0.786585 
client 9 accuracy on val: 0.716518
client 9 fairness(SP, N) on val: 1.393700
training accuracy (client 11) : 0.957576 
client 11 accuracy on val: 0.900216
client 11 fairness(SP, N) on val: 0.998600
training accuracy (client 18) : 0.939821 
client 18 accuracy on val: 0.903102
client 18 fairness(SP, N) on val: 1.265700
training accuracy (client 19) : 0.750000 
client 19 accuracy on val: 0.753066
client 19 fairness(SP, N) on val: 1.243400
global model accuracy on val: 0.893724
global model fairness(SP, Y) on val: 0.987100
global model accuracy on test: 0.886271
global model fairness(SP, Y) on test: 0.988800
------------ run = 7; t = 36; F_Global = 0.9871, Privileged = Y ------------
training accuracy (client 6) : 0.784884 
client 6 accuracy on val: 0.694398
client 6 fairness(SP, Y) on val: 0.747500
training accuracy (client 10) : 0.957576 
client 10 accuracy on val: 0.899976
client 10 fairness(SP, Y) on val: 1.001100
training accuracy (client 11) : 0.950608 
client 11 accuracy on val: 0.893965
client 11 fairness(SP, Y) on val: 0.627700
training accuracy (client 12) : 0.937075 
client 12 accuracy on val: 0.906949
client 12 fairness(SP, Y) on val: 0.869900
training accuracy (client 15) : 0.905235 
client 15 accuracy on val: 0.893244
client 15 fairness(SP, Y) on val: 1.043900
training accuracy (client 16) : 0.732143 
client 16 accuracy on val: 0.746333
client 16 fairness(SP, Y) on val: 0.772000
global model accuracy on val: 0.897572
global model fairness(SP, N) on val: 0.996400
global model accuracy on test: 0.886752
global model fairness(SP, N) on test: 0.988700
------------ run = 7; t = 37; F_Global = 0.9964, Privileged = N ------------
training accuracy (client 3) : 0.740741 
client 3 accuracy on val: 0.732388
client 3 fairness(SP, N) on val: 1.349000
training accuracy (client 4) : 0.986202 
client 4 accuracy on val: 0.899255
client 4 fairness(SP, N) on val: 1.014300
training accuracy (client 8) : 0.957254 
client 8 accuracy on val: 0.899976
client 8 fairness(SP, N) on val: 0.998300
training accuracy (client 9) : 0.957576 
client 9 accuracy on val: 0.899976
client 9 fairness(SP, N) on val: 0.998900
training accuracy (client 12) : 0.907942 
client 12 accuracy on val: 0.893484
client 12 fairness(SP, N) on val: 0.959400
training accuracy (client 20) : 0.741071 
client 20 accuracy on val: 0.744410
client 20 fairness(SP, N) on val: 1.309200
global model accuracy on val: 0.898293
global model fairness(SP, Y) on val: 0.996000
global model accuracy on test: 0.885309
global model fairness(SP, N) on test: 0.997700
------------ run = 7; t = 38; F_Global = 0.996, Privileged = Y ------------
training accuracy (client 4) : 0.987516 
client 4 accuracy on val: 0.899255
client 4 fairness(SP, Y) on val: 0.982800
training accuracy (client 6) : 0.729167 
client 6 accuracy on val: 0.729983
client 6 fairness(SP, Y) on val: 0.918500
training accuracy (client 11) : 0.708333 
client 11 accuracy on val: 0.716999
client 11 fairness(SP, Y) on val: 0.818100
training accuracy (client 12) : 0.939821 
client 12 accuracy on val: 0.904304
client 12 fairness(SP, Y) on val: 0.814900
training accuracy (client 18) : 0.940476 
client 18 accuracy on val: 0.906708
client 18 fairness(SP, Y) on val: 0.858600
training accuracy (client 19) : 0.741071 
client 19 accuracy on val: 0.744891
client 19 fairness(SP, Y) on val: 0.751400
global model accuracy on val: 0.902140
global model fairness(SP, Y) on val: 0.977800
global model accuracy on test: 0.887713
global model fairness(SP, Y) on test: 0.984100
------------ run = 7; t = 39; F_Global = 0.9778, Privileged = Y ------------
training accuracy (client 2) : 0.978313 
client 2 accuracy on val: 0.899014
client 2 fairness(SP, Y) on val: 1.000000
training accuracy (client 6) : 0.958549 
client 6 accuracy on val: 0.899736
client 6 fairness(SP, Y) on val: 1.001400
training accuracy (client 9) : 0.757143 
client 9 accuracy on val: 0.752825
client 9 fairness(SP, Y) on val: 0.774900
training accuracy (client 11) : 0.912381 
client 11 accuracy on val: 0.899014
client 11 fairness(SP, Y) on val: 1.019600
training accuracy (client 17) : 0.708333 
client 17 accuracy on val: 0.719644
client 17 fairness(SP, Y) on val: 0.795800
training accuracy (client 19) : 0.940476 
client 19 accuracy on val: 0.906708
client 19 fairness(SP, Y) on val: 0.870000
global model accuracy on val: 0.900697
global model fairness(SP, N) on val: 0.995000
global model accuracy on test: 0.886992
global model fairness(SP, N) on test: 0.995400
------------ run = 7; t = 40; F_Global = 0.995, Privileged = N ------------
training accuracy (client 1) : 0.897409 
client 1 accuracy on val: 0.900697
client 1 fairness(SP, N) on val: 0.996300
training accuracy (client 4) : 0.722222 
client 4 accuracy on val: 0.739120
client 4 fairness(SP, N) on val: 1.212700
training accuracy (client 6) : 0.957254 
client 6 accuracy on val: 0.899736
client 6 fairness(SP, N) on val: 0.998600
training accuracy (client 11) : 0.779070 
client 11 accuracy on val: 0.701611
client 11 fairness(SP, N) on val: 1.366200
training accuracy (client 12) : 0.952128 
client 12 accuracy on val: 0.894446
client 12 fairness(SP, N) on val: 1.604600
training accuracy (client 20) : 0.942177 
client 20 accuracy on val: 0.906949
client 20 fairness(SP, N) on val: 1.159600
global model accuracy on val: 0.901900
global model fairness(SP, Y) on val: 0.972800
global model accuracy on test: 0.889156
global model fairness(SP, Y) on test: 0.975100
------------ run = 7; t = 41; F_Global = 0.9728, Privileged = Y ------------
training accuracy (client 2) : 0.978313 
client 2 accuracy on val: 0.899014
client 2 fairness(SP, Y) on val: 1.000000
training accuracy (client 8) : 0.761628 
client 8 accuracy on val: 0.706660
client 8 fairness(SP, Y) on val: 0.766600
training accuracy (client 11) : 0.773256 
client 11 accuracy on val: 0.701130
client 11 fairness(SP, Y) on val: 0.732600
training accuracy (client 12) : 0.949088 
client 12 accuracy on val: 0.897331
client 12 fairness(SP, Y) on val: 0.652800
training accuracy (client 13) : 0.906137 
client 13 accuracy on val: 0.896369
client 13 fairness(SP, Y) on val: 1.036200
training accuracy (client 14) : 0.986202 
client 14 accuracy on val: 0.899255
client 14 fairness(SP, Y) on val: 0.985900
global model accuracy on val: 0.902140
global model fairness(SP, Y) on val: 0.990600
global model accuracy on test: 0.886030
global model fairness(SP, Y) on test: 0.995200
------------ run = 7; t = 42; F_Global = 0.9906, Privileged = Y ------------
training accuracy (client 1) : 0.898446 
client 1 accuracy on val: 0.901178
client 1 fairness(SP, Y) on val: 0.996000
training accuracy (client 2) : 0.978313 
client 2 accuracy on val: 0.899014
client 2 fairness(SP, Y) on val: 1.000000
training accuracy (client 7) : 0.957576 
client 7 accuracy on val: 0.900216
client 7 fairness(SP, Y) on val: 1.001400
training accuracy (client 10) : 0.907942 
client 10 accuracy on val: 0.892522
client 10 fairness(SP, Y) on val: 1.044200
training accuracy (client 14) : 0.732143 
client 14 accuracy on val: 0.755710
client 14 fairness(SP, Y) on val: 0.709300
training accuracy (client 15) : 0.750000 
client 15 accuracy on val: 0.754268
client 15 fairness(SP, Y) on val: 0.740200
global model accuracy on val: 0.899976
global model fairness(SP, N) on val: 0.997300
global model accuracy on test: 0.884828
global model fairness(SP, Y) on test: 0.999900
------------ run = 7; t = 43; F_Global = 0.9973, Privileged = N ------------
training accuracy (client 3) : 0.731481 
client 3 accuracy on val: 0.737677
client 3 fairness(SP, N) on val: 1.404800
training accuracy (client 4) : 0.736111 
client 4 accuracy on val: 0.738880
client 4 fairness(SP, N) on val: 1.205800
training accuracy (client 8) : 0.666667 
client 8 accuracy on val: 0.754749
client 8 fairness(SP, N) on val: 1.142100
training accuracy (client 11) : 0.987516 
client 11 accuracy on val: 0.899014
client 11 fairness(SP, N) on val: 1.006300
training accuracy (client 13) : 0.938540 
client 13 accuracy on val: 0.905506
client 13 fairness(SP, N) on val: 1.215400
training accuracy (client 17) : 0.779070 
client 17 accuracy on val: 0.704015
client 17 fairness(SP, N) on val: 1.347500
global model accuracy on val: 0.902140
global model fairness(SP, Y) on val: 0.917000
global model accuracy on test: 0.889396
global model fairness(SP, Y) on test: 0.905900
------------ run = 7; t = 44; F_Global = 0.917, Privileged = Y ------------
training accuracy (client 5) : 0.786585 
client 5 accuracy on val: 0.707141
client 5 fairness(SP, Y) on val: 0.683100
training accuracy (client 9) : 0.911429 
client 9 accuracy on val: 0.899014
client 9 fairness(SP, Y) on val: 1.015500
training accuracy (client 10) : 0.908845 
client 10 accuracy on val: 0.893484
client 10 fairness(SP, Y) on val: 1.040500
training accuracy (client 15) : 0.942177 
client 15 accuracy on val: 0.904544
client 15 fairness(SP, Y) on val: 0.834000
training accuracy (client 18) : 0.945289 
client 18 accuracy on val: 0.892041
client 18 fairness(SP, Y) on val: 0.590200
training accuracy (client 19) : 0.750000 
client 19 accuracy on val: 0.743208
client 19 fairness(SP, Y) on val: 0.726800
global model accuracy on val: 0.899495
global model fairness(SP, N) on val: 0.999600
global model accuracy on test: 0.885069
global model fairness(SP, N) on test: 0.991100
------------ run = 7; t = 45; F_Global = 0.9996, Privileged = N ------------
training accuracy (client 1) : 0.897409 
client 1 accuracy on val: 0.900938
client 1 fairness(SP, N) on val: 1.001900
training accuracy (client 6) : 0.957576 
client 6 accuracy on val: 0.899976
client 6 fairness(SP, N) on val: 0.998900
training accuracy (client 7) : 0.666667 
client 7 accuracy on val: 0.735754
client 7 fairness(SP, N) on val: 1.094100
training accuracy (client 9) : 0.907942 
client 9 accuracy on val: 0.897091
client 9 fairness(SP, N) on val: 0.969900
training accuracy (client 15) : 0.802326 
client 15 accuracy on val: 0.695119
client 15 fairness(SP, N) on val: 1.299500
training accuracy (client 19) : 0.951368 
client 19 accuracy on val: 0.897572
client 19 fairness(SP, N) on val: 1.506600
global model accuracy on val: 0.901419
global model fairness(SP, Y) on val: 0.903800
global model accuracy on test: 0.888675
global model fairness(SP, Y) on test: 0.906600
------------ run = 7; t = 46; F_Global = 0.9038, Privileged = Y ------------
training accuracy (client 4) : 0.736111 
client 4 accuracy on val: 0.719163
client 4 fairness(SP, Y) on val: 0.859600
training accuracy (client 11) : 0.696429 
client 11 accuracy on val: 0.696802
client 11 fairness(SP, Y) on val: 0.790400
training accuracy (client 12) : 0.755814 
client 12 accuracy on val: 0.696562
client 12 fairness(SP, Y) on val: 0.784500
training accuracy (client 13) : 0.784884 
client 13 accuracy on val: 0.691993
client 13 fairness(SP, Y) on val: 0.740400
training accuracy (client 14) : 0.771429 
client 14 accuracy on val: 0.737196
client 14 fairness(SP, Y) on val: 0.775500
training accuracy (client 16) : 0.943878 
client 16 accuracy on val: 0.902861
client 16 fairness(SP, Y) on val: 0.815400
global model accuracy on val: 0.896129
global model fairness(SP, Y) on val: 0.895000
global model accuracy on test: 0.887713
global model fairness(SP, Y) on test: 0.879100
------------ run = 7; t = 47; F_Global = 0.895, Privileged = Y ------------
training accuracy (client 2) : 0.978313 
client 2 accuracy on val: 0.899014
client 2 fairness(SP, Y) on val: 1.000000
training accuracy (client 5) : 0.674242 
client 5 accuracy on val: 0.721327
client 5 fairness(SP, Y) on val: 0.838800
training accuracy (client 11) : 0.953647 
client 11 accuracy on val: 0.893484
client 11 fairness(SP, Y) on val: 0.624600
training accuracy (client 13) : 0.957576 
client 13 accuracy on val: 0.899495
client 13 fairness(SP, Y) on val: 1.000600
training accuracy (client 16) : 0.702381 
client 16 accuracy on val: 0.695119
client 16 fairness(SP, Y) on val: 0.784600
training accuracy (client 18) : 0.784884 
client 18 accuracy on val: 0.686463
client 18 fairness(SP, Y) on val: 0.724900
global model accuracy on val: 0.900697
global model fairness(SP, N) on val: 0.998700
global model accuracy on test: 0.885309
global model fairness(SP, Y) on test: 0.997500
------------ run = 7; t = 48; F_Global = 0.9987, Privileged = N ------------
training accuracy (client 3) : 0.740741 
client 3 accuracy on val: 0.727819
client 3 fairness(SP, N) on val: 1.474900
training accuracy (client 6) : 0.987516 
client 6 accuracy on val: 0.899255
client 6 fairness(SP, N) on val: 1.007900
training accuracy (client 15) : 0.764286 
client 15 accuracy on val: 0.746574
client 15 fairness(SP, N) on val: 1.313800
training accuracy (client 16) : 0.935374 
client 16 accuracy on val: 0.903342
client 16 fairness(SP, N) on val: 1.202000
training accuracy (client 18) : 0.949088 
client 18 accuracy on val: 0.891080
client 18 fairness(SP, N) on val: 1.721900
training accuracy (client 19) : 0.702381 
client 19 accuracy on val: 0.709305
client 19 fairness(SP, N) on val: 1.252600
global model accuracy on val: 0.900938
global model fairness(SP, Y) on val: 0.765100
global model accuracy on test: 0.897812
global model fairness(SP, Y) on test: 0.744000
------------ run = 7; t = 49; F_Global = 0.7651, Privileged = Y ------------
training accuracy (client 3) : 0.759259 
client 3 accuracy on val: 0.724934
client 3 fairness(SP, Y) on val: 0.623700
training accuracy (client 4) : 0.957254 
client 4 accuracy on val: 0.899495
client 4 fairness(SP, Y) on val: 1.001100
training accuracy (client 6) : 0.987516 
client 6 accuracy on val: 0.899255
client 6 fairness(SP, Y) on val: 0.979700
training accuracy (client 7) : 0.743056 
client 7 accuracy on val: 0.713152
client 7 fairness(SP, Y) on val: 0.835900
training accuracy (client 8) : 0.943662 
client 8 accuracy on val: 0.907189
client 8 fairness(SP, Y) on val: 0.805500
training accuracy (client 11) : 0.957576 
client 11 accuracy on val: 0.900216
client 11 fairness(SP, Y) on val: 1.000100
global model accuracy on val: 0.903823
global model fairness(SP, Y) on val: 0.951300
global model accuracy on test: 0.887473
global model fairness(SP, Y) on test: 0.966700
------------ run = 7; t = 50; F_Global = 0.9513, Privileged = Y ------------
training accuracy (client 1) : 0.895337 
client 1 accuracy on val: 0.900938
client 1 fairness(SP, Y) on val: 0.992600
training accuracy (client 4) : 0.912381 
client 4 accuracy on val: 0.898774
client 4 fairness(SP, Y) on val: 1.012200
training accuracy (client 5) : 0.988173 
client 5 accuracy on val: 0.899495
client 5 fairness(SP, Y) on val: 0.981200
training accuracy (client 8) : 0.786585 
client 8 accuracy on val: 0.707382
client 8 fairness(SP, Y) on val: 0.650100
training accuracy (client 14) : 0.757143 
client 14 accuracy on val: 0.743208
client 14 fairness(SP, Y) on val: 0.713500
training accuracy (client 16) : 0.659091 
client 16 accuracy on val: 0.748257
client 16 fairness(SP, Y) on val: 0.831500
global model accuracy on val: 0.900216
global model fairness(SP, Y) on val: 0.992000
global model accuracy on test: 0.885549
global model fairness(SP, Y) on test: 0.995900
----------------Done (FLAlgMain)----------------
