Alg.: FairFateVC; Client dataset: today_20230531\dataset_EO_run_4; client Count: 10
----------------(start loading 10 client datasets from today_20230531\dataset_EO_run_4)----------------
----------------(successfully loading 10 client datasets and server testing data from today_20230531\dataset_EO_run_4)----------------
----------------Execute (FLAlgMain)----------------
----------------(start running algorithm)----------------
global model accuracy on val: 0.417648
global model fairness(EO, N) on val: 0.355300
------------ run = 5; t = 1; F_Global = 0.3553, Privileged = N ------------
training accuracy (client 1) : 0.855124 
client 1 accuracy on val: 0.875451
client 1 fairness(EO, N) on val: 1.011300
training accuracy (client 6) : 0.909341 
client 6 accuracy on val: 0.886992
client 6 fairness(EO, N) on val: 1.068400
training accuracy (client 8) : 0.844885 
client 8 accuracy on val: 0.872085
client 8 fairness(EO, N) on val: 0.963900
global model accuracy on val: 0.840587
global model fairness(EO, N) on val: 0.924400
global model accuracy on test: 0.847800
global model fairness(EO, N) on test: 0.930800
------------ run = 5; t = 2; F_Global = 0.9244, Privileged = N ------------
training accuracy (client 1) : 0.854240 
client 1 accuracy on val: 0.880981
client 1 fairness(EO, N) on val: 1.012500
training accuracy (client 2) : 0.948258 
client 2 accuracy on val: 0.888675
client 2 fairness(EO, N) on val: 1.000000
training accuracy (client 10) : 0.807237 
client 10 accuracy on val: 0.841548
client 10 fairness(EO, N) on val: 1.017100
global model accuracy on val: 0.882664
global model fairness(EO, N) on val: 0.982700
global model accuracy on test: 0.881221
global model fairness(EO, N) on test: 0.977100
------------ run = 5; t = 3; F_Global = 0.9827, Privileged = N ------------
training accuracy (client 1) : 0.856890 
client 1 accuracy on val: 0.881702
client 1 fairness(EO, N) on val: 1.011100
training accuracy (client 4) : 0.928812 
client 4 accuracy on val: 0.890839
client 4 fairness(EO, N) on val: 1.000000
training accuracy (client 10) : 0.810021 
client 10 accuracy on val: 0.846117
client 10 fairness(EO, N) on val: 1.023200
global model accuracy on val: 0.886511
global model fairness(EO, N) on val: 0.990700
global model accuracy on test: 0.889877
global model fairness(EO, N) on test: 0.998000
------------ run = 5; t = 4; F_Global = 0.9907, Privileged = N ------------
training accuracy (client 2) : 0.948258 
client 2 accuracy on val: 0.888675
client 2 fairness(EO, N) on val: 1.000000
training accuracy (client 3) : 0.910394 
client 3 accuracy on val: 0.887954
client 3 fairness(EO, N) on val: 0.995900
training accuracy (client 8) : 0.860286 
client 8 accuracy on val: 0.883145
client 8 fairness(EO, N) on val: 0.981400
global model accuracy on val: 0.887473
global model fairness(EO, N) on val: 0.995900
global model accuracy on test: 0.891320
global model fairness(EO, N) on test: 0.999400
------------ run = 5; t = 5; F_Global = 0.9959, Privileged = N ------------
training accuracy (client 5) : 0.904427 
client 5 accuracy on val: 0.891320
client 5 fairness(EO, N) on val: 1.045700
training accuracy (client 6) : 0.923993 
client 6 accuracy on val: 0.894446
client 6 fairness(EO, N) on val: 1.101900
training accuracy (client 10) : 0.508621 
client 10 accuracy on val: 0.882424
client 10 fairness(EO, N) on val: 1.019700
global model accuracy on val: 0.888194
global model fairness(EO, Y) on val: 0.993400
global model accuracy on test: 0.892763
global model fairness(EO, Y) on test: 0.987800
------------ run = 5; t = 6; F_Global = 0.9934, Privileged = Y ------------
training accuracy (client 3) : 0.910394 
client 3 accuracy on val: 0.889637
client 3 fairness(EO, Y) on val: 0.998400
training accuracy (client 6) : 0.929487 
client 6 accuracy on val: 0.893965
client 6 fairness(EO, Y) on val: 0.888700
training accuracy (client 9) : 0.814892 
client 9 accuracy on val: 0.853330
client 9 fairness(EO, Y) on val: 0.947500
global model accuracy on val: 0.890118
global model fairness(EO, Y) on val: 0.978000
global model accuracy on test: 0.892041
global model fairness(EO, Y) on test: 0.968800
------------ run = 5; t = 7; F_Global = 0.978, Privileged = Y ------------
training accuracy (client 1) : 0.868375 
client 1 accuracy on val: 0.886992
client 1 fairness(EO, Y) on val: 0.970300
training accuracy (client 2) : 0.948258 
client 2 accuracy on val: 0.888675
client 2 fairness(EO, Y) on val: 1.000000
training accuracy (client 3) : 0.908602 
client 3 accuracy on val: 0.889637
client 3 fairness(EO, Y) on val: 0.997300
training accuracy (client 5) : 0.909457 
client 5 accuracy on val: 0.895167
client 5 fairness(EO, Y) on val: 0.929600
global model accuracy on val: 0.889637
global model fairness(EO, Y) on val: 0.984900
global model accuracy on test: 0.892522
global model fairness(EO, Y) on test: 0.972600
------------ run = 5; t = 8; F_Global = 0.9849, Privileged = Y ------------
training accuracy (client 6) : 0.517241 
client 6 accuracy on val: 0.881702
client 6 fairness(EO, Y) on val: 0.890000
training accuracy (client 8) : 0.927656 
client 8 accuracy on val: 0.894927
client 8 fairness(EO, Y) on val: 0.886400
training accuracy (client 11) : 0.578571 
client 11 accuracy on val: 0.848281
client 11 fairness(EO, Y) on val: 0.836200
training accuracy (client 13) : 0.557143 
client 13 accuracy on val: 0.879057
client 13 fairness(EO, Y) on val: 0.862100
global model accuracy on val: 0.891320
global model fairness(EO, Y) on val: 0.953100
global model accuracy on test: 0.894446
global model fairness(EO, Y) on test: 0.962400
------------ run = 5; t = 9; F_Global = 0.9531, Privileged = Y ------------
training accuracy (client 4) : 0.921074 
client 4 accuracy on val: 0.892763
client 4 fairness(EO, Y) on val: 0.980100
training accuracy (client 8) : 0.856901 
client 8 accuracy on val: 0.876653
client 8 fairness(EO, Y) on val: 1.011200
training accuracy (client 13) : 0.564286 
client 13 accuracy on val: 0.877374
client 13 fairness(EO, Y) on val: 0.853200
training accuracy (client 14) : 0.528571 
client 14 accuracy on val: 0.875210
client 14 fairness(EO, Y) on val: 0.833200
global model accuracy on val: 0.890839
global model fairness(EO, Y) on val: 0.964700
global model accuracy on test: 0.893724
global model fairness(EO, Y) on test: 0.968500
------------ run = 5; t = 10; F_Global = 0.9647, Privileged = Y ------------
training accuracy (client 1) : 0.948258 
client 1 accuracy on val: 0.888916
client 1 fairness(EO, Y) on val: 1.000000
training accuracy (client 13) : 0.585714 
client 13 accuracy on val: 0.874008
client 13 fairness(EO, Y) on val: 0.862500
training accuracy (client 14) : 0.564286 
client 14 accuracy on val: 0.877134
client 14 fairness(EO, Y) on val: 0.876400
training accuracy (client 15) : 0.550000 
client 15 accuracy on val: 0.867997
client 15 fairness(EO, Y) on val: 0.836300
global model accuracy on val: 0.890839
global model fairness(EO, Y) on val: 0.979500
global model accuracy on test: 0.894205
global model fairness(EO, Y) on test: 0.969500
------------ run = 5; t = 11; F_Global = 0.9795, Privileged = Y ------------
training accuracy (client 3) : 0.942713 
client 3 accuracy on val: 0.893965
client 3 fairness(EO, Y) on val: 0.860400
training accuracy (client 9) : 0.974178 
client 9 accuracy on val: 0.888675
client 9 fairness(EO, Y) on val: 1.000000
training accuracy (client 10) : 0.969555 
client 10 accuracy on val: 0.888675
client 10 fairness(EO, Y) on val: 1.000000
training accuracy (client 12) : 0.927656 
client 12 accuracy on val: 0.895648
client 12 fairness(EO, Y) on val: 0.879700
global model accuracy on val: 0.890599
global model fairness(EO, Y) on val: 0.987700
global model accuracy on test: 0.893003
global model fairness(EO, Y) on test: 0.976800
------------ run = 5; t = 12; F_Global = 0.9877, Privileged = Y ------------
training accuracy (client 7) : 0.857748 
client 7 accuracy on val: 0.876653
client 7 fairness(EO, Y) on val: 1.012600
training accuracy (client 10) : 0.517241 
client 10 accuracy on val: 0.887713
client 10 fairness(EO, Y) on val: 0.875200
training accuracy (client 11) : 0.550000 
client 11 accuracy on val: 0.884347
client 11 fairness(EO, Y) on val: 0.847600
training accuracy (client 13) : 0.521429 
client 13 accuracy on val: 0.882664
client 13 fairness(EO, Y) on val: 0.846100
global model accuracy on val: 0.891080
global model fairness(EO, Y) on val: 0.984400
global model accuracy on test: 0.892763
global model fairness(EO, Y) on test: 0.974000
------------ run = 5; t = 13; F_Global = 0.9844, Privileged = Y ------------
training accuracy (client 2) : 0.905018 
client 2 accuracy on val: 0.889156
client 2 fairness(EO, Y) on val: 0.993400
training accuracy (client 4) : 0.924035 
client 4 accuracy on val: 0.880500
client 4 fairness(EO, Y) on val: 0.652100
training accuracy (client 5) : 0.910467 
client 5 accuracy on val: 0.886511
client 5 fairness(EO, Y) on val: 1.006000
training accuracy (client 11) : 0.941028 
client 11 accuracy on val: 0.893965
client 11 fairness(EO, Y) on val: 0.872700
global model accuracy on val: 0.891080
global model fairness(EO, Y) on val: 0.983800
global model accuracy on test: 0.893244
global model fairness(EO, Y) on test: 0.970100
------------ run = 5; t = 14; F_Global = 0.9838, Privileged = Y ------------
training accuracy (client 4) : 0.910467 
client 4 accuracy on val: 0.886511
client 4 fairness(EO, Y) on val: 1.005300
training accuracy (client 8) : 0.969555 
client 8 accuracy on val: 0.888675
client 8 fairness(EO, Y) on val: 1.000000
training accuracy (client 11) : 0.517241 
client 11 accuracy on val: 0.880500
client 11 fairness(EO, Y) on val: 0.889800
training accuracy (client 14) : 0.544643 
client 14 accuracy on val: 0.879298
client 14 fairness(EO, Y) on val: 0.877300
training accuracy (client 15) : 0.975398 
client 15 accuracy on val: 0.891320
client 15 fairness(EO, Y) on val: 0.751500
global model accuracy on val: 0.889877
global model fairness(EO, Y) on val: 0.983700
global model accuracy on test: 0.893244
global model fairness(EO, Y) on test: 0.975900
------------ run = 5; t = 15; F_Global = 0.9837, Privileged = Y ------------
training accuracy (client 1) : 0.948258 
client 1 accuracy on val: 0.890599
client 1 fairness(EO, Y) on val: 1.000000
training accuracy (client 2) : 0.903226 
client 2 accuracy on val: 0.889877
client 2 fairness(EO, Y) on val: 0.988400
training accuracy (client 9) : 0.550000 
client 9 accuracy on val: 0.877615
client 9 fairness(EO, Y) on val: 0.890400
training accuracy (client 10) : 0.927656 
client 10 accuracy on val: 0.896369
client 10 fairness(EO, Y) on val: 0.879900
training accuracy (client 14) : 0.517241 
client 14 accuracy on val: 0.882424
client 14 fairness(EO, Y) on val: 0.891800
global model accuracy on val: 0.889877
global model fairness(EO, Y) on val: 0.987200
global model accuracy on test: 0.893484
global model fairness(EO, Y) on test: 0.977500
------------ run = 5; t = 16; F_Global = 0.9872, Privileged = Y ------------
training accuracy (client 3) : 0.919447 
client 3 accuracy on val: 0.894205
client 3 fairness(EO, Y) on val: 0.972200
training accuracy (client 6) : 0.857748 
client 6 accuracy on val: 0.875691
client 6 fairness(EO, Y) on val: 1.018900
training accuracy (client 9) : 0.557143 
client 9 accuracy on val: 0.879057
client 9 fairness(EO, Y) on val: 0.868000
training accuracy (client 10) : 0.528571 
client 10 accuracy on val: 0.876653
client 10 fairness(EO, Y) on val: 0.852100
training accuracy (client 13) : 0.975398 
client 13 accuracy on val: 0.891320
client 13 fairness(EO, Y) on val: 0.749500
global model accuracy on val: 0.890118
global model fairness(EO, Y) on val: 0.983800
global model accuracy on test: 0.891560
global model fairness(EO, Y) on test: 0.975300
------------ run = 5; t = 17; F_Global = 0.9838, Privileged = Y ------------
training accuracy (client 9) : 0.553571 
client 9 accuracy on val: 0.877855
client 9 fairness(EO, Y) on val: 0.882300
training accuracy (client 11) : 0.927656 
client 11 accuracy on val: 0.896369
client 11 fairness(EO, Y) on val: 0.882800
training accuracy (client 13) : 0.530000 
client 13 accuracy on val: 0.883385
client 13 fairness(EO, Y) on val: 0.899000
training accuracy (client 14) : 0.953942 
client 14 accuracy on val: 0.889637
client 14 fairness(EO, Y) on val: 1.000000
training accuracy (client 15) : 0.578571 
client 15 accuracy on val: 0.874730
client 15 fairness(EO, Y) on val: 0.872800
global model accuracy on val: 0.890358
global model fairness(EO, Y) on val: 0.983700
global model accuracy on test: 0.893003
global model fairness(EO, Y) on test: 0.976800
------------ run = 5; t = 18; F_Global = 0.9837, Privileged = Y ------------
training accuracy (client 3) : 0.910467 
client 3 accuracy on val: 0.886511
client 3 fairness(EO, Y) on val: 1.006000
training accuracy (client 4) : 0.574219 
client 4 accuracy on val: 0.861505
client 4 fairness(EO, Y) on val: 0.838700
training accuracy (client 7) : 0.969555 
client 7 accuracy on val: 0.888675
client 7 fairness(EO, Y) on val: 1.000000
training accuracy (client 13) : 0.975398 
client 13 accuracy on val: 0.892041
client 13 fairness(EO, Y) on val: 0.749500
training accuracy (client 16) : 0.550000 
client 16 accuracy on val: 0.884347
client 16 fairness(EO, Y) on val: 0.877300
global model accuracy on val: 0.889396
global model fairness(EO, Y) on val: 0.985100
global model accuracy on test: 0.893965
global model fairness(EO, Y) on test: 0.986000
------------ run = 5; t = 19; F_Global = 0.9851, Privileged = Y ------------
training accuracy (client 3) : 0.911728 
client 3 accuracy on val: 0.886511
client 3 fairness(EO, Y) on val: 1.006000
training accuracy (client 7) : 0.943555 
client 7 accuracy on val: 0.894446
client 7 fairness(EO, Y) on val: 0.856300
training accuracy (client 13) : 0.927656 
client 13 accuracy on val: 0.896369
client 13 fairness(EO, Y) on val: 0.875800
training accuracy (client 14) : 0.564286 
client 14 accuracy on val: 0.879298
client 14 fairness(EO, Y) on val: 0.870700
training accuracy (client 18) : 0.540000 
client 18 accuracy on val: 0.882424
client 18 fairness(EO, Y) on val: 0.886500
global model accuracy on val: 0.889396
global model fairness(EO, Y) on val: 0.991300
global model accuracy on test: 0.893244
global model fairness(EO, Y) on test: 0.986000
------------ run = 5; t = 20; F_Global = 0.9913, Privileged = Y ------------
training accuracy (client 2) : 0.905018 
client 2 accuracy on val: 0.889877
client 2 fairness(EO, Y) on val: 0.989000
training accuracy (client 8) : 0.517241 
client 8 accuracy on val: 0.882424
client 8 fairness(EO, Y) on val: 0.905000
training accuracy (client 9) : 0.956599 
client 9 accuracy on val: 0.889156
client 9 fairness(EO, Y) on val: 0.991800
training accuracy (client 17) : 0.578571 
client 17 accuracy on val: 0.876893
client 17 fairness(EO, Y) on val: 0.874700
training accuracy (client 18) : 0.540000 
client 18 accuracy on val: 0.886992
client 18 fairness(EO, Y) on val: 0.890300
global model accuracy on val: 0.890358
global model fairness(EO, Y) on val: 0.992400
global model accuracy on test: 0.893003
global model fairness(EO, Y) on test: 0.985700
------------ run = 5; t = 21; F_Global = 0.9924, Privileged = Y ------------
training accuracy (client 2) : 0.910467 
client 2 accuracy on val: 0.886752
client 2 fairness(EO, Y) on val: 1.006300
training accuracy (client 3) : 0.861981 
client 3 accuracy on val: 0.875691
client 3 fairness(EO, Y) on val: 1.022100
training accuracy (client 6) : 0.557143 
client 6 accuracy on val: 0.879298
client 6 fairness(EO, Y) on val: 0.894800
training accuracy (client 7) : 0.956599 
client 7 accuracy on val: 0.889156
client 7 fairness(EO, Y) on val: 0.991800
training accuracy (client 9) : 0.526786 
client 9 accuracy on val: 0.882664
client 9 fairness(EO, Y) on val: 0.887300
training accuracy (client 16) : 0.993450 
client 16 accuracy on val: 0.888675
client 16 fairness(EO, Y) on val: 1.000000
global model accuracy on val: 0.889877
global model fairness(EO, Y) on val: 0.993000
global model accuracy on test: 0.892763
global model fairness(EO, Y) on test: 0.992700
------------ run = 5; t = 22; F_Global = 0.993, Privileged = Y ------------
training accuracy (client 1) : 0.948258 
client 1 accuracy on val: 0.889156
client 1 fairness(EO, Y) on val: 1.000000
training accuracy (client 3) : 0.858594 
client 3 accuracy on val: 0.873287
client 3 fairness(EO, Y) on val: 1.028400
training accuracy (client 7) : 0.539062 
client 7 accuracy on val: 0.882664
client 7 fairness(EO, Y) on val: 0.910900
training accuracy (client 11) : 0.929487 
client 11 accuracy on val: 0.897091
client 11 fairness(EO, Y) on val: 0.883400
training accuracy (client 15) : 0.578571 
client 15 accuracy on val: 0.875451
client 15 fairness(EO, Y) on val: 0.880700
training accuracy (client 16) : 0.530000 
client 16 accuracy on val: 0.885309
client 16 fairness(EO, Y) on val: 0.906200
global model accuracy on val: 0.889396
global model fairness(EO, Y) on val: 0.994000
global model accuracy on test: 0.891801
global model fairness(EO, Y) on test: 0.989700
------------ run = 5; t = 23; F_Global = 0.994, Privileged = Y ------------
training accuracy (client 1) : 0.948258 
client 1 accuracy on val: 0.889156
client 1 fairness(EO, Y) on val: 1.000000
training accuracy (client 5) : 0.969555 
client 5 accuracy on val: 0.888675
client 5 fairness(EO, Y) on val: 1.000000
training accuracy (client 6) : 0.514286 
client 6 accuracy on val: 0.872806
client 6 fairness(EO, Y) on val: 0.886100
training accuracy (client 10) : 0.560000 
client 10 accuracy on val: 0.877374
client 10 fairness(EO, Y) on val: 0.881700
training accuracy (client 15) : 0.535714 
client 15 accuracy on val: 0.880019
client 15 fairness(EO, Y) on val: 0.906900
training accuracy (client 18) : 0.578571 
client 18 accuracy on val: 0.873527
client 18 fairness(EO, Y) on val: 0.882300
global model accuracy on val: 0.889877
global model fairness(EO, Y) on val: 0.994100
global model accuracy on test: 0.892041
global model fairness(EO, Y) on test: 0.993900
------------ run = 5; t = 24; F_Global = 0.9941, Privileged = Y ------------
training accuracy (client 1) : 0.948258 
client 1 accuracy on val: 0.890358
client 1 fairness(EO, Y) on val: 0.997900
training accuracy (client 5) : 0.969555 
client 5 accuracy on val: 0.888675
client 5 fairness(EO, Y) on val: 1.000000
training accuracy (client 6) : 0.507812 
client 6 accuracy on val: 0.886030
client 6 fairness(EO, Y) on val: 0.920100
training accuracy (client 13) : 0.531250 
client 13 accuracy on val: 0.886030
client 13 fairness(EO, Y) on val: 0.904400
training accuracy (client 14) : 0.928571 
client 14 accuracy on val: 0.897331
client 14 fairness(EO, Y) on val: 0.883800
training accuracy (client 19) : 0.557143 
client 19 accuracy on val: 0.879779
client 19 fairness(EO, Y) on val: 0.883000
global model accuracy on val: 0.890118
global model fairness(EO, Y) on val: 0.993800
global model accuracy on test: 0.892041
global model fairness(EO, Y) on test: 0.993600
------------ run = 5; t = 25; F_Global = 0.9938, Privileged = Y ------------
training accuracy (client 4) : 0.974178 
client 4 accuracy on val: 0.888675
client 4 fairness(EO, Y) on val: 1.000000
training accuracy (client 7) : 0.944398 
client 7 accuracy on val: 0.895167
client 7 fairness(EO, Y) on val: 0.852200
training accuracy (client 9) : 0.508621 
client 9 accuracy on val: 0.886992
client 9 fairness(EO, Y) on val: 0.898400
training accuracy (client 10) : 0.550000 
client 10 accuracy on val: 0.881221
client 10 fairness(EO, Y) on val: 0.892600
training accuracy (client 13) : 0.514286 
client 13 accuracy on val: 0.881943
client 13 fairness(EO, Y) on val: 0.868700
training accuracy (client 14) : 0.560000 
client 14 accuracy on val: 0.882183
client 14 fairness(EO, Y) on val: 0.870400
global model accuracy on val: 0.889396
global model fairness(EO, Y) on val: 0.000000
global model accuracy on test: 0.891801
global model fairness(EO, Y) on test: 0.997900
------------ run = 5; t = 26; F_Global = 0, Privileged = Y ------------
training accuracy (client 1) : 0.949795 
client 1 accuracy on val: 0.890118
client 1 fairness(EO, Y) on val: 0.991800
training accuracy (client 5) : 0.969555 
client 5 accuracy on val: 0.888675
client 5 fairness(EO, Y) on val: 1.000000
training accuracy (client 6) : 0.975398 
client 6 accuracy on val: 0.892522
client 6 fairness(EO, Y) on val: 0.763900
training accuracy (client 9) : 0.520000 
client 9 accuracy on val: 0.890839
client 9 fairness(EO, Y) on val: 0.905700
training accuracy (client 14) : 0.535714 
client 14 accuracy on val: 0.884107
client 14 fairness(EO, Y) on val: 0.881300
training accuracy (client 17) : 0.542857 
client 17 accuracy on val: 0.881221
client 17 fairness(EO, Y) on val: 0.897900
global model accuracy on val: 0.890118
global model fairness(EO, Y) on val: 0.993800
global model accuracy on test: 0.892041
global model fairness(EO, Y) on test: 0.989300
------------ run = 5; t = 27; F_Global = 0.9938, Privileged = Y ------------
training accuracy (client 1) : 0.951844 
client 1 accuracy on val: 0.891560
client 1 fairness(EO, Y) on val: 0.979500
training accuracy (client 2) : 0.911728 
client 2 accuracy on val: 0.886752
client 2 fairness(EO, Y) on val: 1.006000
training accuracy (client 6) : 0.973951 
client 6 accuracy on val: 0.892041
client 6 fairness(EO, Y) on val: 0.755600
training accuracy (client 7) : 0.993450 
client 7 accuracy on val: 0.888675
client 7 fairness(EO, Y) on val: 1.000000
training accuracy (client 12) : 0.515625 
client 12 accuracy on val: 0.887954
client 12 fairness(EO, Y) on val: 0.883300
training accuracy (client 15) : 0.944398 
client 15 accuracy on val: 0.894927
client 15 fairness(EO, Y) on val: 0.848000
global model accuracy on val: 0.890118
global model fairness(EO, Y) on val: 0.995900
global model accuracy on test: 0.891801
global model fairness(EO, Y) on test: 0.993600
------------ run = 5; t = 28; F_Global = 0.9959, Privileged = Y ------------
training accuracy (client 4) : 0.969555 
client 4 accuracy on val: 0.889156
client 4 fairness(EO, Y) on val: 1.000000
training accuracy (client 8) : 0.526786 
client 8 accuracy on val: 0.886271
client 8 fairness(EO, Y) on val: 0.883200
training accuracy (client 11) : 0.542857 
client 11 accuracy on val: 0.883866
client 11 fairness(EO, Y) on val: 0.871300
training accuracy (client 12) : 0.517241 
client 12 accuracy on val: 0.886992
client 12 fairness(EO, Y) on val: 0.897600
training accuracy (client 16) : 0.951332 
client 16 accuracy on val: 0.891320
client 16 fairness(EO, Y) on val: 0.979500
training accuracy (client 17) : 0.973951 
client 17 accuracy on val: 0.892522
client 17 fairness(EO, Y) on val: 0.759800
global model accuracy on val: 0.890118
global model fairness(EO, Y) on val: 0.995900
global model accuracy on test: 0.891560
global model fairness(EO, Y) on test: 0.993600
------------ run = 5; t = 29; F_Global = 0.9959, Privileged = Y ------------
training accuracy (client 2) : 0.861135 
client 2 accuracy on val: 0.875451
client 2 fairness(EO, Y) on val: 1.006600
training accuracy (client 7) : 0.510000 
client 7 accuracy on val: 0.890839
client 7 fairness(EO, Y) on val: 0.902000
training accuracy (client 8) : 0.492188 
client 8 accuracy on val: 0.890839
client 8 fairness(EO, Y) on val: 0.890000
training accuracy (client 10) : 0.542857 
client 10 accuracy on val: 0.884588
client 10 fairness(EO, Y) on val: 0.865700
training accuracy (client 14) : 0.944398 
client 14 accuracy on val: 0.894927
client 14 fairness(EO, Y) on val: 0.839800
training accuracy (client 19) : 0.973951 
client 19 accuracy on val: 0.890599
client 19 fairness(EO, Y) on val: 0.743300
global model accuracy on val: 0.890599
global model fairness(EO, Y) on val: 0.983900
global model accuracy on test: 0.892763
global model fairness(EO, Y) on test: 0.985700
------------ run = 5; t = 30; F_Global = 0.9839, Privileged = Y ------------
training accuracy (client 1) : 0.912989 
client 1 accuracy on val: 0.886271
client 1 fairness(EO, Y) on val: 1.007200
training accuracy (client 2) : 0.861981 
client 2 accuracy on val: 0.874489
client 2 fairness(EO, Y) on val: 1.020500
training accuracy (client 4) : 0.968384 
client 4 accuracy on val: 0.889156
client 4 fairness(EO, Y) on val: 1.000000
training accuracy (client 8) : 0.535714 
client 8 accuracy on val: 0.875451
client 8 fairness(EO, Y) on val: 0.856100
training accuracy (client 15) : 0.530000 
client 15 accuracy on val: 0.884107
client 15 fairness(EO, Y) on val: 0.885700
training accuracy (client 19) : 0.976845 
client 19 accuracy on val: 0.892282
client 19 fairness(EO, Y) on val: 0.753600
global model accuracy on val: 0.889156
global model fairness(EO, Y) on val: 0.987500
global model accuracy on test: 0.893003
global model fairness(EO, Y) on test: 0.986300
------------ run = 5; t = 31; F_Global = 0.9875, Privileged = Y ------------
training accuracy (client 3) : 0.974178 
client 3 accuracy on val: 0.888675
client 3 fairness(EO, Y) on val: 1.000000
training accuracy (client 4) : 0.969555 
client 4 accuracy on val: 0.888916
client 4 fairness(EO, Y) on val: 1.000000
training accuracy (client 5) : 0.993450 
client 5 accuracy on val: 0.888675
client 5 fairness(EO, Y) on val: 1.000000
training accuracy (client 12) : 0.517241 
client 12 accuracy on val: 0.880500
client 12 fairness(EO, Y) on val: 0.892500
training accuracy (client 15) : 0.557143 
client 15 accuracy on val: 0.876413
client 15 fairness(EO, Y) on val: 0.891600
training accuracy (client 18) : 0.530000 
client 18 accuracy on val: 0.882905
client 18 fairness(EO, Y) on val: 0.881000
global model accuracy on val: 0.889156
global model fairness(EO, Y) on val: 0.997900
global model accuracy on test: 0.892041
global model fairness(EO, Y) on test: 0.995700
------------ run = 5; t = 32; F_Global = 0.9979, Privileged = Y ------------
training accuracy (client 3) : 0.974178 
client 3 accuracy on val: 0.888675
client 3 fairness(EO, Y) on val: 1.000000
training accuracy (client 12) : 0.950307 
client 12 accuracy on val: 0.890118
client 12 fairness(EO, Y) on val: 0.991800
training accuracy (client 14) : 0.944398 
client 14 accuracy on val: 0.894927
client 14 fairness(EO, Y) on val: 0.854200
training accuracy (client 15) : 0.514286 
client 15 accuracy on val: 0.879057
client 15 fairness(EO, Y) on val: 0.884600
training accuracy (client 16) : 0.975398 
client 16 accuracy on val: 0.893724
client 16 fairness(EO, Y) on val: 0.776200
training accuracy (client 19) : 0.530000 
client 19 accuracy on val: 0.886511
client 19 fairness(EO, Y) on val: 0.920800
global model accuracy on val: 0.888916
global model fairness(EO, Y) on val: 0.000000
global model accuracy on test: 0.891801
global model fairness(EO, Y) on test: 0.997900
------------ run = 5; t = 33; F_Global = 0, Privileged = Y ------------
training accuracy (client 3) : 0.974178 
client 3 accuracy on val: 0.888675
client 3 fairness(EO, Y) on val: 1.000000
training accuracy (client 8) : 0.560000 
client 8 accuracy on val: 0.885549
client 8 fairness(EO, Y) on val: 0.904500
training accuracy (client 11) : 0.535714 
client 11 accuracy on val: 0.881221
client 11 fairness(EO, Y) on val: 0.904300
training accuracy (client 16) : 0.943976 
client 16 accuracy on val: 0.895167
client 16 fairness(EO, Y) on val: 0.858300
training accuracy (client 17) : 0.507143 
client 17 accuracy on val: 0.880741
client 17 fairness(EO, Y) on val: 0.892500
training accuracy (client 19) : 0.520000 
client 19 accuracy on val: 0.888675
client 19 fairness(EO, Y) on val: 0.925700
global model accuracy on val: 0.890118
global model fairness(EO, Y) on val: 0.995900
global model accuracy on test: 0.891801
global model fairness(EO, Y) on test: 0.989600
------------ run = 5; t = 34; F_Global = 0.9959, Privileged = Y ------------
training accuracy (client 1) : 0.914250 
client 1 accuracy on val: 0.886271
client 1 fairness(EO, Y) on val: 1.008500
training accuracy (client 6) : 0.955713 
client 6 accuracy on val: 0.890839
client 6 fairness(EO, Y) on val: 0.991800
training accuracy (client 15) : 0.952357 
client 15 accuracy on val: 0.891801
client 15 fairness(EO, Y) on val: 0.981500
training accuracy (client 16) : 0.943976 
client 16 accuracy on val: 0.895167
client 16 fairness(EO, Y) on val: 0.858300
training accuracy (client 17) : 0.521429 
client 17 accuracy on val: 0.874970
client 17 fairness(EO, Y) on val: 0.865200
training accuracy (client 19) : 0.530000 
client 19 accuracy on val: 0.885549
client 19 fairness(EO, Y) on val: 0.894400
global model accuracy on val: 0.889156
global model fairness(EO, Y) on val: 0.998300
global model accuracy on test: 0.892282
global model fairness(EO, Y) on test: 0.994200
------------ run = 5; t = 35; F_Global = 0.9983, Privileged = Y ------------
training accuracy (client 1) : 0.915511 
client 1 accuracy on val: 0.886030
client 1 fairness(EO, Y) on val: 1.009800
training accuracy (client 3) : 0.974178 
client 3 accuracy on val: 0.888675
client 3 fairness(EO, Y) on val: 1.000000
training accuracy (client 4) : 0.968384 
client 4 accuracy on val: 0.888916
client 4 fairness(EO, Y) on val: 1.000000
training accuracy (client 9) : 0.526786 
client 9 accuracy on val: 0.883145
client 9 fairness(EO, Y) on val: 0.913100
training accuracy (client 12) : 0.508621 
client 12 accuracy on val: 0.882183
client 12 fairness(EO, Y) on val: 0.926000
training accuracy (client 17) : 0.943976 
client 17 accuracy on val: 0.895408
client 17 fairness(EO, Y) on val: 0.872700
global model accuracy on val: 0.888916
global model fairness(EO, Y) on val: 0.997900
global model accuracy on test: 0.892041
global model fairness(EO, Y) on test: 0.995700
------------ run = 5; t = 36; F_Global = 0.9979, Privileged = Y ------------
training accuracy (client 2) : 0.861135 
client 2 accuracy on val: 0.873287
client 2 fairness(EO, Y) on val: 1.037400
training accuracy (client 7) : 0.560000 
client 7 accuracy on val: 0.877374
client 7 fairness(EO, Y) on val: 0.912300
training accuracy (client 9) : 0.550000 
client 9 accuracy on val: 0.876653
client 9 fairness(EO, Y) on val: 0.902400
training accuracy (client 10) : 0.500000 
client 10 accuracy on val: 0.884588
client 10 fairness(EO, Y) on val: 0.932500
training accuracy (client 15) : 0.514286 
client 15 accuracy on val: 0.873287
client 15 fairness(EO, Y) on val: 0.900800
training accuracy (client 18) : 0.517241 
client 18 accuracy on val: 0.885069
client 18 fairness(EO, Y) on val: 0.931200
global model accuracy on val: 0.887232
global model fairness(EO, Y) on val: 0.999900
global model accuracy on test: 0.891080
global model fairness(EO, N) on test: 0.999600
------------ run = 5; t = 37; F_Global = 0.9999, Privileged = Y ------------
training accuracy (client 1) : 0.914250 
client 1 accuracy on val: 0.886271
client 1 fairness(EO, Y) on val: 1.011300
training accuracy (client 2) : 0.861135 
client 2 accuracy on val: 0.868718
client 2 fairness(EO, Y) on val: 1.049200
training accuracy (client 7) : 0.554688 
client 7 accuracy on val: 0.874489
client 7 fairness(EO, Y) on val: 0.942600
training accuracy (client 10) : 0.955713 
client 10 accuracy on val: 0.889156
client 10 fairness(EO, Y) on val: 0.993800
training accuracy (client 11) : 0.948258 
client 11 accuracy on val: 0.889156
client 11 fairness(EO, Y) on val: 1.000000
training accuracy (client 19) : 0.534483 
client 19 accuracy on val: 0.870161
client 19 fairness(EO, Y) on val: 0.946100
global model accuracy on val: 0.886511
global model fairness(EO, N) on val: 0.993600
global model accuracy on test: 0.891320
global model fairness(EO, N) on test: 0.998100
------------ run = 5; t = 38; F_Global = 0.9936, Privileged = N ------------
training accuracy (client 3) : 0.974178 
client 3 accuracy on val: 0.888675
client 3 fairness(EO, N) on val: 1.000000
training accuracy (client 9) : 0.948258 
client 9 accuracy on val: 0.888675
client 9 fairness(EO, N) on val: 1.000000
training accuracy (client 10) : 0.540000 
client 10 accuracy on val: 0.870642
client 10 fairness(EO, N) on val: 1.056400
training accuracy (client 11) : 0.535714 
client 11 accuracy on val: 0.869199
client 11 fairness(EO, N) on val: 1.047200
training accuracy (client 13) : 0.560000 
client 13 accuracy on val: 0.868238
client 13 fairness(EO, N) on val: 1.069500
training accuracy (client 17) : 0.546875 
client 17 accuracy on val: 0.874489
client 17 fairness(EO, N) on val: 1.046000
global model accuracy on val: 0.886511
global model fairness(EO, N) on val: 0.995900
global model accuracy on test: 0.891320
global model fairness(EO, N) on test: 0.999000
------------ run = 5; t = 39; F_Global = 0.9959, Privileged = N ------------
training accuracy (client 1) : 0.914250 
client 1 accuracy on val: 0.886511
client 1 fairness(EO, N) on val: 0.988800
training accuracy (client 3) : 0.974178 
client 3 accuracy on val: 0.888675
client 3 fairness(EO, N) on val: 1.000000
training accuracy (client 6) : 0.929487 
client 6 accuracy on val: 0.895888
client 6 fairness(EO, N) on val: 1.122700
training accuracy (client 13) : 0.560000 
client 13 accuracy on val: 0.867757
client 13 fairness(EO, N) on val: 1.075000
training accuracy (client 16) : 0.542857 
client 16 accuracy on val: 0.855735
client 16 fairness(EO, N) on val: 1.080900
training accuracy (client 19) : 0.534483 
client 19 accuracy on val: 0.870161
client 19 fairness(EO, N) on val: 1.043000
global model accuracy on val: 0.887232
global model fairness(EO, Y) on val: 0.997700
global model accuracy on test: 0.892282
global model fairness(EO, N) on test: 0.999800
------------ run = 5; t = 40; F_Global = 0.9977, Privileged = Y ------------
training accuracy (client 3) : 0.969555 
client 3 accuracy on val: 0.888675
client 3 fairness(EO, Y) on val: 1.000000
training accuracy (client 4) : 0.993450 
client 4 accuracy on val: 0.888675
client 4 fairness(EO, Y) on val: 1.000000
training accuracy (client 8) : 0.948258 
client 8 accuracy on val: 0.889156
client 8 fairness(EO, Y) on val: 1.000000
training accuracy (client 12) : 0.600000 
client 12 accuracy on val: 0.859582
client 12 fairness(EO, Y) on val: 0.911000
training accuracy (client 13) : 0.585714 
client 13 accuracy on val: 0.858620
client 13 fairness(EO, Y) on val: 0.915600
training accuracy (client 18) : 0.551724 
client 18 accuracy on val: 0.865112
client 18 fairness(EO, Y) on val: 0.943600
global model accuracy on val: 0.888194
global model fairness(EO, Y) on val: 0.999800
global model accuracy on test: 0.891320
global model fairness(EO, Y) on test: 0.995400
------------ run = 5; t = 41; F_Global = 0.9998, Privileged = Y ------------
training accuracy (client 2) : 0.974178 
client 2 accuracy on val: 0.888675
client 2 fairness(EO, Y) on val: 1.000000
training accuracy (client 4) : 0.993450 
client 4 accuracy on val: 0.888675
client 4 fairness(EO, Y) on val: 1.000000
training accuracy (client 11) : 0.943976 
client 11 accuracy on val: 0.894205
client 11 fairness(EO, Y) on val: 0.878900
training accuracy (client 12) : 0.507812 
client 12 accuracy on val: 0.880260
client 12 fairness(EO, Y) on val: 0.941000
training accuracy (client 15) : 0.955713 
client 15 accuracy on val: 0.889156
client 15 fairness(EO, Y) on val: 0.991800
training accuracy (client 18) : 0.571429 
client 18 accuracy on val: 0.870402
client 18 fairness(EO, Y) on val: 0.915600
global model accuracy on val: 0.888675
global model fairness(EO, Y) on val: 0.000000
global model accuracy on test: 0.892041
global model fairness(EO, Y) on test: 0.000000
------------ run = 5; t = 42; F_Global = 0, Privileged = Y ------------
training accuracy (client 4) : 0.993450 
client 4 accuracy on val: 0.888675
client 4 fairness(EO, Y) on val: 1.000000
training accuracy (client 7) : 0.975398 
client 7 accuracy on val: 0.894686
client 7 fairness(EO, Y) on val: 0.804900
training accuracy (client 8) : 0.948770 
client 8 accuracy on val: 0.889156
client 8 fairness(EO, Y) on val: 0.997900
training accuracy (client 10) : 0.517857 
client 10 accuracy on val: 0.882664
client 10 fairness(EO, Y) on val: 0.954800
training accuracy (client 14) : 0.550000 
client 14 accuracy on val: 0.879298
client 14 fairness(EO, Y) on val: 0.937300
training accuracy (client 18) : 0.955713 
client 18 accuracy on val: 0.889156
client 18 fairness(EO, Y) on val: 0.991800
global model accuracy on val: 0.888916
global model fairness(EO, Y) on val: 0.997900
global model accuracy on test: 0.892041
global model fairness(EO, Y) on test: 0.995700
------------ run = 5; t = 43; F_Global = 0.9979, Privileged = Y ------------
training accuracy (client 4) : 0.993450 
client 4 accuracy on val: 0.888675
client 4 fairness(EO, Y) on val: 1.000000
training accuracy (client 8) : 0.951844 
client 8 accuracy on val: 0.891080
client 8 fairness(EO, Y) on val: 0.983600
training accuracy (client 9) : 0.520000 
client 9 accuracy on val: 0.881943
client 9 fairness(EO, Y) on val: 0.916100
training accuracy (client 14) : 0.560000 
client 14 accuracy on val: 0.873287
client 14 fairness(EO, Y) on val: 0.901400
training accuracy (client 16) : 0.944398 
client 16 accuracy on val: 0.894927
client 16 fairness(EO, Y) on val: 0.874700
training accuracy (client 17) : 0.507812 
client 17 accuracy on val: 0.883145
client 17 fairness(EO, Y) on val: 0.932200
global model accuracy on val: 0.888675
global model fairness(EO, Y) on val: 0.000000
global model accuracy on test: 0.891801
global model fairness(EO, Y) on test: 0.000000
------------ run = 5; t = 44; F_Global = 0, Privileged = Y ------------
training accuracy (client 5) : 0.930403 
client 5 accuracy on val: 0.895648
client 5 fairness(EO, Y) on val: 0.861700
training accuracy (client 8) : 0.517857 
client 8 accuracy on val: 0.885069
client 8 fairness(EO, Y) on val: 0.938600
training accuracy (client 13) : 0.955713 
client 13 accuracy on val: 0.891320
client 13 fairness(EO, Y) on val: 0.987700
training accuracy (client 17) : 0.540000 
client 17 accuracy on val: 0.881462
client 17 fairness(EO, Y) on val: 0.921400
training accuracy (client 18) : 0.944398 
client 18 accuracy on val: 0.894927
client 18 fairness(EO, Y) on val: 0.870600
training accuracy (client 19) : 0.500000 
client 19 accuracy on val: 0.885790
client 19 fairness(EO, Y) on val: 0.942200
global model accuracy on val: 0.891320
global model fairness(EO, Y) on val: 0.983600
global model accuracy on test: 0.893003
global model fairness(EO, Y) on test: 0.985100
------------ run = 5; t = 45; F_Global = 0.9836, Privileged = Y ------------
training accuracy (client 3) : 0.969555 
client 3 accuracy on val: 0.888916
client 3 fairness(EO, Y) on val: 0.997900
training accuracy (client 4) : 0.993450 
client 4 accuracy on val: 0.888675
client 4 fairness(EO, Y) on val: 1.000000
training accuracy (client 5) : 0.930403 
client 5 accuracy on val: 0.895408
client 5 fairness(EO, Y) on val: 0.857600
training accuracy (client 6) : 0.557143 
client 6 accuracy on val: 0.876172
client 6 fairness(EO, Y) on val: 0.883500
training accuracy (client 10) : 0.539062 
client 10 accuracy on val: 0.882905
client 10 fairness(EO, Y) on val: 0.875700
training accuracy (client 14) : 0.578571 
client 14 accuracy on val: 0.875932
client 14 fairness(EO, Y) on val: 0.859900
global model accuracy on val: 0.888916
global model fairness(EO, Y) on val: 0.997900
global model accuracy on test: 0.891320
global model fairness(EO, Y) on test: 0.995700
------------ run = 5; t = 46; F_Global = 0.9979, Privileged = Y ------------
training accuracy (client 1) : 0.861981 
client 1 accuracy on val: 0.874008
client 1 fairness(EO, Y) on val: 1.025800
training accuracy (client 3) : 0.969555 
client 3 accuracy on val: 0.888916
client 3 fairness(EO, Y) on val: 0.997900
training accuracy (client 6) : 0.526786 
client 6 accuracy on val: 0.885790
client 6 fairness(EO, Y) on val: 0.879300
training accuracy (client 8) : 0.915511 
client 8 accuracy on val: 0.886511
client 8 fairness(EO, Y) on val: 1.008200
training accuracy (client 9) : 0.517241 
client 9 accuracy on val: 0.887473
client 9 fairness(EO, Y) on val: 0.900900
training accuracy (client 13) : 0.540000 
client 13 accuracy on val: 0.884588
client 13 fairness(EO, Y) on val: 0.870100
global model accuracy on val: 0.889396
global model fairness(EO, Y) on val: 0.997900
global model accuracy on test: 0.892041
global model fairness(EO, Y) on test: 0.993900
------------ run = 5; t = 47; F_Global = 0.9979, Privileged = Y ------------
training accuracy (client 2) : 0.974178 
client 2 accuracy on val: 0.888675
client 2 fairness(EO, Y) on val: 1.000000
training accuracy (client 7) : 0.915511 
client 7 accuracy on val: 0.886030
client 7 fairness(EO, Y) on val: 1.010700
training accuracy (client 8) : 0.955713 
client 8 accuracy on val: 0.890599
client 8 fairness(EO, Y) on val: 0.989700
training accuracy (client 14) : 0.564286 
client 14 accuracy on val: 0.876413
client 14 fairness(EO, Y) on val: 0.920400
training accuracy (client 15) : 0.539062 
client 15 accuracy on val: 0.880741
client 15 fairness(EO, Y) on val: 0.917700
training accuracy (client 19) : 0.560000 
client 19 accuracy on val: 0.877615
client 19 fairness(EO, Y) on val: 0.909200
global model accuracy on val: 0.888675
global model fairness(EO, Y) on val: 0.000000
global model accuracy on test: 0.891801
global model fairness(EO, N) on test: 0.999400
------------ run = 5; t = 48; F_Global = 0, Privileged = Y ------------
training accuracy (client 4) : 0.993450 
client 4 accuracy on val: 0.888675
client 4 fairness(EO, Y) on val: 1.000000
training accuracy (client 7) : 0.912989 
client 7 accuracy on val: 0.884347
client 7 fairness(EO, Y) on val: 1.014900
training accuracy (client 8) : 0.948770 
client 8 accuracy on val: 0.888916
client 8 fairness(EO, Y) on val: 0.997900
training accuracy (client 11) : 0.507812 
client 11 accuracy on val: 0.878577
client 11 fairness(EO, Y) on val: 0.977600
training accuracy (client 13) : 0.557143 
client 13 accuracy on val: 0.871123
client 13 fairness(EO, Y) on val: 0.938500
training accuracy (client 19) : 0.560000 
client 19 accuracy on val: 0.874008
client 19 fairness(EO, Y) on val: 0.931600
global model accuracy on val: 0.887954
global model fairness(EO, N) on val: 0.996400
global model accuracy on test: 0.891320
global model fairness(EO, N) on test: 0.998400
------------ run = 5; t = 49; F_Global = 0.9964, Privileged = N ------------
training accuracy (client 6) : 0.542857 
client 6 accuracy on val: 0.853330
client 6 fairness(EO, N) on val: 1.064500
training accuracy (client 7) : 0.910467 
client 7 accuracy on val: 0.885309
client 7 fairness(EO, N) on val: 0.985700
training accuracy (client 8) : 0.948258 
client 8 accuracy on val: 0.888916
client 8 fairness(EO, N) on val: 1.002100
training accuracy (client 12) : 0.931319 
client 12 accuracy on val: 0.896850
client 12 fairness(EO, N) on val: 1.132000
training accuracy (client 13) : 0.592857 
client 13 accuracy on val: 0.863910
client 13 fairness(EO, N) on val: 1.078400
training accuracy (client 18) : 0.546875 
client 18 accuracy on val: 0.873287
client 18 fairness(EO, N) on val: 1.049400
global model accuracy on val: 0.885790
global model fairness(EO, Y) on val: 0.943400
global model accuracy on test: 0.891560
global model fairness(EO, Y) on test: 0.971000
------------ run = 5; t = 50; F_Global = 0.9434, Privileged = Y ------------
training accuracy (client 2) : 0.974178 
client 2 accuracy on val: 0.888675
client 2 fairness(EO, Y) on val: 1.000000
training accuracy (client 9) : 0.944398 
client 9 accuracy on val: 0.894205
client 9 fairness(EO, Y) on val: 0.878900
training accuracy (client 10) : 0.562500 
client 10 accuracy on val: 0.866074
client 10 fairness(EO, Y) on val: 0.895400
training accuracy (client 11) : 0.933150 
client 11 accuracy on val: 0.896610
client 11 fairness(EO, Y) on val: 0.880500
training accuracy (client 17) : 0.570312 
client 17 accuracy on val: 0.865112
client 17 fairness(EO, Y) on val: 0.885600
training accuracy (client 19) : 0.912989 
client 19 accuracy on val: 0.884828
client 19 fairness(EO, Y) on val: 1.014900
global model accuracy on val: 0.888435
global model fairness(EO, N) on val: 0.999700
global model accuracy on test: 0.891801
global model fairness(EO, N) on test: 0.999100
----------------Done (FLAlgMain)----------------
