Alg.: FairFateVC; Client dataset: today_20230531\dataset_EQO_run_9; client Count: 10
----------------(start loading 10 client datasets from today_20230531\dataset_EQO_run_9)----------------
----------------(successfully loading 10 client datasets and server testing data from today_20230531\dataset_EQO_run_9)----------------
----------------Execute (FLAlgMain)----------------
----------------(start running algorithm)----------------
global model accuracy on val: 0.489300
global model fairness(EQO, N) on val: 0.787200
------------ run = 10; t = 1; F_Global = 0.7872, Privileged = N ------------
training accuracy (client 2) : 0.975519 
client 2 accuracy on val: 0.893003
client 2 fairness(EQO, N) on val: 1.000000
training accuracy (client 4) : 0.794034 
client 4 accuracy on val: 0.452032
client 4 fairness(EQO, N) on val: 0.199700
training accuracy (client 10) : 0.761341 
client 10 accuracy on val: 0.585958
client 10 fairness(EQO, N) on val: 0.730600
global model accuracy on val: 0.845876
global model fairness(EQO, N) on val: 0.952200
global model accuracy on test: 0.838904
global model fairness(EQO, N) on test: 0.919800
------------ run = 10; t = 2; F_Global = 0.9522, Privileged = N ------------
training accuracy (client 3) : 0.953753 
client 3 accuracy on val: 0.894446
client 3 fairness(EQO, N) on val: 1.039200
training accuracy (client 7) : 1.000000 
client 7 accuracy on val: 0.893003
client 7 fairness(EQO, N) on val: 1.000000
training accuracy (client 11) : 0.765873 
client 11 accuracy on val: 0.682376
client 11 fairness(EQO, N) on val: 1.123200
training accuracy (client 12) : 0.733333 
client 12 accuracy on val: 0.683818
client 12 fairness(EQO, N) on val: 0.560000
global model accuracy on val: 0.892763
global model fairness(EQO, Y) on val: 0.986400
global model accuracy on test: 0.889877
global model fairness(EQO, Y) on test: 0.989100
------------ run = 10; t = 3; F_Global = 0.9864, Privileged = Y ------------
training accuracy (client 2) : 0.975519 
client 2 accuracy on val: 0.893003
client 2 fairness(EQO, Y) on val: 1.000000
training accuracy (client 4) : 0.769461 
client 4 accuracy on val: 0.627795
client 4 fairness(EQO, Y) on val: 0.281000
training accuracy (client 5) : 0.996895 
client 5 accuracy on val: 0.893003
client 5 fairness(EQO, Y) on val: 1.000000
training accuracy (client 10) : 0.848148 
client 10 accuracy on val: 0.408031
client 10 fairness(EQO, Y) on val: 18.214100
global model accuracy on val: 0.893003
global model fairness(EQO, Y) on val: 1.000000
global model accuracy on test: 0.891801
global model fairness(EQO, Y) on test: 1.000000
------------ run = 10; t = 4; F_Global = 1.0, Privileged = Y ------------
training accuracy (client 3) : 0.959818 
client 3 accuracy on val: 0.895408
client 3 fairness(EQO, Y) on val: 0.916200
training accuracy (client 6) : 1.000000 
client 6 accuracy on val: 0.893003
client 6 fairness(EQO, Y) on val: 1.000000
training accuracy (client 8) : 0.628049 
client 8 accuracy on val: 0.778553
client 8 fairness(EQO, Y) on val: 0.782400
training accuracy (client 11) : 0.713726 
client 11 accuracy on val: 0.729983
client 11 fairness(EQO, Y) on val: 1.885500
global model accuracy on val: 0.893003
global model fairness(EQO, Y) on val: 1.000000
global model accuracy on test: 0.891801
global model fairness(EQO, Y) on test: 1.000000
------------ run = 10; t = 5; F_Global = 1.0, Privileged = Y ------------
training accuracy (client 4) : 0.956120 
client 4 accuracy on val: 0.893003
client 4 fairness(EQO, Y) on val: 1.000000
training accuracy (client 10) : 0.642857 
client 10 accuracy on val: 0.827362
client 10 fairness(EQO, Y) on val: 0.713900
training accuracy (client 11) : 0.765766 
client 11 accuracy on val: 0.681173
client 11 fairness(EQO, Y) on val: 0.245900
training accuracy (client 13) : 0.628049 
client 13 accuracy on val: 0.781919
client 13 fairness(EQO, Y) on val: 0.717500
global model accuracy on val: 0.893003
global model fairness(EQO, Y) on val: 1.000000
global model accuracy on test: 0.891801
global model fairness(EQO, Y) on test: 1.000000
------------ run = 10; t = 6; F_Global = 1.0, Privileged = Y ------------
training accuracy (client 2) : 0.975519 
client 2 accuracy on val: 0.893003
client 2 fairness(EQO, Y) on val: 1.000000
training accuracy (client 8) : 0.734127 
client 8 accuracy on val: 0.721808
client 8 fairness(EQO, Y) on val: 0.874100
training accuracy (client 12) : 0.783784 
client 12 accuracy on val: 0.672517
client 12 fairness(EQO, Y) on val: 0.263100
training accuracy (client 13) : 0.634146 
client 13 accuracy on val: 0.767973
client 13 fairness(EQO, Y) on val: 0.737200
global model accuracy on val: 0.893003
global model fairness(EQO, Y) on val: 0.996100
global model accuracy on test: 0.892041
global model fairness(EQO, Y) on test: 0.997200
------------ run = 10; t = 7; F_Global = 0.9961, Privileged = Y ------------
training accuracy (client 2) : 0.976261 
client 2 accuracy on val: 0.893003
client 2 fairness(EQO, Y) on val: 1.000000
training accuracy (client 3) : 0.996895 
client 3 accuracy on val: 0.893003
client 3 fairness(EQO, Y) on val: 1.000000
training accuracy (client 4) : 0.956120 
client 4 accuracy on val: 0.893003
client 4 fairness(EQO, Y) on val: 1.000000
training accuracy (client 11) : 0.685484 
client 11 accuracy on val: 0.809329
client 11 fairness(EQO, Y) on val: 0.671500
global model accuracy on val: 0.893003
global model fairness(EQO, Y) on val: 1.000000
global model accuracy on test: 0.891801
global model fairness(EQO, Y) on test: 1.000000
------------ run = 10; t = 8; F_Global = 1.0, Privileged = Y ------------
training accuracy (client 3) : 0.996895 
client 3 accuracy on val: 0.893003
client 3 fairness(EQO, Y) on val: 1.000000
training accuracy (client 6) : 0.867572 
client 6 accuracy on val: 0.893003
client 6 fairness(EQO, Y) on val: 0.686200
training accuracy (client 10) : 0.633929 
client 10 accuracy on val: 0.832171
client 10 fairness(EQO, Y) on val: 0.685400
training accuracy (client 13) : 0.628049 
client 13 accuracy on val: 0.787689
client 13 fairness(EQO, Y) on val: 0.681200
global model accuracy on val: 0.893003
global model fairness(EQO, Y) on val: 1.000000
global model accuracy on test: 0.891801
global model fairness(EQO, Y) on test: 1.000000
------------ run = 10; t = 9; F_Global = 1.0, Privileged = Y ------------
training accuracy (client 1) : 0.936642 
client 1 accuracy on val: 0.888675
client 1 fairness(EQO, Y) on val: 0.419000
training accuracy (client 4) : 0.956120 
client 4 accuracy on val: 0.893003
client 4 fairness(EQO, Y) on val: 1.000000
training accuracy (client 8) : 0.962851 
client 8 accuracy on val: 0.897331
client 8 fairness(EQO, Y) on val: 0.881300
training accuracy (client 9) : 0.640625 
client 9 accuracy on val: 0.830007
client 9 fairness(EQO, Y) on val: 0.734300
global model accuracy on val: 0.893003
global model fairness(EQO, Y) on val: 1.000000
global model accuracy on test: 0.891801
global model fairness(EQO, Y) on test: 1.000000
------------ run = 10; t = 10; F_Global = 1.0, Privileged = Y ------------
training accuracy (client 10) : 0.894934 
client 10 accuracy on val: 0.894927
client 10 fairness(EQO, Y) on val: 1.035200
training accuracy (client 11) : 0.642857 
client 11 accuracy on val: 0.830248
client 11 fairness(EQO, Y) on val: 0.678900
training accuracy (client 13) : 0.937698 
client 13 accuracy on val: 0.889156
client 13 fairness(EQO, Y) on val: 0.416800
training accuracy (client 15) : 0.625000 
client 15 accuracy on val: 0.825679
client 15 fairness(EQO, Y) on val: 0.714900
global model accuracy on val: 0.893724
global model fairness(EQO, Y) on val: 0.987400
global model accuracy on test: 0.893003
global model fairness(EQO, Y) on test: 0.986000
------------ run = 10; t = 11; F_Global = 0.9874, Privileged = Y ------------
training accuracy (client 6) : 0.713726 
client 6 accuracy on val: 0.746574
client 6 fairness(EQO, Y) on val: 1.457800
training accuracy (client 7) : 0.774775 
client 7 accuracy on val: 0.698485
client 7 fairness(EQO, Y) on val: 0.254200
training accuracy (client 11) : 0.646341 
client 11 accuracy on val: 0.775186
client 11 fairness(EQO, Y) on val: 0.673000
training accuracy (client 12) : 0.963609 
client 12 accuracy on val: 0.896850
client 12 fairness(EQO, Y) on val: 0.887100
global model accuracy on val: 0.898293
global model fairness(EQO, Y) on val: 0.892100
global model accuracy on test: 0.900216
global model fairness(EQO, Y) on test: 0.899000
------------ run = 10; t = 12; F_Global = 0.8921, Privileged = Y ------------
training accuracy (client 5) : 0.844444 
client 5 accuracy on val: 0.392883
client 5 fairness(EQO, Y) on val: 20.696400
training accuracy (client 8) : 0.684524 
client 8 accuracy on val: 0.763164
client 8 fairness(EQO, Y) on val: 0.888500
training accuracy (client 10) : 0.678571 
client 10 accuracy on val: 0.803559
client 10 fairness(EQO, Y) on val: 0.707800
training accuracy (client 13) : 0.779279 
client 13 accuracy on val: 0.680692
client 13 fairness(EQO, Y) on val: 0.257000
global model accuracy on val: 0.884347
global model fairness(EQO, N) on val: 0.943200
global model accuracy on test: 0.885309
global model fairness(EQO, N) on test: 0.891100
------------ run = 10; t = 13; F_Global = 0.9432, Privileged = N ------------
training accuracy (client 4) : 1.000000 
client 4 accuracy on val: 0.893003
client 4 fairness(EQO, N) on val: 1.000000
training accuracy (client 7) : 0.741935 
client 7 accuracy on val: 0.750902
client 7 fairness(EQO, N) on val: 1.099400
training accuracy (client 10) : 0.679688 
client 10 accuracy on val: 0.750180
client 10 fairness(EQO, N) on val: 1.028000
training accuracy (client 14) : 0.705357 
client 14 accuracy on val: 0.766530
client 14 fairness(EQO, N) on val: 1.058700
global model accuracy on val: 0.886511
global model fairness(EQO, N) on val: 0.935100
global model accuracy on test: 0.887713
global model fairness(EQO, N) on test: 0.894900
------------ run = 10; t = 14; F_Global = 0.9351, Privileged = N ------------
training accuracy (client 1) : 0.976261 
client 1 accuracy on val: 0.893003
client 1 fairness(EQO, N) on val: 1.000000
training accuracy (client 11) : 0.719512 
client 11 accuracy on val: 0.722770
client 11 fairness(EQO, N) on val: 1.116400
training accuracy (client 14) : 0.705357 
client 14 accuracy on val: 0.763164
client 14 fairness(EQO, N) on val: 1.030100
training accuracy (client 15) : 0.824324 
client 15 accuracy on val: 0.628757
client 15 fairness(EQO, N) on val: 15.591900
global model accuracy on val: 0.885549
global model fairness(EQO, Y) on val: 0.894500
global model accuracy on test: 0.887954
global model fairness(EQO, Y) on test: 0.939400
------------ run = 10; t = 15; F_Global = 0.8945, Privileged = Y ------------
training accuracy (client 1) : 0.975519 
client 1 accuracy on val: 0.893003
client 1 fairness(EQO, Y) on val: 1.000000
training accuracy (client 2) : 0.996895 
client 2 accuracy on val: 0.893003
client 2 fairness(EQO, Y) on val: 1.000000
training accuracy (client 4) : 1.000000 
client 4 accuracy on val: 0.893003
client 4 fairness(EQO, Y) on val: 1.000000
training accuracy (client 14) : 0.723214 
client 14 accuracy on val: 0.756191
client 14 fairness(EQO, Y) on val: 0.796000
global model accuracy on val: 0.899976
global model fairness(EQO, Y) on val: 0.930800
global model accuracy on test: 0.898533
global model fairness(EQO, Y) on test: 0.946900
------------ run = 10; t = 16; F_Global = 0.9308, Privileged = Y ------------
training accuracy (client 2) : 0.996895 
client 2 accuracy on val: 0.893003
client 2 fairness(EQO, Y) on val: 1.000000
training accuracy (client 3) : 0.956120 
client 3 accuracy on val: 0.893003
client 3 fairness(EQO, Y) on val: 1.000000
training accuracy (client 4) : 1.000000 
client 4 accuracy on val: 0.893003
client 4 fairness(EQO, Y) on val: 1.000000
training accuracy (client 11) : 0.707317 
client 11 accuracy on val: 0.727819
client 11 fairness(EQO, Y) on val: 0.757700
global model accuracy on val: 0.893244
global model fairness(EQO, Y) on val: 0.997900
global model accuracy on test: 0.892763
global model fairness(EQO, Y) on test: 0.986100
------------ run = 10; t = 17; F_Global = 0.9979, Privileged = Y ------------
training accuracy (client 1) : 0.976261 
client 1 accuracy on val: 0.893003
client 1 fairness(EQO, Y) on val: 1.000000
training accuracy (client 9) : 0.937698 
client 9 accuracy on val: 0.886992
client 9 fairness(EQO, Y) on val: 0.403900
training accuracy (client 10) : 0.664062 
client 10 accuracy on val: 0.774465
client 10 fairness(EQO, Y) on val: 0.824400
training accuracy (client 14) : 0.705357 
client 14 accuracy on val: 0.778312
client 14 fairness(EQO, Y) on val: 0.857800
global model accuracy on val: 0.893484
global model fairness(EQO, Y) on val: 0.990300
global model accuracy on test: 0.892763
global model fairness(EQO, Y) on test: 0.986100
------------ run = 10; t = 18; F_Global = 0.9903, Privileged = Y ------------
training accuracy (client 7) : 0.741935 
client 7 accuracy on val: 0.774705
client 7 fairness(EQO, Y) on val: 0.760500
training accuracy (client 11) : 0.806306 
client 11 accuracy on val: 0.660255
client 11 fairness(EQO, Y) on val: 0.223800
training accuracy (client 14) : 0.664062 
client 14 accuracy on val: 0.782400
client 14 fairness(EQO, Y) on val: 0.781700
training accuracy (client 15) : 0.669643 
client 15 accuracy on val: 0.789853
client 15 fairness(EQO, Y) on val: 0.772900
global model accuracy on val: 0.897572
global model fairness(EQO, Y) on val: 0.925000
global model accuracy on test: 0.898293
global model fairness(EQO, Y) on test: 0.924900
------------ run = 10; t = 19; F_Global = 0.925, Privileged = Y ------------
training accuracy (client 1) : 0.975890 
client 1 accuracy on val: 0.893003
client 1 fairness(EQO, Y) on val: 1.000000
training accuracy (client 2) : 0.996895 
client 2 accuracy on val: 0.893003
client 2 fairness(EQO, Y) on val: 1.000000
training accuracy (client 8) : 0.963609 
client 8 accuracy on val: 0.896610
client 8 fairness(EQO, Y) on val: 0.897800
training accuracy (client 14) : 0.664062 
client 14 accuracy on val: 0.774705
client 14 fairness(EQO, Y) on val: 0.796000
global model accuracy on val: 0.893484
global model fairness(EQO, Y) on val: 0.986400
global model accuracy on test: 0.893003
global model fairness(EQO, Y) on test: 0.979400
------------ run = 10; t = 20; F_Global = 0.9864, Privileged = Y ------------
training accuracy (client 2) : 0.996895 
client 2 accuracy on val: 0.893003
client 2 fairness(EQO, Y) on val: 1.000000
training accuracy (client 5) : 0.855556 
client 5 accuracy on val: 0.328925
client 5 fairness(EQO, Y) on val: 24.519400
training accuracy (client 6) : 0.737255 
client 6 accuracy on val: 0.711469
client 6 fairness(EQO, Y) on val: 1.777900
training accuracy (client 10) : 0.936642 
client 10 accuracy on val: 0.887473
client 10 fairness(EQO, Y) on val: 0.395100
global model accuracy on val: 0.893244
global model fairness(EQO, Y) on val: 0.999100
global model accuracy on test: 0.892522
global model fairness(EQO, Y) on test: 0.993500
------------ run = 10; t = 21; F_Global = 0.9991, Privileged = Y ------------
training accuracy (client 3) : 0.956120 
client 3 accuracy on val: 0.893003
client 3 fairness(EQO, Y) on val: 1.000000
training accuracy (client 9) : 0.719512 
client 9 accuracy on val: 0.721327
client 9 fairness(EQO, Y) on val: 0.832900
training accuracy (client 11) : 0.824324 
client 11 accuracy on val: 0.635730
client 11 fairness(EQO, Y) on val: 0.235900
training accuracy (client 15) : 0.936642 
client 15 accuracy on val: 0.886992
client 15 fairness(EQO, Y) on val: 0.399900
global model accuracy on val: 0.893003
global model fairness(EQO, N) on val: 0.998000
global model accuracy on test: 0.891801
global model fairness(EQO, N) on test: 0.998000
------------ run = 10; t = 22; F_Global = 0.998, Privileged = N ------------
training accuracy (client 6) : 0.756863 
client 6 accuracy on val: 0.682616
client 6 fairness(EQO, N) on val: 0.510100
training accuracy (client 9) : 0.750000 
client 9 accuracy on val: 0.762202
client 9 fairness(EQO, N) on val: 1.163700
training accuracy (client 10) : 0.714286 
client 10 accuracy on val: 0.769656
client 10 fairness(EQO, N) on val: 1.147600
training accuracy (client 13) : 0.725610 
client 13 accuracy on val: 0.722529
client 13 fairness(EQO, N) on val: 1.236400
global model accuracy on val: 0.894446
global model fairness(EQO, N) on val: 0.996200
global model accuracy on test: 0.897572
global model fairness(EQO, N) on test: 0.958000
------------ run = 10; t = 23; F_Global = 0.9962, Privileged = N ------------
training accuracy (client 4) : 1.000000 
client 4 accuracy on val: 0.893003
client 4 fairness(EQO, N) on val: 1.000000
training accuracy (client 9) : 0.705357 
client 9 accuracy on val: 0.757634
client 9 fairness(EQO, N) on val: 1.095300
training accuracy (client 10) : 0.962851 
client 10 accuracy on val: 0.896610
client 10 fairness(EQO, N) on val: 1.115600
training accuracy (client 12) : 0.731707 
client 12 accuracy on val: 0.707382
client 12 fairness(EQO, N) on val: 1.146000
global model accuracy on val: 0.896850
global model fairness(EQO, Y) on val: 0.967100
global model accuracy on test: 0.899014
global model fairness(EQO, Y) on test: 0.988600
------------ run = 10; t = 24; F_Global = 0.9671, Privileged = Y ------------
training accuracy (client 3) : 0.956120 
client 3 accuracy on val: 0.893003
client 3 fairness(EQO, Y) on val: 1.000000
training accuracy (client 6) : 0.898061 
client 6 accuracy on val: 0.893244
client 6 fairness(EQO, Y) on val: 1.073300
training accuracy (client 10) : 0.963609 
client 10 accuracy on val: 0.897091
client 10 fairness(EQO, Y) on val: 0.888100
training accuracy (client 15) : 0.752941 
client 15 accuracy on val: 0.661938
client 15 fairness(EQO, Y) on val: 2.832500
global model accuracy on val: 0.893724
global model fairness(EQO, N) on val: 0.993300
global model accuracy on test: 0.898293
global model fairness(EQO, N) on test: 0.963000
------------ run = 10; t = 25; F_Global = 0.9933, Privileged = N ------------
training accuracy (client 2) : 0.996895 
client 2 accuracy on val: 0.893003
client 2 fairness(EQO, N) on val: 1.000000
training accuracy (client 7) : 0.738095 
client 7 accuracy on val: 0.687665
client 7 fairness(EQO, N) on val: 0.866700
training accuracy (client 11) : 0.737805 
client 11 accuracy on val: 0.705698
client 11 fairness(EQO, N) on val: 1.156000
training accuracy (client 12) : 0.828829 
client 12 accuracy on val: 0.615533
client 12 fairness(EQO, N) on val: 15.125400
global model accuracy on val: 0.891080
global model fairness(EQO, Y) on val: 0.859200
global model accuracy on test: 0.893484
global model fairness(EQO, Y) on test: 0.913100
------------ run = 10; t = 26; F_Global = 0.8592, Privileged = Y ------------
training accuracy (client 1) : 0.976261 
client 1 accuracy on val: 0.893003
client 1 fairness(EQO, Y) on val: 1.000000
training accuracy (client 4) : 1.000000 
client 4 accuracy on val: 0.893003
client 4 fairness(EQO, Y) on val: 1.000000
training accuracy (client 6) : 0.899312 
client 6 accuracy on val: 0.894686
client 6 fairness(EQO, Y) on val: 1.059000
training accuracy (client 8) : 0.732143 
client 8 accuracy on val: 0.738158
client 8 fairness(EQO, Y) on val: 0.791000
global model accuracy on val: 0.899976
global model fairness(EQO, Y) on val: 0.913800
global model accuracy on test: 0.899495
global model fairness(EQO, Y) on test: 0.924900
------------ run = 10; t = 27; F_Global = 0.9138, Privileged = Y ------------
training accuracy (client 1) : 0.976261 
client 1 accuracy on val: 0.893244
client 1 fairness(EQO, Y) on val: 0.997100
training accuracy (client 5) : 0.851852 
client 5 accuracy on val: 0.280596
client 5 fairness(EQO, Y) on val: 48.224200
training accuracy (client 7) : 0.766129 
client 7 accuracy on val: 0.739601
client 7 fairness(EQO, Y) on val: 0.860200
training accuracy (client 11) : 0.935586 
client 11 accuracy on val: 0.887232
client 11 fairness(EQO, Y) on val: 0.376800
global model accuracy on val: 0.887713
global model fairness(EQO, N) on val: 0.899300
global model accuracy on test: 0.892522
global model fairness(EQO, N) on test: 0.860100
------------ run = 10; t = 28; F_Global = 0.8993, Privileged = N ------------
training accuracy (client 1) : 0.975890 
client 1 accuracy on val: 0.893244
client 1 fairness(EQO, N) on val: 1.002900
training accuracy (client 3) : 0.956120 
client 3 accuracy on val: 0.893003
client 3 fairness(EQO, N) on val: 1.000000
training accuracy (client 10) : 0.760784 
client 10 accuracy on val: 0.609522
client 10 fairness(EQO, N) on val: 0.368100
training accuracy (client 11) : 0.962093 
client 11 accuracy on val: 0.896369
client 11 fairness(EQO, N) on val: 1.116700
global model accuracy on val: 0.898774
global model fairness(EQO, Y) on val: 0.992000
global model accuracy on test: 0.896610
global model fairness(EQO, N) on test: 0.999600
------------ run = 10; t = 29; F_Global = 0.992, Privileged = Y ------------
training accuracy (client 1) : 0.976261 
client 1 accuracy on val: 0.893244
client 1 fairness(EQO, Y) on val: 0.997100
training accuracy (client 3) : 0.956120 
client 3 accuracy on val: 0.893003
client 3 fairness(EQO, Y) on val: 1.000000
training accuracy (client 14) : 0.936642 
client 14 accuracy on val: 0.886511
client 14 fairness(EQO, Y) on val: 0.382500
training accuracy (client 15) : 0.756863 
client 15 accuracy on val: 0.627314
client 15 fairness(EQO, Y) on val: 3.438900
global model accuracy on val: 0.898293
global model fairness(EQO, N) on val: 0.989500
global model accuracy on test: 0.897572
global model fairness(EQO, N) on test: 0.985600
------------ run = 10; t = 30; F_Global = 0.9895, Privileged = N ------------
training accuracy (client 6) : 0.894934 
client 6 accuracy on val: 0.893724
client 6 fairness(EQO, N) on val: 0.940000
training accuracy (client 7) : 0.718750 
client 7 accuracy on val: 0.719163
client 7 fairness(EQO, N) on val: 0.967700
training accuracy (client 8) : 0.750000 
client 8 accuracy on val: 0.692474
client 8 fairness(EQO, N) on val: 1.020800
training accuracy (client 13) : 0.774194 
client 13 accuracy on val: 0.718442
client 13 fairness(EQO, N) on val: 1.066900
global model accuracy on val: 0.886030
global model fairness(EQO, N) on val: 0.959100
global model accuracy on test: 0.890599
global model fairness(EQO, N) on test: 0.925200
------------ run = 10; t = 31; F_Global = 0.9591, Privileged = N ------------
training accuracy (client 6) : 0.737805 
client 6 accuracy on val: 0.682616
client 6 fairness(EQO, N) on val: 1.036800
training accuracy (client 10) : 0.723214 
client 10 accuracy on val: 0.725174
client 10 fairness(EQO, N) on val: 1.016300
training accuracy (client 11) : 0.774194 
client 11 accuracy on val: 0.709065
client 11 fairness(EQO, N) on val: 0.978800
training accuracy (client 12) : 0.768627 
client 12 accuracy on val: 0.608800
client 12 fairness(EQO, N) on val: 0.374800
global model accuracy on val: 0.846117
global model fairness(EQO, N) on val: 0.878700
global model accuracy on test: 0.856215
global model fairness(EQO, N) on test: 0.875200
------------ run = 10; t = 32; F_Global = 0.8787, Privileged = N ------------
training accuracy (client 2) : 0.996895 
client 2 accuracy on val: 0.893003
client 2 fairness(EQO, N) on val: 1.000000
training accuracy (client 3) : 0.956120 
client 3 accuracy on val: 0.893003
client 3 fairness(EQO, N) on val: 1.000000
training accuracy (client 10) : 0.705357 
client 10 accuracy on val: 0.704256
client 10 fairness(EQO, N) on val: 0.989000
training accuracy (client 15) : 0.764706 
client 15 accuracy on val: 0.591488
client 15 fairness(EQO, N) on val: 0.350100
global model accuracy on val: 0.888435
global model fairness(EQO, N) on val: 0.940600
global model accuracy on test: 0.893003
global model fairness(EQO, N) on test: 0.893500
------------ run = 10; t = 33; F_Global = 0.9406, Privileged = N ------------
training accuracy (client 6) : 0.750000 
client 6 accuracy on val: 0.685501
client 6 fairness(EQO, N) on val: 1.033400
training accuracy (client 12) : 0.936642 
client 12 accuracy on val: 0.886511
client 12 fairness(EQO, N) on val: 4.983100
training accuracy (client 13) : 0.898687 
client 13 accuracy on val: 0.892041
client 13 fairness(EQO, N) on val: 0.905900
training accuracy (client 15) : 0.756863 
client 15 accuracy on val: 0.604713
client 15 fairness(EQO, N) on val: 0.373100
global model accuracy on val: 0.897812
global model fairness(EQO, Y) on val: 0.824700
global model accuracy on test: 0.900216
global model fairness(EQO, Y) on test: 0.851700
------------ run = 10; t = 34; F_Global = 0.8247, Privileged = Y ------------
training accuracy (client 2) : 0.996895 
client 2 accuracy on val: 0.893003
client 2 fairness(EQO, Y) on val: 1.000000
training accuracy (client 5) : 0.851852 
client 5 accuracy on val: 0.251262
client 5 fairness(EQO, Y) on val: 73.175900
training accuracy (client 11) : 0.766129 
client 11 accuracy on val: 0.712671
client 11 fairness(EQO, Y) on val: 0.932200
training accuracy (client 15) : 0.768627 
client 15 accuracy on val: 0.609762
client 15 fairness(EQO, Y) on val: 3.928000
global model accuracy on val: 0.863910
global model fairness(EQO, N) on val: 0.740700
global model accuracy on test: 0.873287
global model fairness(EQO, N) on test: 0.715700
------------ run = 10; t = 35; F_Global = 0.7407, Privileged = N ------------
training accuracy (client 2) : 0.996895 
client 2 accuracy on val: 0.893003
client 2 fairness(EQO, N) on val: 1.000000
training accuracy (client 7) : 0.851351 
client 7 accuracy on val: 0.544362
client 7 fairness(EQO, N) on val: 1.380200
training accuracy (client 11) : 0.790323 
client 11 accuracy on val: 0.673479
client 11 fairness(EQO, N) on val: 0.915300
training accuracy (client 15) : 0.772549 
client 15 accuracy on val: 0.561193
client 15 fairness(EQO, N) on val: 0.317300
global model accuracy on val: 0.883866
global model fairness(EQO, N) on val: 0.891700
global model accuracy on test: 0.887713
global model fairness(EQO, N) on test: 0.865400
------------ run = 10; t = 36; F_Global = 0.8917, Privileged = N ------------
training accuracy (client 3) : 0.956120 
client 3 accuracy on val: 0.893003
client 3 fairness(EQO, N) on val: 1.000000
training accuracy (client 4) : 1.000000 
client 4 accuracy on val: 0.893003
client 4 fairness(EQO, N) on val: 1.000000
training accuracy (client 5) : 0.851852 
client 5 accuracy on val: 0.239481
client 5 fairness(EQO, N) on val: 0.041000
training accuracy (client 13) : 0.726562 
client 13 accuracy on val: 0.667468
client 13 fairness(EQO, N) on val: 0.846800
global model accuracy on val: 0.896610
global model fairness(EQO, N) on val: 0.963900
global model accuracy on test: 0.894686
global model fairness(EQO, N) on test: 0.965000
------------ run = 10; t = 37; F_Global = 0.9639, Privileged = N ------------
training accuracy (client 1) : 0.976632 
client 1 accuracy on val: 0.893484
client 1 fairness(EQO, N) on val: 1.005800
training accuracy (client 10) : 0.766129 
client 10 accuracy on val: 0.695119
client 10 fairness(EQO, N) on val: 0.965100
training accuracy (client 11) : 0.936642 
client 11 accuracy on val: 0.885790
client 11 fairness(EQO, N) on val: 4.633500
training accuracy (client 14) : 0.850000 
client 14 accuracy on val: 0.238038
client 14 fairness(EQO, N) on val: 0.040100
global model accuracy on val: 0.898774
global model fairness(EQO, Y) on val: 0.919600
global model accuracy on test: 0.898774
global model fairness(EQO, Y) on test: 0.916500
------------ run = 10; t = 38; F_Global = 0.9196, Privileged = Y ------------
training accuracy (client 2) : 0.996895 
client 2 accuracy on val: 0.893003
client 2 fairness(EQO, Y) on val: 1.000000
training accuracy (client 9) : 0.705357 
client 9 accuracy on val: 0.714114
client 9 fairness(EQO, Y) on val: 0.724700
training accuracy (client 10) : 0.766129 
client 10 accuracy on val: 0.703294
client 10 fairness(EQO, Y) on val: 0.929600
training accuracy (client 15) : 0.853704 
client 15 accuracy on val: 0.228420
client 15 fairness(EQO, Y) on val: 75.889000
global model accuracy on val: 0.872325
global model fairness(EQO, N) on val: 0.728500
global model accuracy on test: 0.877374
global model fairness(EQO, N) on test: 0.720600
------------ run = 10; t = 39; F_Global = 0.7285, Privileged = N ------------
training accuracy (client 8) : 0.773810 
client 8 accuracy on val: 0.617216
client 8 fairness(EQO, N) on val: 0.616700
training accuracy (client 9) : 0.790323 
client 9 accuracy on val: 0.654003
client 9 fairness(EQO, N) on val: 0.833300
training accuracy (client 12) : 0.772549 
client 12 accuracy on val: 0.536427
client 12 fairness(EQO, N) on val: 0.295700
training accuracy (client 15) : 0.732143 
client 15 accuracy on val: 0.652801
client 15 fairness(EQO, N) on val: 0.802100
global model accuracy on val: 0.793941
global model fairness(EQO, N) on val: 0.587100
global model accuracy on test: 0.799231
global model fairness(EQO, N) on test: 0.552700
------------ run = 10; t = 40; F_Global = 0.5871, Privileged = N ------------
training accuracy (client 1) : 0.976632 
client 1 accuracy on val: 0.893003
client 1 fairness(EQO, N) on val: 1.000000
training accuracy (client 6) : 0.891892 
client 6 accuracy on val: 0.505891
client 6 fairness(EQO, N) on val: 1.988500
training accuracy (client 9) : 0.936642 
client 9 accuracy on val: 0.885790
client 9 fairness(EQO, N) on val: 5.033800
training accuracy (client 12) : 0.853704 
client 12 accuracy on val: 0.229142
client 12 fairness(EQO, N) on val: 0.034300
global model accuracy on val: 0.873768
global model fairness(EQO, Y) on val: 0.822300
global model accuracy on test: 0.879779
global model fairness(EQO, Y) on test: 0.761500
------------ run = 10; t = 41; F_Global = 0.8223, Privileged = Y ------------
training accuracy (client 7) : 0.961334 
client 7 accuracy on val: 0.896610
client 7 fairness(EQO, Y) on val: 0.897800
training accuracy (client 9) : 0.938754 
client 9 accuracy on val: 0.885549
client 9 fairness(EQO, Y) on val: 0.357800
training accuracy (client 10) : 0.896185 
client 10 accuracy on val: 0.893965
client 10 fairness(EQO, Y) on val: 1.064000
training accuracy (client 15) : 0.855556 
client 15 accuracy on val: 0.233950
client 15 fairness(EQO, Y) on val: 75.015200
global model accuracy on val: 0.733349
global model fairness(EQO, N) on val: 0.437500
global model accuracy on test: 0.742005
global model fairness(EQO, N) on test: 0.355700
------------ run = 10; t = 42; F_Global = 0.4375, Privileged = N ------------
training accuracy (client 1) : 0.976632 
client 1 accuracy on val: 0.893724
client 1 fairness(EQO, N) on val: 1.008800
training accuracy (client 5) : 0.774390 
client 5 accuracy on val: 0.612888
client 5 fairness(EQO, N) on val: 0.855300
training accuracy (client 7) : 0.959060 
client 7 accuracy on val: 0.896610
client 7 fairness(EQO, N) on val: 1.120900
training accuracy (client 14) : 0.853704 
client 14 accuracy on val: 0.211349
client 14 fairness(EQO, N) on val: 0.023000
global model accuracy on val: 0.886511
global model fairness(EQO, N) on val: 0.961400
global model accuracy on test: 0.893003
global model fairness(EQO, N) on test: 0.923400
------------ run = 10; t = 43; F_Global = 0.9614, Privileged = N ------------
training accuracy (client 2) : 0.996895 
client 2 accuracy on val: 0.893003
client 2 fairness(EQO, N) on val: 1.000000
training accuracy (client 6) : 0.896396 
client 6 accuracy on val: 0.516711
client 6 fairness(EQO, N) on val: 2.322600
training accuracy (client 11) : 0.741071 
client 11 accuracy on val: 0.667709
client 11 fairness(EQO, N) on val: 1.040600
training accuracy (client 14) : 0.936642 
client 14 accuracy on val: 0.885790
client 14 fairness(EQO, N) on val: 5.004500
global model accuracy on val: 0.896610
global model fairness(EQO, Y) on val: 0.658700
global model accuracy on test: 0.902380
global model fairness(EQO, Y) on test: 0.630200
------------ run = 10; t = 44; F_Global = 0.6587, Privileged = Y ------------
training accuracy (client 1) : 0.977003 
client 1 accuracy on val: 0.893003
client 1 fairness(EQO, Y) on val: 1.000000
training accuracy (client 6) : 0.869369 
client 6 accuracy on val: 0.522722
client 6 fairness(EQO, Y) on val: 0.058100
training accuracy (client 12) : 0.761905 
client 12 accuracy on val: 0.623227
client 12 fairness(EQO, Y) on val: 1.294900
training accuracy (client 13) : 0.776471 
client 13 accuracy on val: 0.535706
client 13 fairness(EQO, Y) on val: 5.644800
global model accuracy on val: 0.868959
global model fairness(EQO, Y) on val: 0.989900
global model accuracy on test: 0.879779
global model fairness(EQO, N) on test: 0.973800
------------ run = 10; t = 45; F_Global = 0.9899, Privileged = Y ------------
training accuracy (client 1) : 0.976632 
client 1 accuracy on val: 0.894686
client 1 fairness(EQO, Y) on val: 0.979800
training accuracy (client 11) : 0.779762 
client 11 accuracy on val: 0.604232
client 11 fairness(EQO, Y) on val: 1.469200
training accuracy (client 13) : 0.936642 
client 13 accuracy on val: 0.885790
client 13 fairness(EQO, Y) on val: 0.358300
training accuracy (client 14) : 0.855556 
client 14 accuracy on val: 0.224573
client 14 fairness(EQO, Y) on val: 76.629300
global model accuracy on val: 0.615052
global model fairness(EQO, N) on val: 0.201100
global model accuracy on test: 0.626112
global model fairness(EQO, N) on test: 0.147700
------------ run = 10; t = 46; F_Global = 0.2011, Privileged = N ------------
training accuracy (client 7) : 0.893684 
client 7 accuracy on val: 0.891801
client 7 fairness(EQO, N) on val: 0.949900
training accuracy (client 9) : 0.758929 
client 9 accuracy on val: 0.581390
client 9 fairness(EQO, N) on val: 0.561700
training accuracy (client 10) : 0.809524 
client 10 accuracy on val: 0.582111
client 10 fairness(EQO, N) on val: 0.604400
training accuracy (client 12) : 0.855556 
client 12 accuracy on val: 0.214956
client 12 fairness(EQO, N) on val: 0.025200
training accuracy (client 13) : 0.887387 
client 13 accuracy on val: 0.478480
client 13 fairness(EQO, N) on val: 3.369300
global model accuracy on val: 0.643424
global model fairness(EQO, N) on val: 0.788800
global model accuracy on test: 0.648714
global model fairness(EQO, N) on test: 0.623800
------------ run = 10; t = 47; F_Global = 0.7888, Privileged = N ------------
training accuracy (client 2) : 0.956120 
client 2 accuracy on val: 0.893003
client 2 fairness(EQO, N) on val: 1.000000
training accuracy (client 3) : 1.000000 
client 3 accuracy on val: 0.893003
client 3 fairness(EQO, N) on val: 1.000000
training accuracy (client 6) : 0.814516 
client 6 accuracy on val: 0.602789
client 6 fairness(EQO, N) on val: 0.793500
training accuracy (client 13) : 0.758929 
client 13 accuracy on val: 0.605194
client 13 fairness(EQO, N) on val: 0.718400
training accuracy (client 16) : 0.855556 
client 16 accuracy on val: 0.214715
client 16 fairness(EQO, N) on val: 0.023100
global model accuracy on val: 0.886511
global model fairness(EQO, N) on val: 0.887500
global model accuracy on test: 0.889396
global model fairness(EQO, N) on test: 0.861100
------------ run = 10; t = 48; F_Global = 0.8875, Privileged = N ------------
training accuracy (client 2) : 0.957275 
client 2 accuracy on val: 0.893003
client 2 fairness(EQO, N) on val: 1.000000
training accuracy (client 4) : 0.756098 
client 4 accuracy on val: 0.636932
client 4 fairness(EQO, N) on val: 0.967700
training accuracy (client 5) : 0.960576 
client 5 accuracy on val: 0.897091
client 5 fairness(EQO, N) on val: 1.187500
training accuracy (client 6) : 0.806452 
client 6 accuracy on val: 0.642703
client 6 fairness(EQO, N) on val: 0.850700
training accuracy (client 16) : 0.853704 
client 16 accuracy on val: 0.203414
client 16 fairness(EQO, N) on val: 0.013900
global model accuracy on val: 0.898774
global model fairness(EQO, Y) on val: 0.959300
global model accuracy on test: 0.898533
global model fairness(EQO, Y) on test: 0.978300
------------ run = 10; t = 49; F_Global = 0.9593, Privileged = Y ------------
training accuracy (client 2) : 0.957275 
client 2 accuracy on val: 0.893003
client 2 fairness(EQO, Y) on val: 1.000000
training accuracy (client 5) : 0.962093 
client 5 accuracy on val: 0.898293
client 5 fairness(EQO, Y) on val: 0.842300
training accuracy (client 11) : 0.905405 
client 11 accuracy on val: 0.509497
client 11 fairness(EQO, Y) on val: 0.068200
training accuracy (client 14) : 0.758929 
client 14 accuracy on val: 0.681654
client 14 fairness(EQO, Y) on val: 1.206600
training accuracy (client 16) : 0.855556 
client 16 accuracy on val: 0.214715
client 16 fairness(EQO, Y) on val: 147.002200
global model accuracy on val: 0.376533
global model fairness(EQO, N) on val: 0.047400
global model accuracy on test: 0.381582
global model fairness(EQO, N) on test: 0.014500
------------ run = 10; t = 50; F_Global = 0.0474, Privileged = N ------------
training accuracy (client 2) : 0.958430 
client 2 accuracy on val: 0.893003
client 2 fairness(EQO, N) on val: 1.000000
training accuracy (client 5) : 0.893058 
client 5 accuracy on val: 0.883626
client 5 fairness(EQO, N) on val: 0.818600
training accuracy (client 8) : 0.815476 
client 8 accuracy on val: 0.573455
client 8 fairness(EQO, N) on val: 0.535600
training accuracy (client 15) : 0.961334 
client 15 accuracy on val: 0.897331
client 15 fairness(EQO, N) on val: 1.180200
training accuracy (client 16) : 0.887387 
client 16 accuracy on val: 0.476557
client 16 fairness(EQO, N) on val: 2.457800
global model accuracy on val: 0.823996
global model fairness(EQO, Y) on val: 0.701900
global model accuracy on test: 0.827122
global model fairness(EQO, Y) on test: 0.683000
----------------Done (FLAlgMain)----------------
