------------Execute (split_train_val_test)------------
rTrain: 0.6, rVal: 0.2, rTest: 0.2, alpha: 0.5, num_clients: 10
Total number of data row in law.csv: 20798
Total number of Training datasets: 12480
Total number of Testing datasets: 4159
Total number of Validation datasets: 4159
ratio :
[[1.17209189e-03 1.24088676e-04 5.21511722e-03 3.74304672e-02
  8.53095164e-03 5.00241924e-01 2.06559178e-04 1.78247252e-01
  5.92493092e-02 2.09582240e-01]
 [2.06946250e-01 9.64953777e-03 7.25467288e-02 1.27446573e-01
  1.40270392e-01 8.95425964e-02 1.27024331e-01 1.20388135e-01
  4.26622153e-02 6.35232404e-02]
 [6.44731080e-02 1.23253569e-01 6.66977746e-02 2.37624771e-02
  1.07016543e-01 2.57180221e-01 2.21153005e-01 7.08857052e-02
  1.02673956e-02 5.53102022e-02]
 [2.30839117e-02 6.95286068e-02 1.43670783e-01 1.60400658e-01
  7.68130099e-04 4.79826498e-02 3.09457136e-01 1.51702941e-02
  2.18836172e-01 1.11016590e-02]]
Total number of data row in dataset: 12480
Total number of clients datasets: 10
----------------(start splitting client datasets from adult_used.csv)----------------
client 1 training data (286, 12)
client 2 training data (224, 12)
client 3 training data (283, 12)
client 4 training data (586, 12)
client 5 training data (352, 12)
client 6 training data (5304, 12)
client 7 training data (594, 12)
client 8 training data (1930, 12)
client 9 training data (740, 12)
client 10 training data (2181, 12)
----------------(finish splitting client datasets took 0.38596630096435547)----------------
------------Done (split_train_val_test)------------
