Alg.: FairFateVC; Client dataset: today_20230531\dataset_EO_run_3; client Count: 10
----------------(start loading 10 client datasets from today_20230531\dataset_EO_run_3)----------------
----------------(successfully loading 10 client datasets and server testing data from today_20230531\dataset_EO_run_3)----------------
----------------Execute (FLAlgMain)----------------
----------------(start running algorithm)----------------
global model accuracy on val: 0.377014
global model fairness(EO, N) on val: 0.329100
------------ run = 4; t = 1; F_Global = 0.3291, Privileged = N ------------
training accuracy (client 1) : 0.856423 
client 1 accuracy on val: 0.798750
client 1 fairness(EO, N) on val: 1.634400
training accuracy (client 5) : 0.879620 
client 5 accuracy on val: 0.876893
client 5 fairness(EO, N) on val: 1.347300
training accuracy (client 10) : 0.716895 
client 10 accuracy on val: 0.759077
client 10 fairness(EO, N) on val: 0.837100
global model accuracy on val: 0.804280
global model fairness(EO, N) on val: 0.901000
global model accuracy on test: 0.798509
global model fairness(EO, N) on test: 0.888100
------------ run = 4; t = 2; F_Global = 0.901, Privileged = N ------------
training accuracy (client 2) : 0.951340 
client 2 accuracy on val: 0.886992
client 2 fairness(EO, N) on val: 1.000000
training accuracy (client 5) : 0.895459 
client 5 accuracy on val: 0.878096
client 5 fairness(EO, N) on val: 1.491100
training accuracy (client 10) : 0.876712 
client 10 accuracy on val: 0.860784
client 10 fairness(EO, N) on val: 1.151200
global model accuracy on val: 0.886992
global model fairness(EO, N) on val: 0.997700
global model accuracy on test: 0.886511
global model fairness(EO, Y) on test: 0.999800
------------ run = 4; t = 3; F_Global = 0.9977, Privileged = N ------------
training accuracy (client 4) : 0.672457 
client 4 accuracy on val: 0.785044
client 4 fairness(EO, N) on val: 0.904200
training accuracy (client 8) : 0.937814 
client 8 accuracy on val: 0.887713
client 8 fairness(EO, N) on val: 1.000000
training accuracy (client 10) : 0.890411 
client 10 accuracy on val: 0.888675
client 10 fairness(EO, N) on val: 1.030400
global model accuracy on val: 0.888194
global model fairness(EO, Y) on val: 0.999500
global model accuracy on test: 0.889156
global model fairness(EO, Y) on test: 0.997200
------------ run = 4; t = 4; F_Global = 0.9995, Privileged = Y ------------
training accuracy (client 2) : 0.951340 
client 2 accuracy on val: 0.886992
client 2 fairness(EO, Y) on val: 1.000000
training accuracy (client 5) : 0.829721 
client 5 accuracy on val: 0.885549
client 5 fairness(EO, Y) on val: 0.754900
training accuracy (client 6) : 0.928422 
client 6 accuracy on val: 0.888435
client 6 fairness(EO, Y) on val: 1.000000
global model accuracy on val: 0.887954
global model fairness(EO, Y) on val: 0.998500
global model accuracy on test: 0.888435
global model fairness(EO, Y) on test: 0.996200
------------ run = 4; t = 5; F_Global = 0.9985, Privileged = Y ------------
training accuracy (client 1) : 0.942065 
client 1 accuracy on val: 0.887232
client 1 fairness(EO, Y) on val: 0.791200
training accuracy (client 2) : 0.951340 
client 2 accuracy on val: 0.886992
client 2 fairness(EO, Y) on val: 1.000000
training accuracy (client 10) : 0.835913 
client 10 accuracy on val: 0.887954
client 10 fairness(EO, Y) on val: 0.767200
global model accuracy on val: 0.887954
global model fairness(EO, Y) on val: 0.998500
global model accuracy on test: 0.888675
global model fairness(EO, Y) on test: 0.995900
------------ run = 4; t = 6; F_Global = 0.9985, Privileged = Y ------------
training accuracy (client 3) : 0.894403 
client 3 accuracy on val: 0.886030
client 3 fairness(EO, Y) on val: 0.764500
training accuracy (client 4) : 0.927900 
client 4 accuracy on val: 0.888435
client 4 fairness(EO, Y) on val: 0.997900
training accuracy (client 6) : 0.935575 
client 6 accuracy on val: 0.887954
client 6 fairness(EO, Y) on val: 1.000000
global model accuracy on val: 0.888435
global model fairness(EO, Y) on val: 0.000000
global model accuracy on test: 0.888435
global model fairness(EO, Y) on test: 0.998000
------------ run = 4; t = 7; F_Global = 0, Privileged = Y ------------
training accuracy (client 2) : 0.482036 
client 2 accuracy on val: 0.835056
client 2 fairness(EO, Y) on val: 0.644100
training accuracy (client 6) : 0.568238 
client 6 accuracy on val: 0.871604
client 6 fairness(EO, Y) on val: 1.038000
training accuracy (client 7) : 0.934509 
client 7 accuracy on val: 0.891080
client 7 fairness(EO, Y) on val: 0.837400
global model accuracy on val: 0.889637
global model fairness(EO, Y) on val: 0.993400
global model accuracy on test: 0.889637
global model fairness(EO, Y) on test: 0.998400
------------ run = 4; t = 8; F_Global = 0.9934, Privileged = Y ------------
training accuracy (client 3) : 0.939070 
client 3 accuracy on val: 0.888675
client 3 fairness(EO, Y) on val: 0.997900
training accuracy (client 4) : 0.935575 
client 4 accuracy on val: 0.887954
client 4 fairness(EO, Y) on val: 1.000000
training accuracy (client 7) : 0.952141 
client 7 accuracy on val: 0.890839
client 7 fairness(EO, Y) on val: 0.777900
global model accuracy on val: 0.888916
global model fairness(EO, Y) on val: 0.998500
global model accuracy on test: 0.889637
global model fairness(EO, Y) on test: 0.996200
------------ run = 4; t = 9; F_Global = 0.9985, Privileged = Y ------------
training accuracy (client 5) : 0.899543 
client 5 accuracy on val: 0.889396
client 5 fairness(EO, Y) on val: 0.990400
training accuracy (client 6) : 0.585608 
client 6 accuracy on val: 0.858620
client 6 fairness(EO, Y) on val: 1.015000
training accuracy (client 9) : 0.927377 
client 9 accuracy on val: 0.888675
client 9 fairness(EO, Y) on val: 0.997900
global model accuracy on val: 0.889156
global model fairness(EO, Y) on val: 0.997300
global model accuracy on test: 0.889396
global model fairness(EO, Y) on test: 0.997200
------------ run = 4; t = 10; F_Global = 0.9973, Privileged = Y ------------
training accuracy (client 1) : 0.951340 
client 1 accuracy on val: 0.887473
client 1 fairness(EO, Y) on val: 1.000000
training accuracy (client 3) : 0.938442 
client 3 accuracy on val: 0.888675
client 3 fairness(EO, Y) on val: 0.997900
training accuracy (client 9) : 0.904110 
client 9 accuracy on val: 0.890358
client 9 fairness(EO, Y) on val: 0.989200
global model accuracy on val: 0.888675
global model fairness(EO, Y) on val: 0.998500
global model accuracy on test: 0.888916
global model fairness(EO, Y) on test: 0.996200
------------ run = 4; t = 11; F_Global = 0.9985, Privileged = Y ------------
training accuracy (client 1) : 0.952045 
client 1 accuracy on val: 0.887473
client 1 fairness(EO, Y) on val: 1.000000
training accuracy (client 3) : 0.939070 
client 3 accuracy on val: 0.888675
client 3 fairness(EO, Y) on val: 0.995800
training accuracy (client 4) : 0.935575 
client 4 accuracy on val: 0.887954
client 4 fairness(EO, Y) on val: 1.000000
global model accuracy on val: 0.888194
global model fairness(EO, N) on val: 0.999400
global model accuracy on test: 0.888916
global model fairness(EO, Y) on test: 0.998000
------------ run = 4; t = 12; F_Global = 0.9994, Privileged = N ------------
training accuracy (client 2) : 0.491018 
client 2 accuracy on val: 0.830969
client 2 fairness(EO, N) on val: 1.445900
training accuracy (client 3) : 0.935792 
client 3 accuracy on val: 0.887954
client 3 fairness(EO, N) on val: 1.000000
training accuracy (client 4) : 0.583127 
client 4 accuracy on val: 0.862226
client 4 fairness(EO, N) on val: 0.971900
global model accuracy on val: 0.889156
global model fairness(EO, N) on val: 0.999400
global model accuracy on test: 0.889396
global model fairness(EO, Y) on test: 0.998300
------------ run = 4; t = 13; F_Global = 0.9994, Privileged = N ------------
training accuracy (client 4) : 0.839009 
client 4 accuracy on val: 0.884347
client 4 fairness(EO, N) on val: 1.340000
training accuracy (client 5) : 0.896515 
client 5 accuracy on val: 0.892522
client 5 fairness(EO, N) on val: 1.224900
training accuracy (client 6) : 0.939547 
client 6 accuracy on val: 0.893244
client 6 fairness(EO, N) on val: 1.189000
global model accuracy on val: 0.889637
global model fairness(EO, Y) on val: 0.990700
global model accuracy on test: 0.889396
global model fairness(EO, Y) on test: 0.995100
------------ run = 4; t = 14; F_Global = 0.9907, Privileged = Y ------------
training accuracy (client 2) : 0.523952 
client 2 accuracy on val: 0.810050
client 2 fairness(EO, Y) on val: 0.648500
training accuracy (client 6) : 0.962217 
client 6 accuracy on val: 0.892282
client 6 fairness(EO, Y) on val: 0.795500
training accuracy (client 7) : 0.927900 
client 7 accuracy on val: 0.888435
client 7 fairness(EO, Y) on val: 0.993700
global model accuracy on val: 0.889396
global model fairness(EO, Y) on val: 0.988600
global model accuracy on test: 0.889877
global model fairness(EO, Y) on test: 0.994800
------------ run = 4; t = 15; F_Global = 0.9886, Privileged = Y ------------
training accuracy (client 6) : 0.913242 
client 6 accuracy on val: 0.892763
client 6 fairness(EO, Y) on val: 0.948500
training accuracy (client 9) : 0.602978 
client 9 accuracy on val: 0.853571
client 9 fairness(EO, Y) on val: 0.980100
training accuracy (client 10) : 0.520958 
client 10 accuracy on val: 0.813657
client 10 fairness(EO, Y) on val: 0.638500
global model accuracy on val: 0.890599
global model fairness(EO, Y) on val: 0.986800
global model accuracy on test: 0.891320
global model fairness(EO, Y) on test: 0.992300
------------ run = 4; t = 16; F_Global = 0.9868, Privileged = Y ------------
training accuracy (client 2) : 0.935575 
client 2 accuracy on val: 0.887954
client 2 fairness(EO, Y) on val: 1.000000
training accuracy (client 6) : 0.538889 
client 6 accuracy on val: 0.880019
client 6 fairness(EO, Y) on val: 0.791400
training accuracy (client 7) : 0.994334 
client 7 accuracy on val: 0.886752
client 7 fairness(EO, Y) on val: 1.000000
global model accuracy on val: 0.888916
global model fairness(EO, Y) on val: 0.996700
global model accuracy on test: 0.889156
global model fairness(EO, Y) on test: 0.996200
------------ run = 4; t = 17; F_Global = 0.9967, Privileged = Y ------------
training accuracy (client 2) : 0.936009 
client 2 accuracy on val: 0.887954
client 2 fairness(EO, Y) on val: 1.000000
training accuracy (client 8) : 0.904110 
client 8 accuracy on val: 0.893484
client 8 fairness(EO, Y) on val: 0.976000
training accuracy (client 9) : 0.607940 
client 9 accuracy on val: 0.853090
client 9 fairness(EO, Y) on val: 1.006300
global model accuracy on val: 0.889637
global model fairness(EO, Y) on val: 0.999100
global model accuracy on test: 0.889637
global model fairness(EO, Y) on test: 0.998900
------------ run = 4; t = 18; F_Global = 0.9991, Privileged = Y ------------
training accuracy (client 7) : 0.962217 
client 7 accuracy on val: 0.893003
client 7 fairness(EO, Y) on val: 0.812500
training accuracy (client 10) : 0.527778 
client 10 accuracy on val: 0.885069
client 10 fairness(EO, Y) on val: 0.854000
training accuracy (client 11) : 0.899543 
client 11 accuracy on val: 0.893724
client 11 fairness(EO, Y) on val: 0.980200
global model accuracy on val: 0.890118
global model fairness(EO, Y) on val: 0.997000
global model accuracy on test: 0.889156
global model fairness(EO, Y) on test: 0.997200
------------ run = 4; t = 19; F_Global = 0.997, Privileged = Y ------------
training accuracy (client 2) : 0.936009 
client 2 accuracy on val: 0.887713
client 2 fairness(EO, Y) on val: 1.000000
training accuracy (client 3) : 0.837461 
client 3 accuracy on val: 0.883145
client 3 fairness(EO, Y) on val: 0.753800
training accuracy (client 7) : 0.615385 
client 7 accuracy on val: 0.844915
client 7 fairness(EO, Y) on val: 1.005800
global model accuracy on val: 0.891080
global model fairness(EO, Y) on val: 0.999100
global model accuracy on test: 0.888675
global model fairness(EO, Y) on test: 0.998400
------------ run = 4; t = 20; F_Global = 0.9991, Privileged = Y ------------
training accuracy (client 4) : 0.928945 
client 4 accuracy on val: 0.889156
client 4 fairness(EO, Y) on val: 0.993700
training accuracy (client 7) : 0.535928 
client 7 accuracy on val: 0.805242
client 7 fairness(EO, Y) on val: 0.714200
training accuracy (client 11) : 0.837461 
client 11 accuracy on val: 0.882664
client 11 fairness(EO, Y) on val: 0.769800
global model accuracy on val: 0.890358
global model fairness(EO, Y) on val: 0.992800
global model accuracy on test: 0.888916
global model fairness(EO, Y) on test: 0.998700
------------ run = 4; t = 21; F_Global = 0.9928, Privileged = Y ------------
training accuracy (client 7) : 0.550000 
client 7 accuracy on val: 0.879538
client 7 fairness(EO, Y) on val: 0.841600
training accuracy (client 8) : 0.899543 
client 8 accuracy on val: 0.894927
client 8 fairness(EO, Y) on val: 0.968100
training accuracy (client 9) : 0.929990 
client 9 accuracy on val: 0.889156
client 9 fairness(EO, Y) on val: 0.993700
global model accuracy on val: 0.890118
global model fairness(EO, Y) on val: 0.997000
global model accuracy on test: 0.889637
global model fairness(EO, Y) on test: 0.997200
------------ run = 4; t = 22; F_Global = 0.997, Privileged = Y ------------
training accuracy (client 3) : 0.894403 
client 3 accuracy on val: 0.892282
client 3 fairness(EO, Y) on val: 0.789500
training accuracy (client 6) : 0.964736 
client 6 accuracy on val: 0.892522
client 6 fairness(EO, Y) on val: 0.799800
training accuracy (client 11) : 0.908676 
client 11 accuracy on val: 0.894446
client 11 fairness(EO, Y) on val: 0.967800
global model accuracy on val: 0.890118
global model fairness(EO, Y) on val: 0.990700
global model accuracy on test: 0.890358
global model fairness(EO, Y) on test: 0.995400
------------ run = 4; t = 23; F_Global = 0.9907, Privileged = Y ------------
training accuracy (client 3) : 0.994334 
client 3 accuracy on val: 0.886752
client 3 fairness(EO, Y) on val: 1.000000
training accuracy (client 5) : 0.932602 
client 5 accuracy on val: 0.889156
client 5 fairness(EO, Y) on val: 0.993700
training accuracy (client 10) : 0.964736 
client 10 accuracy on val: 0.891320
client 10 fairness(EO, Y) on val: 0.781000
global model accuracy on val: 0.889156
global model fairness(EO, Y) on val: 0.998800
global model accuracy on test: 0.889156
global model fairness(EO, Y) on test: 0.996200
------------ run = 4; t = 24; F_Global = 0.9988, Privileged = Y ------------
training accuracy (client 2) : 0.936009 
client 2 accuracy on val: 0.887713
client 2 fairness(EO, Y) on val: 0.997900
training accuracy (client 5) : 0.933647 
client 5 accuracy on val: 0.889396
client 5 fairness(EO, Y) on val: 0.991600
training accuracy (client 6) : 0.517964 
client 6 accuracy on val: 0.815821
client 6 fairness(EO, Y) on val: 0.655500
global model accuracy on val: 0.889156
global model fairness(EO, Y) on val: 0.998800
global model accuracy on test: 0.889396
global model fairness(EO, Y) on test: 0.998300
------------ run = 4; t = 25; F_Global = 0.9988, Privileged = Y ------------
training accuracy (client 2) : 0.994334 
client 2 accuracy on val: 0.886752
client 2 fairness(EO, Y) on val: 1.000000
training accuracy (client 3) : 0.607940 
client 3 accuracy on val: 0.850445
client 3 fairness(EO, Y) on val: 1.003800
training accuracy (client 6) : 0.897571 
client 6 accuracy on val: 0.891080
client 6 fairness(EO, Y) on val: 0.774200
training accuracy (client 11) : 0.933124 
client 11 accuracy on val: 0.889637
client 11 fairness(EO, Y) on val: 0.991600
global model accuracy on val: 0.888916
global model fairness(EO, Y) on val: 0.998800
global model accuracy on test: 0.889396
global model fairness(EO, Y) on test: 0.998300
------------ run = 4; t = 26; F_Global = 0.9988, Privileged = Y ------------
training accuracy (client 1) : 0.952045 
client 1 accuracy on val: 0.887713
client 1 fairness(EO, Y) on val: 0.997900
training accuracy (client 2) : 0.994334 
client 2 accuracy on val: 0.886752
client 2 fairness(EO, Y) on val: 1.000000
training accuracy (client 3) : 0.612903 
client 3 accuracy on val: 0.847800
client 3 fairness(EO, Y) on val: 1.020800
training accuracy (client 10) : 0.523952 
client 10 accuracy on val: 0.811734
client 10 fairness(EO, Y) on val: 0.684300
global model accuracy on val: 0.888194
global model fairness(EO, Y) on val: 0.998800
global model accuracy on test: 0.889156
global model fairness(EO, Y) on test: 0.998300
------------ run = 4; t = 27; F_Global = 0.9988, Privileged = Y ------------
training accuracy (client 4) : 0.527778 
client 4 accuracy on val: 0.886511
client 4 fairness(EO, Y) on val: 0.873200
training accuracy (client 5) : 0.904110 
client 5 accuracy on val: 0.890599
client 5 fairness(EO, Y) on val: 0.984400
training accuracy (client 7) : 0.614865 
client 7 accuracy on val: 0.857899
client 7 fairness(EO, Y) on val: 0.789400
training accuracy (client 10) : 0.932602 
client 10 accuracy on val: 0.889156
client 10 fairness(EO, Y) on val: 0.994000
global model accuracy on val: 0.888194
global model fairness(EO, Y) on val: 0.998800
global model accuracy on test: 0.889156
global model fairness(EO, Y) on test: 0.998300
------------ run = 4; t = 28; F_Global = 0.9988, Privileged = Y ------------
training accuracy (client 1) : 0.994334 
client 1 accuracy on val: 0.886752
client 1 fairness(EO, Y) on val: 1.000000
training accuracy (client 3) : 0.842105 
client 3 accuracy on val: 0.883866
client 3 fairness(EO, Y) on val: 0.753000
training accuracy (client 9) : 0.535928 
client 9 accuracy on val: 0.807887
client 9 fairness(EO, Y) on val: 0.699700
training accuracy (client 13) : 0.594595 
client 13 accuracy on val: 0.887954
client 13 fairness(EO, Y) on val: 0.852100
global model accuracy on val: 0.888194
global model fairness(EO, Y) on val: 0.000000
global model accuracy on test: 0.888194
global model fairness(EO, Y) on test: 0.998000
------------ run = 4; t = 29; F_Global = 0, Privileged = Y ------------
training accuracy (client 8) : 0.522222 
client 8 accuracy on val: 0.893724
client 8 fairness(EO, Y) on val: 0.897100
training accuracy (client 10) : 0.527027 
client 10 accuracy on val: 0.895408
client 10 fairness(EO, Y) on val: 0.932300
training accuracy (client 11) : 0.933124 
client 11 accuracy on val: 0.889396
client 11 fairness(EO, Y) on val: 0.993700
training accuracy (client 14) : 0.540541 
client 14 accuracy on val: 0.892282
client 14 fairness(EO, Y) on val: 0.896700
global model accuracy on val: 0.888435
global model fairness(EO, Y) on val: 0.998500
global model accuracy on test: 0.889156
global model fairness(EO, Y) on test: 0.998000
------------ run = 4; t = 30; F_Global = 0.9985, Privileged = Y ------------
training accuracy (client 2) : 0.625310 
client 2 accuracy on val: 0.846838
client 2 fairness(EO, Y) on val: 1.030400
training accuracy (client 8) : 0.522222 
client 8 accuracy on val: 0.888435
client 8 fairness(EO, Y) on val: 0.855900
training accuracy (client 12) : 0.840557 
client 12 accuracy on val: 0.883866
client 12 fairness(EO, Y) on val: 0.753800
training accuracy (client 14) : 0.581081 
client 14 accuracy on val: 0.888194
client 14 fairness(EO, Y) on val: 0.844700
global model accuracy on val: 0.891801
global model fairness(EO, Y) on val: 0.999200
global model accuracy on test: 0.887713
global model fairness(EO, N) on test: 0.997200
------------ run = 4; t = 31; F_Global = 0.9992, Privileged = Y ------------
training accuracy (client 2) : 0.674938 
client 2 accuracy on val: 0.823275
client 2 fairness(EO, Y) on val: 1.071400
training accuracy (client 5) : 0.895459 
client 5 accuracy on val: 0.892041
client 5 fairness(EO, Y) on val: 0.812300
training accuracy (client 11) : 0.571856 
client 11 accuracy on val: 0.782400
client 11 fairness(EO, Y) on val: 0.724000
training accuracy (client 13) : 0.835913 
client 13 accuracy on val: 0.880741
client 13 fairness(EO, Y) on val: 0.784500
global model accuracy on val: 0.894205
global model fairness(EO, Y) on val: 0.986500
global model accuracy on test: 0.890358
global model fairness(EO, Y) on test: 0.989200
------------ run = 4; t = 32; F_Global = 0.9865, Privileged = Y ------------
training accuracy (client 8) : 0.574324 
client 8 accuracy on val: 0.867035
client 8 fairness(EO, Y) on val: 0.908900
training accuracy (client 9) : 0.929990 
client 9 accuracy on val: 0.888675
client 9 fairness(EO, Y) on val: 0.998500
training accuracy (client 10) : 0.616667 
client 10 accuracy on val: 0.849964
client 10 fairness(EO, Y) on val: 0.872800
training accuracy (client 11) : 0.675676 
client 11 accuracy on val: 0.855254
client 11 fairness(EO, Y) on val: 0.865000
global model accuracy on val: 0.893003
global model fairness(EO, Y) on val: 0.992100
global model accuracy on test: 0.890839
global model fairness(EO, Y) on test: 0.989000
------------ run = 4; t = 33; F_Global = 0.9921, Privileged = Y ------------
training accuracy (client 2) : 0.687345 
client 2 accuracy on val: 0.814619
client 2 fairness(EO, Y) on val: 1.093700
training accuracy (client 3) : 0.964736 
client 3 accuracy on val: 0.893003
client 3 fairness(EO, Y) on val: 0.804000
training accuracy (client 6) : 0.996890 
client 6 accuracy on val: 0.886752
client 6 fairness(EO, Y) on val: 1.000000
training accuracy (client 10) : 0.598802 
client 10 accuracy on val: 0.775667
client 10 fairness(EO, Y) on val: 0.733800
global model accuracy on val: 0.891080
global model fairness(EO, N) on val: 0.996500
global model accuracy on test: 0.888916
global model fairness(EO, N) on test: 0.994800
------------ run = 4; t = 34; F_Global = 0.9965, Privileged = N ------------
training accuracy (client 6) : 0.894977 
client 6 accuracy on val: 0.893724
client 6 fairness(EO, N) on val: 1.015500
training accuracy (client 10) : 0.560811 
client 10 accuracy on val: 0.883385
client 10 fairness(EO, N) on val: 1.066800
training accuracy (client 12) : 0.628378 
client 12 accuracy on val: 0.866314
client 12 fairness(EO, N) on val: 1.129000
training accuracy (client 14) : 0.586826 
client 14 accuracy on val: 0.774946
client 14 fairness(EO, N) on val: 1.295700
global model accuracy on val: 0.892763
global model fairness(EO, Y) on val: 0.979200
global model accuracy on test: 0.890839
global model fairness(EO, Y) on test: 0.987700
------------ run = 4; t = 35; F_Global = 0.9792, Privileged = Y ------------
training accuracy (client 1) : 0.994334 
client 1 accuracy on val: 0.886752
client 1 fairness(EO, Y) on val: 1.000000
training accuracy (client 2) : 0.707196 
client 2 accuracy on val: 0.795384
client 2 fairness(EO, Y) on val: 1.133000
training accuracy (client 6) : 0.922374 
client 6 accuracy on val: 0.895888
client 6 fairness(EO, Y) on val: 0.957500
training accuracy (client 7) : 0.931557 
client 7 accuracy on val: 0.888675
client 7 fairness(EO, Y) on val: 0.998500
global model accuracy on val: 0.893244
global model fairness(EO, N) on val: 0.998500
global model accuracy on test: 0.890358
global model fairness(EO, N) on test: 0.997700
------------ run = 4; t = 36; F_Global = 0.9985, Privileged = N ------------
training accuracy (client 1) : 0.994334 
client 1 accuracy on val: 0.886752
client 1 fairness(EO, N) on val: 1.000000
training accuracy (client 4) : 0.575758 
client 4 accuracy on val: 0.864871
client 4 fairness(EO, N) on val: 1.128100
training accuracy (client 9) : 0.574324 
client 9 accuracy on val: 0.874249
client 9 fairness(EO, N) on val: 1.087000
training accuracy (client 10) : 0.588889 
client 10 accuracy on val: 0.852368
client 10 fairness(EO, N) on val: 1.128200
global model accuracy on val: 0.891080
global model fairness(EO, N) on val: 0.999200
global model accuracy on test: 0.890599
global model fairness(EO, N) on test: 0.994200
------------ run = 4; t = 37; F_Global = 0.9992, Privileged = N ------------
training accuracy (client 1) : 0.994334 
client 1 accuracy on val: 0.886752
client 1 fairness(EO, N) on val: 1.000000
training accuracy (client 2) : 0.699752 
client 2 accuracy on val: 0.800673
client 2 fairness(EO, N) on val: 0.857500
training accuracy (client 3) : 0.965693 
client 3 accuracy on val: 0.886752
client 3 fairness(EO, N) on val: 1.000000
training accuracy (client 14) : 0.899543 
client 14 accuracy on val: 0.894205
client 14 fairness(EO, N) on val: 1.021100
global model accuracy on val: 0.888435
global model fairness(EO, N) on val: 0.998800
global model accuracy on test: 0.887232
global model fairness(EO, Y) on test: 0.999800
------------ run = 4; t = 38; F_Global = 0.9988, Privileged = N ------------
training accuracy (client 1) : 0.994334 
client 1 accuracy on val: 0.886752
client 1 fairness(EO, N) on val: 1.000000
training accuracy (client 7) : 0.837461 
client 7 accuracy on val: 0.882905
client 7 fairness(EO, N) on val: 1.217600
training accuracy (client 11) : 0.954660 
client 11 accuracy on val: 0.894205
client 11 fairness(EO, N) on val: 1.200400
training accuracy (client 14) : 0.699752 
client 14 accuracy on val: 0.810531
client 14 fairness(EO, N) on val: 0.857400
global model accuracy on val: 0.888435
global model fairness(EO, Y) on val: 0.999100
global model accuracy on test: 0.888194
global model fairness(EO, Y) on test: 0.999500
------------ run = 4; t = 39; F_Global = 0.9991, Privileged = Y ------------
training accuracy (client 3) : 0.560606 
client 3 accuracy on val: 0.881702
client 3 fairness(EO, Y) on val: 0.895800
training accuracy (client 5) : 0.935214 
client 5 accuracy on val: 0.888916
client 5 fairness(EO, Y) on val: 0.998500
training accuracy (client 7) : 0.835913 
client 7 accuracy on val: 0.880019
client 7 fairness(EO, Y) on val: 0.776800
training accuracy (client 9) : 0.533333 
client 9 accuracy on val: 0.871363
client 9 fairness(EO, Y) on val: 0.882800
global model accuracy on val: 0.888675
global model fairness(EO, Y) on val: 0.999100
global model accuracy on test: 0.888675
global model fairness(EO, Y) on test: 0.999500
------------ run = 4; t = 40; F_Global = 0.9991, Privileged = Y ------------
training accuracy (client 4) : 0.896515 
client 4 accuracy on val: 0.892282
client 4 fairness(EO, Y) on val: 0.804400
training accuracy (client 6) : 0.614865 
client 6 accuracy on val: 0.874970
client 6 fairness(EO, Y) on val: 0.867400
training accuracy (client 8) : 0.586826 
client 8 accuracy on val: 0.778072
client 8 fairness(EO, Y) on val: 0.741700
training accuracy (client 9) : 0.913242 
client 9 accuracy on val: 0.892763
client 9 fairness(EO, Y) on val: 0.976600
global model accuracy on val: 0.890358
global model fairness(EO, Y) on val: 0.999500
global model accuracy on test: 0.889396
global model fairness(EO, N) on test: 0.998900
------------ run = 4; t = 41; F_Global = 0.9995, Privileged = Y ------------
training accuracy (client 1) : 0.994334 
client 1 accuracy on val: 0.886752
client 1 fairness(EO, Y) on val: 1.000000
training accuracy (client 3) : 0.996890 
client 3 accuracy on val: 0.886752
client 3 fairness(EO, Y) on val: 1.000000
training accuracy (client 5) : 0.964736 
client 5 accuracy on val: 0.892041
client 5 fairness(EO, Y) on val: 0.786200
training accuracy (client 8) : 0.935214 
client 8 accuracy on val: 0.888916
client 8 fairness(EO, Y) on val: 0.998500
global model accuracy on val: 0.887232
global model fairness(EO, Y) on val: 0.000000
global model accuracy on test: 0.888194
global model fairness(EO, Y) on test: 0.000000
------------ run = 4; t = 42; F_Global = 0, Privileged = Y ------------
training accuracy (client 3) : 0.996890 
client 3 accuracy on val: 0.886752
client 3 fairness(EO, Y) on val: 1.000000
training accuracy (client 10) : 0.554054 
client 10 accuracy on val: 0.889637
client 10 fairness(EO, Y) on val: 0.899000
training accuracy (client 12) : 0.904110 
client 12 accuracy on val: 0.888916
client 12 fairness(EO, Y) on val: 0.994600
training accuracy (client 14) : 0.935737 
client 14 accuracy on val: 0.888916
client 14 fairness(EO, Y) on val: 0.994300
global model accuracy on val: 0.887232
global model fairness(EO, Y) on val: 0.000000
global model accuracy on test: 0.888194
global model fairness(EO, Y) on test: 0.000000
------------ run = 4; t = 43; F_Global = 0, Privileged = Y ------------
training accuracy (client 4) : 0.520270 
client 4 accuracy on val: 0.896610
client 4 fairness(EO, Y) on val: 0.921600
training accuracy (client 7) : 0.843653 
client 7 accuracy on val: 0.882183
client 7 fairness(EO, Y) on val: 0.737000
training accuracy (client 9) : 0.897571 
client 9 accuracy on val: 0.892282
client 9 fairness(EO, Y) on val: 0.778000
training accuracy (client 10) : 0.567568 
client 10 accuracy on val: 0.886992
client 10 fairness(EO, Y) on val: 0.864400
global model accuracy on val: 0.893724
global model fairness(EO, Y) on val: 0.976600
global model accuracy on test: 0.891560
global model fairness(EO, Y) on test: 0.980600
------------ run = 4; t = 44; F_Global = 0.9766, Privileged = Y ------------
training accuracy (client 1) : 0.994334 
client 1 accuracy on val: 0.886752
client 1 fairness(EO, Y) on val: 1.000000
training accuracy (client 11) : 0.595808 
client 11 accuracy on val: 0.770137
client 11 fairness(EO, Y) on val: 0.646600
training accuracy (client 12) : 0.940639 
client 12 accuracy on val: 0.895167
client 12 fairness(EO, Y) on val: 0.913300
training accuracy (client 13) : 0.974811 
client 13 accuracy on val: 0.891560
client 13 fairness(EO, Y) on val: 0.740100
global model accuracy on val: 0.886992
global model fairness(EO, Y) on val: 0.000000
global model accuracy on test: 0.887954
global model fairness(EO, Y) on test: 0.000000
------------ run = 4; t = 45; F_Global = 0, Privileged = Y ------------
training accuracy (client 1) : 0.994334 
client 1 accuracy on val: 0.886752
client 1 fairness(EO, Y) on val: 1.000000
training accuracy (client 3) : 0.996890 
client 3 accuracy on val: 0.886752
client 3 fairness(EO, Y) on val: 1.000000
training accuracy (client 4) : 0.520270 
client 4 accuracy on val: 0.895648
client 4 fairness(EO, Y) on val: 0.891100
training accuracy (client 10) : 0.574324 
client 10 accuracy on val: 0.887954
client 10 fairness(EO, Y) on val: 0.841200
global model accuracy on val: 0.886992
global model fairness(EO, Y) on val: 0.000000
global model accuracy on test: 0.887954
global model fairness(EO, Y) on test: 0.000000
------------ run = 4; t = 46; F_Global = 0, Privileged = Y ------------
training accuracy (client 2) : 0.965693 
client 2 accuracy on val: 0.886752
client 2 fairness(EO, Y) on val: 1.000000
training accuracy (client 3) : 0.996890 
client 3 accuracy on val: 0.886752
client 3 fairness(EO, Y) on val: 1.000000
training accuracy (client 4) : 0.520270 
client 4 accuracy on val: 0.895167
client 4 fairness(EO, Y) on val: 0.894400
training accuracy (client 5) : 0.667494 
client 5 accuracy on val: 0.830729
client 5 fairness(EO, Y) on val: 1.103700
global model accuracy on val: 0.887232
global model fairness(EO, Y) on val: 0.000000
global model accuracy on test: 0.888194
global model fairness(EO, Y) on test: 0.000000
------------ run = 4; t = 47; F_Global = 0, Privileged = Y ------------
training accuracy (client 2) : 0.965693 
client 2 accuracy on val: 0.886752
client 2 fairness(EO, Y) on val: 1.000000
training accuracy (client 5) : 0.699752 
client 5 accuracy on val: 0.807887
client 5 fairness(EO, Y) on val: 1.176300
training accuracy (client 12) : 0.580838 
client 12 accuracy on val: 0.775908
client 12 fairness(EO, Y) on val: 0.761800
training accuracy (client 13) : 0.913242 
client 13 accuracy on val: 0.891080
client 13 fairness(EO, Y) on val: 0.992800
global model accuracy on val: 0.892282
global model fairness(EO, N) on val: 0.996500
global model accuracy on test: 0.886511
global model fairness(EO, N) on test: 0.993300
------------ run = 4; t = 48; F_Global = 0.9965, Privileged = N ------------
training accuracy (client 6) : 0.613636 
client 6 accuracy on val: 0.857899
client 6 fairness(EO, N) on val: 1.061900
training accuracy (client 8) : 0.600000 
client 8 accuracy on val: 0.844193
client 8 fairness(EO, N) on val: 1.077300
training accuracy (client 12) : 0.625749 
client 12 accuracy on val: 0.754989
client 12 fairness(EO, N) on val: 1.204200
training accuracy (client 14) : 0.964736 
client 14 accuracy on val: 0.892763
client 14 fairness(EO, N) on val: 1.245200
global model accuracy on val: 0.870882
global model fairness(EO, Y) on val: 0.913400
global model accuracy on test: 0.871604
global model fairness(EO, Y) on test: 0.927500
------------ run = 4; t = 49; F_Global = 0.9134, Privileged = Y ------------
training accuracy (client 2) : 0.965693 
client 2 accuracy on val: 0.886752
client 2 fairness(EO, Y) on val: 1.000000
training accuracy (client 6) : 0.681818 
client 6 accuracy on val: 0.817023
client 6 fairness(EO, Y) on val: 0.844900
training accuracy (client 11) : 0.936259 
client 11 accuracy on val: 0.888675
client 11 fairness(EO, Y) on val: 0.996400
training accuracy (client 14) : 0.957179 
client 14 accuracy on val: 0.886752
client 14 fairness(EO, Y) on val: 0.763800
global model accuracy on val: 0.887713
global model fairness(EO, N) on val: 0.999400
global model accuracy on test: 0.888194
global model fairness(EO, Y) on test: 0.000000
------------ run = 4; t = 50; F_Global = 0.9994, Privileged = N ------------
training accuracy (client 3) : 0.996890 
client 3 accuracy on val: 0.886752
client 3 fairness(EO, N) on val: 1.000000
training accuracy (client 8) : 0.899683 
client 8 accuracy on val: 0.891801
client 8 fairness(EO, N) on val: 1.267200
training accuracy (client 9) : 0.621622 
client 9 accuracy on val: 0.872085
client 9 fairness(EO, N) on val: 1.131900
training accuracy (client 14) : 0.964736 
client 14 accuracy on val: 0.893003
client 14 fairness(EO, N) on val: 1.271700
global model accuracy on val: 0.895648
global model fairness(EO, Y) on val: 0.947300
global model accuracy on test: 0.892041
global model fairness(EO, Y) on test: 0.959900
----------------Done (FLAlgMain)----------------
