Alg.: FairFateVC; Client dataset: today_20230531\dataset_EQO_run_5; client Count: 10
----------------(start loading 10 client datasets from today_20230531\dataset_EQO_run_5)----------------
----------------(successfully loading 10 client datasets and server testing data from today_20230531\dataset_EQO_run_5)----------------
----------------Execute (FLAlgMain)----------------
----------------(start running algorithm)----------------
global model accuracy on val: 0.523924
global model fairness(EQO, Y) on val: 0.971100
------------ run = 6; t = 1; F_Global = 0.9711, Privileged = Y ------------
training accuracy (client 1) : 0.826833 
client 1 accuracy on val: 0.590046
client 1 fairness(EQO, Y) on val: 0.032000
training accuracy (client 2) : 0.955732 
client 2 accuracy on val: 0.903823
client 2 fairness(EQO, Y) on val: 0.759900
training accuracy (client 5) : 0.909280 
client 5 accuracy on val: 0.899255
client 5 fairness(EQO, Y) on val: 0.795100
global model accuracy on val: 0.857658
global model fairness(EQO, Y) on val: 0.702000
global model accuracy on test: 0.858379
global model fairness(EQO, Y) on test: 0.734800
------------ run = 6; t = 2; F_Global = 0.702, Privileged = Y ------------
training accuracy (client 6) : 0.877573 
client 6 accuracy on val: 0.885549
client 6 fairness(EQO, Y) on val: 0.449300
training accuracy (client 7) : 0.983778 
client 7 accuracy on val: 0.892282
client 7 fairness(EQO, Y) on val: 0.985100
training accuracy (client 8) : 0.653061 
client 8 accuracy on val: 0.722529
client 8 fairness(EQO, Y) on val: 0.537300
training accuracy (client 13) : 0.987484 
client 13 accuracy on val: 0.892282
client 13 fairness(EQO, Y) on val: 1.000000
global model accuracy on val: 0.897812
global model fairness(EQO, Y) on val: 0.661600
global model accuracy on test: 0.894686
global model fairness(EQO, Y) on test: 0.694400
------------ run = 6; t = 3; F_Global = 0.6616, Privileged = Y ------------
training accuracy (client 4) : 0.943182 
client 4 accuracy on val: 0.863669
client 4 fairness(EQO, Y) on val: 0.214700
training accuracy (client 9) : 0.981006 
client 9 accuracy on val: 0.892522
client 9 fairness(EQO, Y) on val: 0.993600
training accuracy (client 12) : 0.740000 
client 12 accuracy on val: 0.696562
client 12 fairness(EQO, Y) on val: 0.778100
training accuracy (client 13) : 0.899491 
client 13 accuracy on val: 0.878817
client 13 fairness(EQO, Y) on val: 0.280600
global model accuracy on val: 0.900216
global model fairness(EQO, Y) on val: 0.624300
global model accuracy on test: 0.898774
global model fairness(EQO, Y) on test: 0.660100
------------ run = 6; t = 4; F_Global = 0.6243, Privileged = Y ------------
training accuracy (client 1) : 0.970814 
client 1 accuracy on val: 0.898533
client 1 fairness(EQO, Y) on val: 0.908100
training accuracy (client 7) : 0.663043 
client 7 accuracy on val: 0.793460
client 7 fairness(EQO, Y) on val: 0.659900
training accuracy (client 8) : 0.981006 
client 8 accuracy on val: 0.892522
client 8 fairness(EQO, Y) on val: 0.993600
training accuracy (client 14) : 0.899791 
client 14 accuracy on val: 0.885309
client 14 fairness(EQO, Y) on val: 0.326600
global model accuracy on val: 0.902861
global model fairness(EQO, Y) on val: 0.699700
global model accuracy on test: 0.899736
global model fairness(EQO, Y) on test: 0.689100
------------ run = 6; t = 5; F_Global = 0.6997, Privileged = Y ------------
training accuracy (client 2) : 0.965986 
client 2 accuracy on val: 0.892282
client 2 fairness(EQO, Y) on val: 1.000000
training accuracy (client 4) : 0.879444 
client 4 accuracy on val: 0.847319
client 4 fairness(EQO, Y) on val: 1.550500
training accuracy (client 6) : 0.912360 
client 6 accuracy on val: 0.684780
client 6 fairness(EQO, Y) on val: 0.049400
training accuracy (client 12) : 0.693878 
client 12 accuracy on val: 0.778553
client 12 fairness(EQO, Y) on val: 0.558300
global model accuracy on val: 0.903823
global model fairness(EQO, Y) on val: 0.791200
global model accuracy on test: 0.902621
global model fairness(EQO, Y) on test: 0.794000
------------ run = 6; t = 6; F_Global = 0.7912, Privileged = Y ------------
training accuracy (client 3) : 0.949565 
client 3 accuracy on val: 0.892282
client 3 fairness(EQO, Y) on val: 1.000000
training accuracy (client 4) : 0.877898 
client 4 accuracy on val: 0.841789
client 4 fairness(EQO, Y) on val: 1.648400
training accuracy (client 7) : 0.981006 
client 7 accuracy on val: 0.892282
client 7 fairness(EQO, Y) on val: 1.000000
training accuracy (client 10) : 0.746667 
client 10 accuracy on val: 0.702573
client 10 fairness(EQO, Y) on val: 1.196800
global model accuracy on val: 0.899495
global model fairness(EQO, Y) on val: 0.919400
global model accuracy on test: 0.898293
global model fairness(EQO, Y) on test: 0.943900
------------ run = 6; t = 7; F_Global = 0.9194, Privileged = Y ------------
training accuracy (client 2) : 0.965986 
client 2 accuracy on val: 0.892282
client 2 fairness(EQO, Y) on val: 1.000000
training accuracy (client 8) : 0.818750 
client 8 accuracy on val: 0.751383
client 8 fairness(EQO, Y) on val: 0.840200
training accuracy (client 10) : 0.743333 
client 10 accuracy on val: 0.702573
client 10 fairness(EQO, Y) on val: 1.257900
training accuracy (client 14) : 0.693878 
client 14 accuracy on val: 0.758355
client 14 fairness(EQO, Y) on val: 0.985800
global model accuracy on val: 0.901659
global model fairness(EQO, Y) on val: 0.921400
global model accuracy on test: 0.898052
global model fairness(EQO, Y) on test: 0.943900
------------ run = 6; t = 8; F_Global = 0.9214, Privileged = Y ------------
training accuracy (client 2) : 0.965986 
client 2 accuracy on val: 0.892282
client 2 fairness(EQO, Y) on val: 1.000000
training accuracy (client 8) : 0.987484 
client 8 accuracy on val: 0.892282
client 8 fairness(EQO, Y) on val: 1.000000
training accuracy (client 10) : 0.886364 
client 10 accuracy on val: 0.867516
client 10 fairness(EQO, Y) on val: 0.440100
training accuracy (client 11) : 0.899791 
client 11 accuracy on val: 0.905025
client 11 fairness(EQO, Y) on val: 0.613800
global model accuracy on val: 0.901659
global model fairness(EQO, Y) on val: 0.910700
global model accuracy on test: 0.898774
global model fairness(EQO, Y) on test: 0.922800
------------ run = 6; t = 9; F_Global = 0.9107, Privileged = Y ------------
training accuracy (client 3) : 0.949565 
client 3 accuracy on val: 0.892282
client 3 fairness(EQO, Y) on val: 1.000000
training accuracy (client 9) : 0.743333 
client 9 accuracy on val: 0.698726
client 9 fairness(EQO, Y) on val: 1.389200
training accuracy (client 10) : 0.907865 
client 10 accuracy on val: 0.663381
client 10 fairness(EQO, Y) on val: 0.063500
training accuracy (client 12) : 0.818750 
client 12 accuracy on val: 0.746814
client 12 fairness(EQO, Y) on val: 0.787600
global model accuracy on val: 0.899255
global model fairness(EQO, Y) on val: 0.809400
global model accuracy on test: 0.894446
global model fairness(EQO, Y) on test: 0.806200
------------ run = 6; t = 10; F_Global = 0.8094, Privileged = Y ------------
training accuracy (client 3) : 0.949565 
client 3 accuracy on val: 0.892282
client 3 fairness(EQO, Y) on val: 1.000000
training accuracy (client 7) : 0.981006 
client 7 accuracy on val: 0.892282
client 7 fairness(EQO, Y) on val: 1.000000
training accuracy (client 8) : 0.987484 
client 8 accuracy on val: 0.892282
client 8 fairness(EQO, Y) on val: 1.000000
training accuracy (client 9) : 0.760000 
client 9 accuracy on val: 0.686223
client 9 fairness(EQO, Y) on val: 1.405200
global model accuracy on val: 0.903583
global model fairness(EQO, Y) on val: 0.882500
global model accuracy on test: 0.900457
global model fairness(EQO, Y) on test: 0.909100
------------ run = 6; t = 11; F_Global = 0.8825, Privileged = Y ------------
training accuracy (client 2) : 0.965986 
client 2 accuracy on val: 0.892282
client 2 fairness(EQO, Y) on val: 1.000000
training accuracy (client 5) : 0.982619 
client 5 accuracy on val: 0.892522
client 5 fairness(EQO, Y) on val: 0.993600
training accuracy (client 9) : 0.756667 
client 9 accuracy on val: 0.691753
client 9 fairness(EQO, Y) on val: 1.460200
training accuracy (client 11) : 0.931818 
client 11 accuracy on val: 0.865833
client 11 fairness(EQO, Y) on val: 0.412100
global model accuracy on val: 0.902140
global model fairness(EQO, Y) on val: 0.906000
global model accuracy on test: 0.899014
global model fairness(EQO, Y) on test: 0.928100
------------ run = 6; t = 12; F_Global = 0.906, Privileged = Y ------------
training accuracy (client 1) : 0.970046 
client 1 accuracy on val: 0.897331
client 1 fairness(EQO, Y) on val: 0.925200
training accuracy (client 8) : 0.987484 
client 8 accuracy on val: 0.892282
client 8 fairness(EQO, Y) on val: 1.000000
training accuracy (client 13) : 0.831250 
client 13 accuracy on val: 0.738639
client 13 fairness(EQO, Y) on val: 0.836600
training accuracy (client 14) : 0.931818 
client 14 accuracy on val: 0.867276
client 14 fairness(EQO, Y) on val: 0.411500
global model accuracy on val: 0.897331
global model fairness(EQO, Y) on val: 0.923900
global model accuracy on test: 0.896129
global model fairness(EQO, Y) on test: 0.940600
------------ run = 6; t = 13; F_Global = 0.9239, Privileged = Y ------------
training accuracy (client 4) : 0.880989 
client 4 accuracy on val: 0.836740
client 4 fairness(EQO, Y) on val: 1.710900
training accuracy (client 9) : 0.746667 
client 9 accuracy on val: 0.695840
client 9 fairness(EQO, Y) on val: 1.343500
training accuracy (client 12) : 0.907865 
client 12 accuracy on val: 0.664342
client 12 fairness(EQO, Y) on val: 0.058800
training accuracy (client 13) : 0.818750 
client 13 accuracy on val: 0.747535
client 13 fairness(EQO, Y) on val: 0.775600
global model accuracy on val: 0.902140
global model fairness(EQO, Y) on val: 0.903600
global model accuracy on test: 0.899014
global model fairness(EQO, Y) on test: 0.938000
------------ run = 6; t = 14; F_Global = 0.9036, Privileged = Y ------------
training accuracy (client 1) : 0.970046 
client 1 accuracy on val: 0.897572
client 1 fairness(EQO, Y) on val: 0.922600
training accuracy (client 4) : 0.880989 
client 4 accuracy on val: 0.837942
client 4 fairness(EQO, Y) on val: 1.670300
training accuracy (client 9) : 0.773333 
client 9 accuracy on val: 0.680452
client 9 fairness(EQO, Y) on val: 1.512400
training accuracy (client 11) : 0.897098 
client 11 accuracy on val: 0.899255
client 11 fairness(EQO, Y) on val: 0.568000
global model accuracy on val: 0.901178
global model fairness(EQO, Y) on val: 0.915600
global model accuracy on test: 0.899495
global model fairness(EQO, Y) on test: 0.937900
------------ run = 6; t = 15; F_Global = 0.9156, Privileged = Y ------------
training accuracy (client 3) : 0.949565 
client 3 accuracy on val: 0.892522
client 3 fairness(EQO, Y) on val: 1.001900
training accuracy (client 5) : 0.983778 
client 5 accuracy on val: 0.892522
client 5 fairness(EQO, Y) on val: 0.993600
training accuracy (client 6) : 0.690217 
client 6 accuracy on val: 0.740803
client 6 fairness(EQO, Y) on val: 1.608400
training accuracy (client 8) : 0.987484 
client 8 accuracy on val: 0.892282
client 8 fairness(EQO, Y) on val: 1.000000
global model accuracy on val: 0.902621
global model fairness(EQO, Y) on val: 0.926800
global model accuracy on test: 0.899255
global model fairness(EQO, Y) on test: 0.940600
------------ run = 6; t = 16; F_Global = 0.9268, Privileged = Y ------------
training accuracy (client 1) : 0.970046 
client 1 accuracy on val: 0.896610
client 1 fairness(EQO, Y) on val: 0.933300
training accuracy (client 3) : 0.949565 
client 3 accuracy on val: 0.892522
client 3 fairness(EQO, Y) on val: 1.001900
training accuracy (client 7) : 0.981006 
client 7 accuracy on val: 0.892282
client 7 fairness(EQO, Y) on val: 1.000000
training accuracy (client 14) : 0.899491 
client 14 accuracy on val: 0.901900
client 14 fairness(EQO, Y) on val: 0.581800
global model accuracy on val: 0.899255
global model fairness(EQO, Y) on val: 0.929800
global model accuracy on test: 0.899736
global model fairness(EQO, Y) on test: 0.932700
------------ run = 6; t = 17; F_Global = 0.9298, Privileged = Y ------------
training accuracy (client 3) : 0.949565 
client 3 accuracy on val: 0.892522
client 3 fairness(EQO, Y) on val: 1.001900
training accuracy (client 7) : 0.981006 
client 7 accuracy on val: 0.892282
client 7 fairness(EQO, Y) on val: 1.000000
training accuracy (client 9) : 0.776667 
client 9 accuracy on val: 0.682856
client 9 fairness(EQO, Y) on val: 1.501700
training accuracy (client 14) : 0.901885 
client 14 accuracy on val: 0.898052
client 14 fairness(EQO, Y) on val: 0.557700
global model accuracy on val: 0.900697
global model fairness(EQO, Y) on val: 0.925000
global model accuracy on test: 0.899014
global model fairness(EQO, Y) on test: 0.937100
------------ run = 6; t = 18; F_Global = 0.925, Privileged = Y ------------
training accuracy (client 2) : 0.965986 
client 2 accuracy on val: 0.892282
client 2 fairness(EQO, Y) on val: 1.000000
training accuracy (client 8) : 0.987484 
client 8 accuracy on val: 0.892282
client 8 fairness(EQO, Y) on val: 1.000000
training accuracy (client 9) : 0.773333 
client 9 accuracy on val: 0.680933
client 9 fairness(EQO, Y) on val: 1.480000
training accuracy (client 13) : 0.831250 
client 13 accuracy on val: 0.731185
client 13 fairness(EQO, Y) on val: 0.877800
global model accuracy on val: 0.899495
global model fairness(EQO, Y) on val: 0.944400
global model accuracy on test: 0.898774
global model fairness(EQO, Y) on test: 0.950400
------------ run = 6; t = 19; F_Global = 0.9444, Privileged = Y ------------
training accuracy (client 2) : 0.965986 
client 2 accuracy on val: 0.892282
client 2 fairness(EQO, Y) on val: 1.000000
training accuracy (client 3) : 0.949565 
client 3 accuracy on val: 0.892522
client 3 fairness(EQO, Y) on val: 1.001900
training accuracy (client 5) : 0.984936 
client 5 accuracy on val: 0.892282
client 5 fairness(EQO, Y) on val: 0.992600
training accuracy (client 9) : 0.766667 
client 9 accuracy on val: 0.679009
client 9 fairness(EQO, Y) on val: 1.491100
global model accuracy on val: 0.898774
global model fairness(EQO, Y) on val: 0.956400
global model accuracy on test: 0.898774
global model fairness(EQO, Y) on test: 0.970800
------------ run = 6; t = 20; F_Global = 0.9564, Privileged = Y ------------
training accuracy (client 1) : 0.970046 
client 1 accuracy on val: 0.897091
client 1 fairness(EQO, Y) on val: 0.931600
training accuracy (client 2) : 0.965986 
client 2 accuracy on val: 0.892282
client 2 fairness(EQO, Y) on val: 1.000000
training accuracy (client 5) : 0.983778 
client 5 accuracy on val: 0.892522
client 5 fairness(EQO, Y) on val: 0.989900
training accuracy (client 8) : 0.987484 
client 8 accuracy on val: 0.892282
client 8 fairness(EQO, Y) on val: 1.000000
global model accuracy on val: 0.894686
global model fairness(EQO, Y) on val: 0.967800
global model accuracy on test: 0.894686
global model fairness(EQO, Y) on test: 0.974300
------------ run = 6; t = 21; F_Global = 0.9678, Privileged = Y ------------
training accuracy (client 2) : 0.949565 
client 2 accuracy on val: 0.892522
client 2 fairness(EQO, Y) on val: 1.001900
training accuracy (client 5) : 0.690217 
client 5 accuracy on val: 0.748257
client 5 fairness(EQO, Y) on val: 1.530200
training accuracy (client 9) : 0.724490 
client 9 accuracy on val: 0.736475
client 9 fairness(EQO, Y) on val: 1.099000
training accuracy (client 10) : 0.931818 
client 10 accuracy on val: 0.870161
client 10 fairness(EQO, Y) on val: 0.420900
global model accuracy on val: 0.899014
global model fairness(EQO, Y) on val: 0.956200
global model accuracy on test: 0.899014
global model fairness(EQO, Y) on test: 0.955500
------------ run = 6; t = 22; F_Global = 0.9562, Privileged = Y ------------
training accuracy (client 1) : 0.965986 
client 1 accuracy on val: 0.892282
client 1 fairness(EQO, Y) on val: 1.000000
training accuracy (client 4) : 0.983778 
client 4 accuracy on val: 0.892282
client 4 fairness(EQO, Y) on val: 0.992600
training accuracy (client 11) : 0.902782 
client 11 accuracy on val: 0.904785
client 11 fairness(EQO, Y) on val: 0.614900
training accuracy (client 13) : 0.971582 
client 13 accuracy on val: 0.896369
client 13 fairness(EQO, Y) on val: 0.939600
global model accuracy on val: 0.895888
global model fairness(EQO, Y) on val: 0.955800
global model accuracy on test: 0.895408
global model fairness(EQO, Y) on test: 0.958800
------------ run = 6; t = 23; F_Global = 0.9558, Privileged = Y ------------
training accuracy (client 3) : 0.884080 
client 3 accuracy on val: 0.834335
client 3 fairness(EQO, Y) on val: 1.702700
training accuracy (client 10) : 0.916854 
client 10 accuracy on val: 0.647271
client 10 fairness(EQO, Y) on val: 0.046900
training accuracy (client 12) : 0.931818 
client 12 accuracy on val: 0.868478
client 12 fairness(EQO, Y) on val: 0.417500
training accuracy (client 13) : 0.900688 
client 13 accuracy on val: 0.902380
client 13 fairness(EQO, Y) on val: 0.577900
global model accuracy on val: 0.897091
global model fairness(EQO, Y) on val: 0.987500
global model accuracy on test: 0.897572
global model fairness(EQO, Y) on test: 0.988900
------------ run = 6; t = 24; F_Global = 0.9875, Privileged = Y ------------
training accuracy (client 1) : 0.965986 
client 1 accuracy on val: 0.892282
client 1 fairness(EQO, Y) on val: 1.000000
training accuracy (client 5) : 0.695652 
client 5 accuracy on val: 0.740322
client 5 fairness(EQO, Y) on val: 1.837200
training accuracy (client 7) : 0.987484 
client 7 accuracy on val: 0.892282
client 7 fairness(EQO, Y) on val: 1.000000
training accuracy (client 12) : 0.912360 
client 12 accuracy on val: 0.641981
client 12 fairness(EQO, Y) on val: 0.050500
global model accuracy on val: 0.897331
global model fairness(EQO, Y) on val: 0.981600
global model accuracy on test: 0.898052
global model fairness(EQO, Y) on test: 0.985500
------------ run = 6; t = 25; F_Global = 0.9816, Privileged = Y ------------
training accuracy (client 1) : 0.965986 
client 1 accuracy on val: 0.892282
client 1 fairness(EQO, Y) on val: 1.000000
training accuracy (client 2) : 0.949565 
client 2 accuracy on val: 0.892522
client 2 fairness(EQO, Y) on val: 1.001900
training accuracy (client 5) : 0.690217 
client 5 accuracy on val: 0.726377
client 5 fairness(EQO, Y) on val: 1.694200
training accuracy (client 10) : 0.837500 
client 10 accuracy on val: 0.717721
client 10 fairness(EQO, Y) on val: 0.973400
global model accuracy on val: 0.896850
global model fairness(EQO, Y) on val: 0.997900
global model accuracy on test: 0.898293
global model fairness(EQO, N) on test: 0.989400
------------ run = 6; t = 26; F_Global = 0.9979, Privileged = Y ------------
training accuracy (client 1) : 0.965986 
client 1 accuracy on val: 0.892282
client 1 fairness(EQO, Y) on val: 1.000000
training accuracy (client 2) : 0.949565 
client 2 accuracy on val: 0.892522
client 2 fairness(EQO, Y) on val: 1.001900
training accuracy (client 4) : 0.983778 
client 4 accuracy on val: 0.892522
client 4 fairness(EQO, Y) on val: 0.993600
training accuracy (client 8) : 0.776667 
client 8 accuracy on val: 0.668430
client 8 fairness(EQO, Y) on val: 1.435600
global model accuracy on val: 0.896610
global model fairness(EQO, N) on val: 0.994600
global model accuracy on test: 0.897812
global model fairness(EQO, N) on test: 0.980600
------------ run = 6; t = 27; F_Global = 0.9946, Privileged = N ------------
training accuracy (client 1) : 0.965986 
client 1 accuracy on val: 0.892282
client 1 fairness(EQO, N) on val: 1.000000
training accuracy (client 2) : 0.949565 
client 2 accuracy on val: 0.892522
client 2 fairness(EQO, N) on val: 0.998100
training accuracy (client 7) : 0.786667 
client 7 accuracy on val: 0.665545
client 7 fairness(EQO, N) on val: 0.706600
training accuracy (client 13) : 0.837500 
client 13 accuracy on val: 0.711710
client 13 fairness(EQO, N) on val: 1.010800
global model accuracy on val: 0.896850
global model fairness(EQO, N) on val: 0.980500
global model accuracy on test: 0.897091
global model fairness(EQO, N) on test: 0.973800
------------ run = 6; t = 28; F_Global = 0.9805, Privileged = N ------------
training accuracy (client 6) : 0.987484 
client 6 accuracy on val: 0.892282
client 6 fairness(EQO, N) on val: 1.000000
training accuracy (client 7) : 0.744898 
client 7 accuracy on val: 0.708824
client 7 fairness(EQO, N) on val: 0.786100
training accuracy (client 10) : 0.900389 
client 10 accuracy on val: 0.907430
client 10 fairness(EQO, N) on val: 1.617200
training accuracy (client 13) : 0.983778 
client 13 accuracy on val: 0.892522
client 13 fairness(EQO, N) on val: 1.006500
global model accuracy on val: 0.897812
global model fairness(EQO, Y) on val: 0.960100
global model accuracy on test: 0.898293
global model fairness(EQO, Y) on test: 0.965000
------------ run = 6; t = 29; F_Global = 0.9601, Privileged = Y ------------
training accuracy (client 4) : 0.711957 
client 4 accuracy on val: 0.723010
client 4 fairness(EQO, Y) on val: 1.562800
training accuracy (client 6) : 0.987484 
client 6 accuracy on val: 0.892282
client 6 fairness(EQO, Y) on val: 1.000000
training accuracy (client 11) : 0.837500 
client 11 accuracy on val: 0.717721
client 11 fairness(EQO, Y) on val: 0.930400
training accuracy (client 15) : 0.739796 
client 15 accuracy on val: 0.716759
client 15 fairness(EQO, Y) on val: 1.183600
global model accuracy on val: 0.901178
global model fairness(EQO, Y) on val: 0.955300
global model accuracy on test: 0.899736
global model fairness(EQO, Y) on test: 0.966900
------------ run = 6; t = 30; F_Global = 0.9553, Privileged = Y ------------
training accuracy (client 2) : 0.949565 
client 2 accuracy on val: 0.892522
client 2 fairness(EQO, Y) on val: 1.001900
training accuracy (client 8) : 0.897727 
client 8 accuracy on val: 0.861505
client 8 fairness(EQO, Y) on val: 0.412900
training accuracy (client 9) : 0.900389 
client 9 accuracy on val: 0.904785
client 9 fairness(EQO, Y) on val: 0.632400
training accuracy (client 14) : 0.734694 
client 14 accuracy on val: 0.710507
client 14 fairness(EQO, Y) on val: 1.241400
global model accuracy on val: 0.898293
global model fairness(EQO, Y) on val: 0.939300
global model accuracy on test: 0.897572
global model fairness(EQO, Y) on test: 0.968400
------------ run = 6; t = 31; F_Global = 0.9393, Privileged = Y ------------
training accuracy (client 1) : 0.965986 
client 1 accuracy on val: 0.892282
client 1 fairness(EQO, Y) on val: 1.000000
training accuracy (client 3) : 0.884080 
client 3 accuracy on val: 0.834095
client 3 fairness(EQO, Y) on val: 1.664000
training accuracy (client 4) : 0.717391 
client 4 accuracy on val: 0.713874
client 4 fairness(EQO, Y) on val: 1.813500
training accuracy (client 11) : 0.769737 
client 11 accuracy on val: 0.701130
client 11 fairness(EQO, Y) on val: 1.453700
global model accuracy on val: 0.889637
global model fairness(EQO, N) on val: 0.925700
global model accuracy on test: 0.889637
global model fairness(EQO, N) on test: 0.923200
------------ run = 6; t = 32; F_Global = 0.9257, Privileged = N ------------
training accuracy (client 3) : 0.880989 
client 3 accuracy on val: 0.836499
client 3 fairness(EQO, N) on val: 0.678400
training accuracy (client 11) : 0.782895 
client 11 accuracy on val: 0.687665
client 11 fairness(EQO, N) on val: 0.627600
training accuracy (client 12) : 0.729592 
client 12 accuracy on val: 0.691753
client 12 fairness(EQO, N) on val: 0.786500
training accuracy (client 14) : 0.909091 
client 14 accuracy on val: 0.851887
client 14 fairness(EQO, N) on val: 2.751100
global model accuracy on val: 0.889396
global model fairness(EQO, N) on val: 0.982400
global model accuracy on test: 0.882905
global model fairness(EQO, N) on test: 0.978800
------------ run = 6; t = 33; F_Global = 0.9824, Privileged = N ------------
training accuracy (client 4) : 0.981006 
client 4 accuracy on val: 0.892282
client 4 fairness(EQO, N) on val: 1.000000
training accuracy (client 6) : 0.970814 
client 6 accuracy on val: 0.896129
client 6 fairness(EQO, N) on val: 1.059700
training accuracy (client 8) : 0.983778 
client 8 accuracy on val: 0.892282
client 8 fairness(EQO, N) on val: 1.003700
training accuracy (client 11) : 0.909091 
client 11 accuracy on val: 0.850445
client 11 fairness(EQO, N) on val: 3.060700
training accuracy (client 13) : 0.708333 
client 13 accuracy on val: 0.738639
client 13 fairness(EQO, N) on val: 0.699100
global model accuracy on val: 0.899736
global model fairness(EQO, Y) on val: 0.880300
global model accuracy on test: 0.899736
global model fairness(EQO, Y) on test: 0.913900
------------ run = 6; t = 34; F_Global = 0.8803, Privileged = Y ------------
training accuracy (client 4) : 0.981006 
client 4 accuracy on val: 0.892282
client 4 fairness(EQO, Y) on val: 1.000000
training accuracy (client 6) : 0.971582 
client 6 accuracy on val: 0.896610
client 6 fairness(EQO, Y) on val: 0.940700
training accuracy (client 9) : 0.763514 
client 9 accuracy on val: 0.725655
client 9 fairness(EQO, Y) on val: 0.870200
training accuracy (client 11) : 0.897727 
client 11 accuracy on val: 0.859582
client 11 fairness(EQO, Y) on val: 0.400300
training accuracy (client 12) : 0.900090 
client 12 accuracy on val: 0.903102
client 12 fairness(EQO, Y) on val: 0.574500
global model accuracy on val: 0.901419
global model fairness(EQO, Y) on val: 0.885900
global model accuracy on test: 0.900697
global model fairness(EQO, Y) on test: 0.908100
------------ run = 6; t = 35; F_Global = 0.8859, Privileged = Y ------------
training accuracy (client 1) : 0.965986 
client 1 accuracy on val: 0.892282
client 1 fairness(EQO, Y) on val: 1.000000
training accuracy (client 6) : 0.970814 
client 6 accuracy on val: 0.897091
client 6 fairness(EQO, Y) on val: 0.927900
training accuracy (client 12) : 0.709184 
client 12 accuracy on val: 0.719644
client 12 fairness(EQO, Y) on val: 1.175700
training accuracy (client 13) : 0.691667 
client 13 accuracy on val: 0.776869
client 13 fairness(EQO, Y) on val: 1.143200
training accuracy (client 15) : 0.931818 
client 15 accuracy on val: 0.865833
client 15 fairness(EQO, Y) on val: 0.391300
global model accuracy on val: 0.902621
global model fairness(EQO, Y) on val: 0.866200
global model accuracy on test: 0.901419
global model fairness(EQO, Y) on test: 0.896800
------------ run = 6; t = 36; F_Global = 0.8662, Privileged = Y ------------
training accuracy (client 4) : 0.981006 
client 4 accuracy on val: 0.892282
client 4 fairness(EQO, Y) on val: 1.000000
training accuracy (client 5) : 0.987484 
client 5 accuracy on val: 0.892282
client 5 fairness(EQO, Y) on val: 1.000000
training accuracy (client 6) : 0.973118 
client 6 accuracy on val: 0.896850
client 6 fairness(EQO, Y) on val: 0.934300
training accuracy (client 14) : 0.750000 
client 14 accuracy on val: 0.732147
client 14 fairness(EQO, Y) on val: 0.835500
training accuracy (client 16) : 0.931818 
client 16 accuracy on val: 0.864150
client 16 fairness(EQO, Y) on val: 0.388300
global model accuracy on val: 0.896129
global model fairness(EQO, Y) on val: 0.942300
global model accuracy on test: 0.895888
global model fairness(EQO, Y) on test: 0.945700
------------ run = 6; t = 37; F_Global = 0.9423, Privileged = Y ------------
training accuracy (client 2) : 0.949565 
client 2 accuracy on val: 0.892522
client 2 fairness(EQO, Y) on val: 1.001900
training accuracy (client 4) : 0.981006 
client 4 accuracy on val: 0.892522
client 4 fairness(EQO, Y) on val: 0.993600
training accuracy (client 9) : 0.831250 
client 9 accuracy on val: 0.723491
client 9 fairness(EQO, Y) on val: 0.811900
training accuracy (client 10) : 0.946869 
client 10 accuracy on val: 0.892522
client 10 fairness(EQO, Y) on val: 1.054200
training accuracy (client 11) : 0.730263 
client 11 accuracy on val: 0.728060
client 11 fairness(EQO, Y) on val: 1.238400
global model accuracy on val: 0.895648
global model fairness(EQO, Y) on val: 0.972300
global model accuracy on test: 0.894686
global model fairness(EQO, Y) on test: 0.979700
------------ run = 6; t = 38; F_Global = 0.9723, Privileged = Y ------------
training accuracy (client 4) : 0.981006 
client 4 accuracy on val: 0.892282
client 4 fairness(EQO, Y) on val: 1.000000
training accuracy (client 8) : 0.984936 
client 8 accuracy on val: 0.893003
client 8 fairness(EQO, Y) on val: 0.984500
training accuracy (client 9) : 0.946869 
client 9 accuracy on val: 0.892763
client 9 fairness(EQO, Y) on val: 1.056500
training accuracy (client 10) : 0.763158 
client 10 accuracy on val: 0.724934
client 10 fairness(EQO, Y) on val: 1.552900
training accuracy (client 11) : 0.729592 
client 11 accuracy on val: 0.721808
client 11 fairness(EQO, Y) on val: 1.206200
global model accuracy on val: 0.897091
global model fairness(EQO, Y) on val: 0.983000
global model accuracy on test: 0.897572
global model fairness(EQO, Y) on test: 0.990800
------------ run = 6; t = 39; F_Global = 0.983, Privileged = Y ------------
training accuracy (client 4) : 0.981006 
client 4 accuracy on val: 0.892282
client 4 fairness(EQO, Y) on val: 1.000000
training accuracy (client 6) : 0.970814 
client 6 accuracy on val: 0.897572
client 6 fairness(EQO, Y) on val: 0.926300
training accuracy (client 9) : 0.944972 
client 9 accuracy on val: 0.892763
client 9 fairness(EQO, Y) on val: 1.056500
training accuracy (client 11) : 0.734694 
client 11 accuracy on val: 0.713393
client 11 fairness(EQO, Y) on val: 1.293900
training accuracy (client 15) : 0.886364 
client 15 accuracy on val: 0.867276
client 15 fairness(EQO, Y) on val: 0.461500
global model accuracy on val: 0.894927
global model fairness(EQO, N) on val: 0.982800
global model accuracy on test: 0.895888
global model fairness(EQO, N) on test: 0.960900
------------ run = 6; t = 40; F_Global = 0.9828, Privileged = N ------------
training accuracy (client 6) : 0.916854 
client 6 accuracy on val: 0.632844
client 6 fairness(EQO, N) on val: 6.441800
training accuracy (client 7) : 0.984936 
client 7 accuracy on val: 0.892763
client 7 fairness(EQO, N) on val: 1.013000
training accuracy (client 9) : 0.763158 
client 9 accuracy on val: 0.708584
client 9 fairness(EQO, N) on val: 0.752100
training accuracy (client 10) : 0.724490 
client 10 accuracy on val: 0.711469
client 10 fairness(EQO, N) on val: 0.732300
training accuracy (client 15) : 0.970814 
client 15 accuracy on val: 0.897572
client 15 fairness(EQO, N) on val: 1.085000
global model accuracy on val: 0.894205
global model fairness(EQO, Y) on val: 0.675600
global model accuracy on test: 0.890358
global model fairness(EQO, Y) on test: 0.657100
------------ run = 6; t = 41; F_Global = 0.6756, Privileged = Y ------------
training accuracy (client 1) : 0.965986 
client 1 accuracy on val: 0.892282
client 1 fairness(EQO, Y) on val: 1.000000
training accuracy (client 2) : 0.949565 
client 2 accuracy on val: 0.892522
client 2 fairness(EQO, Y) on val: 1.001900
training accuracy (client 3) : 0.728261 
client 3 accuracy on val: 0.697283
client 3 fairness(EQO, Y) on val: 1.748800
training accuracy (client 6) : 0.919101 
client 6 accuracy on val: 0.622025
client 6 fairness(EQO, Y) on val: 0.018900
training accuracy (client 13) : 0.971582 
client 13 accuracy on val: 0.897572
client 13 fairness(EQO, Y) on val: 0.926300
global model accuracy on val: 0.905025
global model fairness(EQO, Y) on val: 0.757000
global model accuracy on test: 0.902621
global model fairness(EQO, Y) on test: 0.769800
------------ run = 6; t = 42; F_Global = 0.757, Privileged = Y ------------
training accuracy (client 1) : 0.965986 
client 1 accuracy on val: 0.892282
client 1 fairness(EQO, Y) on val: 1.000000
training accuracy (client 2) : 0.949565 
client 2 accuracy on val: 0.892522
client 2 fairness(EQO, Y) on val: 1.001900
training accuracy (client 13) : 0.920455 
client 13 accuracy on val: 0.855735
client 13 fairness(EQO, Y) on val: 0.312400
training accuracy (client 15) : 0.724490 
client 15 accuracy on val: 0.696562
client 15 fairness(EQO, Y) on val: 1.200800
training accuracy (client 16) : 0.921348 
client 16 accuracy on val: 0.620822
client 16 fairness(EQO, Y) on val: 0.017400
global model accuracy on val: 0.904063
global model fairness(EQO, Y) on val: 0.829300
global model accuracy on test: 0.901419
global model fairness(EQO, Y) on test: 0.870100
------------ run = 6; t = 43; F_Global = 0.8293, Privileged = Y ------------
training accuracy (client 3) : 0.717391 
client 3 accuracy on val: 0.694638
client 3 fairness(EQO, Y) on val: 2.024500
training accuracy (client 5) : 0.987484 
client 5 accuracy on val: 0.892282
client 5 fairness(EQO, Y) on val: 1.000000
training accuracy (client 6) : 0.984936 
client 6 accuracy on val: 0.894205
client 6 fairness(EQO, Y) on val: 0.971200
training accuracy (client 7) : 0.948767 
client 7 accuracy on val: 0.891320
client 7 fairness(EQO, Y) on val: 1.045200
training accuracy (client 15) : 0.909091 
client 15 accuracy on val: 0.855735
client 15 fairness(EQO, Y) on val: 0.322200
global model accuracy on val: 0.898774
global model fairness(EQO, Y) on val: 0.941600
global model accuracy on test: 0.900697
global model fairness(EQO, Y) on test: 0.950100
------------ run = 6; t = 44; F_Global = 0.9416, Privileged = Y ------------
training accuracy (client 3) : 0.722826 
client 3 accuracy on val: 0.681654
client 3 fairness(EQO, Y) on val: 2.013800
training accuracy (client 7) : 0.944972 
client 7 accuracy on val: 0.891320
client 7 fairness(EQO, Y) on val: 1.045200
training accuracy (client 10) : 0.783784 
client 10 accuracy on val: 0.714114
client 10 fairness(EQO, Y) on val: 0.912700
training accuracy (client 14) : 0.729592 
client 14 accuracy on val: 0.687906
client 14 fairness(EQO, Y) on val: 1.469600
training accuracy (client 15) : 0.919101 
client 15 accuracy on val: 0.617937
client 15 fairness(EQO, Y) on val: 0.015900
global model accuracy on val: 0.866314
global model fairness(EQO, N) on val: 0.870300
global model accuracy on test: 0.861505
global model fairness(EQO, N) on test: 0.841700
------------ run = 6; t = 45; F_Global = 0.8703, Privileged = N ------------
training accuracy (client 1) : 0.965986 
client 1 accuracy on val: 0.892282
client 1 fairness(EQO, N) on val: 1.000000
training accuracy (client 3) : 0.722826 
client 3 accuracy on val: 0.663140
client 3 fairness(EQO, N) on val: 0.557400
training accuracy (client 4) : 0.981006 
client 4 accuracy on val: 0.892282
client 4 fairness(EQO, N) on val: 1.000000
training accuracy (client 9) : 0.901885 
client 9 accuracy on val: 0.894927
client 9 fairness(EQO, N) on val: 2.388200
training accuracy (client 16) : 0.925843 
client 16 accuracy on val: 0.610964
client 16 fairness(EQO, N) on val: 22.218200
global model accuracy on val: 0.797307
global model fairness(EQO, Y) on val: 0.298000
global model accuracy on test: 0.786006
global model fairness(EQO, Y) on test: 0.277900
------------ run = 6; t = 46; F_Global = 0.298, Privileged = Y ------------
training accuracy (client 2) : 0.949565 
client 2 accuracy on val: 0.892522
client 2 fairness(EQO, Y) on val: 1.001900
training accuracy (client 3) : 0.981006 
client 3 accuracy on val: 0.895167
client 3 fairness(EQO, Y) on val: 0.960500
training accuracy (client 8) : 0.899791 
client 8 accuracy on val: 0.877134
client 8 fairness(EQO, Y) on val: 0.284500
training accuracy (client 14) : 0.756757 
client 14 accuracy on val: 0.682616
client 14 fairness(EQO, Y) on val: 0.815500
training accuracy (client 16) : 0.711957 
client 16 accuracy on val: 0.649916
client 16 fairness(EQO, Y) on val: 1.727300
global model accuracy on val: 0.871604
global model fairness(EQO, Y) on val: 0.535500
global model accuracy on test: 0.863188
global model fairness(EQO, Y) on test: 0.557400
------------ run = 6; t = 47; F_Global = 0.5355, Privileged = Y ------------
training accuracy (client 3) : 0.981006 
client 3 accuracy on val: 0.892522
client 3 fairness(EQO, Y) on val: 0.993600
training accuracy (client 6) : 0.944972 
client 6 accuracy on val: 0.892522
client 6 fairness(EQO, Y) on val: 1.030400
training accuracy (client 9) : 0.970814 
client 9 accuracy on val: 0.897331
client 9 fairness(EQO, Y) on val: 0.929000
training accuracy (client 14) : 0.923595 
client 14 accuracy on val: 0.609762
client 14 fairness(EQO, Y) on val: 0.003200
training accuracy (client 16) : 0.898594 
client 16 accuracy on val: 0.887473
client 16 fairness(EQO, Y) on val: 0.384400
global model accuracy on val: 0.896850
global model fairness(EQO, Y) on val: 0.938700
global model accuracy on test: 0.895888
global model fairness(EQO, Y) on test: 0.937800
------------ run = 6; t = 48; F_Global = 0.9387, Privileged = Y ------------
training accuracy (client 6) : 0.946869 
client 6 accuracy on val: 0.892282
client 6 fairness(EQO, Y) on val: 1.042200
training accuracy (client 7) : 0.700000 
client 7 accuracy on val: 0.750902
client 7 fairness(EQO, Y) on val: 1.355600
training accuracy (client 8) : 0.837500 
client 8 accuracy on val: 0.702813
client 8 fairness(EQO, Y) on val: 0.915700
training accuracy (client 13) : 0.783784 
client 13 accuracy on val: 0.722289
client 13 fairness(EQO, Y) on val: 0.915100
training accuracy (client 16) : 0.900389 
client 16 accuracy on val: 0.890118
client 16 fairness(EQO, Y) on val: 0.428300
global model accuracy on val: 0.885069
global model fairness(EQO, N) on val: 0.852700
global model accuracy on test: 0.881221
global model fairness(EQO, N) on test: 0.857600
------------ run = 6; t = 49; F_Global = 0.8527, Privileged = N ------------
training accuracy (client 4) : 0.987484 
client 4 accuracy on val: 0.892282
client 4 fairness(EQO, N) on val: 1.000000
training accuracy (client 13) : 0.923595 
client 13 accuracy on val: 0.614090
client 13 fairness(EQO, N) on val: 10.393000
training accuracy (client 14) : 0.856250 
client 14 accuracy on val: 0.679971
client 14 fairness(EQO, N) on val: 0.885500
training accuracy (client 15) : 0.797297 
client 15 accuracy on val: 0.705218
client 15 fairness(EQO, N) on val: 0.845000
training accuracy (client 16) : 0.903380 
client 16 accuracy on val: 0.900457
client 16 fairness(EQO, N) on val: 2.160000
global model accuracy on val: 0.762202
global model fairness(EQO, Y) on val: 0.183600
global model accuracy on test: 0.748257
global model fairness(EQO, Y) on test: 0.159200
------------ run = 6; t = 50; F_Global = 0.1836, Privileged = Y ------------
training accuracy (client 1) : 0.965986 
client 1 accuracy on val: 0.892282
client 1 fairness(EQO, Y) on val: 1.000000
training accuracy (client 3) : 0.981006 
client 3 accuracy on val: 0.899014
client 3 fairness(EQO, Y) on val: 0.887900
training accuracy (client 5) : 0.984936 
client 5 accuracy on val: 0.901659
client 5 fairness(EQO, Y) on val: 0.839900
training accuracy (client 10) : 0.724490 
client 10 accuracy on val: 0.663862
client 10 fairness(EQO, Y) on val: 1.032700
training accuracy (client 14) : 0.868750 
client 14 accuracy on val: 0.656167
client 14 fairness(EQO, Y) on val: 0.631000
global model accuracy on val: 0.904785
global model fairness(EQO, Y) on val: 0.768400
global model accuracy on test: 0.903583
global model fairness(EQO, Y) on test: 0.776500
----------------Done (FLAlgMain)----------------
