Alg.: FairFateVC; Client dataset: today_20230530\dataset_EQO_run_9; client Count: 10
----------------(start loading 10 client datasets from today_20230530\dataset_EQO_run_9)----------------
----------------(successfully loading 10 client datasets and server testing data from today_20230530\dataset_EQO_run_9)----------------
----------------Execute (FLAlgMain)----------------
----------------(start running algorithm)----------------
global model accuracy on val: 0.441933
global model fairness(EQO, Y) on val: 0.646400
------------ run = 10; t = 1; F_Global = 0.6464, Privileged = Y ------------
training accuracy (client 6) : 0.895238 
client 6 accuracy on val: 0.899255
client 6 fairness(EQO, Y) on val: 0.605700
training accuracy (client 7) : 0.889394 
client 7 accuracy on val: 0.903583
client 7 fairness(EQO, Y) on val: 0.876200
training accuracy (client 8) : 0.915685 
client 8 accuracy on val: 0.900697
client 8 fairness(EQO, Y) on val: 0.891400
global model accuracy on val: 0.899736
global model fairness(EQO, Y) on val: 0.754300
global model accuracy on test: 0.892282
global model fairness(EQO, Y) on test: 0.771600
------------ run = 10; t = 2; F_Global = 0.7543, Privileged = Y ------------
training accuracy (client 1) : 0.752033 
client 1 accuracy on val: 0.773022
client 1 fairness(EQO, Y) on val: 1.349600
training accuracy (client 9) : 0.798684 
client 9 accuracy on val: 0.853571
client 9 fairness(EQO, Y) on val: 0.418300
training accuracy (client 10) : 0.707317 
client 10 accuracy on val: 0.715316
client 10 fairness(EQO, Y) on val: 0.493600
global model accuracy on val: 0.888675
global model fairness(EQO, Y) on val: 0.601200
global model accuracy on test: 0.880981
global model fairness(EQO, Y) on test: 0.649000
------------ run = 10; t = 3; F_Global = 0.6012, Privileged = Y ------------
training accuracy (client 7) : 0.914778 
client 7 accuracy on val: 0.902380
client 7 fairness(EQO, Y) on val: 0.903200
training accuracy (client 8) : 0.928371 
client 8 accuracy on val: 0.901900
client 8 fairness(EQO, Y) on val: 0.855500
training accuracy (client 9) : 0.967456 
client 9 accuracy on val: 0.893724
client 9 fairness(EQO, Y) on val: 1.000000
training accuracy (client 11) : 0.915966 
client 11 accuracy on val: 0.894446
client 11 fairness(EQO, Y) on val: 0.448000
global model accuracy on val: 0.902621
global model fairness(EQO, Y) on val: 0.762100
global model accuracy on test: 0.898052
global model fairness(EQO, Y) on test: 0.820100
------------ run = 10; t = 4; F_Global = 0.7621, Privileged = Y ------------
training accuracy (client 1) : 0.756098 
client 1 accuracy on val: 0.778793
client 1 fairness(EQO, Y) on val: 1.496400
training accuracy (client 5) : 0.952107 
client 5 accuracy on val: 0.904304
client 5 fairness(EQO, Y) on val: 0.694500
training accuracy (client 7) : 0.912965 
client 7 accuracy on val: 0.902380
client 7 fairness(EQO, Y) on val: 0.893700
training accuracy (client 10) : 0.704225 
client 10 accuracy on val: 0.694157
client 10 fairness(EQO, Y) on val: 0.618200
global model accuracy on val: 0.904544
global model fairness(EQO, Y) on val: 0.762500
global model accuracy on test: 0.899736
global model fairness(EQO, Y) on test: 0.804400
------------ run = 10; t = 5; F_Global = 0.7625, Privileged = Y ------------
training accuracy (client 2) : 0.929425 
client 2 accuracy on val: 0.897572
client 2 fairness(EQO, Y) on val: 0.974900
training accuracy (client 5) : 0.892424 
client 5 accuracy on val: 0.901900
client 5 fairness(EQO, Y) on val: 0.901600
training accuracy (client 8) : 0.967456 
client 8 accuracy on val: 0.893724
client 8 fairness(EQO, Y) on val: 1.000000
training accuracy (client 12) : 0.978671 
client 12 accuracy on val: 0.896610
client 12 fairness(EQO, Y) on val: 0.966900
global model accuracy on val: 0.902621
global model fairness(EQO, Y) on val: 0.870100
global model accuracy on test: 0.893965
global model fairness(EQO, Y) on test: 0.879100
------------ run = 10; t = 6; F_Global = 0.8701, Privileged = Y ------------
training accuracy (client 2) : 0.927253 
client 2 accuracy on val: 0.898293
client 2 fairness(EQO, Y) on val: 0.970300
training accuracy (client 5) : 0.894697 
client 5 accuracy on val: 0.902621
client 5 fairness(EQO, Y) on val: 0.886500
training accuracy (client 6) : 0.912058 
client 6 accuracy on val: 0.903583
client 6 fairness(EQO, Y) on val: 0.900400
training accuracy (client 10) : 0.909664 
client 10 accuracy on val: 0.891801
client 10 fairness(EQO, Y) on val: 0.403500
global model accuracy on val: 0.903823
global model fairness(EQO, Y) on val: 0.862900
global model accuracy on test: 0.895167
global model fairness(EQO, Y) on test: 0.881700
------------ run = 10; t = 7; F_Global = 0.8629, Privileged = Y ------------
training accuracy (client 5) : 0.893182 
client 5 accuracy on val: 0.900216
client 5 fairness(EQO, Y) on val: 0.914100
training accuracy (client 7) : 0.929073 
client 7 accuracy on val: 0.902861
client 7 fairness(EQO, Y) on val: 0.853600
training accuracy (client 8) : 0.967456 
client 8 accuracy on val: 0.893965
client 8 fairness(EQO, Y) on val: 1.001900
training accuracy (client 11) : 0.977851 
client 11 accuracy on val: 0.898774
client 11 fairness(EQO, Y) on val: 0.938200
global model accuracy on val: 0.902380
global model fairness(EQO, Y) on val: 0.884600
global model accuracy on test: 0.892522
global model fairness(EQO, Y) on test: 0.898000
------------ run = 10; t = 8; F_Global = 0.8846, Privileged = Y ------------
training accuracy (client 8) : 0.682927 
client 8 accuracy on val: 0.753306
client 8 fairness(EQO, Y) on val: 0.599400
training accuracy (client 10) : 0.977030 
client 10 accuracy on val: 0.898293
client 10 fairness(EQO, Y) on val: 0.947500
training accuracy (client 13) : 0.903361 
client 13 accuracy on val: 0.891560
client 13 fairness(EQO, Y) on val: 0.403600
training accuracy (client 14) : 0.750000 
client 14 accuracy on val: 0.782880
client 14 fairness(EQO, Y) on val: 0.547500
global model accuracy on val: 0.902621
global model fairness(EQO, Y) on val: 0.863300
global model accuracy on test: 0.891320
global model fairness(EQO, Y) on test: 0.878300
------------ run = 10; t = 9; F_Global = 0.8633, Privileged = Y ------------
training accuracy (client 4) : 0.845182 
client 4 accuracy on val: 0.867035
client 4 fairness(EQO, Y) on val: 0.495800
training accuracy (client 5) : 0.893939 
client 5 accuracy on val: 0.901178
client 5 fairness(EQO, Y) on val: 0.944600
training accuracy (client 8) : 0.697674 
client 8 accuracy on val: 0.774946
client 8 fairness(EQO, Y) on val: 0.521600
training accuracy (client 13) : 0.689024 
client 13 accuracy on val: 0.770858
client 13 fairness(EQO, Y) on val: 0.520200
global model accuracy on val: 0.905025
global model fairness(EQO, Y) on val: 0.784300
global model accuracy on test: 0.895888
global model fairness(EQO, Y) on test: 0.812500
------------ run = 10; t = 10; F_Global = 0.7843, Privileged = Y ------------
training accuracy (client 5) : 0.914325 
client 5 accuracy on val: 0.902861
client 5 fairness(EQO, Y) on val: 0.906900
training accuracy (client 6) : 0.967456 
client 6 accuracy on val: 0.894205
client 6 fairness(EQO, Y) on val: 1.003900
training accuracy (client 9) : 0.652778 
client 9 accuracy on val: 0.792258
client 9 fairness(EQO, Y) on val: 0.629400
training accuracy (client 14) : 0.884861 
client 14 accuracy on val: 0.901419
client 14 fairness(EQO, Y) on val: 0.548300
training accuracy (client 15) : 0.697674 
client 15 accuracy on val: 0.762924
client 15 fairness(EQO, Y) on val: 0.595400
global model accuracy on val: 0.903583
global model fairness(EQO, Y) on val: 0.817700
global model accuracy on test: 0.896850
global model fairness(EQO, Y) on test: 0.855300
------------ run = 10; t = 11; F_Global = 0.8177, Privileged = Y ------------
training accuracy (client 2) : 0.928339 
client 2 accuracy on val: 0.898052
client 2 fairness(EQO, Y) on val: 0.974700
training accuracy (client 3) : 0.905263 
client 3 accuracy on val: 0.900697
client 3 fairness(EQO, Y) on val: 0.694000
training accuracy (client 4) : 0.896212 
client 4 accuracy on val: 0.901419
client 4 fairness(EQO, Y) on val: 0.914500
training accuracy (client 6) : 0.967456 
client 6 accuracy on val: 0.894205
client 6 fairness(EQO, Y) on val: 1.003900
training accuracy (client 9) : 0.956818 
client 9 accuracy on val: 0.895167
client 9 fairness(EQO, Y) on val: 1.006900
global model accuracy on val: 0.903342
global model fairness(EQO, Y) on val: 0.874300
global model accuracy on test: 0.895408
global model fairness(EQO, Y) on test: 0.903800
------------ run = 10; t = 12; F_Global = 0.8743, Privileged = Y ------------
training accuracy (client 6) : 0.978671 
client 6 accuracy on val: 0.895888
client 6 fairness(EQO, Y) on val: 0.975100
training accuracy (client 7) : 0.671429 
client 7 accuracy on val: 0.776869
client 7 fairness(EQO, Y) on val: 0.562800
training accuracy (client 9) : 0.911765 
client 9 accuracy on val: 0.891320
client 9 fairness(EQO, Y) on val: 0.407800
training accuracy (client 14) : 0.886994 
client 14 accuracy on val: 0.905025
client 14 fairness(EQO, Y) on val: 0.592600
training accuracy (client 16) : 0.730469 
client 16 accuracy on val: 0.725655
client 16 fairness(EQO, Y) on val: 0.715900
global model accuracy on val: 0.903823
global model fairness(EQO, Y) on val: 0.858700
global model accuracy on test: 0.892522
global model fairness(EQO, Y) on test: 0.879200
------------ run = 10; t = 13; F_Global = 0.8587, Privileged = Y ------------
training accuracy (client 6) : 0.978261 
client 6 accuracy on val: 0.896850
client 6 fairness(EQO, Y) on val: 0.964100
training accuracy (client 9) : 0.750000 
client 9 accuracy on val: 0.769175
client 9 fairness(EQO, Y) on val: 0.541100
training accuracy (client 14) : 0.692857 
client 14 accuracy on val: 0.782640
client 14 fairness(EQO, Y) on val: 0.514700
training accuracy (client 15) : 0.911765 
client 15 accuracy on val: 0.891320
client 15 fairness(EQO, Y) on val: 0.388400
training accuracy (client 17) : 0.703125 
client 17 accuracy on val: 0.800192
client 17 fairness(EQO, Y) on val: 0.543700
global model accuracy on val: 0.903583
global model fairness(EQO, Y) on val: 0.852900
global model accuracy on test: 0.892041
global model fairness(EQO, Y) on test: 0.874800
------------ run = 10; t = 14; F_Global = 0.8529, Privileged = Y ------------
training accuracy (client 4) : 0.916138 
client 4 accuracy on val: 0.904063
client 4 fairness(EQO, Y) on val: 0.910200
training accuracy (client 7) : 0.956061 
client 7 accuracy on val: 0.895167
client 7 fairness(EQO, Y) on val: 1.003100
training accuracy (client 10) : 0.652778 
client 10 accuracy on val: 0.795384
client 10 fairness(EQO, Y) on val: 0.583900
training accuracy (client 13) : 0.884861 
client 13 accuracy on val: 0.899495
client 13 fairness(EQO, Y) on val: 0.502700
training accuracy (client 18) : 0.679688 
client 18 accuracy on val: 0.805723
client 18 fairness(EQO, Y) on val: 0.494900
global model accuracy on val: 0.904304
global model fairness(EQO, Y) on val: 0.865800
global model accuracy on test: 0.892522
global model fairness(EQO, Y) on test: 0.886300
------------ run = 10; t = 15; F_Global = 0.8658, Privileged = Y ------------
training accuracy (client 4) : 0.915231 
client 4 accuracy on val: 0.904304
client 4 fairness(EQO, Y) on val: 0.924500
training accuracy (client 6) : 0.979081 
client 6 accuracy on val: 0.899976
client 6 fairness(EQO, Y) on val: 0.916700
training accuracy (client 8) : 0.740385 
client 8 accuracy on val: 0.783842
client 8 fairness(EQO, Y) on val: 0.523000
training accuracy (client 12) : 0.671875 
client 12 accuracy on val: 0.793941
client 12 fairness(EQO, Y) on val: 0.507400
training accuracy (client 13) : 0.737805 
client 13 accuracy on val: 0.769897
client 13 fairness(EQO, Y) on val: 0.530600
global model accuracy on val: 0.903102
global model fairness(EQO, Y) on val: 0.867400
global model accuracy on test: 0.892041
global model fairness(EQO, Y) on test: 0.883400
------------ run = 10; t = 16; F_Global = 0.8674, Privileged = Y ------------
training accuracy (client 1) : 0.760163 
client 1 accuracy on val: 0.792258
client 1 fairness(EQO, Y) on val: 1.440200
training accuracy (client 2) : 0.929425 
client 2 accuracy on val: 0.899255
client 2 fairness(EQO, Y) on val: 0.974600
training accuracy (client 3) : 0.894697 
client 3 accuracy on val: 0.902140
client 3 fairness(EQO, Y) on val: 0.941300
training accuracy (client 11) : 0.685714 
client 11 accuracy on val: 0.785044
client 11 fairness(EQO, Y) on val: 0.492900
training accuracy (client 12) : 0.905462 
client 12 accuracy on val: 0.889396
client 12 fairness(EQO, Y) on val: 0.375900
global model accuracy on val: 0.903342
global model fairness(EQO, Y) on val: 0.859800
global model accuracy on test: 0.893965
global model fairness(EQO, Y) on test: 0.887700
------------ run = 10; t = 17; F_Global = 0.8598, Privileged = Y ------------
training accuracy (client 5) : 0.968935 
client 5 accuracy on val: 0.894446
client 5 fairness(EQO, Y) on val: 1.005800
training accuracy (client 9) : 0.715116 
client 9 accuracy on val: 0.760279
client 9 fairness(EQO, Y) on val: 0.678600
training accuracy (client 10) : 0.966772 
client 10 accuracy on val: 0.893965
client 10 fairness(EQO, Y) on val: 1.001900
training accuracy (client 11) : 0.666667 
client 11 accuracy on val: 0.782640
client 11 fairness(EQO, Y) on val: 0.656200
training accuracy (client 12) : 0.882729 
client 12 accuracy on val: 0.902621
client 12 fairness(EQO, Y) on val: 0.556300
global model accuracy on val: 0.901178
global model fairness(EQO, Y) on val: 0.912700
global model accuracy on test: 0.892522
global model fairness(EQO, Y) on test: 0.922200
------------ run = 10; t = 18; F_Global = 0.9127, Privileged = Y ------------
training accuracy (client 1) : 0.747967 
client 1 accuracy on val: 0.783121
client 1 fairness(EQO, Y) on val: 1.719800
training accuracy (client 4) : 0.915231 
client 4 accuracy on val: 0.903102
client 4 fairness(EQO, Y) on val: 0.918400
training accuracy (client 5) : 0.965976 
client 5 accuracy on val: 0.894446
client 5 fairness(EQO, Y) on val: 1.005800
training accuracy (client 6) : 0.978261 
client 6 accuracy on val: 0.897331
client 6 fairness(EQO, Y) on val: 0.958600
training accuracy (client 15) : 0.911765 
client 15 accuracy on val: 0.890839
client 15 fairness(EQO, Y) on val: 0.396500
global model accuracy on val: 0.901178
global model fairness(EQO, Y) on val: 0.912700
global model accuracy on test: 0.893003
global model fairness(EQO, Y) on test: 0.925400
------------ run = 10; t = 19; F_Global = 0.9127, Privileged = Y ------------
training accuracy (client 5) : 0.967456 
client 5 accuracy on val: 0.893965
client 5 fairness(EQO, Y) on val: 1.001900
training accuracy (client 7) : 0.956061 
client 7 accuracy on val: 0.895167
client 7 fairness(EQO, Y) on val: 1.009500
training accuracy (client 8) : 0.713415 
client 8 accuracy on val: 0.740563
client 8 fairness(EQO, Y) on val: 0.678700
training accuracy (client 11) : 0.759615 
client 11 accuracy on val: 0.774465
client 11 fairness(EQO, Y) on val: 0.606700
training accuracy (client 16) : 0.659722 
client 16 accuracy on val: 0.780476
client 16 fairness(EQO, Y) on val: 0.708900
global model accuracy on val: 0.900457
global model fairness(EQO, Y) on val: 0.929600
global model accuracy on test: 0.891560
global model fairness(EQO, Y) on test: 0.957300
------------ run = 10; t = 20; F_Global = 0.9296, Privileged = Y ------------
training accuracy (client 1) : 0.747967 
client 1 accuracy on val: 0.781919
client 1 fairness(EQO, Y) on val: 1.781100
training accuracy (client 5) : 0.965976 
client 5 accuracy on val: 0.893965
client 5 fairness(EQO, Y) on val: 1.001900
training accuracy (client 8) : 0.967563 
client 8 accuracy on val: 0.894446
client 8 fairness(EQO, Y) on val: 1.007900
training accuracy (client 13) : 0.720930 
client 13 accuracy on val: 0.760038
client 13 fairness(EQO, Y) on val: 0.721200
training accuracy (client 17) : 0.759615 
client 17 accuracy on val: 0.769656
client 17 fairness(EQO, Y) on val: 0.624700
global model accuracy on val: 0.900216
global model fairness(EQO, Y) on val: 0.952800
global model accuracy on test: 0.892282
global model fairness(EQO, Y) on test: 0.968300
------------ run = 10; t = 21; F_Global = 0.9528, Privileged = Y ------------
training accuracy (client 3) : 0.892424 
client 3 accuracy on val: 0.901178
client 3 fairness(EQO, Y) on val: 0.926100
training accuracy (client 9) : 0.703125 
client 9 accuracy on val: 0.786487
client 9 fairness(EQO, Y) on val: 0.674500
training accuracy (client 12) : 0.678571 
client 12 accuracy on val: 0.769175
client 12 fairness(EQO, Y) on val: 0.647700
training accuracy (client 15) : 0.737805 
client 15 accuracy on val: 0.730224
client 15 fairness(EQO, Y) on val: 0.756300
training accuracy (client 16) : 0.694444 
client 16 accuracy on val: 0.775427
client 16 fairness(EQO, Y) on val: 0.810700
global model accuracy on val: 0.901419
global model fairness(EQO, Y) on val: 0.948000
global model accuracy on test: 0.894927
global model fairness(EQO, Y) on test: 0.962600
------------ run = 10; t = 22; F_Global = 0.948, Privileged = Y ------------
training accuracy (client 2) : 0.929425 
client 2 accuracy on val: 0.899014
client 2 fairness(EQO, Y) on val: 0.978900
training accuracy (client 3) : 0.915685 
client 3 accuracy on val: 0.904544
client 3 fairness(EQO, Y) on val: 0.910400
training accuracy (client 10) : 0.886994 
client 10 accuracy on val: 0.903102
client 10 fairness(EQO, Y) on val: 0.642600
training accuracy (client 14) : 0.712963 
client 14 accuracy on val: 0.776148
client 14 fairness(EQO, Y) on val: 0.744000
training accuracy (client 15) : 0.923267 
client 15 accuracy on val: 0.895648
client 15 fairness(EQO, Y) on val: 1.078900
training accuracy (client 17) : 0.678571 
client 17 accuracy on val: 0.765809
client 17 fairness(EQO, Y) on val: 0.651300
global model accuracy on val: 0.900938
global model fairness(EQO, Y) on val: 0.963100
global model accuracy on test: 0.893965
global model fairness(EQO, Y) on test: 0.988800
------------ run = 10; t = 23; F_Global = 0.9631, Privileged = Y ------------
training accuracy (client 3) : 0.967456 
client 3 accuracy on val: 0.893965
client 3 fairness(EQO, Y) on val: 1.001900
training accuracy (client 5) : 0.957576 
client 5 accuracy on val: 0.895167
client 5 fairness(EQO, Y) on val: 1.011800
training accuracy (client 8) : 0.762195 
client 8 accuracy on val: 0.753547
client 8 fairness(EQO, Y) on val: 0.772500
training accuracy (client 13) : 0.703125 
client 13 accuracy on val: 0.779995
client 13 fairness(EQO, Y) on val: 0.713700
training accuracy (client 15) : 0.687500 
client 15 accuracy on val: 0.772301
client 15 fairness(EQO, Y) on val: 0.869000
training accuracy (client 20) : 0.678571 
client 20 accuracy on val: 0.766771
client 20 fairness(EQO, Y) on val: 0.685000
global model accuracy on val: 0.897091
global model fairness(EQO, Y) on val: 0.987800
global model accuracy on test: 0.893003
global model fairness(EQO, Y) on test: 0.999700
------------ run = 10; t = 24; F_Global = 0.9878, Privileged = Y ------------
training accuracy (client 1) : 0.756098 
client 1 accuracy on val: 0.774465
client 1 fairness(EQO, Y) on val: 2.048300
training accuracy (client 4) : 0.978261 
client 4 accuracy on val: 0.900457
client 4 fairness(EQO, Y) on val: 0.911200
training accuracy (client 8) : 0.911765 
client 8 accuracy on val: 0.893484
client 8 fairness(EQO, Y) on val: 0.441000
training accuracy (client 12) : 0.731707 
client 12 accuracy on val: 0.731426
client 12 fairness(EQO, Y) on val: 0.787700
training accuracy (client 13) : 0.711538 
client 13 accuracy on val: 0.729743
client 13 fairness(EQO, Y) on val: 0.905800
training accuracy (client 20) : 0.678571 
client 20 accuracy on val: 0.767492
client 20 fairness(EQO, Y) on val: 0.698000
global model accuracy on val: 0.899736
global model fairness(EQO, Y) on val: 0.984200
global model accuracy on test: 0.896610
global model fairness(EQO, N) on test: 0.967800
------------ run = 10; t = 25; F_Global = 0.9842, Privileged = Y ------------
training accuracy (client 1) : 0.760163 
client 1 accuracy on val: 0.765328
client 1 fairness(EQO, Y) on val: 2.178000
training accuracy (client 4) : 0.956818 
client 4 accuracy on val: 0.894927
client 4 fairness(EQO, Y) on val: 1.009800
training accuracy (client 9) : 0.923267 
client 9 accuracy on val: 0.895648
client 9 fairness(EQO, Y) on val: 1.065800
training accuracy (client 15) : 0.680556 
client 15 accuracy on val: 0.766530
client 15 fairness(EQO, Y) on val: 0.919300
training accuracy (client 17) : 0.913866 
client 17 accuracy on val: 0.894686
client 17 fairness(EQO, Y) on val: 0.443500
training accuracy (client 19) : 0.711538 
client 19 accuracy on val: 0.775908
client 19 fairness(EQO, Y) on val: 0.776300
global model accuracy on val: 0.899495
global model fairness(EQO, N) on val: 0.973900
global model accuracy on test: 0.894205
global model fairness(EQO, N) on test: 0.940500
------------ run = 10; t = 26; F_Global = 0.9739, Privileged = N ------------
training accuracy (client 3) : 0.965976 
client 3 accuracy on val: 0.893965
client 3 fairness(EQO, N) on val: 0.998100
training accuracy (client 7) : 0.726744 
client 7 accuracy on val: 0.732147
client 7 fairness(EQO, N) on val: 1.105700
training accuracy (client 15) : 0.978261 
client 15 accuracy on val: 0.899976
client 15 fairness(EQO, N) on val: 1.098600
training accuracy (client 16) : 0.743902 
client 16 accuracy on val: 0.715316
client 16 fairness(EQO, N) on val: 1.157900
training accuracy (client 20) : 0.911765 
client 20 accuracy on val: 0.895648
client 20 fairness(EQO, N) on val: 2.835100
training accuracy (client 21) : 0.692308 
client 21 accuracy on val: 0.774465
client 21 fairness(EQO, N) on val: 1.240300
global model accuracy on val: 0.902140
global model fairness(EQO, Y) on val: 0.964100
global model accuracy on test: 0.897572
global model fairness(EQO, Y) on test: 0.994400
------------ run = 10; t = 27; F_Global = 0.9641, Privileged = Y ------------
training accuracy (client 3) : 0.967456 
client 3 accuracy on val: 0.893965
client 3 fairness(EQO, Y) on val: 1.001900
training accuracy (client 13) : 0.768293 
client 13 accuracy on val: 0.741044
client 13 fairness(EQO, Y) on val: 0.796300
training accuracy (client 15) : 0.977851 
client 15 accuracy on val: 0.898533
client 15 fairness(EQO, Y) on val: 0.940900
training accuracy (client 16) : 0.750000 
client 16 accuracy on val: 0.716038
client 16 fairness(EQO, Y) on val: 0.819200
training accuracy (client 17) : 0.653846 
client 17 accuracy on val: 0.764366
client 17 fairness(EQO, Y) on val: 0.848800
training accuracy (client 19) : 0.666667 
client 19 accuracy on val: 0.762683
client 19 fairness(EQO, Y) on val: 0.917800
global model accuracy on val: 0.900938
global model fairness(EQO, Y) on val: 0.958100
global model accuracy on test: 0.894686
global model fairness(EQO, Y) on test: 0.976700
------------ run = 10; t = 28; F_Global = 0.9581, Privileged = Y ------------
training accuracy (client 3) : 0.967456 
client 3 accuracy on val: 0.893965
client 3 fairness(EQO, Y) on val: 1.001900
training accuracy (client 4) : 0.956061 
client 4 accuracy on val: 0.894686
client 4 fairness(EQO, Y) on val: 1.007800
training accuracy (client 7) : 0.738372 
client 7 accuracy on val: 0.739360
client 7 fairness(EQO, Y) on val: 0.807600
training accuracy (client 10) : 0.952953 
client 10 accuracy on val: 0.894446
client 10 fairness(EQO, Y) on val: 1.025500
training accuracy (client 15) : 0.909664 
client 15 accuracy on val: 0.891080
client 15 fairness(EQO, Y) on val: 0.402000
training accuracy (client 18) : 0.977441 
client 18 accuracy on val: 0.899736
client 18 fairness(EQO, Y) on val: 0.919400
global model accuracy on val: 0.897812
global model fairness(EQO, Y) on val: 0.983700
global model accuracy on test: 0.891801
global model fairness(EQO, Y) on test: 0.997000
------------ run = 10; t = 29; F_Global = 0.9837, Privileged = Y ------------
training accuracy (client 3) : 0.967456 
client 3 accuracy on val: 0.893965
client 3 fairness(EQO, Y) on val: 1.001900
training accuracy (client 8) : 0.923267 
client 8 accuracy on val: 0.895408
client 8 fairness(EQO, Y) on val: 1.071100
training accuracy (client 16) : 0.737805 
client 16 accuracy on val: 0.724934
client 16 fairness(EQO, Y) on val: 0.803800
training accuracy (client 17) : 0.634615 
client 17 accuracy on val: 0.772301
client 17 fairness(EQO, Y) on val: 0.844900
training accuracy (client 18) : 0.687500 
client 18 accuracy on val: 0.768454
client 18 fairness(EQO, Y) on val: 0.905700
training accuracy (client 20) : 0.911765 
client 20 accuracy on val: 0.892041
client 20 fairness(EQO, Y) on val: 0.425500
global model accuracy on val: 0.895648
global model fairness(EQO, N) on val: 0.995700
global model accuracy on test: 0.892282
global model fairness(EQO, N) on test: 0.992400
------------ run = 10; t = 30; F_Global = 0.9957, Privileged = N ------------
training accuracy (client 1) : 0.756098 
client 1 accuracy on val: 0.767011
client 1 fairness(EQO, N) on val: 0.555600
training accuracy (client 9) : 0.952452 
client 9 accuracy on val: 0.894205
client 9 fairness(EQO, N) on val: 0.985800
training accuracy (client 11) : 0.750000 
client 11 accuracy on val: 0.768214
client 11 fairness(EQO, N) on val: 1.207200
training accuracy (client 12) : 0.703125 
client 12 accuracy on val: 0.775667
client 12 fairness(EQO, N) on val: 1.345400
training accuracy (client 16) : 0.726744 
client 16 accuracy on val: 0.748257
client 16 fairness(EQO, N) on val: 1.032800
training accuracy (client 20) : 0.673611 
client 20 accuracy on val: 0.767492
client 20 fairness(EQO, N) on val: 1.097000
global model accuracy on val: 0.898052
global model fairness(EQO, N) on val: 0.978400
global model accuracy on test: 0.893724
global model fairness(EQO, N) on test: 0.959300
------------ run = 10; t = 31; F_Global = 0.9784, Privileged = N ------------
training accuracy (client 1) : 0.930510 
client 1 accuracy on val: 0.895408
client 1 fairness(EQO, N) on val: 0.993300
training accuracy (client 5) : 0.718750 
client 5 accuracy on val: 0.756432
client 5 fairness(EQO, N) on val: 1.209700
training accuracy (client 9) : 0.750000 
client 9 accuracy on val: 0.756672
client 9 fairness(EQO, N) on val: 1.103400
training accuracy (client 10) : 0.710938 
client 10 accuracy on val: 0.756672
client 10 fairness(EQO, N) on val: 1.225100
training accuracy (client 16) : 0.743902 
client 16 accuracy on val: 0.709065
client 16 fairness(EQO, N) on val: 1.100500
training accuracy (client 20) : 0.760163 
client 20 accuracy on val: 0.761481
client 20 fairness(EQO, N) on val: 0.538700
global model accuracy on val: 0.892282
global model fairness(EQO, N) on val: 0.985500
global model accuracy on test: 0.888435
global model fairness(EQO, N) on test: 0.916100
------------ run = 10; t = 32; F_Global = 0.9855, Privileged = N ------------
training accuracy (client 3) : 0.957576 
client 3 accuracy on val: 0.894205
client 3 fairness(EQO, N) on val: 0.996200
training accuracy (client 10) : 0.734375 
client 10 accuracy on val: 0.748257
client 10 fairness(EQO, N) on val: 1.250600
training accuracy (client 12) : 0.721154 
client 12 accuracy on val: 0.759558
client 12 fairness(EQO, N) on val: 1.202800
training accuracy (client 14) : 0.744186 
client 14 accuracy on val: 0.725415
client 14 fairness(EQO, N) on val: 1.018700
training accuracy (client 17) : 0.692308 
client 17 accuracy on val: 0.744410
client 17 fairness(EQO, N) on val: 1.064100
training accuracy (client 20) : 0.951952 
client 20 accuracy on val: 0.894205
client 20 fairness(EQO, N) on val: 0.983800
global model accuracy on val: 0.882905
global model fairness(EQO, N) on val: 0.958200
global model accuracy on test: 0.879298
global model fairness(EQO, N) on test: 0.882000
------------ run = 10; t = 33; F_Global = 0.9582, Privileged = N ------------
training accuracy (client 5) : 0.750000 
client 5 accuracy on val: 0.738639
client 5 fairness(EQO, N) on val: 1.130600
training accuracy (client 8) : 0.878465 
client 8 accuracy on val: 0.904304
client 8 fairness(EQO, N) on val: 1.262300
training accuracy (client 10) : 0.726562 
client 10 accuracy on val: 0.738158
client 10 fairness(EQO, N) on val: 1.169200
training accuracy (client 11) : 0.700000 
client 11 accuracy on val: 0.733590
client 11 fairness(EQO, N) on val: 1.222200
training accuracy (client 13) : 0.774390 
client 13 accuracy on val: 0.719163
client 13 fairness(EQO, N) on val: 1.143600
training accuracy (client 14) : 0.761628 
client 14 accuracy on val: 0.711229
client 14 fairness(EQO, N) on val: 0.965700
global model accuracy on val: 0.861265
global model fairness(EQO, N) on val: 0.994500
global model accuracy on test: 0.856215
global model fairness(EQO, N) on test: 0.901800
------------ run = 10; t = 34; F_Global = 0.9945, Privileged = N ------------
training accuracy (client 7) : 0.924918 
client 7 accuracy on val: 0.897331
client 7 fairness(EQO, N) on val: 0.948500
training accuracy (client 10) : 0.734375 
client 10 accuracy on val: 0.725174
client 10 fairness(EQO, N) on val: 1.129200
training accuracy (client 13) : 0.786585 
client 13 accuracy on val: 0.703054
client 13 fairness(EQO, N) on val: 1.064000
training accuracy (client 16) : 0.768293 
client 16 accuracy on val: 0.678528
client 16 fairness(EQO, N) on val: 1.006700
training accuracy (client 17) : 0.721154 
client 17 accuracy on val: 0.723491
client 17 fairness(EQO, N) on val: 1.006600
training accuracy (client 18) : 0.708333 
client 18 accuracy on val: 0.728781
client 18 fairness(EQO, N) on val: 0.966700
global model accuracy on val: 0.834816
global model fairness(EQO, N) on val: 0.957500
global model accuracy on test: 0.829045
global model fairness(EQO, N) on test: 0.881300
------------ run = 10; t = 35; F_Global = 0.9575, Privileged = N ------------
training accuracy (client 1) : 0.928339 
client 1 accuracy on val: 0.894446
client 1 fairness(EQO, N) on val: 0.988500
training accuracy (client 5) : 0.773438 
client 5 accuracy on val: 0.714354
client 5 fairness(EQO, N) on val: 0.942400
training accuracy (client 10) : 0.707143 
client 10 accuracy on val: 0.711469
client 10 fairness(EQO, N) on val: 1.129600
training accuracy (client 17) : 0.911765 
client 17 accuracy on val: 0.893965
client 17 fairness(EQO, N) on val: 2.971600
training accuracy (client 19) : 0.952452 
client 19 accuracy on val: 0.893965
client 19 fairness(EQO, N) on val: 0.981500
training accuracy (client 20) : 0.924092 
client 20 accuracy on val: 0.896610
client 20 fairness(EQO, N) on val: 0.946000
global model accuracy on val: 0.874008
global model fairness(EQO, Y) on val: 0.968400
global model accuracy on test: 0.869680
global model fairness(EQO, N) on test: 0.949900
------------ run = 10; t = 36; F_Global = 0.9684, Privileged = Y ------------
training accuracy (client 2) : 0.967456 
client 2 accuracy on val: 0.893724
client 2 fairness(EQO, Y) on val: 1.000000
training accuracy (client 4) : 0.966772 
client 4 accuracy on val: 0.893965
client 4 fairness(EQO, Y) on val: 1.001900
training accuracy (client 10) : 0.759615 
client 10 accuracy on val: 0.741284
client 10 fairness(EQO, Y) on val: 0.848300
training accuracy (client 13) : 0.978671 
client 13 accuracy on val: 0.899736
client 13 fairness(EQO, Y) on val: 0.919400
training accuracy (client 15) : 0.692308 
client 15 accuracy on val: 0.722770
client 15 fairness(EQO, Y) on val: 0.966400
training accuracy (client 17) : 0.768293 
client 17 accuracy on val: 0.745131
client 17 fairness(EQO, Y) on val: 2.626400
global model accuracy on val: 0.886030
global model fairness(EQO, N) on val: 0.966400
global model accuracy on test: 0.883626
global model fairness(EQO, N) on test: 0.896200
------------ run = 10; t = 37; F_Global = 0.9664, Privileged = N ------------
training accuracy (client 5) : 0.817308 
client 5 accuracy on val: 0.719644
client 5 fairness(EQO, N) on val: 1.241600
training accuracy (client 8) : 0.742188 
client 8 accuracy on val: 0.727579
client 8 fairness(EQO, N) on val: 1.104200
training accuracy (client 11) : 0.755814 
client 11 accuracy on val: 0.713393
client 11 fairness(EQO, N) on val: 0.849800
training accuracy (client 14) : 0.768293 
client 14 accuracy on val: 0.744169
client 14 fairness(EQO, N) on val: 0.495300
training accuracy (client 17) : 0.765625 
client 17 accuracy on val: 0.727338
client 17 fairness(EQO, N) on val: 1.040800
training accuracy (client 21) : 0.711538 
client 21 accuracy on val: 0.725896
client 21 fairness(EQO, N) on val: 1.006200
global model accuracy on val: 0.841789
global model fairness(EQO, N) on val: 0.937700
global model accuracy on test: 0.837461
global model fairness(EQO, N) on test: 0.839200
------------ run = 10; t = 38; F_Global = 0.9377, Privileged = N ------------
training accuracy (client 4) : 0.966772 
client 4 accuracy on val: 0.893965
client 4 fairness(EQO, N) on val: 0.998100
training accuracy (client 10) : 0.786585 
client 10 accuracy on val: 0.686944
client 10 fairness(EQO, N) on val: 1.008400
training accuracy (client 12) : 0.911765 
client 12 accuracy on val: 0.891080
client 12 fairness(EQO, N) on val: 3.366300
training accuracy (client 13) : 0.951451 
client 13 accuracy on val: 0.893724
client 13 fairness(EQO, N) on val: 0.995900
training accuracy (client 14) : 0.729167 
client 14 accuracy on val: 0.716759
client 14 fairness(EQO, N) on val: 0.839100
training accuracy (client 20) : 0.773256 
client 20 accuracy on val: 0.683578
client 20 fairness(EQO, N) on val: 0.917600
global model accuracy on val: 0.881221
global model fairness(EQO, Y) on val: 0.937300
global model accuracy on test: 0.880741
global model fairness(EQO, Y) on test: 0.993100
------------ run = 10; t = 39; F_Global = 0.9373, Privileged = Y ------------
training accuracy (client 6) : 0.893390 
client 6 accuracy on val: 0.903342
client 6 fairness(EQO, Y) on val: 0.619700
training accuracy (client 12) : 0.911765 
client 12 accuracy on val: 0.891080
client 12 fairness(EQO, Y) on val: 0.424900
training accuracy (client 17) : 0.977851 
client 17 accuracy on val: 0.899495
client 17 fairness(EQO, Y) on val: 0.918400
training accuracy (client 18) : 0.711538 
client 18 accuracy on val: 0.724693
client 18 fairness(EQO, Y) on val: 0.942100
training accuracy (client 19) : 0.776423 
client 19 accuracy on val: 0.741765
client 19 fairness(EQO, Y) on val: 2.773900
training accuracy (client 21) : 0.767442 
client 21 accuracy on val: 0.699447
client 21 fairness(EQO, Y) on val: 1.180200
global model accuracy on val: 0.867276
global model fairness(EQO, N) on val: 0.964000
global model accuracy on test: 0.863429
global model fairness(EQO, N) on test: 0.904400
------------ run = 10; t = 40; F_Global = 0.964, Privileged = N ------------
training accuracy (client 5) : 0.807692 
client 5 accuracy on val: 0.700409
client 5 fairness(EQO, N) on val: 1.160200
training accuracy (client 7) : 0.742188 
client 7 accuracy on val: 0.710507
client 7 fairness(EQO, N) on val: 1.066600
training accuracy (client 14) : 0.740385 
client 14 accuracy on val: 0.722289
client 14 fairness(EQO, N) on val: 1.042900
training accuracy (client 16) : 0.776423 
client 16 accuracy on val: 0.741284
client 16 fairness(EQO, N) on val: 0.481700
training accuracy (client 17) : 0.722222 
client 17 accuracy on val: 0.711229
client 17 fairness(EQO, N) on val: 0.844600
training accuracy (client 20) : 0.909664 
client 20 accuracy on val: 0.891320
client 20 fairness(EQO, N) on val: 3.557000
global model accuracy on val: 0.868238
global model fairness(EQO, Y) on val: 0.814400
global model accuracy on test: 0.863429
global model fairness(EQO, Y) on test: 0.872900
------------ run = 10; t = 41; F_Global = 0.8144, Privileged = Y ------------
training accuracy (client 1) : 0.930510 
client 1 accuracy on val: 0.895888
client 1 fairness(EQO, Y) on val: 0.994400
training accuracy (client 4) : 0.966772 
client 4 accuracy on val: 0.893965
client 4 fairness(EQO, Y) on val: 1.001900
training accuracy (client 6) : 0.805556 
client 6 accuracy on val: 0.715557
client 6 fairness(EQO, Y) on val: 0.990900
training accuracy (client 10) : 0.780488 
client 10 accuracy on val: 0.660255
client 10 fairness(EQO, Y) on val: 1.114000
training accuracy (client 15) : 0.721154 
client 15 accuracy on val: 0.708824
client 15 fairness(EQO, Y) on val: 0.936200
training accuracy (client 16) : 0.779070 
client 16 accuracy on val: 0.691032
client 16 fairness(EQO, Y) on val: 1.056700
global model accuracy on val: 0.864871
global model fairness(EQO, Y) on val: 0.925900
global model accuracy on test: 0.858379
global model fairness(EQO, N) on test: 0.968400
------------ run = 10; t = 42; F_Global = 0.9259, Privileged = Y ------------
training accuracy (client 1) : 0.931596 
client 1 accuracy on val: 0.895648
client 1 fairness(EQO, Y) on val: 0.990600
training accuracy (client 2) : 0.967456 
client 2 accuracy on val: 0.893724
client 2 fairness(EQO, Y) on val: 1.000000
training accuracy (client 7) : 0.742188 
client 7 accuracy on val: 0.704256
client 7 fairness(EQO, Y) on val: 0.931000
training accuracy (client 12) : 0.773438 
client 12 accuracy on val: 0.700168
client 12 fairness(EQO, Y) on val: 1.040500
training accuracy (client 19) : 0.978671 
client 19 accuracy on val: 0.896129
client 19 fairness(EQO, Y) on val: 0.972400
training accuracy (client 20) : 0.784553 
client 20 accuracy on val: 0.734792
client 20 fairness(EQO, Y) on val: 2.894000
global model accuracy on val: 0.880500
global model fairness(EQO, Y) on val: 0.977100
global model accuracy on test: 0.880741
global model fairness(EQO, N) on test: 0.959600
------------ run = 10; t = 43; F_Global = 0.9771, Privileged = Y ------------
training accuracy (client 1) : 0.931596 
client 1 accuracy on val: 0.895408
client 1 fairness(EQO, Y) on val: 1.002800
training accuracy (client 3) : 0.958333 
client 3 accuracy on val: 0.895408
client 3 fairness(EQO, Y) on val: 1.016000
training accuracy (client 5) : 0.807692 
client 5 accuracy on val: 0.699447
client 5 fairness(EQO, Y) on val: 0.819700
training accuracy (client 7) : 0.742188 
client 7 accuracy on val: 0.707862
client 7 fairness(EQO, Y) on val: 0.935300
training accuracy (client 8) : 0.714286 
client 8 accuracy on val: 0.703054
client 8 fairness(EQO, Y) on val: 0.806100
training accuracy (client 9) : 0.786585 
client 9 accuracy on val: 0.682616
client 9 fairness(EQO, Y) on val: 0.922400
global model accuracy on val: 0.899495
global model fairness(EQO, Y) on val: 0.983100
global model accuracy on test: 0.894446
global model fairness(EQO, N) on test: 0.975800
------------ run = 10; t = 44; F_Global = 0.9831, Privileged = Y ------------
training accuracy (client 3) : 0.956818 
client 3 accuracy on val: 0.894205
client 3 fairness(EQO, Y) on val: 1.003900
training accuracy (client 4) : 0.967563 
client 4 accuracy on val: 0.894205
client 4 fairness(EQO, Y) on val: 1.003900
training accuracy (client 5) : 0.768519 
client 5 accuracy on val: 0.731907
client 5 fairness(EQO, Y) on val: 0.976700
training accuracy (client 14) : 0.915966 
client 14 accuracy on val: 0.889396
client 14 fairness(EQO, Y) on val: 0.386500
training accuracy (client 20) : 0.714286 
client 20 accuracy on val: 0.719644
client 20 fairness(EQO, Y) on val: 0.786900
training accuracy (client 21) : 0.780488 
client 21 accuracy on val: 0.698726
client 21 fairness(EQO, Y) on val: 0.883300
global model accuracy on val: 0.895408
global model fairness(EQO, N) on val: 0.985800
global model accuracy on test: 0.890118
global model fairness(EQO, N) on test: 0.982100
------------ run = 10; t = 45; F_Global = 0.9858, Privileged = N ------------
training accuracy (client 2) : 0.967456 
client 2 accuracy on val: 0.893724
client 2 fairness(EQO, N) on val: 1.000000
training accuracy (client 8) : 0.923267 
client 8 accuracy on val: 0.896850
client 8 fairness(EQO, N) on val: 0.939900
training accuracy (client 10) : 0.692308 
client 10 accuracy on val: 0.740082
client 10 fairness(EQO, N) on val: 1.016000
training accuracy (client 15) : 0.701389 
client 15 accuracy on val: 0.738639
client 15 fairness(EQO, N) on val: 0.952100
training accuracy (client 19) : 0.907563 
client 19 accuracy on val: 0.891080
client 19 fairness(EQO, N) on val: 3.508500
training accuracy (client 20) : 0.707143 
client 20 accuracy on val: 0.733830
client 20 fairness(EQO, N) on val: 1.251900
global model accuracy on val: 0.905025
global model fairness(EQO, Y) on val: 0.867700
global model accuracy on test: 0.900216
global model fairness(EQO, Y) on test: 0.922600
------------ run = 10; t = 46; F_Global = 0.8677, Privileged = Y ------------
training accuracy (client 1) : 0.928339 
client 1 accuracy on val: 0.895648
client 1 fairness(EQO, Y) on val: 0.996700
training accuracy (client 3) : 0.957576 
client 3 accuracy on val: 0.894927
client 3 fairness(EQO, Y) on val: 1.009800
training accuracy (client 6) : 0.953954 
client 6 accuracy on val: 0.895648
client 6 fairness(EQO, Y) on val: 1.038600
training accuracy (client 11) : 0.880597 
client 11 accuracy on val: 0.904785
client 11 fairness(EQO, Y) on val: 0.616300
training accuracy (client 13) : 0.776423 
client 13 accuracy on val: 0.741044
client 13 fairness(EQO, Y) on val: 2.560200
training accuracy (client 18) : 0.714286 
client 18 accuracy on val: 0.726857
client 18 fairness(EQO, Y) on val: 0.683400
global model accuracy on val: 0.894205
global model fairness(EQO, N) on val: 0.903900
global model accuracy on test: 0.891801
global model fairness(EQO, N) on test: 0.895700
------------ run = 10; t = 47; F_Global = 0.9039, Privileged = N ------------
training accuracy (client 3) : 0.956818 
client 3 accuracy on val: 0.894446
client 3 fairness(EQO, N) on val: 0.994300
training accuracy (client 4) : 0.966772 
client 4 accuracy on val: 0.894446
client 4 fairness(EQO, N) on val: 0.994300
training accuracy (client 7) : 0.773438 
client 7 accuracy on val: 0.720846
client 7 fairness(EQO, N) on val: 1.001800
training accuracy (client 12) : 0.784553 
client 12 accuracy on val: 0.737437
client 12 fairness(EQO, N) on val: 0.481100
training accuracy (client 14) : 0.742188 
client 14 accuracy on val: 0.720606
client 14 fairness(EQO, N) on val: 1.006300
training accuracy (client 19) : 0.722222 
client 19 accuracy on val: 0.728781
client 19 fairness(EQO, N) on val: 0.850400
global model accuracy on val: 0.890358
global model fairness(EQO, N) on val: 0.890300
global model accuracy on test: 0.888194
global model fairness(EQO, N) on test: 0.843000
------------ run = 10; t = 48; F_Global = 0.8903, Privileged = N ------------
training accuracy (client 8) : 0.740385 
client 8 accuracy on val: 0.723491
client 8 fairness(EQO, N) on val: 0.992900
training accuracy (client 9) : 0.740385 
client 9 accuracy on val: 0.715557
client 9 fairness(EQO, N) on val: 0.907600
training accuracy (client 14) : 0.787037 
client 14 accuracy on val: 0.720606
client 14 fairness(EQO, N) on val: 0.905500
training accuracy (client 17) : 0.923267 
client 17 accuracy on val: 0.895408
client 17 fairness(EQO, N) on val: 0.972100
training accuracy (client 18) : 0.882729 
client 18 accuracy on val: 0.904304
client 18 fairness(EQO, N) on val: 1.645400
training accuracy (client 21) : 0.722222 
client 21 accuracy on val: 0.710267
client 21 fairness(EQO, N) on val: 0.855500
global model accuracy on val: 0.868959
global model fairness(EQO, N) on val: 0.914200
global model accuracy on test: 0.859822
global model fairness(EQO, N) on test: 0.842300
------------ run = 10; t = 49; F_Global = 0.9142, Privileged = N ------------
training accuracy (client 1) : 0.930510 
client 1 accuracy on val: 0.895167
client 1 fairness(EQO, N) on val: 0.997600
training accuracy (client 3) : 0.958333 
client 3 accuracy on val: 0.894927
client 3 fairness(EQO, N) on val: 0.990400
training accuracy (client 10) : 0.784884 
client 10 accuracy on val: 0.679009
client 10 fairness(EQO, N) on val: 0.784300
training accuracy (client 11) : 0.978261 
client 11 accuracy on val: 0.896610
client 11 fairness(EQO, N) on val: 1.035500
training accuracy (client 15) : 0.909664 
client 15 accuracy on val: 0.890118
client 15 fairness(EQO, N) on val: 4.020500
training accuracy (client 21) : 0.722222 
client 21 accuracy on val: 0.691272
client 21 fairness(EQO, N) on val: 0.798400
global model accuracy on val: 0.903102
global model fairness(EQO, Y) on val: 0.753100
global model accuracy on test: 0.897091
global model fairness(EQO, Y) on test: 0.749900
------------ run = 10; t = 50; F_Global = 0.7531, Privileged = Y ------------
training accuracy (client 1) : 0.930510 
client 1 accuracy on val: 0.896369
client 1 fairness(EQO, Y) on val: 0.998400
training accuracy (client 4) : 0.967563 
client 4 accuracy on val: 0.894446
client 4 fairness(EQO, Y) on val: 1.005800
training accuracy (client 5) : 0.768293 
client 5 accuracy on val: 0.692955
client 5 fairness(EQO, Y) on val: 0.786100
training accuracy (client 7) : 0.726562 
client 7 accuracy on val: 0.741284
client 7 fairness(EQO, Y) on val: 0.633800
training accuracy (client 12) : 0.718750 
client 12 accuracy on val: 0.742246
client 12 fairness(EQO, Y) on val: 0.630400
training accuracy (client 13) : 0.787037 
client 13 accuracy on val: 0.751142
client 13 fairness(EQO, Y) on val: 0.702200
global model accuracy on val: 0.896369
global model fairness(EQO, N) on val: 0.980600
global model accuracy on test: 0.892041
global model fairness(EQO, N) on test: 0.958600
----------------Done (FLAlgMain)----------------
