Alg.: FairFateVC; Client dataset: today_20230531\dataset_EQO_run_1; client Count: 10
----------------(start loading 10 client datasets from today_20230531\dataset_EQO_run_1)----------------
----------------(successfully loading 10 client datasets and server testing data from today_20230531\dataset_EQO_run_1)----------------
----------------Execute (FLAlgMain)----------------
----------------(start running algorithm)----------------
global model accuracy on val: 0.441212
global model fairness(EQO, N) on val: 0.535200
------------ run = 2; t = 1; F_Global = 0.5352, Privileged = N ------------
training accuracy (client 2) : 0.879913 
client 2 accuracy on val: 0.873768
client 2 fairness(EQO, N) on val: 0.996500
training accuracy (client 6) : 0.911923 
client 6 accuracy on val: 0.885549
client 6 fairness(EQO, N) on val: 0.999600
training accuracy (client 7) : 0.846930 
client 7 accuracy on val: 0.819428
client 7 fairness(EQO, N) on val: 4.187700
global model accuracy on val: 0.808367
global model fairness(EQO, N) on val: 0.878200
global model accuracy on test: 0.816062
global model fairness(EQO, N) on test: 0.830200
------------ run = 2; t = 2; F_Global = 0.8782, Privileged = N ------------
training accuracy (client 4) : 0.836565 
client 4 accuracy on val: 0.857899
client 4 fairness(EQO, N) on val: 0.874100
training accuracy (client 5) : 0.925190 
client 5 accuracy on val: 0.872325
client 5 fairness(EQO, N) on val: 3.228400
training accuracy (client 7) : 0.849453 
client 7 accuracy on val: 0.840587
client 7 fairness(EQO, N) on val: 4.325100
global model accuracy on val: 0.865112
global model fairness(EQO, Y) on val: 0.854000
global model accuracy on test: 0.869921
global model fairness(EQO, Y) on test: 0.882600
------------ run = 2; t = 3; F_Global = 0.854, Privileged = Y ------------
training accuracy (client 1) : 0.914780 
client 1 accuracy on val: 0.865833
client 1 fairness(EQO, Y) on val: 0.392900
training accuracy (client 8) : 0.906176 
client 8 accuracy on val: 0.890358
client 8 fairness(EQO, Y) on val: 0.951300
training accuracy (client 10) : 0.833795 
client 10 accuracy on val: 0.875932
client 10 fairness(EQO, Y) on val: 1.070600
global model accuracy on val: 0.882424
global model fairness(EQO, Y) on val: 0.900800
global model accuracy on test: 0.884588
global model fairness(EQO, Y) on test: 0.913500
------------ run = 2; t = 4; F_Global = 0.9008, Privileged = Y ------------
training accuracy (client 1) : 0.911572 
client 1 accuracy on val: 0.890118
client 1 fairness(EQO, Y) on val: 0.960700
training accuracy (client 2) : 0.903624 
client 2 accuracy on val: 0.892041
client 2 fairness(EQO, Y) on val: 0.723500
training accuracy (client 5) : 0.860387 
client 5 accuracy on val: 0.853330
client 5 fairness(EQO, Y) on val: 0.323400
global model accuracy on val: 0.885790
global model fairness(EQO, Y) on val: 0.807800
global model accuracy on test: 0.890839
global model fairness(EQO, Y) on test: 0.799100
------------ run = 2; t = 5; F_Global = 0.8078, Privileged = Y ------------
training accuracy (client 1) : 0.910480 
client 1 accuracy on val: 0.890118
client 1 fairness(EQO, Y) on val: 0.944500
training accuracy (client 3) : 0.915682 
client 3 accuracy on val: 0.886992
client 3 fairness(EQO, Y) on val: 1.000200
training accuracy (client 6) : 0.841328 
client 6 accuracy on val: 0.863188
client 6 fairness(EQO, Y) on val: 0.476600
training accuracy (client 11) : 0.939252 
client 11 accuracy on val: 0.890358
client 11 fairness(EQO, Y) on val: 0.946700
global model accuracy on val: 0.890599
global model fairness(EQO, Y) on val: 0.886000
global model accuracy on test: 0.893724
global model fairness(EQO, Y) on test: 0.897300
------------ run = 2; t = 6; F_Global = 0.886, Privileged = Y ------------
training accuracy (client 5) : 0.907363 
client 5 accuracy on val: 0.890599
client 5 fairness(EQO, Y) on val: 0.948800
training accuracy (client 12) : 0.973913 
client 12 accuracy on val: 0.891320
client 12 fairness(EQO, Y) on val: 0.853500
training accuracy (client 13) : 0.548077 
client 13 accuracy on val: 0.870402
client 13 fairness(EQO, Y) on val: 0.649800
training accuracy (client 14) : 0.964072 
client 14 accuracy on val: 0.891080
client 14 fairness(EQO, Y) on val: 0.881400
global model accuracy on val: 0.891560
global model fairness(EQO, Y) on val: 0.904100
global model accuracy on test: 0.893244
global model fairness(EQO, Y) on test: 0.916300
------------ run = 2; t = 7; F_Global = 0.9041, Privileged = Y ------------
training accuracy (client 1) : 0.910480 
client 1 accuracy on val: 0.890358
client 1 fairness(EQO, Y) on val: 0.935100
training accuracy (client 2) : 0.931619 
client 2 accuracy on val: 0.876893
client 2 fairness(EQO, Y) on val: 0.416000
training accuracy (client 5) : 0.907363 
client 5 accuracy on val: 0.890599
client 5 fairness(EQO, Y) on val: 0.941900
training accuracy (client 10) : 0.940187 
client 10 accuracy on val: 0.889396
client 10 fairness(EQO, Y) on val: 0.960200
global model accuracy on val: 0.893484
global model fairness(EQO, Y) on val: 0.870300
global model accuracy on test: 0.895167
global model fairness(EQO, Y) on test: 0.880100
------------ run = 2; t = 8; F_Global = 0.8703, Privileged = Y ------------
training accuracy (client 4) : 0.907957 
client 4 accuracy on val: 0.891080
client 4 fairness(EQO, Y) on val: 0.934500
training accuracy (client 9) : 0.944860 
client 9 accuracy on val: 0.891560
client 9 fairness(EQO, Y) on val: 0.913400
training accuracy (client 12) : 0.528846 
client 12 accuracy on val: 0.872806
client 12 fairness(EQO, Y) on val: 0.568600
training accuracy (client 15) : 0.972353 
client 15 accuracy on val: 0.890118
client 15 fairness(EQO, Y) on val: 0.626900
global model accuracy on val: 0.893965
global model fairness(EQO, Y) on val: 0.865300
global model accuracy on test: 0.894927
global model fairness(EQO, Y) on test: 0.863000
------------ run = 2; t = 9; F_Global = 0.8653, Privileged = Y ------------
training accuracy (client 1) : 0.911572 
client 1 accuracy on val: 0.892282
client 1 fairness(EQO, Y) on val: 0.887900
training accuracy (client 4) : 0.906176 
client 4 accuracy on val: 0.891801
client 4 fairness(EQO, Y) on val: 0.927000
training accuracy (client 6) : 0.537037 
client 6 accuracy on val: 0.884107
client 6 fairness(EQO, Y) on val: 0.598200
training accuracy (client 7) : 0.976672 
client 7 accuracy on val: 0.888194
client 7 fairness(EQO, Y) on val: 0.599500
global model accuracy on val: 0.893724
global model fairness(EQO, Y) on val: 0.867800
global model accuracy on test: 0.894927
global model fairness(EQO, Y) on test: 0.866800
------------ run = 2; t = 10; F_Global = 0.8678, Privileged = Y ------------
training accuracy (client 2) : 0.917293 
client 2 accuracy on val: 0.887473
client 2 fairness(EQO, Y) on val: 0.998800
training accuracy (client 6) : 0.541667 
client 6 accuracy on val: 0.873287
client 6 fairness(EQO, Y) on val: 0.550600
training accuracy (client 10) : 0.970060 
client 10 accuracy on val: 0.893484
client 10 fairness(EQO, Y) on val: 0.870300
training accuracy (client 13) : 0.974376 
client 13 accuracy on val: 0.891801
client 13 fairness(EQO, Y) on val: 0.626800
global model accuracy on val: 0.891560
global model fairness(EQO, Y) on val: 0.897200
global model accuracy on test: 0.893965
global model fairness(EQO, Y) on test: 0.893300
------------ run = 2; t = 11; F_Global = 0.8972, Privileged = Y ------------
training accuracy (client 1) : 0.913755 
client 1 accuracy on val: 0.892041
client 1 fairness(EQO, Y) on val: 0.895600
training accuracy (client 4) : 0.906770 
client 4 accuracy on val: 0.891801
client 4 fairness(EQO, Y) on val: 0.924200
training accuracy (client 6) : 0.944860 
client 6 accuracy on val: 0.893484
client 6 fairness(EQO, Y) on val: 0.865700
training accuracy (client 8) : 0.977640 
client 8 accuracy on val: 0.894446
client 8 fairness(EQO, Y) on val: 0.772500
global model accuracy on val: 0.891801
global model fairness(EQO, Y) on val: 0.901600
global model accuracy on test: 0.893244
global model fairness(EQO, Y) on test: 0.897800
------------ run = 2; t = 12; F_Global = 0.9016, Privileged = Y ------------
training accuracy (client 1) : 0.919441 
client 1 accuracy on val: 0.888194
client 1 fairness(EQO, Y) on val: 1.000700
training accuracy (client 4) : 0.847645 
client 4 accuracy on val: 0.883626
client 4 fairness(EQO, Y) on val: 1.073000
training accuracy (client 8) : 0.519231 
client 8 accuracy on val: 0.877615
client 8 fairness(EQO, Y) on val: 0.581400
training accuracy (client 13) : 0.912664 
client 13 accuracy on val: 0.892763
client 13 fairness(EQO, Y) on val: 0.885100
global model accuracy on val: 0.891080
global model fairness(EQO, Y) on val: 0.933400
global model accuracy on test: 0.893003
global model fairness(EQO, Y) on test: 0.924100
------------ run = 2; t = 13; F_Global = 0.9334, Privileged = Y ------------
training accuracy (client 5) : 0.651042 
client 5 accuracy on val: 0.794422
client 5 fairness(EQO, Y) on val: 0.552200
training accuracy (client 8) : 0.546296 
client 8 accuracy on val: 0.882424
client 8 fairness(EQO, Y) on val: 0.692500
training accuracy (client 9) : 0.972006 
client 9 accuracy on val: 0.893724
client 9 fairness(EQO, Y) on val: 0.635600
training accuracy (client 12) : 0.943925 
client 12 accuracy on val: 0.891560
client 12 fairness(EQO, Y) on val: 0.927300
global model accuracy on val: 0.892522
global model fairness(EQO, Y) on val: 0.899300
global model accuracy on test: 0.893965
global model fairness(EQO, Y) on test: 0.889900
------------ run = 2; t = 14; F_Global = 0.8993, Privileged = Y ------------
training accuracy (client 2) : 0.956944 
client 2 accuracy on val: 0.887232
client 2 fairness(EQO, Y) on val: 1.000000
training accuracy (client 4) : 0.850416 
client 4 accuracy on val: 0.883626
client 4 fairness(EQO, Y) on val: 1.108900
training accuracy (client 6) : 0.649123 
client 6 accuracy on val: 0.842991
client 6 fairness(EQO, Y) on val: 0.600000
training accuracy (client 11) : 0.913755 
client 11 accuracy on val: 0.892763
client 11 fairness(EQO, Y) on val: 0.900800
training accuracy (client 12) : 0.557292 
client 12 accuracy on val: 0.856937
client 12 fairness(EQO, Y) on val: 0.568600
global model accuracy on val: 0.890839
global model fairness(EQO, Y) on val: 0.930800
global model accuracy on test: 0.892763
global model fairness(EQO, Y) on test: 0.919200
------------ run = 2; t = 15; F_Global = 0.9308, Privileged = Y ------------
training accuracy (client 4) : 0.853186 
client 4 accuracy on val: 0.881462
client 4 fairness(EQO, Y) on val: 1.116300
training accuracy (client 5) : 0.958084 
client 5 accuracy on val: 0.891320
client 5 fairness(EQO, Y) on val: 0.905500
training accuracy (client 10) : 0.912664 
client 10 accuracy on val: 0.892522
client 10 fairness(EQO, Y) on val: 0.918600
training accuracy (client 11) : 0.567708 
client 11 accuracy on val: 0.849483
client 11 fairness(EQO, Y) on val: 0.578100
training accuracy (client 14) : 0.944860 
client 14 accuracy on val: 0.891080
client 14 fairness(EQO, Y) on val: 0.939200
global model accuracy on val: 0.890358
global model fairness(EQO, Y) on val: 0.935800
global model accuracy on test: 0.892522
global model fairness(EQO, Y) on test: 0.925900
------------ run = 2; t = 16; F_Global = 0.9358, Privileged = Y ------------
training accuracy (client 3) : 0.907363 
client 3 accuracy on val: 0.892041
client 3 fairness(EQO, Y) on val: 0.936400
training accuracy (client 4) : 0.854571 
client 4 accuracy on val: 0.880981
client 4 fairness(EQO, Y) on val: 1.119600
training accuracy (client 13) : 0.534483 
client 13 accuracy on val: 0.867276
client 13 fairness(EQO, Y) on val: 0.648200
training accuracy (client 14) : 0.567708 
client 14 accuracy on val: 0.856215
client 14 fairness(EQO, Y) on val: 0.593700
training accuracy (client 16) : 0.913755 
client 16 accuracy on val: 0.892522
client 16 fairness(EQO, Y) on val: 0.922100
global model accuracy on val: 0.890118
global model fairness(EQO, Y) on val: 0.951300
global model accuracy on test: 0.892763
global model fairness(EQO, Y) on test: 0.927400
------------ run = 2; t = 17; F_Global = 0.9513, Privileged = Y ------------
training accuracy (client 4) : 0.854571 
client 4 accuracy on val: 0.880500
client 4 fairness(EQO, Y) on val: 1.151200
training accuracy (client 7) : 0.973913 
client 7 accuracy on val: 0.894205
client 7 fairness(EQO, Y) on val: 0.840900
training accuracy (client 8) : 0.528846 
client 8 accuracy on val: 0.865112
client 8 fairness(EQO, Y) on val: 0.681200
training accuracy (client 14) : 0.572917 
client 14 accuracy on val: 0.843472
client 14 fairness(EQO, Y) on val: 0.625600
training accuracy (client 17) : 0.914847 
client 17 accuracy on val: 0.892041
client 17 fairness(EQO, Y) on val: 0.931900
global model accuracy on val: 0.890118
global model fairness(EQO, Y) on val: 0.958600
global model accuracy on test: 0.894686
global model fairness(EQO, Y) on test: 0.953800
------------ run = 2; t = 18; F_Global = 0.9586, Privileged = Y ------------
training accuracy (client 3) : 0.908551 
client 3 accuracy on val: 0.891320
client 3 fairness(EQO, Y) on val: 0.951300
training accuracy (client 5) : 0.555556 
client 5 accuracy on val: 0.857177
client 5 fairness(EQO, Y) on val: 0.703000
training accuracy (client 6) : 0.975051 
client 6 accuracy on val: 0.895408
client 6 fairness(EQO, Y) on val: 0.641200
training accuracy (client 7) : 0.555556 
client 7 accuracy on val: 0.877855
client 7 fairness(EQO, Y) on val: 0.781200
training accuracy (client 12) : 0.551724 
client 12 accuracy on val: 0.862948
client 12 fairness(EQO, Y) on val: 0.721500
global model accuracy on val: 0.890358
global model fairness(EQO, Y) on val: 0.948800
global model accuracy on test: 0.893965
global model fairness(EQO, Y) on test: 0.940800
------------ run = 2; t = 19; F_Global = 0.9488, Privileged = Y ------------
training accuracy (client 1) : 0.919978 
client 1 accuracy on val: 0.887473
client 1 fairness(EQO, Y) on val: 1.011900
training accuracy (client 3) : 0.857341 
client 3 accuracy on val: 0.879538
client 3 fairness(EQO, Y) on val: 1.167700
training accuracy (client 10) : 0.528846 
client 10 accuracy on val: 0.864390
client 10 fairness(EQO, Y) on val: 0.708500
training accuracy (client 16) : 0.973028 
client 16 accuracy on val: 0.896369
client 16 fairness(EQO, Y) on val: 0.648600
training accuracy (client 18) : 0.543103 
client 18 accuracy on val: 0.861746
client 18 fairness(EQO, Y) on val: 0.683200
global model accuracy on val: 0.890358
global model fairness(EQO, Y) on val: 0.962000
global model accuracy on test: 0.894927
global model fairness(EQO, Y) on test: 0.958800
------------ run = 2; t = 20; F_Global = 0.962, Privileged = Y ------------
training accuracy (client 2) : 0.956944 
client 2 accuracy on val: 0.887232
client 2 fairness(EQO, Y) on val: 1.000000
training accuracy (client 8) : 0.588542 
client 8 accuracy on val: 0.849483
client 8 fairness(EQO, Y) on val: 0.659500
training accuracy (client 11) : 0.914847 
client 11 accuracy on val: 0.891801
client 11 fairness(EQO, Y) on val: 0.949600
training accuracy (client 17) : 0.974376 
client 17 accuracy on val: 0.895648
client 17 fairness(EQO, Y) on val: 0.659500
training accuracy (client 18) : 0.551724 
client 18 accuracy on val: 0.862707
client 18 fairness(EQO, Y) on val: 0.722800
global model accuracy on val: 0.889156
global model fairness(EQO, Y) on val: 0.969200
global model accuracy on test: 0.891320
global model fairness(EQO, Y) on test: 0.954700
------------ run = 2; t = 21; F_Global = 0.9692, Privileged = Y ------------
training accuracy (client 2) : 0.956944 
client 2 accuracy on val: 0.887232
client 2 fairness(EQO, Y) on val: 1.000000
training accuracy (client 5) : 0.941122 
client 5 accuracy on val: 0.890358
client 5 fairness(EQO, Y) on val: 0.957100
training accuracy (client 7) : 0.952096 
client 7 accuracy on val: 0.890839
client 7 fairness(EQO, Y) on val: 0.938200
training accuracy (client 14) : 0.528846 
client 14 accuracy on val: 0.867757
client 14 fairness(EQO, Y) on val: 0.723300
training accuracy (client 16) : 0.914847 
client 16 accuracy on val: 0.891801
client 16 fairness(EQO, Y) on val: 0.932200
global model accuracy on val: 0.888435
global model fairness(EQO, Y) on val: 0.980600
global model accuracy on test: 0.890358
global model fairness(EQO, Y) on test: 0.965200
------------ run = 2; t = 22; F_Global = 0.9806, Privileged = Y ------------
training accuracy (client 5) : 0.580357 
client 5 accuracy on val: 0.881702
client 5 fairness(EQO, Y) on val: 0.733800
training accuracy (client 7) : 0.557292 
client 7 accuracy on val: 0.851166
client 7 fairness(EQO, Y) on val: 0.640500
training accuracy (client 8) : 0.572581 
client 8 accuracy on val: 0.877615
client 8 fairness(EQO, Y) on val: 0.715400
training accuracy (client 12) : 0.572917 
client 12 accuracy on val: 0.858139
client 12 fairness(EQO, Y) on val: 0.622100
training accuracy (client 16) : 0.952096 
client 16 accuracy on val: 0.890839
client 16 fairness(EQO, Y) on val: 0.938200
global model accuracy on val: 0.890599
global model fairness(EQO, Y) on val: 0.956500
global model accuracy on test: 0.891320
global model fairness(EQO, Y) on test: 0.947000
------------ run = 2; t = 23; F_Global = 0.9565, Privileged = Y ------------
training accuracy (client 1) : 0.917293 
client 1 accuracy on val: 0.886992
client 1 fairness(EQO, Y) on val: 1.016900
training accuracy (client 2) : 0.956944 
client 2 accuracy on val: 0.887232
client 2 fairness(EQO, Y) on val: 1.000000
training accuracy (client 3) : 0.855956 
client 3 accuracy on val: 0.880260
client 3 fairness(EQO, Y) on val: 1.148200
training accuracy (client 7) : 0.548611 
client 7 accuracy on val: 0.862707
client 7 fairness(EQO, Y) on val: 0.660500
training accuracy (client 11) : 0.942056 
client 11 accuracy on val: 0.891080
client 11 fairness(EQO, Y) on val: 0.942700
global model accuracy on val: 0.888916
global model fairness(EQO, Y) on val: 0.977500
global model accuracy on test: 0.890599
global model fairness(EQO, Y) on test: 0.963100
------------ run = 2; t = 24; F_Global = 0.9775, Privileged = Y ------------
training accuracy (client 1) : 0.918367 
client 1 accuracy on val: 0.886752
client 1 fairness(EQO, Y) on val: 1.021700
training accuracy (client 5) : 0.973913 
client 5 accuracy on val: 0.894686
client 5 fairness(EQO, Y) on val: 0.835900
training accuracy (client 6) : 0.937820 
client 6 accuracy on val: 0.887232
client 6 fairness(EQO, Y) on val: 1.000000
training accuracy (client 7) : 0.537037 
client 7 accuracy on val: 0.884107
client 7 fairness(EQO, Y) on val: 0.794900
training accuracy (client 15) : 0.588542 
client 15 accuracy on val: 0.854532
client 15 fairness(EQO, Y) on val: 0.652800
global model accuracy on val: 0.888675
global model fairness(EQO, Y) on val: 0.983500
global model accuracy on test: 0.891080
global model fairness(EQO, Y) on test: 0.973500
------------ run = 2; t = 25; F_Global = 0.9835, Privileged = Y ------------
training accuracy (client 4) : 0.970451 
client 4 accuracy on val: 0.894446
client 4 fairness(EQO, Y) on val: 0.667300
training accuracy (client 12) : 0.572581 
client 12 accuracy on val: 0.872566
client 12 fairness(EQO, Y) on val: 0.763100
training accuracy (client 15) : 0.937383 
client 15 accuracy on val: 0.888435
client 15 fairness(EQO, Y) on val: 0.984000
training accuracy (client 16) : 0.973913 
client 16 accuracy on val: 0.894686
client 16 fairness(EQO, Y) on val: 0.842800
training accuracy (client 17) : 0.537037 
client 17 accuracy on val: 0.883385
client 17 fairness(EQO, Y) on val: 0.829700
global model accuracy on val: 0.888675
global model fairness(EQO, Y) on val: 0.982400
global model accuracy on test: 0.890358
global model fairness(EQO, Y) on test: 0.969700
------------ run = 2; t = 26; F_Global = 0.9824, Privileged = Y ------------
training accuracy (client 6) : 0.543103 
client 6 accuracy on val: 0.871604
client 6 fairness(EQO, Y) on val: 0.701600
training accuracy (client 8) : 0.914847 
client 8 accuracy on val: 0.892522
client 8 fairness(EQO, Y) on val: 0.922700
training accuracy (client 13) : 0.942056 
client 13 accuracy on val: 0.891080
client 13 fairness(EQO, Y) on val: 0.949600
training accuracy (client 14) : 0.567708 
client 14 accuracy on val: 0.855975
client 14 fairness(EQO, Y) on val: 0.639100
training accuracy (client 16) : 0.580645 
client 16 accuracy on val: 0.875691
client 16 fairness(EQO, Y) on val: 0.716200
global model accuracy on val: 0.888916
global model fairness(EQO, Y) on val: 0.977500
global model accuracy on test: 0.890599
global model fairness(EQO, Y) on test: 0.966900
------------ run = 2; t = 27; F_Global = 0.9775, Privileged = Y ------------
training accuracy (client 2) : 0.956944 
client 2 accuracy on val: 0.887232
client 2 fairness(EQO, Y) on val: 1.000000
training accuracy (client 4) : 0.937820 
client 4 accuracy on val: 0.887232
client 4 fairness(EQO, Y) on val: 1.000000
training accuracy (client 9) : 0.952096 
client 9 accuracy on val: 0.890599
client 9 fairness(EQO, Y) on val: 0.930300
training accuracy (client 15) : 0.914847 
client 15 accuracy on val: 0.892763
client 15 fairness(EQO, Y) on val: 0.920800
training accuracy (client 16) : 0.943925 
client 16 accuracy on val: 0.891080
client 16 fairness(EQO, Y) on val: 0.949600
global model accuracy on val: 0.888916
global model fairness(EQO, Y) on val: 0.983300
global model accuracy on test: 0.889637
global model fairness(EQO, Y) on test: 0.981200
------------ run = 2; t = 28; F_Global = 0.9833, Privileged = Y ------------
training accuracy (client 1) : 0.918904 
client 1 accuracy on val: 0.886992
client 1 fairness(EQO, Y) on val: 1.018200
training accuracy (client 3) : 0.855956 
client 3 accuracy on val: 0.879779
client 3 fairness(EQO, Y) on val: 1.155200
training accuracy (client 8) : 0.562500 
client 8 accuracy on val: 0.850445
client 8 fairness(EQO, Y) on val: 0.660200
training accuracy (client 12) : 0.537037 
client 12 accuracy on val: 0.888194
client 12 fairness(EQO, Y) on val: 0.784000
training accuracy (client 17) : 0.913755 
client 17 accuracy on val: 0.893244
client 17 fairness(EQO, Y) on val: 0.923500
global model accuracy on val: 0.888916
global model fairness(EQO, Y) on val: 0.985300
global model accuracy on test: 0.890599
global model fairness(EQO, Y) on test: 0.988200
------------ run = 2; t = 29; F_Global = 0.9853, Privileged = Y ------------
training accuracy (client 4) : 0.937820 
client 4 accuracy on val: 0.887232
client 4 fairness(EQO, Y) on val: 1.000000
training accuracy (client 9) : 0.968896 
client 9 accuracy on val: 0.897091
client 9 fairness(EQO, Y) on val: 0.697600
training accuracy (client 10) : 0.973913 
client 10 accuracy on val: 0.894205
client 10 fairness(EQO, Y) on val: 0.847800
training accuracy (client 17) : 0.546296 
client 17 accuracy on val: 0.879057
client 17 fairness(EQO, Y) on val: 0.818300
training accuracy (client 18) : 0.917031 
client 18 accuracy on val: 0.891801
client 18 fairness(EQO, Y) on val: 0.947600
global model accuracy on val: 0.887954
global model fairness(EQO, Y) on val: 0.998900
global model accuracy on test: 0.889396
global model fairness(EQO, Y) on test: 0.996900
------------ run = 2; t = 30; F_Global = 0.9989, Privileged = Y ------------
training accuracy (client 1) : 0.919441 
client 1 accuracy on val: 0.886271
client 1 fairness(EQO, Y) on val: 1.029800
training accuracy (client 3) : 0.857341 
client 3 accuracy on val: 0.873768
client 3 fairness(EQO, Y) on val: 1.189300
training accuracy (client 11) : 0.572581 
client 11 accuracy on val: 0.871123
client 11 fairness(EQO, Y) on val: 0.808500
training accuracy (client 16) : 0.971429 
client 16 accuracy on val: 0.893965
client 16 fairness(EQO, Y) on val: 0.853800
training accuracy (client 18) : 0.918122 
client 18 accuracy on val: 0.891320
client 18 fairness(EQO, Y) on val: 0.947400
global model accuracy on val: 0.888916
global model fairness(EQO, N) on val: 0.999500
global model accuracy on test: 0.889877
global model fairness(EQO, N) on test: 0.993600
------------ run = 2; t = 31; F_Global = 0.9995, Privileged = N ------------
training accuracy (client 2) : 0.956944 
client 2 accuracy on val: 0.887232
client 2 fairness(EQO, N) on val: 1.000000
training accuracy (client 6) : 0.509615 
client 6 accuracy on val: 0.862467
client 6 fairness(EQO, N) on val: 1.182900
training accuracy (client 8) : 0.555556 
client 8 accuracy on val: 0.855975
client 8 fairness(EQO, N) on val: 1.210400
training accuracy (client 12) : 0.938318 
client 12 accuracy on val: 0.887232
client 12 fairness(EQO, N) on val: 1.000000
training accuracy (client 18) : 0.917031 
client 18 accuracy on val: 0.890599
client 18 fairness(EQO, N) on val: 1.037700
global model accuracy on val: 0.888675
global model fairness(EQO, Y) on val: 0.993500
global model accuracy on test: 0.890839
global model fairness(EQO, Y) on test: 0.999000
------------ run = 2; t = 32; F_Global = 0.9935, Privileged = Y ------------
training accuracy (client 2) : 0.956944 
client 2 accuracy on val: 0.887232
client 2 fairness(EQO, Y) on val: 1.000000
training accuracy (client 3) : 0.854571 
client 3 accuracy on val: 0.872566
client 3 fairness(EQO, Y) on val: 1.200600
training accuracy (client 7) : 0.598214 
client 7 accuracy on val: 0.872085
client 7 fairness(EQO, Y) on val: 0.833900
training accuracy (client 10) : 0.593750 
client 10 accuracy on val: 0.848040
client 10 fairness(EQO, Y) on val: 0.716800
training accuracy (client 14) : 0.967341 
client 14 accuracy on val: 0.896610
client 14 fairness(EQO, Y) on val: 0.673500
global model accuracy on val: 0.888675
global model fairness(EQO, Y) on val: 0.993500
global model accuracy on test: 0.890839
global model fairness(EQO, N) on test: 0.994300
------------ run = 2; t = 33; F_Global = 0.9935, Privileged = Y ------------
training accuracy (client 1) : 0.918367 
client 1 accuracy on val: 0.886030
client 1 fairness(EQO, Y) on val: 1.033600
training accuracy (client 6) : 0.519231 
client 6 accuracy on val: 0.859101
client 6 fairness(EQO, Y) on val: 0.828400
training accuracy (client 7) : 0.562500 
client 7 accuracy on val: 0.853090
client 7 fairness(EQO, Y) on val: 0.777500
training accuracy (client 8) : 0.543103 
client 8 accuracy on val: 0.859101
client 8 fairness(EQO, Y) on val: 0.819600
training accuracy (client 9) : 0.952096 
client 9 accuracy on val: 0.888916
client 9 fairness(EQO, Y) on val: 0.981800
global model accuracy on val: 0.888435
global model fairness(EQO, Y) on val: 0.999800
global model accuracy on test: 0.890358
global model fairness(EQO, N) on test: 0.975800
------------ run = 2; t = 34; F_Global = 0.9998, Privileged = Y ------------
training accuracy (client 7) : 0.583333 
client 7 accuracy on val: 0.834335
client 7 fairness(EQO, Y) on val: 0.752900
training accuracy (client 8) : 0.546296 
client 8 accuracy on val: 0.872325
client 8 fairness(EQO, Y) on val: 0.916700
training accuracy (client 10) : 0.972671 
client 10 accuracy on val: 0.893244
client 10 fairness(EQO, Y) on val: 0.843900
training accuracy (client 14) : 0.967341 
client 14 accuracy on val: 0.896369
client 14 fairness(EQO, Y) on val: 0.717800
training accuracy (client 17) : 0.534483 
client 17 accuracy on val: 0.857658
client 17 fairness(EQO, Y) on val: 0.853200
global model accuracy on val: 0.888916
global model fairness(EQO, Y) on val: 0.997100
global model accuracy on test: 0.891320
global model fairness(EQO, N) on test: 0.993200
------------ run = 2; t = 35; F_Global = 0.9971, Privileged = Y ------------
training accuracy (client 2) : 0.956944 
client 2 accuracy on val: 0.887232
client 2 fairness(EQO, Y) on val: 1.000000
training accuracy (client 7) : 0.596774 
client 7 accuracy on val: 0.862948
client 7 fairness(EQO, Y) on val: 0.810000
training accuracy (client 10) : 0.593750 
client 10 accuracy on val: 0.845636
client 10 fairness(EQO, Y) on val: 0.727000
training accuracy (client 12) : 0.576389 
client 12 accuracy on val: 0.850445
client 12 fairness(EQO, Y) on val: 0.770400
training accuracy (client 14) : 0.598958 
client 14 accuracy on val: 0.833373
client 14 fairness(EQO, Y) on val: 0.716200
global model accuracy on val: 0.889156
global model fairness(EQO, Y) on val: 0.987100
global model accuracy on test: 0.890358
global model fairness(EQO, Y) on test: 0.986400
------------ run = 2; t = 36; F_Global = 0.9871, Privileged = Y ------------
training accuracy (client 1) : 0.917830 
client 1 accuracy on val: 0.885069
client 1 fairness(EQO, Y) on val: 1.043200
training accuracy (client 5) : 0.974376 
client 5 accuracy on val: 0.896610
client 5 fairness(EQO, Y) on val: 0.646100
training accuracy (client 9) : 0.509615 
client 9 accuracy on val: 0.866074
client 9 fairness(EQO, Y) on val: 0.796500
training accuracy (client 10) : 0.952096 
client 10 accuracy on val: 0.890118
client 10 fairness(EQO, Y) on val: 0.963800
training accuracy (client 18) : 0.567708 
client 18 accuracy on val: 0.842270
client 18 fairness(EQO, Y) on val: 0.697000
global model accuracy on val: 0.889156
global model fairness(EQO, Y) on val: 0.989100
global model accuracy on test: 0.890118
global model fairness(EQO, Y) on test: 0.986500
------------ run = 2; t = 37; F_Global = 0.9891, Privileged = Y ------------
training accuracy (client 3) : 0.851801 
client 3 accuracy on val: 0.871844
client 3 fairness(EQO, Y) on val: 1.213000
training accuracy (client 6) : 0.914847 
client 6 accuracy on val: 0.891801
client 6 fairness(EQO, Y) on val: 0.942000
training accuracy (client 8) : 0.555556 
client 8 accuracy on val: 0.875451
client 8 fairness(EQO, Y) on val: 0.830300
training accuracy (client 11) : 0.534483 
client 11 accuracy on val: 0.861024
client 11 fairness(EQO, Y) on val: 0.785000
training accuracy (client 17) : 0.952096 
client 17 accuracy on val: 0.889877
client 17 fairness(EQO, Y) on val: 0.967500
global model accuracy on val: 0.886992
global model fairness(EQO, N) on val: 0.969800
global model accuracy on test: 0.891801
global model fairness(EQO, N) on test: 0.940100
------------ run = 2; t = 38; F_Global = 0.9698, Privileged = N ------------
training accuracy (client 4) : 0.938462 
client 4 accuracy on val: 0.887473
client 4 fairness(EQO, N) on val: 0.998100
training accuracy (client 11) : 0.583333 
client 11 accuracy on val: 0.845396
client 11 fairness(EQO, N) on val: 1.178600
training accuracy (client 12) : 0.973028 
client 12 accuracy on val: 0.896369
client 12 fairness(EQO, N) on val: 1.748800
training accuracy (client 16) : 0.574074 
client 16 accuracy on val: 0.868478
client 16 fairness(EQO, N) on val: 1.092800
training accuracy (client 17) : 0.543103 
client 17 accuracy on val: 0.851407
client 17 fairness(EQO, N) on val: 1.163400
global model accuracy on val: 0.889156
global model fairness(EQO, Y) on val: 0.998500
global model accuracy on test: 0.894446
global model fairness(EQO, N) on test: 0.989700
------------ run = 2; t = 39; F_Global = 0.9985, Privileged = Y ------------
training accuracy (client 4) : 0.938462 
client 4 accuracy on val: 0.887473
client 4 fairness(EQO, Y) on val: 1.001900
training accuracy (client 6) : 0.616071 
client 6 accuracy on val: 0.864871
client 6 fairness(EQO, Y) on val: 0.817100
training accuracy (client 7) : 0.971429 
client 7 accuracy on val: 0.894205
client 7 fairness(EQO, Y) on val: 0.854700
training accuracy (client 13) : 0.548077 
client 13 accuracy on val: 0.851647
client 13 fairness(EQO, Y) on val: 0.803300
training accuracy (client 18) : 0.946108 
client 18 accuracy on val: 0.891560
client 18 fairness(EQO, Y) on val: 0.938700
global model accuracy on val: 0.888194
global model fairness(EQO, Y) on val: 0.997900
global model accuracy on test: 0.890839
global model fairness(EQO, N) on test: 0.980100
------------ run = 2; t = 40; F_Global = 0.9979, Privileged = Y ------------
training accuracy (client 4) : 0.939103 
client 4 accuracy on val: 0.887473
client 4 fairness(EQO, Y) on val: 1.001900
training accuracy (client 7) : 0.588710 
client 7 accuracy on val: 0.863910
client 7 fairness(EQO, Y) on val: 0.851200
training accuracy (client 9) : 0.576389 
client 9 accuracy on val: 0.850204
client 9 fairness(EQO, Y) on val: 0.813200
training accuracy (client 13) : 0.564815 
client 13 accuracy on val: 0.871844
client 13 fairness(EQO, Y) on val: 0.890100
training accuracy (client 15) : 0.607143 
client 15 accuracy on val: 0.871363
client 15 fairness(EQO, Y) on val: 0.869700
global model accuracy on val: 0.888194
global model fairness(EQO, N) on val: 0.992800
global model accuracy on test: 0.889396
global model fairness(EQO, N) on test: 0.988800
------------ run = 2; t = 41; F_Global = 0.9928, Privileged = N ------------
training accuracy (client 3) : 0.860111 
client 3 accuracy on val: 0.869680
client 3 fairness(EQO, N) on val: 0.823800
training accuracy (client 8) : 0.973028 
client 8 accuracy on val: 0.897331
client 8 fairness(EQO, N) on val: 1.743500
training accuracy (client 9) : 0.593750 
client 9 accuracy on val: 0.837942
client 9 fairness(EQO, N) on val: 1.263900
training accuracy (client 15) : 0.580645 
client 15 accuracy on val: 0.867035
client 15 fairness(EQO, N) on val: 1.106800
training accuracy (client 17) : 0.564815 
client 17 accuracy on val: 0.873527
client 17 fairness(EQO, N) on val: 1.050800
global model accuracy on val: 0.889877
global model fairness(EQO, Y) on val: 0.961800
global model accuracy on test: 0.893965
global model fairness(EQO, Y) on test: 0.982900
------------ run = 2; t = 42; F_Global = 0.9618, Privileged = Y ------------
training accuracy (client 1) : 0.918904 
client 1 accuracy on val: 0.886030
client 1 fairness(EQO, Y) on val: 1.040000
training accuracy (client 4) : 0.942056 
client 4 accuracy on val: 0.890118
client 4 fairness(EQO, Y) on val: 0.967300
training accuracy (client 6) : 0.598958 
client 6 accuracy on val: 0.840587
client 6 fairness(EQO, Y) on val: 0.667800
training accuracy (client 9) : 0.913755 
client 9 accuracy on val: 0.891801
client 9 fairness(EQO, Y) on val: 0.933300
training accuracy (client 15) : 0.576389 
client 15 accuracy on val: 0.844915
client 15 fairness(EQO, Y) on val: 0.712500
global model accuracy on val: 0.890358
global model fairness(EQO, Y) on val: 0.980000
global model accuracy on test: 0.892282
global model fairness(EQO, Y) on test: 0.988200
------------ run = 2; t = 43; F_Global = 0.98, Privileged = Y ------------
training accuracy (client 3) : 0.939103 
client 3 accuracy on val: 0.887473
client 3 fairness(EQO, Y) on val: 1.001900
training accuracy (client 4) : 0.943925 
client 4 accuracy on val: 0.889396
client 4 fairness(EQO, Y) on val: 0.974800
training accuracy (client 7) : 0.604167 
client 7 accuracy on val: 0.830488
client 7 fairness(EQO, Y) on val: 0.683000
training accuracy (client 9) : 0.975155 
client 9 accuracy on val: 0.893484
client 9 fairness(EQO, Y) on val: 0.851800
training accuracy (client 11) : 0.946108 
client 11 accuracy on val: 0.891320
client 11 fairness(EQO, Y) on val: 0.937600
global model accuracy on val: 0.888194
global model fairness(EQO, Y) on val: 0.999300
global model accuracy on test: 0.889637
global model fairness(EQO, N) on test: 0.996200
------------ run = 2; t = 44; F_Global = 0.9993, Privileged = Y ------------
training accuracy (client 2) : 0.957407 
client 2 accuracy on val: 0.887713
client 2 fairness(EQO, Y) on val: 0.995000
training accuracy (client 6) : 0.534483 
client 6 accuracy on val: 0.861746
client 6 fairness(EQO, Y) on val: 0.836200
training accuracy (client 8) : 0.588710 
client 8 accuracy on val: 0.864631
client 8 fairness(EQO, Y) on val: 0.839600
training accuracy (client 17) : 0.973913 
client 17 accuracy on val: 0.893724
client 17 fairness(EQO, Y) on val: 0.856300
training accuracy (client 18) : 0.946108 
client 18 accuracy on val: 0.890118
client 18 fairness(EQO, Y) on val: 0.973500
global model accuracy on val: 0.888194
global model fairness(EQO, Y) on val: 0.999300
global model accuracy on test: 0.890118
global model fairness(EQO, N) on test: 0.996500
------------ run = 2; t = 45; F_Global = 0.9993, Privileged = Y ------------
training accuracy (client 1) : 0.920516 
client 1 accuracy on val: 0.886271
client 1 fairness(EQO, Y) on val: 1.051900
training accuracy (client 3) : 0.972006 
client 3 accuracy on val: 0.895648
client 3 fairness(EQO, Y) on val: 0.676600
training accuracy (client 5) : 0.519231 
client 5 accuracy on val: 0.864631
client 5 fairness(EQO, Y) on val: 0.833100
training accuracy (client 8) : 0.851801 
client 8 accuracy on val: 0.871604
client 8 fairness(EQO, Y) on val: 1.220400
training accuracy (client 13) : 0.583333 
client 13 accuracy on val: 0.839865
client 13 fairness(EQO, Y) on val: 0.718500
training accuracy (client 14) : 0.607143 
client 14 accuracy on val: 0.852849
client 14 fairness(EQO, Y) on val: 0.726800
global model accuracy on val: 0.886511
global model fairness(EQO, N) on val: 0.957900
global model accuracy on test: 0.892763
global model fairness(EQO, N) on test: 0.919600
------------ run = 2; t = 46; F_Global = 0.9579, Privileged = N ------------
training accuracy (client 3) : 0.973028 
client 3 accuracy on val: 0.897572
client 3 fairness(EQO, N) on val: 1.757200
training accuracy (client 4) : 0.592593 
client 4 accuracy on val: 0.863429
client 4 fairness(EQO, N) on val: 1.064300
training accuracy (client 5) : 0.616071 
client 5 accuracy on val: 0.861746
client 5 fairness(EQO, N) on val: 1.073900
training accuracy (client 7) : 0.604167 
client 7 accuracy on val: 0.838182
client 7 fairness(EQO, N) on val: 1.226400
training accuracy (client 10) : 0.938318 
client 10 accuracy on val: 0.887473
client 10 fairness(EQO, N) on val: 0.998100
training accuracy (client 13) : 0.596774 
client 13 accuracy on val: 0.854051
client 13 fairness(EQO, N) on val: 1.107400
global model accuracy on val: 0.890358
global model fairness(EQO, Y) on val: 0.950500
global model accuracy on test: 0.894686
global model fairness(EQO, Y) on test: 0.983000
------------ run = 2; t = 47; F_Global = 0.9505, Privileged = Y ------------
training accuracy (client 1) : 0.920516 
client 1 accuracy on val: 0.886511
client 1 fairness(EQO, Y) on val: 1.037600
training accuracy (client 4) : 0.592593 
client 4 accuracy on val: 0.861505
client 4 fairness(EQO, Y) on val: 0.763900
training accuracy (client 11) : 0.995482 
client 11 accuracy on val: 0.887232
client 11 fairness(EQO, Y) on val: 1.000000
training accuracy (client 13) : 0.596774 
client 13 accuracy on val: 0.850204
client 13 fairness(EQO, Y) on val: 0.722400
training accuracy (client 14) : 0.975155 
client 14 accuracy on val: 0.894686
client 14 fairness(EQO, Y) on val: 0.828900
training accuracy (client 15) : 0.952096 
client 15 accuracy on val: 0.893965
client 15 fairness(EQO, Y) on val: 0.884400
global model accuracy on val: 0.887232
global model fairness(EQO, Y) on val: 1.000000
global model accuracy on test: 0.888675
global model fairness(EQO, Y) on test: 1.000000
------------ run = 2; t = 48; F_Global = 1.0, Privileged = Y ------------
training accuracy (client 3) : 0.975725 
client 3 accuracy on val: 0.896129
client 3 fairness(EQO, Y) on val: 0.630300
training accuracy (client 5) : 0.857341 
client 5 accuracy on val: 0.872085
client 5 fairness(EQO, Y) on val: 1.243200
training accuracy (client 7) : 0.914847 
client 7 accuracy on val: 0.891560
client 7 fairness(EQO, Y) on val: 0.961200
training accuracy (client 10) : 0.995482 
client 10 accuracy on val: 0.887232
client 10 fairness(EQO, Y) on val: 1.000000
training accuracy (client 13) : 0.519231 
client 13 accuracy on val: 0.868959
client 13 fairness(EQO, Y) on val: 0.894800
training accuracy (client 19) : 0.952096 
client 19 accuracy on val: 0.888675
client 19 fairness(EQO, Y) on val: 0.979200
global model accuracy on val: 0.887232
global model fairness(EQO, Y) on val: 1.000000
global model accuracy on test: 0.888675
global model fairness(EQO, Y) on test: 1.000000
------------ run = 2; t = 49; F_Global = 1.0, Privileged = Y ------------
training accuracy (client 2) : 0.939103 
client 2 accuracy on val: 0.887473
client 2 fairness(EQO, Y) on val: 1.003900
training accuracy (client 4) : 0.862881 
client 4 accuracy on val: 0.867757
client 4 fairness(EQO, Y) on val: 1.267700
training accuracy (client 7) : 0.938318 
client 7 accuracy on val: 0.887473
client 7 fairness(EQO, Y) on val: 1.001900
training accuracy (client 10) : 0.968896 
client 10 accuracy on val: 0.895648
client 10 fairness(EQO, Y) on val: 0.753400
training accuracy (client 14) : 0.548387 
client 14 accuracy on val: 0.868718
client 14 fairness(EQO, Y) on val: 1.019900
training accuracy (client 19) : 0.946108 
client 19 accuracy on val: 0.887232
client 19 fairness(EQO, Y) on val: 1.000000
global model accuracy on val: 0.885790
global model fairness(EQO, N) on val: 0.968200
global model accuracy on test: 0.890599
global model fairness(EQO, N) on test: 0.947200
------------ run = 2; t = 50; F_Global = 0.9682, Privileged = N ------------
training accuracy (client 1) : 0.921590 
client 1 accuracy on val: 0.885549
client 1 fairness(EQO, N) on val: 0.947700
training accuracy (client 2) : 0.939103 
client 2 accuracy on val: 0.887713
client 2 fairness(EQO, N) on val: 0.994300
training accuracy (client 14) : 0.972671 
client 14 accuracy on val: 0.892763
client 14 fairness(EQO, N) on val: 1.142000
training accuracy (client 15) : 0.971679 
client 15 accuracy on val: 0.896610
client 15 fairness(EQO, N) on val: 1.747400
training accuracy (client 17) : 0.557692 
client 17 accuracy on val: 0.848762
client 17 fairness(EQO, N) on val: 1.032900
training accuracy (client 18) : 0.940120 
client 18 accuracy on val: 0.888916
client 18 fairness(EQO, N) on val: 1.006800
global model accuracy on val: 0.891080
global model fairness(EQO, Y) on val: 0.936600
global model accuracy on test: 0.891560
global model fairness(EQO, Y) on test: 0.925300
----------------Done (FLAlgMain)----------------
