Alg.: FairFateVC; Client dataset: today_20230531\dataset_EQO_run_0; client Count: 10
----------------(start loading 10 client datasets from today_20230531\dataset_EQO_run_0)----------------
----------------(successfully loading 10 client datasets and server testing data from today_20230531\dataset_EQO_run_0)----------------
----------------Execute (FLAlgMain)----------------
----------------(start running algorithm)----------------
global model accuracy on val: 0.553018
global model fairness(EQO, Y) on val: 0.581200
------------ run = 1; t = 1; F_Global = 0.5812, Privileged = Y ------------
training accuracy (client 3) : 0.870263 
client 3 accuracy on val: 0.893484
client 3 fairness(EQO, Y) on val: 0.854700
training accuracy (client 7) : 0.992980 
client 7 accuracy on val: 0.894446
client 7 fairness(EQO, Y) on val: 0.903600
training accuracy (client 9) : 0.792000 
client 9 accuracy on val: 0.698726
client 9 fairness(EQO, Y) on val: 0.276300
global model accuracy on val: 0.852609
global model fairness(EQO, Y) on val: 0.570500
global model accuracy on test: 0.856215
global model fairness(EQO, Y) on test: 0.574900
------------ run = 1; t = 2; F_Global = 0.5705, Privileged = Y ------------
training accuracy (client 6) : 0.748697 
client 6 accuracy on val: 0.725896
client 6 fairness(EQO, Y) on val: 0.698100
training accuracy (client 7) : 0.995710 
client 7 accuracy on val: 0.894927
client 7 fairness(EQO, Y) on val: 0.832800
training accuracy (client 10) : 0.866667 
client 10 accuracy on val: 0.825920
client 10 fairness(EQO, Y) on val: 0.267600
global model accuracy on val: 0.888675
global model fairness(EQO, Y) on val: 0.553800
global model accuracy on test: 0.886030
global model fairness(EQO, Y) on test: 0.565800
------------ run = 1; t = 3; F_Global = 0.5538, Privileged = Y ------------
training accuracy (client 1) : 0.841429 
client 1 accuracy on val: 0.896129
client 1 fairness(EQO, Y) on val: 0.917300
training accuracy (client 7) : 0.994930 
client 7 accuracy on val: 0.896369
client 7 fairness(EQO, Y) on val: 0.773400
training accuracy (client 8) : 0.932034 
client 8 accuracy on val: 0.894205
client 8 fairness(EQO, Y) on val: 0.559900
global model accuracy on val: 0.894205
global model fairness(EQO, Y) on val: 0.632800
global model accuracy on test: 0.892282
global model fairness(EQO, Y) on test: 0.639200
------------ run = 1; t = 4; F_Global = 0.6328, Privileged = Y ------------
training accuracy (client 3) : 0.879255 
client 3 accuracy on val: 0.898774
client 3 fairness(EQO, Y) on val: 0.742000
training accuracy (client 4) : 0.928547 
client 4 accuracy on val: 0.899255
client 4 fairness(EQO, Y) on val: 0.618200
training accuracy (client 9) : 0.692982 
client 9 accuracy on val: 0.888675
client 9 fairness(EQO, Y) on val: 0.504300
global model accuracy on val: 0.897572
global model fairness(EQO, Y) on val: 0.651000
global model accuracy on test: 0.893965
global model fairness(EQO, Y) on test: 0.656900
------------ run = 1; t = 5; F_Global = 0.651, Privileged = Y ------------
training accuracy (client 2) : 0.932927 
client 2 accuracy on val: 0.896129
client 2 fairness(EQO, Y) on val: 0.557300
training accuracy (client 9) : 0.929228 
client 9 accuracy on val: 0.899495
client 9 fairness(EQO, Y) on val: 0.612000
training accuracy (client 10) : 0.706140 
client 10 accuracy on val: 0.888435
client 10 fairness(EQO, Y) on val: 0.516000
global model accuracy on val: 0.898533
global model fairness(EQO, Y) on val: 0.633300
global model accuracy on test: 0.897091
global model fairness(EQO, Y) on test: 0.626200
------------ run = 1; t = 6; F_Global = 0.6333, Privileged = Y ------------
training accuracy (client 4) : 0.747654 
client 4 accuracy on val: 0.766530
client 4 fairness(EQO, Y) on val: 0.637500
training accuracy (client 7) : 0.890667 
client 7 accuracy on val: 0.865112
client 7 fairness(EQO, Y) on val: 0.276500
training accuracy (client 8) : 0.935976 
client 8 accuracy on val: 0.895167
client 8 fairness(EQO, Y) on val: 0.531200
global model accuracy on val: 0.889156
global model fairness(EQO, Y) on val: 0.484800
global model accuracy on test: 0.889877
global model fairness(EQO, Y) on test: 0.471200
------------ run = 1; t = 7; F_Global = 0.4848, Privileged = Y ------------
training accuracy (client 3) : 0.987124 
client 3 accuracy on val: 0.893724
client 3 fairness(EQO, Y) on val: 0.977100
training accuracy (client 6) : 0.931507 
client 6 accuracy on val: 0.897091
client 6 fairness(EQO, Y) on val: 0.550100
training accuracy (client 7) : 0.932630 
client 7 accuracy on val: 0.899736
client 7 fairness(EQO, Y) on val: 0.620300
global model accuracy on val: 0.898533
global model fairness(EQO, Y) on val: 0.540800
global model accuracy on test: 0.895648
global model fairness(EQO, Y) on test: 0.536900
------------ run = 1; t = 8; F_Global = 0.5408, Privileged = Y ------------
training accuracy (client 4) : 0.752868 
client 4 accuracy on val: 0.765569
client 4 fairness(EQO, Y) on val: 0.670300
training accuracy (client 9) : 0.893333 
client 9 accuracy on val: 0.863188
client 9 fairness(EQO, Y) on val: 0.289800
training accuracy (client 10) : 0.935976 
client 10 accuracy on val: 0.894927
client 10 fairness(EQO, Y) on val: 0.518800
global model accuracy on val: 0.883626
global model fairness(EQO, Y) on val: 0.487000
global model accuracy on test: 0.886992
global model fairness(EQO, Y) on test: 0.475600
------------ run = 1; t = 9; F_Global = 0.487, Privileged = Y ------------
training accuracy (client 4) : 0.764338 
client 4 accuracy on val: 0.760760
client 4 fairness(EQO, Y) on val: 0.723700
training accuracy (client 7) : 0.932970 
client 7 accuracy on val: 0.900938
client 7 fairness(EQO, Y) on val: 0.628900
training accuracy (client 9) : 0.888000 
client 9 accuracy on val: 0.855735
client 9 fairness(EQO, Y) on val: 0.316300
global model accuracy on val: 0.887954
global model fairness(EQO, Y) on val: 0.501600
global model accuracy on test: 0.889637
global model fairness(EQO, Y) on test: 0.489600
------------ run = 1; t = 10; F_Global = 0.5016, Privileged = Y ------------
training accuracy (client 4) : 0.761210 
client 4 accuracy on val: 0.762924
client 4 fairness(EQO, Y) on val: 0.735700
training accuracy (client 6) : 0.931507 
client 6 accuracy on val: 0.897812
client 6 fairness(EQO, Y) on val: 0.560600
training accuracy (client 9) : 0.923781 
client 9 accuracy on val: 0.895408
client 9 fairness(EQO, Y) on val: 0.519900
global model accuracy on val: 0.887473
global model fairness(EQO, Y) on val: 0.506700
global model accuracy on test: 0.887954
global model fairness(EQO, Y) on test: 0.502600
------------ run = 1; t = 11; F_Global = 0.5067, Privileged = Y ------------
training accuracy (client 2) : 0.883109 
client 2 accuracy on val: 0.903342
client 2 fairness(EQO, Y) on val: 0.832500
training accuracy (client 3) : 0.987124 
client 3 accuracy on val: 0.892522
client 3 fairness(EQO, Y) on val: 0.997400
training accuracy (client 6) : 0.931507 
client 6 accuracy on val: 0.900216
client 6 fairness(EQO, Y) on val: 0.578300
global model accuracy on val: 0.898533
global model fairness(EQO, Y) on val: 0.581800
global model accuracy on test: 0.894686
global model fairness(EQO, Y) on test: 0.572400
------------ run = 1; t = 12; F_Global = 0.5818, Privileged = Y ------------
training accuracy (client 1) : 0.845714 
client 1 accuracy on val: 0.889637
client 1 fairness(EQO, Y) on val: 1.081800
training accuracy (client 6) : 0.932034 
client 6 accuracy on val: 0.898774
client 6 fairness(EQO, Y) on val: 0.568000
training accuracy (client 9) : 0.926829 
client 9 accuracy on val: 0.898533
client 9 fairness(EQO, Y) on val: 0.563000
global model accuracy on val: 0.900216
global model fairness(EQO, Y) on val: 0.649600
global model accuracy on test: 0.896850
global model fairness(EQO, Y) on test: 0.635900
------------ run = 1; t = 13; F_Global = 0.6496, Privileged = Y ------------
training accuracy (client 3) : 0.987124 
client 3 accuracy on val: 0.892282
client 3 fairness(EQO, Y) on val: 1.000000
training accuracy (client 4) : 0.762252 
client 4 accuracy on val: 0.763164
client 4 fairness(EQO, Y) on val: 0.854800
training accuracy (client 8) : 0.893333 
client 8 accuracy on val: 0.862707
client 8 fairness(EQO, Y) on val: 0.344900
global model accuracy on val: 0.900457
global model fairness(EQO, Y) on val: 0.661800
global model accuracy on test: 0.897812
global model fairness(EQO, Y) on test: 0.662500
------------ run = 1; t = 14; F_Global = 0.6618, Privileged = Y ------------
training accuracy (client 3) : 0.987124 
client 3 accuracy on val: 0.892282
client 3 fairness(EQO, Y) on val: 1.000000
training accuracy (client 6) : 0.932630 
client 6 accuracy on val: 0.900938
client 6 fairness(EQO, Y) on val: 0.614100
training accuracy (client 7) : 0.736842 
client 7 accuracy on val: 0.874730
client 7 fairness(EQO, Y) on val: 0.680900
global model accuracy on val: 0.904785
global model fairness(EQO, Y) on val: 0.673400
global model accuracy on test: 0.900216
global model fairness(EQO, Y) on test: 0.694900
------------ run = 1; t = 15; F_Global = 0.6734, Privileged = Y ------------
training accuracy (client 3) : 0.987124 
client 3 accuracy on val: 0.892282
client 3 fairness(EQO, Y) on val: 1.000000
training accuracy (client 7) : 0.611842 
client 7 accuracy on val: 0.848281
client 7 fairness(EQO, Y) on val: 0.551600
training accuracy (client 9) : 0.923781 
client 9 accuracy on val: 0.901659
client 9 fairness(EQO, Y) on val: 0.613700
global model accuracy on val: 0.903583
global model fairness(EQO, Y) on val: 0.737000
global model accuracy on test: 0.899976
global model fairness(EQO, Y) on test: 0.775300
------------ run = 1; t = 16; F_Global = 0.737, Privileged = Y ------------
training accuracy (client 5) : 0.995320 
client 5 accuracy on val: 0.900697
client 5 fairness(EQO, Y) on val: 0.799500
training accuracy (client 7) : 0.961054 
client 7 accuracy on val: 0.900457
client 7 fairness(EQO, Y) on val: 0.740100
training accuracy (client 8) : 0.890667 
client 8 accuracy on val: 0.866795
client 8 fairness(EQO, Y) on val: 0.346100
global model accuracy on val: 0.902140
global model fairness(EQO, Y) on val: 0.729200
global model accuracy on test: 0.899495
global model fairness(EQO, Y) on test: 0.761400
------------ run = 1; t = 17; F_Global = 0.7292, Privileged = Y ------------
training accuracy (client 1) : 0.845714 
client 1 accuracy on val: 0.892041
client 1 fairness(EQO, Y) on val: 1.065000
training accuracy (client 2) : 0.883751 
client 2 accuracy on val: 0.903102
client 2 fairness(EQO, Y) on val: 0.820900
training accuracy (client 8) : 0.932630 
client 8 accuracy on val: 0.899014
client 8 fairness(EQO, Y) on val: 0.595300
global model accuracy on val: 0.903342
global model fairness(EQO, Y) on val: 0.749500
global model accuracy on test: 0.900697
global model fairness(EQO, Y) on test: 0.778400
------------ run = 1; t = 18; F_Global = 0.7495, Privileged = Y ------------
training accuracy (client 4) : 0.765381 
client 4 accuracy on val: 0.765088
client 4 fairness(EQO, Y) on val: 0.879700
training accuracy (client 8) : 0.598684 
client 8 accuracy on val: 0.861986
client 8 fairness(EQO, Y) on val: 0.529200
training accuracy (client 11) : 0.931609 
client 11 accuracy on val: 0.899014
client 11 fairness(EQO, Y) on val: 0.591400
global model accuracy on val: 0.906468
global model fairness(EQO, Y) on val: 0.681800
global model accuracy on test: 0.900697
global model fairness(EQO, Y) on test: 0.699200
------------ run = 1; t = 19; F_Global = 0.6818, Privileged = Y ------------
training accuracy (client 1) : 0.854286 
client 1 accuracy on val: 0.889156
client 1 fairness(EQO, Y) on val: 1.162400
training accuracy (client 5) : 0.995710 
client 5 accuracy on val: 0.900697
client 5 fairness(EQO, Y) on val: 0.814100
training accuracy (client 10) : 0.611842 
client 10 accuracy on val: 0.844434
client 10 fairness(EQO, Y) on val: 0.560300
global model accuracy on val: 0.904785
global model fairness(EQO, Y) on val: 0.712400
global model accuracy on test: 0.900216
global model fairness(EQO, Y) on test: 0.732500
------------ run = 1; t = 20; F_Global = 0.7124, Privileged = Y ------------
training accuracy (client 3) : 0.987124 
client 3 accuracy on val: 0.892282
client 3 fairness(EQO, Y) on val: 1.000000
training accuracy (client 6) : 0.719298 
client 6 accuracy on val: 0.886752
client 6 fairness(EQO, Y) on val: 0.689400
training accuracy (client 10) : 0.932290 
client 10 accuracy on val: 0.899736
client 10 fairness(EQO, Y) on val: 0.601800
global model accuracy on val: 0.903342
global model fairness(EQO, Y) on val: 0.764200
global model accuracy on test: 0.901659
global model fairness(EQO, Y) on test: 0.798100
------------ run = 1; t = 21; F_Global = 0.7642, Privileged = Y ------------
training accuracy (client 2) : 0.883751 
client 2 accuracy on val: 0.902861
client 2 fairness(EQO, Y) on val: 0.825900
training accuracy (client 5) : 0.995320 
client 5 accuracy on val: 0.900697
client 5 fairness(EQO, Y) on val: 0.817700
training accuracy (client 11) : 0.932290 
client 11 accuracy on val: 0.899255
client 11 fairness(EQO, Y) on val: 0.592400
global model accuracy on val: 0.902621
global model fairness(EQO, Y) on val: 0.760700
global model accuracy on test: 0.901419
global model fairness(EQO, Y) on test: 0.793200
------------ run = 1; t = 22; F_Global = 0.7607, Privileged = Y ------------
training accuracy (client 1) : 0.850000 
client 1 accuracy on val: 0.890839
client 1 fairness(EQO, Y) on val: 1.095900
training accuracy (client 4) : 0.763295 
client 4 accuracy on val: 0.765569
client 4 fairness(EQO, Y) on val: 0.876300
training accuracy (client 5) : 0.995320 
client 5 accuracy on val: 0.900697
client 5 fairness(EQO, Y) on val: 0.814100
global model accuracy on val: 0.903823
global model fairness(EQO, Y) on val: 0.740400
global model accuracy on test: 0.900457
global model fairness(EQO, Y) on test: 0.773400
------------ run = 1; t = 23; F_Global = 0.7404, Privileged = Y ------------
training accuracy (client 4) : 0.765381 
client 4 accuracy on val: 0.764126
client 4 fairness(EQO, Y) on val: 0.913000
training accuracy (client 7) : 0.929878 
client 7 accuracy on val: 0.900457
client 7 fairness(EQO, Y) on val: 0.611200
training accuracy (client 9) : 0.598684 
client 9 accuracy on val: 0.857177
client 9 fairness(EQO, Y) on val: 0.531300
global model accuracy on val: 0.903342
global model fairness(EQO, Y) on val: 0.685200
global model accuracy on test: 0.900697
global model fairness(EQO, Y) on test: 0.706400
------------ run = 1; t = 24; F_Global = 0.6852, Privileged = Y ------------
training accuracy (client 1) : 0.860000 
client 1 accuracy on val: 0.888916
client 1 fairness(EQO, Y) on val: 1.207800
training accuracy (client 5) : 0.995320 
client 5 accuracy on val: 0.899976
client 5 fairness(EQO, Y) on val: 0.821900
training accuracy (client 6) : 0.961054 
client 6 accuracy on val: 0.901659
client 6 fairness(EQO, Y) on val: 0.741700
global model accuracy on val: 0.905747
global model fairness(EQO, Y) on val: 0.698400
global model accuracy on test: 0.901659
global model fairness(EQO, Y) on test: 0.716700
------------ run = 1; t = 25; F_Global = 0.6984, Privileged = Y ------------
training accuracy (client 2) : 0.885678 
client 2 accuracy on val: 0.902861
client 2 fairness(EQO, Y) on val: 0.850500
training accuracy (client 4) : 0.765381 
client 4 accuracy on val: 0.761000
client 4 fairness(EQO, Y) on val: 0.994100
training accuracy (client 7) : 0.890667 
client 7 accuracy on val: 0.861986
client 7 fairness(EQO, Y) on val: 0.346300
global model accuracy on val: 0.903583
global model fairness(EQO, Y) on val: 0.709400
global model accuracy on test: 0.899014
global model fairness(EQO, Y) on test: 0.727300
------------ run = 1; t = 26; F_Global = 0.7094, Privileged = Y ------------
training accuracy (client 2) : 0.885035 
client 2 accuracy on val: 0.900216
client 2 fairness(EQO, Y) on val: 0.874100
training accuracy (client 10) : 0.631579 
client 10 accuracy on val: 0.823034
client 10 fairness(EQO, Y) on val: 0.623100
training accuracy (client 11) : 0.896000 
client 11 accuracy on val: 0.858139
client 11 fairness(EQO, Y) on val: 0.372600
global model accuracy on val: 0.903823
global model fairness(EQO, Y) on val: 0.724900
global model accuracy on test: 0.900457
global model fairness(EQO, Y) on test: 0.756200
------------ run = 1; t = 27; F_Global = 0.7249, Privileged = Y ------------
training accuracy (client 9) : 0.917683 
client 9 accuracy on val: 0.904785
client 9 fairness(EQO, Y) on val: 0.641000
training accuracy (client 10) : 0.625000 
client 10 accuracy on val: 0.822794
client 10 fairness(EQO, Y) on val: 0.635800
training accuracy (client 11) : 0.896000 
client 11 accuracy on val: 0.856696
client 11 fairness(EQO, Y) on val: 0.385100
global model accuracy on val: 0.901659
global model fairness(EQO, Y) on val: 0.709600
global model accuracy on test: 0.899976
global model fairness(EQO, Y) on test: 0.726700
------------ run = 1; t = 28; F_Global = 0.7096, Privileged = Y ------------
training accuracy (client 3) : 0.987124 
client 3 accuracy on val: 0.892282
client 3 fairness(EQO, Y) on val: 1.000000
training accuracy (client 4) : 0.768509 
client 4 accuracy on val: 0.752104
client 4 fairness(EQO, Y) on val: 1.125700
training accuracy (client 11) : 0.893333 
client 11 accuracy on val: 0.858379
client 11 fairness(EQO, Y) on val: 0.377700
global model accuracy on val: 0.900938
global model fairness(EQO, Y) on val: 0.734400
global model accuracy on test: 0.898533
global model fairness(EQO, Y) on test: 0.779800
------------ run = 1; t = 29; F_Global = 0.7344, Privileged = Y ------------
training accuracy (client 5) : 0.995710 
client 5 accuracy on val: 0.899976
client 5 fairness(EQO, Y) on val: 0.825500
training accuracy (client 7) : 0.745614 
client 7 accuracy on val: 0.863188
client 7 fairness(EQO, Y) on val: 0.814100
training accuracy (client 8) : 0.932290 
client 8 accuracy on val: 0.899255
client 8 fairness(EQO, Y) on val: 0.599400
global model accuracy on val: 0.904304
global model fairness(EQO, Y) on val: 0.699800
global model accuracy on test: 0.900938
global model fairness(EQO, Y) on test: 0.726100
------------ run = 1; t = 30; F_Global = 0.6998, Privileged = Y ------------
training accuracy (client 1) : 0.858571 
client 1 accuracy on val: 0.888675
client 1 fairness(EQO, Y) on val: 1.212900
training accuracy (client 7) : 0.741228 
client 7 accuracy on val: 0.874970
client 7 fairness(EQO, Y) on val: 0.735200
training accuracy (client 8) : 0.920732 
client 8 accuracy on val: 0.902621
client 8 fairness(EQO, Y) on val: 0.621100
global model accuracy on val: 0.905747
global model fairness(EQO, Y) on val: 0.772600
global model accuracy on test: 0.899736
global model fairness(EQO, Y) on test: 0.800600
------------ run = 1; t = 31; F_Global = 0.7726, Privileged = Y ------------
training accuracy (client 1) : 0.861429 
client 1 accuracy on val: 0.883626
client 1 fairness(EQO, Y) on val: 1.270400
training accuracy (client 2) : 0.886962 
client 2 accuracy on val: 0.899736
client 2 fairness(EQO, Y) on val: 0.882500
training accuracy (client 8) : 0.625000 
client 8 accuracy on val: 0.820390
client 8 fairness(EQO, Y) on val: 0.662500
global model accuracy on val: 0.902140
global model fairness(EQO, Y) on val: 0.846700
global model accuracy on test: 0.899495
global model fairness(EQO, Y) on test: 0.897700
------------ run = 1; t = 32; F_Global = 0.8467, Privileged = Y ------------
training accuracy (client 1) : 0.867143 
client 1 accuracy on val: 0.882183
client 1 fairness(EQO, Y) on val: 1.299900
training accuracy (client 7) : 0.750000 
client 7 accuracy on val: 0.864390
client 7 fairness(EQO, Y) on val: 0.857600
training accuracy (client 11) : 0.625000 
client 11 accuracy on val: 0.818706
client 11 fairness(EQO, Y) on val: 0.747700
global model accuracy on val: 0.897331
global model fairness(EQO, Y) on val: 0.926800
global model accuracy on test: 0.894446
global model fairness(EQO, Y) on test: 0.983400
------------ run = 1; t = 33; F_Global = 0.9268, Privileged = Y ------------
training accuracy (client 2) : 0.888247 
client 2 accuracy on val: 0.899255
client 2 fairness(EQO, Y) on val: 0.903000
training accuracy (client 7) : 0.763158 
client 7 accuracy on val: 0.852609
client 7 fairness(EQO, Y) on val: 0.882400
training accuracy (client 10) : 0.908537 
client 10 accuracy on val: 0.905266
client 10 fairness(EQO, Y) on val: 0.735800
global model accuracy on val: 0.897331
global model fairness(EQO, Y) on val: 0.919300
global model accuracy on test: 0.894927
global model fairness(EQO, Y) on test: 0.964900
------------ run = 1; t = 34; F_Global = 0.9193, Privileged = Y ------------
training accuracy (client 3) : 0.769552 
client 3 accuracy on val: 0.742005
client 3 fairness(EQO, Y) on val: 1.416800
training accuracy (client 6) : 0.888000 
client 6 accuracy on val: 0.856696
client 6 fairness(EQO, Y) on val: 0.431400
training accuracy (client 11) : 0.758772 
client 11 accuracy on val: 0.859582
client 11 fairness(EQO, Y) on val: 0.893000
training accuracy (client 12) : 0.905488 
client 12 accuracy on val: 0.905506
client 12 fairness(EQO, Y) on val: 0.734700
global model accuracy on val: 0.875210
global model fairness(EQO, Y) on val: 0.988100
global model accuracy on test: 0.864631
global model fairness(EQO, N) on test: 0.955500
------------ run = 1; t = 35; F_Global = 0.9881, Privileged = Y ------------
training accuracy (client 4) : 0.995320 
client 4 accuracy on val: 0.899976
client 4 fairness(EQO, Y) on val: 0.836500
training accuracy (client 7) : 0.717105 
client 7 accuracy on val: 0.781919
client 7 fairness(EQO, Y) on val: 0.893400
training accuracy (client 8) : 0.685606 
client 8 accuracy on val: 0.766290
client 8 fairness(EQO, Y) on val: 1.118900
training accuracy (client 12) : 0.908537 
client 12 accuracy on val: 0.904544
client 12 fairness(EQO, Y) on val: 0.785800
global model accuracy on val: 0.869440
global model fairness(EQO, Y) on val: 0.911800
global model accuracy on test: 0.861024
global model fairness(EQO, Y) on test: 0.984600
------------ run = 1; t = 36; F_Global = 0.9118, Privileged = Y ------------
training accuracy (client 1) : 0.867143 
client 1 accuracy on val: 0.876653
client 1 fairness(EQO, Y) on val: 1.353100
training accuracy (client 3) : 0.774765 
client 3 accuracy on val: 0.731426
client 3 fairness(EQO, Y) on val: 1.550900
training accuracy (client 7) : 0.952049 
client 7 accuracy on val: 0.892522
client 7 fairness(EQO, Y) on val: 1.002000
training accuracy (client 10) : 0.995710 
client 10 accuracy on val: 0.899976
client 10 fairness(EQO, Y) on val: 0.832800
global model accuracy on val: 0.882183
global model fairness(EQO, Y) on val: 0.996500
global model accuracy on test: 0.871844
global model fairness(EQO, N) on test: 0.931200
------------ run = 1; t = 37; F_Global = 0.9965, Privileged = Y ------------
training accuracy (client 5) : 0.931609 
client 5 accuracy on val: 0.900697
client 5 fairness(EQO, Y) on val: 0.605700
training accuracy (client 8) : 0.882667 
client 8 accuracy on val: 0.846598
client 8 fairness(EQO, Y) on val: 0.456500
training accuracy (client 11) : 0.908537 
client 11 accuracy on val: 0.904785
client 11 fairness(EQO, Y) on val: 0.769400
training accuracy (client 12) : 0.995320 
client 12 accuracy on val: 0.898774
client 12 fairness(EQO, Y) on val: 0.853100
global model accuracy on val: 0.892522
global model fairness(EQO, Y) on val: 0.909700
global model accuracy on test: 0.885549
global model fairness(EQO, Y) on test: 0.969600
------------ run = 1; t = 38; F_Global = 0.9097, Privileged = Y ------------
training accuracy (client 7) : 0.745614 
client 7 accuracy on val: 0.841548
client 7 fairness(EQO, Y) on val: 0.925100
training accuracy (client 8) : 0.684211 
client 8 accuracy on val: 0.790094
client 8 fairness(EQO, Y) on val: 0.822100
training accuracy (client 10) : 0.885333 
client 10 accuracy on val: 0.851407
client 10 fairness(EQO, Y) on val: 0.429300
training accuracy (client 11) : 0.908537 
client 11 accuracy on val: 0.904544
client 11 fairness(EQO, Y) on val: 0.730900
global model accuracy on val: 0.881702
global model fairness(EQO, Y) on val: 0.900400
global model accuracy on test: 0.872325
global model fairness(EQO, Y) on test: 0.923900
------------ run = 1; t = 39; F_Global = 0.9004, Privileged = Y ------------
training accuracy (client 1) : 0.868571 
client 1 accuracy on val: 0.878817
client 1 fairness(EQO, Y) on val: 1.345900
training accuracy (client 4) : 0.961054 
client 4 accuracy on val: 0.899014
client 4 fairness(EQO, Y) on val: 0.832300
training accuracy (client 9) : 0.995320 
client 9 accuracy on val: 0.899255
client 9 fairness(EQO, Y) on val: 0.844300
training accuracy (client 10) : 0.717105 
client 10 accuracy on val: 0.781678
client 10 fairness(EQO, Y) on val: 0.842900
global model accuracy on val: 0.892282
global model fairness(EQO, N) on val: 0.992700
global model accuracy on test: 0.887713
global model fairness(EQO, N) on test: 0.959000
------------ run = 1; t = 40; F_Global = 0.9927, Privileged = N ------------
training accuracy (client 1) : 0.868571 
client 1 accuracy on val: 0.877615
client 1 fairness(EQO, N) on val: 0.777900
training accuracy (client 4) : 0.689394 
client 4 accuracy on val: 0.771099
client 4 fairness(EQO, N) on val: 0.973800
training accuracy (client 5) : 0.951276 
client 5 accuracy on val: 0.892522
client 5 fairness(EQO, N) on val: 0.998000
training accuracy (client 11) : 0.995320 
client 11 accuracy on val: 0.897572
client 11 fairness(EQO, N) on val: 1.161700
global model accuracy on val: 0.897331
global model fairness(EQO, Y) on val: 0.936600
global model accuracy on test: 0.897572
global model fairness(EQO, Y) on test: 0.960000
------------ run = 1; t = 41; F_Global = 0.9366, Privileged = Y ------------
training accuracy (client 5) : 0.932970 
client 5 accuracy on val: 0.899014
client 5 fairness(EQO, Y) on val: 0.587400
training accuracy (client 8) : 0.961054 
client 8 accuracy on val: 0.899736
client 8 fairness(EQO, Y) on val: 0.806300
training accuracy (client 10) : 0.631579 
client 10 accuracy on val: 0.823275
client 10 fairness(EQO, Y) on val: 0.738200
training accuracy (client 13) : 0.621212 
client 13 accuracy on val: 0.833133
client 13 fairness(EQO, Y) on val: 0.751200
global model accuracy on val: 0.896850
global model fairness(EQO, Y) on val: 0.906700
global model accuracy on test: 0.898774
global model fairness(EQO, Y) on test: 0.928700
------------ run = 1; t = 42; F_Global = 0.9067, Privileged = Y ------------
training accuracy (client 5) : 0.888000 
client 5 accuracy on val: 0.860303
client 5 fairness(EQO, Y) on val: 0.377500
training accuracy (client 7) : 0.994930 
client 7 accuracy on val: 0.899014
client 7 fairness(EQO, Y) on val: 0.850500
training accuracy (client 8) : 0.870000 
client 8 accuracy on val: 0.882905
client 8 fairness(EQO, Y) on val: 1.277600
training accuracy (client 11) : 0.961054 
client 11 accuracy on val: 0.899495
client 11 fairness(EQO, Y) on val: 0.797900
global model accuracy on val: 0.898533
global model fairness(EQO, Y) on val: 0.977800
global model accuracy on test: 0.897331
global model fairness(EQO, Y) on test: 0.994000
------------ run = 1; t = 43; F_Global = 0.9778, Privileged = Y ------------
training accuracy (client 2) : 0.769552 
client 2 accuracy on val: 0.734552
client 2 fairness(EQO, Y) on val: 1.537900
training accuracy (client 3) : 0.951276 
client 3 accuracy on val: 0.892522
client 3 fairness(EQO, Y) on val: 1.004100
training accuracy (client 4) : 0.754386 
client 4 accuracy on val: 0.860543
client 4 fairness(EQO, Y) on val: 0.884500
training accuracy (client 6) : 0.865714 
client 6 accuracy on val: 0.879298
client 6 fairness(EQO, Y) on val: 1.339700
global model accuracy on val: 0.890839
global model fairness(EQO, N) on val: 0.899800
global model accuracy on test: 0.888675
global model fairness(EQO, N) on test: 0.888600
------------ run = 1; t = 44; F_Global = 0.8998, Privileged = N ------------
training accuracy (client 7) : 0.932290 
client 7 accuracy on val: 0.900216
client 7 fairness(EQO, N) on val: 1.897800
training accuracy (client 9) : 0.681818 
client 9 accuracy on val: 0.803799
client 9 fairness(EQO, N) on val: 0.958600
training accuracy (client 11) : 0.995320 
client 11 accuracy on val: 0.898774
client 11 fairness(EQO, N) on val: 1.183800
training accuracy (client 12) : 0.957617 
client 12 accuracy on val: 0.897572
client 12 fairness(EQO, N) on val: 1.125400
global model accuracy on val: 0.902621
global model fairness(EQO, Y) on val: 0.840100
global model accuracy on test: 0.901659
global model fairness(EQO, Y) on test: 0.863900
------------ run = 1; t = 45; F_Global = 0.8401, Privileged = Y ------------
training accuracy (client 6) : 0.598485 
client 6 accuracy on val: 0.863188
client 6 fairness(EQO, Y) on val: 0.738200
training accuracy (client 7) : 0.931950 
client 7 accuracy on val: 0.898293
client 7 fairness(EQO, Y) on val: 0.570000
training accuracy (client 8) : 0.638158 
client 8 accuracy on val: 0.821351
client 8 fairness(EQO, Y) on val: 0.644800
training accuracy (client 9) : 0.621212 
client 9 accuracy on val: 0.838904
client 9 fairness(EQO, Y) on val: 0.705600
global model accuracy on val: 0.903102
global model fairness(EQO, Y) on val: 0.797800
global model accuracy on test: 0.903342
global model fairness(EQO, Y) on test: 0.833800
------------ run = 1; t = 46; F_Global = 0.7978, Privileged = Y ------------
training accuracy (client 3) : 0.952049 
client 3 accuracy on val: 0.892522
client 3 fairness(EQO, Y) on val: 1.004100
training accuracy (client 5) : 0.868571 
client 5 accuracy on val: 0.883145
client 5 fairness(EQO, Y) on val: 1.272100
training accuracy (client 8) : 0.961054 
client 8 accuracy on val: 0.900697
client 8 fairness(EQO, Y) on val: 0.774000
training accuracy (client 10) : 0.606061 
client 10 accuracy on val: 0.857418
client 10 fairness(EQO, Y) on val: 0.643700
global model accuracy on val: 0.897572
global model fairness(EQO, Y) on val: 0.996000
global model accuracy on test: 0.897331
global model fairness(EQO, Y) on test: 0.992500
------------ run = 1; t = 47; F_Global = 0.996, Privileged = Y ------------
training accuracy (client 2) : 0.773723 
client 2 accuracy on val: 0.735513
client 2 fairness(EQO, Y) on val: 1.578000
training accuracy (client 4) : 0.923781 
client 4 accuracy on val: 0.903823
client 4 fairness(EQO, Y) on val: 0.759500
training accuracy (client 10) : 0.651316 
client 10 accuracy on val: 0.816542
client 10 fairness(EQO, Y) on val: 0.789800
training accuracy (client 13) : 0.606061 
client 13 accuracy on val: 0.852609
client 13 fairness(EQO, Y) on val: 0.911400
global model accuracy on val: 0.821832
global model fairness(EQO, N) on val: 0.802800
global model accuracy on test: 0.821592
global model fairness(EQO, N) on test: 0.688600
------------ run = 1; t = 48; F_Global = 0.8028, Privileged = N ------------
training accuracy (client 1) : 0.987124 
client 1 accuracy on val: 0.892282
client 1 fairness(EQO, N) on val: 1.000000
training accuracy (client 2) : 0.782065 
client 2 accuracy on val: 0.716038
client 2 fairness(EQO, N) on val: 0.542400
training accuracy (client 3) : 0.952049 
client 3 accuracy on val: 0.892282
client 3 fairness(EQO, N) on val: 1.000000
training accuracy (client 6) : 0.994930 
client 6 accuracy on val: 0.898774
client 6 fairness(EQO, N) on val: 1.167000
global model accuracy on val: 0.892763
global model fairness(EQO, Y) on val: 0.994800
global model accuracy on test: 0.893965
global model fairness(EQO, N) on test: 0.999200
------------ run = 1; t = 49; F_Global = 0.9948, Privileged = Y ------------
training accuracy (client 2) : 0.951276 
client 2 accuracy on val: 0.892763
client 2 fairness(EQO, Y) on val: 1.003900
training accuracy (client 4) : 0.890667 
client 4 accuracy on val: 0.859101
client 4 fairness(EQO, Y) on val: 0.386600
training accuracy (client 6) : 0.750000 
client 6 accuracy on val: 0.867757
client 6 fairness(EQO, Y) on val: 0.877200
training accuracy (client 9) : 0.961054 
client 9 accuracy on val: 0.899495
client 9 fairness(EQO, Y) on val: 0.823400
global model accuracy on val: 0.892522
global model fairness(EQO, N) on val: 0.998000
global model accuracy on test: 0.893484
global model fairness(EQO, N) on test: 0.998100
------------ run = 1; t = 50; F_Global = 0.998, Privileged = N ------------
training accuracy (client 1) : 0.987124 
client 1 accuracy on val: 0.892282
client 1 fairness(EQO, N) on val: 1.000000
training accuracy (client 3) : 0.870000 
client 3 accuracy on val: 0.878336
client 3 fairness(EQO, N) on val: 0.776200
training accuracy (client 10) : 0.771637 
client 10 accuracy on val: 0.735513
client 10 fairness(EQO, N) on val: 0.608200
training accuracy (client 13) : 0.961054 
client 13 accuracy on val: 0.898774
client 13 fairness(EQO, N) on val: 1.178100
global model accuracy on val: 0.892282
global model fairness(EQO, Y) on val: 1.000000
global model accuracy on test: 0.893244
global model fairness(EQO, Y) on test: 1.000000
----------------Done (FLAlgMain)----------------
