------------Execute (split_train_val_test)------------
rTrain: 0.6, rVal: 0.2, rTest: 0.2, alpha: 0.5, num_clients: 10
Total number of data row in law.csv: 20798
Total number of Training datasets: 12480
Total number of Testing datasets: 4159
Total number of Validation datasets: 4159
ratio :
[[1.43191727e-02 8.12827166e-03 1.59204437e-03 4.83091065e-02
  8.40966615e-02 1.22584288e-01 8.68770916e-03 1.19219970e-01
  4.94319037e-01 9.87437394e-02]
 [1.45427411e-02 7.17705284e-03 4.37097612e-03 6.81963377e-03
  6.93453841e-02 7.09493990e-04 5.53514965e-03 2.63578048e-01
  2.33424569e-01 3.94496951e-01]
 [3.75921295e-02 2.22136215e-03 4.82617707e-05 1.11608765e-01
  5.89072612e-02 2.72001201e-01 9.63759604e-03 4.83765912e-01
  1.15905057e-02 1.26270062e-02]
 [3.12520386e-02 1.35360431e-01 7.42893530e-02 2.41528205e-01
  3.44270590e-02 6.46973145e-02 2.11350143e-01 7.03042755e-02
  1.03849653e-01 3.29415272e-02]]
Total number of data row in dataset: 12480
Total number of clients datasets: 10
----------------(start splitting client datasets from adult_used.csv)----------------
client 1 training data (219, 12)
client 2 training data (157, 12)
client 3 training data (57, 12)
client 4 training data (763, 12)
client 5 training data (973, 12)
client 6 training data (1617, 12)
client 7 training data (214, 12)
client 8 training data (2106, 12)
client 9 training data (5048, 12)
client 10 training data (1326, 12)
----------------(finish splitting client datasets took 0.39976072311401367)----------------
------------Done (split_train_val_test)------------
