Alg.: FairFate; Client dataset: today_20230529\dataset_EO_run_1; client Count: 10
----------------(start loading 10 client datasets from today_20230529\dataset_EO_run_1)----------------
----------------(successfully loading 10 client datasets and server testing data from today_20230529\dataset_EO_run_1)----------------
----------------Execute (FLAlgMain)----------------
----------------(start running algorithm)----------------
global model accuracy on val: 0.540755
global model fairness(EO, N) on val: 0.736200
------------ run = 2; t = 1; F_Global = 0.7362, Privileged = N ------------
training accuracy (client 1) : 0.798667 
client 1 accuracy on val: 0.824717
client 1 fairness(EO, N) on val: 0.982200
training accuracy (client 7) : 0.969479 
client 7 accuracy on val: 0.891560
client 7 fairness(EO, N) on val: 1.000000
training accuracy (client 9) : 0.907131 
client 9 accuracy on val: 0.892522
client 9 fairness(EO, N) on val: 1.012100
global model accuracy on val: 0.879779
global model fairness(EO, Y) on val: 0.970400
global model accuracy on test: 0.866795
global model fairness(EO, Y) on test: 0.971700
------------ run = 2; t = 2; F_Global = 0.9704, Privileged = Y ------------
training accuracy (client 2) : 0.944242 
client 2 accuracy on val: 0.890599
client 2 fairness(EO, Y) on val: 0.770300
training accuracy (client 4) : 0.915307 
client 4 accuracy on val: 0.893003
client 4 fairness(EO, Y) on val: 0.984800
training accuracy (client 5) : 0.903571 
client 5 accuracy on val: 0.892282
client 5 fairness(EO, Y) on val: 0.995700
global model accuracy on val: 0.891801
global model fairness(EO, Y) on val: 0.973700
global model accuracy on test: 0.883626
global model fairness(EO, Y) on test: 0.979600
------------ run = 2; t = 3; F_Global = 0.9737, Privileged = Y ------------
training accuracy (client 2) : 0.945455 
client 2 accuracy on val: 0.890358
client 2 fairness(EO, Y) on val: 0.774400
training accuracy (client 7) : 0.975652 
client 7 accuracy on val: 0.890839
client 7 fairness(EO, Y) on val: 0.993800
training accuracy (client 8) : 0.732394 
client 8 accuracy on val: 0.733830
client 8 fairness(EO, Y) on val: 0.466200
global model accuracy on val: 0.892282
global model fairness(EO, Y) on val: 0.973600
global model accuracy on test: 0.885069
global model fairness(EO, Y) on test: 0.982200
------------ run = 2; t = 4; F_Global = 0.9736, Privileged = Y ------------
training accuracy (client 6) : 0.916584 
client 6 accuracy on val: 0.894686
client 6 fairness(EO, Y) on val: 0.959500
training accuracy (client 8) : 0.699531 
client 8 accuracy on val: 0.754508
client 8 fairness(EO, Y) on val: 0.437200
training accuracy (client 10) : 0.740472 
client 10 accuracy on val: 0.874730
client 10 fairness(EO, Y) on val: 0.988200
global model accuracy on val: 0.896369
global model fairness(EO, Y) on val: 0.925700
global model accuracy on test: 0.890839
global model fairness(EO, Y) on test: 0.935800
------------ run = 2; t = 5; F_Global = 0.9257, Privileged = Y ------------
training accuracy (client 3) : 0.905195 
client 3 accuracy on val: 0.896129
client 3 fairness(EO, Y) on val: 0.983400
training accuracy (client 4) : 0.923463 
client 4 accuracy on val: 0.893003
client 4 fairness(EO, Y) on val: 0.966600
training accuracy (client 7) : 0.976680 
client 7 accuracy on val: 0.890839
client 7 fairness(EO, Y) on val: 0.993800
global model accuracy on val: 0.894205
global model fairness(EO, Y) on val: 0.969500
global model accuracy on test: 0.886511
global model fairness(EO, Y) on test: 0.977800
------------ run = 2; t = 6; F_Global = 0.9695, Privileged = Y ------------
training accuracy (client 1) : 0.829333 
client 1 accuracy on val: 0.881462
client 1 fairness(EO, Y) on val: 0.870800
training accuracy (client 3) : 0.910390 
client 3 accuracy on val: 0.895408
client 3 fairness(EO, Y) on val: 0.971600
training accuracy (client 6) : 0.913605 
client 6 accuracy on val: 0.894205
client 6 fairness(EO, Y) on val: 0.958100
global model accuracy on val: 0.894446
global model fairness(EO, Y) on val: 0.964200
global model accuracy on test: 0.889156
global model fairness(EO, Y) on test: 0.977800
------------ run = 2; t = 7; F_Global = 0.9642, Privileged = Y ------------
training accuracy (client 1) : 0.830667 
client 1 accuracy on val: 0.882424
client 1 fairness(EO, Y) on val: 0.893400
training accuracy (client 9) : 0.913765 
client 9 accuracy on val: 0.895888
client 9 fairness(EO, Y) on val: 0.966000
training accuracy (client 10) : 0.767695 
client 10 accuracy on val: 0.857177
client 10 fairness(EO, Y) on val: 1.018600
global model accuracy on val: 0.897091
global model fairness(EO, Y) on val: 0.958100
global model accuracy on test: 0.893003
global model fairness(EO, Y) on test: 0.974400
------------ run = 2; t = 8; F_Global = 0.9581, Privileged = Y ------------
training accuracy (client 5) : 0.904762 
client 5 accuracy on val: 0.892763
client 5 fairness(EO, Y) on val: 0.992200
training accuracy (client 7) : 0.976337 
client 7 accuracy on val: 0.891320
client 7 fairness(EO, Y) on val: 0.995900
training accuracy (client 9) : 0.916252 
client 9 accuracy on val: 0.895888
client 9 fairness(EO, Y) on val: 0.966000
global model accuracy on val: 0.894205
global model fairness(EO, Y) on val: 0.976000
global model accuracy on test: 0.886992
global model fairness(EO, Y) on test: 0.984400
------------ run = 2; t = 9; F_Global = 0.976, Privileged = Y ------------
training accuracy (client 3) : 0.907792 
client 3 accuracy on val: 0.895888
client 3 fairness(EO, Y) on val: 0.975500
training accuracy (client 8) : 0.706573 
client 8 accuracy on val: 0.756191
client 8 fairness(EO, Y) on val: 0.531300
training accuracy (client 9) : 0.913765 
client 9 accuracy on val: 0.897331
client 9 fairness(EO, Y) on val: 0.957800
global model accuracy on val: 0.895408
global model fairness(EO, Y) on val: 0.960400
global model accuracy on test: 0.891080
global model fairness(EO, Y) on test: 0.978100
------------ run = 2; t = 10; F_Global = 0.9604, Privileged = Y ------------
training accuracy (client 1) : 0.826667 
client 1 accuracy on val: 0.880019
client 1 fairness(EO, Y) on val: 0.889500
training accuracy (client 5) : 0.905952 
client 5 accuracy on val: 0.893244
client 5 fairness(EO, Y) on val: 0.992200
training accuracy (client 9) : 0.913765 
client 9 accuracy on val: 0.897572
client 9 fairness(EO, Y) on val: 0.959800
global model accuracy on val: 0.896610
global model fairness(EO, Y) on val: 0.967200
global model accuracy on test: 0.890118
global model fairness(EO, Y) on test: 0.978700
------------ run = 2; t = 11; F_Global = 0.9672, Privileged = Y ------------
training accuracy (client 1) : 0.832000 
client 1 accuracy on val: 0.879779
client 1 fairness(EO, Y) on val: 0.899600
training accuracy (client 4) : 0.924718 
client 4 accuracy on val: 0.895408
client 4 fairness(EO, Y) on val: 0.951000
training accuracy (client 8) : 0.708920 
client 8 accuracy on val: 0.753787
client 8 fairness(EO, Y) on val: 0.559400
global model accuracy on val: 0.897091
global model fairness(EO, Y) on val: 0.945400
global model accuracy on test: 0.893484
global model fairness(EO, Y) on test: 0.957500
------------ run = 2; t = 12; F_Global = 0.9454, Privileged = Y ------------
training accuracy (client 3) : 0.907792 
client 3 accuracy on val: 0.898293
client 3 fairness(EO, Y) on val: 0.969600
training accuracy (client 7) : 0.976680 
client 7 accuracy on val: 0.891320
client 7 fairness(EO, Y) on val: 0.995900
training accuracy (client 9) : 0.912935 
client 9 accuracy on val: 0.897331
client 9 fairness(EO, Y) on val: 0.960100
global model accuracy on val: 0.895648
global model fairness(EO, Y) on val: 0.962800
global model accuracy on test: 0.890599
global model fairness(EO, Y) on test: 0.973900
------------ run = 2; t = 13; F_Global = 0.9628, Privileged = Y ------------
training accuracy (client 5) : 0.905952 
client 5 accuracy on val: 0.893484
client 5 fairness(EO, Y) on val: 0.985200
training accuracy (client 8) : 0.706573 
client 8 accuracy on val: 0.755470
client 8 fairness(EO, Y) on val: 0.546000
training accuracy (client 9) : 0.915423 
client 9 accuracy on val: 0.897572
client 9 fairness(EO, Y) on val: 0.949800
global model accuracy on val: 0.896610
global model fairness(EO, Y) on val: 0.953100
global model accuracy on test: 0.891801
global model fairness(EO, Y) on test: 0.968200
------------ run = 2; t = 14; F_Global = 0.9531, Privileged = Y ------------
training accuracy (client 1) : 0.826667 
client 1 accuracy on val: 0.877374
client 1 fairness(EO, Y) on val: 0.893900
training accuracy (client 5) : 0.904762 
client 5 accuracy on val: 0.892763
client 5 fairness(EO, Y) on val: 0.991100
training accuracy (client 7) : 0.978395 
client 7 accuracy on val: 0.891560
client 7 fairness(EO, Y) on val: 0.995900
global model accuracy on val: 0.896129
global model fairness(EO, Y) on val: 0.970100
global model accuracy on test: 0.889156
global model fairness(EO, Y) on test: 0.977800
------------ run = 2; t = 15; F_Global = 0.9701, Privileged = Y ------------
training accuracy (client 2) : 0.947273 
client 2 accuracy on val: 0.892282
client 2 fairness(EO, Y) on val: 0.780800
training accuracy (client 6) : 0.914598 
client 6 accuracy on val: 0.895648
client 6 fairness(EO, Y) on val: 0.944900
training accuracy (client 8) : 0.711268 
client 8 accuracy on val: 0.755470
client 8 fairness(EO, Y) on val: 0.551600
global model accuracy on val: 0.896850
global model fairness(EO, Y) on val: 0.957800
global model accuracy on test: 0.891080
global model fairness(EO, Y) on test: 0.971700
------------ run = 2; t = 16; F_Global = 0.9578, Privileged = Y ------------
training accuracy (client 1) : 0.825333 
client 1 accuracy on val: 0.879298
client 1 fairness(EO, Y) on val: 0.885900
training accuracy (client 5) : 0.905952 
client 5 accuracy on val: 0.893244
client 5 fairness(EO, Y) on val: 0.987300
training accuracy (client 10) : 0.769510 
client 10 accuracy on val: 0.855975
client 10 fairness(EO, Y) on val: 1.007100
global model accuracy on val: 0.897812
global model fairness(EO, Y) on val: 0.957500
global model accuracy on test: 0.892282
global model fairness(EO, Y) on test: 0.969100
------------ run = 2; t = 17; F_Global = 0.9575, Privileged = Y ------------
training accuracy (client 3) : 0.911039 
client 3 accuracy on val: 0.898052
client 3 fairness(EO, Y) on val: 0.974000
training accuracy (client 4) : 0.925345 
client 4 accuracy on val: 0.895888
client 4 fairness(EO, Y) on val: 0.949300
training accuracy (client 7) : 0.978395 
client 7 accuracy on val: 0.891560
client 7 fairness(EO, Y) on val: 0.995900
global model accuracy on val: 0.896850
global model fairness(EO, Y) on val: 0.968300
global model accuracy on test: 0.890118
global model fairness(EO, Y) on test: 0.973900
------------ run = 2; t = 18; F_Global = 0.9683, Privileged = Y ------------
training accuracy (client 2) : 0.947273 
client 2 accuracy on val: 0.892522
client 2 fairness(EO, Y) on val: 0.789000
training accuracy (client 4) : 0.924718 
client 4 accuracy on val: 0.895888
client 4 fairness(EO, Y) on val: 0.949300
training accuracy (client 8) : 0.706573 
client 8 accuracy on val: 0.754989
client 8 fairness(EO, Y) on val: 0.560600
global model accuracy on val: 0.896369
global model fairness(EO, Y) on val: 0.952500
global model accuracy on test: 0.891320
global model fairness(EO, Y) on test: 0.969500
------------ run = 2; t = 19; F_Global = 0.9525, Privileged = Y ------------
training accuracy (client 5) : 0.904762 
client 5 accuracy on val: 0.893003
client 5 fairness(EO, Y) on val: 0.989300
training accuracy (client 8) : 0.711268 
client 8 accuracy on val: 0.754989
client 8 fairness(EO, Y) on val: 0.555000
training accuracy (client 10) : 0.764065 
client 10 accuracy on val: 0.859341
client 10 fairness(EO, Y) on val: 1.028000
global model accuracy on val: 0.897091
global model fairness(EO, Y) on val: 0.949900
global model accuracy on test: 0.893724
global model fairness(EO, Y) on test: 0.959700
------------ run = 2; t = 20; F_Global = 0.9499, Privileged = Y ------------
training accuracy (client 6) : 0.915591 
client 6 accuracy on val: 0.895888
client 6 fairness(EO, Y) on val: 0.946900
training accuracy (client 7) : 0.978052 
client 7 accuracy on val: 0.891320
client 7 fairness(EO, Y) on val: 0.996200
training accuracy (client 9) : 0.914594 
client 9 accuracy on val: 0.897812
client 9 fairness(EO, Y) on val: 0.952500
global model accuracy on val: 0.895888
global model fairness(EO, Y) on val: 0.960400
global model accuracy on test: 0.890839
global model fairness(EO, Y) on test: 0.973900
------------ run = 2; t = 21; F_Global = 0.9604, Privileged = Y ------------
training accuracy (client 2) : 0.947879 
client 2 accuracy on val: 0.893003
client 2 fairness(EO, Y) on val: 0.786900
training accuracy (client 5) : 0.904762 
client 5 accuracy on val: 0.893484
client 5 fairness(EO, Y) on val: 0.989600
training accuracy (client 7) : 0.978395 
client 7 accuracy on val: 0.891801
client 7 fairness(EO, Y) on val: 0.996200
global model accuracy on val: 0.894446
global model fairness(EO, Y) on val: 0.968000
global model accuracy on test: 0.888435
global model fairness(EO, Y) on test: 0.975600
------------ run = 2; t = 22; F_Global = 0.968, Privileged = Y ------------
training accuracy (client 1) : 0.828000 
client 1 accuracy on val: 0.880500
client 1 fairness(EO, Y) on val: 0.885800
training accuracy (client 3) : 0.908442 
client 3 accuracy on val: 0.899736
client 3 fairness(EO, Y) on val: 0.966100
training accuracy (client 8) : 0.711268 
client 8 accuracy on val: 0.756672
client 8 fairness(EO, Y) on val: 0.553300
global model accuracy on val: 0.896369
global model fairness(EO, Y) on val: 0.962200
global model accuracy on test: 0.890358
global model fairness(EO, Y) on test: 0.971700
------------ run = 2; t = 23; F_Global = 0.9622, Privileged = Y ------------
training accuracy (client 1) : 0.828000 
client 1 accuracy on val: 0.880019
client 1 fairness(EO, Y) on val: 0.887200
training accuracy (client 7) : 0.977366 
client 7 accuracy on val: 0.892282
client 7 fairness(EO, Y) on val: 0.996200
training accuracy (client 8) : 0.708920 
client 8 accuracy on val: 0.754508
client 8 fairness(EO, Y) on val: 0.556100
global model accuracy on val: 0.894205
global model fairness(EO, Y) on val: 0.967400
global model accuracy on test: 0.888675
global model fairness(EO, Y) on test: 0.973300
------------ run = 2; t = 24; F_Global = 0.9674, Privileged = Y ------------
training accuracy (client 2) : 0.947273 
client 2 accuracy on val: 0.893003
client 2 fairness(EO, Y) on val: 0.774400
training accuracy (client 4) : 0.925972 
client 4 accuracy on val: 0.895888
client 4 fairness(EO, Y) on val: 0.934600
training accuracy (client 9) : 0.915423 
client 9 accuracy on val: 0.898533
client 9 fairness(EO, Y) on val: 0.935500
global model accuracy on val: 0.894927
global model fairness(EO, Y) on val: 0.963300
global model accuracy on test: 0.890118
global model fairness(EO, Y) on test: 0.971100
------------ run = 2; t = 25; F_Global = 0.9633, Privileged = Y ------------
training accuracy (client 2) : 0.945455 
client 2 accuracy on val: 0.893724
client 2 fairness(EO, Y) on val: 0.782600
training accuracy (client 3) : 0.911039 
client 3 accuracy on val: 0.898774
client 3 fairness(EO, Y) on val: 0.959600
training accuracy (client 4) : 0.925345 
client 4 accuracy on val: 0.895648
client 4 fairness(EO, Y) on val: 0.932800
global model accuracy on val: 0.896610
global model fairness(EO, Y) on val: 0.959500
global model accuracy on test: 0.890599
global model fairness(EO, Y) on test: 0.971100
------------ run = 2; t = 26; F_Global = 0.9595, Privileged = Y ------------
training accuracy (client 6) : 0.911619 
client 6 accuracy on val: 0.896610
client 6 fairness(EO, Y) on val: 0.934600
training accuracy (client 8) : 0.706573 
client 8 accuracy on val: 0.759317
client 8 fairness(EO, Y) on val: 0.542800
training accuracy (client 9) : 0.917910 
client 9 accuracy on val: 0.898533
client 9 fairness(EO, Y) on val: 0.931300
global model accuracy on val: 0.897331
global model fairness(EO, Y) on val: 0.945400
global model accuracy on test: 0.891560
global model fairness(EO, Y) on test: 0.955600
------------ run = 2; t = 27; F_Global = 0.9454, Privileged = Y ------------
training accuracy (client 1) : 0.821333 
client 1 accuracy on val: 0.879538
client 1 fairness(EO, Y) on val: 0.872600
training accuracy (client 3) : 0.910390 
client 3 accuracy on val: 0.899495
client 3 fairness(EO, Y) on val: 0.961700
training accuracy (client 10) : 0.760436 
client 10 accuracy on val: 0.854532
client 10 fairness(EO, Y) on val: 0.960800
global model accuracy on val: 0.898293
global model fairness(EO, Y) on val: 0.938700
global model accuracy on test: 0.893484
global model fairness(EO, Y) on test: 0.954800
------------ run = 2; t = 28; F_Global = 0.9387, Privileged = Y ------------
training accuracy (client 1) : 0.826667 
client 1 accuracy on val: 0.877374
client 1 fairness(EO, Y) on val: 0.896000
training accuracy (client 2) : 0.948485 
client 2 accuracy on val: 0.892041
client 2 fairness(EO, Y) on val: 0.768400
training accuracy (client 9) : 0.915423 
client 9 accuracy on val: 0.898293
client 9 fairness(EO, Y) on val: 0.941900
global model accuracy on val: 0.897572
global model fairness(EO, Y) on val: 0.930400
global model accuracy on test: 0.894927
global model fairness(EO, Y) on test: 0.952600
------------ run = 2; t = 29; F_Global = 0.9304, Privileged = Y ------------
training accuracy (client 1) : 0.828000 
client 1 accuracy on val: 0.877134
client 1 fairness(EO, Y) on val: 0.889400
training accuracy (client 4) : 0.925345 
client 4 accuracy on val: 0.895167
client 4 fairness(EO, Y) on val: 0.933700
training accuracy (client 8) : 0.706573 
client 8 accuracy on val: 0.752104
client 8 fairness(EO, Y) on val: 0.558500
global model accuracy on val: 0.897091
global model fairness(EO, Y) on val: 0.923600
global model accuracy on test: 0.895648
global model fairness(EO, Y) on test: 0.949900
------------ run = 2; t = 30; F_Global = 0.9236, Privileged = Y ------------
training accuracy (client 2) : 0.947879 
client 2 accuracy on val: 0.892763
client 2 fairness(EO, Y) on val: 0.782800
training accuracy (client 5) : 0.903571 
client 5 accuracy on val: 0.893724
client 5 fairness(EO, Y) on val: 0.983700
training accuracy (client 9) : 0.914594 
client 9 accuracy on val: 0.898293
client 9 fairness(EO, Y) on val: 0.940100
global model accuracy on val: 0.897331
global model fairness(EO, Y) on val: 0.935100
global model accuracy on test: 0.894686
global model fairness(EO, Y) on test: 0.951600
------------ run = 2; t = 31; F_Global = 0.9351, Privileged = Y ------------
training accuracy (client 6) : 0.909633 
client 6 accuracy on val: 0.896850
client 6 fairness(EO, Y) on val: 0.934600
training accuracy (client 9) : 0.914594 
client 9 accuracy on val: 0.898774
client 9 fairness(EO, Y) on val: 0.939900
training accuracy (client 10) : 0.773140 
client 10 accuracy on val: 0.852368
client 10 fairness(EO, Y) on val: 1.017700
global model accuracy on val: 0.897331
global model fairness(EO, Y) on val: 0.936600
global model accuracy on test: 0.894446
global model fairness(EO, Y) on test: 0.956000
------------ run = 2; t = 32; F_Global = 0.9366, Privileged = Y ------------
training accuracy (client 6) : 0.910626 
client 6 accuracy on val: 0.895888
client 6 fairness(EO, Y) on val: 0.947500
training accuracy (client 7) : 0.978052 
client 7 accuracy on val: 0.892041
client 7 fairness(EO, Y) on val: 0.996200
training accuracy (client 9) : 0.915423 
client 9 accuracy on val: 0.897812
client 9 fairness(EO, Y) on val: 0.942800
global model accuracy on val: 0.897091
global model fairness(EO, Y) on val: 0.946900
global model accuracy on test: 0.892522
global model fairness(EO, Y) on test: 0.956700
------------ run = 2; t = 33; F_Global = 0.9469, Privileged = Y ------------
training accuracy (client 3) : 0.909740 
client 3 accuracy on val: 0.899255
client 3 fairness(EO, Y) on val: 0.966700
training accuracy (client 7) : 0.978738 
client 7 accuracy on val: 0.892041
client 7 fairness(EO, Y) on val: 0.996200
training accuracy (client 8) : 0.704225 
client 8 accuracy on val: 0.753306
client 8 fairness(EO, Y) on val: 0.565400
global model accuracy on val: 0.895888
global model fairness(EO, Y) on val: 0.961900
global model accuracy on test: 0.890358
global model fairness(EO, Y) on test: 0.971100
------------ run = 2; t = 34; F_Global = 0.9619, Privileged = Y ------------
training accuracy (client 2) : 0.947879 
client 2 accuracy on val: 0.891560
client 2 fairness(EO, Y) on val: 0.766400
training accuracy (client 3) : 0.907792 
client 3 accuracy on val: 0.897331
client 3 fairness(EO, Y) on val: 0.953700
training accuracy (client 4) : 0.926600 
client 4 accuracy on val: 0.895648
client 4 fairness(EO, Y) on val: 0.935700
global model accuracy on val: 0.897812
global model fairness(EO, Y) on val: 0.960100
global model accuracy on test: 0.890839
global model fairness(EO, Y) on test: 0.962200
------------ run = 2; t = 35; F_Global = 0.9601, Privileged = Y ------------
training accuracy (client 2) : 0.949091 
client 2 accuracy on val: 0.891560
client 2 fairness(EO, Y) on val: 0.764300
training accuracy (client 6) : 0.909633 
client 6 accuracy on val: 0.898052
client 6 fairness(EO, Y) on val: 0.932500
training accuracy (client 10) : 0.771325 
client 10 accuracy on val: 0.851647
client 10 fairness(EO, Y) on val: 1.007700
global model accuracy on val: 0.898052
global model fairness(EO, Y) on val: 0.944300
global model accuracy on test: 0.893484
global model fairness(EO, Y) on test: 0.959500
------------ run = 2; t = 36; F_Global = 0.9443, Privileged = Y ------------
training accuracy (client 2) : 0.948485 
client 2 accuracy on val: 0.891080
client 2 fairness(EO, Y) on val: 0.772600
training accuracy (client 5) : 0.903571 
client 5 accuracy on val: 0.893244
client 5 fairness(EO, Y) on val: 0.994500
training accuracy (client 8) : 0.711268 
client 8 accuracy on val: 0.744169
client 8 fairness(EO, Y) on val: 0.586100
global model accuracy on val: 0.897331
global model fairness(EO, Y) on val: 0.949900
global model accuracy on test: 0.893484
global model fairness(EO, Y) on test: 0.962700
------------ run = 2; t = 37; F_Global = 0.9499, Privileged = Y ------------
training accuracy (client 5) : 0.904762 
client 5 accuracy on val: 0.893003
client 5 fairness(EO, Y) on val: 0.991000
training accuracy (client 6) : 0.912612 
client 6 accuracy on val: 0.895648
client 6 fairness(EO, Y) on val: 0.937800
training accuracy (client 8) : 0.713615 
client 8 accuracy on val: 0.743929
client 8 fairness(EO, Y) on val: 0.583500
global model accuracy on val: 0.897331
global model fairness(EO, Y) on val: 0.963800
global model accuracy on test: 0.893003
global model fairness(EO, Y) on test: 0.970100
------------ run = 2; t = 38; F_Global = 0.9638, Privileged = Y ------------
training accuracy (client 4) : 0.925345 
client 4 accuracy on val: 0.894927
client 4 fairness(EO, Y) on val: 0.952800
training accuracy (client 6) : 0.912612 
client 6 accuracy on val: 0.895408
client 6 fairness(EO, Y) on val: 0.944000
training accuracy (client 7) : 0.978052 
client 7 accuracy on val: 0.892041
client 7 fairness(EO, Y) on val: 0.996200
global model accuracy on val: 0.893965
global model fairness(EO, Y) on val: 0.976000
global model accuracy on test: 0.887232
global model fairness(EO, Y) on test: 0.984400
------------ run = 2; t = 39; F_Global = 0.976, Privileged = Y ------------
training accuracy (client 5) : 0.904762 
client 5 accuracy on val: 0.894446
client 5 fairness(EO, Y) on val: 0.979700
training accuracy (client 7) : 0.978395 
client 7 accuracy on val: 0.892041
client 7 fairness(EO, Y) on val: 1.000300
training accuracy (client 9) : 0.917081 
client 9 accuracy on val: 0.897331
client 9 fairness(EO, Y) on val: 0.931600
global model accuracy on val: 0.893484
global model fairness(EO, Y) on val: 0.985900
global model accuracy on test: 0.885309
global model fairness(EO, Y) on test: 0.988900
------------ run = 2; t = 40; F_Global = 0.9859, Privileged = Y ------------
training accuracy (client 3) : 0.911688 
client 3 accuracy on val: 0.898774
client 3 fairness(EO, Y) on val: 0.962300
training accuracy (client 4) : 0.925345 
client 4 accuracy on val: 0.897091
client 4 fairness(EO, Y) on val: 0.934000
training accuracy (client 8) : 0.699531 
client 8 accuracy on val: 0.752825
client 8 fairness(EO, Y) on val: 0.560200
global model accuracy on val: 0.893484
global model fairness(EO, Y) on val: 0.977700
global model accuracy on test: 0.886511
global model fairness(EO, Y) on test: 0.984400
------------ run = 2; t = 41; F_Global = 0.9777, Privileged = Y ------------
training accuracy (client 3) : 0.909091 
client 3 accuracy on val: 0.898774
client 3 fairness(EO, Y) on val: 0.968800
training accuracy (client 6) : 0.910626 
client 6 accuracy on val: 0.897572
client 6 fairness(EO, Y) on val: 0.933400
training accuracy (client 8) : 0.704225 
client 8 accuracy on val: 0.755230
client 8 fairness(EO, Y) on val: 0.563900
global model accuracy on val: 0.894446
global model fairness(EO, Y) on val: 0.971900
global model accuracy on test: 0.887954
global model fairness(EO, Y) on test: 0.975600
------------ run = 2; t = 42; F_Global = 0.9719, Privileged = Y ------------
training accuracy (client 1) : 0.825333 
client 1 accuracy on val: 0.877374
client 1 fairness(EO, Y) on val: 0.903700
training accuracy (client 4) : 0.925345 
client 4 accuracy on val: 0.896610
client 4 fairness(EO, Y) on val: 0.934500
training accuracy (client 10) : 0.784029 
client 10 accuracy on val: 0.849483
client 10 fairness(EO, Y) on val: 1.005900
global model accuracy on val: 0.894927
global model fairness(EO, Y) on val: 0.955600
global model accuracy on test: 0.895648
global model fairness(EO, Y) on test: 0.979000
------------ run = 2; t = 43; F_Global = 0.9556, Privileged = Y ------------
training accuracy (client 1) : 0.830667 
client 1 accuracy on val: 0.874489
client 1 fairness(EO, Y) on val: 0.936100
training accuracy (client 2) : 0.946667 
client 2 accuracy on val: 0.892041
client 2 fairness(EO, Y) on val: 0.778700
training accuracy (client 4) : 0.925345 
client 4 accuracy on val: 0.894205
client 4 fairness(EO, Y) on val: 0.946300
global model accuracy on val: 0.895408
global model fairness(EO, Y) on val: 0.947500
global model accuracy on test: 0.895408
global model fairness(EO, Y) on test: 0.970400
------------ run = 2; t = 44; F_Global = 0.9475, Privileged = Y ------------
training accuracy (client 4) : 0.925972 
client 4 accuracy on val: 0.894686
client 4 fairness(EO, Y) on val: 0.945400
training accuracy (client 7) : 0.978395 
client 7 accuracy on val: 0.892041
client 7 fairness(EO, Y) on val: 0.996200
training accuracy (client 8) : 0.713615 
client 8 accuracy on val: 0.737677
client 8 fairness(EO, Y) on val: 0.611000
global model accuracy on val: 0.894446
global model fairness(EO, Y) on val: 0.975700
global model accuracy on test: 0.886752
global model fairness(EO, Y) on test: 0.982200
------------ run = 2; t = 45; F_Global = 0.9757, Privileged = Y ------------
training accuracy (client 2) : 0.946667 
client 2 accuracy on val: 0.891560
client 2 fairness(EO, Y) on val: 0.760000
training accuracy (client 3) : 0.908442 
client 3 accuracy on val: 0.898052
client 3 fairness(EO, Y) on val: 0.960500
training accuracy (client 4) : 0.925972 
client 4 accuracy on val: 0.897812
client 4 fairness(EO, Y) on val: 0.936300
global model accuracy on val: 0.894205
global model fairness(EO, Y) on val: 0.973600
global model accuracy on test: 0.887232
global model fairness(EO, Y) on test: 0.977800
------------ run = 2; t = 46; F_Global = 0.9736, Privileged = Y ------------
training accuracy (client 2) : 0.946667 
client 2 accuracy on val: 0.891801
client 2 fairness(EO, Y) on val: 0.757900
training accuracy (client 4) : 0.924718 
client 4 accuracy on val: 0.897091
client 4 fairness(EO, Y) on val: 0.924200
training accuracy (client 10) : 0.778584 
client 10 accuracy on val: 0.847800
client 10 fairness(EO, Y) on val: 0.971200
global model accuracy on val: 0.894686
global model fairness(EO, Y) on val: 0.965400
global model accuracy on test: 0.889156
global model fairness(EO, Y) on test: 0.975600
------------ run = 2; t = 47; F_Global = 0.9654, Privileged = Y ------------
training accuracy (client 4) : 0.925345 
client 4 accuracy on val: 0.897572
client 4 fairness(EO, Y) on val: 0.934500
training accuracy (client 6) : 0.909633 
client 6 accuracy on val: 0.895167
client 6 fairness(EO, Y) on val: 0.912500
training accuracy (client 10) : 0.778584 
client 10 accuracy on val: 0.848762
client 10 fairness(EO, Y) on val: 0.973000
global model accuracy on val: 0.885309
global model fairness(EO, Y) on val: 0.940900
global model accuracy on test: 0.890118
global model fairness(EO, Y) on test: 0.970900
------------ run = 2; t = 48; F_Global = 0.9409, Privileged = Y ------------
training accuracy (client 2) : 0.943030 
client 2 accuracy on val: 0.893244
client 2 fairness(EO, Y) on val: 0.786700
training accuracy (client 3) : 0.912338 
client 3 accuracy on val: 0.897091
client 3 fairness(EO, Y) on val: 0.977000
training accuracy (client 4) : 0.924718 
client 4 accuracy on val: 0.896369
client 4 fairness(EO, Y) on val: 0.946900
global model accuracy on val: 0.896369
global model fairness(EO, Y) on val: 0.952900
global model accuracy on test: 0.892522
global model fairness(EO, Y) on test: 0.972500
------------ run = 2; t = 49; F_Global = 0.9529, Privileged = Y ------------
training accuracy (client 2) : 0.943636 
client 2 accuracy on val: 0.893003
client 2 fairness(EO, Y) on val: 0.776400
training accuracy (client 6) : 0.915591 
client 6 accuracy on val: 0.897331
client 6 fairness(EO, Y) on val: 0.942200
training accuracy (client 7) : 0.978052 
client 7 accuracy on val: 0.892522
client 7 fairness(EO, Y) on val: 0.996200
global model accuracy on val: 0.892522
global model fairness(EO, Y) on val: 0.990000
global model accuracy on test: 0.883866
global model fairness(EO, Y) on test: 0.993300
------------ run = 2; t = 50; F_Global = 0.99, Privileged = Y ------------
training accuracy (client 3) : 0.909091 
client 3 accuracy on val: 0.895408
client 3 fairness(EO, Y) on val: 0.936000
training accuracy (client 4) : 0.922208 
client 4 accuracy on val: 0.896369
client 4 fairness(EO, Y) on val: 0.898900
training accuracy (client 8) : 0.697183 
client 8 accuracy on val: 0.755951
client 8 fairness(EO, Y) on val: 0.527000
global model accuracy on val: 0.892763
global model fairness(EO, Y) on val: 0.985900
global model accuracy on test: 0.885309
global model fairness(EO, Y) on test: 0.986700
----------------Done (FLAlgMain)----------------
