Alg.: FairFateVC; Client dataset: today_20230531\dataset_SP_run_5; client Count: 10
----------------(start loading 10 client datasets from today_20230531\dataset_SP_run_5)----------------
----------------(successfully loading 10 client datasets and server testing data from today_20230531\dataset_SP_run_5)----------------
----------------Execute (FLAlgMain)----------------
----------------(start running algorithm)----------------
global model accuracy on val: 0.575138
global model fairness(SP, Y) on val: 0.887900
------------ run = 6; t = 1; F_Global = 0.8879, Privileged = Y ------------
training accuracy (client 3) : 0.955852 
client 3 accuracy on val: 0.894927
client 3 fairness(SP, Y) on val: 0.987500
training accuracy (client 5) : 0.889283 
client 5 accuracy on val: 0.841548
client 5 fairness(SP, Y) on val: 0.364400
training accuracy (client 7) : 0.749117 
client 7 accuracy on val: 0.748978
client 7 fairness(SP, Y) on val: 0.559500
global model accuracy on val: 0.837461
global model fairness(SP, Y) on val: 0.737600
global model accuracy on test: 0.834095
global model fairness(SP, Y) on test: 0.715700
------------ run = 6; t = 2; F_Global = 0.7376, Privileged = Y ------------
training accuracy (client 4) : 0.861505 
client 4 accuracy on val: 0.879538
client 4 fairness(SP, Y) on val: 0.765000
training accuracy (client 5) : 0.829374 
client 5 accuracy on val: 0.874249
client 5 fairness(SP, Y) on val: 0.890900
training accuracy (client 6) : 0.821801 
client 6 accuracy on val: 0.856696
client 6 fairness(SP, Y) on val: 0.578800
training accuracy (client 11) : 0.656250 
client 11 accuracy on val: 0.803799
client 11 fairness(SP, Y) on val: 0.596400
global model accuracy on val: 0.857658
global model fairness(SP, Y) on val: 0.725300
global model accuracy on test: 0.854292
global model fairness(SP, Y) on test: 0.716300
------------ run = 6; t = 3; F_Global = 0.7253, Privileged = Y ------------
training accuracy (client 3) : 0.956685 
client 3 accuracy on val: 0.895648
client 3 fairness(SP, Y) on val: 0.982800
training accuracy (client 4) : 0.865867 
client 4 accuracy on val: 0.882183
client 4 fairness(SP, Y) on val: 0.775600
training accuracy (client 9) : 0.933693 
client 9 accuracy on val: 0.869440
client 9 fairness(SP, Y) on val: 0.357900
training accuracy (client 12) : 0.973228 
client 12 accuracy on val: 0.892763
client 12 fairness(SP, Y) on val: 0.960500
global model accuracy on val: 0.891080
global model fairness(SP, Y) on val: 0.746300
global model accuracy on test: 0.889156
global model fairness(SP, Y) on test: 0.746500
------------ run = 6; t = 4; F_Global = 0.7463, Privileged = Y ------------
training accuracy (client 1) : 0.840336 
client 1 accuracy on val: 0.888675
client 1 fairness(SP, Y) on val: 0.703500
training accuracy (client 4) : 0.863686 
client 4 accuracy on val: 0.891560
client 4 fairness(SP, Y) on val: 0.756600
training accuracy (client 9) : 0.906404 
client 9 accuracy on val: 0.889637
client 9 fairness(SP, Y) on val: 0.630300
training accuracy (client 13) : 0.936777 
client 13 accuracy on val: 0.870402
client 13 fairness(SP, Y) on val: 0.351100
global model accuracy on val: 0.889637
global model fairness(SP, Y) on val: 0.654600
global model accuracy on test: 0.887232
global model fairness(SP, Y) on test: 0.658800
------------ run = 6; t = 5; F_Global = 0.6546, Privileged = Y ------------
training accuracy (client 3) : 0.862595 
client 3 accuracy on val: 0.891560
client 3 fairness(SP, Y) on val: 0.710500
training accuracy (client 5) : 0.950888 
client 5 accuracy on val: 0.896129
client 5 fairness(SP, Y) on val: 0.985900
training accuracy (client 10) : 0.625000 
client 10 accuracy on val: 0.860063
client 10 fairness(SP, Y) on val: 0.520500
training accuracy (client 12) : 0.903941 
client 12 accuracy on val: 0.888916
client 12 fairness(SP, Y) on val: 0.548300
global model accuracy on val: 0.900697
global model fairness(SP, Y) on val: 0.755600
global model accuracy on test: 0.895648
global model fairness(SP, Y) on test: 0.754700
------------ run = 6; t = 6; F_Global = 0.7556, Privileged = Y ------------
training accuracy (client 2) : 0.955019 
client 2 accuracy on val: 0.897572
client 2 fairness(SP, Y) on val: 0.979700
training accuracy (client 5) : 0.950888 
client 5 accuracy on val: 0.896369
client 5 fairness(SP, Y) on val: 0.987500
training accuracy (client 10) : 0.834734 
client 10 accuracy on val: 0.893244
client 10 fairness(SP, Y) on val: 0.683100
training accuracy (client 13) : 0.908867 
client 13 accuracy on val: 0.895648
client 13 fairness(SP, Y) on val: 0.596200
global model accuracy on val: 0.900216
global model fairness(SP, Y) on val: 0.861700
global model accuracy on test: 0.898533
global model fairness(SP, Y) on test: 0.854000
------------ run = 6; t = 7; F_Global = 0.8617, Privileged = Y ------------
training accuracy (client 1) : 0.848101 
client 1 accuracy on val: 0.891080
client 1 fairness(SP, Y) on val: 1.007400
training accuracy (client 5) : 0.950888 
client 5 accuracy on val: 0.897331
client 5 fairness(SP, Y) on val: 0.981200
training accuracy (client 7) : 0.544643 
client 7 accuracy on val: 0.892763
client 7 fairness(SP, Y) on val: 0.617000
training accuracy (client 8) : 0.614286 
client 8 accuracy on val: 0.838663
client 8 fairness(SP, Y) on val: 0.560000
global model accuracy on val: 0.898293
global model fairness(SP, Y) on val: 0.905500
global model accuracy on test: 0.899014
global model fairness(SP, Y) on test: 0.892200
------------ run = 6; t = 8; F_Global = 0.9055, Privileged = Y ------------
training accuracy (client 7) : 0.976378 
client 7 accuracy on val: 0.896129
client 7 fairness(SP, Y) on val: 0.989100
training accuracy (client 10) : 0.843137 
client 10 accuracy on val: 0.896850
client 10 fairness(SP, Y) on val: 0.752000
training accuracy (client 12) : 0.544643 
client 12 accuracy on val: 0.890599
client 12 fairness(SP, Y) on val: 0.652100
training accuracy (client 13) : 0.562500 
client 13 accuracy on val: 0.886511
client 13 fairness(SP, Y) on val: 0.660200
global model accuracy on val: 0.898533
global model fairness(SP, Y) on val: 0.903900
global model accuracy on test: 0.899495
global model fairness(SP, Y) on test: 0.892200
------------ run = 6; t = 9; F_Global = 0.9039, Privileged = Y ------------
training accuracy (client 4) : 0.857451 
client 4 accuracy on val: 0.899255
client 4 fairness(SP, Y) on val: 0.925000
training accuracy (client 5) : 0.950510 
client 5 accuracy on val: 0.897091
client 5 fairness(SP, Y) on val: 0.982800
training accuracy (client 6) : 0.953605 
client 6 accuracy on val: 0.894446
client 6 fairness(SP, Y) on val: 1.000000
training accuracy (client 15) : 0.519231 
client 15 accuracy on val: 0.898533
client 15 fairness(SP, Y) on val: 0.750000
global model accuracy on val: 0.898052
global model fairness(SP, Y) on val: 0.949000
global model accuracy on test: 0.895648
global model fairness(SP, Y) on test: 0.931800
------------ run = 6; t = 10; F_Global = 0.949, Privileged = Y ------------
training accuracy (client 1) : 0.851266 
client 1 accuracy on val: 0.889396
client 1 fairness(SP, Y) on val: 1.029300
training accuracy (client 10) : 0.896552 
client 10 accuracy on val: 0.900457
client 10 fairness(SP, Y) on val: 0.649600
training accuracy (client 11) : 0.556604 
client 11 accuracy on val: 0.878577
client 11 fairness(SP, Y) on val: 0.665600
training accuracy (client 12) : 0.843137 
client 12 accuracy on val: 0.897812
client 12 fairness(SP, Y) on val: 0.747900
global model accuracy on val: 0.898533
global model fairness(SP, Y) on val: 0.937500
global model accuracy on test: 0.897572
global model fairness(SP, Y) on test: 0.926600
------------ run = 6; t = 11; F_Global = 0.9375, Privileged = Y ------------
training accuracy (client 2) : 0.956268 
client 2 accuracy on val: 0.898533
client 2 fairness(SP, Y) on val: 0.969000
training accuracy (client 4) : 0.861771 
client 4 accuracy on val: 0.894446
client 4 fairness(SP, Y) on val: 0.961500
training accuracy (client 5) : 0.950132 
client 5 accuracy on val: 0.896850
client 5 fairness(SP, Y) on val: 0.984400
training accuracy (client 6) : 0.953605 
client 6 accuracy on val: 0.894446
client 6 fairness(SP, Y) on val: 1.000000
training accuracy (client 8) : 0.932151 
client 8 accuracy on val: 0.875210
client 8 fairness(SP, Y) on val: 0.399200
global model accuracy on val: 0.899014
global model fairness(SP, Y) on val: 0.940100
global model accuracy on test: 0.897091
global model fairness(SP, Y) on test: 0.929900
------------ run = 6; t = 12; F_Global = 0.9401, Privileged = Y ------------
training accuracy (client 2) : 0.956268 
client 2 accuracy on val: 0.898293
client 2 fairness(SP, Y) on val: 0.973700
training accuracy (client 6) : 0.953605 
client 6 accuracy on val: 0.894446
client 6 fairness(SP, Y) on val: 1.000000
training accuracy (client 8) : 0.556250 
client 8 accuracy on val: 0.882183
client 8 fairness(SP, Y) on val: 0.688600
training accuracy (client 9) : 0.526786 
client 9 accuracy on val: 0.890839
client 9 fairness(SP, Y) on val: 0.691400
training accuracy (client 16) : 0.932151 
client 16 accuracy on val: 0.875451
client 16 fairness(SP, Y) on val: 0.401900
global model accuracy on val: 0.899736
global model fairness(SP, Y) on val: 0.936700
global model accuracy on test: 0.897331
global model fairness(SP, Y) on test: 0.920000
------------ run = 6; t = 13; F_Global = 0.9367, Privileged = Y ------------
training accuracy (client 3) : 0.868048 
client 3 accuracy on val: 0.895408
client 3 fairness(SP, Y) on val: 0.790800
training accuracy (client 8) : 0.538462 
client 8 accuracy on val: 0.895648
client 8 fairness(SP, Y) on val: 0.718300
training accuracy (client 9) : 0.528846 
client 9 accuracy on val: 0.900216
client 9 fairness(SP, Y) on val: 0.763800
training accuracy (client 11) : 0.538462 
client 11 accuracy on val: 0.893244
client 11 fairness(SP, Y) on val: 0.712300
training accuracy (client 12) : 0.509259 
client 12 accuracy on val: 0.896610
client 12 fairness(SP, Y) on val: 0.758700
global model accuracy on val: 0.900216
global model fairness(SP, Y) on val: 0.907800
global model accuracy on test: 0.900216
global model fairness(SP, Y) on test: 0.887600
------------ run = 6; t = 14; F_Global = 0.9078, Privileged = Y ------------
training accuracy (client 1) : 0.851266 
client 1 accuracy on val: 0.884828
client 1 fairness(SP, Y) on val: 1.037600
training accuracy (client 2) : 0.956685 
client 2 accuracy on val: 0.898293
client 2 fairness(SP, Y) on val: 0.964300
training accuracy (client 3) : 0.857451 
client 3 accuracy on val: 0.898533
client 3 fairness(SP, Y) on val: 0.929000
training accuracy (client 7) : 0.899015 
client 7 accuracy on val: 0.899014
client 7 fairness(SP, Y) on val: 0.641200
training accuracy (client 9) : 0.562500 
client 9 accuracy on val: 0.877855
client 9 fairness(SP, Y) on val: 0.657800
global model accuracy on val: 0.900457
global model fairness(SP, Y) on val: 0.918800
global model accuracy on test: 0.899014
global model fairness(SP, Y) on test: 0.903100
------------ run = 6; t = 15; F_Global = 0.9188, Privileged = Y ------------
training accuracy (client 2) : 0.956685 
client 2 accuracy on val: 0.898533
client 2 fairness(SP, Y) on val: 0.962800
training accuracy (client 3) : 0.857451 
client 3 accuracy on val: 0.897572
client 3 fairness(SP, Y) on val: 0.940700
training accuracy (client 4) : 0.950510 
client 4 accuracy on val: 0.897331
client 4 fairness(SP, Y) on val: 0.981200
training accuracy (client 7) : 0.840336 
client 7 accuracy on val: 0.897812
client 7 fairness(SP, Y) on val: 0.756700
training accuracy (client 14) : 0.538462 
client 14 accuracy on val: 0.887713
client 14 fairness(SP, Y) on val: 0.705700
global model accuracy on val: 0.899014
global model fairness(SP, Y) on val: 0.932600
global model accuracy on test: 0.897572
global model fairness(SP, Y) on test: 0.914700
------------ run = 6; t = 16; F_Global = 0.9326, Privileged = Y ------------
training accuracy (client 3) : 0.861771 
client 3 accuracy on val: 0.898293
client 3 fairness(SP, Y) on val: 0.942500
training accuracy (client 4) : 0.950888 
client 4 accuracy on val: 0.897572
client 4 fairness(SP, Y) on val: 0.979700
training accuracy (client 6) : 0.976378 
client 6 accuracy on val: 0.896129
client 6 fairness(SP, Y) on val: 0.989100
training accuracy (client 13) : 0.518519 
client 13 accuracy on val: 0.896850
client 13 fairness(SP, Y) on val: 0.768900
training accuracy (client 14) : 0.896552 
client 14 accuracy on val: 0.898533
client 14 fairness(SP, Y) on val: 0.651800
global model accuracy on val: 0.899014
global model fairness(SP, Y) on val: 0.942000
global model accuracy on test: 0.896610
global model fairness(SP, Y) on test: 0.924500
------------ run = 6; t = 17; F_Global = 0.942, Privileged = Y ------------
training accuracy (client 1) : 0.851266 
client 1 accuracy on val: 0.882183
client 1 fairness(SP, Y) on val: 1.044200
training accuracy (client 3) : 0.859611 
client 3 accuracy on val: 0.898774
client 3 fairness(SP, Y) on val: 0.942700
training accuracy (client 5) : 0.953605 
client 5 accuracy on val: 0.894686
client 5 fairness(SP, Y) on val: 0.998400
training accuracy (client 6) : 0.976378 
client 6 accuracy on val: 0.896129
client 6 fairness(SP, Y) on val: 0.989100
training accuracy (client 16) : 0.518519 
client 16 accuracy on val: 0.897572
client 16 fairness(SP, Y) on val: 0.773400
global model accuracy on val: 0.898533
global model fairness(SP, Y) on val: 0.957600
global model accuracy on test: 0.896129
global model fairness(SP, Y) on test: 0.938400
------------ run = 6; t = 18; F_Global = 0.9576, Privileged = Y ------------
training accuracy (client 2) : 0.957101 
client 2 accuracy on val: 0.898774
client 2 fairness(SP, Y) on val: 0.961200
training accuracy (client 6) : 0.976378 
client 6 accuracy on val: 0.895888
client 6 fairness(SP, Y) on val: 0.990600
training accuracy (client 8) : 0.930609 
client 8 accuracy on val: 0.874008
client 8 fairness(SP, Y) on val: 0.407900
training accuracy (client 10) : 0.913376 
client 10 accuracy on val: 0.895648
client 10 fairness(SP, Y) on val: 0.967300
training accuracy (client 15) : 0.528846 
client 15 accuracy on val: 0.889156
client 15 fairness(SP, Y) on val: 0.740000
global model accuracy on val: 0.899014
global model fairness(SP, Y) on val: 0.948200
global model accuracy on test: 0.896610
global model fairness(SP, Y) on test: 0.930600
------------ run = 6; t = 19; F_Global = 0.9482, Privileged = Y ------------
training accuracy (client 5) : 0.953605 
client 5 accuracy on val: 0.894686
client 5 fairness(SP, Y) on val: 0.998400
training accuracy (client 8) : 0.545455 
client 8 accuracy on val: 0.888194
client 8 fairness(SP, Y) on val: 0.724000
training accuracy (client 9) : 0.912102 
client 9 accuracy on val: 0.895888
client 9 fairness(SP, Y) on val: 0.963900
training accuracy (client 10) : 0.538462 
client 10 accuracy on val: 0.892763
client 10 fairness(SP, Y) on val: 0.735000
training accuracy (client 11) : 0.538462 
client 11 accuracy on val: 0.900216
client 11 fairness(SP, Y) on val: 0.797200
global model accuracy on val: 0.899014
global model fairness(SP, Y) on val: 0.962000
global model accuracy on test: 0.895408
global model fairness(SP, Y) on test: 0.944200
------------ run = 6; t = 20; F_Global = 0.962, Privileged = Y ------------
training accuracy (client 1) : 0.854430 
client 1 accuracy on val: 0.880741
client 1 fairness(SP, Y) on val: 1.050100
training accuracy (client 7) : 0.526786 
client 7 accuracy on val: 0.887473
client 7 fairness(SP, Y) on val: 0.711500
training accuracy (client 9) : 0.562500 
client 9 accuracy on val: 0.877855
client 9 fairness(SP, Y) on val: 0.692400
training accuracy (client 13) : 0.930609 
client 13 accuracy on val: 0.874008
client 13 fairness(SP, Y) on val: 0.407900
training accuracy (client 14) : 0.519231 
client 14 accuracy on val: 0.888435
client 14 fairness(SP, Y) on val: 0.753100
global model accuracy on val: 0.898774
global model fairness(SP, Y) on val: 0.948500
global model accuracy on test: 0.896610
global model fairness(SP, Y) on test: 0.930200
------------ run = 6; t = 21; F_Global = 0.9485, Privileged = Y ------------
training accuracy (client 6) : 0.976378 
client 6 accuracy on val: 0.895648
client 6 fairness(SP, Y) on val: 0.992200
training accuracy (client 7) : 0.913376 
client 7 accuracy on val: 0.894927
client 7 fairness(SP, Y) on val: 0.979300
training accuracy (client 8) : 0.834734 
client 8 accuracy on val: 0.896129
client 8 fairness(SP, Y) on val: 0.801900
training accuracy (client 14) : 0.535714 
client 14 accuracy on val: 0.877855
client 14 fairness(SP, Y) on val: 0.732700
training accuracy (client 17) : 0.557692 
client 17 accuracy on val: 0.879057
client 17 fairness(SP, Y) on val: 0.736000
global model accuracy on val: 0.899014
global model fairness(SP, Y) on val: 0.956300
global model accuracy on test: 0.897091
global model fairness(SP, Y) on test: 0.938800
------------ run = 6; t = 22; F_Global = 0.9563, Privileged = Y ------------
training accuracy (client 2) : 0.957518 
client 2 accuracy on val: 0.899495
client 2 fairness(SP, Y) on val: 0.956500
training accuracy (client 5) : 0.952891 
client 5 accuracy on val: 0.894686
client 5 fairness(SP, Y) on val: 0.998400
training accuracy (client 11) : 0.557692 
client 11 accuracy on val: 0.881702
client 11 fairness(SP, Y) on val: 0.775800
training accuracy (client 13) : 0.575000 
client 13 accuracy on val: 0.870402
client 13 fairness(SP, Y) on val: 0.712100
training accuracy (client 17) : 0.528846 
client 17 accuracy on val: 0.880019
client 17 fairness(SP, Y) on val: 0.761900
global model accuracy on val: 0.898052
global model fairness(SP, Y) on val: 0.970100
global model accuracy on test: 0.896369
global model fairness(SP, Y) on test: 0.945300
------------ run = 6; t = 23; F_Global = 0.9701, Privileged = Y ------------
training accuracy (client 4) : 0.951266 
client 4 accuracy on val: 0.896850
client 4 fairness(SP, Y) on val: 0.981200
training accuracy (client 7) : 0.912102 
client 7 accuracy on val: 0.895167
client 7 fairness(SP, Y) on val: 0.978900
training accuracy (client 12) : 0.930609 
client 12 accuracy on val: 0.873768
client 12 fairness(SP, Y) on val: 0.411500
training accuracy (client 16) : 0.562500 
client 16 accuracy on val: 0.871844
client 16 fairness(SP, Y) on val: 0.705200
training accuracy (client 17) : 0.528846 
client 17 accuracy on val: 0.884588
client 17 fairness(SP, Y) on val: 0.755200
global model accuracy on val: 0.899014
global model fairness(SP, Y) on val: 0.957600
global model accuracy on test: 0.896369
global model fairness(SP, Y) on test: 0.937400
------------ run = 6; t = 24; F_Global = 0.9576, Privileged = Y ------------
training accuracy (client 4) : 0.951266 
client 4 accuracy on val: 0.896850
client 4 fairness(SP, Y) on val: 0.981200
training accuracy (client 5) : 0.952891 
client 5 accuracy on val: 0.894686
client 5 fairness(SP, Y) on val: 0.998400
training accuracy (client 8) : 0.896552 
client 8 accuracy on val: 0.897812
client 8 fairness(SP, Y) on val: 0.661800
training accuracy (client 11) : 0.538462 
client 11 accuracy on val: 0.898533
client 11 fairness(SP, Y) on val: 0.817000
training accuracy (client 17) : 0.538462 
client 17 accuracy on val: 0.882664
client 17 fairness(SP, Y) on val: 0.744500
global model accuracy on val: 0.898533
global model fairness(SP, Y) on val: 0.972700
global model accuracy on test: 0.895408
global model fairness(SP, Y) on test: 0.944200
------------ run = 6; t = 25; F_Global = 0.9727, Privileged = Y ------------
training accuracy (client 1) : 0.854430 
client 1 accuracy on val: 0.877374
client 1 fairness(SP, Y) on val: 1.060400
training accuracy (client 3) : 0.866091 
client 3 accuracy on val: 0.899255
client 3 fairness(SP, Y) on val: 0.954900
training accuracy (client 10) : 0.837535 
client 10 accuracy on val: 0.897331
client 10 fairness(SP, Y) on val: 0.757400
training accuracy (client 11) : 0.526786 
client 11 accuracy on val: 0.884347
client 11 fairness(SP, Y) on val: 0.700300
training accuracy (client 12) : 0.538462 
client 12 accuracy on val: 0.890839
client 12 fairness(SP, Y) on val: 0.754100
global model accuracy on val: 0.897812
global model fairness(SP, Y) on val: 0.973500
global model accuracy on test: 0.895648
global model fairness(SP, Y) on test: 0.955100
------------ run = 6; t = 26; F_Global = 0.9735, Privileged = Y ------------
training accuracy (client 7) : 0.537037 
client 7 accuracy on val: 0.881462
client 7 fairness(SP, Y) on val: 0.818700
training accuracy (client 8) : 0.575758 
client 8 accuracy on val: 0.873046
client 8 fairness(SP, Y) on val: 0.757200
training accuracy (client 12) : 0.538462 
client 12 accuracy on val: 0.891080
client 12 fairness(SP, Y) on val: 0.852200
training accuracy (client 15) : 0.845938 
client 15 accuracy on val: 0.893003
client 15 fairness(SP, Y) on val: 0.834800
training accuracy (client 17) : 0.557692 
client 17 accuracy on val: 0.878336
client 17 fairness(SP, Y) on val: 0.787900
global model accuracy on val: 0.898774
global model fairness(SP, Y) on val: 0.956700
global model accuracy on test: 0.896369
global model fairness(SP, Y) on test: 0.940300
------------ run = 6; t = 27; F_Global = 0.9567, Privileged = Y ------------
training accuracy (client 2) : 0.957101 
client 2 accuracy on val: 0.899255
client 2 fairness(SP, Y) on val: 0.958100
training accuracy (client 5) : 0.976378 
client 5 accuracy on val: 0.895408
client 5 fairness(SP, Y) on val: 0.993800
training accuracy (client 7) : 0.929838 
client 7 accuracy on val: 0.874730
client 7 fairness(SP, Y) on val: 0.420100
training accuracy (client 8) : 0.593750 
client 8 accuracy on val: 0.861265
client 8 fairness(SP, Y) on val: 0.717900
training accuracy (client 16) : 0.848740 
client 16 accuracy on val: 0.892041
client 16 fairness(SP, Y) on val: 0.829700
global model accuracy on val: 0.899014
global model fairness(SP, Y) on val: 0.948200
global model accuracy on test: 0.896610
global model fairness(SP, Y) on test: 0.932200
------------ run = 6; t = 28; F_Global = 0.9482, Privileged = Y ------------
training accuracy (client 5) : 0.976378 
client 5 accuracy on val: 0.895888
client 5 fairness(SP, Y) on val: 0.990600
training accuracy (client 8) : 0.557692 
client 8 accuracy on val: 0.876893
client 8 fairness(SP, Y) on val: 0.742900
training accuracy (client 9) : 0.870410 
client 9 accuracy on val: 0.896610
client 9 fairness(SP, Y) on val: 0.967100
training accuracy (client 11) : 0.546296 
client 11 accuracy on val: 0.885069
client 11 fairness(SP, Y) on val: 0.790800
training accuracy (client 14) : 0.557692 
client 14 accuracy on val: 0.882905
client 14 fairness(SP, Y) on val: 0.773700
global model accuracy on val: 0.899736
global model fairness(SP, Y) on val: 0.956000
global model accuracy on test: 0.896129
global model fairness(SP, Y) on test: 0.938200
------------ run = 6; t = 29; F_Global = 0.956, Privileged = Y ------------
training accuracy (client 5) : 0.976378 
client 5 accuracy on val: 0.895648
client 5 fairness(SP, Y) on val: 0.992200
training accuracy (client 6) : 0.913376 
client 6 accuracy on val: 0.896129
client 6 fairness(SP, Y) on val: 0.982000
training accuracy (client 11) : 0.538462 
client 11 accuracy on val: 0.893003
client 11 fairness(SP, Y) on val: 0.827800
training accuracy (client 16) : 0.537037 
client 16 accuracy on val: 0.884588
client 16 fairness(SP, Y) on val: 0.800500
training accuracy (client 17) : 0.557692 
client 17 accuracy on val: 0.880260
client 17 fairness(SP, Y) on val: 0.773400
global model accuracy on val: 0.897812
global model fairness(SP, Y) on val: 0.968600
global model accuracy on test: 0.896610
global model fairness(SP, Y) on test: 0.948600
------------ run = 6; t = 30; F_Global = 0.9686, Privileged = Y ------------
training accuracy (client 5) : 0.976378 
client 5 accuracy on val: 0.895648
client 5 fairness(SP, Y) on val: 0.992200
training accuracy (client 8) : 0.872570 
client 8 accuracy on val: 0.896610
client 8 fairness(SP, Y) on val: 0.970700
training accuracy (client 9) : 0.535714 
client 9 accuracy on val: 0.877855
client 9 fairness(SP, Y) on val: 0.728200
training accuracy (client 12) : 0.587500 
client 12 accuracy on val: 0.867516
client 12 fairness(SP, Y) on val: 0.706300
training accuracy (client 17) : 0.548077 
client 17 accuracy on val: 0.881943
client 17 fairness(SP, Y) on val: 0.771700
global model accuracy on val: 0.898052
global model fairness(SP, Y) on val: 0.970100
global model accuracy on test: 0.896129
global model fairness(SP, Y) on test: 0.951600
------------ run = 6; t = 31; F_Global = 0.9701, Privileged = Y ------------
training accuracy (client 1) : 0.861551 
client 1 accuracy on val: 0.875451
client 1 fairness(SP, Y) on val: 1.071900
training accuracy (client 8) : 0.872570 
client 8 accuracy on val: 0.895648
client 8 fairness(SP, Y) on val: 0.978100
training accuracy (client 11) : 0.848740 
client 11 accuracy on val: 0.892522
client 11 fairness(SP, Y) on val: 0.781000
training accuracy (client 15) : 0.535714 
client 15 accuracy on val: 0.877855
client 15 fairness(SP, Y) on val: 0.728100
training accuracy (client 16) : 0.587500 
client 16 accuracy on val: 0.866795
client 16 fairness(SP, Y) on val: 0.709400
global model accuracy on val: 0.897812
global model fairness(SP, Y) on val: 0.976900
global model accuracy on test: 0.895888
global model fairness(SP, Y) on test: 0.961300
------------ run = 6; t = 32; F_Global = 0.9769, Privileged = Y ------------
training accuracy (client 1) : 0.863924 
client 1 accuracy on val: 0.874730
client 1 fairness(SP, Y) on val: 1.074900
training accuracy (client 7) : 0.891626 
client 7 accuracy on val: 0.895167
client 7 fairness(SP, Y) on val: 0.713400
training accuracy (client 9) : 0.590909 
client 9 accuracy on val: 0.869199
client 9 fairness(SP, Y) on val: 0.794000
training accuracy (client 13) : 0.546296 
client 13 accuracy on val: 0.875210
client 13 fairness(SP, Y) on val: 0.857000
training accuracy (client 17) : 0.593750 
client 17 accuracy on val: 0.857177
client 17 fairness(SP, Y) on val: 0.745100
global model accuracy on val: 0.893724
global model fairness(SP, Y) on val: 0.998300
global model accuracy on test: 0.895408
global model fairness(SP, Y) on test: 0.983000
------------ run = 6; t = 33; F_Global = 0.9983, Privileged = Y ------------
training accuracy (client 2) : 0.957518 
client 2 accuracy on val: 0.898533
client 2 fairness(SP, Y) on val: 0.962800
training accuracy (client 8) : 0.929838 
client 8 accuracy on val: 0.875932
client 8 fairness(SP, Y) on val: 0.442800
training accuracy (client 10) : 0.548077 
client 10 accuracy on val: 0.875932
client 10 fairness(SP, Y) on val: 0.934200
training accuracy (client 12) : 0.854342 
client 12 accuracy on val: 0.883866
client 12 fairness(SP, Y) on val: 0.886800
training accuracy (client 13) : 0.526786 
client 13 accuracy on val: 0.855735
client 13 fairness(SP, Y) on val: 0.815300
global model accuracy on val: 0.895648
global model fairness(SP, Y) on val: 0.987200
global model accuracy on test: 0.895888
global model fairness(SP, Y) on test: 0.967700
------------ run = 6; t = 34; F_Global = 0.9872, Privileged = Y ------------
training accuracy (client 1) : 0.866297 
client 1 accuracy on val: 0.873287
client 1 fairness(SP, Y) on val: 1.080900
training accuracy (client 9) : 0.886699 
client 9 accuracy on val: 0.892282
client 9 fairness(SP, Y) on val: 0.733300
training accuracy (client 13) : 0.647059 
client 13 accuracy on val: 0.836980
client 13 fairness(SP, Y) on val: 0.759300
training accuracy (client 15) : 0.929838 
client 15 accuracy on val: 0.875210
client 15 fairness(SP, Y) on val: 0.435500
training accuracy (client 17) : 0.848740 
client 17 accuracy on val: 0.882905
client 17 fairness(SP, Y) on val: 0.853500
global model accuracy on val: 0.891801
global model fairness(SP, N) on val: 0.993800
global model accuracy on test: 0.894205
global model fairness(SP, Y) on test: 0.981800
------------ run = 6; t = 35; F_Global = 0.9938, Privileged = N ------------
training accuracy (client 2) : 0.950888 
client 2 accuracy on val: 0.896369
client 2 fairness(SP, N) on val: 1.012700
training accuracy (client 4) : 0.974803 
client 4 accuracy on val: 0.894446
client 4 fairness(SP, N) on val: 1.000000
training accuracy (client 5) : 0.919745 
client 5 accuracy on val: 0.893965
client 5 fairness(SP, N) on val: 0.987500
training accuracy (client 11) : 0.643750 
client 11 accuracy on val: 0.844674
client 11 fairness(SP, N) on val: 1.246200
training accuracy (client 12) : 0.997269 
client 12 accuracy on val: 0.894446
client 12 fairness(SP, N) on val: 1.000000
training accuracy (client 13) : 0.538462 
client 13 accuracy on val: 0.868718
client 13 fairness(SP, N) on val: 1.101400
global model accuracy on val: 0.896610
global model fairness(SP, Y) on val: 0.996400
global model accuracy on test: 0.895167
global model fairness(SP, Y) on test: 0.982400
------------ run = 6; t = 36; F_Global = 0.9964, Privileged = Y ------------
training accuracy (client 1) : 0.868671 
client 1 accuracy on val: 0.872085
client 1 fairness(SP, Y) on val: 1.086000
training accuracy (client 4) : 0.974803 
client 4 accuracy on val: 0.894446
client 4 fairness(SP, Y) on val: 1.000000
training accuracy (client 9) : 0.555556 
client 9 accuracy on val: 0.868478
client 9 fairness(SP, Y) on val: 0.894400
training accuracy (client 11) : 0.997269 
client 11 accuracy on val: 0.894446
client 11 fairness(SP, Y) on val: 1.000000
training accuracy (client 15) : 0.560000 
client 15 accuracy on val: 0.869199
client 15 fairness(SP, Y) on val: 0.837300
training accuracy (client 16) : 0.567308 
client 16 accuracy on val: 0.866074
client 16 fairness(SP, Y) on val: 0.841800
global model accuracy on val: 0.895167
global model fairness(SP, Y) on val: 0.999300
global model accuracy on test: 0.892763
global model fairness(SP, Y) on test: 0.996900
------------ run = 6; t = 37; F_Global = 0.9993, Privileged = Y ------------
training accuracy (client 2) : 0.951266 
client 2 accuracy on val: 0.896369
client 2 fairness(SP, Y) on val: 0.987500
training accuracy (client 11) : 0.519231 
client 11 accuracy on val: 0.884107
client 11 fairness(SP, Y) on val: 0.975300
training accuracy (client 13) : 0.884236 
client 13 accuracy on val: 0.893244
client 13 fairness(SP, Y) on val: 0.743300
training accuracy (client 14) : 0.929067 
client 14 accuracy on val: 0.875451
client 14 fairness(SP, Y) on val: 0.434600
training accuracy (client 18) : 0.550000 
client 18 accuracy on val: 0.874008
client 18 fairness(SP, Y) on val: 0.873500
training accuracy (client 19) : 0.567308 
client 19 accuracy on val: 0.873046
client 19 fairness(SP, Y) on val: 0.898100
global model accuracy on val: 0.896369
global model fairness(SP, Y) on val: 0.994000
global model accuracy on test: 0.893244
global model fairness(SP, Y) on test: 0.993800
------------ run = 6; t = 38; F_Global = 0.994, Privileged = Y ------------
training accuracy (client 3) : 0.974803 
client 3 accuracy on val: 0.894446
client 3 fairness(SP, Y) on val: 1.000000
training accuracy (client 5) : 0.586538 
client 5 accuracy on val: 0.870161
client 5 fairness(SP, Y) on val: 0.829100
training accuracy (client 6) : 0.567308 
client 6 accuracy on val: 0.875210
client 6 fairness(SP, Y) on val: 0.874500
training accuracy (client 12) : 0.918471 
client 12 accuracy on val: 0.894686
client 12 fairness(SP, Y) on val: 1.003900
training accuracy (client 14) : 0.568750 
client 14 accuracy on val: 0.868238
client 14 fairness(SP, Y) on val: 0.872400
training accuracy (client 16) : 0.538462 
client 16 accuracy on val: 0.885549
client 16 fairness(SP, Y) on val: 0.922300
global model accuracy on val: 0.896369
global model fairness(SP, Y) on val: 0.992300
global model accuracy on test: 0.892522
global model fairness(SP, Y) on test: 0.993700
------------ run = 6; t = 39; F_Global = 0.9923, Privileged = Y ------------
training accuracy (client 2) : 0.953605 
client 2 accuracy on val: 0.894686
client 2 fairness(SP, Y) on val: 0.998400
training accuracy (client 3) : 0.974803 
client 3 accuracy on val: 0.894446
client 3 fairness(SP, Y) on val: 1.000000
training accuracy (client 4) : 0.876890 
client 4 accuracy on val: 0.892763
client 4 fairness(SP, Y) on val: 1.018300
training accuracy (client 7) : 0.997269 
client 7 accuracy on val: 0.894446
client 7 fairness(SP, Y) on val: 1.000000
training accuracy (client 18) : 0.567308 
client 18 accuracy on val: 0.876893
client 18 fairness(SP, Y) on val: 0.869800
training accuracy (client 20) : 0.528846 
client 20 accuracy on val: 0.886030
client 20 fairness(SP, Y) on val: 0.932400
global model accuracy on val: 0.894927
global model fairness(SP, N) on val: 0.999400
global model accuracy on test: 0.892041
global model fairness(SP, Y) on test: 0.996300
------------ run = 6; t = 40; F_Global = 0.9994, Privileged = N ------------
training accuracy (client 6) : 0.568750 
client 6 accuracy on val: 0.867757
client 6 fairness(SP, N) on val: 1.251400
training accuracy (client 7) : 0.997269 
client 7 accuracy on val: 0.894446
client 7 fairness(SP, N) on val: 1.000000
training accuracy (client 11) : 0.518519 
client 11 accuracy on val: 0.886511
client 11 fairness(SP, N) on val: 1.083900
training accuracy (client 14) : 0.929838 
client 14 accuracy on val: 0.874489
client 14 fairness(SP, N) on val: 2.356000
training accuracy (client 16) : 0.548077 
client 16 accuracy on val: 0.878577
client 16 fairness(SP, N) on val: 1.136200
training accuracy (client 17) : 0.548077 
client 17 accuracy on val: 0.878817
client 17 fairness(SP, N) on val: 1.163000
global model accuracy on val: 0.897812
global model fairness(SP, Y) on val: 0.976700
global model accuracy on test: 0.895888
global model fairness(SP, Y) on test: 0.963400
------------ run = 6; t = 41; F_Global = 0.9767, Privileged = Y ------------
training accuracy (client 9) : 0.848740 
client 9 accuracy on val: 0.893484
client 9 fairness(SP, Y) on val: 0.824000
training accuracy (client 10) : 0.914650 
client 10 accuracy on val: 0.896129
client 10 fairness(SP, Y) on val: 0.990600
training accuracy (client 14) : 0.932151 
client 14 accuracy on val: 0.874249
client 14 fairness(SP, Y) on val: 0.414400
training accuracy (client 15) : 0.570000 
client 15 accuracy on val: 0.871123
client 15 fairness(SP, Y) on val: 0.731400
training accuracy (client 17) : 0.596154 
client 17 accuracy on val: 0.874249
client 17 fairness(SP, Y) on val: 0.765900
training accuracy (client 18) : 0.575000 
client 18 accuracy on val: 0.870882
client 18 fairness(SP, Y) on val: 0.779300
global model accuracy on val: 0.897331
global model fairness(SP, Y) on val: 0.970400
global model accuracy on test: 0.896129
global model fairness(SP, Y) on test: 0.949600
------------ run = 6; t = 42; F_Global = 0.9704, Privileged = Y ------------
training accuracy (client 7) : 0.997269 
client 7 accuracy on val: 0.894446
client 7 fairness(SP, Y) on val: 1.000000
training accuracy (client 9) : 0.919745 
client 9 accuracy on val: 0.895408
client 9 fairness(SP, Y) on val: 0.991900
training accuracy (client 10) : 0.555556 
client 10 accuracy on val: 0.874249
client 10 fairness(SP, Y) on val: 0.824900
training accuracy (client 11) : 0.980298 
client 11 accuracy on val: 0.894446
client 11 fairness(SP, Y) on val: 1.000000
training accuracy (client 12) : 0.894089 
client 12 accuracy on val: 0.893484
client 12 fairness(SP, Y) on val: 0.683800
training accuracy (client 14) : 0.586538 
client 14 accuracy on val: 0.873768
client 14 fairness(SP, Y) on val: 0.776800
global model accuracy on val: 0.895167
global model fairness(SP, Y) on val: 0.997200
global model accuracy on test: 0.891560
global model fairness(SP, Y) on test: 0.995700
------------ run = 6; t = 43; F_Global = 0.9972, Privileged = Y ------------
training accuracy (client 6) : 0.581250 
client 6 accuracy on val: 0.867997
client 6 fairness(SP, Y) on val: 0.757200
training accuracy (client 11) : 0.557692 
client 11 accuracy on val: 0.881702
client 11 fairness(SP, Y) on val: 0.828300
training accuracy (client 13) : 0.851541 
client 13 accuracy on val: 0.893003
client 13 fairness(SP, Y) on val: 0.831200
training accuracy (client 14) : 0.931380 
client 14 accuracy on val: 0.874008
client 14 fairness(SP, Y) on val: 0.415000
training accuracy (client 18) : 0.527778 
client 18 accuracy on val: 0.887713
client 18 fairness(SP, Y) on val: 0.873200
training accuracy (client 19) : 0.894089 
client 19 accuracy on val: 0.896129
client 19 fairness(SP, Y) on val: 0.690900
global model accuracy on val: 0.897091
global model fairness(SP, Y) on val: 0.988300
global model accuracy on test: 0.893724
global model fairness(SP, Y) on test: 0.985700
------------ run = 6; t = 44; F_Global = 0.9883, Privileged = Y ------------
training accuracy (client 2) : 0.952891 
client 2 accuracy on val: 0.894927
client 2 fairness(SP, Y) on val: 0.996900
training accuracy (client 6) : 0.997269 
client 6 accuracy on val: 0.894446
client 6 fairness(SP, Y) on val: 1.000000
training accuracy (client 13) : 0.562500 
client 13 accuracy on val: 0.876172
client 13 fairness(SP, Y) on val: 0.786700
training accuracy (client 15) : 0.593750 
client 15 accuracy on val: 0.864631
client 15 fairness(SP, Y) on val: 0.732300
training accuracy (client 18) : 0.931380 
client 18 accuracy on val: 0.874249
client 18 fairness(SP, Y) on val: 0.413600
training accuracy (client 19) : 0.537037 
client 19 accuracy on val: 0.882183
client 19 fairness(SP, Y) on val: 0.824900
global model accuracy on val: 0.894446
global model fairness(SP, Y) on val: 0.000000
global model accuracy on test: 0.890599
global model fairness(SP, Y) on test: 0.000000
------------ run = 6; t = 45; F_Global = 0, Privileged = Y ------------
training accuracy (client 5) : 0.537879 
client 5 accuracy on val: 0.886752
client 5 fairness(SP, Y) on val: 0.774700
training accuracy (client 9) : 0.980298 
client 9 accuracy on val: 0.894446
client 9 fairness(SP, Y) on val: 1.000000
training accuracy (client 11) : 0.510000 
client 11 accuracy on val: 0.893484
client 11 fairness(SP, Y) on val: 0.805100
training accuracy (client 13) : 0.538462 
client 13 accuracy on val: 0.892041
client 13 fairness(SP, Y) on val: 0.831300
training accuracy (client 17) : 0.518750 
client 17 accuracy on val: 0.888194
client 17 fairness(SP, Y) on val: 0.824100
training accuracy (client 18) : 0.537500 
client 18 accuracy on val: 0.874730
client 18 fairness(SP, Y) on val: 0.744900
global model accuracy on val: 0.897572
global model fairness(SP, Y) on val: 0.982600
global model accuracy on test: 0.895408
global model fairness(SP, Y) on test: 0.971900
------------ run = 6; t = 46; F_Global = 0.9826, Privileged = Y ------------
training accuracy (client 3) : 0.974803 
client 3 accuracy on val: 0.895408
client 3 fairness(SP, Y) on val: 0.993800
training accuracy (client 6) : 0.997269 
client 6 accuracy on val: 0.894446
client 6 fairness(SP, Y) on val: 1.000000
training accuracy (client 7) : 0.553571 
client 7 accuracy on val: 0.870402
client 7 fairness(SP, Y) on val: 0.730900
training accuracy (client 9) : 0.980298 
client 9 accuracy on val: 0.894446
client 9 fairness(SP, Y) on val: 1.000000
training accuracy (client 12) : 0.596154 
client 12 accuracy on val: 0.873768
client 12 fairness(SP, Y) on val: 0.754100
training accuracy (client 17) : 0.562500 
client 17 accuracy on val: 0.871604
client 17 fairness(SP, Y) on val: 0.773500
global model accuracy on val: 0.894446
global model fairness(SP, Y) on val: 0.000000
global model accuracy on test: 0.890599
global model fairness(SP, Y) on test: 0.000000
------------ run = 6; t = 47; F_Global = 0, Privileged = Y ------------
training accuracy (client 8) : 0.980298 
client 8 accuracy on val: 0.894446
client 8 fairness(SP, Y) on val: 1.000000
training accuracy (client 12) : 0.538462 
client 12 accuracy on val: 0.893965
client 12 fairness(SP, Y) on val: 0.843500
training accuracy (client 15) : 0.543750 
client 15 accuracy on val: 0.875691
client 15 fairness(SP, Y) on val: 0.744600
training accuracy (client 16) : 0.931380 
client 16 accuracy on val: 0.872806
client 16 fairness(SP, Y) on val: 0.409400
training accuracy (client 17) : 0.518519 
client 17 accuracy on val: 0.896850
client 17 fairness(SP, Y) on val: 0.848800
training accuracy (client 18) : 0.500000 
client 18 accuracy on val: 0.888916
client 18 fairness(SP, Y) on val: 0.792200
global model accuracy on val: 0.898533
global model fairness(SP, Y) on val: 0.946200
global model accuracy on test: 0.897331
global model fairness(SP, Y) on test: 0.937100
------------ run = 6; t = 48; F_Global = 0.9462, Privileged = Y ------------
training accuracy (client 14) : 0.903941 
client 14 accuracy on val: 0.894686
client 14 fairness(SP, Y) on val: 0.641100
training accuracy (client 16) : 0.930609 
client 16 accuracy on val: 0.873046
client 16 fairness(SP, Y) on val: 0.408100
training accuracy (client 17) : 0.527778 
client 17 accuracy on val: 0.877615
client 17 fairness(SP, Y) on val: 0.761100
training accuracy (client 18) : 0.562500 
client 18 accuracy on val: 0.864390
client 18 fairness(SP, Y) on val: 0.673000
training accuracy (client 19) : 0.605769 
client 19 accuracy on val: 0.868959
client 19 fairness(SP, Y) on val: 0.697100
training accuracy (client 20) : 0.568750 
client 20 accuracy on val: 0.867997
client 20 fairness(SP, Y) on val: 0.730200
global model accuracy on val: 0.902140
global model fairness(SP, Y) on val: 0.912700
global model accuracy on test: 0.899976
global model fairness(SP, Y) on test: 0.893800
------------ run = 6; t = 49; F_Global = 0.9127, Privileged = Y ------------
training accuracy (client 2) : 0.952891 
client 2 accuracy on val: 0.894927
client 2 fairness(SP, Y) on val: 0.996900
training accuracy (client 3) : 0.976378 
client 3 accuracy on val: 0.896850
client 3 fairness(SP, Y) on val: 0.984400
training accuracy (client 5) : 0.583333 
client 5 accuracy on val: 0.865352
client 5 fairness(SP, Y) on val: 0.675200
training accuracy (client 11) : 0.586538 
client 11 accuracy on val: 0.870402
client 11 fairness(SP, Y) on val: 0.699700
training accuracy (client 17) : 0.564815 
client 17 accuracy on val: 0.876413
client 17 fairness(SP, Y) on val: 0.730700
training accuracy (client 20) : 0.568750 
client 20 accuracy on val: 0.864150
client 20 fairness(SP, Y) on val: 0.690400
global model accuracy on val: 0.896850
global model fairness(SP, Y) on val: 0.984400
global model accuracy on test: 0.893484
global model fairness(SP, Y) on test: 0.978800
------------ run = 6; t = 50; F_Global = 0.9844, Privileged = Y ------------
training accuracy (client 5) : 0.997269 
client 5 accuracy on val: 0.894446
client 5 fairness(SP, Y) on val: 1.000000
training accuracy (client 6) : 0.910828 
client 6 accuracy on val: 0.897572
client 6 fairness(SP, Y) on val: 0.976500
training accuracy (client 11) : 0.843137 
client 11 accuracy on val: 0.890839
client 11 fairness(SP, Y) on val: 0.740600
training accuracy (client 12) : 0.593750 
client 12 accuracy on val: 0.862467
client 12 fairness(SP, Y) on val: 0.657300
training accuracy (client 18) : 0.557692 
client 18 accuracy on val: 0.883385
client 18 fairness(SP, Y) on val: 0.725200
training accuracy (client 20) : 0.562500 
client 20 accuracy on val: 0.876653
client 20 fairness(SP, Y) on val: 0.724200
global model accuracy on val: 0.894446
global model fairness(SP, Y) on val: 0.000000
global model accuracy on test: 0.890599
global model fairness(SP, Y) on test: 0.000000
----------------Done (FLAlgMain)----------------
