Alg.: FairFate; Client dataset: today_20230529\dataset_EQO_run_4; client Count: 10
----------------(start loading 10 client datasets from today_20230529\dataset_EQO_run_4)----------------
----------------(successfully loading 10 client datasets and server testing data from today_20230529\dataset_EQO_run_4)----------------
----------------Execute (FLAlgMain)----------------
----------------(start running algorithm)----------------
global model accuracy on val: 0.584275
global model fairness(EQO, Y) on val: 0.257800
------------ run = 5; t = 1; F_Global = 0.2578, Privileged = Y ------------
training accuracy (client 4) : 0.799069 
client 4 accuracy on val: 0.821592
client 4 fairness(EQO, Y) on val: 0.346000
training accuracy (client 8) : 0.940629 
client 8 accuracy on val: 0.897572
client 8 fairness(EQO, Y) on val: 1.013500
training accuracy (client 10) : 0.879736 
client 10 accuracy on val: 0.865112
client 10 fairness(EQO, Y) on val: 0.392100
global model accuracy on val: 0.773503
global model fairness(EQO, Y) on val: 0.383500
global model accuracy on test: 0.773263
global model fairness(EQO, Y) on test: 0.394500
------------ run = 5; t = 2; F_Global = 0.3835, Privileged = Y ------------
training accuracy (client 7) : 0.860215 
client 7 accuracy on val: 0.894686
client 7 fairness(EQO, Y) on val: 0.972000
training accuracy (client 8) : 0.945285 
client 8 accuracy on val: 0.899495
client 8 fairness(EQO, Y) on val: 1.000200
training accuracy (client 9) : 0.794552 
client 9 accuracy on val: 0.829045
client 9 fairness(EQO, Y) on val: 0.427700
global model accuracy on val: 0.863188
global model fairness(EQO, Y) on val: 0.782200
global model accuracy on test: 0.859341
global model fairness(EQO, Y) on test: 0.801300
------------ run = 5; t = 3; F_Global = 0.7822, Privileged = Y ------------
training accuracy (client 5) : 0.908096 
client 5 accuracy on val: 0.899976
client 5 fairness(EQO, Y) on val: 0.995100
training accuracy (client 6) : 0.916855 
client 6 accuracy on val: 0.904785
client 6 fairness(EQO, Y) on val: 0.870300
training accuracy (client 10) : 0.887974 
client 10 accuracy on val: 0.896369
client 10 fairness(EQO, Y) on val: 0.543300
global model accuracy on val: 0.904785
global model fairness(EQO, Y) on val: 0.789900
global model accuracy on test: 0.889637
global model fairness(EQO, Y) on test: 0.830600
------------ run = 5; t = 4; F_Global = 0.7899, Privileged = Y ------------
training accuracy (client 3) : 0.962769 
client 3 accuracy on val: 0.899736
client 3 fairness(EQO, Y) on val: 1.000000
training accuracy (client 5) : 0.909190 
client 5 accuracy on val: 0.901419
client 5 fairness(EQO, Y) on val: 0.959400
training accuracy (client 8) : 0.946449 
client 8 accuracy on val: 0.899736
client 8 fairness(EQO, Y) on val: 1.000000
global model accuracy on val: 0.899736
global model fairness(EQO, Y) on val: 0.997100
global model accuracy on test: 0.885069
global model fairness(EQO, Y) on test: 0.997500
------------ run = 5; t = 5; F_Global = 0.9971, Privileged = Y ------------
training accuracy (client 2) : 0.855974 
client 2 accuracy on val: 0.903583
client 2 fairness(EQO, Y) on val: 0.931800
training accuracy (client 5) : 0.909190 
client 5 accuracy on val: 0.899495
client 5 fairness(EQO, Y) on val: 0.991100
training accuracy (client 9) : 0.811578 
client 9 accuracy on val: 0.886992
client 9 fairness(EQO, Y) on val: 0.538400
global model accuracy on val: 0.901178
global model fairness(EQO, Y) on val: 0.985100
global model accuracy on test: 0.886030
global model fairness(EQO, Y) on test: 0.983900
------------ run = 5; t = 6; F_Global = 0.9851, Privileged = Y ------------
training accuracy (client 5) : 0.908096 
client 5 accuracy on val: 0.901419
client 5 fairness(EQO, Y) on val: 0.955400
training accuracy (client 7) : 0.854839 
client 7 accuracy on val: 0.906468
client 7 fairness(EQO, Y) on val: 0.847200
training accuracy (client 9) : 0.817253 
client 9 accuracy on val: 0.884347
client 9 fairness(EQO, Y) on val: 0.544200
global model accuracy on val: 0.904063
global model fairness(EQO, Y) on val: 0.902200
global model accuracy on test: 0.886992
global model fairness(EQO, Y) on test: 0.926500
------------ run = 5; t = 7; F_Global = 0.9022, Privileged = Y ------------
training accuracy (client 4) : 0.819240 
client 4 accuracy on val: 0.880500
client 4 fairness(EQO, Y) on val: 0.478000
training accuracy (client 9) : 0.812713 
client 9 accuracy on val: 0.881943
client 9 fairness(EQO, Y) on val: 0.551300
training accuracy (client 10) : 0.892916 
client 10 accuracy on val: 0.900216
client 10 fairness(EQO, Y) on val: 0.541800
global model accuracy on val: 0.906468
global model fairness(EQO, Y) on val: 0.687800
global model accuracy on test: 0.890599
global model fairness(EQO, Y) on test: 0.721300
------------ run = 5; t = 8; F_Global = 0.6878, Privileged = Y ------------
training accuracy (client 1) : 0.954310 
client 1 accuracy on val: 0.899976
client 1 fairness(EQO, Y) on val: 0.989100
training accuracy (client 2) : 0.859247 
client 2 accuracy on val: 0.907911
client 2 fairness(EQO, Y) on val: 0.734500
training accuracy (client 9) : 0.817253 
client 9 accuracy on val: 0.880981
client 9 fairness(EQO, Y) on val: 0.536000
global model accuracy on val: 0.909113
global model fairness(EQO, Y) on val: 0.720900
global model accuracy on test: 0.891560
global model fairness(EQO, Y) on test: 0.747800
------------ run = 5; t = 9; F_Global = 0.7209, Privileged = Y ------------
training accuracy (client 2) : 0.854337 
client 2 accuracy on val: 0.909113
client 2 fairness(EQO, Y) on val: 0.715400
training accuracy (client 7) : 0.860215 
client 7 accuracy on val: 0.907911
client 7 fairness(EQO, Y) on val: 0.747300
training accuracy (client 8) : 0.946449 
client 8 accuracy on val: 0.899736
client 8 fairness(EQO, Y) on val: 1.000000
global model accuracy on val: 0.905747
global model fairness(EQO, Y) on val: 0.858800
global model accuracy on test: 0.888435
global model fairness(EQO, Y) on test: 0.903900
------------ run = 5; t = 10; F_Global = 0.8588, Privileged = Y ------------
training accuracy (client 1) : 0.952586 
client 1 accuracy on val: 0.899976
client 1 fairness(EQO, Y) on val: 0.989100
training accuracy (client 2) : 0.860884 
client 2 accuracy on val: 0.908872
client 2 fairness(EQO, Y) on val: 0.760600
training accuracy (client 8) : 0.946449 
client 8 accuracy on val: 0.899736
client 8 fairness(EQO, Y) on val: 1.000000
global model accuracy on val: 0.901178
global model fairness(EQO, Y) on val: 0.975200
global model accuracy on test: 0.884828
global model fairness(EQO, Y) on test: 0.989800
------------ run = 5; t = 11; F_Global = 0.9752, Privileged = Y ------------
training accuracy (client 4) : 0.817688 
client 4 accuracy on val: 0.882905
client 4 fairness(EQO, Y) on val: 0.513500
training accuracy (client 5) : 0.915755 
client 5 accuracy on val: 0.905025
client 5 fairness(EQO, Y) on val: 0.871200
training accuracy (client 7) : 0.861290 
client 7 accuracy on val: 0.907670
client 7 fairness(EQO, Y) on val: 0.755700
global model accuracy on val: 0.905266
global model fairness(EQO, Y) on val: 0.898000
global model accuracy on test: 0.888435
global model fairness(EQO, Y) on test: 0.924100
------------ run = 5; t = 12; F_Global = 0.898, Privileged = Y ------------
training accuracy (client 3) : 0.962769 
client 3 accuracy on val: 0.899736
client 3 fairness(EQO, Y) on val: 1.000000
training accuracy (client 4) : 0.817688 
client 4 accuracy on val: 0.882183
client 4 fairness(EQO, Y) on val: 0.511400
training accuracy (client 10) : 0.893740 
client 10 accuracy on val: 0.903102
client 10 fairness(EQO, Y) on val: 0.551500
global model accuracy on val: 0.904785
global model fairness(EQO, Y) on val: 0.911200
global model accuracy on test: 0.888194
global model fairness(EQO, Y) on test: 0.933000
------------ run = 5; t = 13; F_Global = 0.9112, Privileged = Y ------------
training accuracy (client 4) : 0.819240 
client 4 accuracy on val: 0.882424
client 4 fairness(EQO, Y) on val: 0.512400
training accuracy (client 9) : 0.820658 
client 9 accuracy on val: 0.886752
client 9 fairness(EQO, Y) on val: 0.572000
training accuracy (client 10) : 0.897035 
client 10 accuracy on val: 0.901900
client 10 fairness(EQO, Y) on val: 0.547100
global model accuracy on val: 0.909834
global model fairness(EQO, Y) on val: 0.782500
global model accuracy on test: 0.892041
global model fairness(EQO, Y) on test: 0.835700
------------ run = 5; t = 14; F_Global = 0.7825, Privileged = Y ------------
training accuracy (client 1) : 0.956897 
client 1 accuracy on val: 0.901419
client 1 fairness(EQO, Y) on val: 0.967300
training accuracy (client 6) : 0.933031 
client 6 accuracy on val: 0.905747
client 6 fairness(EQO, Y) on val: 0.636900
training accuracy (client 8) : 0.946449 
client 8 accuracy on val: 0.899736
client 8 fairness(EQO, Y) on val: 1.000000
global model accuracy on val: 0.906468
global model fairness(EQO, Y) on val: 0.846500
global model accuracy on test: 0.890358
global model fairness(EQO, Y) on test: 0.883300
------------ run = 5; t = 15; F_Global = 0.8465, Privileged = Y ------------
training accuracy (client 3) : 0.962769 
client 3 accuracy on val: 0.899736
client 3 fairness(EQO, Y) on val: 1.000000
training accuracy (client 7) : 0.859140 
client 7 accuracy on val: 0.907189
client 7 fairness(EQO, Y) on val: 0.722900
training accuracy (client 8) : 0.946449 
client 8 accuracy on val: 0.899736
client 8 fairness(EQO, Y) on val: 1.000000
global model accuracy on val: 0.901900
global model fairness(EQO, Y) on val: 0.949500
global model accuracy on test: 0.885790
global model fairness(EQO, Y) on test: 0.962600
------------ run = 5; t = 16; F_Global = 0.9495, Privileged = Y ------------
training accuracy (client 2) : 0.860884 
client 2 accuracy on val: 0.909834
client 2 fairness(EQO, Y) on val: 0.754100
training accuracy (client 3) : 0.962769 
client 3 accuracy on val: 0.899736
client 3 fairness(EQO, Y) on val: 1.000000
training accuracy (client 10) : 0.896211 
client 10 accuracy on val: 0.901900
client 10 fairness(EQO, Y) on val: 0.546800
global model accuracy on val: 0.901178
global model fairness(EQO, Y) on val: 0.966300
global model accuracy on test: 0.885069
global model fairness(EQO, Y) on test: 0.985300
------------ run = 5; t = 17; F_Global = 0.9663, Privileged = Y ------------
training accuracy (client 3) : 0.962769 
client 3 accuracy on val: 0.899736
client 3 fairness(EQO, Y) on val: 1.000000
training accuracy (client 7) : 0.858065 
client 7 accuracy on val: 0.906708
client 7 fairness(EQO, Y) on val: 0.742800
training accuracy (client 9) : 0.819523 
client 9 accuracy on val: 0.887232
client 9 fairness(EQO, Y) on val: 0.579400
global model accuracy on val: 0.901419
global model fairness(EQO, Y) on val: 0.967300
global model accuracy on test: 0.884828
global model fairness(EQO, Y) on test: 0.987900
------------ run = 5; t = 18; F_Global = 0.9673, Privileged = Y ------------
training accuracy (client 6) : 0.933678 
client 6 accuracy on val: 0.906708
client 6 fairness(EQO, Y) on val: 0.612900
training accuracy (client 7) : 0.858065 
client 7 accuracy on val: 0.906468
client 7 fairness(EQO, Y) on val: 0.732800
training accuracy (client 8) : 0.946449 
client 8 accuracy on val: 0.899736
client 8 fairness(EQO, Y) on val: 1.000000
global model accuracy on val: 0.900938
global model fairness(EQO, Y) on val: 0.977200
global model accuracy on test: 0.885309
global model fairness(EQO, Y) on test: 0.990000
------------ run = 5; t = 19; F_Global = 0.9772, Privileged = Y ------------
training accuracy (client 2) : 0.857610 
client 2 accuracy on val: 0.908872
client 2 fairness(EQO, Y) on val: 0.725600
training accuracy (client 4) : 0.820791 
client 4 accuracy on val: 0.885309
client 4 fairness(EQO, Y) on val: 0.527000
training accuracy (client 6) : 0.934649 
client 6 accuracy on val: 0.906468
client 6 fairness(EQO, Y) on val: 0.619900
global model accuracy on val: 0.901900
global model fairness(EQO, Y) on val: 0.953400
global model accuracy on test: 0.885790
global model fairness(EQO, Y) on test: 0.977300
------------ run = 5; t = 20; F_Global = 0.9534, Privileged = Y ------------
training accuracy (client 6) : 0.934973 
client 6 accuracy on val: 0.907189
client 6 fairness(EQO, Y) on val: 0.606900
training accuracy (client 7) : 0.861290 
client 7 accuracy on val: 0.906949
client 7 fairness(EQO, Y) on val: 0.734700
training accuracy (client 10) : 0.898682 
client 10 accuracy on val: 0.901419
client 10 fairness(EQO, Y) on val: 0.537200
global model accuracy on val: 0.902380
global model fairness(EQO, Y) on val: 0.931700
global model accuracy on test: 0.887473
global model fairness(EQO, Y) on test: 0.944100
------------ run = 5; t = 21; F_Global = 0.9317, Privileged = Y ------------
training accuracy (client 1) : 0.962931 
client 1 accuracy on val: 0.904544
client 1 fairness(EQO, Y) on val: 0.908800
training accuracy (client 8) : 0.946449 
client 8 accuracy on val: 0.899736
client 8 fairness(EQO, Y) on val: 1.000000
training accuracy (client 10) : 0.898682 
client 10 accuracy on val: 0.901178
client 10 fairness(EQO, Y) on val: 0.532700
global model accuracy on val: 0.901900
global model fairness(EQO, Y) on val: 0.957400
global model accuracy on test: 0.885790
global model fairness(EQO, Y) on test: 0.977300
------------ run = 5; t = 22; F_Global = 0.9574, Privileged = Y ------------
training accuracy (client 3) : 0.962769 
client 3 accuracy on val: 0.899736
client 3 fairness(EQO, Y) on val: 1.000000
training accuracy (client 4) : 0.823119 
client 4 accuracy on val: 0.884828
client 4 fairness(EQO, Y) on val: 0.532900
training accuracy (client 5) : 0.924508 
client 5 accuracy on val: 0.909113
client 5 fairness(EQO, Y) on val: 0.765500
global model accuracy on val: 0.901659
global model fairness(EQO, Y) on val: 0.960400
global model accuracy on test: 0.885790
global model fairness(EQO, Y) on test: 0.977300
------------ run = 5; t = 23; F_Global = 0.9604, Privileged = Y ------------
training accuracy (client 4) : 0.820791 
client 4 accuracy on val: 0.884347
client 4 fairness(EQO, Y) on val: 0.533200
training accuracy (client 6) : 0.934649 
client 6 accuracy on val: 0.907430
client 6 fairness(EQO, Y) on val: 0.611900
training accuracy (client 8) : 0.946449 
client 8 accuracy on val: 0.899736
client 8 fairness(EQO, Y) on val: 1.000000
global model accuracy on val: 0.901178
global model fairness(EQO, Y) on val: 0.970300
global model accuracy on test: 0.885309
global model fairness(EQO, Y) on test: 0.982600
------------ run = 5; t = 24; F_Global = 0.9703, Privileged = Y ------------
training accuracy (client 2) : 0.862520 
client 2 accuracy on val: 0.908632
client 2 fairness(EQO, Y) on val: 0.726600
training accuracy (client 3) : 0.962769 
client 3 accuracy on val: 0.899736
client 3 fairness(EQO, Y) on val: 1.000000
training accuracy (client 5) : 0.924508 
client 5 accuracy on val: 0.908872
client 5 fairness(EQO, Y) on val: 0.768700
global model accuracy on val: 0.900938
global model fairness(EQO, Y) on val: 0.977200
global model accuracy on test: 0.885549
global model fairness(EQO, Y) on test: 0.983700
------------ run = 5; t = 25; F_Global = 0.9772, Privileged = Y ------------
training accuracy (client 2) : 0.865794 
client 2 accuracy on val: 0.908391
client 2 fairness(EQO, Y) on val: 0.733600
training accuracy (client 6) : 0.934973 
client 6 accuracy on val: 0.907189
client 6 fairness(EQO, Y) on val: 0.606900
training accuracy (client 9) : 0.817253 
client 9 accuracy on val: 0.885309
client 9 fairness(EQO, Y) on val: 0.588900
global model accuracy on val: 0.902140
global model fairness(EQO, Y) on val: 0.950500
global model accuracy on test: 0.886752
global model fairness(EQO, Y) on test: 0.966800
------------ run = 5; t = 26; F_Global = 0.9505, Privileged = Y ------------
training accuracy (client 3) : 0.965382 
client 3 accuracy on val: 0.899976
client 3 fairness(EQO, Y) on val: 0.997000
training accuracy (client 4) : 0.820015 
client 4 accuracy on val: 0.884347
client 4 fairness(EQO, Y) on val: 0.531000
training accuracy (client 8) : 0.946449 
client 8 accuracy on val: 0.899736
client 8 fairness(EQO, Y) on val: 1.000000
global model accuracy on val: 0.901178
global model fairness(EQO, Y) on val: 0.970300
global model accuracy on test: 0.886030
global model fairness(EQO, Y) on test: 0.974700
------------ run = 5; t = 27; F_Global = 0.9703, Privileged = Y ------------
training accuracy (client 1) : 0.961207 
client 1 accuracy on val: 0.904063
client 1 fairness(EQO, Y) on val: 0.906900
training accuracy (client 3) : 0.963423 
client 3 accuracy on val: 0.899976
client 3 fairness(EQO, Y) on val: 0.997000
training accuracy (client 10) : 0.897858 
client 10 accuracy on val: 0.899495
client 10 fairness(EQO, Y) on val: 0.539500
global model accuracy on val: 0.900938
global model fairness(EQO, Y) on val: 0.973300
global model accuracy on test: 0.886271
global model fairness(EQO, Y) on test: 0.975700
------------ run = 5; t = 28; F_Global = 0.9733, Privileged = Y ------------
training accuracy (client 3) : 0.965382 
client 3 accuracy on val: 0.899976
client 3 fairness(EQO, Y) on val: 0.997000
training accuracy (client 4) : 0.821567 
client 4 accuracy on val: 0.883866
client 4 fairness(EQO, Y) on val: 0.527900
training accuracy (client 6) : 0.935943 
client 6 accuracy on val: 0.906708
client 6 fairness(EQO, Y) on val: 0.593100
global model accuracy on val: 0.901659
global model fairness(EQO, Y) on val: 0.960400
global model accuracy on test: 0.886511
global model fairness(EQO, Y) on test: 0.969400
------------ run = 5; t = 29; F_Global = 0.9604, Privileged = Y ------------
training accuracy (client 1) : 0.963793 
client 1 accuracy on val: 0.904304
client 1 fairness(EQO, Y) on val: 0.896000
training accuracy (client 7) : 0.861290 
client 7 accuracy on val: 0.906227
client 7 fairness(EQO, Y) on val: 0.714700
training accuracy (client 10) : 0.898682 
client 10 accuracy on val: 0.898293
client 10 fairness(EQO, Y) on val: 0.528000
global model accuracy on val: 0.902621
global model fairness(EQO, Y) on val: 0.936600
global model accuracy on test: 0.886752
global model fairness(EQO, Y) on test: 0.959400
------------ run = 5; t = 30; F_Global = 0.9366, Privileged = Y ------------
training accuracy (client 5) : 0.927790 
client 5 accuracy on val: 0.910075
client 5 fairness(EQO, Y) on val: 0.719100
training accuracy (client 6) : 0.934649 
client 6 accuracy on val: 0.907189
client 6 fairness(EQO, Y) on val: 0.591100
training accuracy (client 9) : 0.824064 
client 9 accuracy on val: 0.883145
client 9 fairness(EQO, Y) on val: 0.570400
global model accuracy on val: 0.903583
global model fairness(EQO, Y) on val: 0.908900
global model accuracy on test: 0.887473
global model fairness(EQO, Y) on test: 0.936700
------------ run = 5; t = 31; F_Global = 0.9089, Privileged = Y ------------
training accuracy (client 3) : 0.966035 
client 3 accuracy on val: 0.900697
client 3 fairness(EQO, Y) on val: 0.988100
training accuracy (client 5) : 0.927790 
client 5 accuracy on val: 0.910315
client 5 fairness(EQO, Y) on val: 0.712100
training accuracy (client 9) : 0.822928 
client 9 accuracy on val: 0.884107
client 9 fairness(EQO, Y) on val: 0.571200
global model accuracy on val: 0.903102
global model fairness(EQO, Y) on val: 0.922700
global model accuracy on test: 0.886511
global model fairness(EQO, Y) on test: 0.947300
------------ run = 5; t = 32; F_Global = 0.9227, Privileged = Y ------------
training accuracy (client 2) : 0.869067 
client 2 accuracy on val: 0.908151
client 2 fairness(EQO, Y) on val: 0.690600
training accuracy (client 4) : 0.822343 
client 4 accuracy on val: 0.882905
client 4 fairness(EQO, Y) on val: 0.511800
training accuracy (client 6) : 0.934325 
client 6 accuracy on val: 0.906949
client 6 fairness(EQO, Y) on val: 0.590100
global model accuracy on val: 0.905266
global model fairness(EQO, Y) on val: 0.888000
global model accuracy on test: 0.887954
global model fairness(EQO, Y) on test: 0.913000
------------ run = 5; t = 33; F_Global = 0.888, Privileged = Y ------------
training accuracy (client 3) : 0.966688 
client 3 accuracy on val: 0.900938
client 3 fairness(EQO, Y) on val: 0.985100
training accuracy (client 8) : 0.946449 
client 8 accuracy on val: 0.899736
client 8 fairness(EQO, Y) on val: 1.000000
training accuracy (client 9) : 0.824064 
client 9 accuracy on val: 0.882424
client 9 fairness(EQO, Y) on val: 0.562800
global model accuracy on val: 0.902380
global model fairness(EQO, Y) on val: 0.931700
global model accuracy on test: 0.886752
global model fairness(EQO, Y) on test: 0.955700
------------ run = 5; t = 34; F_Global = 0.9317, Privileged = Y ------------
training accuracy (client 1) : 0.964655 
client 1 accuracy on val: 0.905506
client 1 fairness(EQO, Y) on val: 0.865300
training accuracy (client 5) : 0.927790 
client 5 accuracy on val: 0.909834
client 5 fairness(EQO, Y) on val: 0.714200
training accuracy (client 10) : 0.897858 
client 10 accuracy on val: 0.897091
client 10 fairness(EQO, Y) on val: 0.523800
global model accuracy on val: 0.903583
global model fairness(EQO, Y) on val: 0.912800
global model accuracy on test: 0.886752
global model fairness(EQO, Y) on test: 0.944700
------------ run = 5; t = 35; F_Global = 0.9128, Privileged = Y ------------
training accuracy (client 3) : 0.966688 
client 3 accuracy on val: 0.901900
client 3 fairness(EQO, Y) on val: 0.973200
training accuracy (client 4) : 0.823119 
client 4 accuracy on val: 0.882183
client 4 fairness(EQO, Y) on val: 0.515600
training accuracy (client 6) : 0.934973 
client 6 accuracy on val: 0.906949
client 6 fairness(EQO, Y) on val: 0.589800
global model accuracy on val: 0.903342
global model fairness(EQO, Y) on val: 0.915800
global model accuracy on test: 0.886752
global model fairness(EQO, Y) on test: 0.944700
------------ run = 5; t = 36; F_Global = 0.9158, Privileged = Y ------------
training accuracy (client 3) : 0.966688 
client 3 accuracy on val: 0.901900
client 3 fairness(EQO, Y) on val: 0.973200
training accuracy (client 4) : 0.823895 
client 4 accuracy on val: 0.881462
client 4 fairness(EQO, Y) on val: 0.506400
training accuracy (client 9) : 0.822928 
client 9 accuracy on val: 0.883626
client 9 fairness(EQO, Y) on val: 0.569200
global model accuracy on val: 0.904063
global model fairness(EQO, Y) on val: 0.906900
global model accuracy on test: 0.886752
global model fairness(EQO, Y) on test: 0.944700
------------ run = 5; t = 37; F_Global = 0.9069, Privileged = Y ------------
training accuracy (client 1) : 0.964655 
client 1 accuracy on val: 0.905506
client 1 fairness(EQO, Y) on val: 0.849500
training accuracy (client 3) : 0.966035 
client 3 accuracy on val: 0.901900
client 3 fairness(EQO, Y) on val: 0.973200
training accuracy (client 7) : 0.861290 
client 7 accuracy on val: 0.905506
client 7 fairness(EQO, Y) on val: 0.669900
global model accuracy on val: 0.902140
global model fairness(EQO, Y) on val: 0.938600
global model accuracy on test: 0.886271
global model fairness(EQO, Y) on test: 0.953600
------------ run = 5; t = 38; F_Global = 0.9386, Privileged = Y ------------
training accuracy (client 4) : 0.823895 
client 4 accuracy on val: 0.880741
client 4 fairness(EQO, Y) on val: 0.516400
training accuracy (client 6) : 0.934649 
client 6 accuracy on val: 0.906949
client 6 fairness(EQO, Y) on val: 0.578700
training accuracy (client 8) : 0.946449 
client 8 accuracy on val: 0.899736
client 8 fairness(EQO, Y) on val: 1.000000
global model accuracy on val: 0.901178
global model fairness(EQO, Y) on val: 0.962400
global model accuracy on test: 0.887232
global model fairness(EQO, Y) on test: 0.961500
------------ run = 5; t = 39; F_Global = 0.9624, Privileged = Y ------------
training accuracy (client 1) : 0.964655 
client 1 accuracy on val: 0.905506
client 1 fairness(EQO, Y) on val: 0.857400
training accuracy (client 2) : 0.867430 
client 2 accuracy on val: 0.907670
client 2 fairness(EQO, Y) on val: 0.724600
training accuracy (client 7) : 0.867742 
client 7 accuracy on val: 0.905025
client 7 fairness(EQO, Y) on val: 0.713700
global model accuracy on val: 0.902140
global model fairness(EQO, Y) on val: 0.946500
global model accuracy on test: 0.886752
global model fairness(EQO, Y) on test: 0.955700
------------ run = 5; t = 40; F_Global = 0.9465, Privileged = Y ------------
training accuracy (client 3) : 0.966035 
client 3 accuracy on val: 0.901900
client 3 fairness(EQO, Y) on val: 0.973200
training accuracy (client 5) : 0.929978 
client 5 accuracy on val: 0.910555
client 5 fairness(EQO, Y) on val: 0.703500
training accuracy (client 6) : 0.935943 
client 6 accuracy on val: 0.906708
client 6 fairness(EQO, Y) on val: 0.589600
global model accuracy on val: 0.902140
global model fairness(EQO, Y) on val: 0.946500
global model accuracy on test: 0.886752
global model fairness(EQO, Y) on test: 0.955700
------------ run = 5; t = 41; F_Global = 0.9465, Privileged = Y ------------
training accuracy (client 4) : 0.823119 
client 4 accuracy on val: 0.880019
client 4 fairness(EQO, Y) on val: 0.515200
training accuracy (client 6) : 0.934649 
client 6 accuracy on val: 0.907189
client 6 fairness(EQO, Y) on val: 0.571700
training accuracy (client 10) : 0.897035 
client 10 accuracy on val: 0.897812
client 10 fairness(EQO, Y) on val: 0.526800
global model accuracy on val: 0.904544
global model fairness(EQO, Y) on val: 0.897000
global model accuracy on test: 0.887232
global model fairness(EQO, Y) on test: 0.932000
------------ run = 5; t = 42; F_Global = 0.897, Privileged = Y ------------
training accuracy (client 1) : 0.964655 
client 1 accuracy on val: 0.905987
client 1 fairness(EQO, Y) on val: 0.831700
training accuracy (client 5) : 0.928884 
client 5 accuracy on val: 0.911036
client 5 fairness(EQO, Y) on val: 0.673100
training accuracy (client 10) : 0.896211 
client 10 accuracy on val: 0.897572
client 10 fairness(EQO, Y) on val: 0.521900
global model accuracy on val: 0.905506
global model fairness(EQO, Y) on val: 0.873200
global model accuracy on test: 0.888435
global model fairness(EQO, Y) on test: 0.900400
------------ run = 5; t = 43; F_Global = 0.8732, Privileged = Y ------------
training accuracy (client 1) : 0.964655 
client 1 accuracy on val: 0.905987
client 1 fairness(EQO, Y) on val: 0.827700
training accuracy (client 9) : 0.820658 
client 9 accuracy on val: 0.881462
client 9 fairness(EQO, Y) on val: 0.570400
training accuracy (client 10) : 0.898682 
client 10 accuracy on val: 0.897331
client 10 fairness(EQO, Y) on val: 0.520900
global model accuracy on val: 0.905987
global model fairness(EQO, Y) on val: 0.851900
global model accuracy on test: 0.891080
global model fairness(EQO, Y) on test: 0.868200
------------ run = 5; t = 44; F_Global = 0.8519, Privileged = Y ------------
training accuracy (client 3) : 0.967342 
client 3 accuracy on val: 0.901900
client 3 fairness(EQO, Y) on val: 0.965300
training accuracy (client 5) : 0.928884 
client 5 accuracy on val: 0.911036
client 5 fairness(EQO, Y) on val: 0.665100
training accuracy (client 6) : 0.934973 
client 6 accuracy on val: 0.906468
client 6 fairness(EQO, Y) on val: 0.584700
global model accuracy on val: 0.904785
global model fairness(EQO, Y) on val: 0.890000
global model accuracy on test: 0.887473
global model fairness(EQO, Y) on test: 0.925700
------------ run = 5; t = 45; F_Global = 0.89, Privileged = Y ------------
training accuracy (client 2) : 0.867430 
client 2 accuracy on val: 0.905025
client 2 fairness(EQO, Y) on val: 0.642800
training accuracy (client 6) : 0.935943 
client 6 accuracy on val: 0.907430
client 6 fairness(EQO, Y) on val: 0.568600
training accuracy (client 7) : 0.863441 
client 7 accuracy on val: 0.903823
client 7 fairness(EQO, Y) on val: 0.672500
global model accuracy on val: 0.905747
global model fairness(EQO, Y) on val: 0.862300
global model accuracy on test: 0.889877
global model fairness(EQO, Y) on test: 0.884500
------------ run = 5; t = 46; F_Global = 0.8623, Privileged = Y ------------
training accuracy (client 5) : 0.926696 
client 5 accuracy on val: 0.910315
client 5 fairness(EQO, Y) on val: 0.658100
training accuracy (client 7) : 0.866667 
client 7 accuracy on val: 0.901659
client 7 fairness(EQO, Y) on val: 0.662500
training accuracy (client 10) : 0.896211 
client 10 accuracy on val: 0.898293
client 10 fairness(EQO, Y) on val: 0.509900
global model accuracy on val: 0.905506
global model fairness(EQO, Y) on val: 0.850000
global model accuracy on test: 0.891801
global model fairness(EQO, Y) on test: 0.856500
------------ run = 5; t = 47; F_Global = 0.85, Privileged = Y ------------
training accuracy (client 3) : 0.967342 
client 3 accuracy on val: 0.901900
client 3 fairness(EQO, Y) on val: 0.961400
training accuracy (client 6) : 0.935943 
client 6 accuracy on val: 0.907189
client 6 fairness(EQO, Y) on val: 0.567300
training accuracy (client 7) : 0.865591 
client 7 accuracy on val: 0.904304
client 7 fairness(EQO, Y) on val: 0.674500
global model accuracy on val: 0.904785
global model fairness(EQO, Y) on val: 0.894000
global model accuracy on test: 0.887954
global model fairness(EQO, Y) on test: 0.927800
------------ run = 5; t = 48; F_Global = 0.894, Privileged = Y ------------
training accuracy (client 1) : 0.965517 
client 1 accuracy on val: 0.907430
client 1 fairness(EQO, Y) on val: 0.786100
training accuracy (client 2) : 0.862520 
client 2 accuracy on val: 0.901659
client 2 fairness(EQO, Y) on val: 0.652300
training accuracy (client 3) : 0.967342 
client 3 accuracy on val: 0.902140
client 3 fairness(EQO, Y) on val: 0.958400
global model accuracy on val: 0.901900
global model fairness(EQO, Y) on val: 0.945500
global model accuracy on test: 0.886752
global model fairness(EQO, Y) on test: 0.948400
------------ run = 5; t = 49; F_Global = 0.9455, Privileged = Y ------------
training accuracy (client 2) : 0.865794 
client 2 accuracy on val: 0.901659
client 2 fairness(EQO, Y) on val: 0.637000
training accuracy (client 3) : 0.967995 
client 3 accuracy on val: 0.902861
client 3 fairness(EQO, Y) on val: 0.949400
training accuracy (client 6) : 0.934973 
client 6 accuracy on val: 0.906468
client 6 fairness(EQO, Y) on val: 0.580400
global model accuracy on val: 0.903102
global model fairness(EQO, Y) on val: 0.926700
global model accuracy on test: 0.887232
global model fairness(EQO, Y) on test: 0.939400
------------ run = 5; t = 50; F_Global = 0.9267, Privileged = Y ------------
training accuracy (client 4) : 0.823895 
client 4 accuracy on val: 0.880019
client 4 fairness(EQO, Y) on val: 0.502800
training accuracy (client 6) : 0.934973 
client 6 accuracy on val: 0.907430
client 6 fairness(EQO, Y) on val: 0.564300
training accuracy (client 10) : 0.897035 
client 10 accuracy on val: 0.897331
client 10 fairness(EQO, Y) on val: 0.503900
global model accuracy on val: 0.904785
global model fairness(EQO, Y) on val: 0.878200
global model accuracy on test: 0.888675
global model fairness(EQO, Y) on test: 0.901400
----------------Done (FLAlgMain)----------------
