Alg.: FairFateVC; Client dataset: today_20230531\dataset_SP_run_6; client Count: 10
----------------(start loading 10 client datasets from today_20230531\dataset_SP_run_6)----------------
----------------(successfully loading 10 client datasets and server testing data from today_20230531\dataset_SP_run_6)----------------
----------------Execute (FLAlgMain)----------------
----------------(start running algorithm)----------------
global model accuracy on val: 0.546526
global model fairness(SP, N) on val: 0.976700
------------ run = 7; t = 1; F_Global = 0.9767, Privileged = N ------------
training accuracy (client 2) : 0.906516 
client 2 accuracy on val: 0.884828
client 2 fairness(SP, N) on val: 0.990700
training accuracy (client 7) : 0.970792 
client 7 accuracy on val: 0.901900
client 7 fairness(SP, N) on val: 1.169000
training accuracy (client 10) : 0.896725 
client 10 accuracy on val: 0.866074
client 10 fairness(SP, N) on val: 1.017400
global model accuracy on val: 0.829286
global model fairness(SP, Y) on val: 0.769300
global model accuracy on test: 0.831209
global model fairness(SP, Y) on test: 0.770600
------------ run = 7; t = 2; F_Global = 0.7693, Privileged = Y ------------
training accuracy (client 6) : 0.752747 
client 6 accuracy on val: 0.719644
client 6 fairness(SP, Y) on val: 0.494200
training accuracy (client 7) : 0.970190 
client 7 accuracy on val: 0.902380
client 7 fairness(SP, Y) on val: 0.840700
training accuracy (client 8) : 0.840102 
client 8 accuracy on val: 0.874008
client 8 fairness(SP, Y) on val: 0.619400
global model accuracy on val: 0.890358
global model fairness(SP, Y) on val: 0.684700
global model accuracy on test: 0.899255
global model fairness(SP, Y) on test: 0.682900
------------ run = 7; t = 3; F_Global = 0.6847, Privileged = Y ------------
training accuracy (client 2) : 0.915958 
client 2 accuracy on val: 0.894446
client 2 fairness(SP, Y) on val: 0.991400
training accuracy (client 4) : 0.939552 
client 4 accuracy on val: 0.891080
client 4 fairness(SP, Y) on val: 0.576700
training accuracy (client 7) : 0.624490 
client 7 accuracy on val: 0.811493
client 7 fairness(SP, Y) on val: 0.497900
training accuracy (client 8) : 0.929471 
client 8 accuracy on val: 0.897812
client 8 fairness(SP, Y) on val: 0.963100
global model accuracy on val: 0.898052
global model fairness(SP, Y) on val: 0.765800
global model accuracy on test: 0.904063
global model fairness(SP, Y) on test: 0.736300
------------ run = 7; t = 4; F_Global = 0.7658, Privileged = Y ------------
training accuracy (client 1) : 0.943956 
client 1 accuracy on val: 0.894205
client 1 fairness(SP, Y) on val: 1.000000
training accuracy (client 7) : 0.625000 
client 7 accuracy on val: 0.839384
client 7 fairness(SP, Y) on val: 0.481300
training accuracy (client 9) : 0.663934 
client 9 accuracy on val: 0.813898
client 9 fairness(SP, Y) on val: 0.488700
training accuracy (client 10) : 0.961397 
client 10 accuracy on val: 0.894927
client 10 fairness(SP, Y) on val: 0.986700
global model accuracy on val: 0.900938
global model fairness(SP, Y) on val: 0.860100
global model accuracy on test: 0.903102
global model fairness(SP, Y) on test: 0.834300
------------ run = 7; t = 5; F_Global = 0.8601, Privileged = Y ------------
training accuracy (client 4) : 0.880764 
client 4 accuracy on val: 0.901659
client 4 fairness(SP, Y) on val: 0.836200
training accuracy (client 5) : 0.971093 
client 5 accuracy on val: 0.901178
client 5 fairness(SP, Y) on val: 0.839200
training accuracy (client 7) : 0.753571 
client 7 accuracy on val: 0.784323
client 7 fairness(SP, Y) on val: 0.439200
training accuracy (client 11) : 0.591667 
client 11 accuracy on val: 0.871604
client 11 fairness(SP, Y) on val: 0.552900
global model accuracy on val: 0.901419
global model fairness(SP, Y) on val: 0.820100
global model accuracy on test: 0.904063
global model fairness(SP, Y) on test: 0.789000
------------ run = 7; t = 6; F_Global = 0.8201, Privileged = Y ------------
training accuracy (client 4) : 0.931990 
client 4 accuracy on val: 0.899976
client 4 fairness(SP, Y) on val: 0.944000
training accuracy (client 5) : 0.959559 
client 5 accuracy on val: 0.896129
client 5 fairness(SP, Y) on val: 0.979400
training accuracy (client 6) : 0.616071 
client 6 accuracy on val: 0.866795
client 6 fairness(SP, Y) on val: 0.504400
training accuracy (client 11) : 0.564516 
client 11 accuracy on val: 0.870882
client 11 fairness(SP, Y) on val: 0.513400
training accuracy (client 17) : 0.583333 
client 17 accuracy on val: 0.873046
client 17 fairness(SP, Y) on val: 0.512200
global model accuracy on val: 0.902140
global model fairness(SP, Y) on val: 0.859900
global model accuracy on test: 0.902621
global model fairness(SP, Y) on test: 0.825600
------------ run = 7; t = 7; F_Global = 0.8599, Privileged = Y ------------
training accuracy (client 2) : 0.915958 
client 2 accuracy on val: 0.894927
client 2 fairness(SP, Y) on val: 0.992000
training accuracy (client 6) : 0.962541 
client 6 accuracy on val: 0.899014
client 6 fairness(SP, Y) on val: 0.746300
training accuracy (client 8) : 0.613095 
client 8 accuracy on val: 0.847800
client 8 fairness(SP, Y) on val: 0.473400
training accuracy (client 10) : 0.658654 
client 10 accuracy on val: 0.829767
client 10 fairness(SP, Y) on val: 0.487800
training accuracy (client 15) : 0.616071 
client 15 accuracy on val: 0.869199
client 15 fairness(SP, Y) on val: 0.515200
global model accuracy on val: 0.902621
global model fairness(SP, Y) on val: 0.862800
global model accuracy on test: 0.904544
global model fairness(SP, Y) on test: 0.826100
------------ run = 7; t = 8; F_Global = 0.8628, Privileged = Y ------------
training accuracy (client 3) : 0.938098 
client 3 accuracy on val: 0.901659
client 3 fairness(SP, Y) on val: 0.913000
training accuracy (client 4) : 0.933249 
client 4 accuracy on val: 0.900216
client 4 fairness(SP, Y) on val: 0.939500
training accuracy (client 5) : 0.959559 
client 5 accuracy on val: 0.896850
client 5 fairness(SP, Y) on val: 0.974900
training accuracy (client 16) : 0.576923 
client 16 accuracy on val: 0.868238
client 16 fairness(SP, Y) on val: 0.518400
training accuracy (client 17) : 0.625000 
client 17 accuracy on val: 0.873527
client 17 fairness(SP, Y) on val: 0.528700
global model accuracy on val: 0.901900
global model fairness(SP, Y) on val: 0.882000
global model accuracy on test: 0.902140
global model fairness(SP, Y) on test: 0.860800
------------ run = 7; t = 9; F_Global = 0.882, Privileged = Y ------------
training accuracy (client 5) : 0.959559 
client 5 accuracy on val: 0.896610
client 5 fairness(SP, Y) on val: 0.970500
training accuracy (client 7) : 0.625000 
client 7 accuracy on val: 0.875210
client 7 fairness(SP, Y) on val: 0.551000
training accuracy (client 10) : 0.989587 
client 10 accuracy on val: 0.898052
client 10 fairness(SP, Y) on val: 0.949900
training accuracy (client 13) : 0.583333 
client 13 accuracy on val: 0.877134
client 13 fairness(SP, Y) on val: 0.543800
training accuracy (client 15) : 0.607143 
client 15 accuracy on val: 0.854051
client 15 fairness(SP, Y) on val: 0.507000
global model accuracy on val: 0.900938
global model fairness(SP, Y) on val: 0.896800
global model accuracy on test: 0.900457
global model fairness(SP, Y) on test: 0.875200
------------ run = 7; t = 10; F_Global = 0.8968, Privileged = Y ------------
training accuracy (client 4) : 0.931990 
client 4 accuracy on val: 0.900216
client 4 fairness(SP, Y) on val: 0.914700
training accuracy (client 9) : 0.989587 
client 9 accuracy on val: 0.898293
client 9 fairness(SP, Y) on val: 0.939500
training accuracy (client 10) : 0.755357 
client 10 accuracy on val: 0.794181
client 10 fairness(SP, Y) on val: 0.394800
training accuracy (client 13) : 0.625000 
client 13 accuracy on val: 0.872806
client 13 fairness(SP, Y) on val: 0.475900
training accuracy (client 18) : 0.583333 
client 18 accuracy on val: 0.858860
client 18 fairness(SP, Y) on val: 0.457000
global model accuracy on val: 0.902380
global model fairness(SP, Y) on val: 0.873200
global model accuracy on test: 0.902861
global model fairness(SP, Y) on test: 0.840000
------------ run = 7; t = 11; F_Global = 0.8732, Privileged = Y ------------
training accuracy (client 5) : 0.959559 
client 5 accuracy on val: 0.898774
client 5 fairness(SP, Y) on val: 0.936600
training accuracy (client 6) : 0.560000 
client 6 accuracy on val: 0.887232
client 6 fairness(SP, Y) on val: 0.530300
training accuracy (client 7) : 0.922137 
client 7 accuracy on val: 0.895167
client 7 fairness(SP, Y) on val: 0.997000
training accuracy (client 10) : 0.540323 
client 10 accuracy on val: 0.877134
client 10 fairness(SP, Y) on val: 0.471200
training accuracy (client 13) : 0.605769 
client 13 accuracy on val: 0.875451
client 13 fairness(SP, Y) on val: 0.473400
global model accuracy on val: 0.899495
global model fairness(SP, Y) on val: 0.908600
global model accuracy on test: 0.901178
global model fairness(SP, Y) on test: 0.896000
------------ run = 7; t = 12; F_Global = 0.9086, Privileged = Y ------------
training accuracy (client 2) : 0.915014 
client 2 accuracy on val: 0.898052
client 2 fairness(SP, Y) on val: 0.963900
training accuracy (client 5) : 0.959559 
client 5 accuracy on val: 0.898052
client 5 fairness(SP, Y) on val: 0.946900
training accuracy (client 11) : 0.616667 
client 11 accuracy on val: 0.879298
client 11 fairness(SP, Y) on val: 0.522500
training accuracy (client 15) : 0.601190 
client 15 accuracy on val: 0.850685
client 15 fairness(SP, Y) on val: 0.468500
training accuracy (client 18) : 0.596154 
client 18 accuracy on val: 0.885549
client 18 fairness(SP, Y) on val: 0.543800
global model accuracy on val: 0.899976
global model fairness(SP, Y) on val: 0.911500
global model accuracy on test: 0.900938
global model fairness(SP, Y) on test: 0.897600
------------ run = 7; t = 13; F_Global = 0.9115, Privileged = Y ------------
training accuracy (client 7) : 0.618421 
client 7 accuracy on val: 0.867035
client 7 fairness(SP, Y) on val: 0.504600
training accuracy (client 8) : 0.989587 
client 8 accuracy on val: 0.898533
client 8 fairness(SP, Y) on val: 0.935100
training accuracy (client 11) : 0.575000 
client 11 accuracy on val: 0.880500
client 11 fairness(SP, Y) on val: 0.541400
training accuracy (client 13) : 0.625000 
client 13 accuracy on val: 0.871844
client 13 fairness(SP, Y) on val: 0.517300
training accuracy (client 16) : 0.616667 
client 16 accuracy on val: 0.877374
client 16 fairness(SP, Y) on val: 0.540700
global model accuracy on val: 0.899736
global model fairness(SP, Y) on val: 0.907100
global model accuracy on test: 0.900938
global model fairness(SP, Y) on test: 0.894400
------------ run = 7; t = 14; F_Global = 0.9071, Privileged = Y ------------
training accuracy (client 5) : 0.959559 
client 5 accuracy on val: 0.899014
client 5 fairness(SP, Y) on val: 0.935100
training accuracy (client 6) : 0.922137 
client 6 accuracy on val: 0.895648
client 6 fairness(SP, Y) on val: 0.995800
training accuracy (client 8) : 0.964984 
client 8 accuracy on val: 0.898293
client 8 fairness(SP, Y) on val: 0.727100
training accuracy (client 9) : 0.567308 
client 9 accuracy on val: 0.876893
client 9 fairness(SP, Y) on val: 0.481100
training accuracy (client 10) : 0.748214 
client 10 accuracy on val: 0.792498
client 10 fairness(SP, Y) on val: 0.395800
global model accuracy on val: 0.899495
global model fairness(SP, Y) on val: 0.908600
global model accuracy on test: 0.901419
global model fairness(SP, Y) on test: 0.891200
------------ run = 7; t = 15; F_Global = 0.9086, Privileged = Y ------------
training accuracy (client 3) : 0.939786 
client 3 accuracy on val: 0.903102
client 3 fairness(SP, Y) on val: 0.885200
training accuracy (client 4) : 0.931990 
client 4 accuracy on val: 0.900216
client 4 fairness(SP, Y) on val: 0.918200
training accuracy (client 5) : 0.959559 
client 5 accuracy on val: 0.898293
client 5 fairness(SP, Y) on val: 0.942500
training accuracy (client 10) : 0.601190 
client 10 accuracy on val: 0.853571
client 10 fairness(SP, Y) on val: 0.465300
training accuracy (client 11) : 0.596154 
client 11 accuracy on val: 0.876893
client 11 fairness(SP, Y) on val: 0.507800
global model accuracy on val: 0.900216
global model fairness(SP, Y) on val: 0.907100
global model accuracy on test: 0.900697
global model fairness(SP, Y) on test: 0.892800
------------ run = 7; t = 16; F_Global = 0.9071, Privileged = Y ------------
training accuracy (client 4) : 0.961397 
client 4 accuracy on val: 0.899014
client 4 fairness(SP, Y) on val: 0.935100
training accuracy (client 5) : 0.923664 
client 5 accuracy on val: 0.896129
client 5 fairness(SP, Y) on val: 0.995200
training accuracy (client 8) : 0.556452 
client 8 accuracy on val: 0.879298
client 8 fairness(SP, Y) on val: 0.508400
training accuracy (client 10) : 0.575000 
client 10 accuracy on val: 0.878577
client 10 fairness(SP, Y) on val: 0.513000
training accuracy (client 12) : 0.616667 
client 12 accuracy on val: 0.877374
client 12 fairness(SP, Y) on val: 0.520200
training accuracy (client 18) : 0.601190 
client 18 accuracy on val: 0.854292
client 18 fairness(SP, Y) on val: 0.462400
global model accuracy on val: 0.899736
global model fairness(SP, Y) on val: 0.915900
global model accuracy on test: 0.899255
global model fairness(SP, Y) on test: 0.918400
------------ run = 7; t = 17; F_Global = 0.9159, Privileged = Y ------------
training accuracy (client 3) : 0.931990 
client 3 accuracy on val: 0.900697
client 3 fairness(SP, Y) on val: 0.917000
training accuracy (client 5) : 0.925191 
client 5 accuracy on val: 0.895648
client 5 fairness(SP, Y) on val: 0.998200
training accuracy (client 7) : 0.544000 
client 7 accuracy on val: 0.888194
client 7 fairness(SP, Y) on val: 0.597900
training accuracy (client 8) : 0.625000 
client 8 accuracy on val: 0.866795
client 8 fairness(SP, Y) on val: 0.504100
training accuracy (client 14) : 0.996789 
client 14 accuracy on val: 0.894205
client 14 fairness(SP, Y) on val: 1.000000
training accuracy (client 16) : 0.548387 
client 16 accuracy on val: 0.880741
client 16 fairness(SP, Y) on val: 0.532200
global model accuracy on val: 0.898533
global model fairness(SP, Y) on val: 0.952800
global model accuracy on test: 0.896369
global model fairness(SP, Y) on test: 0.960000
------------ run = 7; t = 18; F_Global = 0.9528, Privileged = Y ------------
training accuracy (client 2) : 0.915014 
client 2 accuracy on val: 0.898293
client 2 fairness(SP, Y) on val: 0.974600
training accuracy (client 5) : 0.925954 
client 5 accuracy on val: 0.895408
client 5 fairness(SP, Y) on val: 0.999600
training accuracy (client 8) : 0.963355 
client 8 accuracy on val: 0.899255
client 8 fairness(SP, Y) on val: 0.733000
training accuracy (client 11) : 0.631818 
client 11 accuracy on val: 0.839865
client 11 fairness(SP, Y) on val: 0.521100
training accuracy (client 13) : 0.596154 
client 13 accuracy on val: 0.880741
client 13 fairness(SP, Y) on val: 0.564700
training accuracy (client 17) : 0.528000 
client 17 accuracy on val: 0.888435
client 17 fairness(SP, Y) on val: 0.634200
global model accuracy on val: 0.898533
global model fairness(SP, Y) on val: 0.955800
global model accuracy on test: 0.895648
global model fairness(SP, Y) on test: 0.964800
------------ run = 7; t = 19; F_Global = 0.9558, Privileged = Y ------------
training accuracy (client 1) : 0.943956 
client 1 accuracy on val: 0.894927
client 1 fairness(SP, Y) on val: 0.997300
training accuracy (client 2) : 0.915014 
client 2 accuracy on val: 0.897331
client 2 fairness(SP, Y) on val: 0.984700
training accuracy (client 5) : 0.925954 
client 5 accuracy on val: 0.895167
client 5 fairness(SP, Y) on val: 0.999900
training accuracy (client 7) : 0.633929 
client 7 accuracy on val: 0.873046
client 7 fairness(SP, Y) on val: 0.585700
training accuracy (client 8) : 0.586538 
client 8 accuracy on val: 0.873287
client 8 fairness(SP, Y) on val: 0.583300
training accuracy (client 13) : 0.595238 
client 13 accuracy on val: 0.849964
client 13 fairness(SP, Y) on val: 0.523100
global model accuracy on val: 0.897091
global model fairness(SP, Y) on val: 0.969300
global model accuracy on test: 0.895167
global model fairness(SP, Y) on test: 0.974400
------------ run = 7; t = 20; F_Global = 0.9693, Privileged = Y ------------
training accuracy (client 1) : 0.943956 
client 1 accuracy on val: 0.894927
client 1 fairness(SP, Y) on val: 0.997300
training accuracy (client 3) : 0.933249 
client 3 accuracy on val: 0.899014
client 3 fairness(SP, Y) on val: 0.932600
training accuracy (client 5) : 0.926718 
client 5 accuracy on val: 0.895167
client 5 fairness(SP, Y) on val: 0.999900
training accuracy (client 10) : 0.616667 
client 10 accuracy on val: 0.875210
client 10 fairness(SP, Y) on val: 0.622800
training accuracy (client 11) : 0.631579 
client 11 accuracy on val: 0.868478
client 11 fairness(SP, Y) on val: 0.610200
training accuracy (client 19) : 0.586538 
client 19 accuracy on val: 0.872085
client 19 fairness(SP, Y) on val: 0.614000
global model accuracy on val: 0.895408
global model fairness(SP, Y) on val: 0.981400
global model accuracy on test: 0.894927
global model fairness(SP, Y) on test: 0.983000
------------ run = 7; t = 21; F_Global = 0.9814, Privileged = Y ------------
training accuracy (client 2) : 0.915014 
client 2 accuracy on val: 0.898052
client 2 fairness(SP, Y) on val: 0.980700
training accuracy (client 3) : 0.959559 
client 3 accuracy on val: 0.897572
client 3 fairness(SP, Y) on val: 0.964600
training accuracy (client 13) : 0.615385 
client 13 accuracy on val: 0.875691
client 13 fairness(SP, Y) on val: 0.656500
training accuracy (client 17) : 0.933249 
client 17 accuracy on val: 0.899495
client 17 fairness(SP, Y) on val: 0.940200
training accuracy (client 19) : 0.631579 
client 19 accuracy on val: 0.867997
client 19 fairness(SP, Y) on val: 0.626500
training accuracy (client 20) : 0.576923 
client 20 accuracy on val: 0.873046
client 20 fairness(SP, Y) on val: 0.625400
global model accuracy on val: 0.896610
global model fairness(SP, Y) on val: 0.974000
global model accuracy on test: 0.895648
global model fairness(SP, Y) on test: 0.980000
------------ run = 7; t = 22; F_Global = 0.974, Privileged = Y ------------
training accuracy (client 1) : 0.943956 
client 1 accuracy on val: 0.894927
client 1 fairness(SP, Y) on val: 0.997300
training accuracy (client 7) : 0.564516 
client 7 accuracy on val: 0.873046
client 7 fairness(SP, Y) on val: 0.651900
training accuracy (client 10) : 0.607143 
client 10 accuracy on val: 0.871123
client 10 fairness(SP, Y) on val: 0.671200
training accuracy (client 13) : 0.595238 
client 13 accuracy on val: 0.847319
client 13 fairness(SP, Y) on val: 0.567100
training accuracy (client 14) : 0.616667 
client 14 accuracy on val: 0.872566
client 14 fairness(SP, Y) on val: 0.649100
training accuracy (client 15) : 0.914070 
client 15 accuracy on val: 0.897572
client 15 fairness(SP, Y) on val: 0.981300
global model accuracy on val: 0.896850
global model fairness(SP, Y) on val: 0.976000
global model accuracy on test: 0.895167
global model fairness(SP, Y) on test: 0.980600
------------ run = 7; t = 23; F_Global = 0.976, Privileged = Y ------------
training accuracy (client 3) : 0.989587 
client 3 accuracy on val: 0.897572
client 3 fairness(SP, Y) on val: 0.935100
training accuracy (client 5) : 0.996789 
client 5 accuracy on val: 0.894205
client 5 fairness(SP, Y) on val: 1.000000
training accuracy (client 10) : 0.642857 
client 10 accuracy on val: 0.870402
client 10 fairness(SP, Y) on val: 0.657400
training accuracy (client 14) : 0.933249 
client 14 accuracy on val: 0.899736
client 14 fairness(SP, Y) on val: 0.938700
training accuracy (client 18) : 0.625000 
client 18 accuracy on val: 0.870642
client 18 fairness(SP, Y) on val: 0.682300
training accuracy (client 20) : 0.641667 
client 20 accuracy on val: 0.870402
client 20 fairness(SP, Y) on val: 0.665700
global model accuracy on val: 0.894446
global model fairness(SP, Y) on val: 0.998500
global model accuracy on test: 0.893965
global model fairness(SP, Y) on test: 0.998400
------------ run = 7; t = 24; F_Global = 0.9985, Privileged = Y ------------
training accuracy (client 2) : 0.926718 
client 2 accuracy on val: 0.895167
client 2 fairness(SP, Y) on val: 0.999900
training accuracy (client 3) : 0.755357 
client 3 accuracy on val: 0.790575
client 3 fairness(SP, Y) on val: 0.492300
training accuracy (client 12) : 0.618421 
client 12 accuracy on val: 0.869199
client 12 fairness(SP, Y) on val: 0.643400
training accuracy (client 16) : 0.989587 
client 16 accuracy on val: 0.898052
client 16 fairness(SP, Y) on val: 0.932200
training accuracy (client 19) : 0.598214 
client 19 accuracy on val: 0.879057
client 19 fairness(SP, Y) on val: 0.688500
training accuracy (client 20) : 0.616667 
client 20 accuracy on val: 0.876172
client 20 fairness(SP, Y) on val: 0.676400
global model accuracy on val: 0.894446
global model fairness(SP, Y) on val: 0.995600
global model accuracy on test: 0.893965
global model fairness(SP, Y) on test: 0.995200
------------ run = 7; t = 25; F_Global = 0.9956, Privileged = Y ------------
training accuracy (client 1) : 0.943956 
client 1 accuracy on val: 0.895167
client 1 fairness(SP, Y) on val: 0.998200
training accuracy (client 2) : 0.926718 
client 2 accuracy on val: 0.895167
client 2 fairness(SP, Y) on val: 1.000500
training accuracy (client 9) : 0.959559 
client 9 accuracy on val: 0.897091
client 9 fairness(SP, Y) on val: 0.967600
training accuracy (client 11) : 0.576923 
client 11 accuracy on val: 0.869199
client 11 fairness(SP, Y) on val: 0.636700
training accuracy (client 15) : 0.933249 
client 15 accuracy on val: 0.899495
client 15 fairness(SP, Y) on val: 0.933100
training accuracy (client 18) : 0.989587 
client 18 accuracy on val: 0.897572
client 18 fairness(SP, Y) on val: 0.932200
global model accuracy on val: 0.894446
global model fairness(SP, Y) on val: 0.995600
global model accuracy on test: 0.893965
global model fairness(SP, Y) on test: 0.995200
------------ run = 7; t = 26; F_Global = 0.9956, Privileged = Y ------------
training accuracy (client 3) : 0.996789 
client 3 accuracy on val: 0.894205
client 3 fairness(SP, Y) on val: 1.000000
training accuracy (client 4) : 0.583333 
client 4 accuracy on val: 0.878336
client 4 fairness(SP, Y) on val: 0.687700
training accuracy (client 5) : 0.966612 
client 5 accuracy on val: 0.900938
client 5 fairness(SP, Y) on val: 0.755200
training accuracy (client 17) : 0.959559 
client 17 accuracy on val: 0.897091
client 17 fairness(SP, Y) on val: 0.967600
training accuracy (client 18) : 0.576923 
client 18 accuracy on val: 0.873527
client 18 fairness(SP, Y) on val: 0.655800
training accuracy (client 19) : 0.933249 
client 19 accuracy on val: 0.899976
client 19 fairness(SP, Y) on val: 0.936000
global model accuracy on val: 0.894205
global model fairness(SP, Y) on val: 0.000000
global model accuracy on test: 0.893724
global model fairness(SP, Y) on test: 0.000000
------------ run = 7; t = 27; F_Global = 0, Privileged = Y ------------
training accuracy (client 2) : 0.926718 
client 2 accuracy on val: 0.895167
client 2 fairness(SP, Y) on val: 1.001100
training accuracy (client 8) : 0.524194 
client 8 accuracy on val: 0.885309
client 8 fairness(SP, Y) on val: 0.715300
training accuracy (client 13) : 0.589286 
client 13 accuracy on val: 0.882183
client 13 fairness(SP, Y) on val: 0.701800
training accuracy (client 15) : 0.989587 
client 15 accuracy on val: 0.897812
client 15 fairness(SP, Y) on val: 0.927700
training accuracy (client 17) : 0.965798 
client 17 accuracy on val: 0.900457
client 17 fairness(SP, Y) on val: 0.764000
training accuracy (client 19) : 0.576923 
client 19 accuracy on val: 0.876413
client 19 fairness(SP, Y) on val: 0.650200
global model accuracy on val: 0.894446
global model fairness(SP, Y) on val: 0.995600
global model accuracy on test: 0.893965
global model fairness(SP, Y) on test: 0.995200
------------ run = 7; t = 28; F_Global = 0.9956, Privileged = Y ------------
training accuracy (client 7) : 0.605769 
client 7 accuracy on val: 0.877615
client 7 fairness(SP, Y) on val: 0.651800
training accuracy (client 12) : 0.618421 
client 12 accuracy on val: 0.871363
client 12 fairness(SP, Y) on val: 0.622600
training accuracy (client 16) : 0.575000 
client 16 accuracy on val: 0.879538
client 16 fairness(SP, Y) on val: 0.652600
training accuracy (client 17) : 0.964984 
client 17 accuracy on val: 0.899495
client 17 fairness(SP, Y) on val: 0.740400
training accuracy (client 18) : 0.959559 
client 18 accuracy on val: 0.898774
client 18 fairness(SP, Y) on val: 0.954300
training accuracy (client 19) : 0.576923 
client 19 accuracy on val: 0.873287
client 19 fairness(SP, Y) on val: 0.616800
global model accuracy on val: 0.894927
global model fairness(SP, Y) on val: 0.992600
global model accuracy on test: 0.894205
global model fairness(SP, Y) on test: 0.993600
------------ run = 7; t = 29; F_Global = 0.9926, Privileged = Y ------------
training accuracy (client 3) : 0.996789 
client 3 accuracy on val: 0.894205
client 3 fairness(SP, Y) on val: 1.000000
training accuracy (client 6) : 0.915014 
client 6 accuracy on val: 0.898774
client 6 fairness(SP, Y) on val: 0.967200
training accuracy (client 11) : 0.598214 
client 11 accuracy on val: 0.876172
client 11 fairness(SP, Y) on val: 0.632500
training accuracy (client 14) : 0.933249 
client 14 accuracy on val: 0.900457
client 14 fairness(SP, Y) on val: 0.923700
training accuracy (client 15) : 0.596154 
client 15 accuracy on val: 0.881221
client 15 fairness(SP, Y) on val: 0.642200
training accuracy (client 17) : 0.575000 
client 17 accuracy on val: 0.879538
client 17 fairness(SP, Y) on val: 0.638400
global model accuracy on val: 0.894205
global model fairness(SP, Y) on val: 0.000000
global model accuracy on test: 0.893724
global model fairness(SP, Y) on test: 0.000000
------------ run = 7; t = 30; F_Global = 0, Privileged = Y ------------
training accuracy (client 4) : 0.527778 
client 4 accuracy on val: 0.886511
client 4 fairness(SP, Y) on val: 0.664700
training accuracy (client 7) : 0.583333 
client 7 accuracy on val: 0.860543
client 7 fairness(SP, Y) on val: 0.585800
training accuracy (client 8) : 0.616071 
client 8 accuracy on val: 0.876893
client 8 fairness(SP, Y) on val: 0.650400
training accuracy (client 9) : 0.750000 
client 9 accuracy on val: 0.791536
client 9 fairness(SP, Y) on val: 0.482800
training accuracy (client 14) : 0.961397 
client 14 accuracy on val: 0.898774
client 14 fairness(SP, Y) on val: 0.954300
training accuracy (client 17) : 0.580357 
client 17 accuracy on val: 0.882183
client 17 fairness(SP, Y) on val: 0.682300
global model accuracy on val: 0.899255
global model fairness(SP, Y) on val: 0.947700
global model accuracy on test: 0.898052
global model fairness(SP, Y) on test: 0.954400
------------ run = 7; t = 31; F_Global = 0.9477, Privileged = Y ------------
training accuracy (client 4) : 0.555556 
client 4 accuracy on val: 0.873046
client 4 fairness(SP, Y) on val: 0.604600
training accuracy (client 6) : 0.572581 
client 6 accuracy on val: 0.869199
client 6 fairness(SP, Y) on val: 0.619300
training accuracy (client 8) : 0.651786 
client 8 accuracy on val: 0.869199
client 8 fairness(SP, Y) on val: 0.614900
training accuracy (client 9) : 0.757143 
client 9 accuracy on val: 0.786968
client 9 fairness(SP, Y) on val: 0.475000
training accuracy (client 10) : 0.625000 
client 10 accuracy on val: 0.870402
client 10 fairness(SP, Y) on val: 0.624900
training accuracy (client 19) : 0.615385 
client 19 accuracy on val: 0.874249
client 19 fairness(SP, Y) on val: 0.626400
global model accuracy on val: 0.900216
global model fairness(SP, Y) on val: 0.905500
global model accuracy on test: 0.902140
global model fairness(SP, Y) on test: 0.909700
------------ run = 7; t = 32; F_Global = 0.9055, Privileged = Y ------------
training accuracy (client 3) : 0.996789 
client 3 accuracy on val: 0.894205
client 3 fairness(SP, Y) on val: 1.000000
training accuracy (client 4) : 0.552000 
client 4 accuracy on val: 0.873046
client 4 fairness(SP, Y) on val: 0.658400
training accuracy (client 5) : 0.613095 
client 5 accuracy on val: 0.832652
client 5 fairness(SP, Y) on val: 0.546700
training accuracy (client 17) : 0.669643 
client 17 accuracy on val: 0.860543
client 17 fairness(SP, Y) on val: 0.590600
training accuracy (client 18) : 0.757143 
client 18 accuracy on val: 0.784083
client 18 fairness(SP, Y) on val: 0.473000
training accuracy (client 20) : 0.634615 
client 20 accuracy on val: 0.869680
client 20 fairness(SP, Y) on val: 0.602800
global model accuracy on val: 0.895408
global model fairness(SP, Y) on val: 0.991400
global model accuracy on test: 0.893965
global model fairness(SP, Y) on test: 0.992000
------------ run = 7; t = 33; F_Global = 0.9914, Privileged = Y ------------
training accuracy (client 2) : 0.926718 
client 2 accuracy on val: 0.895167
client 2 fairness(SP, Y) on val: 0.999900
training accuracy (client 3) : 0.996789 
client 3 accuracy on val: 0.894205
client 3 fairness(SP, Y) on val: 1.000000
training accuracy (client 10) : 0.607143 
client 10 accuracy on val: 0.874249
client 10 fairness(SP, Y) on val: 0.656000
training accuracy (client 14) : 0.572581 
client 14 accuracy on val: 0.870882
client 14 fairness(SP, Y) on val: 0.642400
training accuracy (client 18) : 0.651786 
client 18 accuracy on val: 0.869921
client 18 fairness(SP, Y) on val: 0.635000
training accuracy (client 20) : 0.625000 
client 20 accuracy on val: 0.875451
client 20 fairness(SP, Y) on val: 0.646100
global model accuracy on val: 0.894205
global model fairness(SP, Y) on val: 0.000000
global model accuracy on test: 0.893965
global model fairness(SP, Y) on test: 0.998400
------------ run = 7; t = 34; F_Global = 0, Privileged = Y ------------
training accuracy (client 1) : 0.943956 
client 1 accuracy on val: 0.894927
client 1 fairness(SP, Y) on val: 0.999700
training accuracy (client 3) : 0.996789 
client 3 accuracy on val: 0.894205
client 3 fairness(SP, Y) on val: 1.000000
training accuracy (client 10) : 0.933249 
client 10 accuracy on val: 0.899736
client 10 fairness(SP, Y) on val: 0.933400
training accuracy (client 12) : 0.546296 
client 12 accuracy on val: 0.875451
client 12 fairness(SP, Y) on val: 0.667100
training accuracy (client 17) : 0.607143 
client 17 accuracy on val: 0.872806
client 17 fairness(SP, Y) on val: 0.692100
training accuracy (client 18) : 0.540323 
client 18 accuracy on val: 0.874249
client 18 fairness(SP, Y) on val: 0.688700
global model accuracy on val: 0.894446
global model fairness(SP, Y) on val: 0.997300
global model accuracy on test: 0.894205
global model fairness(SP, Y) on test: 0.996800
------------ run = 7; t = 35; F_Global = 0.9973, Privileged = Y ------------
training accuracy (client 4) : 0.989587 
client 4 accuracy on val: 0.898052
client 4 fairness(SP, Y) on val: 0.926300
training accuracy (client 6) : 0.964984 
client 6 accuracy on val: 0.899736
client 6 fairness(SP, Y) on val: 0.762500
training accuracy (client 8) : 0.586538 
client 8 accuracy on val: 0.871604
client 8 fairness(SP, Y) on val: 0.660300
training accuracy (client 9) : 0.913126 
client 9 accuracy on val: 0.897572
client 9 fairness(SP, Y) on val: 0.987800
training accuracy (client 17) : 0.625000 
client 17 accuracy on val: 0.870161
client 17 fairness(SP, Y) on val: 0.689900
training accuracy (client 19) : 0.651786 
client 19 accuracy on val: 0.868478
client 19 fairness(SP, Y) on val: 0.669100
global model accuracy on val: 0.894205
global model fairness(SP, Y) on val: 0.997100
global model accuracy on test: 0.893965
global model fairness(SP, Y) on test: 0.995200
------------ run = 7; t = 36; F_Global = 0.9971, Privileged = Y ------------
training accuracy (client 4) : 0.631579 
client 4 accuracy on val: 0.864871
client 4 fairness(SP, Y) on val: 0.637800
training accuracy (client 6) : 0.933249 
client 6 accuracy on val: 0.899976
client 6 fairness(SP, Y) on val: 0.931900
training accuracy (client 12) : 0.755357 
client 12 accuracy on val: 0.786968
client 12 fairness(SP, Y) on val: 0.487900
training accuracy (client 13) : 0.564516 
client 13 accuracy on val: 0.871604
client 13 fairness(SP, Y) on val: 0.660700
training accuracy (client 16) : 0.964984 
client 16 accuracy on val: 0.899976
client 16 fairness(SP, Y) on val: 0.752200
training accuracy (client 17) : 0.576923 
client 17 accuracy on val: 0.869440
client 17 fairness(SP, Y) on val: 0.637300
global model accuracy on val: 0.895648
global model fairness(SP, Y) on val: 0.987000
global model accuracy on test: 0.894446
global model fairness(SP, Y) on test: 0.985600
------------ run = 7; t = 37; F_Global = 0.987, Privileged = Y ------------
training accuracy (client 2) : 0.926718 
client 2 accuracy on val: 0.895408
client 2 fairness(SP, Y) on val: 1.000800
training accuracy (client 4) : 0.959559 
client 4 accuracy on val: 0.899014
client 4 fairness(SP, Y) on val: 0.955800
training accuracy (client 6) : 0.555556 
client 6 accuracy on val: 0.870402
client 6 fairness(SP, Y) on val: 0.631500
training accuracy (client 8) : 0.520000 
client 8 accuracy on val: 0.878817
client 8 fairness(SP, Y) on val: 0.694200
training accuracy (client 17) : 0.757143 
client 17 accuracy on val: 0.787208
client 17 fairness(SP, Y) on val: 0.483000
training accuracy (client 18) : 0.556452 
client 18 accuracy on val: 0.869440
client 18 fairness(SP, Y) on val: 0.642400
global model accuracy on val: 0.895408
global model fairness(SP, Y) on val: 0.987900
global model accuracy on test: 0.894927
global model fairness(SP, Y) on test: 0.987300
------------ run = 7; t = 38; F_Global = 0.9879, Privileged = Y ------------
training accuracy (client 3) : 0.996789 
client 3 accuracy on val: 0.894205
client 3 fairness(SP, Y) on val: 1.000000
training accuracy (client 4) : 0.600000 
client 4 accuracy on val: 0.867997
client 4 fairness(SP, Y) on val: 0.687600
training accuracy (client 9) : 0.915014 
client 9 accuracy on val: 0.897572
client 9 fairness(SP, Y) on val: 0.986500
training accuracy (client 12) : 0.644737 
client 12 accuracy on val: 0.857899
client 12 fairness(SP, Y) on val: 0.660300
training accuracy (client 16) : 0.959559 
client 16 accuracy on val: 0.896610
client 16 fairness(SP, Y) on val: 0.970500
training accuracy (client 19) : 0.757143 
client 19 accuracy on val: 0.781919
client 19 fairness(SP, Y) on val: 0.498600
global model accuracy on val: 0.894205
global model fairness(SP, Y) on val: 0.000000
global model accuracy on test: 0.893724
global model fairness(SP, Y) on test: 0.000000
------------ run = 7; t = 39; F_Global = 0, Privileged = Y ------------
training accuracy (client 2) : 0.927481 
client 2 accuracy on val: 0.895167
client 2 fairness(SP, Y) on val: 1.001700
training accuracy (client 4) : 0.616667 
client 4 accuracy on val: 0.875210
client 4 fairness(SP, Y) on val: 0.708900
training accuracy (client 8) : 0.598214 
client 8 accuracy on val: 0.874730
client 8 fairness(SP, Y) on val: 0.737600
training accuracy (client 13) : 0.555556 
client 13 accuracy on val: 0.877374
client 13 fairness(SP, Y) on val: 0.712000
training accuracy (client 16) : 0.575000 
client 16 accuracy on val: 0.879057
client 16 fairness(SP, Y) on val: 0.717800
training accuracy (client 18) : 0.618421 
client 18 accuracy on val: 0.866795
client 18 fairness(SP, Y) on val: 0.683100
global model accuracy on val: 0.897331
global model fairness(SP, Y) on val: 0.984200
global model accuracy on test: 0.897091
global model fairness(SP, Y) on test: 0.983900
------------ run = 7; t = 40; F_Global = 0.9842, Privileged = Y ------------
training accuracy (client 1) : 0.943956 
client 1 accuracy on val: 0.895408
client 1 fairness(SP, Y) on val: 1.000200
training accuracy (client 2) : 0.927481 
client 2 accuracy on val: 0.894927
client 2 fairness(SP, Y) on val: 1.004900
training accuracy (client 12) : 0.586538 
client 12 accuracy on val: 0.854532
client 12 fairness(SP, Y) on val: 0.669700
training accuracy (client 16) : 0.616667 
client 16 accuracy on val: 0.861265
client 16 fairness(SP, Y) on val: 0.697600
training accuracy (client 19) : 0.959559 
client 19 accuracy on val: 0.896369
client 19 fairness(SP, Y) on val: 0.973700
training accuracy (client 20) : 0.758929 
client 20 accuracy on val: 0.779755
client 20 fairness(SP, Y) on val: 0.506400
global model accuracy on val: 0.896610
global model fairness(SP, Y) on val: 0.995200
global model accuracy on test: 0.897091
global model fairness(SP, Y) on test: 0.999800
------------ run = 7; t = 41; F_Global = 0.9952, Privileged = Y ------------
training accuracy (client 7) : 0.989587 
client 7 accuracy on val: 0.897331
client 7 fairness(SP, Y) on val: 0.930700
training accuracy (client 9) : 0.660714 
client 9 accuracy on val: 0.854292
client 9 fairness(SP, Y) on val: 0.701700
training accuracy (client 10) : 0.931990 
client 10 accuracy on val: 0.899014
client 10 fairness(SP, Y) on val: 0.956600
training accuracy (client 14) : 0.588710 
client 14 accuracy on val: 0.856215
client 14 fairness(SP, Y) on val: 0.729800
training accuracy (client 15) : 0.912181 
client 15 accuracy on val: 0.896369
client 15 fairness(SP, Y) on val: 0.996300
training accuracy (client 20) : 0.757143 
client 20 accuracy on val: 0.778072
client 20 fairness(SP, Y) on val: 0.521000
global model accuracy on val: 0.897091
global model fairness(SP, Y) on val: 0.990400
global model accuracy on test: 0.897812
global model fairness(SP, Y) on test: 0.993700
------------ run = 7; t = 42; F_Global = 0.9904, Privileged = Y ------------
training accuracy (client 1) : 0.943956 
client 1 accuracy on val: 0.894927
client 1 fairness(SP, Y) on val: 1.001400
training accuracy (client 4) : 0.666667 
client 4 accuracy on val: 0.859341
client 4 fairness(SP, Y) on val: 0.726700
training accuracy (client 5) : 0.607143 
client 5 accuracy on val: 0.830248
client 5 fairness(SP, Y) on val: 0.645300
training accuracy (client 10) : 0.576000 
client 10 accuracy on val: 0.868238
client 10 fairness(SP, Y) on val: 0.789400
training accuracy (client 13) : 0.586538 
client 13 accuracy on val: 0.847560
client 13 fairness(SP, Y) on val: 0.697000
training accuracy (client 14) : 0.608333 
client 14 accuracy on val: 0.860784
client 14 fairness(SP, Y) on val: 0.714800
global model accuracy on val: 0.895888
global model fairness(SP, Y) on val: 0.997200
global model accuracy on test: 0.897331
global model fairness(SP, N) on test: 0.998800
------------ run = 7; t = 43; F_Global = 0.9972, Privileged = Y ------------
training accuracy (client 1) : 0.943956 
client 1 accuracy on val: 0.894686
client 1 fairness(SP, Y) on val: 1.001700
training accuracy (client 4) : 0.663462 
client 4 accuracy on val: 0.861505
client 4 fairness(SP, Y) on val: 0.728400
training accuracy (client 10) : 0.957721 
client 10 accuracy on val: 0.896369
client 10 fairness(SP, Y) on val: 0.981400
training accuracy (client 14) : 0.596774 
client 14 accuracy on val: 0.853571
client 14 fairness(SP, Y) on val: 0.746500
training accuracy (client 18) : 0.592000 
client 18 accuracy on val: 0.870642
client 18 fairness(SP, Y) on val: 0.840400
training accuracy (client 19) : 0.586538 
client 19 accuracy on val: 0.849964
client 19 fairness(SP, Y) on val: 0.707300
global model accuracy on val: 0.895648
global model fairness(SP, Y) on val: 0.999800
global model accuracy on test: 0.896850
global model fairness(SP, N) on test: 0.996100
------------ run = 7; t = 44; F_Global = 0.9998, Privileged = Y ------------
training accuracy (client 7) : 0.912181 
client 7 accuracy on val: 0.895648
client 7 fairness(SP, Y) on val: 0.999500
training accuracy (client 10) : 0.660714 
client 10 accuracy on val: 0.855254
client 10 fairness(SP, Y) on val: 0.764300
training accuracy (client 16) : 0.644231 
client 16 accuracy on val: 0.861986
client 16 fairness(SP, Y) on val: 0.786900
training accuracy (client 17) : 0.961397 
client 17 accuracy on val: 0.896610
client 17 fairness(SP, Y) on val: 0.979900
training accuracy (client 18) : 0.588710 
client 18 accuracy on val: 0.858379
client 18 fairness(SP, Y) on val: 0.780400
training accuracy (client 20) : 0.605769 
client 20 accuracy on val: 0.847560
client 20 fairness(SP, Y) on val: 0.761300
global model accuracy on val: 0.896369
global model fairness(SP, N) on val: 0.998700
global model accuracy on test: 0.897091
global model fairness(SP, N) on test: 0.999000
------------ run = 7; t = 45; F_Global = 0.9987, Privileged = N ------------
training accuracy (client 2) : 0.927481 
client 2 accuracy on val: 0.895648
client 2 fairness(SP, N) on val: 0.994800
training accuracy (client 5) : 0.966612 
client 5 accuracy on val: 0.899976
client 5 fairness(SP, N) on val: 1.314000
training accuracy (client 10) : 0.750000 
client 10 accuracy on val: 0.777350
client 10 fairness(SP, N) on val: 1.835600
training accuracy (client 14) : 0.600000 
client 14 accuracy on val: 0.872085
client 14 fairness(SP, N) on val: 1.167500
training accuracy (client 16) : 0.651786 
client 16 accuracy on val: 0.853811
client 16 fairness(SP, N) on val: 1.319200
training accuracy (client 20) : 0.586538 
client 20 accuracy on val: 0.844434
client 20 fairness(SP, N) on val: 1.360700
global model accuracy on val: 0.894927
global model fairness(SP, Y) on val: 0.876200
global model accuracy on test: 0.894686
global model fairness(SP, Y) on test: 0.859500
------------ run = 7; t = 46; F_Global = 0.8762, Privileged = Y ------------
training accuracy (client 5) : 0.648148 
client 5 accuracy on val: 0.828324
client 5 fairness(SP, Y) on val: 0.667300
training accuracy (client 9) : 0.758929 
client 9 accuracy on val: 0.770378
client 9 fairness(SP, Y) on val: 0.513600
training accuracy (client 17) : 0.957721 
client 17 accuracy on val: 0.897331
client 17 fairness(SP, Y) on val: 0.975500
training accuracy (client 18) : 0.620968 
client 18 accuracy on val: 0.831209
client 18 fairness(SP, Y) on val: 0.662800
training accuracy (client 19) : 0.634615 
client 19 accuracy on val: 0.829767
client 19 fairness(SP, Y) on val: 0.667300
training accuracy (client 20) : 0.926718 
client 20 accuracy on val: 0.895408
client 20 fairness(SP, Y) on val: 1.003200
global model accuracy on val: 0.899736
global model fairness(SP, Y) on val: 0.960300
global model accuracy on test: 0.897812
global model fairness(SP, Y) on test: 0.975000
------------ run = 7; t = 47; F_Global = 0.9603, Privileged = Y ------------
training accuracy (client 5) : 0.651316 
client 5 accuracy on val: 0.839625
client 5 fairness(SP, Y) on val: 0.693100
training accuracy (client 6) : 0.989587 
client 6 accuracy on val: 0.896850
client 6 fairness(SP, Y) on val: 0.936600
training accuracy (client 9) : 0.630952 
client 9 accuracy on val: 0.820390
client 9 fairness(SP, Y) on val: 0.646700
training accuracy (client 11) : 0.600000 
client 11 accuracy on val: 0.859341
client 11 fairness(SP, Y) on val: 0.778500
training accuracy (client 14) : 0.663462 
client 14 accuracy on val: 0.852609
client 14 fairness(SP, Y) on val: 0.723700
training accuracy (client 15) : 0.957721 
client 15 accuracy on val: 0.897091
client 15 fairness(SP, Y) on val: 0.977000
global model accuracy on val: 0.898293
global model fairness(SP, Y) on val: 0.962500
global model accuracy on test: 0.896129
global model fairness(SP, Y) on test: 0.979300
------------ run = 7; t = 48; F_Global = 0.9625, Privileged = Y ------------
training accuracy (client 3) : 0.642857 
client 3 accuracy on val: 0.868238
client 3 fairness(SP, Y) on val: 0.665900
training accuracy (client 6) : 0.650000 
client 6 accuracy on val: 0.868238
client 6 fairness(SP, Y) on val: 0.643400
training accuracy (client 7) : 0.608333 
client 7 accuracy on val: 0.868718
client 7 fairness(SP, Y) on val: 0.637000
training accuracy (client 11) : 0.927481 
client 11 accuracy on val: 0.895648
client 11 fairness(SP, Y) on val: 1.000500
training accuracy (client 16) : 0.644737 
client 16 accuracy on val: 0.855735
client 16 fairness(SP, Y) on val: 0.617900
training accuracy (client 20) : 0.634615 
client 20 accuracy on val: 0.874730
client 20 fairness(SP, Y) on val: 0.648100
global model accuracy on val: 0.896129
global model fairness(SP, Y) on val: 0.998700
global model accuracy on test: 0.895648
global model fairness(SP, Y) on test: 0.999400
------------ run = 7; t = 49; F_Global = 0.9987, Privileged = Y ------------
training accuracy (client 3) : 0.964984 
client 3 accuracy on val: 0.899495
client 3 fairness(SP, Y) on val: 0.767000
training accuracy (client 5) : 0.913126 
client 5 accuracy on val: 0.895167
client 5 fairness(SP, Y) on val: 0.997800
training accuracy (client 6) : 0.678571 
client 6 accuracy on val: 0.854532
client 6 fairness(SP, Y) on val: 0.744200
training accuracy (client 9) : 0.592593 
client 9 accuracy on val: 0.851647
client 9 fairness(SP, Y) on val: 0.719300
training accuracy (client 13) : 0.989587 
client 13 accuracy on val: 0.896129
client 13 fairness(SP, Y) on val: 0.932200
training accuracy (client 17) : 0.675000 
client 17 accuracy on val: 0.858860
client 17 fairness(SP, Y) on val: 0.762500
global model accuracy on val: 0.895408
global model fairness(SP, Y) on val: 0.994900
global model accuracy on test: 0.895648
global model fairness(SP, Y) on test: 0.993200
------------ run = 7; t = 50; F_Global = 0.9949, Privileged = Y ------------
training accuracy (client 1) : 0.943956 
client 1 accuracy on val: 0.895648
client 1 fairness(SP, Y) on val: 1.000500
training accuracy (client 10) : 0.600000 
client 10 accuracy on val: 0.870402
client 10 fairness(SP, Y) on val: 0.797300
training accuracy (client 11) : 0.651786 
client 11 accuracy on val: 0.858620
client 11 fairness(SP, Y) on val: 0.723100
training accuracy (client 16) : 0.914070 
client 16 accuracy on val: 0.896129
client 16 fairness(SP, Y) on val: 0.997300
training accuracy (client 19) : 0.989587 
client 19 accuracy on val: 0.896610
client 19 fairness(SP, Y) on val: 0.935100
training accuracy (client 20) : 0.666667 
client 20 accuracy on val: 0.859101
client 20 fairness(SP, Y) on val: 0.736600
global model accuracy on val: 0.895408
global model fairness(SP, Y) on val: 0.998400
global model accuracy on test: 0.895888
global model fairness(SP, N) on test: 0.999000
----------------Done (FLAlgMain)----------------
