------------Execute (split_train_val_test)------------
rTrain: 0.6, rVal: 0.2, rTest: 0.2, alpha: 0.5, num_clients: 10
Total number of data row in law.csv: 20798
Total number of Training datasets: 12480
Total number of Testing datasets: 4159
Total number of Validation datasets: 4159
ratio :
[[1.14672964e-01 5.43498351e-02 1.61850761e-01 8.98910808e-03
  3.82564569e-02 1.41988112e-01 2.50822326e-01 1.26095089e-02
  1.22824025e-01 9.36369038e-02]
 [1.19543320e-01 1.73868947e-01 1.68499476e-02 1.78246823e-01
  4.58624597e-02 1.79975492e-02 3.46991211e-01 1.00499076e-02
  2.88370149e-06 9.05869505e-02]
 [1.64487128e-04 4.49152615e-02 9.20580835e-04 1.35815745e-01
  1.14634737e-01 6.01987642e-02 5.54035502e-03 6.49051171e-04
  4.65967239e-02 5.90564294e-01]
 [1.41471152e-01 1.38503244e-02 8.35466149e-02 4.00748257e-03
  1.36714385e-01 5.55641120e-01 3.96435476e-02 2.76626054e-03
  1.09890655e-02 1.13700476e-02]]
Total number of data row in dataset: 12480
Total number of clients datasets: 10
----------------(start splitting client datasets from adult_used.csv)----------------
client 1 training data (1282, 12)
client 2 training data (739, 12)
client 3 training data (1623, 12)
client 4 training data (431, 12)
client 5 training data (645, 12)
client 6 training data (1773, 12)
client 7 training data (2739, 12)
client 8 training data (130, 12)
client 9 training data (1259, 12)
client 10 training data (1859, 12)
----------------(finish splitting client datasets took 0.3244333267211914)----------------
------------Done (split_train_val_test)------------
