------------Execute (split_train_val_test)------------
rTrain: 0.6, rVal: 0.2, rTest: 0.2, alpha: 0.5, num_clients: 10
Total number of data row in law.csv: 20798
Total number of Training datasets: 12480
Total number of Testing datasets: 4159
Total number of Validation datasets: 4159
ratio :
[[1.55451630e-02 7.22657204e-02 1.37855772e-01 1.67176375e-02
  4.29587817e-01 7.23992616e-02 1.76119221e-01 4.76487409e-02
  3.18514053e-02 9.26231801e-06]
 [1.19227776e-01 6.33195999e-02 1.58908186e-01 6.38277839e-02
  1.33808653e-01 1.18864668e-01 8.56139940e-02 2.30086778e-03
  4.38497582e-02 2.10278713e-01]
 [2.30072033e-01 1.39905308e-03 2.58327469e-01 2.59695345e-02
  2.41513708e-02 1.87779730e-01 1.42656270e-01 1.25245674e-02
  9.85383409e-02 1.85816313e-02]
 [2.46765894e-02 1.62351496e-01 6.53166063e-05 3.20958668e-01
  1.76244420e-01 1.30383082e-01 3.75264691e-03 1.54293688e-01
  2.24218792e-02 4.85221408e-03]]
Total number of data row in dataset: 12480
Total number of clients datasets: 10
----------------(start splitting client datasets from adult_used.csv)----------------
client 1 training data (594, 12)
client 2 training data (842, 12)
client 3 training data (1832, 12)
client 4 training data (433, 12)
client 5 training data (4380, 12)
client 6 training data (1140, 12)
client 7 training data (1973, 12)
client 8 training data (565, 12)
client 9 training data (496, 12)
client 10 training data (225, 12)
----------------(finish splitting client datasets took 0.3782622814178467)----------------
------------Done (split_train_val_test)------------
