Alg.: FairFateVC; Client dataset: today_20230530\dataset_EO_run_6; client Count: 10
----------------(start loading 10 client datasets from today_20230530\dataset_EO_run_6)----------------
----------------(successfully loading 10 client datasets and server testing data from today_20230530\dataset_EO_run_6)----------------
----------------Execute (FLAlgMain)----------------
----------------(start running algorithm)----------------
global model accuracy on val: 0.462371
global model fairness(EO, Y) on val: 0.583700
------------ run = 7; t = 1; F_Global = 0.5837, Privileged = Y ------------
training accuracy (client 6) : 0.945696 
client 6 accuracy on val: 0.898774
client 6 fairness(EO, Y) on val: 0.778000
training accuracy (client 7) : 0.930631 
client 7 accuracy on val: 0.882424
client 7 fairness(EO, Y) on val: 0.608800
training accuracy (client 8) : 0.818182 
client 8 accuracy on val: 0.883626
client 8 fairness(EO, Y) on val: 1.027300
global model accuracy on val: 0.881702
global model fairness(EO, Y) on val: 0.723700
global model accuracy on test: 0.870402
global model fairness(EO, Y) on test: 0.728100
------------ run = 7; t = 2; F_Global = 0.7237, Privileged = Y ------------
training accuracy (client 1) : 0.879646 
client 1 accuracy on val: 0.894205
client 1 fairness(EO, Y) on val: 0.976700
training accuracy (client 5) : 0.877596 
client 5 accuracy on val: 0.884828
client 5 fairness(EO, Y) on val: 0.753300
training accuracy (client 8) : 0.828283 
client 8 accuracy on val: 0.885069
client 8 fairness(EO, Y) on val: 1.031600
global model accuracy on val: 0.894686
global model fairness(EO, Y) on val: 0.898100
global model accuracy on test: 0.890118
global model fairness(EO, Y) on test: 0.897800
------------ run = 7; t = 3; F_Global = 0.8981, Privileged = Y ------------
training accuracy (client 4) : 0.902007 
client 4 accuracy on val: 0.896129
client 4 fairness(EO, Y) on val: 0.983000
training accuracy (client 8) : 0.841751 
client 8 accuracy on val: 0.876893
client 8 fairness(EO, Y) on val: 1.050200
training accuracy (client 10) : 0.917369 
client 10 accuracy on val: 0.895408
client 10 fairness(EO, Y) on val: 1.000600
global model accuracy on val: 0.894205
global model fairness(EO, Y) on val: 0.970900
global model accuracy on test: 0.888916
global model fairness(EO, Y) on test: 0.982200
------------ run = 7; t = 4; F_Global = 0.9709, Privileged = Y ------------
training accuracy (client 4) : 0.902007 
client 4 accuracy on val: 0.898533
client 4 fairness(EO, Y) on val: 0.992100
training accuracy (client 5) : 0.880874 
client 5 accuracy on val: 0.886271
client 5 fairness(EO, Y) on val: 0.840200
training accuracy (client 9) : 0.902740 
client 9 accuracy on val: 0.900216
client 9 fairness(EO, Y) on val: 0.742800
global model accuracy on val: 0.897812
global model fairness(EO, Y) on val: 0.951700
global model accuracy on test: 0.890358
global model fairness(EO, Y) on test: 0.955300
------------ run = 7; t = 5; F_Global = 0.9517, Privileged = Y ------------
training accuracy (client 2) : 0.872261 
client 2 accuracy on val: 0.883145
client 2 fairness(EO, Y) on val: 0.766500
training accuracy (client 4) : 0.900826 
client 4 accuracy on val: 0.899736
client 4 fairness(EO, Y) on val: 0.992400
training accuracy (client 5) : 0.945696 
client 5 accuracy on val: 0.902621
client 5 fairness(EO, Y) on val: 0.806800
training accuracy (client 8) : 0.917369 
client 8 accuracy on val: 0.895408
client 8 fairness(EO, Y) on val: 1.002500
global model accuracy on val: 0.903823
global model fairness(EO, Y) on val: 0.922100
global model accuracy on test: 0.893484
global model fairness(EO, Y) on test: 0.919700
------------ run = 7; t = 6; F_Global = 0.9221, Privileged = Y ------------
training accuracy (client 3) : 0.899646 
client 3 accuracy on val: 0.898533
client 3 fairness(EO, Y) on val: 0.977200
training accuracy (client 6) : 0.917369 
client 6 accuracy on val: 0.895648
client 6 fairness(EO, Y) on val: 1.003400
training accuracy (client 13) : 0.764563 
client 13 accuracy on val: 0.684780
client 13 fairness(EO, Y) on val: 0.814300
training accuracy (client 14) : 0.990103 
client 14 accuracy on val: 0.895648
client 14 fairness(EO, Y) on val: 1.000000
global model accuracy on val: 0.897812
global model fairness(EO, Y) on val: 0.962900
global model accuracy on test: 0.890118
global model fairness(EO, Y) on test: 0.963800
------------ run = 7; t = 7; F_Global = 0.9629, Privileged = Y ------------
training accuracy (client 2) : 0.932903 
client 2 accuracy on val: 0.904544
client 2 fairness(EO, Y) on val: 0.855200
training accuracy (client 9) : 0.702128 
client 9 accuracy on val: 0.770378
client 9 fairness(EO, Y) on val: 0.759600
training accuracy (client 12) : 0.899339 
client 12 accuracy on val: 0.898774
client 12 fairness(EO, Y) on val: 0.976000
training accuracy (client 13) : 0.990103 
client 13 accuracy on val: 0.895648
client 13 fairness(EO, Y) on val: 1.000000
global model accuracy on val: 0.899736
global model fairness(EO, Y) on val: 0.980200
global model accuracy on test: 0.889156
global model fairness(EO, Y) on test: 0.973300
------------ run = 7; t = 8; F_Global = 0.9802, Privileged = Y ------------
training accuracy (client 9) : 0.750000 
client 9 accuracy on val: 0.734071
client 9 fairness(EO, Y) on val: 0.712800
training accuracy (client 10) : 0.899339 
client 10 accuracy on val: 0.899976
client 10 fairness(EO, Y) on val: 0.974000
training accuracy (client 12) : 0.725490 
client 12 accuracy on val: 0.752344
client 12 fairness(EO, Y) on val: 0.746200
training accuracy (client 15) : 0.968526 
client 15 accuracy on val: 0.900457
client 15 fairness(EO, Y) on val: 0.942900
training accuracy (client 16) : 0.696809 
client 16 accuracy on val: 0.770618
client 16 fairness(EO, Y) on val: 0.734600
global model accuracy on val: 0.899976
global model fairness(EO, Y) on val: 0.938700
global model accuracy on test: 0.891560
global model fairness(EO, Y) on test: 0.944800
------------ run = 7; t = 9; F_Global = 0.9387, Privileged = Y ------------
training accuracy (client 4) : 0.851852 
client 4 accuracy on val: 0.865352
client 4 fairness(EO, Y) on val: 1.080200
training accuracy (client 5) : 0.919056 
client 5 accuracy on val: 0.897091
client 5 fairness(EO, Y) on val: 1.006500
training accuracy (client 8) : 0.996310 
client 8 accuracy on val: 0.895648
client 8 fairness(EO, Y) on val: 1.000000
training accuracy (client 14) : 0.900073 
client 14 accuracy on val: 0.899736
client 14 fairness(EO, Y) on val: 0.977600
training accuracy (client 16) : 0.673077 
client 16 accuracy on val: 0.829767
client 16 fairness(EO, Y) on val: 0.750800
global model accuracy on val: 0.900697
global model fairness(EO, Y) on val: 0.972000
global model accuracy on test: 0.890118
global model fairness(EO, Y) on test: 0.965700
------------ run = 7; t = 10; F_Global = 0.972, Privileged = Y ------------
training accuracy (client 3) : 0.946999 
client 3 accuracy on val: 0.898533
client 3 fairness(EO, Y) on val: 0.747300
training accuracy (client 5) : 0.922428 
client 5 accuracy on val: 0.897091
client 5 fairness(EO, Y) on val: 1.008000
training accuracy (client 10) : 0.716346 
client 10 accuracy on val: 0.745852
client 10 fairness(EO, Y) on val: 0.779300
training accuracy (client 14) : 0.903747 
client 14 accuracy on val: 0.898533
client 14 fairness(EO, Y) on val: 0.989200
training accuracy (client 18) : 0.663462 
client 18 accuracy on val: 0.826160
client 18 fairness(EO, Y) on val: 0.843700
global model accuracy on val: 0.901419
global model fairness(EO, Y) on val: 0.965000
global model accuracy on test: 0.890839
global model fairness(EO, Y) on test: 0.957100
------------ run = 7; t = 11; F_Global = 0.965, Privileged = Y ------------
training accuracy (client 1) : 0.880531 
client 1 accuracy on val: 0.893965
client 1 fairness(EO, Y) on val: 0.992500
training accuracy (client 2) : 0.896104 
client 2 accuracy on val: 0.897812
client 2 fairness(EO, Y) on val: 0.978200
training accuracy (client 5) : 0.731250 
client 5 accuracy on val: 0.759317
client 5 fairness(EO, Y) on val: 0.813000
training accuracy (client 13) : 0.660000 
client 13 accuracy on val: 0.799711
client 13 fairness(EO, Y) on val: 0.826600
training accuracy (client 14) : 0.967096 
client 14 accuracy on val: 0.901659
client 14 fairness(EO, Y) on val: 0.947300
training accuracy (client 18) : 0.634615 
client 18 accuracy on val: 0.823034
client 18 fairness(EO, Y) on val: 0.810500
global model accuracy on val: 0.902621
global model fairness(EO, Y) on val: 0.964000
global model accuracy on test: 0.893244
global model fairness(EO, Y) on test: 0.955500
------------ run = 7; t = 12; F_Global = 0.964, Privileged = Y ------------
training accuracy (client 1) : 0.878761 
client 1 accuracy on val: 0.893484
client 1 fairness(EO, Y) on val: 0.993100
training accuracy (client 2) : 0.898465 
client 2 accuracy on val: 0.896850
client 2 fairness(EO, Y) on val: 0.977800
training accuracy (client 4) : 0.920742 
client 4 accuracy on val: 0.896369
client 4 fairness(EO, Y) on val: 1.009300
training accuracy (client 6) : 0.996310 
client 6 accuracy on val: 0.895648
client 6 fairness(EO, Y) on val: 1.000000
training accuracy (client 15) : 0.682692 
client 15 accuracy on val: 0.790815
client 15 fairness(EO, Y) on val: 0.781500
training accuracy (client 18) : 0.670000 
client 18 accuracy on val: 0.795384
client 18 fairness(EO, Y) on val: 0.821700
global model accuracy on val: 0.902380
global model fairness(EO, Y) on val: 0.975000
global model accuracy on test: 0.892282
global model fairness(EO, Y) on test: 0.969200
------------ run = 7; t = 13; F_Global = 0.975, Privileged = Y ------------
training accuracy (client 1) : 0.881416 
client 1 accuracy on val: 0.893724
client 1 fairness(EO, Y) on val: 0.997000
training accuracy (client 3) : 0.853535 
client 3 accuracy on val: 0.863429
client 3 fairness(EO, Y) on val: 1.086200
training accuracy (client 8) : 0.697368 
client 8 accuracy on val: 0.766530
client 8 fairness(EO, Y) on val: 0.808500
training accuracy (client 17) : 0.969242 
client 17 accuracy on val: 0.901659
client 17 fairness(EO, Y) on val: 0.956000
training accuracy (client 18) : 0.653846 
client 18 accuracy on val: 0.819428
client 18 fairness(EO, Y) on val: 0.850400
training accuracy (client 19) : 0.692308 
client 19 accuracy on val: 0.790575
client 19 fairness(EO, Y) on val: 0.809300
global model accuracy on val: 0.901659
global model fairness(EO, Y) on val: 0.978000
global model accuracy on test: 0.892282
global model fairness(EO, Y) on test: 0.967500
------------ run = 7; t = 14; F_Global = 0.978, Privileged = Y ------------
training accuracy (client 2) : 0.897285 
client 2 accuracy on val: 0.899255
client 2 fairness(EO, Y) on val: 0.984600
training accuracy (client 6) : 0.996310 
client 6 accuracy on val: 0.895648
client 6 fairness(EO, Y) on val: 1.000000
training accuracy (client 8) : 0.732759 
client 8 accuracy on val: 0.795384
client 8 fairness(EO, Y) on val: 0.864400
training accuracy (client 10) : 0.902278 
client 10 accuracy on val: 0.895888
client 10 fairness(EO, Y) on val: 1.009300
training accuracy (client 14) : 0.692308 
client 14 accuracy on val: 0.808127
client 14 fairness(EO, Y) on val: 0.892100
training accuracy (client 18) : 0.967096 
client 18 accuracy on val: 0.901900
client 18 fairness(EO, Y) on val: 0.940700
global model accuracy on val: 0.901419
global model fairness(EO, Y) on val: 0.984400
global model accuracy on test: 0.891080
global model fairness(EO, Y) on test: 0.974900
------------ run = 7; t = 15; F_Global = 0.9844, Privileged = Y ------------
training accuracy (client 7) : 0.992223 
client 7 accuracy on val: 0.895648
client 7 fairness(EO, Y) on val: 1.000000
training accuracy (client 10) : 0.723404 
client 10 accuracy on val: 0.744410
client 10 fairness(EO, Y) on val: 0.869200
training accuracy (client 12) : 0.972858 
client 12 accuracy on val: 0.905025
client 12 fairness(EO, Y) on val: 0.949500
training accuracy (client 13) : 0.743750 
client 13 accuracy on val: 0.754027
client 13 fairness(EO, Y) on val: 0.875700
training accuracy (client 15) : 0.690789 
client 15 accuracy on val: 0.759558
client 15 fairness(EO, Y) on val: 0.822200
training accuracy (client 18) : 0.732759 
client 18 accuracy on val: 0.798750
client 18 fairness(EO, Y) on val: 0.860200
global model accuracy on val: 0.899255
global model fairness(EO, Y) on val: 0.989300
global model accuracy on test: 0.889156
global model fairness(EO, Y) on test: 0.984800
------------ run = 7; t = 16; F_Global = 0.9893, Privileged = Y ------------
training accuracy (client 9) : 0.901543 
client 9 accuracy on val: 0.898533
client 9 fairness(EO, Y) on val: 1.001400
training accuracy (client 11) : 0.650000 
client 11 accuracy on val: 0.802116
client 11 fairness(EO, Y) on val: 0.800000
training accuracy (client 12) : 0.644231 
client 12 accuracy on val: 0.827362
client 12 fairness(EO, Y) on val: 0.797400
training accuracy (client 13) : 0.673077 
client 13 accuracy on val: 0.798750
client 13 fairness(EO, Y) on val: 0.768200
training accuracy (client 18) : 0.725000 
client 18 accuracy on val: 0.759558
client 18 fairness(EO, Y) on val: 0.804500
training accuracy (client 19) : 0.703947 
client 19 accuracy on val: 0.768454
client 19 fairness(EO, Y) on val: 0.737000
global model accuracy on val: 0.901659
global model fairness(EO, Y) on val: 0.981400
global model accuracy on test: 0.890599
global model fairness(EO, Y) on test: 0.973900
------------ run = 7; t = 17; F_Global = 0.9814, Privileged = Y ------------
training accuracy (client 3) : 0.853535 
client 3 accuracy on val: 0.862226
client 3 fairness(EO, Y) on val: 1.090100
training accuracy (client 5) : 0.925828 
client 5 accuracy on val: 0.897572
client 5 fairness(EO, Y) on val: 1.006800
training accuracy (client 6) : 0.996310 
client 6 accuracy on val: 0.895648
client 6 fairness(EO, Y) on val: 1.000000
training accuracy (client 10) : 0.634615 
client 10 accuracy on val: 0.818466
client 10 fairness(EO, Y) on val: 0.821500
training accuracy (client 11) : 0.673077 
client 11 accuracy on val: 0.817504
client 11 fairness(EO, Y) on val: 0.868800
training accuracy (client 18) : 0.692308 
client 18 accuracy on val: 0.792258
client 18 fairness(EO, Y) on val: 0.797300
global model accuracy on val: 0.900938
global model fairness(EO, Y) on val: 0.990500
global model accuracy on test: 0.890599
global model fairness(EO, Y) on test: 0.985400
------------ run = 7; t = 18; F_Global = 0.9905, Privileged = Y ------------
training accuracy (client 1) : 0.879646 
client 1 accuracy on val: 0.891080
client 1 fairness(EO, Y) on val: 0.997900
training accuracy (client 2) : 0.896104 
client 2 accuracy on val: 0.898052
client 2 fairness(EO, Y) on val: 0.981600
training accuracy (client 4) : 0.919056 
client 4 accuracy on val: 0.895408
client 4 fairness(EO, Y) on val: 1.011800
training accuracy (client 12) : 0.975403 
client 12 accuracy on val: 0.905025
client 12 fairness(EO, Y) on val: 0.949500
training accuracy (client 13) : 0.732759 
client 13 accuracy on val: 0.795864
client 13 fairness(EO, Y) on val: 0.854700
training accuracy (client 17) : 0.684211 
client 17 accuracy on val: 0.761962
client 17 fairness(EO, Y) on val: 0.809200
global model accuracy on val: 0.900457
global model fairness(EO, Y) on val: 0.992700
global model accuracy on test: 0.890599
global model fairness(EO, Y) on test: 0.986000
------------ run = 7; t = 19; F_Global = 0.9927, Privileged = Y ------------
training accuracy (client 5) : 0.996310 
client 5 accuracy on val: 0.895648
client 5 fairness(EO, Y) on val: 1.000000
training accuracy (client 9) : 0.969242 
client 9 accuracy on val: 0.901900
client 9 fairness(EO, Y) on val: 0.956000
training accuracy (client 10) : 0.734043 
client 10 accuracy on val: 0.742246
client 10 fairness(EO, Y) on val: 0.872700
training accuracy (client 13) : 0.756250 
client 13 accuracy on val: 0.751863
client 13 fairness(EO, Y) on val: 0.889700
training accuracy (client 14) : 0.615385 
client 14 accuracy on val: 0.815100
client 14 fairness(EO, Y) on val: 0.885900
training accuracy (client 18) : 0.965612 
client 18 accuracy on val: 0.895408
client 18 fairness(EO, Y) on val: 1.000300
global model accuracy on val: 0.898774
global model fairness(EO, Y) on val: 0.998700
global model accuracy on test: 0.888435
global model fairness(EO, Y) on test: 0.988600
------------ run = 7; t = 20; F_Global = 0.9987, Privileged = Y ------------
training accuracy (client 7) : 0.750000 
client 7 accuracy on val: 0.772541
client 7 fairness(EO, Y) on val: 0.816700
training accuracy (client 9) : 0.670000 
client 9 accuracy on val: 0.793700
client 9 fairness(EO, Y) on val: 0.877800
training accuracy (client 10) : 0.653846 
client 10 accuracy on val: 0.811253
client 10 fairness(EO, Y) on val: 0.866200
training accuracy (client 12) : 0.721154 
client 12 accuracy on val: 0.786487
client 12 fairness(EO, Y) on val: 0.825100
training accuracy (client 18) : 0.969957 
client 18 accuracy on val: 0.901178
client 18 fairness(EO, Y) on val: 0.942900
training accuracy (client 20) : 0.737500 
client 20 accuracy on val: 0.753547
client 20 fairness(EO, Y) on val: 0.883200
global model accuracy on val: 0.899736
global model fairness(EO, Y) on val: 0.994300
global model accuracy on test: 0.888916
global model fairness(EO, Y) on test: 0.986700
------------ run = 7; t = 21; F_Global = 0.9943, Privileged = Y ------------
training accuracy (client 3) : 0.919056 
client 3 accuracy on val: 0.896129
client 3 fairness(EO, Y) on val: 1.013000
training accuracy (client 6) : 0.992223 
client 6 accuracy on val: 0.895648
client 6 fairness(EO, Y) on val: 1.000000
training accuracy (client 13) : 0.684211 
client 13 accuracy on val: 0.764607
client 13 fairness(EO, Y) on val: 0.805700
training accuracy (client 15) : 0.625000 
client 15 accuracy on val: 0.816542
client 15 fairness(EO, Y) on val: 0.847300
training accuracy (client 17) : 0.670000 
client 17 accuracy on val: 0.791296
client 17 fairness(EO, Y) on val: 0.842600
training accuracy (client 21) : 0.731250 
client 21 accuracy on val: 0.752585
client 21 fairness(EO, Y) on val: 0.862100
global model accuracy on val: 0.897812
global model fairness(EO, Y) on val: 0.998100
global model accuracy on test: 0.888194
global model fairness(EO, Y) on test: 0.990500
------------ run = 7; t = 22; F_Global = 0.9981, Privileged = Y ------------
training accuracy (client 1) : 0.878761 
client 1 accuracy on val: 0.892282
client 1 fairness(EO, Y) on val: 0.996000
training accuracy (client 4) : 0.925828 
client 4 accuracy on val: 0.896610
client 4 fairness(EO, Y) on val: 1.009700
training accuracy (client 5) : 0.996310 
client 5 accuracy on val: 0.895648
client 5 fairness(EO, Y) on val: 1.000000
training accuracy (client 6) : 0.992577 
client 6 accuracy on val: 0.895648
client 6 fairness(EO, Y) on val: 1.000000
training accuracy (client 10) : 0.965612 
client 10 accuracy on val: 0.895408
client 10 fairness(EO, Y) on val: 1.000300
training accuracy (client 18) : 0.690789 
client 18 accuracy on val: 0.761481
client 18 fairness(EO, Y) on val: 0.769800
global model accuracy on val: 0.896369
global model fairness(EO, Y) on val: 0.998100
global model accuracy on test: 0.887232
global model fairness(EO, Y) on test: 0.996200
------------ run = 7; t = 23; F_Global = 0.9981, Privileged = Y ------------
training accuracy (client 3) : 0.923179 
client 3 accuracy on val: 0.898052
client 3 fairness(EO, Y) on val: 1.008100
training accuracy (client 4) : 0.996310 
client 4 accuracy on val: 0.895648
client 4 fairness(EO, Y) on val: 1.000000
training accuracy (client 5) : 0.992577 
client 5 accuracy on val: 0.895648
client 5 fairness(EO, Y) on val: 1.000000
training accuracy (client 8) : 0.633333 
client 8 accuracy on val: 0.798269
client 8 fairness(EO, Y) on val: 0.822600
training accuracy (client 15) : 0.682692 
client 15 accuracy on val: 0.795864
client 15 fairness(EO, Y) on val: 0.793200
training accuracy (client 18) : 0.670000 
client 18 accuracy on val: 0.797788
client 18 fairness(EO, Y) on val: 0.824000
global model accuracy on val: 0.896610
global model fairness(EO, Y) on val: 0.000000
global model accuracy on test: 0.887232
global model fairness(EO, Y) on test: 0.998100
------------ run = 7; t = 24; F_Global = 0, Privileged = Y ------------
training accuracy (client 1) : 0.850168 
client 1 accuracy on val: 0.860543
client 1 fairness(EO, Y) on val: 1.092100
training accuracy (client 3) : 0.927152 
client 3 accuracy on val: 0.897091
client 3 fairness(EO, Y) on val: 1.009000
training accuracy (client 7) : 0.673077 
client 7 accuracy on val: 0.825198
client 7 fairness(EO, Y) on val: 0.841300
training accuracy (client 8) : 0.965612 
client 8 accuracy on val: 0.895408
client 8 fairness(EO, Y) on val: 1.000300
training accuracy (client 13) : 0.644231 
client 13 accuracy on val: 0.825920
client 13 fairness(EO, Y) on val: 0.794000
training accuracy (client 18) : 0.690789 
client 18 accuracy on val: 0.770618
client 18 fairness(EO, Y) on val: 0.744600
global model accuracy on val: 0.899495
global model fairness(EO, Y) on val: 0.998100
global model accuracy on test: 0.887713
global model fairness(EO, Y) on test: 0.986700
------------ run = 7; t = 25; F_Global = 0.9981, Privileged = Y ------------
training accuracy (client 5) : 0.991516 
client 5 accuracy on val: 0.895648
client 5 fairness(EO, Y) on val: 1.000000
training accuracy (client 10) : 0.732759 
client 10 accuracy on val: 0.794662
client 10 fairness(EO, Y) on val: 0.857600
training accuracy (client 13) : 0.653846 
client 13 accuracy on val: 0.810291
client 13 fairness(EO, Y) on val: 0.839600
training accuracy (client 14) : 0.969957 
client 14 accuracy on val: 0.901900
client 14 fairness(EO, Y) on val: 0.940700
training accuracy (client 16) : 0.737500 
client 16 accuracy on val: 0.747055
client 16 fairness(EO, Y) on val: 0.842300
training accuracy (client 17) : 0.880531 
client 17 accuracy on val: 0.890358
client 17 fairness(EO, Y) on val: 0.994700
global model accuracy on val: 0.897572
global model fairness(EO, Y) on val: 0.997800
global model accuracy on test: 0.887232
global model fairness(EO, Y) on test: 0.994300
------------ run = 7; t = 26; F_Global = 0.9978, Privileged = Y ------------
training accuracy (client 1) : 0.851852 
client 1 accuracy on val: 0.859341
client 1 fairness(EO, Y) on val: 1.091500
training accuracy (client 14) : 0.641667 
client 14 accuracy on val: 0.793700
client 14 fairness(EO, Y) on val: 0.763000
training accuracy (client 15) : 0.692308 
client 15 accuracy on val: 0.789372
client 15 fairness(EO, Y) on val: 0.737700
training accuracy (client 16) : 0.670000 
client 16 accuracy on val: 0.794903
client 16 fairness(EO, Y) on val: 0.778100
training accuracy (client 17) : 0.724138 
client 17 accuracy on val: 0.800433
client 17 fairness(EO, Y) on val: 0.786500
training accuracy (client 18) : 0.644231 
client 18 accuracy on val: 0.822554
client 18 fairness(EO, Y) on val: 0.782600
global model accuracy on val: 0.900216
global model fairness(EO, Y) on val: 0.996500
global model accuracy on test: 0.888435
global model fairness(EO, Y) on test: 0.987000
------------ run = 7; t = 27; F_Global = 0.9965, Privileged = Y ------------
training accuracy (client 2) : 0.919056 
client 2 accuracy on val: 0.895888
client 2 fairness(EO, Y) on val: 1.014600
training accuracy (client 6) : 0.902278 
client 6 accuracy on val: 0.896610
client 6 fairness(EO, Y) on val: 1.014800
training accuracy (client 8) : 0.965612 
client 8 accuracy on val: 0.895408
client 8 fairness(EO, Y) on val: 1.000300
training accuracy (client 9) : 0.975403 
client 9 accuracy on val: 0.904304
client 9 fairness(EO, Y) on val: 0.962600
training accuracy (client 15) : 0.762500 
client 15 accuracy on val: 0.739120
client 15 fairness(EO, Y) on val: 0.853300
training accuracy (client 21) : 0.663462 
client 21 accuracy on val: 0.799231
client 21 fairness(EO, Y) on val: 0.861900
global model accuracy on val: 0.900216
global model fairness(EO, Y) on val: 0.999000
global model accuracy on test: 0.888675
global model fairness(EO, Y) on test: 0.987000
------------ run = 7; t = 28; F_Global = 0.999, Privileged = Y ------------
training accuracy (client 2) : 0.920742 
client 2 accuracy on val: 0.895888
client 2 fairness(EO, Y) on val: 1.012700
training accuracy (client 6) : 0.903747 
client 6 accuracy on val: 0.896129
client 6 fairness(EO, Y) on val: 1.017400
training accuracy (client 8) : 0.965612 
client 8 accuracy on val: 0.895408
client 8 fairness(EO, Y) on val: 1.000300
training accuracy (client 11) : 0.625000 
client 11 accuracy on val: 0.801395
client 11 fairness(EO, Y) on val: 0.883700
training accuracy (client 14) : 0.879646 
client 14 accuracy on val: 0.888194
client 14 fairness(EO, Y) on val: 0.998500
training accuracy (client 19) : 0.975403 
client 19 accuracy on val: 0.903342
client 19 fairness(EO, Y) on val: 0.949500
global model accuracy on val: 0.898052
global model fairness(EO, N) on val: 0.999800
global model accuracy on test: 0.888675
global model fairness(EO, Y) on test: 0.990800
------------ run = 7; t = 29; F_Global = 0.9998, Privileged = N ------------
training accuracy (client 2) : 0.922428 
client 2 accuracy on val: 0.895408
client 2 fairness(EO, N) on val: 0.986900
training accuracy (client 9) : 0.728723 
client 9 accuracy on val: 0.732388
client 9 fairness(EO, N) on val: 1.134300
training accuracy (client 10) : 0.775000 
client 10 accuracy on val: 0.756672
client 10 fairness(EO, N) on val: 1.202600
training accuracy (client 12) : 0.969957 
client 12 accuracy on val: 0.901900
client 12 fairness(EO, N) on val: 1.063100
training accuracy (client 16) : 0.741379 
client 16 accuracy on val: 0.777110
client 16 fairness(EO, N) on val: 1.100400
training accuracy (client 18) : 0.673077 
client 18 accuracy on val: 0.788651
client 18 fairness(EO, N) on val: 1.117400
global model accuracy on val: 0.902621
global model fairness(EO, Y) on val: 0.981900
global model accuracy on test: 0.891801
global model fairness(EO, Y) on test: 0.963800
------------ run = 7; t = 30; F_Global = 0.9819, Privileged = Y ------------
training accuracy (client 1) : 0.853535 
client 1 accuracy on val: 0.860543
client 1 fairness(EO, Y) on val: 1.094900
training accuracy (client 9) : 0.783333 
client 9 accuracy on val: 0.748016
client 9 fairness(EO, Y) on val: 0.793400
training accuracy (client 10) : 0.730263 
client 10 accuracy on val: 0.750421
client 10 fairness(EO, Y) on val: 0.808100
training accuracy (client 15) : 0.758621 
client 15 accuracy on val: 0.771339
client 15 fairness(EO, Y) on val: 0.898400
training accuracy (client 19) : 0.881416 
client 19 accuracy on val: 0.887232
client 19 fairness(EO, Y) on val: 0.997400
training accuracy (client 20) : 0.974555 
client 20 accuracy on val: 0.903823
client 20 fairness(EO, Y) on val: 0.953800
global model accuracy on val: 0.901178
global model fairness(EO, Y) on val: 0.984600
global model accuracy on test: 0.890358
global model fairness(EO, Y) on test: 0.970000
------------ run = 7; t = 31; F_Global = 0.9846, Privileged = Y ------------
training accuracy (client 1) : 0.851852 
client 1 accuracy on val: 0.853571
client 1 fairness(EO, Y) on val: 1.104000
training accuracy (client 6) : 0.740385 
client 6 accuracy on val: 0.775186
client 6 fairness(EO, Y) on val: 0.945200
training accuracy (client 9) : 0.969242 
client 9 accuracy on val: 0.901659
client 9 fairness(EO, Y) on val: 0.947300
training accuracy (client 10) : 0.666667 
client 10 accuracy on val: 0.760038
client 10 fairness(EO, Y) on val: 0.889100
training accuracy (client 16) : 0.877876 
client 16 accuracy on val: 0.887954
client 16 fairness(EO, Y) on val: 1.001400
training accuracy (client 19) : 0.710526 
client 19 accuracy on val: 0.745612
client 19 fairness(EO, Y) on val: 0.831500
global model accuracy on val: 0.899255
global model fairness(EO, Y) on val: 0.990800
global model accuracy on test: 0.887232
global model fairness(EO, Y) on test: 0.984300
------------ run = 7; t = 32; F_Global = 0.9908, Privileged = Y ------------
training accuracy (client 1) : 0.853535 
client 1 accuracy on val: 0.858860
client 1 fairness(EO, Y) on val: 1.098200
training accuracy (client 4) : 0.992577 
client 4 accuracy on val: 0.895648
client 4 fairness(EO, Y) on val: 1.000000
training accuracy (client 15) : 0.783333 
client 15 accuracy on val: 0.742967
client 15 fairness(EO, Y) on val: 0.843400
training accuracy (client 16) : 0.750000 
client 16 accuracy on val: 0.760760
client 16 fairness(EO, Y) on val: 0.933400
training accuracy (client 18) : 0.740385 
client 18 accuracy on val: 0.774225
client 18 fairness(EO, Y) on val: 0.980400
training accuracy (client 19) : 0.969957 
client 19 accuracy on val: 0.902140
client 19 fairness(EO, Y) on val: 0.947300
global model accuracy on val: 0.902380
global model fairness(EO, Y) on val: 0.994500
global model accuracy on test: 0.890118
global model fairness(EO, Y) on test: 0.984100
------------ run = 7; t = 33; F_Global = 0.9945, Privileged = Y ------------
training accuracy (client 4) : 0.993284 
client 4 accuracy on val: 0.895648
client 4 fairness(EO, Y) on val: 1.000000
training accuracy (client 8) : 0.769231 
client 8 accuracy on val: 0.756672
client 8 fairness(EO, Y) on val: 0.856900
training accuracy (client 11) : 0.663462 
client 11 accuracy on val: 0.776629
client 11 fairness(EO, Y) on val: 0.873000
training accuracy (client 17) : 0.697368 
client 17 accuracy on val: 0.748497
client 17 fairness(EO, Y) on val: 0.857300
training accuracy (client 18) : 0.783333 
client 18 accuracy on val: 0.746574
client 18 fairness(EO, Y) on val: 0.817900
training accuracy (client 21) : 0.967811 
client 21 accuracy on val: 0.902140
client 21 fairness(EO, Y) on val: 0.942900
global model accuracy on val: 0.898293
global model fairness(EO, Y) on val: 0.998100
global model accuracy on test: 0.887713
global model fairness(EO, Y) on test: 0.996200
------------ run = 7; t = 34; F_Global = 0.9981, Privileged = Y ------------
training accuracy (client 2) : 0.920530 
client 2 accuracy on val: 0.895408
client 2 fairness(EO, Y) on val: 1.007100
training accuracy (client 4) : 0.993637 
client 4 accuracy on val: 0.895648
client 4 fairness(EO, Y) on val: 1.000000
training accuracy (client 11) : 0.879646 
client 11 accuracy on val: 0.888675
client 11 fairness(EO, Y) on val: 1.000800
training accuracy (client 12) : 0.919056 
client 12 accuracy on val: 0.894927
client 12 fairness(EO, Y) on val: 1.014900
training accuracy (client 16) : 0.721154 
client 16 accuracy on val: 0.790094
client 16 fairness(EO, Y) on val: 0.823100
training accuracy (client 20) : 0.775000 
client 20 accuracy on val: 0.757153
client 20 fairness(EO, Y) on val: 0.728300
global model accuracy on val: 0.898052
global model fairness(EO, Y) on val: 0.998100
global model accuracy on test: 0.887713
global model fairness(EO, Y) on test: 0.996200
------------ run = 7; t = 35; F_Global = 0.9981, Privileged = Y ------------
training accuracy (client 2) : 0.921854 
client 2 accuracy on val: 0.896369
client 2 fairness(EO, Y) on val: 1.010300
training accuracy (client 3) : 0.996310 
client 3 accuracy on val: 0.895648
client 3 fairness(EO, Y) on val: 1.000000
training accuracy (client 4) : 0.993284 
client 4 accuracy on val: 0.895648
client 4 fairness(EO, Y) on val: 1.000000
training accuracy (client 6) : 0.965612 
client 6 accuracy on val: 0.895408
client 6 fairness(EO, Y) on val: 1.000300
training accuracy (client 8) : 0.710000 
client 8 accuracy on val: 0.768694
client 8 fairness(EO, Y) on val: 0.804700
training accuracy (client 16) : 0.740385 
client 16 accuracy on val: 0.769416
client 16 fairness(EO, Y) on val: 0.774800
global model accuracy on val: 0.896369
global model fairness(EO, Y) on val: 0.000000
global model accuracy on test: 0.886992
global model fairness(EO, Y) on test: 0.000000
------------ run = 7; t = 36; F_Global = 0, Privileged = Y ------------
training accuracy (client 2) : 0.924503 
client 2 accuracy on val: 0.895648
client 2 fairness(EO, Y) on val: 1.007000
training accuracy (client 10) : 0.880531 
client 10 accuracy on val: 0.888435
client 10 fairness(EO, Y) on val: 0.999400
training accuracy (client 13) : 0.666667 
client 13 accuracy on val: 0.772061
client 13 fairness(EO, Y) on val: 0.779200
training accuracy (client 15) : 0.673077 
client 15 accuracy on val: 0.800914
client 15 fairness(EO, Y) on val: 0.808000
training accuracy (client 18) : 0.701923 
client 18 accuracy on val: 0.798269
client 18 fairness(EO, Y) on val: 0.853500
training accuracy (client 21) : 0.730769 
client 21 accuracy on val: 0.770858
client 21 fairness(EO, Y) on val: 0.772100
global model accuracy on val: 0.902140
global model fairness(EO, Y) on val: 0.980600
global model accuracy on test: 0.892522
global model fairness(EO, Y) on test: 0.965600
------------ run = 7; t = 37; F_Global = 0.9806, Privileged = Y ------------
training accuracy (client 1) : 0.853535 
client 1 accuracy on val: 0.853571
client 1 fairness(EO, Y) on val: 1.105100
training accuracy (client 2) : 0.923179 
client 2 accuracy on val: 0.895648
client 2 fairness(EO, Y) on val: 1.013500
training accuracy (client 8) : 0.768750 
client 8 accuracy on val: 0.729021
client 8 fairness(EO, Y) on val: 0.846400
training accuracy (client 10) : 0.880531 
client 10 accuracy on val: 0.886511
client 10 fairness(EO, Y) on val: 0.995000
training accuracy (client 12) : 0.975403 
client 12 accuracy on val: 0.903583
client 12 fairness(EO, Y) on val: 0.958200
training accuracy (client 17) : 0.967096 
client 17 accuracy on val: 0.902380
client 17 fairness(EO, Y) on val: 0.927500
global model accuracy on val: 0.902140
global model fairness(EO, Y) on val: 0.990200
global model accuracy on test: 0.892041
global model fairness(EO, Y) on test: 0.969600
------------ run = 7; t = 38; F_Global = 0.9902, Privileged = Y ------------
training accuracy (client 4) : 0.992577 
client 4 accuracy on val: 0.895648
client 4 fairness(EO, Y) on val: 1.000000
training accuracy (client 7) : 0.734043 
client 7 accuracy on val: 0.724213
client 7 fairness(EO, Y) on val: 0.862400
training accuracy (client 9) : 0.880531 
client 9 accuracy on val: 0.886030
client 9 fairness(EO, Y) on val: 0.996000
training accuracy (client 14) : 0.717105 
client 14 accuracy on val: 0.738158
client 14 fairness(EO, Y) on val: 0.796600
training accuracy (client 16) : 0.783333 
client 16 accuracy on val: 0.738399
client 16 fairness(EO, Y) on val: 0.791700
training accuracy (client 20) : 0.976251 
client 20 accuracy on val: 0.903583
client 20 fairness(EO, Y) on val: 0.962600
global model accuracy on val: 0.902140
global model fairness(EO, Y) on val: 0.985800
global model accuracy on test: 0.889396
global model fairness(EO, Y) on test: 0.981600
------------ run = 7; t = 39; F_Global = 0.9858, Privileged = Y ------------
training accuracy (client 1) : 0.851852 
client 1 accuracy on val: 0.853811
client 1 fairness(EO, Y) on val: 1.101500
training accuracy (client 3) : 0.998155 
client 3 accuracy on val: 0.895648
client 3 fairness(EO, Y) on val: 1.000000
training accuracy (client 5) : 0.901543 
client 5 accuracy on val: 0.896610
client 5 fairness(EO, Y) on val: 1.014500
training accuracy (client 6) : 0.965612 
client 6 accuracy on val: 0.895408
client 6 fairness(EO, Y) on val: 1.000300
training accuracy (client 12) : 0.692308 
client 12 accuracy on val: 0.773984
client 12 fairness(EO, Y) on val: 0.824100
training accuracy (client 15) : 0.769231 
client 15 accuracy on val: 0.756432
client 15 fairness(EO, Y) on val: 0.784300
global model accuracy on val: 0.899255
global model fairness(EO, Y) on val: 0.998000
global model accuracy on test: 0.888194
global model fairness(EO, Y) on test: 0.991100
------------ run = 7; t = 40; F_Global = 0.998, Privileged = Y ------------
training accuracy (client 2) : 0.920530 
client 2 accuracy on val: 0.894927
client 2 fairness(EO, Y) on val: 1.012500
training accuracy (client 5) : 0.903013 
client 5 accuracy on val: 0.894446
client 5 fairness(EO, Y) on val: 1.017700
training accuracy (client 6) : 0.965612 
client 6 accuracy on val: 0.895408
client 6 fairness(EO, Y) on val: 1.000300
training accuracy (client 16) : 0.734043 
client 16 accuracy on val: 0.724693
client 16 fairness(EO, Y) on val: 0.865100
training accuracy (client 18) : 0.783333 
client 18 accuracy on val: 0.739601
client 18 fairness(EO, Y) on val: 0.796600
training accuracy (client 20) : 0.663462 
client 20 accuracy on val: 0.771339
client 20 fairness(EO, Y) on val: 0.884700
global model accuracy on val: 0.897331
global model fairness(EO, N) on val: 0.998900
global model accuracy on test: 0.887713
global model fairness(EO, Y) on test: 0.993300
------------ run = 7; t = 41; F_Global = 0.9989, Privileged = N ------------
training accuracy (client 3) : 0.996310 
client 3 accuracy on val: 0.895648
client 3 fairness(EO, N) on val: 1.000000
training accuracy (client 5) : 0.901543 
client 5 accuracy on val: 0.890839
client 5 fairness(EO, N) on val: 0.977100
training accuracy (client 6) : 0.965612 
client 6 accuracy on val: 0.895408
client 6 fairness(EO, N) on val: 0.999700
training accuracy (client 15) : 0.969242 
client 15 accuracy on val: 0.901900
client 15 fairness(EO, N) on val: 1.091100
training accuracy (client 18) : 0.778846 
client 18 accuracy on val: 0.751383
client 18 fairness(EO, N) on val: 1.166100
training accuracy (client 19) : 0.739362 
client 19 accuracy on val: 0.723251
client 19 fairness(EO, N) on val: 1.110300
global model accuracy on val: 0.901178
global model fairness(EO, Y) on val: 0.992500
global model accuracy on test: 0.889877
global model fairness(EO, Y) on test: 0.979900
------------ run = 7; t = 42; F_Global = 0.9925, Privileged = Y ------------
training accuracy (client 5) : 0.965612 
client 5 accuracy on val: 0.895408
client 5 fairness(EO, Y) on val: 1.000300
training accuracy (client 6) : 0.701923 
client 6 accuracy on val: 0.763886
client 6 fairness(EO, Y) on val: 0.871800
training accuracy (client 9) : 0.666667 
client 9 accuracy on val: 0.749699
client 9 fairness(EO, Y) on val: 0.873300
training accuracy (client 16) : 0.976251 
client 16 accuracy on val: 0.904063
client 16 fairness(EO, Y) on val: 0.962600
training accuracy (client 19) : 0.783333 
client 19 accuracy on val: 0.734552
client 19 fairness(EO, Y) on val: 0.801200
training accuracy (client 20) : 0.682692 
client 20 accuracy on val: 0.764847
client 20 fairness(EO, Y) on val: 0.866500
global model accuracy on val: 0.897091
global model fairness(EO, N) on val: 0.998200
global model accuracy on test: 0.888194
global model fairness(EO, N) on test: 0.999700
------------ run = 7; t = 43; F_Global = 0.9982, Privileged = N ------------
training accuracy (client 6) : 0.878761 
client 6 accuracy on val: 0.887473
client 6 fairness(EO, N) on val: 1.000300
training accuracy (client 8) : 0.750000 
client 8 accuracy on val: 0.758115
client 8 fairness(EO, N) on val: 1.083200
training accuracy (client 12) : 0.970672 
client 12 accuracy on val: 0.901419
client 12 fairness(EO, N) on val: 1.055700
training accuracy (client 13) : 0.703947 
client 13 accuracy on val: 0.734792
client 13 fairness(EO, N) on val: 1.160700
training accuracy (client 17) : 0.682692 
client 17 accuracy on val: 0.764126
client 17 fairness(EO, N) on val: 1.093700
training accuracy (client 19) : 0.975403 
client 19 accuracy on val: 0.903583
client 19 fairness(EO, N) on val: 1.038800
global model accuracy on val: 0.903583
global model fairness(EO, Y) on val: 0.967700
global model accuracy on test: 0.895167
global model fairness(EO, Y) on test: 0.958100
------------ run = 7; t = 44; F_Global = 0.9677, Privileged = Y ------------
training accuracy (client 4) : 0.993284 
client 4 accuracy on val: 0.895648
client 4 fairness(EO, Y) on val: 1.000000
training accuracy (client 6) : 0.879646 
client 6 accuracy on val: 0.890358
client 6 fairness(EO, Y) on val: 1.001200
training accuracy (client 9) : 0.769231 
client 9 accuracy on val: 0.760279
client 9 fairness(EO, Y) on val: 0.875200
training accuracy (client 11) : 0.787500 
client 11 accuracy on val: 0.716999
client 11 fairness(EO, Y) on val: 0.861200
training accuracy (client 13) : 0.736842 
client 13 accuracy on val: 0.728541
client 13 fairness(EO, Y) on val: 0.780700
training accuracy (client 18) : 0.675000 
client 18 accuracy on val: 0.742246
client 18 fairness(EO, Y) on val: 0.831900
global model accuracy on val: 0.900938
global model fairness(EO, Y) on val: 0.989300
global model accuracy on test: 0.889396
global model fairness(EO, Y) on test: 0.982900
------------ run = 7; t = 45; F_Global = 0.9893, Privileged = Y ------------
training accuracy (client 1) : 0.853535 
client 1 accuracy on val: 0.851647
client 1 fairness(EO, Y) on val: 1.103600
training accuracy (client 4) : 0.992930 
client 4 accuracy on val: 0.895648
client 4 fairness(EO, Y) on val: 1.000000
training accuracy (client 6) : 0.878761 
client 6 accuracy on val: 0.890358
client 6 fairness(EO, Y) on val: 0.998600
training accuracy (client 13) : 0.900073 
client 13 accuracy on val: 0.898052
client 13 fairness(EO, Y) on val: 1.010700
training accuracy (client 20) : 0.717105 
client 20 accuracy on val: 0.734071
client 20 fairness(EO, Y) on val: 0.757300
training accuracy (client 21) : 0.683333 
client 21 accuracy on val: 0.750902
client 21 fairness(EO, Y) on val: 0.788000
global model accuracy on val: 0.899495
global model fairness(EO, Y) on val: 0.993000
global model accuracy on test: 0.888435
global model fairness(EO, Y) on test: 0.988900
------------ run = 7; t = 46; F_Global = 0.993, Privileged = Y ------------
training accuracy (client 6) : 0.876991 
client 6 accuracy on val: 0.889396
client 6 fairness(EO, Y) on val: 1.002100
training accuracy (client 7) : 0.919056 
client 7 accuracy on val: 0.893965
client 7 fairness(EO, Y) on val: 1.018400
training accuracy (client 9) : 0.770000 
client 9 accuracy on val: 0.743448
client 9 fairness(EO, Y) on val: 0.811500
training accuracy (client 10) : 0.969242 
client 10 accuracy on val: 0.901900
client 10 fairness(EO, Y) on val: 0.936300
training accuracy (client 12) : 0.739362 
client 12 accuracy on val: 0.716999
client 12 fairness(EO, Y) on val: 0.834500
training accuracy (client 15) : 0.976251 
client 15 accuracy on val: 0.903583
client 15 fairness(EO, Y) on val: 0.978000
global model accuracy on val: 0.900697
global model fairness(EO, Y) on val: 0.996900
global model accuracy on test: 0.889877
global model fairness(EO, Y) on test: 0.989800
------------ run = 7; t = 47; F_Global = 0.9969, Privileged = Y ------------
training accuracy (client 2) : 0.923179 
client 2 accuracy on val: 0.893724
client 2 fairness(EO, Y) on val: 1.013200
training accuracy (client 6) : 0.875221 
client 6 accuracy on val: 0.890358
client 6 fairness(EO, Y) on val: 1.000600
training accuracy (client 7) : 0.920742 
client 7 accuracy on val: 0.893965
client 7 fairness(EO, Y) on val: 1.017400
training accuracy (client 13) : 0.701923 
client 13 accuracy on val: 0.755470
client 13 fairness(EO, Y) on val: 0.903400
training accuracy (client 17) : 0.666667 
client 17 accuracy on val: 0.739601
client 17 fairness(EO, Y) on val: 0.914700
training accuracy (client 18) : 0.780000 
client 18 accuracy on val: 0.734071
client 18 fairness(EO, Y) on val: 0.871600
global model accuracy on val: 0.898293
global model fairness(EO, N) on val: 0.995000
global model accuracy on test: 0.889637
global model fairness(EO, N) on test: 0.999400
------------ run = 7; t = 48; F_Global = 0.995, Privileged = N ------------
training accuracy (client 1) : 0.856902 
client 1 accuracy on val: 0.853330
client 1 fairness(EO, N) on val: 0.905200
training accuracy (client 4) : 0.993637 
client 4 accuracy on val: 0.895648
client 4 fairness(EO, N) on val: 1.000000
training accuracy (client 9) : 0.778846 
client 9 accuracy on val: 0.735513
client 9 fairness(EO, N) on val: 1.110800
training accuracy (client 12) : 0.808333 
client 12 accuracy on val: 0.722529
client 12 fairness(EO, N) on val: 1.162300
training accuracy (client 13) : 0.769231 
client 13 accuracy on val: 0.749459
client 13 fairness(EO, N) on val: 0.984100
training accuracy (client 14) : 0.787500 
client 14 accuracy on val: 0.710507
client 14 fairness(EO, N) on val: 1.009800
global model accuracy on val: 0.864150
global model fairness(EO, Y) on val: 0.931800
global model accuracy on test: 0.866074
global model fairness(EO, Y) on test: 0.952600
------------ run = 7; t = 49; F_Global = 0.9318, Privileged = Y ------------
training accuracy (client 4) : 0.965612 
client 4 accuracy on val: 0.895408
client 4 fairness(EO, Y) on val: 1.000300
training accuracy (client 7) : 0.775862 
client 7 accuracy on val: 0.728300
client 7 fairness(EO, Y) on val: 0.918400
training accuracy (client 9) : 0.905217 
client 9 accuracy on val: 0.893003
client 9 fairness(EO, Y) on val: 1.014400
training accuracy (client 11) : 0.808333 
client 11 accuracy on val: 0.712190
client 11 fairness(EO, Y) on val: 0.793400
training accuracy (client 14) : 0.968526 
client 14 accuracy on val: 0.902140
client 14 fairness(EO, Y) on val: 0.951600
training accuracy (client 20) : 0.846801 
client 20 accuracy on val: 0.859101
client 20 fairness(EO, Y) on val: 1.090800
global model accuracy on val: 0.899976
global model fairness(EO, Y) on val: 0.997900
global model accuracy on test: 0.888675
global model fairness(EO, Y) on test: 0.987200
------------ run = 7; t = 50; F_Global = 0.9979, Privileged = Y ------------
training accuracy (client 7) : 0.788462 
client 7 accuracy on val: 0.731426
client 7 fairness(EO, Y) on val: 0.809100
training accuracy (client 9) : 0.711538 
client 9 accuracy on val: 0.746333
client 9 fairness(EO, Y) on val: 0.908200
training accuracy (client 12) : 0.967811 
client 12 accuracy on val: 0.902621
client 12 fairness(EO, Y) on val: 0.927500
training accuracy (client 15) : 0.701923 
client 15 accuracy on val: 0.743929
client 15 fairness(EO, Y) on val: 0.890600
training accuracy (client 16) : 0.683333 
client 16 accuracy on val: 0.730945
client 16 fairness(EO, Y) on val: 0.902100
training accuracy (client 21) : 0.808333 
client 21 accuracy on val: 0.718442
client 21 fairness(EO, Y) on val: 0.799200
global model accuracy on val: 0.900938
global model fairness(EO, Y) on val: 0.992300
global model accuracy on test: 0.889877
global model fairness(EO, Y) on test: 0.982500
----------------Done (FLAlgMain)----------------
