Alg.: FairFateVC; Client dataset: today_20230531\dataset_EO_run_9; client Count: 10
----------------(start loading 10 client datasets from today_20230531\dataset_EO_run_9)----------------
----------------(successfully loading 10 client datasets and server testing data from today_20230531\dataset_EO_run_9)----------------
----------------Execute (FLAlgMain)----------------
----------------(start running algorithm)----------------
global model accuracy on val: 0.425102
global model fairness(EO, N) on val: 0.900000
------------ run = 10; t = 1; F_Global = 0.9, Privileged = N ------------
training accuracy (client 4) : 0.972468 
client 4 accuracy on val: 0.872085
client 4 fairness(EO, N) on val: 2.100800
training accuracy (client 5) : 0.772436 
client 5 accuracy on val: 0.517192
client 5 fairness(EO, N) on val: 1.514300
training accuracy (client 8) : 0.869028 
client 8 accuracy on val: 0.890839
client 8 fairness(EO, N) on val: 0.972700
global model accuracy on val: 0.893724
global model fairness(EO, Y) on val: 0.897600
global model accuracy on test: 0.886511
global model fairness(EO, Y) on test: 0.858500
------------ run = 10; t = 2; F_Global = 0.8976, Privileged = Y ------------
training accuracy (client 2) : 0.142857 
client 2 accuracy on val: 0.889156
client 2 fairness(EO, Y) on val: 0.846500
training accuracy (client 3) : 0.941801 
client 3 accuracy on val: 0.894686
client 3 fairness(EO, Y) on val: 0.704000
training accuracy (client 6) : 1.000000 
client 6 accuracy on val: 0.896129
client 6 fairness(EO, Y) on val: 0.996000
global model accuracy on val: 0.899736
global model fairness(EO, Y) on val: 0.874000
global model accuracy on test: 0.893724
global model fairness(EO, Y) on test: 0.845500
------------ run = 10; t = 3; F_Global = 0.874, Privileged = Y ------------
training accuracy (client 7) : 0.993355 
client 7 accuracy on val: 0.895408
client 7 fairness(EO, Y) on val: 1.000000
training accuracy (client 8) : 0.941254 
client 8 accuracy on val: 0.848762
client 8 fairness(EO, Y) on val: 0.259000
training accuracy (client 10) : 0.940089 
client 10 accuracy on val: 0.893724
client 10 fairness(EO, Y) on val: 0.692000
global model accuracy on val: 0.903583
global model fairness(EO, Y) on val: 0.910000
global model accuracy on test: 0.894205
global model fairness(EO, Y) on test: 0.843200
------------ run = 10; t = 4; F_Global = 0.91, Privileged = Y ------------
training accuracy (client 1) : 0.855346 
client 1 accuracy on val: 0.403462
client 1 fairness(EO, Y) on val: 1.306900
training accuracy (client 4) : 1.000000 
client 4 accuracy on val: 0.898774
client 4 fairness(EO, Y) on val: 0.990000
training accuracy (client 7) : 0.993355 
client 7 accuracy on val: 0.895408
client 7 fairness(EO, Y) on val: 1.000000
global model accuracy on val: 0.899736
global model fairness(EO, Y) on val: 0.982000
global model accuracy on test: 0.891560
global model fairness(EO, Y) on test: 0.963600
------------ run = 10; t = 5; F_Global = 0.982, Privileged = Y ------------
training accuracy (client 1) : 0.872117 
client 1 accuracy on val: 0.362587
client 1 fairness(EO, Y) on val: 1.902800
training accuracy (client 5) : 0.956287 
client 5 accuracy on val: 0.896129
client 5 fairness(EO, Y) on val: 1.000600
training accuracy (client 7) : 0.993355 
client 7 accuracy on val: 0.895408
client 7 fairness(EO, Y) on val: 1.000000
global model accuracy on val: 0.896369
global model fairness(EO, Y) on val: 0.996000
global model accuracy on test: 0.892282
global model fairness(EO, Y) on test: 0.988600
------------ run = 10; t = 6; F_Global = 0.996, Privileged = Y ------------
training accuracy (client 1) : 0.874214 
client 1 accuracy on val: 0.335177
client 1 fairness(EO, Y) on val: 2.588500
training accuracy (client 8) : 0.000000 
client 8 accuracy on val: 0.898533
client 8 fairness(EO, Y) on val: 0.990000
training accuracy (client 10) : 0.938720 
client 10 accuracy on val: 0.895648
client 10 fairness(EO, Y) on val: 0.710000
global model accuracy on val: 0.903102
global model fairness(EO, Y) on val: 0.936000
global model accuracy on test: 0.897331
global model fairness(EO, Y) on test: 0.911400
------------ run = 10; t = 7; F_Global = 0.936, Privileged = Y ------------
training accuracy (client 1) : 0.872117 
client 1 accuracy on val: 0.308488
client 1 fairness(EO, Y) on val: 2.903200
training accuracy (client 4) : 1.000000 
client 4 accuracy on val: 0.896129
client 4 fairness(EO, Y) on val: 0.998000
training accuracy (client 8) : 0.941254 
client 8 accuracy on val: 0.853330
client 8 fairness(EO, Y) on val: 0.301100
global model accuracy on val: 0.898293
global model fairness(EO, Y) on val: 0.747400
global model accuracy on test: 0.888435
global model fairness(EO, Y) on test: 0.667300
------------ run = 10; t = 8; F_Global = 0.7474, Privileged = Y ------------
training accuracy (client 4) : 1.000000 
client 4 accuracy on val: 0.896369
client 4 fairness(EO, Y) on val: 0.996000
training accuracy (client 8) : 0.142857 
client 8 accuracy on val: 0.893965
client 8 fairness(EO, Y) on val: 0.685700
training accuracy (client 9) : 0.939747 
client 9 accuracy on val: 0.888675
client 9 fairness(EO, Y) on val: 0.640000
global model accuracy on val: 0.899014
global model fairness(EO, Y) on val: 0.758000
global model accuracy on test: 0.887232
global model fairness(EO, Y) on test: 0.665900
------------ run = 10; t = 9; F_Global = 0.758, Privileged = Y ------------
training accuracy (client 5) : 0.956287 
client 5 accuracy on val: 0.895888
client 5 fairness(EO, Y) on val: 1.000300
training accuracy (client 6) : 0.878913 
client 6 accuracy on val: 0.879057
client 6 fairness(EO, Y) on val: 1.055700
training accuracy (client 10) : 0.941458 
client 10 accuracy on val: 0.893484
client 10 fairness(EO, Y) on val: 0.690000
global model accuracy on val: 0.906468
global model fairness(EO, Y) on val: 0.914000
global model accuracy on test: 0.898774
global model fairness(EO, Y) on test: 0.872700
------------ run = 10; t = 10; F_Global = 0.914, Privileged = Y ------------
training accuracy (client 5) : 0.956287 
client 5 accuracy on val: 0.896369
client 5 fairness(EO, Y) on val: 1.001600
training accuracy (client 7) : 0.993355 
client 7 accuracy on val: 0.895408
client 7 fairness(EO, Y) on val: 1.000000
training accuracy (client 10) : 0.938720 
client 10 accuracy on val: 0.886511
client 10 fairness(EO, Y) on val: 0.620000
global model accuracy on val: 0.902861
global model fairness(EO, Y) on val: 0.956000
global model accuracy on test: 0.895167
global model fairness(EO, Y) on test: 0.938600
------------ run = 10; t = 11; F_Global = 0.956, Privileged = Y ------------
training accuracy (client 4) : 1.000000 
client 4 accuracy on val: 0.895888
client 4 fairness(EO, Y) on val: 0.998000
training accuracy (client 8) : 0.942574 
client 8 accuracy on val: 0.857177
client 8 fairness(EO, Y) on val: 0.327700
training accuracy (client 9) : 0.000000 
client 9 accuracy on val: 0.907189
client 9 fairness(EO, Y) on val: 0.914000
global model accuracy on val: 0.905266
global model fairness(EO, Y) on val: 0.872000
global model accuracy on test: 0.896850
global model fairness(EO, Y) on test: 0.825000
------------ run = 10; t = 12; F_Global = 0.872, Privileged = Y ------------
training accuracy (client 1) : 0.882600 
client 1 accuracy on val: 0.297668
client 1 fairness(EO, Y) on val: 3.165000
training accuracy (client 4) : 1.000000 
client 4 accuracy on val: 0.896610
client 4 fairness(EO, Y) on val: 0.994000
training accuracy (client 7) : 0.993355 
client 7 accuracy on val: 0.895408
client 7 fairness(EO, Y) on val: 1.000000
global model accuracy on val: 0.904063
global model fairness(EO, Y) on val: 0.930000
global model accuracy on test: 0.896850
global model fairness(EO, Y) on test: 0.904500
------------ run = 10; t = 13; F_Global = 0.93, Privileged = Y ------------
training accuracy (client 1) : 0.872117 
client 1 accuracy on val: 0.292378
client 1 fairness(EO, Y) on val: 3.169400
training accuracy (client 5) : 0.955689 
client 5 accuracy on val: 0.895888
client 5 fairness(EO, Y) on val: 1.000300
training accuracy (client 10) : 0.000000 
client 10 accuracy on val: 0.905987
client 10 fairness(EO, Y) on val: 0.868000
global model accuracy on val: 0.904544
global model fairness(EO, Y) on val: 0.950900
global model accuracy on test: 0.896369
global model fairness(EO, Y) on test: 0.918700
------------ run = 10; t = 14; F_Global = 0.9509, Privileged = Y ------------
training accuracy (client 2) : 0.972468 
client 2 accuracy on val: 0.886271
client 2 fairness(EO, Y) on val: 0.612000
training accuracy (client 7) : 0.993355 
client 7 accuracy on val: 0.895408
client 7 fairness(EO, Y) on val: 1.000000
training accuracy (client 8) : 0.939062 
client 8 accuracy on val: 0.894686
client 8 fairness(EO, Y) on val: 0.702000
global model accuracy on val: 0.901659
global model fairness(EO, Y) on val: 0.974000
global model accuracy on test: 0.894205
global model fairness(EO, Y) on test: 0.959100
------------ run = 10; t = 15; F_Global = 0.974, Privileged = Y ------------
training accuracy (client 2) : 0.772436 
client 2 accuracy on val: 0.586680
client 2 fairness(EO, Y) on val: 0.909200
training accuracy (client 4) : 0.955090 
client 4 accuracy on val: 0.896129
client 4 fairness(EO, Y) on val: 1.000300
training accuracy (client 6) : 0.993355 
client 6 accuracy on val: 0.895408
client 6 fairness(EO, Y) on val: 1.000000
global model accuracy on val: 0.898052
global model fairness(EO, Y) on val: 0.994000
global model accuracy on test: 0.892763
global model fairness(EO, Y) on test: 0.984100
------------ run = 10; t = 16; F_Global = 0.994, Privileged = Y ------------
training accuracy (client 2) : 1.000000 
client 2 accuracy on val: 0.895648
client 2 fairness(EO, Y) on val: 1.000000
training accuracy (client 3) : 0.956886 
client 3 accuracy on val: 0.896129
client 3 fairness(EO, Y) on val: 1.000600
training accuracy (client 7) : 0.000000 
client 7 accuracy on val: 0.902380
client 7 fairness(EO, Y) on val: 0.974000
global model accuracy on val: 0.896369
global model fairness(EO, Y) on val: 0.994000
global model accuracy on test: 0.891801
global model fairness(EO, Y) on test: 0.988600
------------ run = 10; t = 17; F_Global = 0.994, Privileged = Y ------------
training accuracy (client 1) : 0.874214 
client 1 accuracy on val: 0.291176
client 1 fairness(EO, Y) on val: 3.686400
training accuracy (client 2) : 1.000000 
client 2 accuracy on val: 0.895408
client 2 fairness(EO, Y) on val: 0.998000
training accuracy (client 8) : 0.940089 
client 8 accuracy on val: 0.897812
client 8 fairness(EO, Y) on val: 0.734000
global model accuracy on val: 0.901178
global model fairness(EO, Y) on val: 0.984000
global model accuracy on test: 0.895167
global model fairness(EO, Y) on test: 0.979500
------------ run = 10; t = 18; F_Global = 0.984, Privileged = Y ------------
training accuracy (client 3) : 0.956886 
client 3 accuracy on val: 0.896369
client 3 fairness(EO, Y) on val: 1.001200
training accuracy (client 6) : 0.943234 
client 6 accuracy on val: 0.854773
client 6 fairness(EO, Y) on val: 0.299800
training accuracy (client 11) : 0.941801 
client 11 accuracy on val: 0.885069
client 11 fairness(EO, Y) on val: 0.598000
global model accuracy on val: 0.900938
global model fairness(EO, Y) on val: 0.984000
global model accuracy on test: 0.895408
global model fairness(EO, Y) on test: 0.979500
------------ run = 10; t = 19; F_Global = 0.984, Privileged = Y ------------
training accuracy (client 1) : 0.878407 
client 1 accuracy on val: 0.288531
client 1 fairness(EO, Y) on val: 3.479900
training accuracy (client 7) : 0.730769 
client 7 accuracy on val: 0.727098
client 7 fairness(EO, Y) on val: 0.728500
training accuracy (client 10) : 0.944554 
client 10 accuracy on val: 0.855013
client 10 fairness(EO, Y) on val: 0.312800
global model accuracy on val: 0.908872
global model fairness(EO, Y) on val: 0.932100
global model accuracy on test: 0.895648
global model fairness(EO, Y) on test: 0.910900
------------ run = 10; t = 20; F_Global = 0.9321, Privileged = Y ------------
training accuracy (client 1) : 0.876310 
client 1 accuracy on val: 0.278673
client 1 fairness(EO, Y) on val: 3.592800
training accuracy (client 8) : 0.142857 
client 8 accuracy on val: 0.909353
client 8 fairness(EO, Y) on val: 0.911900
training accuracy (client 11) : 0.943234 
client 11 accuracy on val: 0.850926
client 11 fairness(EO, Y) on val: 0.278500
global model accuracy on val: 0.888916
global model fairness(EO, Y) on val: 0.876100
global model accuracy on test: 0.881943
global model fairness(EO, Y) on test: 0.847300
------------ run = 10; t = 21; F_Global = 0.8761, Privileged = Y ------------
training accuracy (client 1) : 0.878407 
client 1 accuracy on val: 0.280596
client 1 fairness(EO, Y) on val: 3.296200
training accuracy (client 5) : 0.992881 
client 5 accuracy on val: 0.895408
client 5 fairness(EO, Y) on val: 1.000000
training accuracy (client 8) : 0.940774 
client 8 accuracy on val: 0.898052
client 8 fairness(EO, Y) on val: 0.736000
global model accuracy on val: 0.889637
global model fairness(EO, Y) on val: 0.889900
global model accuracy on test: 0.881462
global model fairness(EO, Y) on test: 0.853400
------------ run = 10; t = 22; F_Global = 0.8899, Privileged = Y ------------
training accuracy (client 3) : 0.955689 
client 3 accuracy on val: 0.896129
client 3 fairness(EO, Y) on val: 1.000900
training accuracy (client 4) : 0.877265 
client 4 accuracy on val: 0.887473
client 4 fairness(EO, Y) on val: 1.039000
training accuracy (client 8) : 0.775641 
client 8 accuracy on val: 0.654965
client 8 fairness(EO, Y) on val: 0.860600
global model accuracy on val: 0.899014
global model fairness(EO, Y) on val: 0.978000
global model accuracy on test: 0.887232
global model fairness(EO, Y) on test: 0.954000
------------ run = 10; t = 23; F_Global = 0.978, Privileged = Y ------------
training accuracy (client 4) : 0.878089 
client 4 accuracy on val: 0.875932
client 4 fairness(EO, Y) on val: 1.061200
training accuracy (client 7) : 0.814103 
client 7 accuracy on val: 0.519115
client 7 fairness(EO, Y) on val: 0.648100
training accuracy (client 10) : 0.940774 
client 10 accuracy on val: 0.882905
client 10 fairness(EO, Y) on val: 0.580000
global model accuracy on val: 0.903583
global model fairness(EO, Y) on val: 0.990900
global model accuracy on test: 0.890358
global model fairness(EO, Y) on test: 0.988600
------------ run = 10; t = 24; F_Global = 0.9909, Privileged = Y ------------
training accuracy (client 1) : 0.878407 
client 1 accuracy on val: 0.283001
client 1 fairness(EO, Y) on val: 3.744400
training accuracy (client 8) : 0.941254 
client 8 accuracy on val: 0.850204
client 8 fairness(EO, Y) on val: 0.272700
training accuracy (client 11) : 0.941801 
client 11 accuracy on val: 0.892041
client 11 fairness(EO, Y) on val: 0.676000
global model accuracy on val: 0.880260
global model fairness(EO, Y) on val: 0.975500
global model accuracy on test: 0.873768
global model fairness(EO, Y) on test: 0.964100
------------ run = 10; t = 25; F_Global = 0.9755, Privileged = Y ------------
training accuracy (client 3) : 0.954491 
client 3 accuracy on val: 0.895888
client 3 fairness(EO, Y) on val: 1.000300
training accuracy (client 6) : 0.972468 
client 6 accuracy on val: 0.887473
client 6 fairness(EO, Y) on val: 0.624000
training accuracy (client 7) : 0.142857 
client 7 accuracy on val: 0.862707
client 7 fairness(EO, Y) on val: 0.995400
global model accuracy on val: 0.897812
global model fairness(EO, Y) on val: 0.975300
global model accuracy on test: 0.886511
global model fairness(EO, Y) on test: 0.952900
------------ run = 10; t = 26; F_Global = 0.9753, Privileged = Y ------------
training accuracy (client 3) : 0.956287 
client 3 accuracy on val: 0.896610
client 3 fairness(EO, Y) on val: 1.001600
training accuracy (client 5) : 0.993355 
client 5 accuracy on val: 0.895408
client 5 fairness(EO, Y) on val: 1.000000
training accuracy (client 11) : 0.972468 
client 11 accuracy on val: 0.887713
client 11 fairness(EO, Y) on val: 0.632000
global model accuracy on val: 0.902140
global model fairness(EO, Y) on val: 0.984300
global model accuracy on test: 0.897331
global model fairness(EO, Y) on test: 0.980900
------------ run = 10; t = 27; F_Global = 0.9843, Privileged = Y ------------
training accuracy (client 2) : 1.000000 
client 2 accuracy on val: 0.895648
client 2 fairness(EO, Y) on val: 1.000000
training accuracy (client 7) : 0.782051 
client 7 accuracy on val: 0.681414
client 7 fairness(EO, Y) on val: 0.868900
training accuracy (client 11) : 0.972468 
client 11 accuracy on val: 0.888435
client 11 fairness(EO, Y) on val: 0.646000
global model accuracy on val: 0.901178
global model fairness(EO, Y) on val: 0.980000
global model accuracy on test: 0.895408
global model fairness(EO, Y) on test: 0.972700
------------ run = 10; t = 28; F_Global = 0.98, Privileged = Y ------------
training accuracy (client 8) : 0.945215 
client 8 accuracy on val: 0.853811
client 8 fairness(EO, Y) on val: 0.285100
training accuracy (client 9) : 0.942143 
client 9 accuracy on val: 0.882424
client 9 fairness(EO, Y) on val: 0.572000
training accuracy (client 11) : 0.972468 
client 11 accuracy on val: 0.889156
client 11 fairness(EO, Y) on val: 0.654000
global model accuracy on val: 0.902621
global model fairness(EO, Y) on val: 0.958000
global model accuracy on test: 0.895888
global model fairness(EO, Y) on test: 0.940900
------------ run = 10; t = 29; F_Global = 0.958, Privileged = Y ------------
training accuracy (client 1) : 0.878407 
client 1 accuracy on val: 0.274104
client 1 fairness(EO, Y) on val: 3.596300
training accuracy (client 4) : 0.879736 
client 4 accuracy on val: 0.873287
client 4 fairness(EO, Y) on val: 1.065100
training accuracy (client 6) : 0.000000 
client 6 accuracy on val: 0.906227
client 6 fairness(EO, Y) on val: 0.921100
global model accuracy on val: 0.905025
global model fairness(EO, Y) on val: 0.963900
global model accuracy on test: 0.890839
global model fairness(EO, Y) on test: 0.941200
------------ run = 10; t = 30; F_Global = 0.9639, Privileged = Y ------------
training accuracy (client 3) : 0.955090 
client 3 accuracy on val: 0.896129
client 3 fairness(EO, Y) on val: 1.000000
training accuracy (client 6) : 0.820513 
client 6 accuracy on val: 0.487136
client 6 fairness(EO, Y) on val: 0.659900
training accuracy (client 10) : 0.972960 
client 10 accuracy on val: 0.887473
client 10 fairness(EO, Y) on val: 0.622000
global model accuracy on val: 0.903583
global model fairness(EO, Y) on val: 0.981800
global model accuracy on test: 0.895888
global model fairness(EO, Y) on test: 0.984200
------------ run = 10; t = 31; F_Global = 0.9818, Privileged = Y ------------
training accuracy (client 3) : 0.955689 
client 3 accuracy on val: 0.896129
client 3 fairness(EO, Y) on val: 1.000300
training accuracy (client 6) : 0.782051 
client 6 accuracy on val: 0.665785
client 6 fairness(EO, Y) on val: 0.903000
training accuracy (client 8) : 0.941116 
client 8 accuracy on val: 0.888194
client 8 fairness(EO, Y) on val: 0.636000
global model accuracy on val: 0.900216
global model fairness(EO, Y) on val: 0.996500
global model accuracy on test: 0.895167
global model fairness(EO, Y) on test: 0.985900
------------ run = 10; t = 32; F_Global = 0.9965, Privileged = Y ------------
training accuracy (client 5) : 0.993355 
client 5 accuracy on val: 0.895408
client 5 fairness(EO, Y) on val: 1.000000
training accuracy (client 8) : 0.801282 
client 8 accuracy on val: 0.547247
client 8 fairness(EO, Y) on val: 0.624600
training accuracy (client 9) : 0.972468 
client 9 accuracy on val: 0.889396
client 9 fairness(EO, Y) on val: 0.656000
global model accuracy on val: 0.895648
global model fairness(EO, Y) on val: 0.996000
global model accuracy on test: 0.892282
global model fairness(EO, Y) on test: 0.995500
------------ run = 10; t = 33; F_Global = 0.996, Privileged = Y ------------
training accuracy (client 3) : 0.955689 
client 3 accuracy on val: 0.896610
client 3 fairness(EO, Y) on val: 1.001200
training accuracy (client 5) : 0.992881 
client 5 accuracy on val: 0.895408
client 5 fairness(EO, Y) on val: 1.000000
training accuracy (client 9) : 0.941801 
client 9 accuracy on val: 0.887954
client 9 fairness(EO, Y) on val: 0.630000
global model accuracy on val: 0.895648
global model fairness(EO, Y) on val: 0.000000
global model accuracy on test: 0.892282
global model fairness(EO, Y) on test: 0.000000
------------ run = 10; t = 34; F_Global = 0, Privileged = Y ------------
training accuracy (client 6) : 0.941914 
client 6 accuracy on val: 0.857418
client 6 fairness(EO, Y) on val: 0.325300
training accuracy (client 7) : 0.000000 
client 7 accuracy on val: 0.898293
client 7 fairness(EO, Y) on val: 0.994000
training accuracy (client 8) : 0.762821 
client 8 accuracy on val: 0.711710
client 8 fairness(EO, Y) on val: 0.791900
global model accuracy on val: 0.902380
global model fairness(EO, Y) on val: 0.968000
global model accuracy on test: 0.895888
global model fairness(EO, Y) on test: 0.954500
------------ run = 10; t = 35; F_Global = 0.968, Privileged = Y ------------
training accuracy (client 4) : 0.875618 
client 4 accuracy on val: 0.877374
client 4 fairness(EO, Y) on val: 1.058400
training accuracy (client 10) : 0.972468 
client 10 accuracy on val: 0.889396
client 10 fairness(EO, Y) on val: 0.654000
training accuracy (client 11) : 0.939747 
client 11 accuracy on val: 0.884107
client 11 fairness(EO, Y) on val: 0.590000
global model accuracy on val: 0.901178
global model fairness(EO, Y) on val: 0.989200
global model accuracy on test: 0.894686
global model fairness(EO, Y) on test: 0.980700
------------ run = 10; t = 36; F_Global = 0.9892, Privileged = Y ------------
training accuracy (client 2) : 1.000000 
client 2 accuracy on val: 0.895648
client 2 fairness(EO, Y) on val: 1.000000
training accuracy (client 3) : 0.955090 
client 3 accuracy on val: 0.896129
client 3 fairness(EO, Y) on val: 1.002500
training accuracy (client 4) : 0.879736 
client 4 accuracy on val: 0.872806
client 4 fairness(EO, Y) on val: 1.065100
global model accuracy on val: 0.897091
global model fairness(EO, Y) on val: 0.994900
global model accuracy on test: 0.894205
global model fairness(EO, Y) on test: 0.994400
------------ run = 10; t = 37; F_Global = 0.9949, Privileged = Y ------------
training accuracy (client 2) : 1.000000 
client 2 accuracy on val: 0.895648
client 2 fairness(EO, Y) on val: 1.000000
training accuracy (client 3) : 0.955090 
client 3 accuracy on val: 0.896369
client 3 fairness(EO, Y) on val: 1.002200
training accuracy (client 6) : 0.942574 
client 6 accuracy on val: 0.855494
client 6 fairness(EO, Y) on val: 0.309200
global model accuracy on val: 0.896850
global model fairness(EO, Y) on val: 0.994000
global model accuracy on test: 0.894446
global model fairness(EO, Y) on test: 0.993200
------------ run = 10; t = 38; F_Global = 0.994, Privileged = Y ------------
training accuracy (client 1) : 0.880503 
client 1 accuracy on val: 0.280115
client 1 fairness(EO, Y) on val: 4.021200
training accuracy (client 4) : 0.878913 
client 4 accuracy on val: 0.875932
client 4 fairness(EO, Y) on val: 1.058800
training accuracy (client 7) : 0.769231 
client 7 accuracy on val: 0.696321
client 7 fairness(EO, Y) on val: 0.831800
global model accuracy on val: 0.881702
global model fairness(EO, N) on val: 0.965200
global model accuracy on test: 0.878577
global model fairness(EO, N) on test: 0.963200
------------ run = 10; t = 39; F_Global = 0.9652, Privileged = N ------------
training accuracy (client 3) : 0.955090 
client 3 accuracy on val: 0.896129
client 3 fairness(EO, N) on val: 0.998800
training accuracy (client 8) : 0.972960 
client 8 accuracy on val: 0.886752
client 8 fairness(EO, N) on val: 1.655600
training accuracy (client 9) : 0.943512 
client 9 accuracy on val: 0.899014
client 9 fairness(EO, N) on val: 1.340500
global model accuracy on val: 0.906468
global model fairness(EO, Y) on val: 0.953800
global model accuracy on test: 0.897331
global model fairness(EO, Y) on test: 0.933800
------------ run = 10; t = 40; F_Global = 0.9538, Privileged = Y ------------
training accuracy (client 4) : 0.878913 
client 4 accuracy on val: 0.877615
client 4 fairness(EO, Y) on val: 1.057700
training accuracy (client 5) : 0.993355 
client 5 accuracy on val: 0.895408
client 5 fairness(EO, Y) on val: 1.000000
training accuracy (client 7) : 0.820513 
client 7 accuracy on val: 0.499158
client 7 fairness(EO, Y) on val: 0.646500
global model accuracy on val: 0.896129
global model fairness(EO, Y) on val: 0.994000
global model accuracy on test: 0.893484
global model fairness(EO, Y) on test: 0.997700
------------ run = 10; t = 41; F_Global = 0.994, Privileged = Y ------------
training accuracy (client 2) : 1.000000 
client 2 accuracy on val: 0.895408
client 2 fairness(EO, Y) on val: 1.000000
training accuracy (client 4) : 0.879736 
client 4 accuracy on val: 0.875451
client 4 fairness(EO, Y) on val: 1.059500
training accuracy (client 11) : 0.794872 
client 11 accuracy on val: 0.523443
client 11 fairness(EO, Y) on val: 0.649600
global model accuracy on val: 0.896129
global model fairness(EO, Y) on val: 0.998000
global model accuracy on test: 0.893965
global model fairness(EO, Y) on test: 0.000000
------------ run = 10; t = 42; F_Global = 0.998, Privileged = Y ------------
training accuracy (client 7) : 0.972468 
client 7 accuracy on val: 0.889156
client 7 fairness(EO, Y) on val: 0.654000
training accuracy (client 9) : 0.942574 
client 9 accuracy on val: 0.855975
client 9 fairness(EO, Y) on val: 0.317200
training accuracy (client 11) : 0.814103 
client 11 accuracy on val: 0.512864
client 11 fairness(EO, Y) on val: 0.654700
global model accuracy on val: 0.897091
global model fairness(EO, Y) on val: 0.994000
global model accuracy on test: 0.894927
global model fairness(EO, Y) on test: 0.993200
------------ run = 10; t = 43; F_Global = 0.994, Privileged = Y ------------
training accuracy (client 4) : 0.880560 
client 4 accuracy on val: 0.882905
client 4 fairness(EO, Y) on val: 1.047800
training accuracy (client 6) : 0.000000 
client 6 accuracy on val: 0.903102
client 6 fairness(EO, Y) on val: 0.989100
training accuracy (client 11) : 0.807692 
client 11 accuracy on val: 0.515989
client 11 fairness(EO, Y) on val: 0.635400
global model accuracy on val: 0.900216
global model fairness(EO, N) on val: 0.994200
global model accuracy on test: 0.890839
global model fairness(EO, N) on test: 0.988700
------------ run = 10; t = 44; F_Global = 0.9942, Privileged = N ------------
training accuracy (client 3) : 0.956287 
client 3 accuracy on val: 0.896610
client 3 fairness(EO, N) on val: 0.998800
training accuracy (client 9) : 0.942574 
client 9 accuracy on val: 0.854773
client 9 fairness(EO, N) on val: 3.322000
training accuracy (client 10) : 0.000000 
client 10 accuracy on val: 0.890118
client 10 fairness(EO, N) on val: 0.973900
global model accuracy on val: 0.907189
global model fairness(EO, Y) on val: 0.927500
global model accuracy on test: 0.896369
global model fairness(EO, Y) on test: 0.899600
------------ run = 10; t = 45; F_Global = 0.9275, Privileged = Y ------------
training accuracy (client 1) : 0.870021 
client 1 accuracy on val: 0.287810
client 1 fairness(EO, Y) on val: 3.161800
training accuracy (client 2) : 1.000000 
client 2 accuracy on val: 0.895408
client 2 fairness(EO, Y) on val: 1.000000
training accuracy (client 3) : 0.955689 
client 3 accuracy on val: 0.896610
client 3 fairness(EO, Y) on val: 1.001200
global model accuracy on val: 0.872325
global model fairness(EO, Y) on val: 0.985000
global model accuracy on test: 0.864150
global model fairness(EO, Y) on test: 0.965200
------------ run = 10; t = 46; F_Global = 0.985, Privileged = Y ------------
training accuracy (client 3) : 0.955090 
client 3 accuracy on val: 0.896610
client 3 fairness(EO, Y) on val: 1.000300
training accuracy (client 6) : 0.941458 
client 6 accuracy on val: 0.890358
client 6 fairness(EO, Y) on val: 0.656000
training accuracy (client 11) : 0.142857 
client 11 accuracy on val: 0.850926
client 11 fairness(EO, Y) on val: 1.031600
global model accuracy on val: 0.903823
global model fairness(EO, Y) on val: 0.990800
global model accuracy on test: 0.891080
global model fairness(EO, Y) on test: 0.996300
------------ run = 10; t = 47; F_Global = 0.9908, Privileged = Y ------------
training accuracy (client 4) : 0.883031 
client 4 accuracy on val: 0.880260
client 4 fairness(EO, Y) on val: 1.049400
training accuracy (client 5) : 0.993355 
client 5 accuracy on val: 0.895408
client 5 fairness(EO, Y) on val: 1.000000
training accuracy (client 10) : 0.142857 
client 10 accuracy on val: 0.892522
client 10 fairness(EO, Y) on val: 1.009900
global model accuracy on val: 0.896369
global model fairness(EO, Y) on val: 0.000000
global model accuracy on test: 0.893724
global model fairness(EO, N) on test: 0.999700
------------ run = 10; t = 48; F_Global = 0, Privileged = Y ------------
training accuracy (client 3) : 0.954491 
client 3 accuracy on val: 0.896610
client 3 fairness(EO, Y) on val: 1.000300
training accuracy (client 6) : 0.782051 
client 6 accuracy on val: 0.648233
client 6 fairness(EO, Y) on val: 0.948200
training accuracy (client 11) : 0.938035 
client 11 accuracy on val: 0.892041
client 11 fairness(EO, Y) on val: 0.668000
global model accuracy on val: 0.905266
global model fairness(EO, Y) on val: 0.953000
global model accuracy on test: 0.898293
global model fairness(EO, Y) on test: 0.944100
------------ run = 10; t = 49; F_Global = 0.953, Privileged = Y ------------
training accuracy (client 4) : 0.883855 
client 4 accuracy on val: 0.871844
client 4 fairness(EO, Y) on val: 1.066800
training accuracy (client 7) : 0.972468 
client 7 accuracy on val: 0.888675
client 7 fairness(EO, Y) on val: 0.638000
training accuracy (client 11) : 0.942143 
client 11 accuracy on val: 0.881462
client 11 fairness(EO, Y) on val: 0.566000
global model accuracy on val: 0.887954
global model fairness(EO, N) on val: 0.973100
global model accuracy on test: 0.885790
global model fairness(EO, N) on test: 0.963400
------------ run = 10; t = 50; F_Global = 0.9731, Privileged = N ------------
training accuracy (client 1) : 0.870021 
client 1 accuracy on val: 0.272902
client 1 fairness(EO, N) on val: 0.197300
training accuracy (client 6) : 0.769231 
client 6 accuracy on val: 0.652561
client 6 fairness(EO, N) on val: 1.025100
training accuracy (client 8) : 0.826923 
client 8 accuracy on val: 0.472469
client 8 fairness(EO, N) on val: 1.324900
global model accuracy on val: 0.552777
global model fairness(EO, Y) on val: 0.916700
global model accuracy on test: 0.543881
global model fairness(EO, Y) on test: 0.911700
----------------Done (FLAlgMain)----------------
