Alg.: FairFateVC; Client dataset: today_20230531\dataset_SP_run_7; client Count: 10
----------------(start loading 10 client datasets from today_20230531\dataset_SP_run_7)----------------
----------------(successfully loading 10 client datasets and server testing data from today_20230531\dataset_SP_run_7)----------------
----------------Execute (FLAlgMain)----------------
----------------(start running algorithm)----------------
global model accuracy on val: 0.485213
global model fairness(SP, N) on val: 0.623200
------------ run = 8; t = 1; F_Global = 0.6232, Privileged = N ------------
training accuracy (client 5) : 0.983325 
client 5 accuracy on val: 0.892282
client 5 fairness(SP, N) on val: 1.000000
training accuracy (client 6) : 0.928030 
client 6 accuracy on val: 0.893003
client 6 fairness(SP, N) on val: 1.001000
training accuracy (client 7) : 0.990860 
client 7 accuracy on val: 0.892282
client 7 fairness(SP, N) on val: 1.000000
global model accuracy on val: 0.891801
global model fairness(SP, Y) on val: 0.987600
global model accuracy on test: 0.889877
global model fairness(SP, Y) on test: 0.988100
------------ run = 8; t = 2; F_Global = 0.9876, Privileged = Y ------------
training accuracy (client 3) : 0.825167 
client 3 accuracy on val: 0.809329
client 3 fairness(SP, Y) on val: 0.378900
training accuracy (client 5) : 0.982835 
client 5 accuracy on val: 0.892282
client 5 fairness(SP, Y) on val: 1.000000
training accuracy (client 7) : 0.990860 
client 7 accuracy on val: 0.892282
client 7 fairness(SP, Y) on val: 1.000000
global model accuracy on val: 0.892763
global model fairness(SP, Y) on val: 0.997000
global model accuracy on test: 0.889637
global model fairness(SP, Y) on test: 0.992700
------------ run = 8; t = 3; F_Global = 0.997, Privileged = Y ------------
training accuracy (client 1) : 0.913979 
client 1 accuracy on val: 0.809329
client 1 fairness(SP, Y) on val: 0.233400
training accuracy (client 8) : 0.756198 
client 8 accuracy on val: 0.728300
client 8 fairness(SP, Y) on val: 0.558800
training accuracy (client 9) : 0.829091 
client 9 accuracy on val: 0.341188
client 9 fairness(SP, Y) on val: 1.560100
global model accuracy on val: 0.854532
global model fairness(SP, Y) on val: 0.800800
global model accuracy on test: 0.866554
global model fairness(SP, Y) on test: 0.784700
------------ run = 8; t = 4; F_Global = 0.8008, Privileged = Y ------------
training accuracy (client 3) : 0.982835 
client 3 accuracy on val: 0.892282
client 3 fairness(SP, Y) on val: 1.000000
training accuracy (client 4) : 0.930303 
client 4 accuracy on val: 0.892763
client 4 fairness(SP, Y) on val: 0.998600
training accuracy (client 6) : 0.743902 
client 6 accuracy on val: 0.657370
client 6 fairness(SP, Y) on val: 0.434800
global model accuracy on val: 0.894927
global model fairness(SP, Y) on val: 0.960800
global model accuracy on test: 0.892041
global model fairness(SP, Y) on test: 0.954100
------------ run = 8; t = 5; F_Global = 0.9608, Privileged = Y ------------
training accuracy (client 1) : 0.982206 
client 1 accuracy on val: 0.892282
client 1 fairness(SP, Y) on val: 1.000000
training accuracy (client 7) : 0.830735 
client 7 accuracy on val: 0.811734
client 7 fairness(SP, Y) on val: 0.388600
training accuracy (client 8) : 0.924731 
client 8 accuracy on val: 0.785766
client 8 fairness(SP, Y) on val: 0.228200
global model accuracy on val: 0.896850
global model fairness(SP, Y) on val: 0.854700
global model accuracy on test: 0.896129
global model fairness(SP, Y) on test: 0.828500
------------ run = 8; t = 6; F_Global = 0.8547, Privileged = Y ------------
training accuracy (client 4) : 0.930303 
client 4 accuracy on val: 0.893244
client 4 fairness(SP, Y) on val: 1.000900
training accuracy (client 5) : 0.990860 
client 5 accuracy on val: 0.892282
client 5 fairness(SP, Y) on val: 1.000000
training accuracy (client 8) : 0.713415 
client 8 accuracy on val: 0.693917
client 8 fairness(SP, Y) on val: 0.406400
global model accuracy on val: 0.895888
global model fairness(SP, Y) on val: 0.966300
global model accuracy on test: 0.891320
global model fairness(SP, Y) on test: 0.949500
------------ run = 8; t = 7; F_Global = 0.9663, Privileged = Y ------------
training accuracy (client 2) : 0.844388 
client 2 accuracy on val: 0.624669
client 2 fairness(SP, Y) on val: 0.253400
training accuracy (client 4) : 0.931061 
client 4 accuracy on val: 0.893244
client 4 fairness(SP, Y) on val: 1.001500
training accuracy (client 7) : 0.764463 
client 7 accuracy on val: 0.712190
client 7 fairness(SP, Y) on val: 0.503400
global model accuracy on val: 0.898293
global model fairness(SP, Y) on val: 0.923300
global model accuracy on test: 0.893724
global model fairness(SP, Y) on test: 0.916200
------------ run = 8; t = 8; F_Global = 0.9233, Privileged = Y ------------
training accuracy (client 3) : 0.931818 
client 3 accuracy on val: 0.893724
client 3 fairness(SP, Y) on val: 1.002100
training accuracy (client 8) : 0.713415 
client 8 accuracy on val: 0.697043
client 8 fairness(SP, Y) on val: 0.413100
training accuracy (client 9) : 0.846939 
client 9 accuracy on val: 0.612407
client 9 fairness(SP, Y) on val: 0.260900
global model accuracy on val: 0.898774
global model fairness(SP, Y) on val: 0.910500
global model accuracy on test: 0.897572
global model fairness(SP, Y) on test: 0.893900
------------ run = 8; t = 9; F_Global = 0.9105, Privileged = Y ------------
training accuracy (client 3) : 0.931818 
client 3 accuracy on val: 0.893244
client 3 fairness(SP, Y) on val: 1.002600
training accuracy (client 5) : 0.838182 
client 5 accuracy on val: 0.306083
client 5 fairness(SP, Y) on val: 1.636400
training accuracy (client 8) : 0.785124 
client 8 accuracy on val: 0.696321
client 8 fairness(SP, Y) on val: 0.570300
global model accuracy on val: 0.884828
global model fairness(SP, Y) on val: 0.915500
global model accuracy on test: 0.887713
global model fairness(SP, Y) on test: 0.897500
------------ run = 8; t = 10; F_Global = 0.9155, Privileged = Y ------------
training accuracy (client 1) : 0.982206 
client 1 accuracy on val: 0.892282
client 1 fairness(SP, Y) on val: 1.000000
training accuracy (client 3) : 0.931818 
client 3 accuracy on val: 0.893244
client 3 fairness(SP, Y) on val: 1.002100
training accuracy (client 5) : 0.829091 
client 5 accuracy on val: 0.303919
client 5 fairness(SP, Y) on val: 1.573700
global model accuracy on val: 0.884828
global model fairness(SP, Y) on val: 0.948800
global model accuracy on test: 0.885790
global model fairness(SP, Y) on test: 0.933000
------------ run = 8; t = 11; F_Global = 0.9488, Privileged = Y ------------
training accuracy (client 2) : 0.982835 
client 2 accuracy on val: 0.892282
client 2 fairness(SP, Y) on val: 1.000000
training accuracy (client 7) : 0.919355 
client 7 accuracy on val: 0.771339
client 7 fairness(SP, Y) on val: 0.198200
training accuracy (client 10) : 0.793388 
client 10 accuracy on val: 0.673479
client 10 fairness(SP, Y) on val: 0.620800
global model accuracy on val: 0.895167
global model fairness(SP, Y) on val: 0.990200
global model accuracy on test: 0.892522
global model fairness(SP, Y) on test: 0.973600
------------ run = 8; t = 12; F_Global = 0.9902, Privileged = Y ------------
training accuracy (client 4) : 0.990860 
client 4 accuracy on val: 0.892282
client 4 fairness(SP, Y) on val: 1.000000
training accuracy (client 5) : 0.834545 
client 5 accuracy on val: 0.298389
client 5 fairness(SP, Y) on val: 1.653700
training accuracy (client 9) : 0.924731 
client 9 accuracy on val: 0.777591
client 9 fairness(SP, Y) on val: 0.203300
global model accuracy on val: 0.894205
global model fairness(SP, Y) on val: 0.985900
global model accuracy on test: 0.892522
global model fairness(SP, Y) on test: 0.967400
------------ run = 8; t = 13; F_Global = 0.9859, Privileged = Y ------------
training accuracy (client 4) : 0.990860 
client 4 accuracy on val: 0.892282
client 4 fairness(SP, Y) on val: 1.000000
training accuracy (client 6) : 0.831849 
client 6 accuracy on val: 0.810531
client 6 fairness(SP, Y) on val: 0.396200
training accuracy (client 7) : 0.743902 
client 7 accuracy on val: 0.678048
client 7 fairness(SP, Y) on val: 0.418100
global model accuracy on val: 0.893724
global model fairness(SP, Y) on val: 0.993900
global model accuracy on test: 0.888916
global model fairness(SP, Y) on test: 0.980600
------------ run = 8; t = 14; F_Global = 0.9939, Privileged = Y ------------
training accuracy (client 2) : 0.982835 
client 2 accuracy on val: 0.892282
client 2 fairness(SP, Y) on val: 1.000000
training accuracy (client 4) : 0.990860 
client 4 accuracy on val: 0.892282
client 4 fairness(SP, Y) on val: 1.000000
training accuracy (client 7) : 0.780992 
client 7 accuracy on val: 0.699447
client 7 fairness(SP, Y) on val: 0.561700
global model accuracy on val: 0.892282
global model fairness(SP, Y) on val: 0.998800
global model accuracy on test: 0.889156
global model fairness(SP, Y) on test: 0.997400
------------ run = 8; t = 15; F_Global = 0.9988, Privileged = Y ------------
training accuracy (client 5) : 0.836364 
client 5 accuracy on val: 0.301996
client 5 fairness(SP, Y) on val: 1.572000
training accuracy (client 6) : 0.844388 
client 6 accuracy on val: 0.609522
client 6 fairness(SP, Y) on val: 0.240400
training accuracy (client 8) : 0.831849 
client 8 accuracy on val: 0.806203
client 8 fairness(SP, Y) on val: 0.403600
global model accuracy on val: 0.896850
global model fairness(SP, Y) on val: 0.951000
global model accuracy on test: 0.894686
global model fairness(SP, Y) on test: 0.938500
------------ run = 8; t = 16; F_Global = 0.951, Privileged = Y ------------
training accuracy (client 2) : 0.982835 
client 2 accuracy on val: 0.892282
client 2 fairness(SP, Y) on val: 1.000000
training accuracy (client 4) : 0.990860 
client 4 accuracy on val: 0.892282
client 4 fairness(SP, Y) on val: 1.000000
training accuracy (client 8) : 0.793388 
client 8 accuracy on val: 0.678048
client 8 fairness(SP, Y) on val: 0.572700
global model accuracy on val: 0.894927
global model fairness(SP, Y) on val: 0.985600
global model accuracy on test: 0.891080
global model fairness(SP, Y) on test: 0.972600
------------ run = 8; t = 17; F_Global = 0.9856, Privileged = Y ------------
training accuracy (client 3) : 0.931818 
client 3 accuracy on val: 0.892763
client 3 fairness(SP, Y) on val: 1.005500
training accuracy (client 6) : 0.924731 
client 6 accuracy on val: 0.784323
client 6 fairness(SP, Y) on val: 0.170200
training accuracy (client 10) : 0.789256 
client 10 accuracy on val: 0.681173
client 10 fairness(SP, Y) on val: 0.575200
global model accuracy on val: 0.896129
global model fairness(SP, Y) on val: 0.986900
global model accuracy on test: 0.892522
global model fairness(SP, Y) on test: 0.969500
------------ run = 8; t = 18; F_Global = 0.9869, Privileged = Y ------------
training accuracy (client 2) : 0.982835 
client 2 accuracy on val: 0.892282
client 2 fairness(SP, Y) on val: 1.000000
training accuracy (client 6) : 0.762195 
client 6 accuracy on val: 0.671796
client 6 fairness(SP, Y) on val: 0.384500
training accuracy (client 8) : 0.822940 
client 8 accuracy on val: 0.804280
client 8 fairness(SP, Y) on val: 0.401100
global model accuracy on val: 0.893724
global model fairness(SP, Y) on val: 0.995700
global model accuracy on test: 0.890118
global model fairness(SP, Y) on test: 0.990800
------------ run = 8; t = 19; F_Global = 0.9957, Privileged = Y ------------
training accuracy (client 3) : 0.928788 
client 3 accuracy on val: 0.892763
client 3 fairness(SP, Y) on val: 1.003800
training accuracy (client 5) : 0.832727 
client 5 accuracy on val: 0.294302
client 5 fairness(SP, Y) on val: 1.614400
training accuracy (client 7) : 0.924731 
client 7 accuracy on val: 0.782400
client 7 fairness(SP, Y) on val: 0.178300
global model accuracy on val: 0.895167
global model fairness(SP, Y) on val: 0.992600
global model accuracy on test: 0.892763
global model fairness(SP, Y) on test: 0.975000
------------ run = 8; t = 20; F_Global = 0.9926, Privileged = Y ------------
training accuracy (client 1) : 0.982206 
client 1 accuracy on val: 0.892282
client 1 fairness(SP, Y) on val: 1.000000
training accuracy (client 6) : 0.877551 
client 6 accuracy on val: 0.572734
client 6 fairness(SP, Y) on val: 0.222400
training accuracy (client 8) : 0.780488 
client 8 accuracy on val: 0.649195
client 8 fairness(SP, Y) on val: 0.401100
global model accuracy on val: 0.896369
global model fairness(SP, Y) on val: 0.975800
global model accuracy on test: 0.892763
global model fairness(SP, Y) on test: 0.956400
------------ run = 8; t = 21; F_Global = 0.9758, Privileged = Y ------------
training accuracy (client 2) : 0.982835 
client 2 accuracy on val: 0.892282
client 2 fairness(SP, Y) on val: 1.000000
training accuracy (client 4) : 0.990860 
client 4 accuracy on val: 0.892282
client 4 fairness(SP, Y) on val: 1.000000
training accuracy (client 9) : 0.875000 
client 9 accuracy on val: 0.572012
client 9 fairness(SP, Y) on val: 0.216900
global model accuracy on val: 0.893484
global model fairness(SP, Y) on val: 0.995400
global model accuracy on test: 0.889637
global model fairness(SP, Y) on test: 0.986800
------------ run = 8; t = 22; F_Global = 0.9954, Privileged = Y ------------
training accuracy (client 2) : 0.982835 
client 2 accuracy on val: 0.892282
client 2 fairness(SP, Y) on val: 1.000000
training accuracy (client 5) : 0.838182 
client 5 accuracy on val: 0.291416
client 5 fairness(SP, Y) on val: 1.658200
training accuracy (client 10) : 0.872449 
client 10 accuracy on val: 0.583554
client 10 fairness(SP, Y) on val: 0.219800
global model accuracy on val: 0.895648
global model fairness(SP, Y) on val: 0.990800
global model accuracy on test: 0.893484
global model fairness(SP, Y) on test: 0.975100
------------ run = 8; t = 23; F_Global = 0.9908, Privileged = Y ------------
training accuracy (client 6) : 0.801653 
client 6 accuracy on val: 0.671796
client 6 fairness(SP, Y) on val: 0.624800
training accuracy (client 7) : 0.827394 
client 7 accuracy on val: 0.807165
client 7 fairness(SP, Y) on val: 0.396900
training accuracy (client 10) : 0.875000 
client 10 accuracy on val: 0.567204
client 10 fairness(SP, Y) on val: 0.213400
global model accuracy on val: 0.895408
global model fairness(SP, Y) on val: 0.960800
global model accuracy on test: 0.896129
global model fairness(SP, Y) on test: 0.938200
------------ run = 8; t = 24; F_Global = 0.9608, Privileged = Y ------------
training accuracy (client 3) : 0.932576 
client 3 accuracy on val: 0.893244
client 3 fairness(SP, Y) on val: 1.006000
training accuracy (client 4) : 0.990860 
client 4 accuracy on val: 0.892282
client 4 fairness(SP, Y) on val: 1.000000
training accuracy (client 9) : 0.828508 
client 9 accuracy on val: 0.801875
client 9 fairness(SP, Y) on val: 0.397400
global model accuracy on val: 0.895888
global model fairness(SP, Y) on val: 0.981700
global model accuracy on test: 0.893244
global model fairness(SP, Y) on test: 0.961500
------------ run = 8; t = 25; F_Global = 0.9817, Privileged = Y ------------
training accuracy (client 2) : 0.982835 
client 2 accuracy on val: 0.892282
client 2 fairness(SP, Y) on val: 1.000000
training accuracy (client 3) : 0.931061 
client 3 accuracy on val: 0.893965
client 3 fairness(SP, Y) on val: 1.005800
training accuracy (client 7) : 0.774390 
client 7 accuracy on val: 0.651839
client 7 fairness(SP, Y) on val: 0.354200
global model accuracy on val: 0.893484
global model fairness(SP, Y) on val: 0.997200
global model accuracy on test: 0.890839
global model fairness(SP, Y) on test: 0.992900
------------ run = 8; t = 26; F_Global = 0.9972, Privileged = Y ------------
training accuracy (client 3) : 0.932576 
client 3 accuracy on val: 0.893965
client 3 fairness(SP, Y) on val: 1.006400
training accuracy (client 6) : 0.930108 
client 6 accuracy on val: 0.779755
client 6 fairness(SP, Y) on val: 0.162300
training accuracy (client 8) : 0.877551 
client 8 accuracy on val: 0.578024
client 8 fairness(SP, Y) on val: 0.213900
global model accuracy on val: 0.894446
global model fairness(SP, Y) on val: 0.995700
global model accuracy on test: 0.892041
global model fairness(SP, Y) on test: 0.985400
------------ run = 8; t = 27; F_Global = 0.9957, Privileged = Y ------------
training accuracy (client 1) : 0.982206 
client 1 accuracy on val: 0.892282
client 1 fairness(SP, Y) on val: 1.000000
training accuracy (client 3) : 0.931818 
client 3 accuracy on val: 0.894205
client 3 fairness(SP, Y) on val: 1.007200
training accuracy (client 6) : 0.797521 
client 6 accuracy on val: 0.675403
client 6 fairness(SP, Y) on val: 0.601000
global model accuracy on val: 0.893724
global model fairness(SP, Y) on val: 0.994900
global model accuracy on test: 0.891801
global model fairness(SP, Y) on test: 0.990500
------------ run = 8; t = 28; F_Global = 0.9949, Privileged = Y ------------
training accuracy (client 6) : 0.827394 
client 6 accuracy on val: 0.807887
client 6 fairness(SP, Y) on val: 0.404000
training accuracy (client 9) : 0.875000 
client 9 accuracy on val: 0.574657
client 9 fairness(SP, Y) on val: 0.212600
training accuracy (client 10) : 0.801653 
client 10 accuracy on val: 0.678769
client 10 fairness(SP, Y) on val: 0.594000
global model accuracy on val: 0.897331
global model fairness(SP, Y) on val: 0.974400
global model accuracy on test: 0.893965
global model fairness(SP, Y) on test: 0.959100
------------ run = 8; t = 29; F_Global = 0.9744, Privileged = Y ------------
training accuracy (client 1) : 0.982206 
client 1 accuracy on val: 0.892282
client 1 fairness(SP, Y) on val: 1.000000
training accuracy (client 9) : 0.877551 
client 9 accuracy on val: 0.577302
client 9 fairness(SP, Y) on val: 0.202800
training accuracy (client 10) : 0.801653 
client 10 accuracy on val: 0.680212
client 10 fairness(SP, Y) on val: 0.595600
global model accuracy on val: 0.895648
global model fairness(SP, Y) on val: 0.971000
global model accuracy on test: 0.894205
global model fairness(SP, Y) on test: 0.952100
------------ run = 8; t = 30; F_Global = 0.971, Privileged = Y ------------
training accuracy (client 4) : 0.990860 
client 4 accuracy on val: 0.892282
client 4 fairness(SP, Y) on val: 1.000000
training accuracy (client 6) : 0.780488 
client 6 accuracy on val: 0.653282
client 6 fairness(SP, Y) on val: 0.340800
training accuracy (client 8) : 0.827394 
client 8 accuracy on val: 0.804761
client 8 fairness(SP, Y) on val: 0.398800
global model accuracy on val: 0.893484
global model fairness(SP, Y) on val: 0.994200
global model accuracy on test: 0.889637
global model fairness(SP, Y) on test: 0.989700
------------ run = 8; t = 31; F_Global = 0.9942, Privileged = Y ------------
training accuracy (client 1) : 0.982206 
client 1 accuracy on val: 0.892763
client 1 fairness(SP, Y) on val: 0.997000
training accuracy (client 4) : 0.990860 
client 4 accuracy on val: 0.892282
client 4 fairness(SP, Y) on val: 1.000000
training accuracy (client 6) : 0.930108 
client 6 accuracy on val: 0.788170
client 6 fairness(SP, Y) on val: 0.144900
global model accuracy on val: 0.892522
global model fairness(SP, Y) on val: 0.998500
global model accuracy on test: 0.889156
global model fairness(SP, Y) on test: 0.998500
------------ run = 8; t = 32; F_Global = 0.9985, Privileged = Y ------------
training accuracy (client 3) : 0.929545 
client 3 accuracy on val: 0.894205
client 3 fairness(SP, Y) on val: 1.006700
training accuracy (client 5) : 0.832727 
client 5 accuracy on val: 0.289493
client 5 fairness(SP, Y) on val: 1.633800
training accuracy (client 6) : 0.872449 
client 6 accuracy on val: 0.594374
client 6 fairness(SP, Y) on val: 0.198000
global model accuracy on val: 0.895408
global model fairness(SP, Y) on val: 0.979100
global model accuracy on test: 0.893003
global model fairness(SP, Y) on test: 0.969900
------------ run = 8; t = 33; F_Global = 0.9791, Privileged = Y ------------
training accuracy (client 1) : 0.982206 
client 1 accuracy on val: 0.892282
client 1 fairness(SP, Y) on val: 1.000000
training accuracy (client 2) : 0.982835 
client 2 accuracy on val: 0.892282
client 2 fairness(SP, Y) on val: 1.000000
training accuracy (client 6) : 0.805785 
client 6 accuracy on val: 0.667468
client 6 fairness(SP, Y) on val: 0.582600
global model accuracy on val: 0.893484
global model fairness(SP, Y) on val: 0.996600
global model accuracy on test: 0.889396
global model fairness(SP, Y) on test: 0.994700
------------ run = 8; t = 34; F_Global = 0.9966, Privileged = Y ------------
training accuracy (client 3) : 0.931061 
client 3 accuracy on val: 0.892763
client 3 fairness(SP, Y) on val: 1.006200
training accuracy (client 4) : 0.990860 
client 4 accuracy on val: 0.892282
client 4 fairness(SP, Y) on val: 1.000000
training accuracy (client 9) : 0.869898 
client 9 accuracy on val: 0.568887
client 9 fairness(SP, Y) on val: 0.197900
global model accuracy on val: 0.892282
global model fairness(SP, Y) on val: 0.000000
global model accuracy on test: 0.888916
global model fairness(SP, Y) on test: 0.000000
------------ run = 8; t = 35; F_Global = 0, Privileged = Y ------------
training accuracy (client 1) : 0.982206 
client 1 accuracy on val: 0.892282
client 1 fairness(SP, Y) on val: 1.000000
training accuracy (client 3) : 0.931061 
client 3 accuracy on val: 0.893484
client 3 fairness(SP, Y) on val: 1.005200
training accuracy (client 6) : 0.768293 
client 6 accuracy on val: 0.656167
client 6 fairness(SP, Y) on val: 0.357700
global model accuracy on val: 0.893484
global model fairness(SP, Y) on val: 0.996600
global model accuracy on test: 0.889156
global model fairness(SP, Y) on test: 0.993200
------------ run = 8; t = 36; F_Global = 0.9966, Privileged = Y ------------
training accuracy (client 4) : 0.990860 
client 4 accuracy on val: 0.892282
client 4 fairness(SP, Y) on val: 1.000000
training accuracy (client 8) : 0.940860 
client 8 accuracy on val: 0.783121
client 8 fairness(SP, Y) on val: 0.140800
training accuracy (client 10) : 0.875000 
client 10 accuracy on val: 0.574657
client 10 fairness(SP, Y) on val: 0.198200
global model accuracy on val: 0.892282
global model fairness(SP, Y) on val: 0.000000
global model accuracy on test: 0.888916
global model fairness(SP, Y) on test: 0.000000
------------ run = 8; t = 37; F_Global = 0, Privileged = Y ------------
training accuracy (client 1) : 0.982206 
client 1 accuracy on val: 0.892522
client 1 fairness(SP, Y) on val: 0.998500
training accuracy (client 2) : 0.982835 
client 2 accuracy on val: 0.892282
client 2 fairness(SP, Y) on val: 1.000000
training accuracy (client 8) : 0.785124 
client 8 accuracy on val: 0.687665
client 8 fairness(SP, Y) on val: 0.573600
global model accuracy on val: 0.892282
global model fairness(SP, Y) on val: 0.000000
global model accuracy on test: 0.888916
global model fairness(SP, Y) on test: 0.000000
------------ run = 8; t = 38; F_Global = 0, Privileged = Y ------------
training accuracy (client 2) : 0.982835 
client 2 accuracy on val: 0.892282
client 2 fairness(SP, Y) on val: 1.000000
training accuracy (client 5) : 0.841818 
client 5 accuracy on val: 0.287569
client 5 fairness(SP, Y) on val: 1.556500
training accuracy (client 8) : 0.789256 
client 8 accuracy on val: 0.692715
client 8 fairness(SP, Y) on val: 0.564900
global model accuracy on val: 0.893484
global model fairness(SP, Y) on val: 0.999200
global model accuracy on test: 0.893003
global model fairness(SP, Y) on test: 0.986200
------------ run = 8; t = 39; F_Global = 0.9992, Privileged = Y ------------
training accuracy (client 4) : 0.990860 
client 4 accuracy on val: 0.892282
client 4 fairness(SP, Y) on val: 1.000000
training accuracy (client 8) : 0.801653 
client 8 accuracy on val: 0.658572
client 8 fairness(SP, Y) on val: 0.615100
training accuracy (client 9) : 0.946237 
client 9 accuracy on val: 0.774705
client 9 fairness(SP, Y) on val: 0.137300
global model accuracy on val: 0.892522
global model fairness(SP, N) on val: 0.999700
global model accuracy on test: 0.888916
global model fairness(SP, Y) on test: 0.000000
------------ run = 8; t = 40; F_Global = 0.9997, Privileged = N ------------
training accuracy (client 2) : 0.982835 
client 2 accuracy on val: 0.892282
client 2 fairness(SP, N) on val: 1.000000
training accuracy (client 5) : 0.841818 
client 5 accuracy on val: 0.285165
client 5 fairness(SP, N) on val: 0.622400
training accuracy (client 7) : 0.824053 
client 7 accuracy on val: 0.799711
client 7 fairness(SP, N) on val: 2.510300
global model accuracy on val: 0.897091
global model fairness(SP, Y) on val: 0.968700
global model accuracy on test: 0.893244
global model fairness(SP, Y) on test: 0.947300
------------ run = 8; t = 41; F_Global = 0.9687, Privileged = Y ------------
training accuracy (client 6) : 0.831849 
client 6 accuracy on val: 0.806684
client 6 fairness(SP, Y) on val: 0.391700
training accuracy (client 9) : 0.946237 
client 9 accuracy on val: 0.779033
client 9 fairness(SP, Y) on val: 0.123100
training accuracy (client 11) : 0.909091 
client 11 accuracy on val: 0.175763
client 11 fairness(SP, Y) on val: 0.864000
global model accuracy on val: 0.897572
global model fairness(SP, Y) on val: 0.925600
global model accuracy on test: 0.896610
global model fairness(SP, Y) on test: 0.898400
------------ run = 8; t = 42; F_Global = 0.9256, Privileged = Y ------------
training accuracy (client 2) : 0.982835 
client 2 accuracy on val: 0.892282
client 2 fairness(SP, Y) on val: 1.000000
training accuracy (client 5) : 0.810976 
client 5 accuracy on val: 0.621784
client 5 fairness(SP, Y) on val: 0.311900
training accuracy (client 9) : 0.828508 
client 9 accuracy on val: 0.799231
client 9 fairness(SP, Y) on val: 0.390500
global model accuracy on val: 0.892522
global model fairness(SP, N) on val: 0.999100
global model accuracy on test: 0.889156
global model fairness(SP, Y) on test: 0.997400
------------ run = 8; t = 43; F_Global = 0.9991, Privileged = N ------------
training accuracy (client 5) : 0.875000 
client 5 accuracy on val: 0.560471
client 5 fairness(SP, N) on val: 5.615000
training accuracy (client 8) : 0.940860 
client 8 accuracy on val: 0.780957
client 8 fairness(SP, N) on val: 7.369600
training accuracy (client 10) : 0.780488 
client 10 accuracy on val: 0.635008
client 10 fairness(SP, N) on val: 2.940700
global model accuracy on val: 0.842029
global model fairness(SP, Y) on val: 0.440900
global model accuracy on test: 0.848040
global model fairness(SP, Y) on test: 0.480800
------------ run = 8; t = 44; F_Global = 0.4409, Privileged = Y ------------
training accuracy (client 8) : 0.967742 
client 8 accuracy on val: 0.772541
client 8 fairness(SP, Y) on val: 0.064000
training accuracy (client 9) : 0.911765 
client 9 accuracy on val: 0.194277
client 9 fairness(SP, Y) on val: 0.359000
training accuracy (client 10) : 0.847561 
client 10 accuracy on val: 0.591969
client 10 fairness(SP, Y) on val: 0.220200
global model accuracy on val: 0.818947
global model fairness(SP, Y) on val: 0.399200
global model accuracy on test: 0.829286
global model fairness(SP, Y) on test: 0.449600
------------ run = 8; t = 45; F_Global = 0.3992, Privileged = Y ------------
training accuracy (client 2) : 0.982835 
client 2 accuracy on val: 0.892282
client 2 fairness(SP, Y) on val: 1.000000
training accuracy (client 4) : 0.990860 
client 4 accuracy on val: 0.892282
client 4 fairness(SP, Y) on val: 1.000000
training accuracy (client 8) : 0.821826 
client 8 accuracy on val: 0.805242
client 8 fairness(SP, Y) on val: 0.367300
global model accuracy on val: 0.896369
global model fairness(SP, Y) on val: 0.952400
global model accuracy on test: 0.891560
global model fairness(SP, Y) on test: 0.939200
------------ run = 8; t = 46; F_Global = 0.9524, Privileged = Y ------------
training accuracy (client 3) : 0.931818 
client 3 accuracy on val: 0.894446
client 3 fairness(SP, Y) on val: 1.008700
training accuracy (client 6) : 0.805785 
client 6 accuracy on val: 0.676124
client 6 fairness(SP, Y) on val: 0.520900
training accuracy (client 11) : 0.832962 
client 11 accuracy on val: 0.810050
client 11 fairness(SP, Y) on val: 0.379900
global model accuracy on val: 0.894446
global model fairness(SP, Y) on val: 0.988200
global model accuracy on test: 0.892282
global model fairness(SP, Y) on test: 0.988600
------------ run = 8; t = 47; F_Global = 0.9882, Privileged = Y ------------
training accuracy (client 7) : 0.946237 
client 7 accuracy on val: 0.776629
client 7 fairness(SP, Y) on val: 0.127300
training accuracy (client 8) : 0.898396 
client 8 accuracy on val: 0.159894
client 8 fairness(SP, Y) on val: 0.775800
training accuracy (client 10) : 0.801653 
client 10 accuracy on val: 0.666506
client 10 fairness(SP, Y) on val: 0.589600
global model accuracy on val: 0.897091
global model fairness(SP, Y) on val: 0.956300
global model accuracy on test: 0.894686
global model fairness(SP, Y) on test: 0.956100
------------ run = 8; t = 48; F_Global = 0.9563, Privileged = Y ------------
training accuracy (client 2) : 0.982835 
client 2 accuracy on val: 0.892282
client 2 fairness(SP, Y) on val: 1.000000
training accuracy (client 4) : 0.990860 
client 4 accuracy on val: 0.892282
client 4 fairness(SP, Y) on val: 1.000000
training accuracy (client 7) : 0.804878 
client 7 accuracy on val: 0.617937
client 7 fairness(SP, Y) on val: 0.306500
global model accuracy on val: 0.892282
global model fairness(SP, Y) on val: 0.000000
global model accuracy on test: 0.888916
global model fairness(SP, Y) on test: 0.000000
------------ run = 8; t = 49; F_Global = 0, Privileged = Y ------------
training accuracy (client 3) : 0.933333 
client 3 accuracy on val: 0.893244
client 3 fairness(SP, Y) on val: 1.010000
training accuracy (client 5) : 0.875000 
client 5 accuracy on val: 0.567444
client 5 fairness(SP, Y) on val: 0.192500
training accuracy (client 10) : 0.801653 
client 10 accuracy on val: 0.686223
client 10 fairness(SP, Y) on val: 0.580800
global model accuracy on val: 0.869199
global model fairness(SP, Y) on val: 0.886200
global model accuracy on test: 0.872806
global model fairness(SP, Y) on test: 0.881500
------------ run = 8; t = 50; F_Global = 0.8862, Privileged = Y ------------
training accuracy (client 1) : 0.982206 
client 1 accuracy on val: 0.892282
client 1 fairness(SP, Y) on val: 1.000000
training accuracy (client 6) : 0.750000 
client 6 accuracy on val: 0.653763
client 6 fairness(SP, Y) on val: 0.819400
training accuracy (client 8) : 0.956989 
client 8 accuracy on val: 0.769656
client 8 fairness(SP, Y) on val: 0.110100
global model accuracy on val: 0.892282
global model fairness(SP, Y) on val: 0.000000
global model accuracy on test: 0.889156
global model fairness(SP, Y) on test: 0.998500
----------------Done (FLAlgMain)----------------
