------------Execute (split_train_val_test)------------
rTrain: 0.6, rVal: 0.2, rTest: 0.2, alpha: 0.5, num_clients: 10
Total number of data row in law.csv: 20798
Total number of Training datasets: 12480
Total number of Testing datasets: 4159
Total number of Validation datasets: 4159
ratio :
[[3.33582810e-02 4.53915857e-02 4.37849593e-02 2.65332339e-01
  7.95767944e-02 1.90802176e-01 3.88187348e-02 9.52334977e-02
  9.64051322e-02 1.11296499e-01]
 [1.87776734e-02 1.49677631e-01 9.88976649e-05 1.72675219e-01
  8.09910592e-02 1.49159048e-02 3.46791673e-01 1.02840144e-01
  2.33710293e-02 8.98607694e-02]
 [2.32320402e-02 8.42967763e-03 1.58499055e-01 2.89233528e-02
  1.19339061e-01 1.13857844e-01 9.74214960e-02 3.83671889e-01
  1.67549596e-02 4.98706250e-02]
 [1.20092527e-04 1.47465565e-02 6.18484690e-01 1.21101564e-02
  4.01928431e-03 1.72301105e-02 1.54125064e-02 2.47841898e-01
  2.23048657e-02 4.77298399e-02]]
Total number of data row in dataset: 12480
Total number of clients datasets: 10
----------------(start splitting client datasets from adult_used.csv)----------------
client 1 training data (371, 12)
client 2 training data (584, 12)
client 3 training data (979, 12)
client 4 training data (2755, 12)
client 5 training data (1010, 12)
client 6 training data (2025, 12)
client 7 training data (818, 12)
client 8 training data (1690, 12)
client 9 training data (984, 12)
client 10 training data (1264, 12)
----------------(finish splitting client datasets took 0.4019608497619629)----------------
------------Done (split_train_val_test)------------
